[2023-07-25 20:34:54,695] {taskinstance.py:1179} INFO - Dependencies all met for <TaskInstance: fetch_exchange_rates_dag.fetch_exchange_rates_task scheduled__2023-07-25T04:30:00+00:00 [queued]>
[2023-07-25 20:34:54,710] {taskinstance.py:1179} INFO - Dependencies all met for <TaskInstance: fetch_exchange_rates_dag.fetch_exchange_rates_task scheduled__2023-07-25T04:30:00+00:00 [queued]>
[2023-07-25 20:34:54,712] {taskinstance.py:1376} INFO - 
--------------------------------------------------------------------------------
[2023-07-25 20:34:54,713] {taskinstance.py:1377} INFO - Starting attempt 1 of 1
[2023-07-25 20:34:54,714] {taskinstance.py:1378} INFO - 
--------------------------------------------------------------------------------
[2023-07-25 20:34:54,746] {taskinstance.py:1397} INFO - Executing <Task(PythonOperator): fetch_exchange_rates_task> on 2023-07-25 04:30:00+00:00
[2023-07-25 20:34:54,755] {standard_task_runner.py:52} INFO - Started process 8877 to run task
[2023-07-25 20:34:54,764] {standard_task_runner.py:79} INFO - Running: ['***', 'tasks', 'run', 'fetch_exchange_rates_dag', 'fetch_exchange_rates_task', 'scheduled__2023-07-25T04:30:00+00:00', '--job-id', '120', '--raw', '--subdir', 'DAGS_FOLDER/my_calc_rates.py', '--cfg-path', '/tmp/tmpna59tsdj', '--error-file', '/tmp/tmpyk25ybqc']
[2023-07-25 20:34:54,767] {standard_task_runner.py:80} INFO - Job 120: Subtask fetch_exchange_rates_task
[2023-07-25 20:34:54,940] {task_command.py:371} INFO - Running <TaskInstance: fetch_exchange_rates_dag.fetch_exchange_rates_task scheduled__2023-07-25T04:30:00+00:00 [running]> on host 661c8d62a693
[2023-07-25 20:34:55,069] {taskinstance.py:1591} INFO - Exporting the following env vars:
AIRFLOW_CTX_DAG_OWNER=marina_z
AIRFLOW_CTX_DAG_ID=fetch_exchange_rates_dag
AIRFLOW_CTX_TASK_ID=fetch_exchange_rates_task
AIRFLOW_CTX_EXECUTION_DATE=2023-07-25T04:30:00+00:00
AIRFLOW_CTX_TRY_NUMBER=1
AIRFLOW_CTX_DAG_RUN_ID=scheduled__2023-07-25T04:30:00+00:00
[2023-07-25 20:34:56,618] {taskinstance.py:1909} ERROR - Task failed with exception
Traceback (most recent call last):
  File "/home/airflow/.local/lib/python3.7/site-packages/airflow/operators/python.py", line 171, in execute
    return_value = self.execute_callable()
  File "/home/airflow/.local/lib/python3.7/site-packages/airflow/operators/python.py", line 189, in execute_callable
    return self.python_callable(*self.op_args, **self.op_kwargs)
  File "/opt/airflow/dags/my_calc_rates.py", line 69, in fetch_exchange_rates
    load_to_postgres = PostgresOperator(
NameError: name 'PostgresOperator' is not defined
[2023-07-25 20:34:56,628] {taskinstance.py:1420} INFO - Marking task as FAILED. dag_id=fetch_exchange_rates_dag, task_id=fetch_exchange_rates_task, execution_date=20230725T043000, start_date=20230725T203454, end_date=20230725T203456
[2023-07-25 20:34:56,637] {standard_task_runner.py:97} ERROR - Failed to execute job 120 for task fetch_exchange_rates_task (name 'PostgresOperator' is not defined; 8877)
[2023-07-25 20:34:56,658] {local_task_job.py:156} INFO - Task exited with return code 1
[2023-07-25 20:34:56,736] {local_task_job.py:273} INFO - 0 downstream tasks scheduled from follow-on schedule check
[2023-07-26 05:03:53,056] {taskinstance.py:1179} INFO - Dependencies all met for <TaskInstance: fetch_exchange_rates_dag.fetch_exchange_rates_task scheduled__2023-07-25T04:30:00+00:00 [queued]>
[2023-07-26 05:03:53,141] {taskinstance.py:1179} INFO - Dependencies all met for <TaskInstance: fetch_exchange_rates_dag.fetch_exchange_rates_task scheduled__2023-07-25T04:30:00+00:00 [queued]>
[2023-07-26 05:03:53,145] {taskinstance.py:1376} INFO - 
--------------------------------------------------------------------------------
[2023-07-26 05:03:53,148] {taskinstance.py:1377} INFO - Starting attempt 1 of 1
[2023-07-26 05:03:53,150] {taskinstance.py:1378} INFO - 
--------------------------------------------------------------------------------
[2023-07-26 05:03:53,239] {taskinstance.py:1397} INFO - Executing <Task(PythonOperator): fetch_exchange_rates_task> on 2023-07-25 04:30:00+00:00
[2023-07-26 05:03:53,259] {standard_task_runner.py:52} INFO - Started process 461 to run task
[2023-07-26 05:03:53,263] {standard_task_runner.py:79} INFO - Running: ['***', 'tasks', 'run', 'fetch_exchange_rates_dag', 'fetch_exchange_rates_task', 'scheduled__2023-07-25T04:30:00+00:00', '--job-id', '85', '--raw', '--subdir', 'DAGS_FOLDER/my_calc_rates.py', '--cfg-path', '/tmp/tmpjmwkjrmp', '--error-file', '/tmp/tmp_693j3_x']
[2023-07-26 05:03:53,295] {standard_task_runner.py:80} INFO - Job 85: Subtask fetch_exchange_rates_task
[2023-07-26 05:03:53,781] {task_command.py:371} INFO - Running <TaskInstance: fetch_exchange_rates_dag.fetch_exchange_rates_task scheduled__2023-07-25T04:30:00+00:00 [running]> on host acb6bca32630
[2023-07-26 05:03:54,429] {taskinstance.py:1591} INFO - Exporting the following env vars:
AIRFLOW_CTX_DAG_OWNER=marina_z
AIRFLOW_CTX_DAG_ID=fetch_exchange_rates_dag
AIRFLOW_CTX_TASK_ID=fetch_exchange_rates_task
AIRFLOW_CTX_EXECUTION_DATE=2023-07-25T04:30:00+00:00
AIRFLOW_CTX_TRY_NUMBER=1
AIRFLOW_CTX_DAG_RUN_ID=scheduled__2023-07-25T04:30:00+00:00
[2023-07-26 05:03:55,043] {logging_mixin.py:115} INFO - Save a new file exchange_latest_BTC.csv
[2023-07-26 05:03:55,052] {logging_mixin.py:115} INFO - Create a new table exchange_latest_BTC
[2023-07-26 05:03:55,082] {logging_mixin.py:115} INFO - Insert into table exchange_latest_BTC
[2023-07-26 05:03:55,654] {logging_mixin.py:115} INFO - Save a new file exchange_latest_EUR.csv
[2023-07-26 05:03:55,660] {logging_mixin.py:115} INFO - Create a new table exchange_latest_EUR
[2023-07-26 05:03:55,669] {logging_mixin.py:115} INFO - Insert into table exchange_latest_EUR
[2023-07-26 05:03:56,496] {logging_mixin.py:115} INFO - Save a new file exchange_latest_GBR.csv
[2023-07-26 05:03:56,498] {logging_mixin.py:115} INFO - Create a new table exchange_latest_GBR
[2023-07-26 05:03:56,506] {logging_mixin.py:115} INFO - Insert into table exchange_latest_GBR
[2023-07-26 05:03:57,016] {logging_mixin.py:115} INFO - Save a new file exchange_latest_JPY.csv
[2023-07-26 05:03:57,023] {logging_mixin.py:115} INFO - Create a new table exchange_latest_JPY
[2023-07-26 05:03:57,047] {logging_mixin.py:115} INFO - Insert into table exchange_latest_JPY
[2023-07-26 05:03:57,440] {logging_mixin.py:115} INFO - Save a new file exchange_latest_CNY.csv
[2023-07-26 05:03:57,451] {logging_mixin.py:115} INFO - Create a new table exchange_latest_CNY
[2023-07-26 05:03:57,465] {logging_mixin.py:115} INFO - Insert into table exchange_latest_CNY
[2023-07-26 05:03:57,481] {python.py:173} INFO - Done. Returned value was: None
[2023-07-26 05:03:57,515] {taskinstance.py:1420} INFO - Marking task as SUCCESS. dag_id=fetch_exchange_rates_dag, task_id=fetch_exchange_rates_task, execution_date=20230725T043000, start_date=20230726T050353, end_date=20230726T050357
[2023-07-26 05:03:57,657] {local_task_job.py:156} INFO - Task exited with return code 0
[2023-07-26 05:03:57,986] {local_task_job.py:273} INFO - 0 downstream tasks scheduled from follow-on schedule check
