[2023-07-26 03:29:29,787] {taskinstance.py:1179} INFO - Dependencies all met for <TaskInstance: fetch_exchange_rates_dag.fetch_exchange_rates_task manual__2023-07-26T03:29:27.299394+00:00 [queued]>
[2023-07-26 03:29:29,796] {taskinstance.py:1179} INFO - Dependencies all met for <TaskInstance: fetch_exchange_rates_dag.fetch_exchange_rates_task manual__2023-07-26T03:29:27.299394+00:00 [queued]>
[2023-07-26 03:29:29,796] {taskinstance.py:1376} INFO - 
--------------------------------------------------------------------------------
[2023-07-26 03:29:29,797] {taskinstance.py:1377} INFO - Starting attempt 1 of 1
[2023-07-26 03:29:29,797] {taskinstance.py:1378} INFO - 
--------------------------------------------------------------------------------
[2023-07-26 03:29:29,809] {taskinstance.py:1397} INFO - Executing <Task(PythonOperator): fetch_exchange_rates_task> on 2023-07-26 03:29:27.299394+00:00
[2023-07-26 03:29:29,814] {standard_task_runner.py:52} INFO - Started process 4517 to run task
[2023-07-26 03:29:29,816] {standard_task_runner.py:79} INFO - Running: ['***', 'tasks', 'run', 'fetch_exchange_rates_dag', 'fetch_exchange_rates_task', 'manual__2023-07-26T03:29:27.299394+00:00', '--job-id', '19', '--raw', '--subdir', 'DAGS_FOLDER/my_calc_rates.py', '--cfg-path', '/tmp/tmp0nc9c642', '--error-file', '/tmp/tmpy1n_osp6']
[2023-07-26 03:29:29,818] {standard_task_runner.py:80} INFO - Job 19: Subtask fetch_exchange_rates_task
[2023-07-26 03:29:29,878] {task_command.py:371} INFO - Running <TaskInstance: fetch_exchange_rates_dag.fetch_exchange_rates_task manual__2023-07-26T03:29:27.299394+00:00 [running]> on host 6e11a261c833
[2023-07-26 03:29:29,931] {taskinstance.py:1591} INFO - Exporting the following env vars:
AIRFLOW_CTX_DAG_OWNER=marina_z
AIRFLOW_CTX_DAG_ID=fetch_exchange_rates_dag
AIRFLOW_CTX_TASK_ID=fetch_exchange_rates_task
AIRFLOW_CTX_EXECUTION_DATE=2023-07-26T03:29:27.299394+00:00
AIRFLOW_CTX_TRY_NUMBER=1
AIRFLOW_CTX_DAG_RUN_ID=manual__2023-07-26T03:29:27.299394+00:00
[2023-07-26 03:29:30,298] {logging_mixin.py:115} INFO - Save a new table exchange_latest_BTC.csv
[2023-07-26 03:29:30,299] {logging_mixin.py:115} INFO - Create a new table exchange_latest_BTC.csv
[2023-07-26 03:29:30,305] {logging_mixin.py:115} INFO - Insert into table exchange_latest_BTC.csv
[2023-07-26 03:29:30,601] {logging_mixin.py:115} INFO - Save a new table exchange_latest_EUR.csv
[2023-07-26 03:29:30,602] {logging_mixin.py:115} INFO - Create a new table exchange_latest_EUR.csv
[2023-07-26 03:29:30,606] {logging_mixin.py:115} INFO - Insert into table exchange_latest_EUR.csv
[2023-07-26 03:29:30,905] {logging_mixin.py:115} INFO - Save a new table exchange_latest_GBR.csv
[2023-07-26 03:29:30,906] {logging_mixin.py:115} INFO - Create a new table exchange_latest_GBR.csv
[2023-07-26 03:29:30,913] {logging_mixin.py:115} INFO - Insert into table exchange_latest_GBR.csv
[2023-07-26 03:29:31,216] {logging_mixin.py:115} INFO - Save a new table exchange_latest_JPY.csv
[2023-07-26 03:29:31,216] {logging_mixin.py:115} INFO - Create a new table exchange_latest_JPY.csv
[2023-07-26 03:29:31,222] {logging_mixin.py:115} INFO - Insert into table exchange_latest_JPY.csv
[2023-07-26 03:29:31,603] {logging_mixin.py:115} INFO - Save a new table exchange_latest_CNY.csv
[2023-07-26 03:29:31,605] {logging_mixin.py:115} INFO - Create a new table exchange_latest_CNY.csv
[2023-07-26 03:29:31,619] {logging_mixin.py:115} INFO - Insert into table exchange_latest_CNY.csv
[2023-07-26 03:29:31,635] {python.py:173} INFO - Done. Returned value was: None
[2023-07-26 03:29:31,649] {taskinstance.py:1420} INFO - Marking task as SUCCESS. dag_id=fetch_exchange_rates_dag, task_id=fetch_exchange_rates_task, execution_date=20230726T032927, start_date=20230726T032929, end_date=20230726T032931
[2023-07-26 03:29:31,678] {local_task_job.py:156} INFO - Task exited with return code 0
[2023-07-26 03:29:31,708] {local_task_job.py:273} INFO - 1 downstream tasks scheduled from follow-on schedule check
