[2023-07-26 04:41:30,424] {taskinstance.py:1179} INFO - Dependencies all met for <TaskInstance: fetch_exchange_rates_dag.bash_task manual__2023-07-26T04:41:29.468244+00:00 [queued]>
[2023-07-26 04:41:30,433] {taskinstance.py:1179} INFO - Dependencies all met for <TaskInstance: fetch_exchange_rates_dag.bash_task manual__2023-07-26T04:41:29.468244+00:00 [queued]>
[2023-07-26 04:41:30,433] {taskinstance.py:1376} INFO - 
--------------------------------------------------------------------------------
[2023-07-26 04:41:30,434] {taskinstance.py:1377} INFO - Starting attempt 1 of 1
[2023-07-26 04:41:30,435] {taskinstance.py:1378} INFO - 
--------------------------------------------------------------------------------
[2023-07-26 04:41:30,444] {taskinstance.py:1397} INFO - Executing <Task(BashOperator): bash_task> on 2023-07-26 04:41:29.468244+00:00
[2023-07-26 04:41:30,450] {standard_task_runner.py:52} INFO - Started process 8420 to run task
[2023-07-26 04:41:30,453] {standard_task_runner.py:79} INFO - Running: ['***', 'tasks', 'run', 'fetch_exchange_rates_dag', 'bash_task', 'manual__2023-07-26T04:41:29.468244+00:00', '--job-id', '137', '--raw', '--subdir', 'DAGS_FOLDER/my_calc_rates.py', '--cfg-path', '/tmp/tmpxoodzpjx', '--error-file', '/tmp/tmpgmyr10q_']
[2023-07-26 04:41:30,454] {standard_task_runner.py:80} INFO - Job 137: Subtask bash_task
[2023-07-26 04:41:30,511] {task_command.py:371} INFO - Running <TaskInstance: fetch_exchange_rates_dag.bash_task manual__2023-07-26T04:41:29.468244+00:00 [running]> on host 6e11a261c833
[2023-07-26 04:41:30,569] {taskinstance.py:1591} INFO - Exporting the following env vars:
AIRFLOW_CTX_DAG_OWNER=***
AIRFLOW_CTX_DAG_ID=fetch_exchange_rates_dag
AIRFLOW_CTX_TASK_ID=bash_task
AIRFLOW_CTX_EXECUTION_DATE=2023-07-26T04:41:29.468244+00:00
AIRFLOW_CTX_TRY_NUMBER=1
AIRFLOW_CTX_DAG_RUN_ID=manual__2023-07-26T04:41:29.468244+00:00
[2023-07-26 04:41:30,571] {subprocess.py:62} INFO - Tmp dir root location: 
 /tmp
[2023-07-26 04:41:30,572] {subprocess.py:74} INFO - Running command: ['bash', '-c', 'echo "Good morning my diggers!"']
[2023-07-26 04:41:30,584] {subprocess.py:85} INFO - Output:
[2023-07-26 04:41:30,585] {subprocess.py:92} INFO - Good morning my diggers!
[2023-07-26 04:41:30,586] {subprocess.py:96} INFO - Command exited with return code 0
[2023-07-26 04:41:30,615] {taskinstance.py:1420} INFO - Marking task as SUCCESS. dag_id=fetch_exchange_rates_dag, task_id=bash_task, execution_date=20230726T044129, start_date=20230726T044130, end_date=20230726T044130
[2023-07-26 04:41:30,666] {local_task_job.py:156} INFO - Task exited with return code 0
[2023-07-26 04:41:30,704] {local_task_job.py:273} INFO - 1 downstream tasks scheduled from follow-on schedule check
