[2023-07-25 20:38:24,514] {taskinstance.py:1179} INFO - Dependencies all met for <TaskInstance: fetch_exchange_rates_dag.fetch_exchange_rates_task scheduled__2023-07-25T12:50:00+00:00 [queued]>
[2023-07-25 20:38:24,530] {taskinstance.py:1179} INFO - Dependencies all met for <TaskInstance: fetch_exchange_rates_dag.fetch_exchange_rates_task scheduled__2023-07-25T12:50:00+00:00 [queued]>
[2023-07-25 20:38:24,531] {taskinstance.py:1376} INFO - 
--------------------------------------------------------------------------------
[2023-07-25 20:38:24,532] {taskinstance.py:1377} INFO - Starting attempt 1 of 1
[2023-07-25 20:38:24,532] {taskinstance.py:1378} INFO - 
--------------------------------------------------------------------------------
[2023-07-25 20:38:24,561] {taskinstance.py:1397} INFO - Executing <Task(PythonOperator): fetch_exchange_rates_task> on 2023-07-25 12:50:00+00:00
[2023-07-25 20:38:24,567] {standard_task_runner.py:52} INFO - Started process 9209 to run task
[2023-07-25 20:38:24,577] {standard_task_runner.py:79} INFO - Running: ['***', 'tasks', 'run', 'fetch_exchange_rates_dag', 'fetch_exchange_rates_task', 'scheduled__2023-07-25T12:50:00+00:00', '--job-id', '175', '--raw', '--subdir', 'DAGS_FOLDER/my_calc_rates.py', '--cfg-path', '/tmp/tmpqr0asevl', '--error-file', '/tmp/tmpu67ezn_1']
[2023-07-25 20:38:24,579] {standard_task_runner.py:80} INFO - Job 175: Subtask fetch_exchange_rates_task
[2023-07-25 20:38:24,689] {task_command.py:371} INFO - Running <TaskInstance: fetch_exchange_rates_dag.fetch_exchange_rates_task scheduled__2023-07-25T12:50:00+00:00 [running]> on host 661c8d62a693
[2023-07-25 20:38:24,861] {taskinstance.py:1591} INFO - Exporting the following env vars:
AIRFLOW_CTX_DAG_OWNER=marina_z
AIRFLOW_CTX_DAG_ID=fetch_exchange_rates_dag
AIRFLOW_CTX_TASK_ID=fetch_exchange_rates_task
AIRFLOW_CTX_EXECUTION_DATE=2023-07-25T12:50:00+00:00
AIRFLOW_CTX_TRY_NUMBER=1
AIRFLOW_CTX_DAG_RUN_ID=scheduled__2023-07-25T12:50:00+00:00
[2023-07-25 20:38:26,658] {taskinstance.py:1909} ERROR - Task failed with exception
Traceback (most recent call last):
  File "/home/airflow/.local/lib/python3.7/site-packages/airflow/operators/python.py", line 171, in execute
    return_value = self.execute_callable()
  File "/home/airflow/.local/lib/python3.7/site-packages/airflow/operators/python.py", line 189, in execute_callable
    return self.python_callable(*self.op_args, **self.op_kwargs)
  File "/opt/airflow/dags/my_calc_rates.py", line 69, in fetch_exchange_rates
    load_to_postgres = PostgresOperator(
NameError: name 'PostgresOperator' is not defined
[2023-07-25 20:38:26,697] {taskinstance.py:1420} INFO - Marking task as FAILED. dag_id=fetch_exchange_rates_dag, task_id=fetch_exchange_rates_task, execution_date=20230725T125000, start_date=20230725T203824, end_date=20230725T203826
[2023-07-25 20:38:26,715] {standard_task_runner.py:97} ERROR - Failed to execute job 175 for task fetch_exchange_rates_task (name 'PostgresOperator' is not defined; 9209)
[2023-07-25 20:38:26,745] {local_task_job.py:156} INFO - Task exited with return code 1
[2023-07-25 20:38:26,820] {local_task_job.py:273} INFO - 0 downstream tasks scheduled from follow-on schedule check
[2023-07-26 05:05:23,146] {taskinstance.py:1179} INFO - Dependencies all met for <TaskInstance: fetch_exchange_rates_dag.fetch_exchange_rates_task scheduled__2023-07-25T12:50:00+00:00 [queued]>
[2023-07-26 05:05:23,227] {taskinstance.py:1179} INFO - Dependencies all met for <TaskInstance: fetch_exchange_rates_dag.fetch_exchange_rates_task scheduled__2023-07-25T12:50:00+00:00 [queued]>
[2023-07-26 05:05:23,230] {taskinstance.py:1376} INFO - 
--------------------------------------------------------------------------------
[2023-07-26 05:05:23,232] {taskinstance.py:1377} INFO - Starting attempt 1 of 1
[2023-07-26 05:05:23,233] {taskinstance.py:1378} INFO - 
--------------------------------------------------------------------------------
[2023-07-26 05:05:23,312] {taskinstance.py:1397} INFO - Executing <Task(PythonOperator): fetch_exchange_rates_task> on 2023-07-25 12:50:00+00:00
[2023-07-26 05:05:23,317] {standard_task_runner.py:52} INFO - Started process 1130 to run task
[2023-07-26 05:05:23,349] {standard_task_runner.py:79} INFO - Running: ['***', 'tasks', 'run', 'fetch_exchange_rates_dag', 'fetch_exchange_rates_task', 'scheduled__2023-07-25T12:50:00+00:00', '--job-id', '272', '--raw', '--subdir', 'DAGS_FOLDER/my_calc_rates.py', '--cfg-path', '/tmp/tmphbm4fryv', '--error-file', '/tmp/tmpi3qys9pb']
[2023-07-26 05:05:23,417] {standard_task_runner.py:80} INFO - Job 272: Subtask fetch_exchange_rates_task
[2023-07-26 05:05:23,942] {task_command.py:371} INFO - Running <TaskInstance: fetch_exchange_rates_dag.fetch_exchange_rates_task scheduled__2023-07-25T12:50:00+00:00 [running]> on host acb6bca32630
[2023-07-26 05:05:24,506] {taskinstance.py:1591} INFO - Exporting the following env vars:
AIRFLOW_CTX_DAG_OWNER=marina_z
AIRFLOW_CTX_DAG_ID=fetch_exchange_rates_dag
AIRFLOW_CTX_TASK_ID=fetch_exchange_rates_task
AIRFLOW_CTX_EXECUTION_DATE=2023-07-25T12:50:00+00:00
AIRFLOW_CTX_TRY_NUMBER=1
AIRFLOW_CTX_DAG_RUN_ID=scheduled__2023-07-25T12:50:00+00:00
[2023-07-26 05:05:24,952] {logging_mixin.py:115} INFO - Save a new file exchange_latest_BTC.csv
[2023-07-26 05:05:24,955] {logging_mixin.py:115} INFO - Create a new table exchange_latest_BTC
[2023-07-26 05:05:24,970] {logging_mixin.py:115} INFO - Insert into table exchange_latest_BTC
[2023-07-26 05:05:25,355] {logging_mixin.py:115} INFO - Save a new file exchange_latest_EUR.csv
[2023-07-26 05:05:25,358] {logging_mixin.py:115} INFO - Create a new table exchange_latest_EUR
[2023-07-26 05:05:25,416] {logging_mixin.py:115} INFO - Insert into table exchange_latest_EUR
[2023-07-26 05:05:25,826] {logging_mixin.py:115} INFO - Save a new file exchange_latest_GBR.csv
[2023-07-26 05:05:25,828] {logging_mixin.py:115} INFO - Create a new table exchange_latest_GBR
[2023-07-26 05:05:25,841] {logging_mixin.py:115} INFO - Insert into table exchange_latest_GBR
[2023-07-26 05:05:26,213] {logging_mixin.py:115} INFO - Save a new file exchange_latest_JPY.csv
[2023-07-26 05:05:26,214] {logging_mixin.py:115} INFO - Create a new table exchange_latest_JPY
[2023-07-26 05:05:26,219] {logging_mixin.py:115} INFO - Insert into table exchange_latest_JPY
[2023-07-26 05:05:26,567] {logging_mixin.py:115} INFO - Save a new file exchange_latest_CNY.csv
[2023-07-26 05:05:26,572] {logging_mixin.py:115} INFO - Create a new table exchange_latest_CNY
[2023-07-26 05:05:26,584] {logging_mixin.py:115} INFO - Insert into table exchange_latest_CNY
[2023-07-26 05:05:26,622] {python.py:173} INFO - Done. Returned value was: None
[2023-07-26 05:05:26,712] {taskinstance.py:1420} INFO - Marking task as SUCCESS. dag_id=fetch_exchange_rates_dag, task_id=fetch_exchange_rates_task, execution_date=20230725T125000, start_date=20230726T050523, end_date=20230726T050526
[2023-07-26 05:05:26,951] {local_task_job.py:156} INFO - Task exited with return code 0
[2023-07-26 05:05:27,203] {local_task_job.py:273} INFO - 1 downstream tasks scheduled from follow-on schedule check
