[2023-07-25 20:38:33,025] {taskinstance.py:1179} INFO - Dependencies all met for <TaskInstance: fetch_exchange_rates_dag.fetch_exchange_rates_task scheduled__2023-07-25T15:00:00+00:00 [queued]>
[2023-07-25 20:38:33,038] {taskinstance.py:1179} INFO - Dependencies all met for <TaskInstance: fetch_exchange_rates_dag.fetch_exchange_rates_task scheduled__2023-07-25T15:00:00+00:00 [queued]>
[2023-07-25 20:38:33,039] {taskinstance.py:1376} INFO - 
--------------------------------------------------------------------------------
[2023-07-25 20:38:33,040] {taskinstance.py:1377} INFO - Starting attempt 1 of 1
[2023-07-25 20:38:33,041] {taskinstance.py:1378} INFO - 
--------------------------------------------------------------------------------
[2023-07-25 20:38:33,067] {taskinstance.py:1397} INFO - Executing <Task(PythonOperator): fetch_exchange_rates_task> on 2023-07-25 15:00:00+00:00
[2023-07-25 20:38:33,073] {standard_task_runner.py:52} INFO - Started process 9252 to run task
[2023-07-25 20:38:33,077] {standard_task_runner.py:79} INFO - Running: ['***', 'tasks', 'run', 'fetch_exchange_rates_dag', 'fetch_exchange_rates_task', 'scheduled__2023-07-25T15:00:00+00:00', '--job-id', '188', '--raw', '--subdir', 'DAGS_FOLDER/my_calc_rates.py', '--cfg-path', '/tmp/tmp8dkzeu_o', '--error-file', '/tmp/tmp4g9bdazn']
[2023-07-25 20:38:33,080] {standard_task_runner.py:80} INFO - Job 188: Subtask fetch_exchange_rates_task
[2023-07-25 20:38:33,167] {task_command.py:371} INFO - Running <TaskInstance: fetch_exchange_rates_dag.fetch_exchange_rates_task scheduled__2023-07-25T15:00:00+00:00 [running]> on host 661c8d62a693
[2023-07-25 20:38:33,241] {taskinstance.py:1591} INFO - Exporting the following env vars:
AIRFLOW_CTX_DAG_OWNER=marina_z
AIRFLOW_CTX_DAG_ID=fetch_exchange_rates_dag
AIRFLOW_CTX_TASK_ID=fetch_exchange_rates_task
AIRFLOW_CTX_EXECUTION_DATE=2023-07-25T15:00:00+00:00
AIRFLOW_CTX_TRY_NUMBER=1
AIRFLOW_CTX_DAG_RUN_ID=scheduled__2023-07-25T15:00:00+00:00
[2023-07-25 20:38:34,797] {taskinstance.py:1909} ERROR - Task failed with exception
Traceback (most recent call last):
  File "/home/airflow/.local/lib/python3.7/site-packages/airflow/operators/python.py", line 171, in execute
    return_value = self.execute_callable()
  File "/home/airflow/.local/lib/python3.7/site-packages/airflow/operators/python.py", line 189, in execute_callable
    return self.python_callable(*self.op_args, **self.op_kwargs)
  File "/opt/airflow/dags/my_calc_rates.py", line 69, in fetch_exchange_rates
    load_to_postgres = PostgresOperator(
NameError: name 'PostgresOperator' is not defined
[2023-07-25 20:38:34,807] {taskinstance.py:1420} INFO - Marking task as FAILED. dag_id=fetch_exchange_rates_dag, task_id=fetch_exchange_rates_task, execution_date=20230725T150000, start_date=20230725T203833, end_date=20230725T203834
[2023-07-25 20:38:34,829] {standard_task_runner.py:97} ERROR - Failed to execute job 188 for task fetch_exchange_rates_task (name 'PostgresOperator' is not defined; 9252)
[2023-07-25 20:38:34,856] {local_task_job.py:156} INFO - Task exited with return code 1
[2023-07-25 20:38:34,881] {local_task_job.py:273} INFO - 0 downstream tasks scheduled from follow-on schedule check
[2023-07-26 05:05:49,920] {taskinstance.py:1179} INFO - Dependencies all met for <TaskInstance: fetch_exchange_rates_dag.fetch_exchange_rates_task scheduled__2023-07-25T15:00:00+00:00 [queued]>
[2023-07-26 05:05:49,989] {taskinstance.py:1179} INFO - Dependencies all met for <TaskInstance: fetch_exchange_rates_dag.fetch_exchange_rates_task scheduled__2023-07-25T15:00:00+00:00 [queued]>
[2023-07-26 05:05:49,990] {taskinstance.py:1376} INFO - 
--------------------------------------------------------------------------------
[2023-07-26 05:05:49,990] {taskinstance.py:1377} INFO - Starting attempt 1 of 1
[2023-07-26 05:05:49,991] {taskinstance.py:1378} INFO - 
--------------------------------------------------------------------------------
[2023-07-26 05:05:50,047] {taskinstance.py:1397} INFO - Executing <Task(PythonOperator): fetch_exchange_rates_task> on 2023-07-25 15:00:00+00:00
[2023-07-26 05:05:50,078] {standard_task_runner.py:52} INFO - Started process 1328 to run task
[2023-07-26 05:05:50,088] {standard_task_runner.py:79} INFO - Running: ['***', 'tasks', 'run', 'fetch_exchange_rates_dag', 'fetch_exchange_rates_task', 'scheduled__2023-07-25T15:00:00+00:00', '--job-id', '326', '--raw', '--subdir', 'DAGS_FOLDER/my_calc_rates.py', '--cfg-path', '/tmp/tmp5_fp02i9', '--error-file', '/tmp/tmpvu_iyzkq']
[2023-07-26 05:05:50,121] {standard_task_runner.py:80} INFO - Job 326: Subtask fetch_exchange_rates_task
[2023-07-26 05:05:50,362] {task_command.py:371} INFO - Running <TaskInstance: fetch_exchange_rates_dag.fetch_exchange_rates_task scheduled__2023-07-25T15:00:00+00:00 [running]> on host acb6bca32630
[2023-07-26 05:05:50,876] {taskinstance.py:1591} INFO - Exporting the following env vars:
AIRFLOW_CTX_DAG_OWNER=marina_z
AIRFLOW_CTX_DAG_ID=fetch_exchange_rates_dag
AIRFLOW_CTX_TASK_ID=fetch_exchange_rates_task
AIRFLOW_CTX_EXECUTION_DATE=2023-07-25T15:00:00+00:00
AIRFLOW_CTX_TRY_NUMBER=1
AIRFLOW_CTX_DAG_RUN_ID=scheduled__2023-07-25T15:00:00+00:00
[2023-07-26 05:05:51,390] {logging_mixin.py:115} INFO - Save a new file exchange_latest_BTC.csv
[2023-07-26 05:05:51,392] {logging_mixin.py:115} INFO - Create a new table exchange_latest_BTC
[2023-07-26 05:05:51,406] {logging_mixin.py:115} INFO - Insert into table exchange_latest_BTC
[2023-07-26 05:05:51,827] {logging_mixin.py:115} INFO - Save a new file exchange_latest_EUR.csv
[2023-07-26 05:05:51,835] {logging_mixin.py:115} INFO - Create a new table exchange_latest_EUR
[2023-07-26 05:05:51,846] {logging_mixin.py:115} INFO - Insert into table exchange_latest_EUR
[2023-07-26 05:05:52,289] {logging_mixin.py:115} INFO - Save a new file exchange_latest_GBR.csv
[2023-07-26 05:05:52,291] {logging_mixin.py:115} INFO - Create a new table exchange_latest_GBR
[2023-07-26 05:05:52,302] {logging_mixin.py:115} INFO - Insert into table exchange_latest_GBR
[2023-07-26 05:05:52,711] {logging_mixin.py:115} INFO - Save a new file exchange_latest_JPY.csv
[2023-07-26 05:05:52,715] {logging_mixin.py:115} INFO - Create a new table exchange_latest_JPY
[2023-07-26 05:05:52,725] {logging_mixin.py:115} INFO - Insert into table exchange_latest_JPY
[2023-07-26 05:05:53,275] {logging_mixin.py:115} INFO - Save a new file exchange_latest_CNY.csv
[2023-07-26 05:05:53,277] {logging_mixin.py:115} INFO - Create a new table exchange_latest_CNY
[2023-07-26 05:05:53,320] {logging_mixin.py:115} INFO - Insert into table exchange_latest_CNY
[2023-07-26 05:05:53,349] {python.py:173} INFO - Done. Returned value was: None
[2023-07-26 05:05:53,485] {taskinstance.py:1420} INFO - Marking task as SUCCESS. dag_id=fetch_exchange_rates_dag, task_id=fetch_exchange_rates_task, execution_date=20230725T150000, start_date=20230726T050549, end_date=20230726T050553
[2023-07-26 05:05:53,679] {local_task_job.py:156} INFO - Task exited with return code 0
[2023-07-26 05:05:54,035] {local_task_job.py:273} INFO - 1 downstream tasks scheduled from follow-on schedule check
