[2023-07-25 20:38:06,210] {taskinstance.py:1179} INFO - Dependencies all met for <TaskInstance: fetch_exchange_rates_dag.fetch_exchange_rates_task scheduled__2023-07-25T09:00:00+00:00 [queued]>
[2023-07-25 20:38:06,224] {taskinstance.py:1179} INFO - Dependencies all met for <TaskInstance: fetch_exchange_rates_dag.fetch_exchange_rates_task scheduled__2023-07-25T09:00:00+00:00 [queued]>
[2023-07-25 20:38:06,225] {taskinstance.py:1376} INFO - 
--------------------------------------------------------------------------------
[2023-07-25 20:38:06,226] {taskinstance.py:1377} INFO - Starting attempt 1 of 1
[2023-07-25 20:38:06,227] {taskinstance.py:1378} INFO - 
--------------------------------------------------------------------------------
[2023-07-25 20:38:06,245] {taskinstance.py:1397} INFO - Executing <Task(PythonOperator): fetch_exchange_rates_task> on 2023-07-25 09:00:00+00:00
[2023-07-25 20:38:06,257] {standard_task_runner.py:52} INFO - Started process 9123 to run task
[2023-07-25 20:38:06,260] {standard_task_runner.py:79} INFO - Running: ['***', 'tasks', 'run', 'fetch_exchange_rates_dag', 'fetch_exchange_rates_task', 'scheduled__2023-07-25T09:00:00+00:00', '--job-id', '152', '--raw', '--subdir', 'DAGS_FOLDER/my_calc_rates.py', '--cfg-path', '/tmp/tmprd2y4jxn', '--error-file', '/tmp/tmpfj71hwn3']
[2023-07-25 20:38:06,263] {standard_task_runner.py:80} INFO - Job 152: Subtask fetch_exchange_rates_task
[2023-07-25 20:38:06,367] {task_command.py:371} INFO - Running <TaskInstance: fetch_exchange_rates_dag.fetch_exchange_rates_task scheduled__2023-07-25T09:00:00+00:00 [running]> on host 661c8d62a693
[2023-07-25 20:38:06,453] {taskinstance.py:1591} INFO - Exporting the following env vars:
AIRFLOW_CTX_DAG_OWNER=marina_z
AIRFLOW_CTX_DAG_ID=fetch_exchange_rates_dag
AIRFLOW_CTX_TASK_ID=fetch_exchange_rates_task
AIRFLOW_CTX_EXECUTION_DATE=2023-07-25T09:00:00+00:00
AIRFLOW_CTX_TRY_NUMBER=1
AIRFLOW_CTX_DAG_RUN_ID=scheduled__2023-07-25T09:00:00+00:00
[2023-07-25 20:38:08,074] {taskinstance.py:1909} ERROR - Task failed with exception
Traceback (most recent call last):
  File "/home/airflow/.local/lib/python3.7/site-packages/airflow/operators/python.py", line 171, in execute
    return_value = self.execute_callable()
  File "/home/airflow/.local/lib/python3.7/site-packages/airflow/operators/python.py", line 189, in execute_callable
    return self.python_callable(*self.op_args, **self.op_kwargs)
  File "/opt/airflow/dags/my_calc_rates.py", line 69, in fetch_exchange_rates
    load_to_postgres = PostgresOperator(
NameError: name 'PostgresOperator' is not defined
[2023-07-25 20:38:08,095] {taskinstance.py:1420} INFO - Marking task as FAILED. dag_id=fetch_exchange_rates_dag, task_id=fetch_exchange_rates_task, execution_date=20230725T090000, start_date=20230725T203806, end_date=20230725T203808
[2023-07-25 20:38:08,126] {standard_task_runner.py:97} ERROR - Failed to execute job 152 for task fetch_exchange_rates_task (name 'PostgresOperator' is not defined; 9123)
[2023-07-25 20:38:08,170] {local_task_job.py:156} INFO - Task exited with return code 1
[2023-07-25 20:38:08,220] {local_task_job.py:273} INFO - 0 downstream tasks scheduled from follow-on schedule check
[2023-07-26 05:04:47,105] {taskinstance.py:1179} INFO - Dependencies all met for <TaskInstance: fetch_exchange_rates_dag.fetch_exchange_rates_task scheduled__2023-07-25T09:00:00+00:00 [queued]>
[2023-07-26 05:04:47,141] {taskinstance.py:1179} INFO - Dependencies all met for <TaskInstance: fetch_exchange_rates_dag.fetch_exchange_rates_task scheduled__2023-07-25T09:00:00+00:00 [queued]>
[2023-07-26 05:04:47,143] {taskinstance.py:1376} INFO - 
--------------------------------------------------------------------------------
[2023-07-26 05:04:47,144] {taskinstance.py:1377} INFO - Starting attempt 1 of 1
[2023-07-26 05:04:47,145] {taskinstance.py:1378} INFO - 
--------------------------------------------------------------------------------
[2023-07-26 05:04:47,184] {taskinstance.py:1397} INFO - Executing <Task(PythonOperator): fetch_exchange_rates_task> on 2023-07-25 09:00:00+00:00
[2023-07-26 05:04:47,203] {standard_task_runner.py:52} INFO - Started process 858 to run task
[2023-07-26 05:04:47,210] {standard_task_runner.py:79} INFO - Running: ['***', 'tasks', 'run', 'fetch_exchange_rates_dag', 'fetch_exchange_rates_task', 'scheduled__2023-07-25T09:00:00+00:00', '--job-id', '199', '--raw', '--subdir', 'DAGS_FOLDER/my_calc_rates.py', '--cfg-path', '/tmp/tmpuq9fscqa', '--error-file', '/tmp/tmp_ofb9icm']
[2023-07-26 05:04:47,213] {standard_task_runner.py:80} INFO - Job 199: Subtask fetch_exchange_rates_task
[2023-07-26 05:04:47,430] {task_command.py:371} INFO - Running <TaskInstance: fetch_exchange_rates_dag.fetch_exchange_rates_task scheduled__2023-07-25T09:00:00+00:00 [running]> on host acb6bca32630
[2023-07-26 05:04:47,585] {taskinstance.py:1591} INFO - Exporting the following env vars:
AIRFLOW_CTX_DAG_OWNER=marina_z
AIRFLOW_CTX_DAG_ID=fetch_exchange_rates_dag
AIRFLOW_CTX_TASK_ID=fetch_exchange_rates_task
AIRFLOW_CTX_EXECUTION_DATE=2023-07-25T09:00:00+00:00
AIRFLOW_CTX_TRY_NUMBER=1
AIRFLOW_CTX_DAG_RUN_ID=scheduled__2023-07-25T09:00:00+00:00
[2023-07-26 05:04:47,969] {logging_mixin.py:115} INFO - Save a new file exchange_latest_BTC.csv
[2023-07-26 05:04:47,975] {logging_mixin.py:115} INFO - Create a new table exchange_latest_BTC
[2023-07-26 05:04:47,985] {logging_mixin.py:115} INFO - Insert into table exchange_latest_BTC
[2023-07-26 05:04:48,003] {taskinstance.py:1909} ERROR - Task failed with exception
Traceback (most recent call last):
  File "/home/airflow/.local/lib/python3.7/site-packages/airflow/operators/python.py", line 171, in execute
    return_value = self.execute_callable()
  File "/home/airflow/.local/lib/python3.7/site-packages/airflow/operators/python.py", line 189, in execute_callable
    return self.python_callable(*self.op_args, **self.op_kwargs)
  File "/opt/airflow/dags/my_calc_rates.py", line 99, in fetch_exchange_rates
    cur.execute(copy_query)
psycopg2.errors.InvalidTextRepresentation: invalid input syntax for type numeric: "2023-07-26"
CONTEXT:  COPY exchange_rates_btc, line 3, column exchange_rate: "2023-07-26"

[2023-07-26 05:04:48,018] {taskinstance.py:1420} INFO - Marking task as FAILED. dag_id=fetch_exchange_rates_dag, task_id=fetch_exchange_rates_task, execution_date=20230725T090000, start_date=20230726T050447, end_date=20230726T050448
[2023-07-26 05:04:48,032] {standard_task_runner.py:97} ERROR - Failed to execute job 199 for task fetch_exchange_rates_task (invalid input syntax for type numeric: "2023-07-26"
CONTEXT:  COPY exchange_rates_btc, line 3, column exchange_rate: "2023-07-26"
; 858)
[2023-07-26 05:04:48,070] {local_task_job.py:156} INFO - Task exited with return code 1
[2023-07-26 05:04:48,119] {local_task_job.py:273} INFO - 0 downstream tasks scheduled from follow-on schedule check
