[2023-07-26 02:16:34,235] {taskinstance.py:1179} INFO - Dependencies all met for <TaskInstance: fetch_exchange_rates_dag.fetch_exchange_rates_task manual__2023-07-26T02:16:32.055311+00:00 [queued]>
[2023-07-26 02:16:34,242] {taskinstance.py:1179} INFO - Dependencies all met for <TaskInstance: fetch_exchange_rates_dag.fetch_exchange_rates_task manual__2023-07-26T02:16:32.055311+00:00 [queued]>
[2023-07-26 02:16:34,242] {taskinstance.py:1376} INFO - 
--------------------------------------------------------------------------------
[2023-07-26 02:16:34,243] {taskinstance.py:1377} INFO - Starting attempt 1 of 1
[2023-07-26 02:16:34,243] {taskinstance.py:1378} INFO - 
--------------------------------------------------------------------------------
[2023-07-26 02:16:34,257] {taskinstance.py:1397} INFO - Executing <Task(PythonOperator): fetch_exchange_rates_task> on 2023-07-26 02:16:32.055311+00:00
[2023-07-26 02:16:34,261] {standard_task_runner.py:52} INFO - Started process 912 to run task
[2023-07-26 02:16:34,263] {standard_task_runner.py:79} INFO - Running: ['***', 'tasks', 'run', 'fetch_exchange_rates_dag', 'fetch_exchange_rates_task', 'manual__2023-07-26T02:16:32.055311+00:00', '--job-id', '11', '--raw', '--subdir', 'DAGS_FOLDER/my_calc_rates.py', '--cfg-path', '/tmp/tmpbh_ajs3b', '--error-file', '/tmp/tmp7fjk36ti']
[2023-07-26 02:16:34,266] {standard_task_runner.py:80} INFO - Job 11: Subtask fetch_exchange_rates_task
[2023-07-26 02:16:34,323] {task_command.py:371} INFO - Running <TaskInstance: fetch_exchange_rates_dag.fetch_exchange_rates_task manual__2023-07-26T02:16:32.055311+00:00 [running]> on host 6e11a261c833
[2023-07-26 02:16:34,376] {taskinstance.py:1591} INFO - Exporting the following env vars:
AIRFLOW_CTX_DAG_OWNER=marina_z
AIRFLOW_CTX_DAG_ID=fetch_exchange_rates_dag
AIRFLOW_CTX_TASK_ID=fetch_exchange_rates_task
AIRFLOW_CTX_EXECUTION_DATE=2023-07-26T02:16:32.055311+00:00
AIRFLOW_CTX_TRY_NUMBER=1
AIRFLOW_CTX_DAG_RUN_ID=manual__2023-07-26T02:16:32.055311+00:00
[2023-07-26 02:16:34,811] {logging_mixin.py:115} INFO - Save a new table exchange_latest_BTC.csv
[2023-07-26 02:16:34,813] {logging_mixin.py:115} INFO - Create a new table exchange_latest_BTC.csv
[2023-07-26 02:16:34,824] {logging_mixin.py:115} INFO - Insert into table exchange_latest_BTC.csv
[2023-07-26 02:16:35,205] {logging_mixin.py:115} INFO - Save a new table exchange_latest_EUR.csv
[2023-07-26 02:16:35,205] {logging_mixin.py:115} INFO - Create a new table exchange_latest_EUR.csv
[2023-07-26 02:16:35,211] {logging_mixin.py:115} INFO - Insert into table exchange_latest_EUR.csv
[2023-07-26 02:16:35,581] {logging_mixin.py:115} INFO - Save a new table exchange_latest_GBR.csv
[2023-07-26 02:16:35,582] {logging_mixin.py:115} INFO - Create a new table exchange_latest_GBR.csv
[2023-07-26 02:16:35,589] {logging_mixin.py:115} INFO - Insert into table exchange_latest_GBR.csv
[2023-07-26 02:16:35,963] {logging_mixin.py:115} INFO - Save a new table exchange_latest_JPY.csv
[2023-07-26 02:16:35,963] {logging_mixin.py:115} INFO - Create a new table exchange_latest_JPY.csv
[2023-07-26 02:16:35,971] {logging_mixin.py:115} INFO - Insert into table exchange_latest_JPY.csv
[2023-07-26 02:16:36,307] {logging_mixin.py:115} INFO - Save a new table exchange_latest_CNY.csv
[2023-07-26 02:16:36,308] {logging_mixin.py:115} INFO - Create a new table exchange_latest_CNY.csv
[2023-07-26 02:16:36,316] {logging_mixin.py:115} INFO - Insert into table exchange_latest_CNY.csv
[2023-07-26 02:16:36,347] {python.py:173} INFO - Done. Returned value was: None
[2023-07-26 02:16:36,361] {taskinstance.py:1420} INFO - Marking task as SUCCESS. dag_id=fetch_exchange_rates_dag, task_id=fetch_exchange_rates_task, execution_date=20230726T021632, start_date=20230726T021634, end_date=20230726T021636
[2023-07-26 02:16:36,410] {local_task_job.py:156} INFO - Task exited with return code 0
[2023-07-26 02:16:36,440] {local_task_job.py:273} INFO - 0 downstream tasks scheduled from follow-on schedule check
