[2023-07-25 19:03:03,282] {taskinstance.py:1179} INFO - Dependencies all met for <TaskInstance: calc-rates.import_rates manual__2023-07-25T19:03:00.821706+00:00 [queued]>
[2023-07-25 19:03:03,288] {taskinstance.py:1179} INFO - Dependencies all met for <TaskInstance: calc-rates.import_rates manual__2023-07-25T19:03:00.821706+00:00 [queued]>
[2023-07-25 19:03:03,289] {taskinstance.py:1376} INFO - 
--------------------------------------------------------------------------------
[2023-07-25 19:03:03,289] {taskinstance.py:1377} INFO - Starting attempt 1 of 1
[2023-07-25 19:03:03,290] {taskinstance.py:1378} INFO - 
--------------------------------------------------------------------------------
[2023-07-25 19:03:03,300] {taskinstance.py:1397} INFO - Executing <Task(PythonOperator): import_rates> on 2023-07-25 19:03:00.821706+00:00
[2023-07-25 19:03:03,303] {standard_task_runner.py:52} INFO - Started process 4114 to run task
[2023-07-25 19:03:03,306] {standard_task_runner.py:79} INFO - Running: ['***', 'tasks', 'run', 'calc-rates', 'import_rates', 'manual__2023-07-25T19:03:00.821706+00:00', '--job-id', '13', '--raw', '--subdir', 'DAGS_FOLDER/calc_rates.py', '--cfg-path', '/tmp/tmpz1zpuj4p', '--error-file', '/tmp/tmpa8l0_5r4']
[2023-07-25 19:03:03,307] {standard_task_runner.py:80} INFO - Job 13: Subtask import_rates
[2023-07-25 19:03:03,359] {task_command.py:371} INFO - Running <TaskInstance: calc-rates.import_rates manual__2023-07-25T19:03:00.821706+00:00 [running]> on host 661c8d62a693
[2023-07-25 19:03:03,409] {taskinstance.py:1591} INFO - Exporting the following env vars:
AIRFLOW_CTX_DAG_OWNER=***
AIRFLOW_CTX_DAG_ID=calc-rates
AIRFLOW_CTX_TASK_ID=import_rates
AIRFLOW_CTX_EXECUTION_DATE=2023-07-25T19:03:00.821706+00:00
AIRFLOW_CTX_TRY_NUMBER=1
AIRFLOW_CTX_DAG_RUN_ID=manual__2023-07-25T19:03:00.821706+00:00
[2023-07-25 19:03:03,796] {python.py:173} INFO - Done. Returned value was: None
[2023-07-25 19:03:03,809] {taskinstance.py:1420} INFO - Marking task as SUCCESS. dag_id=calc-rates, task_id=import_rates, execution_date=20230725T190300, start_date=20230725T190303, end_date=20230725T190303
[2023-07-25 19:03:03,840] {local_task_job.py:156} INFO - Task exited with return code 0
[2023-07-25 19:03:03,884] {local_task_job.py:273} INFO - 1 downstream tasks scheduled from follow-on schedule check
