[2023-07-26 04:40:06,646] {taskinstance.py:1179} INFO - Dependencies all met for <TaskInstance: fetch_exchange_rates_dag.print_csv_table scheduled__2023-07-26T04:30:00+00:00 [queued]>
[2023-07-26 04:40:06,652] {taskinstance.py:1179} INFO - Dependencies all met for <TaskInstance: fetch_exchange_rates_dag.print_csv_table scheduled__2023-07-26T04:30:00+00:00 [queued]>
[2023-07-26 04:40:06,653] {taskinstance.py:1376} INFO - 
--------------------------------------------------------------------------------
[2023-07-26 04:40:06,654] {taskinstance.py:1377} INFO - Starting attempt 1 of 1
[2023-07-26 04:40:06,654] {taskinstance.py:1378} INFO - 
--------------------------------------------------------------------------------
[2023-07-26 04:40:06,665] {taskinstance.py:1397} INFO - Executing <Task(PythonOperator): print_csv_table> on 2023-07-26 04:30:00+00:00
[2023-07-26 04:40:06,669] {standard_task_runner.py:52} INFO - Started process 8352 to run task
[2023-07-26 04:40:06,671] {standard_task_runner.py:79} INFO - Running: ['***', 'tasks', 'run', 'fetch_exchange_rates_dag', 'print_csv_table', 'scheduled__2023-07-26T04:30:00+00:00', '--job-id', '136', '--raw', '--subdir', 'DAGS_FOLDER/my_calc_rates.py', '--cfg-path', '/tmp/tmpcm5copen', '--error-file', '/tmp/tmp3s22c2ak']
[2023-07-26 04:40:06,673] {standard_task_runner.py:80} INFO - Job 136: Subtask print_csv_table
[2023-07-26 04:40:06,737] {task_command.py:371} INFO - Running <TaskInstance: fetch_exchange_rates_dag.print_csv_table scheduled__2023-07-26T04:30:00+00:00 [running]> on host 6e11a261c833
[2023-07-26 04:40:06,792] {taskinstance.py:1591} INFO - Exporting the following env vars:
AIRFLOW_CTX_DAG_OWNER=marina_z
AIRFLOW_CTX_DAG_ID=fetch_exchange_rates_dag
AIRFLOW_CTX_TASK_ID=print_csv_table
AIRFLOW_CTX_EXECUTION_DATE=2023-07-26T04:30:00+00:00
AIRFLOW_CTX_TRY_NUMBER=1
AIRFLOW_CTX_DAG_RUN_ID=scheduled__2023-07-26T04:30:00+00:00
[2023-07-26 04:40:06,809] {logging_mixin.py:115} INFO -   exchange_id  exchange_rate base_exchange        date
0         RUB   2.622164e+06           BTC  2023-07-26
1         RUB   9.960367e+01           EUR  2023-07-26
2         RUB   9.964221e+01           EUR  2023-07-26
3         RUB   6.397940e-01           JPY  2023-07-26
4         RUB   1.263880e+01           CNY  2023-07-26
[2023-07-26 04:40:06,809] {python.py:173} INFO - Done. Returned value was: None
[2023-07-26 04:40:06,820] {taskinstance.py:1420} INFO - Marking task as SUCCESS. dag_id=fetch_exchange_rates_dag, task_id=print_csv_table, execution_date=20230726T043000, start_date=20230726T044006, end_date=20230726T044006
[2023-07-26 04:40:06,844] {local_task_job.py:156} INFO - Task exited with return code 0
[2023-07-26 04:40:06,869] {local_task_job.py:273} INFO - 0 downstream tasks scheduled from follow-on schedule check
[2023-07-26 05:08:25,653] {taskinstance.py:1179} INFO - Dependencies all met for <TaskInstance: fetch_exchange_rates_dag.print_csv_table scheduled__2023-07-26T04:30:00+00:00 [queued]>
[2023-07-26 05:08:25,674] {taskinstance.py:1179} INFO - Dependencies all met for <TaskInstance: fetch_exchange_rates_dag.print_csv_table scheduled__2023-07-26T04:30:00+00:00 [queued]>
[2023-07-26 05:08:25,675] {taskinstance.py:1376} INFO - 
--------------------------------------------------------------------------------
[2023-07-26 05:08:25,676] {taskinstance.py:1377} INFO - Starting attempt 1 of 1
[2023-07-26 05:08:25,676] {taskinstance.py:1378} INFO - 
--------------------------------------------------------------------------------
[2023-07-26 05:08:25,698] {taskinstance.py:1397} INFO - Executing <Task(PythonOperator): print_csv_table> on 2023-07-26 04:30:00+00:00
[2023-07-26 05:08:25,708] {standard_task_runner.py:52} INFO - Started process 2381 to run task
[2023-07-26 05:08:25,723] {standard_task_runner.py:79} INFO - Running: ['***', 'tasks', 'run', 'fetch_exchange_rates_dag', 'print_csv_table', 'scheduled__2023-07-26T04:30:00+00:00', '--job-id', '630', '--raw', '--subdir', 'DAGS_FOLDER/my_calc_rates.py', '--cfg-path', '/tmp/tmpv5lz98gh', '--error-file', '/tmp/tmp_h5dl8mp']
[2023-07-26 05:08:25,725] {standard_task_runner.py:80} INFO - Job 630: Subtask print_csv_table
[2023-07-26 05:08:25,932] {task_command.py:371} INFO - Running <TaskInstance: fetch_exchange_rates_dag.print_csv_table scheduled__2023-07-26T04:30:00+00:00 [running]> on host acb6bca32630
[2023-07-26 05:08:26,050] {taskinstance.py:1591} INFO - Exporting the following env vars:
AIRFLOW_CTX_DAG_OWNER=marina_z
AIRFLOW_CTX_DAG_ID=fetch_exchange_rates_dag
AIRFLOW_CTX_TASK_ID=print_csv_table
AIRFLOW_CTX_EXECUTION_DATE=2023-07-26T04:30:00+00:00
AIRFLOW_CTX_TRY_NUMBER=1
AIRFLOW_CTX_DAG_RUN_ID=scheduled__2023-07-26T04:30:00+00:00
[2023-07-26 05:08:26,073] {logging_mixin.py:115} INFO -   exchange_id  exchange_rate base_exchange        date
0         RUB     2622163.50           BTC  2023-07-26
1         RUB          99.60           EUR  2023-07-26
2         RUB          99.64           EUR  2023-07-26
3         RUB           0.64           JPY  2023-07-26
4         RUB          12.64           CNY  2023-07-26
[2023-07-26 05:08:26,074] {python.py:173} INFO - Done. Returned value was: None
[2023-07-26 05:08:26,094] {taskinstance.py:1420} INFO - Marking task as SUCCESS. dag_id=fetch_exchange_rates_dag, task_id=print_csv_table, execution_date=20230726T043000, start_date=20230726T050825, end_date=20230726T050826
[2023-07-26 05:08:26,134] {local_task_job.py:156} INFO - Task exited with return code 0
[2023-07-26 05:08:26,172] {local_task_job.py:273} INFO - 0 downstream tasks scheduled from follow-on schedule check
