[2023-07-26 05:05:49,082] {taskinstance.py:1179} INFO - Dependencies all met for <TaskInstance: fetch_exchange_rates_dag.bash_task scheduled__2023-07-25T15:50:00+00:00 [queued]>
[2023-07-26 05:05:49,145] {taskinstance.py:1179} INFO - Dependencies all met for <TaskInstance: fetch_exchange_rates_dag.bash_task scheduled__2023-07-25T15:50:00+00:00 [queued]>
[2023-07-26 05:05:49,147] {taskinstance.py:1376} INFO - 
--------------------------------------------------------------------------------
[2023-07-26 05:05:49,148] {taskinstance.py:1377} INFO - Starting attempt 1 of 1
[2023-07-26 05:05:49,150] {taskinstance.py:1378} INFO - 
--------------------------------------------------------------------------------
[2023-07-26 05:05:49,243] {taskinstance.py:1397} INFO - Executing <Task(BashOperator): bash_task> on 2023-07-25 15:50:00+00:00
[2023-07-26 05:05:49,276] {standard_task_runner.py:52} INFO - Started process 1320 to run task
[2023-07-26 05:05:49,317] {standard_task_runner.py:79} INFO - Running: ['***', 'tasks', 'run', 'fetch_exchange_rates_dag', 'bash_task', 'scheduled__2023-07-25T15:50:00+00:00', '--job-id', '324', '--raw', '--subdir', 'DAGS_FOLDER/my_calc_rates.py', '--cfg-path', '/tmp/tmpz2avtzu7', '--error-file', '/tmp/tmprdkdbynv']
[2023-07-26 05:05:49,350] {standard_task_runner.py:80} INFO - Job 324: Subtask bash_task
[2023-07-26 05:05:49,687] {task_command.py:371} INFO - Running <TaskInstance: fetch_exchange_rates_dag.bash_task scheduled__2023-07-25T15:50:00+00:00 [running]> on host acb6bca32630
[2023-07-26 05:05:49,998] {taskinstance.py:1591} INFO - Exporting the following env vars:
AIRFLOW_CTX_DAG_OWNER=***
AIRFLOW_CTX_DAG_ID=fetch_exchange_rates_dag
AIRFLOW_CTX_TASK_ID=bash_task
AIRFLOW_CTX_EXECUTION_DATE=2023-07-25T15:50:00+00:00
AIRFLOW_CTX_TRY_NUMBER=1
AIRFLOW_CTX_DAG_RUN_ID=scheduled__2023-07-25T15:50:00+00:00
[2023-07-26 05:05:50,001] {subprocess.py:62} INFO - Tmp dir root location: 
 /tmp
[2023-07-26 05:05:50,002] {subprocess.py:74} INFO - Running command: ['bash', '-c', 'echo "Good morning my diggers!"']
[2023-07-26 05:05:50,056] {subprocess.py:85} INFO - Output:
[2023-07-26 05:05:50,088] {subprocess.py:92} INFO - Good morning my diggers!
[2023-07-26 05:05:50,090] {subprocess.py:96} INFO - Command exited with return code 0
[2023-07-26 05:05:50,401] {taskinstance.py:1420} INFO - Marking task as SUCCESS. dag_id=fetch_exchange_rates_dag, task_id=bash_task, execution_date=20230725T155000, start_date=20230726T050549, end_date=20230726T050550
[2023-07-26 05:05:50,553] {local_task_job.py:156} INFO - Task exited with return code 0
[2023-07-26 05:05:50,944] {local_task_job.py:273} INFO - 0 downstream tasks scheduled from follow-on schedule check
