[2023-07-26 03:25:31,840] {taskinstance.py:1179} INFO - Dependencies all met for <TaskInstance: fetch_exchange_rates_dag.bash_task manual__2023-07-26T03:25:30.710376+00:00 [queued]>
[2023-07-26 03:25:31,848] {taskinstance.py:1179} INFO - Dependencies all met for <TaskInstance: fetch_exchange_rates_dag.bash_task manual__2023-07-26T03:25:30.710376+00:00 [queued]>
[2023-07-26 03:25:31,849] {taskinstance.py:1376} INFO - 
--------------------------------------------------------------------------------
[2023-07-26 03:25:31,850] {taskinstance.py:1377} INFO - Starting attempt 1 of 1
[2023-07-26 03:25:31,850] {taskinstance.py:1378} INFO - 
--------------------------------------------------------------------------------
[2023-07-26 03:25:31,862] {taskinstance.py:1397} INFO - Executing <Task(BashOperator): bash_task> on 2023-07-26 03:25:30.710376+00:00
[2023-07-26 03:25:31,866] {standard_task_runner.py:52} INFO - Started process 4302 to run task
[2023-07-26 03:25:31,870] {standard_task_runner.py:79} INFO - Running: ['***', 'tasks', 'run', 'fetch_exchange_rates_dag', 'bash_task', 'manual__2023-07-26T03:25:30.710376+00:00', '--job-id', '12', '--raw', '--subdir', 'DAGS_FOLDER/my_calc_rates.py', '--cfg-path', '/tmp/tmpxq94k9wq', '--error-file', '/tmp/tmp5vmqbzl2']
[2023-07-26 03:25:31,872] {standard_task_runner.py:80} INFO - Job 12: Subtask bash_task
[2023-07-26 03:25:31,931] {task_command.py:371} INFO - Running <TaskInstance: fetch_exchange_rates_dag.bash_task manual__2023-07-26T03:25:30.710376+00:00 [running]> on host 6e11a261c833
[2023-07-26 03:25:31,989] {taskinstance.py:1591} INFO - Exporting the following env vars:
AIRFLOW_CTX_DAG_OWNER=***
AIRFLOW_CTX_DAG_ID=fetch_exchange_rates_dag
AIRFLOW_CTX_TASK_ID=bash_task
AIRFLOW_CTX_EXECUTION_DATE=2023-07-26T03:25:30.710376+00:00
AIRFLOW_CTX_TRY_NUMBER=1
AIRFLOW_CTX_DAG_RUN_ID=manual__2023-07-26T03:25:30.710376+00:00
[2023-07-26 03:25:31,991] {subprocess.py:62} INFO - Tmp dir root location: 
 /tmp
[2023-07-26 03:25:31,992] {subprocess.py:74} INFO - Running command: ['bash', '-c', 'echo "Good morning my diggers!"']
[2023-07-26 03:25:32,000] {subprocess.py:85} INFO - Output:
[2023-07-26 03:25:32,003] {subprocess.py:92} INFO - Good morning my diggers!
[2023-07-26 03:25:32,004] {subprocess.py:96} INFO - Command exited with return code 0
[2023-07-26 03:25:32,028] {taskinstance.py:1420} INFO - Marking task as SUCCESS. dag_id=fetch_exchange_rates_dag, task_id=bash_task, execution_date=20230726T032530, start_date=20230726T032531, end_date=20230726T032532
[2023-07-26 03:25:32,083] {local_task_job.py:156} INFO - Task exited with return code 0
[2023-07-26 03:25:32,123] {local_task_job.py:273} INFO - 1 downstream tasks scheduled from follow-on schedule check
