[2023-07-26 23:53:49,682] {taskinstance.py:1179} INFO - Dependencies all met for <TaskInstance: fetch_exchange_rates_dag.bash_task scheduled__2023-07-25T00:30:00+00:00 [queued]>
[2023-07-26 23:53:49,776] {taskinstance.py:1179} INFO - Dependencies all met for <TaskInstance: fetch_exchange_rates_dag.bash_task scheduled__2023-07-25T00:30:00+00:00 [queued]>
[2023-07-26 23:53:49,779] {taskinstance.py:1376} INFO - 
--------------------------------------------------------------------------------
[2023-07-26 23:53:49,780] {taskinstance.py:1377} INFO - Starting attempt 1 of 1
[2023-07-26 23:53:49,781] {taskinstance.py:1378} INFO - 
--------------------------------------------------------------------------------
[2023-07-26 23:53:49,888] {taskinstance.py:1397} INFO - Executing <Task(BashOperator): bash_task> on 2023-07-25 00:30:00+00:00
[2023-07-26 23:53:49,907] {standard_task_runner.py:52} INFO - Started process 329 to run task
[2023-07-26 23:53:49,916] {standard_task_runner.py:79} INFO - Running: ['***', 'tasks', 'run', 'fetch_exchange_rates_dag', 'bash_task', 'scheduled__2023-07-25T00:30:00+00:00', '--job-id', '16', '--raw', '--subdir', 'DAGS_FOLDER/my_calc_rates.py', '--cfg-path', '/tmp/tmpz4giod90', '--error-file', '/tmp/tmp0dgaykts']
[2023-07-26 23:53:49,937] {standard_task_runner.py:80} INFO - Job 16: Subtask bash_task
[2023-07-26 23:53:50,349] {task_command.py:371} INFO - Running <TaskInstance: fetch_exchange_rates_dag.bash_task scheduled__2023-07-25T00:30:00+00:00 [running]> on host 43d0198bb36a
[2023-07-26 23:53:50,922] {taskinstance.py:1591} INFO - Exporting the following env vars:
AIRFLOW_CTX_DAG_OWNER=***
AIRFLOW_CTX_DAG_ID=fetch_exchange_rates_dag
AIRFLOW_CTX_TASK_ID=bash_task
AIRFLOW_CTX_EXECUTION_DATE=2023-07-25T00:30:00+00:00
AIRFLOW_CTX_TRY_NUMBER=1
AIRFLOW_CTX_DAG_RUN_ID=scheduled__2023-07-25T00:30:00+00:00
[2023-07-26 23:53:50,958] {subprocess.py:62} INFO - Tmp dir root location: 
 /tmp
[2023-07-26 23:53:50,975] {subprocess.py:74} INFO - Running command: ['bash', '-c', 'echo "Good morning my diggers!"']
[2023-07-26 23:53:51,051] {subprocess.py:85} INFO - Output:
[2023-07-26 23:53:51,079] {subprocess.py:92} INFO - Good morning my diggers!
[2023-07-26 23:53:51,081] {subprocess.py:96} INFO - Command exited with return code 0
[2023-07-26 23:53:51,205] {taskinstance.py:1420} INFO - Marking task as SUCCESS. dag_id=fetch_exchange_rates_dag, task_id=bash_task, execution_date=20230725T003000, start_date=20230726T235349, end_date=20230726T235351
[2023-07-26 23:53:51,344] {local_task_job.py:156} INFO - Task exited with return code 0
[2023-07-26 23:53:51,539] {local_task_job.py:273} INFO - 1 downstream tasks scheduled from follow-on schedule check
[2023-07-27 05:23:05,561] {taskinstance.py:1179} INFO - Dependencies all met for <TaskInstance: fetch_exchange_rates_dag.bash_task scheduled__2023-07-25T00:30:00+00:00 [queued]>
[2023-07-27 05:23:05,619] {taskinstance.py:1179} INFO - Dependencies all met for <TaskInstance: fetch_exchange_rates_dag.bash_task scheduled__2023-07-25T00:30:00+00:00 [queued]>
[2023-07-27 05:23:05,621] {taskinstance.py:1376} INFO - 
--------------------------------------------------------------------------------
[2023-07-27 05:23:05,622] {taskinstance.py:1377} INFO - Starting attempt 1 of 1
[2023-07-27 05:23:05,622] {taskinstance.py:1378} INFO - 
--------------------------------------------------------------------------------
[2023-07-27 05:23:05,732] {taskinstance.py:1397} INFO - Executing <Task(BashOperator): bash_task> on 2023-07-25 00:30:00+00:00
[2023-07-27 05:23:05,766] {standard_task_runner.py:52} INFO - Started process 120 to run task
[2023-07-27 05:23:05,787] {standard_task_runner.py:79} INFO - Running: ['***', 'tasks', 'run', 'fetch_exchange_rates_dag', 'bash_task', 'scheduled__2023-07-25T00:30:00+00:00', '--job-id', '8', '--raw', '--subdir', 'DAGS_FOLDER/my_calc_rates.py', '--cfg-path', '/tmp/tmpku6w8se4', '--error-file', '/tmp/tmplh_sd6nr']
[2023-07-27 05:23:05,793] {standard_task_runner.py:80} INFO - Job 8: Subtask bash_task
[2023-07-27 05:23:06,080] {task_command.py:371} INFO - Running <TaskInstance: fetch_exchange_rates_dag.bash_task scheduled__2023-07-25T00:30:00+00:00 [running]> on host 947ec32f6ac5
[2023-07-27 05:23:06,376] {taskinstance.py:1591} INFO - Exporting the following env vars:
AIRFLOW_CTX_DAG_OWNER=***
AIRFLOW_CTX_DAG_ID=fetch_exchange_rates_dag
AIRFLOW_CTX_TASK_ID=bash_task
AIRFLOW_CTX_EXECUTION_DATE=2023-07-25T00:30:00+00:00
AIRFLOW_CTX_TRY_NUMBER=1
AIRFLOW_CTX_DAG_RUN_ID=scheduled__2023-07-25T00:30:00+00:00
[2023-07-27 05:23:06,402] {subprocess.py:62} INFO - Tmp dir root location: 
 /tmp
[2023-07-27 05:23:06,406] {subprocess.py:74} INFO - Running command: ['bash', '-c', 'echo "Good morning my diggers!"']
[2023-07-27 05:23:06,480] {subprocess.py:85} INFO - Output:
[2023-07-27 05:23:06,511] {subprocess.py:92} INFO - Good morning my diggers!
[2023-07-27 05:23:06,514] {subprocess.py:96} INFO - Command exited with return code 0
[2023-07-27 05:23:06,677] {taskinstance.py:1420} INFO - Marking task as SUCCESS. dag_id=fetch_exchange_rates_dag, task_id=bash_task, execution_date=20230725T003000, start_date=20230727T052305, end_date=20230727T052306
[2023-07-27 05:23:06,857] {local_task_job.py:156} INFO - Task exited with return code 0
[2023-07-27 05:23:07,031] {local_task_job.py:273} INFO - 0 downstream tasks scheduled from follow-on schedule check
