[2023-07-26 04:18:27,569] {taskinstance.py:1179} INFO - Dependencies all met for <TaskInstance: fetch_exchange_rates_dag.create_total_exchange_rates_table scheduled__2023-07-26T02:10:00+00:00 [queued]>
[2023-07-26 04:18:27,646] {taskinstance.py:1179} INFO - Dependencies all met for <TaskInstance: fetch_exchange_rates_dag.create_total_exchange_rates_table scheduled__2023-07-26T02:10:00+00:00 [queued]>
[2023-07-26 04:18:27,649] {taskinstance.py:1376} INFO - 
--------------------------------------------------------------------------------
[2023-07-26 04:18:27,650] {taskinstance.py:1377} INFO - Starting attempt 1 of 1
[2023-07-26 04:18:27,654] {taskinstance.py:1378} INFO - 
--------------------------------------------------------------------------------
[2023-07-26 04:18:27,745] {taskinstance.py:1397} INFO - Executing <Task(PythonOperator): create_total_exchange_rates_table> on 2023-07-26 02:10:00+00:00
[2023-07-26 04:18:27,756] {standard_task_runner.py:52} INFO - Started process 7129 to run task
[2023-07-26 04:18:27,769] {standard_task_runner.py:79} INFO - Running: ['***', 'tasks', 'run', 'fetch_exchange_rates_dag', 'create_total_exchange_rates_table', 'scheduled__2023-07-26T02:10:00+00:00', '--job-id', '82', '--raw', '--subdir', 'DAGS_FOLDER/my_calc_rates.py', '--cfg-path', '/tmp/tmpalmwfurg', '--error-file', '/tmp/tmpn3y6hdl4']
[2023-07-26 04:18:27,772] {standard_task_runner.py:80} INFO - Job 82: Subtask create_total_exchange_rates_table
[2023-07-26 04:18:27,995] {task_command.py:371} INFO - Running <TaskInstance: fetch_exchange_rates_dag.create_total_exchange_rates_table scheduled__2023-07-26T02:10:00+00:00 [running]> on host 6e11a261c833
[2023-07-26 04:18:28,295] {taskinstance.py:1591} INFO - Exporting the following env vars:
AIRFLOW_CTX_DAG_OWNER=marina_z
AIRFLOW_CTX_DAG_ID=fetch_exchange_rates_dag
AIRFLOW_CTX_TASK_ID=create_total_exchange_rates_table
AIRFLOW_CTX_EXECUTION_DATE=2023-07-26T02:10:00+00:00
AIRFLOW_CTX_TRY_NUMBER=1
AIRFLOW_CTX_DAG_RUN_ID=scheduled__2023-07-26T02:10:00+00:00
[2023-07-26 04:18:28,300] {logging_mixin.py:115} INFO - The table total_exchange_rates is created and saved
[2023-07-26 04:18:28,329] {python.py:173} INFO - Done. Returned value was: None
[2023-07-26 04:18:28,361] {taskinstance.py:1420} INFO - Marking task as SUCCESS. dag_id=fetch_exchange_rates_dag, task_id=create_total_exchange_rates_table, execution_date=20230726T021000, start_date=20230726T041827, end_date=20230726T041828
[2023-07-26 04:18:28,474] {local_task_job.py:156} INFO - Task exited with return code 0
[2023-07-26 04:18:28,610] {local_task_job.py:273} INFO - 1 downstream tasks scheduled from follow-on schedule check
[2023-07-26 05:08:01,482] {taskinstance.py:1179} INFO - Dependencies all met for <TaskInstance: fetch_exchange_rates_dag.create_total_exchange_rates_table scheduled__2023-07-26T02:10:00+00:00 [queued]>
[2023-07-26 05:08:01,528] {taskinstance.py:1179} INFO - Dependencies all met for <TaskInstance: fetch_exchange_rates_dag.create_total_exchange_rates_table scheduled__2023-07-26T02:10:00+00:00 [queued]>
[2023-07-26 05:08:01,530] {taskinstance.py:1376} INFO - 
--------------------------------------------------------------------------------
[2023-07-26 05:08:01,531] {taskinstance.py:1377} INFO - Starting attempt 1 of 1
[2023-07-26 05:08:01,532] {taskinstance.py:1378} INFO - 
--------------------------------------------------------------------------------
[2023-07-26 05:08:01,659] {taskinstance.py:1397} INFO - Executing <Task(PythonOperator): create_total_exchange_rates_table> on 2023-07-26 02:10:00+00:00
[2023-07-26 05:08:01,689] {standard_task_runner.py:52} INFO - Started process 2208 to run task
[2023-07-26 05:08:01,702] {standard_task_runner.py:79} INFO - Running: ['***', 'tasks', 'run', 'fetch_exchange_rates_dag', 'create_total_exchange_rates_table', 'scheduled__2023-07-26T02:10:00+00:00', '--job-id', '577', '--raw', '--subdir', 'DAGS_FOLDER/my_calc_rates.py', '--cfg-path', '/tmp/tmpdg0446ju', '--error-file', '/tmp/tmp474z3p79']
[2023-07-26 05:08:01,708] {standard_task_runner.py:80} INFO - Job 577: Subtask create_total_exchange_rates_table
[2023-07-26 05:08:01,962] {task_command.py:371} INFO - Running <TaskInstance: fetch_exchange_rates_dag.create_total_exchange_rates_table scheduled__2023-07-26T02:10:00+00:00 [running]> on host acb6bca32630
[2023-07-26 05:08:02,311] {taskinstance.py:1591} INFO - Exporting the following env vars:
AIRFLOW_CTX_DAG_OWNER=marina_z
AIRFLOW_CTX_DAG_ID=fetch_exchange_rates_dag
AIRFLOW_CTX_TASK_ID=create_total_exchange_rates_table
AIRFLOW_CTX_EXECUTION_DATE=2023-07-26T02:10:00+00:00
AIRFLOW_CTX_TRY_NUMBER=1
AIRFLOW_CTX_DAG_RUN_ID=scheduled__2023-07-26T02:10:00+00:00
[2023-07-26 05:08:02,314] {logging_mixin.py:115} INFO - The table total_exchange_rates is created and saved
[2023-07-26 05:08:02,351] {python.py:173} INFO - Done. Returned value was: None
[2023-07-26 05:08:02,478] {taskinstance.py:1420} INFO - Marking task as SUCCESS. dag_id=fetch_exchange_rates_dag, task_id=create_total_exchange_rates_table, execution_date=20230726T021000, start_date=20230726T050801, end_date=20230726T050802
[2023-07-26 05:08:02,566] {local_task_job.py:156} INFO - Task exited with return code 0
[2023-07-26 05:08:02,796] {local_task_job.py:273} INFO - 1 downstream tasks scheduled from follow-on schedule check
