[2023-07-25 20:38:26,164] {taskinstance.py:1179} INFO - Dependencies all met for <TaskInstance: fetch_exchange_rates_dag.fetch_exchange_rates_task scheduled__2023-07-25T13:40:00+00:00 [queued]>
[2023-07-25 20:38:26,177] {taskinstance.py:1179} INFO - Dependencies all met for <TaskInstance: fetch_exchange_rates_dag.fetch_exchange_rates_task scheduled__2023-07-25T13:40:00+00:00 [queued]>
[2023-07-25 20:38:26,178] {taskinstance.py:1376} INFO - 
--------------------------------------------------------------------------------
[2023-07-25 20:38:26,179] {taskinstance.py:1377} INFO - Starting attempt 1 of 1
[2023-07-25 20:38:26,180] {taskinstance.py:1378} INFO - 
--------------------------------------------------------------------------------
[2023-07-25 20:38:26,206] {taskinstance.py:1397} INFO - Executing <Task(PythonOperator): fetch_exchange_rates_task> on 2023-07-25 13:40:00+00:00
[2023-07-25 20:38:26,211] {standard_task_runner.py:52} INFO - Started process 9221 to run task
[2023-07-25 20:38:26,216] {standard_task_runner.py:79} INFO - Running: ['***', 'tasks', 'run', 'fetch_exchange_rates_dag', 'fetch_exchange_rates_task', 'scheduled__2023-07-25T13:40:00+00:00', '--job-id', '180', '--raw', '--subdir', 'DAGS_FOLDER/my_calc_rates.py', '--cfg-path', '/tmp/tmpq2gp2tak', '--error-file', '/tmp/tmpjuetgymv']
[2023-07-25 20:38:26,219] {standard_task_runner.py:80} INFO - Job 180: Subtask fetch_exchange_rates_task
[2023-07-25 20:38:26,384] {task_command.py:371} INFO - Running <TaskInstance: fetch_exchange_rates_dag.fetch_exchange_rates_task scheduled__2023-07-25T13:40:00+00:00 [running]> on host 661c8d62a693
[2023-07-25 20:38:26,482] {taskinstance.py:1591} INFO - Exporting the following env vars:
AIRFLOW_CTX_DAG_OWNER=marina_z
AIRFLOW_CTX_DAG_ID=fetch_exchange_rates_dag
AIRFLOW_CTX_TASK_ID=fetch_exchange_rates_task
AIRFLOW_CTX_EXECUTION_DATE=2023-07-25T13:40:00+00:00
AIRFLOW_CTX_TRY_NUMBER=1
AIRFLOW_CTX_DAG_RUN_ID=scheduled__2023-07-25T13:40:00+00:00
[2023-07-25 20:38:28,161] {taskinstance.py:1909} ERROR - Task failed with exception
Traceback (most recent call last):
  File "/home/airflow/.local/lib/python3.7/site-packages/airflow/operators/python.py", line 171, in execute
    return_value = self.execute_callable()
  File "/home/airflow/.local/lib/python3.7/site-packages/airflow/operators/python.py", line 189, in execute_callable
    return self.python_callable(*self.op_args, **self.op_kwargs)
  File "/opt/airflow/dags/my_calc_rates.py", line 69, in fetch_exchange_rates
    load_to_postgres = PostgresOperator(
NameError: name 'PostgresOperator' is not defined
[2023-07-25 20:38:28,175] {taskinstance.py:1420} INFO - Marking task as FAILED. dag_id=fetch_exchange_rates_dag, task_id=fetch_exchange_rates_task, execution_date=20230725T134000, start_date=20230725T203826, end_date=20230725T203828
[2023-07-25 20:38:28,193] {standard_task_runner.py:97} ERROR - Failed to execute job 180 for task fetch_exchange_rates_task (name 'PostgresOperator' is not defined; 9221)
[2023-07-25 20:38:28,245] {local_task_job.py:156} INFO - Task exited with return code 1
[2023-07-25 20:38:28,282] {local_task_job.py:273} INFO - 0 downstream tasks scheduled from follow-on schedule check
[2023-07-26 05:05:27,254] {taskinstance.py:1179} INFO - Dependencies all met for <TaskInstance: fetch_exchange_rates_dag.fetch_exchange_rates_task scheduled__2023-07-25T13:40:00+00:00 [queued]>
[2023-07-26 05:05:27,343] {taskinstance.py:1179} INFO - Dependencies all met for <TaskInstance: fetch_exchange_rates_dag.fetch_exchange_rates_task scheduled__2023-07-25T13:40:00+00:00 [queued]>
[2023-07-26 05:05:27,344] {taskinstance.py:1376} INFO - 
--------------------------------------------------------------------------------
[2023-07-26 05:05:27,345] {taskinstance.py:1377} INFO - Starting attempt 1 of 1
[2023-07-26 05:05:27,345] {taskinstance.py:1378} INFO - 
--------------------------------------------------------------------------------
[2023-07-26 05:05:27,451] {taskinstance.py:1397} INFO - Executing <Task(PythonOperator): fetch_exchange_rates_task> on 2023-07-25 13:40:00+00:00
[2023-07-26 05:05:27,477] {standard_task_runner.py:52} INFO - Started process 1157 to run task
[2023-07-26 05:05:27,507] {standard_task_runner.py:79} INFO - Running: ['***', 'tasks', 'run', 'fetch_exchange_rates_dag', 'fetch_exchange_rates_task', 'scheduled__2023-07-25T13:40:00+00:00', '--job-id', '278', '--raw', '--subdir', 'DAGS_FOLDER/my_calc_rates.py', '--cfg-path', '/tmp/tmpo_i03qbx', '--error-file', '/tmp/tmp71972jb3']
[2023-07-26 05:05:27,513] {standard_task_runner.py:80} INFO - Job 278: Subtask fetch_exchange_rates_task
[2023-07-26 05:05:28,095] {task_command.py:371} INFO - Running <TaskInstance: fetch_exchange_rates_dag.fetch_exchange_rates_task scheduled__2023-07-25T13:40:00+00:00 [running]> on host acb6bca32630
[2023-07-26 05:05:28,628] {taskinstance.py:1591} INFO - Exporting the following env vars:
AIRFLOW_CTX_DAG_OWNER=marina_z
AIRFLOW_CTX_DAG_ID=fetch_exchange_rates_dag
AIRFLOW_CTX_TASK_ID=fetch_exchange_rates_task
AIRFLOW_CTX_EXECUTION_DATE=2023-07-25T13:40:00+00:00
AIRFLOW_CTX_TRY_NUMBER=1
AIRFLOW_CTX_DAG_RUN_ID=scheduled__2023-07-25T13:40:00+00:00
[2023-07-26 05:05:29,221] {logging_mixin.py:115} INFO - Save a new file exchange_latest_BTC.csv
[2023-07-26 05:05:29,222] {logging_mixin.py:115} INFO - Create a new table exchange_latest_BTC
[2023-07-26 05:05:29,229] {logging_mixin.py:115} INFO - Insert into table exchange_latest_BTC
[2023-07-26 05:05:29,661] {logging_mixin.py:115} INFO - Save a new file exchange_latest_EUR.csv
[2023-07-26 05:05:29,681] {logging_mixin.py:115} INFO - Create a new table exchange_latest_EUR
[2023-07-26 05:05:29,700] {logging_mixin.py:115} INFO - Insert into table exchange_latest_EUR
[2023-07-26 05:05:30,142] {logging_mixin.py:115} INFO - Save a new file exchange_latest_GBR.csv
[2023-07-26 05:05:30,144] {logging_mixin.py:115} INFO - Create a new table exchange_latest_GBR
[2023-07-26 05:05:30,155] {logging_mixin.py:115} INFO - Insert into table exchange_latest_GBR
[2023-07-26 05:05:30,680] {logging_mixin.py:115} INFO - Save a new file exchange_latest_JPY.csv
[2023-07-26 05:05:30,681] {logging_mixin.py:115} INFO - Create a new table exchange_latest_JPY
[2023-07-26 05:05:30,688] {logging_mixin.py:115} INFO - Insert into table exchange_latest_JPY
[2023-07-26 05:05:31,104] {logging_mixin.py:115} INFO - Save a new file exchange_latest_CNY.csv
[2023-07-26 05:05:31,107] {logging_mixin.py:115} INFO - Create a new table exchange_latest_CNY
[2023-07-26 05:05:31,117] {logging_mixin.py:115} INFO - Insert into table exchange_latest_CNY
[2023-07-26 05:05:31,136] {python.py:173} INFO - Done. Returned value was: None
[2023-07-26 05:05:31,205] {taskinstance.py:1420} INFO - Marking task as SUCCESS. dag_id=fetch_exchange_rates_dag, task_id=fetch_exchange_rates_task, execution_date=20230725T134000, start_date=20230726T050527, end_date=20230726T050531
[2023-07-26 05:05:31,330] {local_task_job.py:156} INFO - Task exited with return code 0
[2023-07-26 05:05:31,493] {local_task_job.py:273} INFO - 1 downstream tasks scheduled from follow-on schedule check
