[2023-07-26 04:18:14,380] {taskinstance.py:1179} INFO - Dependencies all met for <TaskInstance: fetch_exchange_rates_dag.bash_task scheduled__2023-07-26T02:10:00+00:00 [queued]>
[2023-07-26 04:18:14,487] {taskinstance.py:1179} INFO - Dependencies all met for <TaskInstance: fetch_exchange_rates_dag.bash_task scheduled__2023-07-26T02:10:00+00:00 [queued]>
[2023-07-26 04:18:14,488] {taskinstance.py:1376} INFO - 
--------------------------------------------------------------------------------
[2023-07-26 04:18:14,489] {taskinstance.py:1377} INFO - Starting attempt 1 of 1
[2023-07-26 04:18:14,489] {taskinstance.py:1378} INFO - 
--------------------------------------------------------------------------------
[2023-07-26 04:18:14,598] {taskinstance.py:1397} INFO - Executing <Task(BashOperator): bash_task> on 2023-07-26 02:10:00+00:00
[2023-07-26 04:18:14,612] {standard_task_runner.py:52} INFO - Started process 7039 to run task
[2023-07-26 04:18:14,617] {standard_task_runner.py:79} INFO - Running: ['***', 'tasks', 'run', 'fetch_exchange_rates_dag', 'bash_task', 'scheduled__2023-07-26T02:10:00+00:00', '--job-id', '51', '--raw', '--subdir', 'DAGS_FOLDER/my_calc_rates.py', '--cfg-path', '/tmp/tmpdwom18bt', '--error-file', '/tmp/tmpu4z2uwqy']
[2023-07-26 04:18:14,621] {standard_task_runner.py:80} INFO - Job 51: Subtask bash_task
[2023-07-26 04:18:14,904] {task_command.py:371} INFO - Running <TaskInstance: fetch_exchange_rates_dag.bash_task scheduled__2023-07-26T02:10:00+00:00 [running]> on host 6e11a261c833
[2023-07-26 04:18:15,374] {taskinstance.py:1591} INFO - Exporting the following env vars:
AIRFLOW_CTX_DAG_OWNER=***
AIRFLOW_CTX_DAG_ID=fetch_exchange_rates_dag
AIRFLOW_CTX_TASK_ID=bash_task
AIRFLOW_CTX_EXECUTION_DATE=2023-07-26T02:10:00+00:00
AIRFLOW_CTX_TRY_NUMBER=1
AIRFLOW_CTX_DAG_RUN_ID=scheduled__2023-07-26T02:10:00+00:00
[2023-07-26 04:18:15,378] {subprocess.py:62} INFO - Tmp dir root location: 
 /tmp
[2023-07-26 04:18:15,379] {subprocess.py:74} INFO - Running command: ['bash', '-c', 'echo "Good morning my diggers!"']
[2023-07-26 04:18:15,406] {subprocess.py:85} INFO - Output:
[2023-07-26 04:18:15,418] {subprocess.py:92} INFO - Good morning my diggers!
[2023-07-26 04:18:15,419] {subprocess.py:96} INFO - Command exited with return code 0
[2023-07-26 04:18:15,498] {taskinstance.py:1420} INFO - Marking task as SUCCESS. dag_id=fetch_exchange_rates_dag, task_id=bash_task, execution_date=20230726T021000, start_date=20230726T041814, end_date=20230726T041815
[2023-07-26 04:18:15,666] {local_task_job.py:156} INFO - Task exited with return code 0
[2023-07-26 04:18:15,854] {local_task_job.py:273} INFO - 1 downstream tasks scheduled from follow-on schedule check
[2023-07-26 05:07:41,367] {taskinstance.py:1179} INFO - Dependencies all met for <TaskInstance: fetch_exchange_rates_dag.bash_task scheduled__2023-07-26T02:10:00+00:00 [queued]>
[2023-07-26 05:07:41,421] {taskinstance.py:1179} INFO - Dependencies all met for <TaskInstance: fetch_exchange_rates_dag.bash_task scheduled__2023-07-26T02:10:00+00:00 [queued]>
[2023-07-26 05:07:41,424] {taskinstance.py:1376} INFO - 
--------------------------------------------------------------------------------
[2023-07-26 05:07:41,424] {taskinstance.py:1377} INFO - Starting attempt 1 of 1
[2023-07-26 05:07:41,425] {taskinstance.py:1378} INFO - 
--------------------------------------------------------------------------------
[2023-07-26 05:07:41,505] {taskinstance.py:1397} INFO - Executing <Task(BashOperator): bash_task> on 2023-07-26 02:10:00+00:00
[2023-07-26 05:07:41,560] {standard_task_runner.py:52} INFO - Started process 2119 to run task
[2023-07-26 05:07:41,623] {standard_task_runner.py:79} INFO - Running: ['***', 'tasks', 'run', 'fetch_exchange_rates_dag', 'bash_task', 'scheduled__2023-07-26T02:10:00+00:00', '--job-id', '548', '--raw', '--subdir', 'DAGS_FOLDER/my_calc_rates.py', '--cfg-path', '/tmp/tmpzzhkok3k', '--error-file', '/tmp/tmp43dcim77']
[2023-07-26 05:07:41,638] {standard_task_runner.py:80} INFO - Job 548: Subtask bash_task
[2023-07-26 05:07:42,076] {task_command.py:371} INFO - Running <TaskInstance: fetch_exchange_rates_dag.bash_task scheduled__2023-07-26T02:10:00+00:00 [running]> on host acb6bca32630
[2023-07-26 05:07:42,532] {taskinstance.py:1591} INFO - Exporting the following env vars:
AIRFLOW_CTX_DAG_OWNER=***
AIRFLOW_CTX_DAG_ID=fetch_exchange_rates_dag
AIRFLOW_CTX_TASK_ID=bash_task
AIRFLOW_CTX_EXECUTION_DATE=2023-07-26T02:10:00+00:00
AIRFLOW_CTX_TRY_NUMBER=1
AIRFLOW_CTX_DAG_RUN_ID=scheduled__2023-07-26T02:10:00+00:00
[2023-07-26 05:07:42,535] {subprocess.py:62} INFO - Tmp dir root location: 
 /tmp
[2023-07-26 05:07:42,546] {subprocess.py:74} INFO - Running command: ['bash', '-c', 'echo "Good morning my diggers!"']
[2023-07-26 05:07:42,726] {subprocess.py:85} INFO - Output:
[2023-07-26 05:07:42,752] {subprocess.py:92} INFO - Good morning my diggers!
[2023-07-26 05:07:42,755] {subprocess.py:96} INFO - Command exited with return code 0
[2023-07-26 05:07:42,960] {taskinstance.py:1420} INFO - Marking task as SUCCESS. dag_id=fetch_exchange_rates_dag, task_id=bash_task, execution_date=20230726T021000, start_date=20230726T050741, end_date=20230726T050742
[2023-07-26 05:07:43,023] {local_task_job.py:156} INFO - Task exited with return code 0
[2023-07-26 05:07:43,201] {local_task_job.py:273} INFO - 1 downstream tasks scheduled from follow-on schedule check
