[2023-07-25 18:55:37,420] {taskinstance.py:1179} INFO - Dependencies all met for <TaskInstance: calc-rates.bash_task manual__2023-07-25T18:55:35.900285+00:00 [queued]>
[2023-07-25 18:55:37,430] {taskinstance.py:1179} INFO - Dependencies all met for <TaskInstance: calc-rates.bash_task manual__2023-07-25T18:55:35.900285+00:00 [queued]>
[2023-07-25 18:55:37,431] {taskinstance.py:1376} INFO - 
--------------------------------------------------------------------------------
[2023-07-25 18:55:37,431] {taskinstance.py:1377} INFO - Starting attempt 1 of 1
[2023-07-25 18:55:37,431] {taskinstance.py:1378} INFO - 
--------------------------------------------------------------------------------
[2023-07-25 18:55:37,444] {taskinstance.py:1397} INFO - Executing <Task(BashOperator): bash_task> on 2023-07-25 18:55:35.900285+00:00
[2023-07-25 18:55:37,447] {standard_task_runner.py:52} INFO - Started process 3726 to run task
[2023-07-25 18:55:37,450] {standard_task_runner.py:79} INFO - Running: ['***', 'tasks', 'run', 'calc-rates', 'bash_task', 'manual__2023-07-25T18:55:35.900285+00:00', '--job-id', '3', '--raw', '--subdir', 'DAGS_FOLDER/calc_rates.py', '--cfg-path', '/tmp/tmpf4t0_li_', '--error-file', '/tmp/tmpin89cj3m']
[2023-07-25 18:55:37,451] {standard_task_runner.py:80} INFO - Job 3: Subtask bash_task
[2023-07-25 18:55:37,511] {task_command.py:371} INFO - Running <TaskInstance: calc-rates.bash_task manual__2023-07-25T18:55:35.900285+00:00 [running]> on host 661c8d62a693
[2023-07-25 18:55:37,564] {taskinstance.py:1591} INFO - Exporting the following env vars:
AIRFLOW_CTX_DAG_OWNER=***
AIRFLOW_CTX_DAG_ID=calc-rates
AIRFLOW_CTX_TASK_ID=bash_task
AIRFLOW_CTX_EXECUTION_DATE=2023-07-25T18:55:35.900285+00:00
AIRFLOW_CTX_TRY_NUMBER=1
AIRFLOW_CTX_DAG_RUN_ID=manual__2023-07-25T18:55:35.900285+00:00
[2023-07-25 18:55:37,565] {subprocess.py:62} INFO - Tmp dir root location: 
 /tmp
[2023-07-25 18:55:37,566] {subprocess.py:74} INFO - Running command: ['bash', '-c', "echo 'Hello, World!'"]
[2023-07-25 18:55:37,578] {subprocess.py:85} INFO - Output:
[2023-07-25 18:55:37,582] {subprocess.py:92} INFO - Hello, World!
[2023-07-25 18:55:37,583] {subprocess.py:96} INFO - Command exited with return code 0
[2023-07-25 18:55:37,612] {taskinstance.py:1420} INFO - Marking task as SUCCESS. dag_id=calc-rates, task_id=bash_task, execution_date=20230725T185535, start_date=20230725T185537, end_date=20230725T185537
[2023-07-25 18:55:37,663] {local_task_job.py:156} INFO - Task exited with return code 0
[2023-07-25 18:55:37,705] {local_task_job.py:273} INFO - 1 downstream tasks scheduled from follow-on schedule check
