[2023-07-25 20:38:33,142] {taskinstance.py:1179} INFO - Dependencies all met for <TaskInstance: fetch_exchange_rates_dag.fetch_exchange_rates_task scheduled__2023-07-25T15:10:00+00:00 [queued]>
[2023-07-25 20:38:33,153] {taskinstance.py:1179} INFO - Dependencies all met for <TaskInstance: fetch_exchange_rates_dag.fetch_exchange_rates_task scheduled__2023-07-25T15:10:00+00:00 [queued]>
[2023-07-25 20:38:33,154] {taskinstance.py:1376} INFO - 
--------------------------------------------------------------------------------
[2023-07-25 20:38:33,155] {taskinstance.py:1377} INFO - Starting attempt 1 of 1
[2023-07-25 20:38:33,156] {taskinstance.py:1378} INFO - 
--------------------------------------------------------------------------------
[2023-07-25 20:38:33,171] {taskinstance.py:1397} INFO - Executing <Task(PythonOperator): fetch_exchange_rates_task> on 2023-07-25 15:10:00+00:00
[2023-07-25 20:38:33,176] {standard_task_runner.py:52} INFO - Started process 9253 to run task
[2023-07-25 20:38:33,180] {standard_task_runner.py:79} INFO - Running: ['***', 'tasks', 'run', 'fetch_exchange_rates_dag', 'fetch_exchange_rates_task', 'scheduled__2023-07-25T15:10:00+00:00', '--job-id', '189', '--raw', '--subdir', 'DAGS_FOLDER/my_calc_rates.py', '--cfg-path', '/tmp/tmpzl65gnsd', '--error-file', '/tmp/tmpq2u651_v']
[2023-07-25 20:38:33,182] {standard_task_runner.py:80} INFO - Job 189: Subtask fetch_exchange_rates_task
[2023-07-25 20:38:33,260] {task_command.py:371} INFO - Running <TaskInstance: fetch_exchange_rates_dag.fetch_exchange_rates_task scheduled__2023-07-25T15:10:00+00:00 [running]> on host 661c8d62a693
[2023-07-25 20:38:33,323] {taskinstance.py:1591} INFO - Exporting the following env vars:
AIRFLOW_CTX_DAG_OWNER=marina_z
AIRFLOW_CTX_DAG_ID=fetch_exchange_rates_dag
AIRFLOW_CTX_TASK_ID=fetch_exchange_rates_task
AIRFLOW_CTX_EXECUTION_DATE=2023-07-25T15:10:00+00:00
AIRFLOW_CTX_TRY_NUMBER=1
AIRFLOW_CTX_DAG_RUN_ID=scheduled__2023-07-25T15:10:00+00:00
[2023-07-25 20:38:34,963] {taskinstance.py:1909} ERROR - Task failed with exception
Traceback (most recent call last):
  File "/home/airflow/.local/lib/python3.7/site-packages/airflow/operators/python.py", line 171, in execute
    return_value = self.execute_callable()
  File "/home/airflow/.local/lib/python3.7/site-packages/airflow/operators/python.py", line 189, in execute_callable
    return self.python_callable(*self.op_args, **self.op_kwargs)
  File "/opt/airflow/dags/my_calc_rates.py", line 69, in fetch_exchange_rates
    load_to_postgres = PostgresOperator(
NameError: name 'PostgresOperator' is not defined
[2023-07-25 20:38:34,986] {taskinstance.py:1420} INFO - Marking task as FAILED. dag_id=fetch_exchange_rates_dag, task_id=fetch_exchange_rates_task, execution_date=20230725T151000, start_date=20230725T203833, end_date=20230725T203834
[2023-07-25 20:38:34,998] {standard_task_runner.py:97} ERROR - Failed to execute job 189 for task fetch_exchange_rates_task (name 'PostgresOperator' is not defined; 9253)
[2023-07-25 20:38:35,041] {local_task_job.py:156} INFO - Task exited with return code 1
[2023-07-25 20:38:35,073] {local_task_job.py:273} INFO - 0 downstream tasks scheduled from follow-on schedule check
[2023-07-26 05:05:51,499] {taskinstance.py:1179} INFO - Dependencies all met for <TaskInstance: fetch_exchange_rates_dag.fetch_exchange_rates_task scheduled__2023-07-25T15:10:00+00:00 [queued]>
[2023-07-26 05:05:51,573] {taskinstance.py:1179} INFO - Dependencies all met for <TaskInstance: fetch_exchange_rates_dag.fetch_exchange_rates_task scheduled__2023-07-25T15:10:00+00:00 [queued]>
[2023-07-26 05:05:51,574] {taskinstance.py:1376} INFO - 
--------------------------------------------------------------------------------
[2023-07-26 05:05:51,580] {taskinstance.py:1377} INFO - Starting attempt 1 of 1
[2023-07-26 05:05:51,581] {taskinstance.py:1378} INFO - 
--------------------------------------------------------------------------------
[2023-07-26 05:05:51,636] {taskinstance.py:1397} INFO - Executing <Task(PythonOperator): fetch_exchange_rates_task> on 2023-07-25 15:10:00+00:00
[2023-07-26 05:05:51,697] {standard_task_runner.py:52} INFO - Started process 1336 to run task
[2023-07-26 05:05:51,708] {standard_task_runner.py:79} INFO - Running: ['***', 'tasks', 'run', 'fetch_exchange_rates_dag', 'fetch_exchange_rates_task', 'scheduled__2023-07-25T15:10:00+00:00', '--job-id', '329', '--raw', '--subdir', 'DAGS_FOLDER/my_calc_rates.py', '--cfg-path', '/tmp/tmp6j0kqcky', '--error-file', '/tmp/tmpogkm_uf3']
[2023-07-26 05:05:51,722] {standard_task_runner.py:80} INFO - Job 329: Subtask fetch_exchange_rates_task
[2023-07-26 05:05:52,005] {task_command.py:371} INFO - Running <TaskInstance: fetch_exchange_rates_dag.fetch_exchange_rates_task scheduled__2023-07-25T15:10:00+00:00 [running]> on host acb6bca32630
[2023-07-26 05:05:52,654] {taskinstance.py:1591} INFO - Exporting the following env vars:
AIRFLOW_CTX_DAG_OWNER=marina_z
AIRFLOW_CTX_DAG_ID=fetch_exchange_rates_dag
AIRFLOW_CTX_TASK_ID=fetch_exchange_rates_task
AIRFLOW_CTX_EXECUTION_DATE=2023-07-25T15:10:00+00:00
AIRFLOW_CTX_TRY_NUMBER=1
AIRFLOW_CTX_DAG_RUN_ID=scheduled__2023-07-25T15:10:00+00:00
[2023-07-26 05:05:53,384] {logging_mixin.py:115} INFO - Save a new file exchange_latest_BTC.csv
[2023-07-26 05:05:53,392] {logging_mixin.py:115} INFO - Create a new table exchange_latest_BTC
[2023-07-26 05:05:53,416] {logging_mixin.py:115} INFO - Insert into table exchange_latest_BTC
[2023-07-26 05:05:53,951] {logging_mixin.py:115} INFO - Save a new file exchange_latest_EUR.csv
[2023-07-26 05:05:53,952] {logging_mixin.py:115} INFO - Create a new table exchange_latest_EUR
[2023-07-26 05:05:53,968] {logging_mixin.py:115} INFO - Insert into table exchange_latest_EUR
[2023-07-26 05:05:54,412] {logging_mixin.py:115} INFO - Save a new file exchange_latest_GBR.csv
[2023-07-26 05:05:54,414] {logging_mixin.py:115} INFO - Create a new table exchange_latest_GBR
[2023-07-26 05:05:54,421] {logging_mixin.py:115} INFO - Insert into table exchange_latest_GBR
[2023-07-26 05:05:54,855] {logging_mixin.py:115} INFO - Save a new file exchange_latest_JPY.csv
[2023-07-26 05:05:54,868] {logging_mixin.py:115} INFO - Create a new table exchange_latest_JPY
[2023-07-26 05:05:54,898] {logging_mixin.py:115} INFO - Insert into table exchange_latest_JPY
[2023-07-26 05:05:55,462] {logging_mixin.py:115} INFO - Save a new file exchange_latest_CNY.csv
[2023-07-26 05:05:55,463] {logging_mixin.py:115} INFO - Create a new table exchange_latest_CNY
[2023-07-26 05:05:55,477] {logging_mixin.py:115} INFO - Insert into table exchange_latest_CNY
[2023-07-26 05:05:55,501] {python.py:173} INFO - Done. Returned value was: None
[2023-07-26 05:05:55,823] {taskinstance.py:1420} INFO - Marking task as SUCCESS. dag_id=fetch_exchange_rates_dag, task_id=fetch_exchange_rates_task, execution_date=20230725T151000, start_date=20230726T050551, end_date=20230726T050555
[2023-07-26 05:05:56,127] {local_task_job.py:156} INFO - Task exited with return code 0
[2023-07-26 05:05:56,438] {local_task_job.py:273} INFO - 1 downstream tasks scheduled from follow-on schedule check
