[2023-07-25 20:38:16,005] {taskinstance.py:1179} INFO - Dependencies all met for <TaskInstance: fetch_exchange_rates_dag.fetch_exchange_rates_task scheduled__2023-07-25T11:40:00+00:00 [queued]>
[2023-07-25 20:38:16,027] {taskinstance.py:1179} INFO - Dependencies all met for <TaskInstance: fetch_exchange_rates_dag.fetch_exchange_rates_task scheduled__2023-07-25T11:40:00+00:00 [queued]>
[2023-07-25 20:38:16,030] {taskinstance.py:1376} INFO - 
--------------------------------------------------------------------------------
[2023-07-25 20:38:16,035] {taskinstance.py:1377} INFO - Starting attempt 1 of 1
[2023-07-25 20:38:16,036] {taskinstance.py:1378} INFO - 
--------------------------------------------------------------------------------
[2023-07-25 20:38:16,054] {taskinstance.py:1397} INFO - Executing <Task(PythonOperator): fetch_exchange_rates_task> on 2023-07-25 11:40:00+00:00
[2023-07-25 20:38:16,064] {standard_task_runner.py:52} INFO - Started process 9171 to run task
[2023-07-25 20:38:16,074] {standard_task_runner.py:79} INFO - Running: ['***', 'tasks', 'run', 'fetch_exchange_rates_dag', 'fetch_exchange_rates_task', 'scheduled__2023-07-25T11:40:00+00:00', '--job-id', '168', '--raw', '--subdir', 'DAGS_FOLDER/my_calc_rates.py', '--cfg-path', '/tmp/tmpgk8zu25a', '--error-file', '/tmp/tmpehezzwpk']
[2023-07-25 20:38:16,076] {standard_task_runner.py:80} INFO - Job 168: Subtask fetch_exchange_rates_task
[2023-07-25 20:38:16,331] {task_command.py:371} INFO - Running <TaskInstance: fetch_exchange_rates_dag.fetch_exchange_rates_task scheduled__2023-07-25T11:40:00+00:00 [running]> on host 661c8d62a693
[2023-07-25 20:38:16,435] {taskinstance.py:1591} INFO - Exporting the following env vars:
AIRFLOW_CTX_DAG_OWNER=marina_z
AIRFLOW_CTX_DAG_ID=fetch_exchange_rates_dag
AIRFLOW_CTX_TASK_ID=fetch_exchange_rates_task
AIRFLOW_CTX_EXECUTION_DATE=2023-07-25T11:40:00+00:00
AIRFLOW_CTX_TRY_NUMBER=1
AIRFLOW_CTX_DAG_RUN_ID=scheduled__2023-07-25T11:40:00+00:00
[2023-07-25 20:38:18,140] {taskinstance.py:1909} ERROR - Task failed with exception
Traceback (most recent call last):
  File "/home/airflow/.local/lib/python3.7/site-packages/airflow/operators/python.py", line 171, in execute
    return_value = self.execute_callable()
  File "/home/airflow/.local/lib/python3.7/site-packages/airflow/operators/python.py", line 189, in execute_callable
    return self.python_callable(*self.op_args, **self.op_kwargs)
  File "/opt/airflow/dags/my_calc_rates.py", line 69, in fetch_exchange_rates
    load_to_postgres = PostgresOperator(
NameError: name 'PostgresOperator' is not defined
[2023-07-25 20:38:18,156] {taskinstance.py:1420} INFO - Marking task as FAILED. dag_id=fetch_exchange_rates_dag, task_id=fetch_exchange_rates_task, execution_date=20230725T114000, start_date=20230725T203816, end_date=20230725T203818
[2023-07-25 20:38:18,178] {standard_task_runner.py:97} ERROR - Failed to execute job 168 for task fetch_exchange_rates_task (name 'PostgresOperator' is not defined; 9171)
[2023-07-25 20:38:18,227] {local_task_job.py:156} INFO - Task exited with return code 1
[2023-07-25 20:38:18,301] {local_task_job.py:273} INFO - 0 downstream tasks scheduled from follow-on schedule check
[2023-07-26 05:05:16,399] {taskinstance.py:1179} INFO - Dependencies all met for <TaskInstance: fetch_exchange_rates_dag.fetch_exchange_rates_task scheduled__2023-07-25T11:40:00+00:00 [queued]>
[2023-07-26 05:05:16,429] {taskinstance.py:1179} INFO - Dependencies all met for <TaskInstance: fetch_exchange_rates_dag.fetch_exchange_rates_task scheduled__2023-07-25T11:40:00+00:00 [queued]>
[2023-07-26 05:05:16,431] {taskinstance.py:1376} INFO - 
--------------------------------------------------------------------------------
[2023-07-26 05:05:16,432] {taskinstance.py:1377} INFO - Starting attempt 1 of 1
[2023-07-26 05:05:16,433] {taskinstance.py:1378} INFO - 
--------------------------------------------------------------------------------
[2023-07-26 05:05:16,550] {taskinstance.py:1397} INFO - Executing <Task(PythonOperator): fetch_exchange_rates_task> on 2023-07-25 11:40:00+00:00
[2023-07-26 05:05:16,574] {standard_task_runner.py:52} INFO - Started process 1076 to run task
[2023-07-26 05:05:16,586] {standard_task_runner.py:79} INFO - Running: ['***', 'tasks', 'run', 'fetch_exchange_rates_dag', 'fetch_exchange_rates_task', 'scheduled__2023-07-25T11:40:00+00:00', '--job-id', '256', '--raw', '--subdir', 'DAGS_FOLDER/my_calc_rates.py', '--cfg-path', '/tmp/tmpc2vllqas', '--error-file', '/tmp/tmp29y0jj_7']
[2023-07-26 05:05:16,599] {standard_task_runner.py:80} INFO - Job 256: Subtask fetch_exchange_rates_task
[2023-07-26 05:05:17,001] {task_command.py:371} INFO - Running <TaskInstance: fetch_exchange_rates_dag.fetch_exchange_rates_task scheduled__2023-07-25T11:40:00+00:00 [running]> on host acb6bca32630
[2023-07-26 05:05:17,340] {taskinstance.py:1591} INFO - Exporting the following env vars:
AIRFLOW_CTX_DAG_OWNER=marina_z
AIRFLOW_CTX_DAG_ID=fetch_exchange_rates_dag
AIRFLOW_CTX_TASK_ID=fetch_exchange_rates_task
AIRFLOW_CTX_EXECUTION_DATE=2023-07-25T11:40:00+00:00
AIRFLOW_CTX_TRY_NUMBER=1
AIRFLOW_CTX_DAG_RUN_ID=scheduled__2023-07-25T11:40:00+00:00
[2023-07-26 05:05:17,786] {logging_mixin.py:115} INFO - Save a new file exchange_latest_BTC.csv
[2023-07-26 05:05:17,787] {logging_mixin.py:115} INFO - Create a new table exchange_latest_BTC
[2023-07-26 05:05:17,795] {logging_mixin.py:115} INFO - Insert into table exchange_latest_BTC
[2023-07-26 05:05:18,131] {logging_mixin.py:115} INFO - Save a new file exchange_latest_EUR.csv
[2023-07-26 05:05:18,132] {logging_mixin.py:115} INFO - Create a new table exchange_latest_EUR
[2023-07-26 05:05:18,137] {logging_mixin.py:115} INFO - Insert into table exchange_latest_EUR
[2023-07-26 05:05:18,508] {logging_mixin.py:115} INFO - Save a new file exchange_latest_GBR.csv
[2023-07-26 05:05:18,509] {logging_mixin.py:115} INFO - Create a new table exchange_latest_GBR
[2023-07-26 05:05:18,519] {logging_mixin.py:115} INFO - Insert into table exchange_latest_GBR
[2023-07-26 05:05:18,951] {logging_mixin.py:115} INFO - Save a new file exchange_latest_JPY.csv
[2023-07-26 05:05:18,952] {logging_mixin.py:115} INFO - Create a new table exchange_latest_JPY
[2023-07-26 05:05:18,961] {logging_mixin.py:115} INFO - Insert into table exchange_latest_JPY
[2023-07-26 05:05:19,424] {logging_mixin.py:115} INFO - Save a new file exchange_latest_CNY.csv
[2023-07-26 05:05:19,426] {logging_mixin.py:115} INFO - Create a new table exchange_latest_CNY
[2023-07-26 05:05:19,437] {logging_mixin.py:115} INFO - Insert into table exchange_latest_CNY
[2023-07-26 05:05:19,459] {python.py:173} INFO - Done. Returned value was: None
[2023-07-26 05:05:19,527] {taskinstance.py:1420} INFO - Marking task as SUCCESS. dag_id=fetch_exchange_rates_dag, task_id=fetch_exchange_rates_task, execution_date=20230725T114000, start_date=20230726T050516, end_date=20230726T050519
[2023-07-26 05:05:19,678] {local_task_job.py:156} INFO - Task exited with return code 0
[2023-07-26 05:05:20,074] {local_task_job.py:273} INFO - 0 downstream tasks scheduled from follow-on schedule check
