[2023-07-26 04:08:50,448] {taskinstance.py:1179} INFO - Dependencies all met for <TaskInstance: fetch_exchange_rates_dag.fetch_exchange_rates_task manual__2023-07-26T04:08:47.196610+00:00 [queued]>
[2023-07-26 04:08:50,458] {taskinstance.py:1179} INFO - Dependencies all met for <TaskInstance: fetch_exchange_rates_dag.fetch_exchange_rates_task manual__2023-07-26T04:08:47.196610+00:00 [queued]>
[2023-07-26 04:08:50,459] {taskinstance.py:1376} INFO - 
--------------------------------------------------------------------------------
[2023-07-26 04:08:50,459] {taskinstance.py:1377} INFO - Starting attempt 1 of 1
[2023-07-26 04:08:50,460] {taskinstance.py:1378} INFO - 
--------------------------------------------------------------------------------
[2023-07-26 04:08:50,474] {taskinstance.py:1397} INFO - Executing <Task(PythonOperator): fetch_exchange_rates_task> on 2023-07-26 04:08:47.196610+00:00
[2023-07-26 04:08:50,479] {standard_task_runner.py:52} INFO - Started process 6480 to run task
[2023-07-26 04:08:50,482] {standard_task_runner.py:79} INFO - Running: ['***', 'tasks', 'run', 'fetch_exchange_rates_dag', 'fetch_exchange_rates_task', 'manual__2023-07-26T04:08:47.196610+00:00', '--job-id', '28', '--raw', '--subdir', 'DAGS_FOLDER/my_calc_rates.py', '--cfg-path', '/tmp/tmppadg5b_l', '--error-file', '/tmp/tmp0g47vot1']
[2023-07-26 04:08:50,484] {standard_task_runner.py:80} INFO - Job 28: Subtask fetch_exchange_rates_task
[2023-07-26 04:08:50,553] {task_command.py:371} INFO - Running <TaskInstance: fetch_exchange_rates_dag.fetch_exchange_rates_task manual__2023-07-26T04:08:47.196610+00:00 [running]> on host 6e11a261c833
[2023-07-26 04:08:50,610] {taskinstance.py:1591} INFO - Exporting the following env vars:
AIRFLOW_CTX_DAG_OWNER=marina_z
AIRFLOW_CTX_DAG_ID=fetch_exchange_rates_dag
AIRFLOW_CTX_TASK_ID=fetch_exchange_rates_task
AIRFLOW_CTX_EXECUTION_DATE=2023-07-26T04:08:47.196610+00:00
AIRFLOW_CTX_TRY_NUMBER=1
AIRFLOW_CTX_DAG_RUN_ID=manual__2023-07-26T04:08:47.196610+00:00
[2023-07-26 04:08:50,973] {logging_mixin.py:115} INFO - Save a new table exchange_latest_BTC.csv
[2023-07-26 04:08:50,974] {logging_mixin.py:115} INFO - Create a new table exchange_latest_BTC.csv
[2023-07-26 04:08:50,981] {logging_mixin.py:115} INFO - Insert into table exchange_latest_BTC.csv
[2023-07-26 04:08:51,300] {logging_mixin.py:115} INFO - Save a new table exchange_latest_EUR.csv
[2023-07-26 04:08:51,301] {logging_mixin.py:115} INFO - Create a new table exchange_latest_EUR.csv
[2023-07-26 04:08:51,309] {logging_mixin.py:115} INFO - Insert into table exchange_latest_EUR.csv
[2023-07-26 04:08:51,610] {logging_mixin.py:115} INFO - Save a new table exchange_latest_GBR.csv
[2023-07-26 04:08:51,611] {logging_mixin.py:115} INFO - Create a new table exchange_latest_GBR.csv
[2023-07-26 04:08:51,617] {logging_mixin.py:115} INFO - Insert into table exchange_latest_GBR.csv
[2023-07-26 04:08:51,935] {logging_mixin.py:115} INFO - Save a new table exchange_latest_JPY.csv
[2023-07-26 04:08:51,936] {logging_mixin.py:115} INFO - Create a new table exchange_latest_JPY.csv
[2023-07-26 04:08:51,950] {logging_mixin.py:115} INFO - Insert into table exchange_latest_JPY.csv
[2023-07-26 04:08:52,320] {logging_mixin.py:115} INFO - Save a new table exchange_latest_CNY.csv
[2023-07-26 04:08:52,321] {logging_mixin.py:115} INFO - Create a new table exchange_latest_CNY.csv
[2023-07-26 04:08:52,329] {logging_mixin.py:115} INFO - Insert into table exchange_latest_CNY.csv
[2023-07-26 04:08:52,346] {python.py:173} INFO - Done. Returned value was: None
[2023-07-26 04:08:52,361] {taskinstance.py:1420} INFO - Marking task as SUCCESS. dag_id=fetch_exchange_rates_dag, task_id=fetch_exchange_rates_task, execution_date=20230726T040847, start_date=20230726T040850, end_date=20230726T040852
[2023-07-26 04:08:52,387] {local_task_job.py:156} INFO - Task exited with return code 0
[2023-07-26 04:08:52,428] {local_task_job.py:273} INFO - 1 downstream tasks scheduled from follow-on schedule check
