[2023-07-25 21:10:00,590] {taskinstance.py:1179} INFO - Dependencies all met for <TaskInstance: calc-rates.bash_task scheduled__2023-07-25T21:05:00+00:00 [queued]>
[2023-07-25 21:10:00,601] {taskinstance.py:1179} INFO - Dependencies all met for <TaskInstance: calc-rates.bash_task scheduled__2023-07-25T21:05:00+00:00 [queued]>
[2023-07-25 21:10:00,602] {taskinstance.py:1376} INFO - 
--------------------------------------------------------------------------------
[2023-07-25 21:10:00,603] {taskinstance.py:1377} INFO - Starting attempt 1 of 1
[2023-07-25 21:10:00,604] {taskinstance.py:1378} INFO - 
--------------------------------------------------------------------------------
[2023-07-25 21:10:00,621] {taskinstance.py:1397} INFO - Executing <Task(BashOperator): bash_task> on 2023-07-25 21:05:00+00:00
[2023-07-25 21:10:00,626] {standard_task_runner.py:52} INFO - Started process 10949 to run task
[2023-07-25 21:10:00,629] {standard_task_runner.py:79} INFO - Running: ['***', 'tasks', 'run', 'calc-rates', 'bash_task', 'scheduled__2023-07-25T21:05:00+00:00', '--job-id', '247', '--raw', '--subdir', 'DAGS_FOLDER/calc_rates.py', '--cfg-path', '/tmp/tmp9xjhh315', '--error-file', '/tmp/tmp0az4hqnu']
[2023-07-25 21:10:00,631] {standard_task_runner.py:80} INFO - Job 247: Subtask bash_task
[2023-07-25 21:10:00,716] {task_command.py:371} INFO - Running <TaskInstance: calc-rates.bash_task scheduled__2023-07-25T21:05:00+00:00 [running]> on host 661c8d62a693
[2023-07-25 21:10:00,789] {taskinstance.py:1591} INFO - Exporting the following env vars:
AIRFLOW_CTX_DAG_OWNER=marina_z
AIRFLOW_CTX_DAG_ID=calc-rates
AIRFLOW_CTX_TASK_ID=bash_task
AIRFLOW_CTX_EXECUTION_DATE=2023-07-25T21:05:00+00:00
AIRFLOW_CTX_TRY_NUMBER=1
AIRFLOW_CTX_DAG_RUN_ID=scheduled__2023-07-25T21:05:00+00:00
[2023-07-25 21:10:00,791] {subprocess.py:62} INFO - Tmp dir root location: 
 /tmp
[2023-07-25 21:10:00,792] {subprocess.py:74} INFO - Running command: ['bash', '-c', "echo 'Hello, World!'"]
[2023-07-25 21:10:00,801] {subprocess.py:85} INFO - Output:
[2023-07-25 21:10:00,803] {subprocess.py:92} INFO - Hello, World!
[2023-07-25 21:10:00,804] {subprocess.py:96} INFO - Command exited with return code 0
[2023-07-25 21:10:00,834] {taskinstance.py:1420} INFO - Marking task as SUCCESS. dag_id=calc-rates, task_id=bash_task, execution_date=20230725T210500, start_date=20230725T211000, end_date=20230725T211000
[2023-07-25 21:10:00,883] {local_task_job.py:156} INFO - Task exited with return code 0
[2023-07-25 21:10:00,929] {local_task_job.py:273} INFO - 1 downstream tasks scheduled from follow-on schedule check
