[2023-07-26 23:49:37,274] {processor.py:153} INFO - Started process (PID=34) to work on /opt/airflow/dags/my_calc_rates.py
[2023-07-26 23:49:37,286] {processor.py:641} INFO - Processing file /opt/airflow/dags/my_calc_rates.py for tasks to queue
[2023-07-26 23:49:37,289] {logging_mixin.py:115} INFO - [2023-07-26 23:49:37,288] {dagbag.py:508} INFO - Filling up the DagBag from /opt/airflow/dags/my_calc_rates.py
[2023-07-26 23:49:38,724] {logging_mixin.py:115} INFO - [2023-07-26 23:49:38,724] {crypto.py:82} WARNING - empty cryptography key - values will not be stored encrypted.
[2023-07-26 23:49:38,739] {processor.py:651} INFO - DAG(s) dict_keys(['fetch_exchange_rates_dag']) retrieved from /opt/airflow/dags/my_calc_rates.py
[2023-07-26 23:49:39,223] {logging_mixin.py:115} INFO - [2023-07-26 23:49:39,223] {manager.py:508} INFO - Created Permission View: can delete on DAG:fetch_exchange_rates_dag
[2023-07-26 23:49:39,269] {logging_mixin.py:115} INFO - [2023-07-26 23:49:39,269] {manager.py:508} INFO - Created Permission View: can read on DAG:fetch_exchange_rates_dag
[2023-07-26 23:49:39,304] {logging_mixin.py:115} INFO - [2023-07-26 23:49:39,303] {manager.py:508} INFO - Created Permission View: can edit on DAG:fetch_exchange_rates_dag
[2023-07-26 23:49:39,347] {logging_mixin.py:115} INFO - [2023-07-26 23:49:39,309] {dag.py:2420} INFO - Sync 1 DAGs
[2023-07-26 23:49:39,387] {logging_mixin.py:115} INFO - [2023-07-26 23:49:39,386] {dag.py:2439} INFO - Creating ORM DAG for fetch_exchange_rates_dag
[2023-07-26 23:49:39,422] {logging_mixin.py:115} INFO - [2023-07-26 23:49:39,421] {dag.py:2972} INFO - Setting next_dagrun for fetch_exchange_rates_dag to 2023-07-25T00:00:00+00:00, run_after=2023-07-25T00:10:00+00:00
[2023-07-26 23:49:39,469] {processor.py:161} INFO - Processing /opt/airflow/dags/my_calc_rates.py took 2.347 seconds
[2023-07-26 23:50:10,069] {processor.py:153} INFO - Started process (PID=101) to work on /opt/airflow/dags/my_calc_rates.py
[2023-07-26 23:50:10,070] {processor.py:641} INFO - Processing file /opt/airflow/dags/my_calc_rates.py for tasks to queue
[2023-07-26 23:50:10,071] {logging_mixin.py:115} INFO - [2023-07-26 23:50:10,071] {dagbag.py:508} INFO - Filling up the DagBag from /opt/airflow/dags/my_calc_rates.py
[2023-07-26 23:50:10,333] {logging_mixin.py:115} INFO - [2023-07-26 23:50:10,333] {crypto.py:82} WARNING - empty cryptography key - values will not be stored encrypted.
[2023-07-26 23:50:10,336] {processor.py:651} INFO - DAG(s) dict_keys(['fetch_exchange_rates_dag']) retrieved from /opt/airflow/dags/my_calc_rates.py
[2023-07-26 23:50:10,356] {logging_mixin.py:115} INFO - [2023-07-26 23:50:10,355] {dag.py:2420} INFO - Sync 1 DAGs
[2023-07-26 23:50:10,374] {logging_mixin.py:115} INFO - [2023-07-26 23:50:10,373] {dag.py:2972} INFO - Setting next_dagrun for fetch_exchange_rates_dag to 2023-07-25T00:00:00+00:00, run_after=2023-07-25T00:10:00+00:00
[2023-07-26 23:50:10,389] {processor.py:161} INFO - Processing /opt/airflow/dags/my_calc_rates.py took 0.322 seconds
[2023-07-26 23:50:40,501] {processor.py:153} INFO - Started process (PID=165) to work on /opt/airflow/dags/my_calc_rates.py
[2023-07-26 23:50:40,503] {processor.py:641} INFO - Processing file /opt/airflow/dags/my_calc_rates.py for tasks to queue
[2023-07-26 23:50:40,504] {logging_mixin.py:115} INFO - [2023-07-26 23:50:40,504] {dagbag.py:508} INFO - Filling up the DagBag from /opt/airflow/dags/my_calc_rates.py
[2023-07-26 23:50:40,719] {logging_mixin.py:115} INFO - [2023-07-26 23:50:40,719] {crypto.py:82} WARNING - empty cryptography key - values will not be stored encrypted.
[2023-07-26 23:50:40,722] {processor.py:651} INFO - DAG(s) dict_keys(['fetch_exchange_rates_dag']) retrieved from /opt/airflow/dags/my_calc_rates.py
[2023-07-26 23:50:40,741] {logging_mixin.py:115} INFO - [2023-07-26 23:50:40,741] {dag.py:2420} INFO - Sync 1 DAGs
[2023-07-26 23:50:40,758] {logging_mixin.py:115} INFO - [2023-07-26 23:50:40,758] {dag.py:2972} INFO - Setting next_dagrun for fetch_exchange_rates_dag to 2023-07-25T00:00:00+00:00, run_after=2023-07-25T00:10:00+00:00
[2023-07-26 23:50:40,771] {processor.py:161} INFO - Processing /opt/airflow/dags/my_calc_rates.py took 0.272 seconds
[2023-07-26 23:51:10,888] {processor.py:153} INFO - Started process (PID=230) to work on /opt/airflow/dags/my_calc_rates.py
[2023-07-26 23:51:10,889] {processor.py:641} INFO - Processing file /opt/airflow/dags/my_calc_rates.py for tasks to queue
[2023-07-26 23:51:10,890] {logging_mixin.py:115} INFO - [2023-07-26 23:51:10,890] {dagbag.py:508} INFO - Filling up the DagBag from /opt/airflow/dags/my_calc_rates.py
[2023-07-26 23:51:11,089] {logging_mixin.py:115} INFO - [2023-07-26 23:51:11,089] {crypto.py:82} WARNING - empty cryptography key - values will not be stored encrypted.
[2023-07-26 23:51:11,092] {processor.py:651} INFO - DAG(s) dict_keys(['fetch_exchange_rates_dag']) retrieved from /opt/airflow/dags/my_calc_rates.py
[2023-07-26 23:51:11,109] {logging_mixin.py:115} INFO - [2023-07-26 23:51:11,109] {dag.py:2420} INFO - Sync 1 DAGs
[2023-07-26 23:51:11,124] {logging_mixin.py:115} INFO - [2023-07-26 23:51:11,124] {dag.py:2972} INFO - Setting next_dagrun for fetch_exchange_rates_dag to 2023-07-25T00:00:00+00:00, run_after=2023-07-25T00:10:00+00:00
[2023-07-26 23:51:11,133] {processor.py:161} INFO - Processing /opt/airflow/dags/my_calc_rates.py took 0.249 seconds
[2023-07-26 23:51:41,229] {processor.py:153} INFO - Started process (PID=295) to work on /opt/airflow/dags/my_calc_rates.py
[2023-07-26 23:51:41,230] {processor.py:641} INFO - Processing file /opt/airflow/dags/my_calc_rates.py for tasks to queue
[2023-07-26 23:51:41,231] {logging_mixin.py:115} INFO - [2023-07-26 23:51:41,231] {dagbag.py:508} INFO - Filling up the DagBag from /opt/airflow/dags/my_calc_rates.py
[2023-07-26 23:51:41,430] {logging_mixin.py:115} INFO - [2023-07-26 23:51:41,430] {crypto.py:82} WARNING - empty cryptography key - values will not be stored encrypted.
[2023-07-26 23:51:41,433] {processor.py:651} INFO - DAG(s) dict_keys(['fetch_exchange_rates_dag']) retrieved from /opt/airflow/dags/my_calc_rates.py
[2023-07-26 23:51:41,453] {logging_mixin.py:115} INFO - [2023-07-26 23:51:41,452] {dag.py:2420} INFO - Sync 1 DAGs
[2023-07-26 23:51:41,471] {logging_mixin.py:115} INFO - [2023-07-26 23:51:41,471] {dag.py:2972} INFO - Setting next_dagrun for fetch_exchange_rates_dag to 2023-07-25T00:00:00+00:00, run_after=2023-07-25T00:10:00+00:00
[2023-07-26 23:51:41,482] {processor.py:161} INFO - Processing /opt/airflow/dags/my_calc_rates.py took 0.256 seconds
[2023-07-26 23:52:12,388] {processor.py:153} INFO - Started process (PID=349) to work on /opt/airflow/dags/my_calc_rates.py
[2023-07-26 23:52:12,389] {processor.py:641} INFO - Processing file /opt/airflow/dags/my_calc_rates.py for tasks to queue
[2023-07-26 23:52:12,390] {logging_mixin.py:115} INFO - [2023-07-26 23:52:12,390] {dagbag.py:508} INFO - Filling up the DagBag from /opt/airflow/dags/my_calc_rates.py
[2023-07-26 23:52:12,573] {logging_mixin.py:115} INFO - [2023-07-26 23:52:12,573] {crypto.py:82} WARNING - empty cryptography key - values will not be stored encrypted.
[2023-07-26 23:52:12,576] {processor.py:651} INFO - DAG(s) dict_keys(['fetch_exchange_rates_dag']) retrieved from /opt/airflow/dags/my_calc_rates.py
[2023-07-26 23:52:12,596] {logging_mixin.py:115} INFO - [2023-07-26 23:52:12,596] {dag.py:2420} INFO - Sync 1 DAGs
[2023-07-26 23:52:12,615] {logging_mixin.py:115} INFO - [2023-07-26 23:52:12,615] {dag.py:2972} INFO - Setting next_dagrun for fetch_exchange_rates_dag to 2023-07-25T00:00:00+00:00, run_after=2023-07-25T00:10:00+00:00
[2023-07-26 23:52:12,626] {processor.py:161} INFO - Processing /opt/airflow/dags/my_calc_rates.py took 0.240 seconds
[2023-07-26 23:52:42,743] {processor.py:153} INFO - Started process (PID=413) to work on /opt/airflow/dags/my_calc_rates.py
[2023-07-26 23:52:42,744] {processor.py:641} INFO - Processing file /opt/airflow/dags/my_calc_rates.py for tasks to queue
[2023-07-26 23:52:42,745] {logging_mixin.py:115} INFO - [2023-07-26 23:52:42,745] {dagbag.py:508} INFO - Filling up the DagBag from /opt/airflow/dags/my_calc_rates.py
[2023-07-26 23:52:42,939] {logging_mixin.py:115} INFO - [2023-07-26 23:52:42,939] {crypto.py:82} WARNING - empty cryptography key - values will not be stored encrypted.
[2023-07-26 23:52:42,943] {processor.py:651} INFO - DAG(s) dict_keys(['fetch_exchange_rates_dag']) retrieved from /opt/airflow/dags/my_calc_rates.py
[2023-07-26 23:52:42,962] {logging_mixin.py:115} INFO - [2023-07-26 23:52:42,961] {dag.py:2420} INFO - Sync 1 DAGs
[2023-07-26 23:52:42,980] {logging_mixin.py:115} INFO - [2023-07-26 23:52:42,980] {dag.py:2972} INFO - Setting next_dagrun for fetch_exchange_rates_dag to 2023-07-25T00:00:00+00:00, run_after=2023-07-25T00:10:00+00:00
[2023-07-26 23:52:42,991] {processor.py:161} INFO - Processing /opt/airflow/dags/my_calc_rates.py took 0.250 seconds
[2023-07-26 23:53:13,090] {processor.py:153} INFO - Started process (PID=477) to work on /opt/airflow/dags/my_calc_rates.py
[2023-07-26 23:53:13,091] {processor.py:641} INFO - Processing file /opt/airflow/dags/my_calc_rates.py for tasks to queue
[2023-07-26 23:53:13,092] {logging_mixin.py:115} INFO - [2023-07-26 23:53:13,092] {dagbag.py:508} INFO - Filling up the DagBag from /opt/airflow/dags/my_calc_rates.py
[2023-07-26 23:53:13,250] {logging_mixin.py:115} INFO - [2023-07-26 23:53:13,250] {crypto.py:82} WARNING - empty cryptography key - values will not be stored encrypted.
[2023-07-26 23:53:13,253] {processor.py:651} INFO - DAG(s) dict_keys(['fetch_exchange_rates_dag']) retrieved from /opt/airflow/dags/my_calc_rates.py
[2023-07-26 23:53:13,270] {logging_mixin.py:115} INFO - [2023-07-26 23:53:13,269] {dag.py:2420} INFO - Sync 1 DAGs
[2023-07-26 23:53:13,284] {logging_mixin.py:115} INFO - [2023-07-26 23:53:13,284] {dag.py:2972} INFO - Setting next_dagrun for fetch_exchange_rates_dag to 2023-07-25T00:00:00+00:00, run_after=2023-07-25T00:10:00+00:00
[2023-07-26 23:53:13,294] {processor.py:161} INFO - Processing /opt/airflow/dags/my_calc_rates.py took 0.206 seconds
[2023-07-26 23:53:43,533] {processor.py:153} INFO - Started process (PID=541) to work on /opt/airflow/dags/my_calc_rates.py
[2023-07-26 23:53:43,535] {processor.py:641} INFO - Processing file /opt/airflow/dags/my_calc_rates.py for tasks to queue
[2023-07-26 23:53:43,536] {logging_mixin.py:115} INFO - [2023-07-26 23:53:43,536] {dagbag.py:508} INFO - Filling up the DagBag from /opt/airflow/dags/my_calc_rates.py
[2023-07-26 23:53:44,201] {logging_mixin.py:115} INFO - [2023-07-26 23:53:44,201] {crypto.py:82} WARNING - empty cryptography key - values will not be stored encrypted.
[2023-07-26 23:53:44,215] {processor.py:651} INFO - DAG(s) dict_keys(['fetch_exchange_rates_dag']) retrieved from /opt/airflow/dags/my_calc_rates.py
[2023-07-26 23:53:44,283] {logging_mixin.py:115} INFO - [2023-07-26 23:53:44,282] {dag.py:2420} INFO - Sync 1 DAGs
[2023-07-26 23:53:44,375] {logging_mixin.py:115} INFO - [2023-07-26 23:53:44,374] {dag.py:2972} INFO - Setting next_dagrun for fetch_exchange_rates_dag to 2023-07-25T01:50:00+00:00, run_after=2023-07-25T02:00:00+00:00
[2023-07-26 23:53:44,402] {processor.py:161} INFO - Processing /opt/airflow/dags/my_calc_rates.py took 0.875 seconds
[2023-07-26 23:54:14,607] {processor.py:153} INFO - Started process (PID=683) to work on /opt/airflow/dags/my_calc_rates.py
[2023-07-26 23:54:14,611] {processor.py:641} INFO - Processing file /opt/airflow/dags/my_calc_rates.py for tasks to queue
[2023-07-26 23:54:14,613] {logging_mixin.py:115} INFO - [2023-07-26 23:54:14,613] {dagbag.py:508} INFO - Filling up the DagBag from /opt/airflow/dags/my_calc_rates.py
[2023-07-26 23:54:15,617] {logging_mixin.py:115} INFO - [2023-07-26 23:54:15,617] {crypto.py:82} WARNING - empty cryptography key - values will not be stored encrypted.
[2023-07-26 23:54:15,626] {processor.py:651} INFO - DAG(s) dict_keys(['fetch_exchange_rates_dag']) retrieved from /opt/airflow/dags/my_calc_rates.py
[2023-07-26 23:54:15,674] {logging_mixin.py:115} INFO - [2023-07-26 23:54:15,669] {dag.py:2420} INFO - Sync 1 DAGs
[2023-07-26 23:54:15,729] {logging_mixin.py:115} INFO - [2023-07-26 23:54:15,728] {dag.py:2972} INFO - Setting next_dagrun for fetch_exchange_rates_dag to 2023-07-25T05:10:00+00:00, run_after=2023-07-25T05:20:00+00:00
[2023-07-26 23:54:15,759] {processor.py:161} INFO - Processing /opt/airflow/dags/my_calc_rates.py took 1.157 seconds
