[2023-07-26 00:00:01,771] {taskinstance.py:1179} INFO - Dependencies all met for <TaskInstance: calc-rates.import_rates scheduled__2023-07-25T23:55:00+00:00 [queued]>
[2023-07-26 00:00:01,778] {taskinstance.py:1179} INFO - Dependencies all met for <TaskInstance: calc-rates.import_rates scheduled__2023-07-25T23:55:00+00:00 [queued]>
[2023-07-26 00:00:01,779] {taskinstance.py:1376} INFO - 
--------------------------------------------------------------------------------
[2023-07-26 00:00:01,780] {taskinstance.py:1377} INFO - Starting attempt 1 of 1
[2023-07-26 00:00:01,780] {taskinstance.py:1378} INFO - 
--------------------------------------------------------------------------------
[2023-07-26 00:00:01,791] {taskinstance.py:1397} INFO - Executing <Task(PythonOperator): import_rates> on 2023-07-25 23:55:00+00:00
[2023-07-26 00:00:01,795] {standard_task_runner.py:52} INFO - Started process 1193 to run task
[2023-07-26 00:00:01,798] {standard_task_runner.py:79} INFO - Running: ['***', 'tasks', 'run', 'calc-rates', 'import_rates', 'scheduled__2023-07-25T23:55:00+00:00', '--job-id', '370', '--raw', '--subdir', 'DAGS_FOLDER/calc_rates.py', '--cfg-path', '/tmp/tmpeafkf5_r', '--error-file', '/tmp/tmp2r5oku3e']
[2023-07-26 00:00:01,798] {standard_task_runner.py:80} INFO - Job 370: Subtask import_rates
[2023-07-26 00:00:01,860] {task_command.py:371} INFO - Running <TaskInstance: calc-rates.import_rates scheduled__2023-07-25T23:55:00+00:00 [running]> on host 661c8d62a693
[2023-07-26 00:00:01,920] {taskinstance.py:1591} INFO - Exporting the following env vars:
AIRFLOW_CTX_DAG_OWNER=marina_z
AIRFLOW_CTX_DAG_ID=calc-rates
AIRFLOW_CTX_TASK_ID=import_rates
AIRFLOW_CTX_EXECUTION_DATE=2023-07-25T23:55:00+00:00
AIRFLOW_CTX_TRY_NUMBER=1
AIRFLOW_CTX_DAG_RUN_ID=scheduled__2023-07-25T23:55:00+00:00
[2023-07-26 00:00:02,250] {taskinstance.py:1909} ERROR - Task failed with exception
Traceback (most recent call last):
  File "/home/airflow/.local/lib/python3.7/site-packages/airflow/operators/python.py", line 171, in execute
    return_value = self.execute_callable()
  File "/home/airflow/.local/lib/python3.7/site-packages/airflow/operators/python.py", line 189, in execute_callable
    return self.python_callable(*self.op_args, **self.op_kwargs)
  File "/opt/airflow/dags/calc_rates.py", line 70, in import_codes
    rate_date = data['date']
KeyError: 'date'
[2023-07-26 00:00:02,260] {taskinstance.py:1420} INFO - Marking task as FAILED. dag_id=calc-rates, task_id=import_rates, execution_date=20230725T235500, start_date=20230726T000001, end_date=20230726T000002
[2023-07-26 00:00:02,269] {standard_task_runner.py:97} ERROR - Failed to execute job 370 for task import_rates ('date'; 1193)
[2023-07-26 00:00:02,292] {local_task_job.py:156} INFO - Task exited with return code 1
[2023-07-26 00:00:02,327] {local_task_job.py:273} INFO - 0 downstream tasks scheduled from follow-on schedule check
