[2023-07-26 04:18:11,638] {taskinstance.py:1179} INFO - Dependencies all met for <TaskInstance: fetch_exchange_rates_dag.fetch_exchange_rates_task scheduled__2023-07-26T00:40:00+00:00 [queued]>
[2023-07-26 04:18:11,710] {taskinstance.py:1179} INFO - Dependencies all met for <TaskInstance: fetch_exchange_rates_dag.fetch_exchange_rates_task scheduled__2023-07-26T00:40:00+00:00 [queued]>
[2023-07-26 04:18:11,712] {taskinstance.py:1376} INFO - 
--------------------------------------------------------------------------------
[2023-07-26 04:18:11,713] {taskinstance.py:1377} INFO - Starting attempt 1 of 1
[2023-07-26 04:18:11,714] {taskinstance.py:1378} INFO - 
--------------------------------------------------------------------------------
[2023-07-26 04:18:11,838] {taskinstance.py:1397} INFO - Executing <Task(PythonOperator): fetch_exchange_rates_task> on 2023-07-26 00:40:00+00:00
[2023-07-26 04:18:11,930] {standard_task_runner.py:52} INFO - Started process 7019 to run task
[2023-07-26 04:18:11,945] {standard_task_runner.py:79} INFO - Running: ['***', 'tasks', 'run', 'fetch_exchange_rates_dag', 'fetch_exchange_rates_task', 'scheduled__2023-07-26T00:40:00+00:00', '--job-id', '45', '--raw', '--subdir', 'DAGS_FOLDER/my_calc_rates.py', '--cfg-path', '/tmp/tmpdik27wy2', '--error-file', '/tmp/tmp7n5in36m']
[2023-07-26 04:18:11,963] {standard_task_runner.py:80} INFO - Job 45: Subtask fetch_exchange_rates_task
[2023-07-26 04:18:12,193] {task_command.py:371} INFO - Running <TaskInstance: fetch_exchange_rates_dag.fetch_exchange_rates_task scheduled__2023-07-26T00:40:00+00:00 [running]> on host 6e11a261c833
[2023-07-26 04:18:12,494] {taskinstance.py:1591} INFO - Exporting the following env vars:
AIRFLOW_CTX_DAG_OWNER=marina_z
AIRFLOW_CTX_DAG_ID=fetch_exchange_rates_dag
AIRFLOW_CTX_TASK_ID=fetch_exchange_rates_task
AIRFLOW_CTX_EXECUTION_DATE=2023-07-26T00:40:00+00:00
AIRFLOW_CTX_TRY_NUMBER=1
AIRFLOW_CTX_DAG_RUN_ID=scheduled__2023-07-26T00:40:00+00:00
[2023-07-26 04:18:12,992] {logging_mixin.py:115} INFO - Save a new table exchange_latest_BTC.csv
[2023-07-26 04:18:12,997] {logging_mixin.py:115} INFO - Create a new table exchange_latest_BTC.csv
[2023-07-26 04:18:13,009] {logging_mixin.py:115} INFO - Insert into table exchange_latest_BTC.csv
[2023-07-26 04:18:13,401] {logging_mixin.py:115} INFO - Save a new table exchange_latest_EUR.csv
[2023-07-26 04:18:13,402] {logging_mixin.py:115} INFO - Create a new table exchange_latest_EUR.csv
[2023-07-26 04:18:13,411] {logging_mixin.py:115} INFO - Insert into table exchange_latest_EUR.csv
[2023-07-26 04:18:13,784] {logging_mixin.py:115} INFO - Save a new table exchange_latest_GBR.csv
[2023-07-26 04:18:13,785] {logging_mixin.py:115} INFO - Create a new table exchange_latest_GBR.csv
[2023-07-26 04:18:13,792] {logging_mixin.py:115} INFO - Insert into table exchange_latest_GBR.csv
[2023-07-26 04:18:14,115] {logging_mixin.py:115} INFO - Save a new table exchange_latest_JPY.csv
[2023-07-26 04:18:14,118] {logging_mixin.py:115} INFO - Create a new table exchange_latest_JPY.csv
[2023-07-26 04:18:14,131] {logging_mixin.py:115} INFO - Insert into table exchange_latest_JPY.csv
[2023-07-26 04:18:14,535] {logging_mixin.py:115} INFO - Save a new table exchange_latest_CNY.csv
[2023-07-26 04:18:14,536] {logging_mixin.py:115} INFO - Create a new table exchange_latest_CNY.csv
[2023-07-26 04:18:14,550] {logging_mixin.py:115} INFO - Insert into table exchange_latest_CNY.csv
[2023-07-26 04:18:14,574] {python.py:173} INFO - Done. Returned value was: None
[2023-07-26 04:18:14,596] {taskinstance.py:1420} INFO - Marking task as SUCCESS. dag_id=fetch_exchange_rates_dag, task_id=fetch_exchange_rates_task, execution_date=20230726T004000, start_date=20230726T041811, end_date=20230726T041814
[2023-07-26 04:18:14,676] {local_task_job.py:156} INFO - Task exited with return code 0
[2023-07-26 04:18:14,935] {local_task_job.py:273} INFO - 1 downstream tasks scheduled from follow-on schedule check
[2023-07-26 05:07:39,943] {taskinstance.py:1179} INFO - Dependencies all met for <TaskInstance: fetch_exchange_rates_dag.fetch_exchange_rates_task scheduled__2023-07-26T00:40:00+00:00 [queued]>
[2023-07-26 05:07:40,027] {taskinstance.py:1179} INFO - Dependencies all met for <TaskInstance: fetch_exchange_rates_dag.fetch_exchange_rates_task scheduled__2023-07-26T00:40:00+00:00 [queued]>
[2023-07-26 05:07:40,030] {taskinstance.py:1376} INFO - 
--------------------------------------------------------------------------------
[2023-07-26 05:07:40,034] {taskinstance.py:1377} INFO - Starting attempt 1 of 1
[2023-07-26 05:07:40,035] {taskinstance.py:1378} INFO - 
--------------------------------------------------------------------------------
[2023-07-26 05:07:40,091] {taskinstance.py:1397} INFO - Executing <Task(PythonOperator): fetch_exchange_rates_task> on 2023-07-26 00:40:00+00:00
[2023-07-26 05:07:40,105] {standard_task_runner.py:52} INFO - Started process 2108 to run task
[2023-07-26 05:07:40,139] {standard_task_runner.py:79} INFO - Running: ['***', 'tasks', 'run', 'fetch_exchange_rates_dag', 'fetch_exchange_rates_task', 'scheduled__2023-07-26T00:40:00+00:00', '--job-id', '546', '--raw', '--subdir', 'DAGS_FOLDER/my_calc_rates.py', '--cfg-path', '/tmp/tmpxklss8p3', '--error-file', '/tmp/tmpehsnbijx']
[2023-07-26 05:07:40,168] {standard_task_runner.py:80} INFO - Job 546: Subtask fetch_exchange_rates_task
[2023-07-26 05:07:40,658] {task_command.py:371} INFO - Running <TaskInstance: fetch_exchange_rates_dag.fetch_exchange_rates_task scheduled__2023-07-26T00:40:00+00:00 [running]> on host acb6bca32630
[2023-07-26 05:07:41,001] {taskinstance.py:1591} INFO - Exporting the following env vars:
AIRFLOW_CTX_DAG_OWNER=marina_z
AIRFLOW_CTX_DAG_ID=fetch_exchange_rates_dag
AIRFLOW_CTX_TASK_ID=fetch_exchange_rates_task
AIRFLOW_CTX_EXECUTION_DATE=2023-07-26T00:40:00+00:00
AIRFLOW_CTX_TRY_NUMBER=1
AIRFLOW_CTX_DAG_RUN_ID=scheduled__2023-07-26T00:40:00+00:00
[2023-07-26 05:07:41,421] {logging_mixin.py:115} INFO - Save a new file exchange_latest_BTC.csv
[2023-07-26 05:07:41,423] {logging_mixin.py:115} INFO - Create a new table exchange_latest_BTC
[2023-07-26 05:07:41,429] {logging_mixin.py:115} INFO - Insert into table exchange_latest_BTC
[2023-07-26 05:07:41,837] {logging_mixin.py:115} INFO - Save a new file exchange_latest_EUR.csv
[2023-07-26 05:07:41,839] {logging_mixin.py:115} INFO - Create a new table exchange_latest_EUR
[2023-07-26 05:07:41,855] {logging_mixin.py:115} INFO - Insert into table exchange_latest_EUR
[2023-07-26 05:07:42,264] {logging_mixin.py:115} INFO - Save a new file exchange_latest_GBR.csv
[2023-07-26 05:07:42,266] {logging_mixin.py:115} INFO - Create a new table exchange_latest_GBR
[2023-07-26 05:07:42,278] {logging_mixin.py:115} INFO - Insert into table exchange_latest_GBR
[2023-07-26 05:07:42,786] {logging_mixin.py:115} INFO - Save a new file exchange_latest_JPY.csv
[2023-07-26 05:07:42,788] {logging_mixin.py:115} INFO - Create a new table exchange_latest_JPY
[2023-07-26 05:07:42,798] {logging_mixin.py:115} INFO - Insert into table exchange_latest_JPY
[2023-07-26 05:07:43,171] {logging_mixin.py:115} INFO - Save a new file exchange_latest_CNY.csv
[2023-07-26 05:07:43,172] {logging_mixin.py:115} INFO - Create a new table exchange_latest_CNY
[2023-07-26 05:07:43,178] {logging_mixin.py:115} INFO - Insert into table exchange_latest_CNY
[2023-07-26 05:07:43,197] {python.py:173} INFO - Done. Returned value was: None
[2023-07-26 05:07:43,344] {taskinstance.py:1420} INFO - Marking task as SUCCESS. dag_id=fetch_exchange_rates_dag, task_id=fetch_exchange_rates_task, execution_date=20230726T004000, start_date=20230726T050739, end_date=20230726T050743
[2023-07-26 05:07:43,453] {local_task_job.py:156} INFO - Task exited with return code 0
[2023-07-26 05:07:44,022] {local_task_job.py:273} INFO - 0 downstream tasks scheduled from follow-on schedule check
