[2023-07-25 20:38:56,063] {taskinstance.py:1179} INFO - Dependencies all met for <TaskInstance: fetch_exchange_rates_dag.fetch_exchange_rates_task scheduled__2023-07-25T20:10:00+00:00 [queued]>
[2023-07-25 20:38:56,073] {taskinstance.py:1179} INFO - Dependencies all met for <TaskInstance: fetch_exchange_rates_dag.fetch_exchange_rates_task scheduled__2023-07-25T20:10:00+00:00 [queued]>
[2023-07-25 20:38:56,074] {taskinstance.py:1376} INFO - 
--------------------------------------------------------------------------------
[2023-07-25 20:38:56,075] {taskinstance.py:1377} INFO - Starting attempt 1 of 1
[2023-07-25 20:38:56,075] {taskinstance.py:1378} INFO - 
--------------------------------------------------------------------------------
[2023-07-25 20:38:56,090] {taskinstance.py:1397} INFO - Executing <Task(PythonOperator): fetch_exchange_rates_task> on 2023-07-25 20:10:00+00:00
[2023-07-25 20:38:56,095] {standard_task_runner.py:52} INFO - Started process 9362 to run task
[2023-07-25 20:38:56,099] {standard_task_runner.py:79} INFO - Running: ['***', 'tasks', 'run', 'fetch_exchange_rates_dag', 'fetch_exchange_rates_task', 'scheduled__2023-07-25T20:10:00+00:00', '--job-id', '219', '--raw', '--subdir', 'DAGS_FOLDER/my_calc_rates.py', '--cfg-path', '/tmp/tmpjfvp_3z5', '--error-file', '/tmp/tmpj06ul8jg']
[2023-07-25 20:38:56,101] {standard_task_runner.py:80} INFO - Job 219: Subtask fetch_exchange_rates_task
[2023-07-25 20:38:56,176] {task_command.py:371} INFO - Running <TaskInstance: fetch_exchange_rates_dag.fetch_exchange_rates_task scheduled__2023-07-25T20:10:00+00:00 [running]> on host 661c8d62a693
[2023-07-25 20:38:56,248] {taskinstance.py:1591} INFO - Exporting the following env vars:
AIRFLOW_CTX_DAG_OWNER=marina_z
AIRFLOW_CTX_DAG_ID=fetch_exchange_rates_dag
AIRFLOW_CTX_TASK_ID=fetch_exchange_rates_task
AIRFLOW_CTX_EXECUTION_DATE=2023-07-25T20:10:00+00:00
AIRFLOW_CTX_TRY_NUMBER=1
AIRFLOW_CTX_DAG_RUN_ID=scheduled__2023-07-25T20:10:00+00:00
[2023-07-25 20:38:57,914] {taskinstance.py:1909} ERROR - Task failed with exception
Traceback (most recent call last):
  File "/home/airflow/.local/lib/python3.7/site-packages/airflow/operators/python.py", line 171, in execute
    return_value = self.execute_callable()
  File "/home/airflow/.local/lib/python3.7/site-packages/airflow/operators/python.py", line 189, in execute_callable
    return self.python_callable(*self.op_args, **self.op_kwargs)
  File "/opt/airflow/dags/my_calc_rates.py", line 69, in fetch_exchange_rates
    load_to_postgres = PostgresOperator(
NameError: name 'PostgresOperator' is not defined
[2023-07-25 20:38:57,922] {taskinstance.py:1420} INFO - Marking task as FAILED. dag_id=fetch_exchange_rates_dag, task_id=fetch_exchange_rates_task, execution_date=20230725T201000, start_date=20230725T203856, end_date=20230725T203857
[2023-07-25 20:38:57,930] {standard_task_runner.py:97} ERROR - Failed to execute job 219 for task fetch_exchange_rates_task (name 'PostgresOperator' is not defined; 9362)
[2023-07-25 20:38:57,963] {local_task_job.py:156} INFO - Task exited with return code 1
[2023-07-25 20:38:57,990] {local_task_job.py:273} INFO - 0 downstream tasks scheduled from follow-on schedule check
[2023-07-26 05:06:48,666] {taskinstance.py:1179} INFO - Dependencies all met for <TaskInstance: fetch_exchange_rates_dag.fetch_exchange_rates_task scheduled__2023-07-25T20:10:00+00:00 [queued]>
[2023-07-26 05:06:48,706] {taskinstance.py:1179} INFO - Dependencies all met for <TaskInstance: fetch_exchange_rates_dag.fetch_exchange_rates_task scheduled__2023-07-25T20:10:00+00:00 [queued]>
[2023-07-26 05:06:48,714] {taskinstance.py:1376} INFO - 
--------------------------------------------------------------------------------
[2023-07-26 05:06:48,716] {taskinstance.py:1377} INFO - Starting attempt 1 of 1
[2023-07-26 05:06:48,717] {taskinstance.py:1378} INFO - 
--------------------------------------------------------------------------------
[2023-07-26 05:06:48,822] {taskinstance.py:1397} INFO - Executing <Task(PythonOperator): fetch_exchange_rates_task> on 2023-07-25 20:10:00+00:00
[2023-07-26 05:06:48,861] {standard_task_runner.py:52} INFO - Started process 1731 to run task
[2023-07-26 05:06:48,930] {standard_task_runner.py:79} INFO - Running: ['***', 'tasks', 'run', 'fetch_exchange_rates_dag', 'fetch_exchange_rates_task', 'scheduled__2023-07-25T20:10:00+00:00', '--job-id', '443', '--raw', '--subdir', 'DAGS_FOLDER/my_calc_rates.py', '--cfg-path', '/tmp/tmpsxslbwx3', '--error-file', '/tmp/tmpoqlq9d_u']
[2023-07-26 05:06:48,938] {standard_task_runner.py:80} INFO - Job 443: Subtask fetch_exchange_rates_task
[2023-07-26 05:06:49,242] {task_command.py:371} INFO - Running <TaskInstance: fetch_exchange_rates_dag.fetch_exchange_rates_task scheduled__2023-07-25T20:10:00+00:00 [running]> on host acb6bca32630
[2023-07-26 05:06:49,461] {taskinstance.py:1591} INFO - Exporting the following env vars:
AIRFLOW_CTX_DAG_OWNER=marina_z
AIRFLOW_CTX_DAG_ID=fetch_exchange_rates_dag
AIRFLOW_CTX_TASK_ID=fetch_exchange_rates_task
AIRFLOW_CTX_EXECUTION_DATE=2023-07-25T20:10:00+00:00
AIRFLOW_CTX_TRY_NUMBER=1
AIRFLOW_CTX_DAG_RUN_ID=scheduled__2023-07-25T20:10:00+00:00
[2023-07-26 05:06:50,001] {logging_mixin.py:115} INFO - Save a new file exchange_latest_BTC.csv
[2023-07-26 05:06:50,002] {logging_mixin.py:115} INFO - Create a new table exchange_latest_BTC
[2023-07-26 05:06:50,010] {logging_mixin.py:115} INFO - Insert into table exchange_latest_BTC
[2023-07-26 05:06:50,396] {logging_mixin.py:115} INFO - Save a new file exchange_latest_EUR.csv
[2023-07-26 05:06:50,397] {logging_mixin.py:115} INFO - Create a new table exchange_latest_EUR
[2023-07-26 05:06:50,409] {logging_mixin.py:115} INFO - Insert into table exchange_latest_EUR
[2023-07-26 05:06:50,919] {logging_mixin.py:115} INFO - Save a new file exchange_latest_GBR.csv
[2023-07-26 05:06:50,921] {logging_mixin.py:115} INFO - Create a new table exchange_latest_GBR
[2023-07-26 05:06:50,930] {logging_mixin.py:115} INFO - Insert into table exchange_latest_GBR
[2023-07-26 05:06:51,353] {logging_mixin.py:115} INFO - Save a new file exchange_latest_JPY.csv
[2023-07-26 05:06:51,354] {logging_mixin.py:115} INFO - Create a new table exchange_latest_JPY
[2023-07-26 05:06:51,359] {logging_mixin.py:115} INFO - Insert into table exchange_latest_JPY
[2023-07-26 05:06:51,751] {logging_mixin.py:115} INFO - Save a new file exchange_latest_CNY.csv
[2023-07-26 05:06:51,755] {logging_mixin.py:115} INFO - Create a new table exchange_latest_CNY
[2023-07-26 05:06:51,765] {logging_mixin.py:115} INFO - Insert into table exchange_latest_CNY
[2023-07-26 05:06:51,804] {python.py:173} INFO - Done. Returned value was: None
[2023-07-26 05:06:51,999] {taskinstance.py:1420} INFO - Marking task as SUCCESS. dag_id=fetch_exchange_rates_dag, task_id=fetch_exchange_rates_task, execution_date=20230725T201000, start_date=20230726T050648, end_date=20230726T050651
[2023-07-26 05:06:52,160] {local_task_job.py:156} INFO - Task exited with return code 0
[2023-07-26 05:06:52,519] {local_task_job.py:273} INFO - 1 downstream tasks scheduled from follow-on schedule check
