[2023-07-26 04:18:44,207] {taskinstance.py:1179} INFO - Dependencies all met for <TaskInstance: fetch_exchange_rates_dag.create_total_exchange_rates_table scheduled__2023-07-26T03:20:00+00:00 [queued]>
[2023-07-26 04:18:44,236] {taskinstance.py:1179} INFO - Dependencies all met for <TaskInstance: fetch_exchange_rates_dag.create_total_exchange_rates_table scheduled__2023-07-26T03:20:00+00:00 [queued]>
[2023-07-26 04:18:44,241] {taskinstance.py:1376} INFO - 
--------------------------------------------------------------------------------
[2023-07-26 04:18:44,242] {taskinstance.py:1377} INFO - Starting attempt 1 of 1
[2023-07-26 04:18:44,242] {taskinstance.py:1378} INFO - 
--------------------------------------------------------------------------------
[2023-07-26 04:18:44,276] {taskinstance.py:1397} INFO - Executing <Task(PythonOperator): create_total_exchange_rates_table> on 2023-07-26 03:20:00+00:00
[2023-07-26 04:18:44,285] {standard_task_runner.py:52} INFO - Started process 7253 to run task
[2023-07-26 04:18:44,293] {standard_task_runner.py:79} INFO - Running: ['***', 'tasks', 'run', 'fetch_exchange_rates_dag', 'create_total_exchange_rates_table', 'scheduled__2023-07-26T03:20:00+00:00', '--job-id', '115', '--raw', '--subdir', 'DAGS_FOLDER/my_calc_rates.py', '--cfg-path', '/tmp/tmphgdzx0lh', '--error-file', '/tmp/tmpo526t1_p']
[2023-07-26 04:18:44,296] {standard_task_runner.py:80} INFO - Job 115: Subtask create_total_exchange_rates_table
[2023-07-26 04:18:44,498] {task_command.py:371} INFO - Running <TaskInstance: fetch_exchange_rates_dag.create_total_exchange_rates_table scheduled__2023-07-26T03:20:00+00:00 [running]> on host 6e11a261c833
[2023-07-26 04:18:44,645] {taskinstance.py:1591} INFO - Exporting the following env vars:
AIRFLOW_CTX_DAG_OWNER=marina_z
AIRFLOW_CTX_DAG_ID=fetch_exchange_rates_dag
AIRFLOW_CTX_TASK_ID=create_total_exchange_rates_table
AIRFLOW_CTX_EXECUTION_DATE=2023-07-26T03:20:00+00:00
AIRFLOW_CTX_TRY_NUMBER=1
AIRFLOW_CTX_DAG_RUN_ID=scheduled__2023-07-26T03:20:00+00:00
[2023-07-26 04:18:44,648] {logging_mixin.py:115} INFO - The table total_exchange_rates is created and saved
[2023-07-26 04:18:44,674] {python.py:173} INFO - Done. Returned value was: None
[2023-07-26 04:18:44,747] {taskinstance.py:1420} INFO - Marking task as SUCCESS. dag_id=fetch_exchange_rates_dag, task_id=create_total_exchange_rates_table, execution_date=20230726T032000, start_date=20230726T041844, end_date=20230726T041844
[2023-07-26 04:18:44,839] {local_task_job.py:156} INFO - Task exited with return code 0
[2023-07-26 04:18:44,956] {local_task_job.py:273} INFO - 1 downstream tasks scheduled from follow-on schedule check
[2023-07-26 05:08:12,628] {taskinstance.py:1179} INFO - Dependencies all met for <TaskInstance: fetch_exchange_rates_dag.create_total_exchange_rates_table scheduled__2023-07-26T03:20:00+00:00 [queued]>
[2023-07-26 05:08:12,640] {taskinstance.py:1179} INFO - Dependencies all met for <TaskInstance: fetch_exchange_rates_dag.create_total_exchange_rates_table scheduled__2023-07-26T03:20:00+00:00 [queued]>
[2023-07-26 05:08:12,641] {taskinstance.py:1376} INFO - 
--------------------------------------------------------------------------------
[2023-07-26 05:08:12,642] {taskinstance.py:1377} INFO - Starting attempt 1 of 1
[2023-07-26 05:08:12,642] {taskinstance.py:1378} INFO - 
--------------------------------------------------------------------------------
[2023-07-26 05:08:12,659] {taskinstance.py:1397} INFO - Executing <Task(PythonOperator): create_total_exchange_rates_table> on 2023-07-26 03:20:00+00:00
[2023-07-26 05:08:12,665] {standard_task_runner.py:52} INFO - Started process 2273 to run task
[2023-07-26 05:08:12,669] {standard_task_runner.py:79} INFO - Running: ['***', 'tasks', 'run', 'fetch_exchange_rates_dag', 'create_total_exchange_rates_table', 'scheduled__2023-07-26T03:20:00+00:00', '--job-id', '600', '--raw', '--subdir', 'DAGS_FOLDER/my_calc_rates.py', '--cfg-path', '/tmp/tmp9s25bgc4', '--error-file', '/tmp/tmpclzu1eq3']
[2023-07-26 05:08:12,670] {standard_task_runner.py:80} INFO - Job 600: Subtask create_total_exchange_rates_table
[2023-07-26 05:08:12,759] {task_command.py:371} INFO - Running <TaskInstance: fetch_exchange_rates_dag.create_total_exchange_rates_table scheduled__2023-07-26T03:20:00+00:00 [running]> on host acb6bca32630
[2023-07-26 05:08:12,839] {taskinstance.py:1591} INFO - Exporting the following env vars:
AIRFLOW_CTX_DAG_OWNER=marina_z
AIRFLOW_CTX_DAG_ID=fetch_exchange_rates_dag
AIRFLOW_CTX_TASK_ID=create_total_exchange_rates_table
AIRFLOW_CTX_EXECUTION_DATE=2023-07-26T03:20:00+00:00
AIRFLOW_CTX_TRY_NUMBER=1
AIRFLOW_CTX_DAG_RUN_ID=scheduled__2023-07-26T03:20:00+00:00
[2023-07-26 05:08:12,841] {logging_mixin.py:115} INFO - The table total_exchange_rates is created and saved
[2023-07-26 05:08:12,856] {python.py:173} INFO - Done. Returned value was: None
[2023-07-26 05:08:12,871] {taskinstance.py:1420} INFO - Marking task as SUCCESS. dag_id=fetch_exchange_rates_dag, task_id=create_total_exchange_rates_table, execution_date=20230726T032000, start_date=20230726T050812, end_date=20230726T050812
[2023-07-26 05:08:12,922] {local_task_job.py:156} INFO - Task exited with return code 0
[2023-07-26 05:08:12,952] {local_task_job.py:273} INFO - 1 downstream tasks scheduled from follow-on schedule check
