[2023-07-26 03:54:01,539] {taskinstance.py:1179} INFO - Dependencies all met for <TaskInstance: fetch_exchange_rates_dag.fetch_exchange_rates_task manual__2023-07-26T03:53:59.319594+00:00 [queued]>
[2023-07-26 03:54:01,554] {taskinstance.py:1179} INFO - Dependencies all met for <TaskInstance: fetch_exchange_rates_dag.fetch_exchange_rates_task manual__2023-07-26T03:53:59.319594+00:00 [queued]>
[2023-07-26 03:54:01,555] {taskinstance.py:1376} INFO - 
--------------------------------------------------------------------------------
[2023-07-26 03:54:01,555] {taskinstance.py:1377} INFO - Starting attempt 1 of 1
[2023-07-26 03:54:01,556] {taskinstance.py:1378} INFO - 
--------------------------------------------------------------------------------
[2023-07-26 03:54:01,570] {taskinstance.py:1397} INFO - Executing <Task(PythonOperator): fetch_exchange_rates_task> on 2023-07-26 03:53:59.319594+00:00
[2023-07-26 03:54:01,575] {standard_task_runner.py:52} INFO - Started process 5732 to run task
[2023-07-26 03:54:01,578] {standard_task_runner.py:79} INFO - Running: ['***', 'tasks', 'run', 'fetch_exchange_rates_dag', 'fetch_exchange_rates_task', 'manual__2023-07-26T03:53:59.319594+00:00', '--job-id', '22', '--raw', '--subdir', 'DAGS_FOLDER/my_calc_rates.py', '--cfg-path', '/tmp/tmpg9bdri3n', '--error-file', '/tmp/tmpjwgeadvb']
[2023-07-26 03:54:01,579] {standard_task_runner.py:80} INFO - Job 22: Subtask fetch_exchange_rates_task
[2023-07-26 03:54:01,652] {task_command.py:371} INFO - Running <TaskInstance: fetch_exchange_rates_dag.fetch_exchange_rates_task manual__2023-07-26T03:53:59.319594+00:00 [running]> on host 6e11a261c833
[2023-07-26 03:54:01,721] {taskinstance.py:1591} INFO - Exporting the following env vars:
AIRFLOW_CTX_DAG_OWNER=marina_z
AIRFLOW_CTX_DAG_ID=fetch_exchange_rates_dag
AIRFLOW_CTX_TASK_ID=fetch_exchange_rates_task
AIRFLOW_CTX_EXECUTION_DATE=2023-07-26T03:53:59.319594+00:00
AIRFLOW_CTX_TRY_NUMBER=1
AIRFLOW_CTX_DAG_RUN_ID=manual__2023-07-26T03:53:59.319594+00:00
[2023-07-26 03:54:02,088] {logging_mixin.py:115} INFO - Save a new table exchange_latest_BTC.csv
[2023-07-26 03:54:02,089] {logging_mixin.py:115} INFO - Create a new table exchange_latest_BTC.csv
[2023-07-26 03:54:02,094] {logging_mixin.py:115} INFO - Insert into table exchange_latest_BTC.csv
[2023-07-26 03:54:02,445] {logging_mixin.py:115} INFO - Save a new table exchange_latest_EUR.csv
[2023-07-26 03:54:02,446] {logging_mixin.py:115} INFO - Create a new table exchange_latest_EUR.csv
[2023-07-26 03:54:02,454] {logging_mixin.py:115} INFO - Insert into table exchange_latest_EUR.csv
[2023-07-26 03:54:02,869] {logging_mixin.py:115} INFO - Save a new table exchange_latest_GBR.csv
[2023-07-26 03:54:02,869] {logging_mixin.py:115} INFO - Create a new table exchange_latest_GBR.csv
[2023-07-26 03:54:02,875] {logging_mixin.py:115} INFO - Insert into table exchange_latest_GBR.csv
[2023-07-26 03:54:03,227] {logging_mixin.py:115} INFO - Save a new table exchange_latest_JPY.csv
[2023-07-26 03:54:03,228] {logging_mixin.py:115} INFO - Create a new table exchange_latest_JPY.csv
[2023-07-26 03:54:03,234] {logging_mixin.py:115} INFO - Insert into table exchange_latest_JPY.csv
[2023-07-26 03:54:03,613] {logging_mixin.py:115} INFO - Save a new table exchange_latest_CNY.csv
[2023-07-26 03:54:03,614] {logging_mixin.py:115} INFO - Create a new table exchange_latest_CNY.csv
[2023-07-26 03:54:03,624] {logging_mixin.py:115} INFO - Insert into table exchange_latest_CNY.csv
[2023-07-26 03:54:03,640] {python.py:173} INFO - Done. Returned value was: None
[2023-07-26 03:54:03,654] {taskinstance.py:1420} INFO - Marking task as SUCCESS. dag_id=fetch_exchange_rates_dag, task_id=fetch_exchange_rates_task, execution_date=20230726T035359, start_date=20230726T035401, end_date=20230726T035403
[2023-07-26 03:54:03,681] {local_task_job.py:156} INFO - Task exited with return code 0
[2023-07-26 03:54:03,712] {local_task_job.py:273} INFO - 1 downstream tasks scheduled from follow-on schedule check
