[2023-07-26 04:18:44,285] {taskinstance.py:1179} INFO - Dependencies all met for <TaskInstance: fetch_exchange_rates_dag.create_total_exchange_rates_table scheduled__2023-07-26T03:50:00+00:00 [queued]>
[2023-07-26 04:18:44,305] {taskinstance.py:1179} INFO - Dependencies all met for <TaskInstance: fetch_exchange_rates_dag.create_total_exchange_rates_table scheduled__2023-07-26T03:50:00+00:00 [queued]>
[2023-07-26 04:18:44,307] {taskinstance.py:1376} INFO - 
--------------------------------------------------------------------------------
[2023-07-26 04:18:44,308] {taskinstance.py:1377} INFO - Starting attempt 1 of 1
[2023-07-26 04:18:44,309] {taskinstance.py:1378} INFO - 
--------------------------------------------------------------------------------
[2023-07-26 04:18:44,360] {taskinstance.py:1397} INFO - Executing <Task(PythonOperator): create_total_exchange_rates_table> on 2023-07-26 03:50:00+00:00
[2023-07-26 04:18:44,369] {standard_task_runner.py:52} INFO - Started process 7254 to run task
[2023-07-26 04:18:44,375] {standard_task_runner.py:79} INFO - Running: ['***', 'tasks', 'run', 'fetch_exchange_rates_dag', 'create_total_exchange_rates_table', 'scheduled__2023-07-26T03:50:00+00:00', '--job-id', '116', '--raw', '--subdir', 'DAGS_FOLDER/my_calc_rates.py', '--cfg-path', '/tmp/tmpy1j4hoq6', '--error-file', '/tmp/tmpri10kwfg']
[2023-07-26 04:18:44,377] {standard_task_runner.py:80} INFO - Job 116: Subtask create_total_exchange_rates_table
[2023-07-26 04:18:44,550] {task_command.py:371} INFO - Running <TaskInstance: fetch_exchange_rates_dag.create_total_exchange_rates_table scheduled__2023-07-26T03:50:00+00:00 [running]> on host 6e11a261c833
[2023-07-26 04:18:44,771] {taskinstance.py:1591} INFO - Exporting the following env vars:
AIRFLOW_CTX_DAG_OWNER=marina_z
AIRFLOW_CTX_DAG_ID=fetch_exchange_rates_dag
AIRFLOW_CTX_TASK_ID=create_total_exchange_rates_table
AIRFLOW_CTX_EXECUTION_DATE=2023-07-26T03:50:00+00:00
AIRFLOW_CTX_TRY_NUMBER=1
AIRFLOW_CTX_DAG_RUN_ID=scheduled__2023-07-26T03:50:00+00:00
[2023-07-26 04:18:44,774] {logging_mixin.py:115} INFO - The table total_exchange_rates is created and saved
[2023-07-26 04:18:44,797] {python.py:173} INFO - Done. Returned value was: None
[2023-07-26 04:18:44,820] {taskinstance.py:1420} INFO - Marking task as SUCCESS. dag_id=fetch_exchange_rates_dag, task_id=create_total_exchange_rates_table, execution_date=20230726T035000, start_date=20230726T041844, end_date=20230726T041844
[2023-07-26 04:18:44,927] {local_task_job.py:156} INFO - Task exited with return code 0
[2023-07-26 04:18:45,006] {local_task_job.py:273} INFO - 1 downstream tasks scheduled from follow-on schedule check
[2023-07-26 05:08:23,384] {taskinstance.py:1179} INFO - Dependencies all met for <TaskInstance: fetch_exchange_rates_dag.create_total_exchange_rates_table scheduled__2023-07-26T03:50:00+00:00 [queued]>
[2023-07-26 05:08:23,399] {taskinstance.py:1179} INFO - Dependencies all met for <TaskInstance: fetch_exchange_rates_dag.create_total_exchange_rates_table scheduled__2023-07-26T03:50:00+00:00 [queued]>
[2023-07-26 05:08:23,402] {taskinstance.py:1376} INFO - 
--------------------------------------------------------------------------------
[2023-07-26 05:08:23,404] {taskinstance.py:1377} INFO - Starting attempt 1 of 1
[2023-07-26 05:08:23,405] {taskinstance.py:1378} INFO - 
--------------------------------------------------------------------------------
[2023-07-26 05:08:23,429] {taskinstance.py:1397} INFO - Executing <Task(PythonOperator): create_total_exchange_rates_table> on 2023-07-26 03:50:00+00:00
[2023-07-26 05:08:23,447] {standard_task_runner.py:52} INFO - Started process 2364 to run task
[2023-07-26 05:08:23,453] {standard_task_runner.py:79} INFO - Running: ['***', 'tasks', 'run', 'fetch_exchange_rates_dag', 'create_total_exchange_rates_table', 'scheduled__2023-07-26T03:50:00+00:00', '--job-id', '623', '--raw', '--subdir', 'DAGS_FOLDER/my_calc_rates.py', '--cfg-path', '/tmp/tmpr079tke9', '--error-file', '/tmp/tmpb7t11lw1']
[2023-07-26 05:08:23,458] {standard_task_runner.py:80} INFO - Job 623: Subtask create_total_exchange_rates_table
[2023-07-26 05:08:23,622] {task_command.py:371} INFO - Running <TaskInstance: fetch_exchange_rates_dag.create_total_exchange_rates_table scheduled__2023-07-26T03:50:00+00:00 [running]> on host acb6bca32630
[2023-07-26 05:08:23,750] {taskinstance.py:1591} INFO - Exporting the following env vars:
AIRFLOW_CTX_DAG_OWNER=marina_z
AIRFLOW_CTX_DAG_ID=fetch_exchange_rates_dag
AIRFLOW_CTX_TASK_ID=create_total_exchange_rates_table
AIRFLOW_CTX_EXECUTION_DATE=2023-07-26T03:50:00+00:00
AIRFLOW_CTX_TRY_NUMBER=1
AIRFLOW_CTX_DAG_RUN_ID=scheduled__2023-07-26T03:50:00+00:00
[2023-07-26 05:08:23,752] {logging_mixin.py:115} INFO - The table total_exchange_rates is created and saved
[2023-07-26 05:08:23,777] {python.py:173} INFO - Done. Returned value was: None
[2023-07-26 05:08:23,802] {taskinstance.py:1420} INFO - Marking task as SUCCESS. dag_id=fetch_exchange_rates_dag, task_id=create_total_exchange_rates_table, execution_date=20230726T035000, start_date=20230726T050823, end_date=20230726T050823
[2023-07-26 05:08:23,834] {local_task_job.py:156} INFO - Task exited with return code 0
[2023-07-26 05:08:23,897] {local_task_job.py:273} INFO - 1 downstream tasks scheduled from follow-on schedule check
