[2023-07-26 23:53:59,876] {taskinstance.py:1179} INFO - Dependencies all met for <TaskInstance: fetch_exchange_rates_dag.create_total_exchange_rates_table scheduled__2023-07-25T01:30:00+00:00 [queued]>
[2023-07-26 23:53:59,901] {taskinstance.py:1179} INFO - Dependencies all met for <TaskInstance: fetch_exchange_rates_dag.create_total_exchange_rates_table scheduled__2023-07-25T01:30:00+00:00 [queued]>
[2023-07-26 23:53:59,903] {taskinstance.py:1376} INFO - 
--------------------------------------------------------------------------------
[2023-07-26 23:53:59,904] {taskinstance.py:1377} INFO - Starting attempt 1 of 1
[2023-07-26 23:53:59,905] {taskinstance.py:1378} INFO - 
--------------------------------------------------------------------------------
[2023-07-26 23:53:59,947] {taskinstance.py:1397} INFO - Executing <Task(PythonOperator): create_total_exchange_rates_table> on 2023-07-25 01:30:00+00:00
[2023-07-26 23:53:59,959] {standard_task_runner.py:52} INFO - Started process 400 to run task
[2023-07-26 23:53:59,967] {standard_task_runner.py:79} INFO - Running: ['***', 'tasks', 'run', 'fetch_exchange_rates_dag', 'create_total_exchange_rates_table', 'scheduled__2023-07-25T01:30:00+00:00', '--job-id', '42', '--raw', '--subdir', 'DAGS_FOLDER/my_calc_rates.py', '--cfg-path', '/tmp/tmpjpyq4psa', '--error-file', '/tmp/tmp1wf2a2nz']
[2023-07-26 23:53:59,970] {standard_task_runner.py:80} INFO - Job 42: Subtask create_total_exchange_rates_table
[2023-07-26 23:54:00,095] {task_command.py:371} INFO - Running <TaskInstance: fetch_exchange_rates_dag.create_total_exchange_rates_table scheduled__2023-07-25T01:30:00+00:00 [running]> on host 43d0198bb36a
[2023-07-26 23:54:00,182] {taskinstance.py:1591} INFO - Exporting the following env vars:
AIRFLOW_CTX_DAG_OWNER=marina_z
AIRFLOW_CTX_DAG_ID=fetch_exchange_rates_dag
AIRFLOW_CTX_TASK_ID=create_total_exchange_rates_table
AIRFLOW_CTX_EXECUTION_DATE=2023-07-25T01:30:00+00:00
AIRFLOW_CTX_TRY_NUMBER=1
AIRFLOW_CTX_DAG_RUN_ID=scheduled__2023-07-25T01:30:00+00:00
[2023-07-26 23:54:00,184] {logging_mixin.py:115} INFO - The table total_exchange_rates is created and saved
[2023-07-26 23:54:00,206] {python.py:173} INFO - Done. Returned value was: None
[2023-07-26 23:54:00,222] {taskinstance.py:1420} INFO - Marking task as SUCCESS. dag_id=fetch_exchange_rates_dag, task_id=create_total_exchange_rates_table, execution_date=20230725T013000, start_date=20230726T235359, end_date=20230726T235400
[2023-07-26 23:54:00,261] {local_task_job.py:156} INFO - Task exited with return code 0
[2023-07-26 23:54:00,432] {local_task_job.py:273} INFO - 0 downstream tasks scheduled from follow-on schedule check
