[2023-07-26 23:53:50,055] {taskinstance.py:1179} INFO - Dependencies all met for <TaskInstance: fetch_exchange_rates_dag.bash_task scheduled__2023-07-25T02:00:00+00:00 [queued]>
[2023-07-26 23:53:50,156] {taskinstance.py:1179} INFO - Dependencies all met for <TaskInstance: fetch_exchange_rates_dag.bash_task scheduled__2023-07-25T02:00:00+00:00 [queued]>
[2023-07-26 23:53:50,158] {taskinstance.py:1376} INFO - 
--------------------------------------------------------------------------------
[2023-07-26 23:53:50,163] {taskinstance.py:1377} INFO - Starting attempt 1 of 1
[2023-07-26 23:53:50,166] {taskinstance.py:1378} INFO - 
--------------------------------------------------------------------------------
[2023-07-26 23:53:50,248] {taskinstance.py:1397} INFO - Executing <Task(BashOperator): bash_task> on 2023-07-25 02:00:00+00:00
[2023-07-26 23:53:50,264] {standard_task_runner.py:52} INFO - Started process 334 to run task
[2023-07-26 23:53:50,276] {standard_task_runner.py:79} INFO - Running: ['***', 'tasks', 'run', 'fetch_exchange_rates_dag', 'bash_task', 'scheduled__2023-07-25T02:00:00+00:00', '--job-id', '19', '--raw', '--subdir', 'DAGS_FOLDER/my_calc_rates.py', '--cfg-path', '/tmp/tmptqbue9vj', '--error-file', '/tmp/tmp6j6bpwe7']
[2023-07-26 23:53:50,292] {standard_task_runner.py:80} INFO - Job 19: Subtask bash_task
[2023-07-26 23:53:50,754] {task_command.py:371} INFO - Running <TaskInstance: fetch_exchange_rates_dag.bash_task scheduled__2023-07-25T02:00:00+00:00 [running]> on host 43d0198bb36a
[2023-07-26 23:53:51,087] {taskinstance.py:1591} INFO - Exporting the following env vars:
AIRFLOW_CTX_DAG_OWNER=***
AIRFLOW_CTX_DAG_ID=fetch_exchange_rates_dag
AIRFLOW_CTX_TASK_ID=bash_task
AIRFLOW_CTX_EXECUTION_DATE=2023-07-25T02:00:00+00:00
AIRFLOW_CTX_TRY_NUMBER=1
AIRFLOW_CTX_DAG_RUN_ID=scheduled__2023-07-25T02:00:00+00:00
[2023-07-26 23:53:51,091] {subprocess.py:62} INFO - Tmp dir root location: 
 /tmp
[2023-07-26 23:53:51,093] {subprocess.py:74} INFO - Running command: ['bash', '-c', 'echo "Good morning my diggers!"']
[2023-07-26 23:53:51,133] {subprocess.py:85} INFO - Output:
[2023-07-26 23:53:51,140] {subprocess.py:92} INFO - Good morning my diggers!
[2023-07-26 23:53:51,144] {subprocess.py:96} INFO - Command exited with return code 0
[2023-07-26 23:53:51,205] {taskinstance.py:1420} INFO - Marking task as SUCCESS. dag_id=fetch_exchange_rates_dag, task_id=bash_task, execution_date=20230725T020000, start_date=20230726T235350, end_date=20230726T235351
[2023-07-26 23:53:51,285] {local_task_job.py:156} INFO - Task exited with return code 0
[2023-07-26 23:53:51,390] {local_task_job.py:273} INFO - 1 downstream tasks scheduled from follow-on schedule check
