[2023-07-26 04:18:30,489] {taskinstance.py:1179} INFO - Dependencies all met for <TaskInstance: fetch_exchange_rates_dag.print_csv_table scheduled__2023-07-26T02:10:00+00:00 [queued]>
[2023-07-26 04:18:30,499] {taskinstance.py:1179} INFO - Dependencies all met for <TaskInstance: fetch_exchange_rates_dag.print_csv_table scheduled__2023-07-26T02:10:00+00:00 [queued]>
[2023-07-26 04:18:30,500] {taskinstance.py:1376} INFO - 
--------------------------------------------------------------------------------
[2023-07-26 04:18:30,501] {taskinstance.py:1377} INFO - Starting attempt 1 of 1
[2023-07-26 04:18:30,502] {taskinstance.py:1378} INFO - 
--------------------------------------------------------------------------------
[2023-07-26 04:18:30,521] {taskinstance.py:1397} INFO - Executing <Task(PythonOperator): print_csv_table> on 2023-07-26 02:10:00+00:00
[2023-07-26 04:18:30,527] {standard_task_runner.py:52} INFO - Started process 7147 to run task
[2023-07-26 04:18:30,531] {standard_task_runner.py:79} INFO - Running: ['***', 'tasks', 'run', 'fetch_exchange_rates_dag', 'print_csv_table', 'scheduled__2023-07-26T02:10:00+00:00', '--job-id', '90', '--raw', '--subdir', 'DAGS_FOLDER/my_calc_rates.py', '--cfg-path', '/tmp/tmp5r7ujh_z', '--error-file', '/tmp/tmpjlwss8m5']
[2023-07-26 04:18:30,533] {standard_task_runner.py:80} INFO - Job 90: Subtask print_csv_table
[2023-07-26 04:18:30,634] {task_command.py:371} INFO - Running <TaskInstance: fetch_exchange_rates_dag.print_csv_table scheduled__2023-07-26T02:10:00+00:00 [running]> on host 6e11a261c833
[2023-07-26 04:18:30,713] {taskinstance.py:1591} INFO - Exporting the following env vars:
AIRFLOW_CTX_DAG_OWNER=marina_z
AIRFLOW_CTX_DAG_ID=fetch_exchange_rates_dag
AIRFLOW_CTX_TASK_ID=print_csv_table
AIRFLOW_CTX_EXECUTION_DATE=2023-07-26T02:10:00+00:00
AIRFLOW_CTX_TRY_NUMBER=1
AIRFLOW_CTX_DAG_RUN_ID=scheduled__2023-07-26T02:10:00+00:00
[2023-07-26 04:18:30,739] {logging_mixin.py:115} INFO -   exchange_id  exchange_rate base_exchange        date
0         RUB   2.622164e+06           BTC  2023-07-26
1         RUB   9.960367e+01           EUR  2023-07-26
2         RUB   9.964221e+01           EUR  2023-07-26
3         RUB   6.397940e-01           JPY  2023-07-26
4         RUB   1.263880e+01           CNY  2023-07-26
[2023-07-26 04:18:30,740] {python.py:173} INFO - Done. Returned value was: None
[2023-07-26 04:18:30,757] {taskinstance.py:1420} INFO - Marking task as SUCCESS. dag_id=fetch_exchange_rates_dag, task_id=print_csv_table, execution_date=20230726T021000, start_date=20230726T041830, end_date=20230726T041830
[2023-07-26 04:18:30,788] {local_task_job.py:156} INFO - Task exited with return code 0
[2023-07-26 04:18:30,822] {local_task_job.py:273} INFO - 0 downstream tasks scheduled from follow-on schedule check
[2023-07-26 05:08:05,795] {taskinstance.py:1179} INFO - Dependencies all met for <TaskInstance: fetch_exchange_rates_dag.print_csv_table scheduled__2023-07-26T02:10:00+00:00 [queued]>
[2023-07-26 05:08:05,823] {taskinstance.py:1179} INFO - Dependencies all met for <TaskInstance: fetch_exchange_rates_dag.print_csv_table scheduled__2023-07-26T02:10:00+00:00 [queued]>
[2023-07-26 05:08:05,824] {taskinstance.py:1376} INFO - 
--------------------------------------------------------------------------------
[2023-07-26 05:08:05,825] {taskinstance.py:1377} INFO - Starting attempt 1 of 1
[2023-07-26 05:08:05,825] {taskinstance.py:1378} INFO - 
--------------------------------------------------------------------------------
[2023-07-26 05:08:05,860] {taskinstance.py:1397} INFO - Executing <Task(PythonOperator): print_csv_table> on 2023-07-26 02:10:00+00:00
[2023-07-26 05:08:05,887] {standard_task_runner.py:52} INFO - Started process 2235 to run task
[2023-07-26 05:08:05,911] {standard_task_runner.py:79} INFO - Running: ['***', 'tasks', 'run', 'fetch_exchange_rates_dag', 'print_csv_table', 'scheduled__2023-07-26T02:10:00+00:00', '--job-id', '586', '--raw', '--subdir', 'DAGS_FOLDER/my_calc_rates.py', '--cfg-path', '/tmp/tmp_ptq7pau', '--error-file', '/tmp/tmpfwe1mezo']
[2023-07-26 05:08:05,926] {standard_task_runner.py:80} INFO - Job 586: Subtask print_csv_table
[2023-07-26 05:08:06,173] {task_command.py:371} INFO - Running <TaskInstance: fetch_exchange_rates_dag.print_csv_table scheduled__2023-07-26T02:10:00+00:00 [running]> on host acb6bca32630
[2023-07-26 05:08:06,516] {taskinstance.py:1591} INFO - Exporting the following env vars:
AIRFLOW_CTX_DAG_OWNER=marina_z
AIRFLOW_CTX_DAG_ID=fetch_exchange_rates_dag
AIRFLOW_CTX_TASK_ID=print_csv_table
AIRFLOW_CTX_EXECUTION_DATE=2023-07-26T02:10:00+00:00
AIRFLOW_CTX_TRY_NUMBER=1
AIRFLOW_CTX_DAG_RUN_ID=scheduled__2023-07-26T02:10:00+00:00
[2023-07-26 05:08:06,620] {logging_mixin.py:115} INFO -   exchange_id  exchange_rate base_exchange        date
0         RUB     2622163.50           BTC  2023-07-26
1         RUB          99.60           EUR  2023-07-26
2         RUB          99.64           EUR  2023-07-26
3         RUB           0.64           JPY  2023-07-26
4         RUB          12.64           CNY  2023-07-26
[2023-07-26 05:08:06,622] {python.py:173} INFO - Done. Returned value was: None
[2023-07-26 05:08:06,709] {taskinstance.py:1420} INFO - Marking task as SUCCESS. dag_id=fetch_exchange_rates_dag, task_id=print_csv_table, execution_date=20230726T021000, start_date=20230726T050805, end_date=20230726T050806
[2023-07-26 05:08:06,796] {local_task_job.py:156} INFO - Task exited with return code 0
[2023-07-26 05:08:06,875] {local_task_job.py:273} INFO - 0 downstream tasks scheduled from follow-on schedule check
