[2023-07-25 20:35:01,696] {taskinstance.py:1179} INFO - Dependencies all met for <TaskInstance: fetch_exchange_rates_dag.fetch_exchange_rates_task scheduled__2023-07-25T05:40:00+00:00 [queued]>
[2023-07-25 20:35:01,740] {taskinstance.py:1179} INFO - Dependencies all met for <TaskInstance: fetch_exchange_rates_dag.fetch_exchange_rates_task scheduled__2023-07-25T05:40:00+00:00 [queued]>
[2023-07-25 20:35:01,747] {taskinstance.py:1376} INFO - 
--------------------------------------------------------------------------------
[2023-07-25 20:35:01,748] {taskinstance.py:1377} INFO - Starting attempt 1 of 1
[2023-07-25 20:35:01,749] {taskinstance.py:1378} INFO - 
--------------------------------------------------------------------------------
[2023-07-25 20:35:01,797] {taskinstance.py:1397} INFO - Executing <Task(PythonOperator): fetch_exchange_rates_task> on 2023-07-25 05:40:00+00:00
[2023-07-25 20:35:01,812] {standard_task_runner.py:52} INFO - Started process 8907 to run task
[2023-07-25 20:35:01,841] {standard_task_runner.py:79} INFO - Running: ['***', 'tasks', 'run', 'fetch_exchange_rates_dag', 'fetch_exchange_rates_task', 'scheduled__2023-07-25T05:40:00+00:00', '--job-id', '128', '--raw', '--subdir', 'DAGS_FOLDER/my_calc_rates.py', '--cfg-path', '/tmp/tmpeznnhu2x', '--error-file', '/tmp/tmpxwa0afj8']
[2023-07-25 20:35:01,847] {standard_task_runner.py:80} INFO - Job 128: Subtask fetch_exchange_rates_task
[2023-07-25 20:35:02,149] {task_command.py:371} INFO - Running <TaskInstance: fetch_exchange_rates_dag.fetch_exchange_rates_task scheduled__2023-07-25T05:40:00+00:00 [running]> on host 661c8d62a693
[2023-07-25 20:35:02,370] {taskinstance.py:1591} INFO - Exporting the following env vars:
AIRFLOW_CTX_DAG_OWNER=marina_z
AIRFLOW_CTX_DAG_ID=fetch_exchange_rates_dag
AIRFLOW_CTX_TASK_ID=fetch_exchange_rates_task
AIRFLOW_CTX_EXECUTION_DATE=2023-07-25T05:40:00+00:00
AIRFLOW_CTX_TRY_NUMBER=1
AIRFLOW_CTX_DAG_RUN_ID=scheduled__2023-07-25T05:40:00+00:00
[2023-07-25 20:35:04,148] {taskinstance.py:1909} ERROR - Task failed with exception
Traceback (most recent call last):
  File "/home/airflow/.local/lib/python3.7/site-packages/airflow/operators/python.py", line 171, in execute
    return_value = self.execute_callable()
  File "/home/airflow/.local/lib/python3.7/site-packages/airflow/operators/python.py", line 189, in execute_callable
    return self.python_callable(*self.op_args, **self.op_kwargs)
  File "/opt/airflow/dags/my_calc_rates.py", line 69, in fetch_exchange_rates
    load_to_postgres = PostgresOperator(
NameError: name 'PostgresOperator' is not defined
[2023-07-25 20:35:04,170] {taskinstance.py:1420} INFO - Marking task as FAILED. dag_id=fetch_exchange_rates_dag, task_id=fetch_exchange_rates_task, execution_date=20230725T054000, start_date=20230725T203501, end_date=20230725T203504
[2023-07-25 20:35:04,191] {standard_task_runner.py:97} ERROR - Failed to execute job 128 for task fetch_exchange_rates_task (name 'PostgresOperator' is not defined; 8907)
[2023-07-25 20:35:04,220] {local_task_job.py:156} INFO - Task exited with return code 1
[2023-07-25 20:35:04,262] {local_task_job.py:273} INFO - 0 downstream tasks scheduled from follow-on schedule check
[2023-07-26 05:04:16,203] {taskinstance.py:1179} INFO - Dependencies all met for <TaskInstance: fetch_exchange_rates_dag.fetch_exchange_rates_task scheduled__2023-07-25T05:40:00+00:00 [queued]>
[2023-07-26 05:04:16,238] {taskinstance.py:1179} INFO - Dependencies all met for <TaskInstance: fetch_exchange_rates_dag.fetch_exchange_rates_task scheduled__2023-07-25T05:40:00+00:00 [queued]>
[2023-07-26 05:04:16,239] {taskinstance.py:1376} INFO - 
--------------------------------------------------------------------------------
[2023-07-26 05:04:16,239] {taskinstance.py:1377} INFO - Starting attempt 1 of 1
[2023-07-26 05:04:16,240] {taskinstance.py:1378} INFO - 
--------------------------------------------------------------------------------
[2023-07-26 05:04:16,276] {taskinstance.py:1397} INFO - Executing <Task(PythonOperator): fetch_exchange_rates_task> on 2023-07-25 05:40:00+00:00
[2023-07-26 05:04:16,288] {standard_task_runner.py:52} INFO - Started process 630 to run task
[2023-07-26 05:04:16,311] {standard_task_runner.py:79} INFO - Running: ['***', 'tasks', 'run', 'fetch_exchange_rates_dag', 'fetch_exchange_rates_task', 'scheduled__2023-07-25T05:40:00+00:00', '--job-id', '134', '--raw', '--subdir', 'DAGS_FOLDER/my_calc_rates.py', '--cfg-path', '/tmp/tmp38kr37tf', '--error-file', '/tmp/tmpobj7wsnb']
[2023-07-26 05:04:16,318] {standard_task_runner.py:80} INFO - Job 134: Subtask fetch_exchange_rates_task
[2023-07-26 05:04:16,501] {task_command.py:371} INFO - Running <TaskInstance: fetch_exchange_rates_dag.fetch_exchange_rates_task scheduled__2023-07-25T05:40:00+00:00 [running]> on host acb6bca32630
[2023-07-26 05:04:16,715] {taskinstance.py:1591} INFO - Exporting the following env vars:
AIRFLOW_CTX_DAG_OWNER=marina_z
AIRFLOW_CTX_DAG_ID=fetch_exchange_rates_dag
AIRFLOW_CTX_TASK_ID=fetch_exchange_rates_task
AIRFLOW_CTX_EXECUTION_DATE=2023-07-25T05:40:00+00:00
AIRFLOW_CTX_TRY_NUMBER=1
AIRFLOW_CTX_DAG_RUN_ID=scheduled__2023-07-25T05:40:00+00:00
[2023-07-26 05:04:17,060] {logging_mixin.py:115} INFO - Save a new file exchange_latest_BTC.csv
[2023-07-26 05:04:17,061] {logging_mixin.py:115} INFO - Create a new table exchange_latest_BTC
[2023-07-26 05:04:17,070] {logging_mixin.py:115} INFO - Insert into table exchange_latest_BTC
[2023-07-26 05:04:17,428] {logging_mixin.py:115} INFO - Save a new file exchange_latest_EUR.csv
[2023-07-26 05:04:17,432] {logging_mixin.py:115} INFO - Create a new table exchange_latest_EUR
[2023-07-26 05:04:17,442] {logging_mixin.py:115} INFO - Insert into table exchange_latest_EUR
[2023-07-26 05:04:17,828] {logging_mixin.py:115} INFO - Save a new file exchange_latest_GBR.csv
[2023-07-26 05:04:17,834] {logging_mixin.py:115} INFO - Create a new table exchange_latest_GBR
[2023-07-26 05:04:17,842] {logging_mixin.py:115} INFO - Insert into table exchange_latest_GBR
[2023-07-26 05:04:18,193] {logging_mixin.py:115} INFO - Save a new file exchange_latest_JPY.csv
[2023-07-26 05:04:18,194] {logging_mixin.py:115} INFO - Create a new table exchange_latest_JPY
[2023-07-26 05:04:18,201] {logging_mixin.py:115} INFO - Insert into table exchange_latest_JPY
[2023-07-26 05:04:18,553] {logging_mixin.py:115} INFO - Save a new file exchange_latest_CNY.csv
[2023-07-26 05:04:18,554] {logging_mixin.py:115} INFO - Create a new table exchange_latest_CNY
[2023-07-26 05:04:18,559] {logging_mixin.py:115} INFO - Insert into table exchange_latest_CNY
[2023-07-26 05:04:18,570] {python.py:173} INFO - Done. Returned value was: None
[2023-07-26 05:04:18,581] {taskinstance.py:1420} INFO - Marking task as SUCCESS. dag_id=fetch_exchange_rates_dag, task_id=fetch_exchange_rates_task, execution_date=20230725T054000, start_date=20230726T050416, end_date=20230726T050418
[2023-07-26 05:04:18,614] {local_task_job.py:156} INFO - Task exited with return code 0
[2023-07-26 05:04:18,684] {local_task_job.py:273} INFO - 0 downstream tasks scheduled from follow-on schedule check
