[2023-07-25 20:38:43,627] {taskinstance.py:1179} INFO - Dependencies all met for <TaskInstance: fetch_exchange_rates_dag.fetch_exchange_rates_task scheduled__2023-07-25T17:30:00+00:00 [queued]>
[2023-07-25 20:38:43,639] {taskinstance.py:1179} INFO - Dependencies all met for <TaskInstance: fetch_exchange_rates_dag.fetch_exchange_rates_task scheduled__2023-07-25T17:30:00+00:00 [queued]>
[2023-07-25 20:38:43,640] {taskinstance.py:1376} INFO - 
--------------------------------------------------------------------------------
[2023-07-25 20:38:43,641] {taskinstance.py:1377} INFO - Starting attempt 1 of 1
[2023-07-25 20:38:43,641] {taskinstance.py:1378} INFO - 
--------------------------------------------------------------------------------
[2023-07-25 20:38:43,656] {taskinstance.py:1397} INFO - Executing <Task(PythonOperator): fetch_exchange_rates_task> on 2023-07-25 17:30:00+00:00
[2023-07-25 20:38:43,662] {standard_task_runner.py:52} INFO - Started process 9303 to run task
[2023-07-25 20:38:43,666] {standard_task_runner.py:79} INFO - Running: ['***', 'tasks', 'run', 'fetch_exchange_rates_dag', 'fetch_exchange_rates_task', 'scheduled__2023-07-25T17:30:00+00:00', '--job-id', '203', '--raw', '--subdir', 'DAGS_FOLDER/my_calc_rates.py', '--cfg-path', '/tmp/tmp66k1419o', '--error-file', '/tmp/tmp6py7h2lz']
[2023-07-25 20:38:43,669] {standard_task_runner.py:80} INFO - Job 203: Subtask fetch_exchange_rates_task
[2023-07-25 20:38:43,758] {task_command.py:371} INFO - Running <TaskInstance: fetch_exchange_rates_dag.fetch_exchange_rates_task scheduled__2023-07-25T17:30:00+00:00 [running]> on host 661c8d62a693
[2023-07-25 20:38:43,856] {taskinstance.py:1591} INFO - Exporting the following env vars:
AIRFLOW_CTX_DAG_OWNER=marina_z
AIRFLOW_CTX_DAG_ID=fetch_exchange_rates_dag
AIRFLOW_CTX_TASK_ID=fetch_exchange_rates_task
AIRFLOW_CTX_EXECUTION_DATE=2023-07-25T17:30:00+00:00
AIRFLOW_CTX_TRY_NUMBER=1
AIRFLOW_CTX_DAG_RUN_ID=scheduled__2023-07-25T17:30:00+00:00
[2023-07-25 20:38:45,395] {taskinstance.py:1909} ERROR - Task failed with exception
Traceback (most recent call last):
  File "/home/airflow/.local/lib/python3.7/site-packages/airflow/operators/python.py", line 171, in execute
    return_value = self.execute_callable()
  File "/home/airflow/.local/lib/python3.7/site-packages/airflow/operators/python.py", line 189, in execute_callable
    return self.python_callable(*self.op_args, **self.op_kwargs)
  File "/opt/airflow/dags/my_calc_rates.py", line 69, in fetch_exchange_rates
    load_to_postgres = PostgresOperator(
NameError: name 'PostgresOperator' is not defined
[2023-07-25 20:38:45,409] {taskinstance.py:1420} INFO - Marking task as FAILED. dag_id=fetch_exchange_rates_dag, task_id=fetch_exchange_rates_task, execution_date=20230725T173000, start_date=20230725T203843, end_date=20230725T203845
[2023-07-25 20:38:45,421] {standard_task_runner.py:97} ERROR - Failed to execute job 203 for task fetch_exchange_rates_task (name 'PostgresOperator' is not defined; 9303)
[2023-07-25 20:38:45,449] {local_task_job.py:156} INFO - Task exited with return code 1
[2023-07-25 20:38:45,474] {local_task_job.py:273} INFO - 0 downstream tasks scheduled from follow-on schedule check
[2023-07-26 05:06:18,634] {taskinstance.py:1179} INFO - Dependencies all met for <TaskInstance: fetch_exchange_rates_dag.fetch_exchange_rates_task scheduled__2023-07-25T17:30:00+00:00 [queued]>
[2023-07-26 05:06:18,748] {taskinstance.py:1179} INFO - Dependencies all met for <TaskInstance: fetch_exchange_rates_dag.fetch_exchange_rates_task scheduled__2023-07-25T17:30:00+00:00 [queued]>
[2023-07-26 05:06:18,756] {taskinstance.py:1376} INFO - 
--------------------------------------------------------------------------------
[2023-07-26 05:06:18,756] {taskinstance.py:1377} INFO - Starting attempt 1 of 1
[2023-07-26 05:06:18,757] {taskinstance.py:1378} INFO - 
--------------------------------------------------------------------------------
[2023-07-26 05:06:18,823] {taskinstance.py:1397} INFO - Executing <Task(PythonOperator): fetch_exchange_rates_task> on 2023-07-25 17:30:00+00:00
[2023-07-26 05:06:18,837] {standard_task_runner.py:52} INFO - Started process 1536 to run task
[2023-07-26 05:06:18,842] {standard_task_runner.py:79} INFO - Running: ['***', 'tasks', 'run', 'fetch_exchange_rates_dag', 'fetch_exchange_rates_task', 'scheduled__2023-07-25T17:30:00+00:00', '--job-id', '383', '--raw', '--subdir', 'DAGS_FOLDER/my_calc_rates.py', '--cfg-path', '/tmp/tmp9sbtb2a4', '--error-file', '/tmp/tmptf_nz6if']
[2023-07-26 05:06:18,844] {standard_task_runner.py:80} INFO - Job 383: Subtask fetch_exchange_rates_task
[2023-07-26 05:06:19,058] {task_command.py:371} INFO - Running <TaskInstance: fetch_exchange_rates_dag.fetch_exchange_rates_task scheduled__2023-07-25T17:30:00+00:00 [running]> on host acb6bca32630
[2023-07-26 05:06:19,428] {taskinstance.py:1591} INFO - Exporting the following env vars:
AIRFLOW_CTX_DAG_OWNER=marina_z
AIRFLOW_CTX_DAG_ID=fetch_exchange_rates_dag
AIRFLOW_CTX_TASK_ID=fetch_exchange_rates_task
AIRFLOW_CTX_EXECUTION_DATE=2023-07-25T17:30:00+00:00
AIRFLOW_CTX_TRY_NUMBER=1
AIRFLOW_CTX_DAG_RUN_ID=scheduled__2023-07-25T17:30:00+00:00
[2023-07-26 05:06:20,031] {logging_mixin.py:115} INFO - Save a new file exchange_latest_BTC.csv
[2023-07-26 05:06:20,035] {logging_mixin.py:115} INFO - Create a new table exchange_latest_BTC
[2023-07-26 05:06:20,053] {logging_mixin.py:115} INFO - Insert into table exchange_latest_BTC
[2023-07-26 05:06:20,571] {logging_mixin.py:115} INFO - Save a new file exchange_latest_EUR.csv
[2023-07-26 05:06:20,572] {logging_mixin.py:115} INFO - Create a new table exchange_latest_EUR
[2023-07-26 05:06:20,578] {logging_mixin.py:115} INFO - Insert into table exchange_latest_EUR
[2023-07-26 05:06:20,947] {logging_mixin.py:115} INFO - Save a new file exchange_latest_GBR.csv
[2023-07-26 05:06:20,949] {logging_mixin.py:115} INFO - Create a new table exchange_latest_GBR
[2023-07-26 05:06:20,960] {logging_mixin.py:115} INFO - Insert into table exchange_latest_GBR
[2023-07-26 05:06:21,386] {logging_mixin.py:115} INFO - Save a new file exchange_latest_JPY.csv
[2023-07-26 05:06:21,388] {logging_mixin.py:115} INFO - Create a new table exchange_latest_JPY
[2023-07-26 05:06:21,393] {logging_mixin.py:115} INFO - Insert into table exchange_latest_JPY
[2023-07-26 05:06:21,810] {logging_mixin.py:115} INFO - Save a new file exchange_latest_CNY.csv
[2023-07-26 05:06:21,815] {logging_mixin.py:115} INFO - Create a new table exchange_latest_CNY
[2023-07-26 05:06:21,821] {logging_mixin.py:115} INFO - Insert into table exchange_latest_CNY
[2023-07-26 05:06:21,849] {python.py:173} INFO - Done. Returned value was: None
[2023-07-26 05:06:21,868] {taskinstance.py:1420} INFO - Marking task as SUCCESS. dag_id=fetch_exchange_rates_dag, task_id=fetch_exchange_rates_task, execution_date=20230725T173000, start_date=20230726T050618, end_date=20230726T050621
[2023-07-26 05:06:22,005] {local_task_job.py:156} INFO - Task exited with return code 0
[2023-07-26 05:06:22,134] {local_task_job.py:273} INFO - 1 downstream tasks scheduled from follow-on schedule check
