[2023-07-26 04:18:37,168] {taskinstance.py:1179} INFO - Dependencies all met for <TaskInstance: fetch_exchange_rates_dag.bash_task scheduled__2023-07-26T03:50:00+00:00 [queued]>
[2023-07-26 04:18:37,226] {taskinstance.py:1179} INFO - Dependencies all met for <TaskInstance: fetch_exchange_rates_dag.bash_task scheduled__2023-07-26T03:50:00+00:00 [queued]>
[2023-07-26 04:18:37,227] {taskinstance.py:1376} INFO - 
--------------------------------------------------------------------------------
[2023-07-26 04:18:37,228] {taskinstance.py:1377} INFO - Starting attempt 1 of 1
[2023-07-26 04:18:37,228] {taskinstance.py:1378} INFO - 
--------------------------------------------------------------------------------
[2023-07-26 04:18:37,276] {taskinstance.py:1397} INFO - Executing <Task(BashOperator): bash_task> on 2023-07-26 03:50:00+00:00
[2023-07-26 04:18:37,297] {standard_task_runner.py:52} INFO - Started process 7199 to run task
[2023-07-26 04:18:37,307] {standard_task_runner.py:79} INFO - Running: ['***', 'tasks', 'run', 'fetch_exchange_rates_dag', 'bash_task', 'scheduled__2023-07-26T03:50:00+00:00', '--job-id', '101', '--raw', '--subdir', 'DAGS_FOLDER/my_calc_rates.py', '--cfg-path', '/tmp/tmp8e6yz638', '--error-file', '/tmp/tmpmazdixih']
[2023-07-26 04:18:37,310] {standard_task_runner.py:80} INFO - Job 101: Subtask bash_task
[2023-07-26 04:18:37,515] {task_command.py:371} INFO - Running <TaskInstance: fetch_exchange_rates_dag.bash_task scheduled__2023-07-26T03:50:00+00:00 [running]> on host 6e11a261c833
[2023-07-26 04:18:37,901] {taskinstance.py:1591} INFO - Exporting the following env vars:
AIRFLOW_CTX_DAG_OWNER=***
AIRFLOW_CTX_DAG_ID=fetch_exchange_rates_dag
AIRFLOW_CTX_TASK_ID=bash_task
AIRFLOW_CTX_EXECUTION_DATE=2023-07-26T03:50:00+00:00
AIRFLOW_CTX_TRY_NUMBER=1
AIRFLOW_CTX_DAG_RUN_ID=scheduled__2023-07-26T03:50:00+00:00
[2023-07-26 04:18:37,910] {subprocess.py:62} INFO - Tmp dir root location: 
 /tmp
[2023-07-26 04:18:37,917] {subprocess.py:74} INFO - Running command: ['bash', '-c', 'echo "Good morning my diggers!"']
[2023-07-26 04:18:38,029] {subprocess.py:85} INFO - Output:
[2023-07-26 04:18:38,033] {subprocess.py:92} INFO - Good morning my diggers!
[2023-07-26 04:18:38,036] {subprocess.py:96} INFO - Command exited with return code 0
[2023-07-26 04:18:38,147] {taskinstance.py:1420} INFO - Marking task as SUCCESS. dag_id=fetch_exchange_rates_dag, task_id=bash_task, execution_date=20230726T035000, start_date=20230726T041837, end_date=20230726T041838
[2023-07-26 04:18:38,268] {local_task_job.py:156} INFO - Task exited with return code 0
[2023-07-26 04:18:38,401] {local_task_job.py:273} INFO - 0 downstream tasks scheduled from follow-on schedule check
[2023-07-26 05:08:14,747] {taskinstance.py:1179} INFO - Dependencies all met for <TaskInstance: fetch_exchange_rates_dag.bash_task scheduled__2023-07-26T03:50:00+00:00 [queued]>
[2023-07-26 05:08:14,795] {taskinstance.py:1179} INFO - Dependencies all met for <TaskInstance: fetch_exchange_rates_dag.bash_task scheduled__2023-07-26T03:50:00+00:00 [queued]>
[2023-07-26 05:08:14,799] {taskinstance.py:1376} INFO - 
--------------------------------------------------------------------------------
[2023-07-26 05:08:14,803] {taskinstance.py:1377} INFO - Starting attempt 1 of 1
[2023-07-26 05:08:14,805] {taskinstance.py:1378} INFO - 
--------------------------------------------------------------------------------
[2023-07-26 05:08:14,875] {taskinstance.py:1397} INFO - Executing <Task(BashOperator): bash_task> on 2023-07-26 03:50:00+00:00
[2023-07-26 05:08:14,895] {standard_task_runner.py:52} INFO - Started process 2295 to run task
[2023-07-26 05:08:14,937] {standard_task_runner.py:79} INFO - Running: ['***', 'tasks', 'run', 'fetch_exchange_rates_dag', 'bash_task', 'scheduled__2023-07-26T03:50:00+00:00', '--job-id', '605', '--raw', '--subdir', 'DAGS_FOLDER/my_calc_rates.py', '--cfg-path', '/tmp/tmp3qvo15i6', '--error-file', '/tmp/tmp9800lrzq']
[2023-07-26 05:08:14,945] {standard_task_runner.py:80} INFO - Job 605: Subtask bash_task
[2023-07-26 05:08:15,146] {task_command.py:371} INFO - Running <TaskInstance: fetch_exchange_rates_dag.bash_task scheduled__2023-07-26T03:50:00+00:00 [running]> on host acb6bca32630
[2023-07-26 05:08:15,462] {taskinstance.py:1591} INFO - Exporting the following env vars:
AIRFLOW_CTX_DAG_OWNER=***
AIRFLOW_CTX_DAG_ID=fetch_exchange_rates_dag
AIRFLOW_CTX_TASK_ID=bash_task
AIRFLOW_CTX_EXECUTION_DATE=2023-07-26T03:50:00+00:00
AIRFLOW_CTX_TRY_NUMBER=1
AIRFLOW_CTX_DAG_RUN_ID=scheduled__2023-07-26T03:50:00+00:00
[2023-07-26 05:08:15,465] {subprocess.py:62} INFO - Tmp dir root location: 
 /tmp
[2023-07-26 05:08:15,466] {subprocess.py:74} INFO - Running command: ['bash', '-c', 'echo "Good morning my diggers!"']
[2023-07-26 05:08:15,510] {subprocess.py:85} INFO - Output:
[2023-07-26 05:08:15,512] {subprocess.py:92} INFO - Good morning my diggers!
[2023-07-26 05:08:15,514] {subprocess.py:96} INFO - Command exited with return code 0
[2023-07-26 05:08:15,697] {taskinstance.py:1420} INFO - Marking task as SUCCESS. dag_id=fetch_exchange_rates_dag, task_id=bash_task, execution_date=20230726T035000, start_date=20230726T050814, end_date=20230726T050815
[2023-07-26 05:08:15,784] {local_task_job.py:156} INFO - Task exited with return code 0
[2023-07-26 05:08:15,859] {local_task_job.py:273} INFO - 1 downstream tasks scheduled from follow-on schedule check
