[2023-07-26 05:07:05,912] {taskinstance.py:1179} INFO - Dependencies all met for <TaskInstance: fetch_exchange_rates_dag.create_total_exchange_rates_table scheduled__2023-07-25T21:20:00+00:00 [queued]>
[2023-07-26 05:07:05,966] {taskinstance.py:1179} INFO - Dependencies all met for <TaskInstance: fetch_exchange_rates_dag.create_total_exchange_rates_table scheduled__2023-07-25T21:20:00+00:00 [queued]>
[2023-07-26 05:07:05,969] {taskinstance.py:1376} INFO - 
--------------------------------------------------------------------------------
[2023-07-26 05:07:05,970] {taskinstance.py:1377} INFO - Starting attempt 1 of 1
[2023-07-26 05:07:05,971] {taskinstance.py:1378} INFO - 
--------------------------------------------------------------------------------
[2023-07-26 05:07:06,060] {taskinstance.py:1397} INFO - Executing <Task(PythonOperator): create_total_exchange_rates_table> on 2023-07-25 21:20:00+00:00
[2023-07-26 05:07:06,131] {standard_task_runner.py:52} INFO - Started process 1852 to run task
[2023-07-26 05:07:06,144] {standard_task_runner.py:79} INFO - Running: ['***', 'tasks', 'run', 'fetch_exchange_rates_dag', 'create_total_exchange_rates_table', 'scheduled__2023-07-25T21:20:00+00:00', '--job-id', '477', '--raw', '--subdir', 'DAGS_FOLDER/my_calc_rates.py', '--cfg-path', '/tmp/tmpf16ebk_7', '--error-file', '/tmp/tmpaw_zyh3o']
[2023-07-26 05:07:06,150] {standard_task_runner.py:80} INFO - Job 477: Subtask create_total_exchange_rates_table
[2023-07-26 05:07:06,526] {task_command.py:371} INFO - Running <TaskInstance: fetch_exchange_rates_dag.create_total_exchange_rates_table scheduled__2023-07-25T21:20:00+00:00 [running]> on host acb6bca32630
[2023-07-26 05:07:06,802] {taskinstance.py:1591} INFO - Exporting the following env vars:
AIRFLOW_CTX_DAG_OWNER=marina_z
AIRFLOW_CTX_DAG_ID=fetch_exchange_rates_dag
AIRFLOW_CTX_TASK_ID=create_total_exchange_rates_table
AIRFLOW_CTX_EXECUTION_DATE=2023-07-25T21:20:00+00:00
AIRFLOW_CTX_TRY_NUMBER=1
AIRFLOW_CTX_DAG_RUN_ID=scheduled__2023-07-25T21:20:00+00:00
[2023-07-26 05:07:06,824] {logging_mixin.py:115} INFO - The table total_exchange_rates is created and saved
[2023-07-26 05:07:06,872] {python.py:173} INFO - Done. Returned value was: None
[2023-07-26 05:07:06,944] {taskinstance.py:1420} INFO - Marking task as SUCCESS. dag_id=fetch_exchange_rates_dag, task_id=create_total_exchange_rates_table, execution_date=20230725T212000, start_date=20230726T050705, end_date=20230726T050706
[2023-07-26 05:07:07,151] {local_task_job.py:156} INFO - Task exited with return code 0
[2023-07-26 05:07:07,323] {local_task_job.py:273} INFO - 0 downstream tasks scheduled from follow-on schedule check
