[2023-07-25 20:38:03,160] {taskinstance.py:1179} INFO - Dependencies all met for <TaskInstance: fetch_exchange_rates_dag.fetch_exchange_rates_task scheduled__2023-07-25T07:50:00+00:00 [queued]>
[2023-07-25 20:38:03,185] {taskinstance.py:1179} INFO - Dependencies all met for <TaskInstance: fetch_exchange_rates_dag.fetch_exchange_rates_task scheduled__2023-07-25T07:50:00+00:00 [queued]>
[2023-07-25 20:38:03,188] {taskinstance.py:1376} INFO - 
--------------------------------------------------------------------------------
[2023-07-25 20:38:03,188] {taskinstance.py:1377} INFO - Starting attempt 1 of 1
[2023-07-25 20:38:03,189] {taskinstance.py:1378} INFO - 
--------------------------------------------------------------------------------
[2023-07-25 20:38:03,250] {taskinstance.py:1397} INFO - Executing <Task(PythonOperator): fetch_exchange_rates_task> on 2023-07-25 07:50:00+00:00
[2023-07-25 20:38:03,289] {standard_task_runner.py:52} INFO - Started process 9101 to run task
[2023-07-25 20:38:03,295] {standard_task_runner.py:79} INFO - Running: ['***', 'tasks', 'run', 'fetch_exchange_rates_dag', 'fetch_exchange_rates_task', 'scheduled__2023-07-25T07:50:00+00:00', '--job-id', '145', '--raw', '--subdir', 'DAGS_FOLDER/my_calc_rates.py', '--cfg-path', '/tmp/tmpym1aw_oq', '--error-file', '/tmp/tmpjf8nt4re']
[2023-07-25 20:38:03,321] {standard_task_runner.py:80} INFO - Job 145: Subtask fetch_exchange_rates_task
[2023-07-25 20:38:03,476] {task_command.py:371} INFO - Running <TaskInstance: fetch_exchange_rates_dag.fetch_exchange_rates_task scheduled__2023-07-25T07:50:00+00:00 [running]> on host 661c8d62a693
[2023-07-25 20:38:03,729] {taskinstance.py:1591} INFO - Exporting the following env vars:
AIRFLOW_CTX_DAG_OWNER=marina_z
AIRFLOW_CTX_DAG_ID=fetch_exchange_rates_dag
AIRFLOW_CTX_TASK_ID=fetch_exchange_rates_task
AIRFLOW_CTX_EXECUTION_DATE=2023-07-25T07:50:00+00:00
AIRFLOW_CTX_TRY_NUMBER=1
AIRFLOW_CTX_DAG_RUN_ID=scheduled__2023-07-25T07:50:00+00:00
[2023-07-25 20:38:05,588] {taskinstance.py:1909} ERROR - Task failed with exception
Traceback (most recent call last):
  File "/home/airflow/.local/lib/python3.7/site-packages/airflow/operators/python.py", line 171, in execute
    return_value = self.execute_callable()
  File "/home/airflow/.local/lib/python3.7/site-packages/airflow/operators/python.py", line 189, in execute_callable
    return self.python_callable(*self.op_args, **self.op_kwargs)
  File "/opt/airflow/dags/my_calc_rates.py", line 69, in fetch_exchange_rates
    load_to_postgres = PostgresOperator(
NameError: name 'PostgresOperator' is not defined
[2023-07-25 20:38:05,614] {taskinstance.py:1420} INFO - Marking task as FAILED. dag_id=fetch_exchange_rates_dag, task_id=fetch_exchange_rates_task, execution_date=20230725T075000, start_date=20230725T203803, end_date=20230725T203805
[2023-07-25 20:38:05,677] {standard_task_runner.py:97} ERROR - Failed to execute job 145 for task fetch_exchange_rates_task (name 'PostgresOperator' is not defined; 9101)
[2023-07-25 20:38:05,737] {local_task_job.py:156} INFO - Task exited with return code 1
[2023-07-25 20:38:05,813] {local_task_job.py:273} INFO - 0 downstream tasks scheduled from follow-on schedule check
[2023-07-26 05:04:30,662] {taskinstance.py:1179} INFO - Dependencies all met for <TaskInstance: fetch_exchange_rates_dag.fetch_exchange_rates_task scheduled__2023-07-25T07:50:00+00:00 [queued]>
[2023-07-26 05:04:30,688] {taskinstance.py:1179} INFO - Dependencies all met for <TaskInstance: fetch_exchange_rates_dag.fetch_exchange_rates_task scheduled__2023-07-25T07:50:00+00:00 [queued]>
[2023-07-26 05:04:30,689] {taskinstance.py:1376} INFO - 
--------------------------------------------------------------------------------
[2023-07-26 05:04:30,690] {taskinstance.py:1377} INFO - Starting attempt 1 of 1
[2023-07-26 05:04:30,690] {taskinstance.py:1378} INFO - 
--------------------------------------------------------------------------------
[2023-07-26 05:04:30,733] {taskinstance.py:1397} INFO - Executing <Task(PythonOperator): fetch_exchange_rates_task> on 2023-07-25 07:50:00+00:00
[2023-07-26 05:04:30,742] {standard_task_runner.py:52} INFO - Started process 730 to run task
[2023-07-26 05:04:30,747] {standard_task_runner.py:79} INFO - Running: ['***', 'tasks', 'run', 'fetch_exchange_rates_dag', 'fetch_exchange_rates_task', 'scheduled__2023-07-25T07:50:00+00:00', '--job-id', '163', '--raw', '--subdir', 'DAGS_FOLDER/my_calc_rates.py', '--cfg-path', '/tmp/tmps7aikum3', '--error-file', '/tmp/tmpemgcaykp']
[2023-07-26 05:04:30,750] {standard_task_runner.py:80} INFO - Job 163: Subtask fetch_exchange_rates_task
[2023-07-26 05:04:30,951] {task_command.py:371} INFO - Running <TaskInstance: fetch_exchange_rates_dag.fetch_exchange_rates_task scheduled__2023-07-25T07:50:00+00:00 [running]> on host acb6bca32630
[2023-07-26 05:04:31,062] {taskinstance.py:1591} INFO - Exporting the following env vars:
AIRFLOW_CTX_DAG_OWNER=marina_z
AIRFLOW_CTX_DAG_ID=fetch_exchange_rates_dag
AIRFLOW_CTX_TASK_ID=fetch_exchange_rates_task
AIRFLOW_CTX_EXECUTION_DATE=2023-07-25T07:50:00+00:00
AIRFLOW_CTX_TRY_NUMBER=1
AIRFLOW_CTX_DAG_RUN_ID=scheduled__2023-07-25T07:50:00+00:00
[2023-07-26 05:04:31,488] {logging_mixin.py:115} INFO - Save a new file exchange_latest_BTC.csv
[2023-07-26 05:04:31,490] {logging_mixin.py:115} INFO - Create a new table exchange_latest_BTC
[2023-07-26 05:04:31,499] {logging_mixin.py:115} INFO - Insert into table exchange_latest_BTC
[2023-07-26 05:04:32,055] {logging_mixin.py:115} INFO - Save a new file exchange_latest_EUR.csv
[2023-07-26 05:04:32,056] {logging_mixin.py:115} INFO - Create a new table exchange_latest_EUR
[2023-07-26 05:04:32,061] {logging_mixin.py:115} INFO - Insert into table exchange_latest_EUR
[2023-07-26 05:04:32,393] {logging_mixin.py:115} INFO - Save a new file exchange_latest_GBR.csv
[2023-07-26 05:04:32,393] {logging_mixin.py:115} INFO - Create a new table exchange_latest_GBR
[2023-07-26 05:04:32,400] {logging_mixin.py:115} INFO - Insert into table exchange_latest_GBR
[2023-07-26 05:04:32,765] {logging_mixin.py:115} INFO - Save a new file exchange_latest_JPY.csv
[2023-07-26 05:04:32,766] {logging_mixin.py:115} INFO - Create a new table exchange_latest_JPY
[2023-07-26 05:04:32,771] {logging_mixin.py:115} INFO - Insert into table exchange_latest_JPY
[2023-07-26 05:04:33,102] {logging_mixin.py:115} INFO - Save a new file exchange_latest_CNY.csv
[2023-07-26 05:04:33,103] {logging_mixin.py:115} INFO - Create a new table exchange_latest_CNY
[2023-07-26 05:04:33,107] {logging_mixin.py:115} INFO - Insert into table exchange_latest_CNY
[2023-07-26 05:04:33,125] {python.py:173} INFO - Done. Returned value was: None
[2023-07-26 05:04:33,149] {taskinstance.py:1420} INFO - Marking task as SUCCESS. dag_id=fetch_exchange_rates_dag, task_id=fetch_exchange_rates_task, execution_date=20230725T075000, start_date=20230726T050430, end_date=20230726T050433
[2023-07-26 05:04:33,230] {local_task_job.py:156} INFO - Task exited with return code 0
[2023-07-26 05:04:33,391] {local_task_job.py:273} INFO - 1 downstream tasks scheduled from follow-on schedule check
