[2023-07-26 05:03:32,464] {taskinstance.py:1179} INFO - Dependencies all met for <TaskInstance: fetch_exchange_rates_dag.print_csv_table scheduled__2023-07-25T00:50:00+00:00 [queued]>
[2023-07-26 05:03:32,498] {taskinstance.py:1179} INFO - Dependencies all met for <TaskInstance: fetch_exchange_rates_dag.print_csv_table scheduled__2023-07-25T00:50:00+00:00 [queued]>
[2023-07-26 05:03:32,503] {taskinstance.py:1376} INFO - 
--------------------------------------------------------------------------------
[2023-07-26 05:03:32,504] {taskinstance.py:1377} INFO - Starting attempt 1 of 1
[2023-07-26 05:03:32,507] {taskinstance.py:1378} INFO - 
--------------------------------------------------------------------------------
[2023-07-26 05:03:32,539] {taskinstance.py:1397} INFO - Executing <Task(PythonOperator): print_csv_table> on 2023-07-25 00:50:00+00:00
[2023-07-26 05:03:32,555] {standard_task_runner.py:52} INFO - Started process 319 to run task
[2023-07-26 05:03:32,570] {standard_task_runner.py:79} INFO - Running: ['***', 'tasks', 'run', 'fetch_exchange_rates_dag', 'print_csv_table', 'scheduled__2023-07-25T00:50:00+00:00', '--job-id', '49', '--raw', '--subdir', 'DAGS_FOLDER/my_calc_rates.py', '--cfg-path', '/tmp/tmpyo94etf5', '--error-file', '/tmp/tmpcl_egdsg']
[2023-07-26 05:03:32,575] {standard_task_runner.py:80} INFO - Job 49: Subtask print_csv_table
[2023-07-26 05:03:32,838] {task_command.py:371} INFO - Running <TaskInstance: fetch_exchange_rates_dag.print_csv_table scheduled__2023-07-25T00:50:00+00:00 [running]> on host acb6bca32630
[2023-07-26 05:03:33,045] {taskinstance.py:1591} INFO - Exporting the following env vars:
AIRFLOW_CTX_DAG_OWNER=marina_z
AIRFLOW_CTX_DAG_ID=fetch_exchange_rates_dag
AIRFLOW_CTX_TASK_ID=print_csv_table
AIRFLOW_CTX_EXECUTION_DATE=2023-07-25T00:50:00+00:00
AIRFLOW_CTX_TRY_NUMBER=1
AIRFLOW_CTX_DAG_RUN_ID=scheduled__2023-07-25T00:50:00+00:00
[2023-07-26 05:03:33,113] {logging_mixin.py:115} INFO -   exchange_id  exchange_rate base_exchange        date
0         RUB     2622163.50           BTC  2023-07-26
1         RUB          99.60           EUR  2023-07-26
2         RUB          99.64           EUR  2023-07-26
3         RUB           0.64           JPY  2023-07-26
4         RUB          12.64           CNY  2023-07-26
[2023-07-26 05:03:33,114] {python.py:173} INFO - Done. Returned value was: None
[2023-07-26 05:03:33,210] {taskinstance.py:1420} INFO - Marking task as SUCCESS. dag_id=fetch_exchange_rates_dag, task_id=print_csv_table, execution_date=20230725T005000, start_date=20230726T050332, end_date=20230726T050333
[2023-07-26 05:03:33,317] {local_task_job.py:156} INFO - Task exited with return code 0
[2023-07-26 05:03:33,366] {local_task_job.py:273} INFO - 0 downstream tasks scheduled from follow-on schedule check
