[2023-07-25 23:55:00,831] {taskinstance.py:1179} INFO - Dependencies all met for <TaskInstance: calc-rates.bash_task scheduled__2023-07-25T23:50:00+00:00 [queued]>
[2023-07-25 23:55:00,843] {taskinstance.py:1179} INFO - Dependencies all met for <TaskInstance: calc-rates.bash_task scheduled__2023-07-25T23:50:00+00:00 [queued]>
[2023-07-25 23:55:00,844] {taskinstance.py:1376} INFO - 
--------------------------------------------------------------------------------
[2023-07-25 23:55:00,845] {taskinstance.py:1377} INFO - Starting attempt 1 of 1
[2023-07-25 23:55:00,845] {taskinstance.py:1378} INFO - 
--------------------------------------------------------------------------------
[2023-07-25 23:55:00,867] {taskinstance.py:1397} INFO - Executing <Task(BashOperator): bash_task> on 2023-07-25 23:50:00+00:00
[2023-07-25 23:55:00,875] {standard_task_runner.py:52} INFO - Started process 933 to run task
[2023-07-25 23:55:00,879] {standard_task_runner.py:79} INFO - Running: ['***', 'tasks', 'run', 'calc-rates', 'bash_task', 'scheduled__2023-07-25T23:50:00+00:00', '--job-id', '365', '--raw', '--subdir', 'DAGS_FOLDER/calc_rates.py', '--cfg-path', '/tmp/tmp89w4y67o', '--error-file', '/tmp/tmp4vfy3z84']
[2023-07-25 23:55:00,880] {standard_task_runner.py:80} INFO - Job 365: Subtask bash_task
[2023-07-25 23:55:01,030] {task_command.py:371} INFO - Running <TaskInstance: calc-rates.bash_task scheduled__2023-07-25T23:50:00+00:00 [running]> on host 661c8d62a693
[2023-07-25 23:55:01,123] {taskinstance.py:1591} INFO - Exporting the following env vars:
AIRFLOW_CTX_DAG_OWNER=marina_z
AIRFLOW_CTX_DAG_ID=calc-rates
AIRFLOW_CTX_TASK_ID=bash_task
AIRFLOW_CTX_EXECUTION_DATE=2023-07-25T23:50:00+00:00
AIRFLOW_CTX_TRY_NUMBER=1
AIRFLOW_CTX_DAG_RUN_ID=scheduled__2023-07-25T23:50:00+00:00
[2023-07-25 23:55:01,125] {subprocess.py:62} INFO - Tmp dir root location: 
 /tmp
[2023-07-25 23:55:01,126] {subprocess.py:74} INFO - Running command: ['bash', '-c', "echo 'Hello, World!'"]
[2023-07-25 23:55:01,136] {subprocess.py:85} INFO - Output:
[2023-07-25 23:55:01,141] {subprocess.py:92} INFO - Hello, World!
[2023-07-25 23:55:01,142] {subprocess.py:96} INFO - Command exited with return code 0
[2023-07-25 23:55:01,167] {taskinstance.py:1420} INFO - Marking task as SUCCESS. dag_id=calc-rates, task_id=bash_task, execution_date=20230725T235000, start_date=20230725T235500, end_date=20230725T235501
[2023-07-25 23:55:01,215] {local_task_job.py:156} INFO - Task exited with return code 0
[2023-07-25 23:55:01,260] {local_task_job.py:273} INFO - 1 downstream tasks scheduled from follow-on schedule check
