[2023-07-26 04:20:01,440] {taskinstance.py:1179} INFO - Dependencies all met for <TaskInstance: fetch_exchange_rates_dag.bash_task scheduled__2023-07-26T04:10:00+00:00 [queued]>
[2023-07-26 04:20:01,447] {taskinstance.py:1179} INFO - Dependencies all met for <TaskInstance: fetch_exchange_rates_dag.bash_task scheduled__2023-07-26T04:10:00+00:00 [queued]>
[2023-07-26 04:20:01,447] {taskinstance.py:1376} INFO - 
--------------------------------------------------------------------------------
[2023-07-26 04:20:01,448] {taskinstance.py:1377} INFO - Starting attempt 1 of 1
[2023-07-26 04:20:01,448] {taskinstance.py:1378} INFO - 
--------------------------------------------------------------------------------
[2023-07-26 04:20:01,457] {taskinstance.py:1397} INFO - Executing <Task(BashOperator): bash_task> on 2023-07-26 04:10:00+00:00
[2023-07-26 04:20:01,461] {standard_task_runner.py:52} INFO - Started process 7329 to run task
[2023-07-26 04:20:01,464] {standard_task_runner.py:79} INFO - Running: ['***', 'tasks', 'run', 'fetch_exchange_rates_dag', 'bash_task', 'scheduled__2023-07-26T04:10:00+00:00', '--job-id', '125', '--raw', '--subdir', 'DAGS_FOLDER/my_calc_rates.py', '--cfg-path', '/tmp/tmpvl823lce', '--error-file', '/tmp/tmp4_vpcgsu']
[2023-07-26 04:20:01,465] {standard_task_runner.py:80} INFO - Job 125: Subtask bash_task
[2023-07-26 04:20:01,524] {task_command.py:371} INFO - Running <TaskInstance: fetch_exchange_rates_dag.bash_task scheduled__2023-07-26T04:10:00+00:00 [running]> on host 6e11a261c833
[2023-07-26 04:20:01,577] {taskinstance.py:1591} INFO - Exporting the following env vars:
AIRFLOW_CTX_DAG_OWNER=***
AIRFLOW_CTX_DAG_ID=fetch_exchange_rates_dag
AIRFLOW_CTX_TASK_ID=bash_task
AIRFLOW_CTX_EXECUTION_DATE=2023-07-26T04:10:00+00:00
AIRFLOW_CTX_TRY_NUMBER=1
AIRFLOW_CTX_DAG_RUN_ID=scheduled__2023-07-26T04:10:00+00:00
[2023-07-26 04:20:01,579] {subprocess.py:62} INFO - Tmp dir root location: 
 /tmp
[2023-07-26 04:20:01,580] {subprocess.py:74} INFO - Running command: ['bash', '-c', 'echo "Good morning my diggers!"']
[2023-07-26 04:20:01,588] {subprocess.py:85} INFO - Output:
[2023-07-26 04:20:01,590] {subprocess.py:92} INFO - Good morning my diggers!
[2023-07-26 04:20:01,591] {subprocess.py:96} INFO - Command exited with return code 0
[2023-07-26 04:20:01,613] {taskinstance.py:1420} INFO - Marking task as SUCCESS. dag_id=fetch_exchange_rates_dag, task_id=bash_task, execution_date=20230726T041000, start_date=20230726T042001, end_date=20230726T042001
[2023-07-26 04:20:01,636] {local_task_job.py:156} INFO - Task exited with return code 0
[2023-07-26 04:20:01,676] {local_task_job.py:273} INFO - 1 downstream tasks scheduled from follow-on schedule check
[2023-07-26 05:08:15,542] {taskinstance.py:1179} INFO - Dependencies all met for <TaskInstance: fetch_exchange_rates_dag.bash_task scheduled__2023-07-26T04:10:00+00:00 [queued]>
[2023-07-26 05:08:15,569] {taskinstance.py:1179} INFO - Dependencies all met for <TaskInstance: fetch_exchange_rates_dag.bash_task scheduled__2023-07-26T04:10:00+00:00 [queued]>
[2023-07-26 05:08:15,580] {taskinstance.py:1376} INFO - 
--------------------------------------------------------------------------------
[2023-07-26 05:08:15,584] {taskinstance.py:1377} INFO - Starting attempt 1 of 1
[2023-07-26 05:08:15,588] {taskinstance.py:1378} INFO - 
--------------------------------------------------------------------------------
[2023-07-26 05:08:15,635] {taskinstance.py:1397} INFO - Executing <Task(BashOperator): bash_task> on 2023-07-26 04:10:00+00:00
[2023-07-26 05:08:15,653] {standard_task_runner.py:52} INFO - Started process 2303 to run task
[2023-07-26 05:08:15,669] {standard_task_runner.py:79} INFO - Running: ['***', 'tasks', 'run', 'fetch_exchange_rates_dag', 'bash_task', 'scheduled__2023-07-26T04:10:00+00:00', '--job-id', '607', '--raw', '--subdir', 'DAGS_FOLDER/my_calc_rates.py', '--cfg-path', '/tmp/tmpsuriwrkl', '--error-file', '/tmp/tmpaihmxn19']
[2023-07-26 05:08:15,673] {standard_task_runner.py:80} INFO - Job 607: Subtask bash_task
[2023-07-26 05:08:15,846] {task_command.py:371} INFO - Running <TaskInstance: fetch_exchange_rates_dag.bash_task scheduled__2023-07-26T04:10:00+00:00 [running]> on host acb6bca32630
[2023-07-26 05:08:16,007] {taskinstance.py:1591} INFO - Exporting the following env vars:
AIRFLOW_CTX_DAG_OWNER=***
AIRFLOW_CTX_DAG_ID=fetch_exchange_rates_dag
AIRFLOW_CTX_TASK_ID=bash_task
AIRFLOW_CTX_EXECUTION_DATE=2023-07-26T04:10:00+00:00
AIRFLOW_CTX_TRY_NUMBER=1
AIRFLOW_CTX_DAG_RUN_ID=scheduled__2023-07-26T04:10:00+00:00
[2023-07-26 05:08:16,009] {subprocess.py:62} INFO - Tmp dir root location: 
 /tmp
[2023-07-26 05:08:16,011] {subprocess.py:74} INFO - Running command: ['bash', '-c', 'echo "Good morning my diggers!"']
[2023-07-26 05:08:16,039] {subprocess.py:85} INFO - Output:
[2023-07-26 05:08:16,042] {subprocess.py:92} INFO - Good morning my diggers!
[2023-07-26 05:08:16,043] {subprocess.py:96} INFO - Command exited with return code 0
[2023-07-26 05:08:16,119] {taskinstance.py:1420} INFO - Marking task as SUCCESS. dag_id=fetch_exchange_rates_dag, task_id=bash_task, execution_date=20230726T041000, start_date=20230726T050815, end_date=20230726T050816
[2023-07-26 05:08:16,157] {local_task_job.py:156} INFO - Task exited with return code 0
[2023-07-26 05:08:16,229] {local_task_job.py:273} INFO - 1 downstream tasks scheduled from follow-on schedule check
