[2023-07-26 23:53:48,717] {taskinstance.py:1179} INFO - Dependencies all met for <TaskInstance: fetch_exchange_rates_dag.bash_task scheduled__2023-07-25T01:50:00+00:00 [queued]>
[2023-07-26 23:53:48,765] {taskinstance.py:1179} INFO - Dependencies all met for <TaskInstance: fetch_exchange_rates_dag.bash_task scheduled__2023-07-25T01:50:00+00:00 [queued]>
[2023-07-26 23:53:48,767] {taskinstance.py:1376} INFO - 
--------------------------------------------------------------------------------
[2023-07-26 23:53:48,768] {taskinstance.py:1377} INFO - Starting attempt 1 of 1
[2023-07-26 23:53:48,772] {taskinstance.py:1378} INFO - 
--------------------------------------------------------------------------------
[2023-07-26 23:53:48,808] {taskinstance.py:1397} INFO - Executing <Task(BashOperator): bash_task> on 2023-07-25 01:50:00+00:00
[2023-07-26 23:53:48,825] {standard_task_runner.py:52} INFO - Started process 320 to run task
[2023-07-26 23:53:48,841] {standard_task_runner.py:79} INFO - Running: ['***', 'tasks', 'run', 'fetch_exchange_rates_dag', 'bash_task', 'scheduled__2023-07-25T01:50:00+00:00', '--job-id', '14', '--raw', '--subdir', 'DAGS_FOLDER/my_calc_rates.py', '--cfg-path', '/tmp/tmpqnff9sjr', '--error-file', '/tmp/tmpu_zlnp75']
[2023-07-26 23:53:48,849] {standard_task_runner.py:80} INFO - Job 14: Subtask bash_task
[2023-07-26 23:53:49,001] {task_command.py:371} INFO - Running <TaskInstance: fetch_exchange_rates_dag.bash_task scheduled__2023-07-25T01:50:00+00:00 [running]> on host 43d0198bb36a
[2023-07-26 23:53:49,248] {taskinstance.py:1591} INFO - Exporting the following env vars:
AIRFLOW_CTX_DAG_OWNER=***
AIRFLOW_CTX_DAG_ID=fetch_exchange_rates_dag
AIRFLOW_CTX_TASK_ID=bash_task
AIRFLOW_CTX_EXECUTION_DATE=2023-07-25T01:50:00+00:00
AIRFLOW_CTX_TRY_NUMBER=1
AIRFLOW_CTX_DAG_RUN_ID=scheduled__2023-07-25T01:50:00+00:00
[2023-07-26 23:53:49,251] {subprocess.py:62} INFO - Tmp dir root location: 
 /tmp
[2023-07-26 23:53:49,253] {subprocess.py:74} INFO - Running command: ['bash', '-c', 'echo "Good morning my diggers!"']
[2023-07-26 23:53:49,288] {subprocess.py:85} INFO - Output:
[2023-07-26 23:53:49,290] {subprocess.py:92} INFO - Good morning my diggers!
[2023-07-26 23:53:49,291] {subprocess.py:96} INFO - Command exited with return code 0
[2023-07-26 23:53:49,359] {taskinstance.py:1420} INFO - Marking task as SUCCESS. dag_id=fetch_exchange_rates_dag, task_id=bash_task, execution_date=20230725T015000, start_date=20230726T235348, end_date=20230726T235349
[2023-07-26 23:53:49,522] {local_task_job.py:156} INFO - Task exited with return code 0
[2023-07-26 23:53:49,628] {local_task_job.py:273} INFO - 1 downstream tasks scheduled from follow-on schedule check
[2023-07-27 05:23:07,413] {taskinstance.py:1179} INFO - Dependencies all met for <TaskInstance: fetch_exchange_rates_dag.bash_task scheduled__2023-07-25T01:50:00+00:00 [queued]>
[2023-07-27 05:23:07,434] {taskinstance.py:1179} INFO - Dependencies all met for <TaskInstance: fetch_exchange_rates_dag.bash_task scheduled__2023-07-25T01:50:00+00:00 [queued]>
[2023-07-27 05:23:07,435] {taskinstance.py:1376} INFO - 
--------------------------------------------------------------------------------
[2023-07-27 05:23:07,436] {taskinstance.py:1377} INFO - Starting attempt 1 of 1
[2023-07-27 05:23:07,438] {taskinstance.py:1378} INFO - 
--------------------------------------------------------------------------------
[2023-07-27 05:23:07,473] {taskinstance.py:1397} INFO - Executing <Task(BashOperator): bash_task> on 2023-07-25 01:50:00+00:00
[2023-07-27 05:23:07,489] {standard_task_runner.py:52} INFO - Started process 130 to run task
[2023-07-27 05:23:07,495] {standard_task_runner.py:79} INFO - Running: ['***', 'tasks', 'run', 'fetch_exchange_rates_dag', 'bash_task', 'scheduled__2023-07-25T01:50:00+00:00', '--job-id', '12', '--raw', '--subdir', 'DAGS_FOLDER/my_calc_rates.py', '--cfg-path', '/tmp/tmpnklfsnx_', '--error-file', '/tmp/tmp9a4b_1sd']
[2023-07-27 05:23:07,498] {standard_task_runner.py:80} INFO - Job 12: Subtask bash_task
[2023-07-27 05:23:07,770] {task_command.py:371} INFO - Running <TaskInstance: fetch_exchange_rates_dag.bash_task scheduled__2023-07-25T01:50:00+00:00 [running]> on host 947ec32f6ac5
[2023-07-27 05:23:08,070] {taskinstance.py:1591} INFO - Exporting the following env vars:
AIRFLOW_CTX_DAG_OWNER=***
AIRFLOW_CTX_DAG_ID=fetch_exchange_rates_dag
AIRFLOW_CTX_TASK_ID=bash_task
AIRFLOW_CTX_EXECUTION_DATE=2023-07-25T01:50:00+00:00
AIRFLOW_CTX_TRY_NUMBER=1
AIRFLOW_CTX_DAG_RUN_ID=scheduled__2023-07-25T01:50:00+00:00
[2023-07-27 05:23:08,073] {subprocess.py:62} INFO - Tmp dir root location: 
 /tmp
[2023-07-27 05:23:08,076] {subprocess.py:74} INFO - Running command: ['bash', '-c', 'echo "Good morning my diggers!"']
[2023-07-27 05:23:08,155] {subprocess.py:85} INFO - Output:
[2023-07-27 05:23:08,173] {subprocess.py:92} INFO - Good morning my diggers!
[2023-07-27 05:23:08,176] {subprocess.py:96} INFO - Command exited with return code 0
[2023-07-27 05:23:08,295] {taskinstance.py:1420} INFO - Marking task as SUCCESS. dag_id=fetch_exchange_rates_dag, task_id=bash_task, execution_date=20230725T015000, start_date=20230727T052307, end_date=20230727T052308
[2023-07-27 05:23:08,372] {local_task_job.py:156} INFO - Task exited with return code 0
[2023-07-27 05:23:08,448] {local_task_job.py:273} INFO - 0 downstream tasks scheduled from follow-on schedule check
