[2023-07-25 20:38:56,117] {taskinstance.py:1179} INFO - Dependencies all met for <TaskInstance: fetch_exchange_rates_dag.fetch_exchange_rates_task scheduled__2023-07-25T20:20:00+00:00 [queued]>
[2023-07-25 20:38:56,125] {taskinstance.py:1179} INFO - Dependencies all met for <TaskInstance: fetch_exchange_rates_dag.fetch_exchange_rates_task scheduled__2023-07-25T20:20:00+00:00 [queued]>
[2023-07-25 20:38:56,125] {taskinstance.py:1376} INFO - 
--------------------------------------------------------------------------------
[2023-07-25 20:38:56,126] {taskinstance.py:1377} INFO - Starting attempt 1 of 1
[2023-07-25 20:38:56,127] {taskinstance.py:1378} INFO - 
--------------------------------------------------------------------------------
[2023-07-25 20:38:56,140] {taskinstance.py:1397} INFO - Executing <Task(PythonOperator): fetch_exchange_rates_task> on 2023-07-25 20:20:00+00:00
[2023-07-25 20:38:56,146] {standard_task_runner.py:52} INFO - Started process 9363 to run task
[2023-07-25 20:38:56,149] {standard_task_runner.py:79} INFO - Running: ['***', 'tasks', 'run', 'fetch_exchange_rates_dag', 'fetch_exchange_rates_task', 'scheduled__2023-07-25T20:20:00+00:00', '--job-id', '220', '--raw', '--subdir', 'DAGS_FOLDER/my_calc_rates.py', '--cfg-path', '/tmp/tmp5bx3ie_p', '--error-file', '/tmp/tmphmw6i957']
[2023-07-25 20:38:56,151] {standard_task_runner.py:80} INFO - Job 220: Subtask fetch_exchange_rates_task
[2023-07-25 20:38:56,230] {task_command.py:371} INFO - Running <TaskInstance: fetch_exchange_rates_dag.fetch_exchange_rates_task scheduled__2023-07-25T20:20:00+00:00 [running]> on host 661c8d62a693
[2023-07-25 20:38:56,300] {taskinstance.py:1591} INFO - Exporting the following env vars:
AIRFLOW_CTX_DAG_OWNER=marina_z
AIRFLOW_CTX_DAG_ID=fetch_exchange_rates_dag
AIRFLOW_CTX_TASK_ID=fetch_exchange_rates_task
AIRFLOW_CTX_EXECUTION_DATE=2023-07-25T20:20:00+00:00
AIRFLOW_CTX_TRY_NUMBER=1
AIRFLOW_CTX_DAG_RUN_ID=scheduled__2023-07-25T20:20:00+00:00
[2023-07-25 20:38:57,948] {taskinstance.py:1909} ERROR - Task failed with exception
Traceback (most recent call last):
  File "/home/airflow/.local/lib/python3.7/site-packages/airflow/operators/python.py", line 171, in execute
    return_value = self.execute_callable()
  File "/home/airflow/.local/lib/python3.7/site-packages/airflow/operators/python.py", line 189, in execute_callable
    return self.python_callable(*self.op_args, **self.op_kwargs)
  File "/opt/airflow/dags/my_calc_rates.py", line 69, in fetch_exchange_rates
    load_to_postgres = PostgresOperator(
NameError: name 'PostgresOperator' is not defined
[2023-07-25 20:38:57,958] {taskinstance.py:1420} INFO - Marking task as FAILED. dag_id=fetch_exchange_rates_dag, task_id=fetch_exchange_rates_task, execution_date=20230725T202000, start_date=20230725T203856, end_date=20230725T203857
[2023-07-25 20:38:57,968] {standard_task_runner.py:97} ERROR - Failed to execute job 220 for task fetch_exchange_rates_task (name 'PostgresOperator' is not defined; 9363)
[2023-07-25 20:38:58,014] {local_task_job.py:156} INFO - Task exited with return code 1
[2023-07-25 20:38:58,040] {local_task_job.py:273} INFO - 0 downstream tasks scheduled from follow-on schedule check
[2023-07-26 05:06:49,123] {taskinstance.py:1179} INFO - Dependencies all met for <TaskInstance: fetch_exchange_rates_dag.fetch_exchange_rates_task scheduled__2023-07-25T20:20:00+00:00 [queued]>
[2023-07-26 05:06:49,170] {taskinstance.py:1179} INFO - Dependencies all met for <TaskInstance: fetch_exchange_rates_dag.fetch_exchange_rates_task scheduled__2023-07-25T20:20:00+00:00 [queued]>
[2023-07-26 05:06:49,172] {taskinstance.py:1376} INFO - 
--------------------------------------------------------------------------------
[2023-07-26 05:06:49,173] {taskinstance.py:1377} INFO - Starting attempt 1 of 1
[2023-07-26 05:06:49,174] {taskinstance.py:1378} INFO - 
--------------------------------------------------------------------------------
[2023-07-26 05:06:49,245] {taskinstance.py:1397} INFO - Executing <Task(PythonOperator): fetch_exchange_rates_task> on 2023-07-25 20:20:00+00:00
[2023-07-26 05:06:49,254] {standard_task_runner.py:52} INFO - Started process 1734 to run task
[2023-07-26 05:06:49,291] {standard_task_runner.py:79} INFO - Running: ['***', 'tasks', 'run', 'fetch_exchange_rates_dag', 'fetch_exchange_rates_task', 'scheduled__2023-07-25T20:20:00+00:00', '--job-id', '444', '--raw', '--subdir', 'DAGS_FOLDER/my_calc_rates.py', '--cfg-path', '/tmp/tmprj0_iya2', '--error-file', '/tmp/tmpt3039jng']
[2023-07-26 05:06:49,313] {standard_task_runner.py:80} INFO - Job 444: Subtask fetch_exchange_rates_task
[2023-07-26 05:06:49,611] {task_command.py:371} INFO - Running <TaskInstance: fetch_exchange_rates_dag.fetch_exchange_rates_task scheduled__2023-07-25T20:20:00+00:00 [running]> on host acb6bca32630
[2023-07-26 05:06:49,946] {taskinstance.py:1591} INFO - Exporting the following env vars:
AIRFLOW_CTX_DAG_OWNER=marina_z
AIRFLOW_CTX_DAG_ID=fetch_exchange_rates_dag
AIRFLOW_CTX_TASK_ID=fetch_exchange_rates_task
AIRFLOW_CTX_EXECUTION_DATE=2023-07-25T20:20:00+00:00
AIRFLOW_CTX_TRY_NUMBER=1
AIRFLOW_CTX_DAG_RUN_ID=scheduled__2023-07-25T20:20:00+00:00
[2023-07-26 05:06:50,379] {logging_mixin.py:115} INFO - Save a new file exchange_latest_BTC.csv
[2023-07-26 05:06:50,382] {logging_mixin.py:115} INFO - Create a new table exchange_latest_BTC
[2023-07-26 05:06:50,416] {logging_mixin.py:115} INFO - Insert into table exchange_latest_BTC
[2023-07-26 05:06:50,876] {logging_mixin.py:115} INFO - Save a new file exchange_latest_EUR.csv
[2023-07-26 05:06:50,877] {logging_mixin.py:115} INFO - Create a new table exchange_latest_EUR
[2023-07-26 05:06:50,892] {logging_mixin.py:115} INFO - Insert into table exchange_latest_EUR
[2023-07-26 05:06:51,258] {logging_mixin.py:115} INFO - Save a new file exchange_latest_GBR.csv
[2023-07-26 05:06:51,259] {logging_mixin.py:115} INFO - Create a new table exchange_latest_GBR
[2023-07-26 05:06:51,264] {logging_mixin.py:115} INFO - Insert into table exchange_latest_GBR
[2023-07-26 05:06:51,639] {logging_mixin.py:115} INFO - Save a new file exchange_latest_JPY.csv
[2023-07-26 05:06:51,640] {logging_mixin.py:115} INFO - Create a new table exchange_latest_JPY
[2023-07-26 05:06:51,645] {logging_mixin.py:115} INFO - Insert into table exchange_latest_JPY
[2023-07-26 05:06:52,016] {logging_mixin.py:115} INFO - Save a new file exchange_latest_CNY.csv
[2023-07-26 05:06:52,018] {logging_mixin.py:115} INFO - Create a new table exchange_latest_CNY
[2023-07-26 05:06:52,024] {logging_mixin.py:115} INFO - Insert into table exchange_latest_CNY
[2023-07-26 05:06:52,070] {python.py:173} INFO - Done. Returned value was: None
[2023-07-26 05:06:52,120] {taskinstance.py:1420} INFO - Marking task as SUCCESS. dag_id=fetch_exchange_rates_dag, task_id=fetch_exchange_rates_task, execution_date=20230725T202000, start_date=20230726T050649, end_date=20230726T050652
[2023-07-26 05:06:52,551] {local_task_job.py:156} INFO - Task exited with return code 0
[2023-07-26 05:06:52,860] {local_task_job.py:273} INFO - 0 downstream tasks scheduled from follow-on schedule check
