[2023-07-26 00:55:01,318] {taskinstance.py:1179} INFO - Dependencies all met for <TaskInstance: calc-rates.bash_task scheduled__2023-07-26T00:50:00+00:00 [queued]>
[2023-07-26 00:55:01,326] {taskinstance.py:1179} INFO - Dependencies all met for <TaskInstance: calc-rates.bash_task scheduled__2023-07-26T00:50:00+00:00 [queued]>
[2023-07-26 00:55:01,327] {taskinstance.py:1376} INFO - 
--------------------------------------------------------------------------------
[2023-07-26 00:55:01,327] {taskinstance.py:1377} INFO - Starting attempt 1 of 1
[2023-07-26 00:55:01,328] {taskinstance.py:1378} INFO - 
--------------------------------------------------------------------------------
[2023-07-26 00:55:01,339] {taskinstance.py:1397} INFO - Executing <Task(BashOperator): bash_task> on 2023-07-26 00:50:00+00:00
[2023-07-26 00:55:01,343] {standard_task_runner.py:52} INFO - Started process 3889 to run task
[2023-07-26 00:55:01,345] {standard_task_runner.py:79} INFO - Running: ['***', 'tasks', 'run', 'calc-rates', 'bash_task', 'scheduled__2023-07-26T00:50:00+00:00', '--job-id', '401', '--raw', '--subdir', 'DAGS_FOLDER/calc_rates.py', '--cfg-path', '/tmp/tmpy9xshj9h', '--error-file', '/tmp/tmpbt9xwwl1']
[2023-07-26 00:55:01,346] {standard_task_runner.py:80} INFO - Job 401: Subtask bash_task
[2023-07-26 00:55:01,407] {task_command.py:371} INFO - Running <TaskInstance: calc-rates.bash_task scheduled__2023-07-26T00:50:00+00:00 [running]> on host 661c8d62a693
[2023-07-26 00:55:01,465] {taskinstance.py:1591} INFO - Exporting the following env vars:
AIRFLOW_CTX_DAG_OWNER=marina_z
AIRFLOW_CTX_DAG_ID=calc-rates
AIRFLOW_CTX_TASK_ID=bash_task
AIRFLOW_CTX_EXECUTION_DATE=2023-07-26T00:50:00+00:00
AIRFLOW_CTX_TRY_NUMBER=1
AIRFLOW_CTX_DAG_RUN_ID=scheduled__2023-07-26T00:50:00+00:00
[2023-07-26 00:55:01,467] {subprocess.py:62} INFO - Tmp dir root location: 
 /tmp
[2023-07-26 00:55:01,468] {subprocess.py:74} INFO - Running command: ['bash', '-c', "echo 'Hello, World!'"]
[2023-07-26 00:55:01,476] {subprocess.py:85} INFO - Output:
[2023-07-26 00:55:01,478] {subprocess.py:92} INFO - Hello, World!
[2023-07-26 00:55:01,479] {subprocess.py:96} INFO - Command exited with return code 0
[2023-07-26 00:55:01,503] {taskinstance.py:1420} INFO - Marking task as SUCCESS. dag_id=calc-rates, task_id=bash_task, execution_date=20230726T005000, start_date=20230726T005501, end_date=20230726T005501
[2023-07-26 00:55:01,558] {local_task_job.py:156} INFO - Task exited with return code 0
[2023-07-26 00:55:01,651] {local_task_job.py:273} INFO - 1 downstream tasks scheduled from follow-on schedule check
