[2023-07-25 20:34:38,737] {taskinstance.py:1179} INFO - Dependencies all met for <TaskInstance: fetch_exchange_rates_dag.fetch_exchange_rates_task scheduled__2023-07-25T02:00:00+00:00 [queued]>
[2023-07-25 20:34:38,882] {taskinstance.py:1179} INFO - Dependencies all met for <TaskInstance: fetch_exchange_rates_dag.fetch_exchange_rates_task scheduled__2023-07-25T02:00:00+00:00 [queued]>
[2023-07-25 20:34:38,883] {taskinstance.py:1376} INFO - 
--------------------------------------------------------------------------------
[2023-07-25 20:34:38,884] {taskinstance.py:1377} INFO - Starting attempt 1 of 1
[2023-07-25 20:34:38,884] {taskinstance.py:1378} INFO - 
--------------------------------------------------------------------------------
[2023-07-25 20:34:38,966] {taskinstance.py:1397} INFO - Executing <Task(PythonOperator): fetch_exchange_rates_task> on 2023-07-25 02:00:00+00:00
[2023-07-25 20:34:39,002] {standard_task_runner.py:52} INFO - Started process 8812 to run task
[2023-07-25 20:34:39,097] {standard_task_runner.py:79} INFO - Running: ['***', 'tasks', 'run', 'fetch_exchange_rates_dag', 'fetch_exchange_rates_task', 'scheduled__2023-07-25T02:00:00+00:00', '--job-id', '94', '--raw', '--subdir', 'DAGS_FOLDER/my_calc_rates.py', '--cfg-path', '/tmp/tmpah13go6p', '--error-file', '/tmp/tmpeum1_3pw']
[2023-07-25 20:34:39,149] {standard_task_runner.py:80} INFO - Job 94: Subtask fetch_exchange_rates_task
[2023-07-25 20:34:39,630] {task_command.py:371} INFO - Running <TaskInstance: fetch_exchange_rates_dag.fetch_exchange_rates_task scheduled__2023-07-25T02:00:00+00:00 [running]> on host 661c8d62a693
[2023-07-25 20:34:40,272] {taskinstance.py:1591} INFO - Exporting the following env vars:
AIRFLOW_CTX_DAG_OWNER=marina_z
AIRFLOW_CTX_DAG_ID=fetch_exchange_rates_dag
AIRFLOW_CTX_TASK_ID=fetch_exchange_rates_task
AIRFLOW_CTX_EXECUTION_DATE=2023-07-25T02:00:00+00:00
AIRFLOW_CTX_TRY_NUMBER=1
AIRFLOW_CTX_DAG_RUN_ID=scheduled__2023-07-25T02:00:00+00:00
[2023-07-25 20:34:42,422] {taskinstance.py:1909} ERROR - Task failed with exception
Traceback (most recent call last):
  File "/home/airflow/.local/lib/python3.7/site-packages/airflow/operators/python.py", line 171, in execute
    return_value = self.execute_callable()
  File "/home/airflow/.local/lib/python3.7/site-packages/airflow/operators/python.py", line 189, in execute_callable
    return self.python_callable(*self.op_args, **self.op_kwargs)
  File "/opt/airflow/dags/my_calc_rates.py", line 69, in fetch_exchange_rates
    load_to_postgres = PostgresOperator(
NameError: name 'PostgresOperator' is not defined
[2023-07-25 20:34:42,442] {taskinstance.py:1420} INFO - Marking task as FAILED. dag_id=fetch_exchange_rates_dag, task_id=fetch_exchange_rates_task, execution_date=20230725T020000, start_date=20230725T203438, end_date=20230725T203442
[2023-07-25 20:34:42,484] {standard_task_runner.py:97} ERROR - Failed to execute job 94 for task fetch_exchange_rates_task (name 'PostgresOperator' is not defined; 8812)
[2023-07-25 20:34:42,541] {local_task_job.py:156} INFO - Task exited with return code 1
[2023-07-25 20:34:42,612] {local_task_job.py:273} INFO - 0 downstream tasks scheduled from follow-on schedule check
[2023-07-26 05:03:21,582] {taskinstance.py:1179} INFO - Dependencies all met for <TaskInstance: fetch_exchange_rates_dag.fetch_exchange_rates_task scheduled__2023-07-25T02:00:00+00:00 [queued]>
[2023-07-26 05:03:21,604] {taskinstance.py:1179} INFO - Dependencies all met for <TaskInstance: fetch_exchange_rates_dag.fetch_exchange_rates_task scheduled__2023-07-25T02:00:00+00:00 [queued]>
[2023-07-26 05:03:21,606] {taskinstance.py:1376} INFO - 
--------------------------------------------------------------------------------
[2023-07-26 05:03:21,608] {taskinstance.py:1377} INFO - Starting attempt 1 of 1
[2023-07-26 05:03:21,614] {taskinstance.py:1378} INFO - 
--------------------------------------------------------------------------------
[2023-07-26 05:03:21,682] {taskinstance.py:1397} INFO - Executing <Task(PythonOperator): fetch_exchange_rates_task> on 2023-07-25 02:00:00+00:00
[2023-07-26 05:03:21,717] {standard_task_runner.py:52} INFO - Started process 263 to run task
[2023-07-26 05:03:21,727] {standard_task_runner.py:79} INFO - Running: ['***', 'tasks', 'run', 'fetch_exchange_rates_dag', 'fetch_exchange_rates_task', 'scheduled__2023-07-25T02:00:00+00:00', '--job-id', '28', '--raw', '--subdir', 'DAGS_FOLDER/my_calc_rates.py', '--cfg-path', '/tmp/tmp7xetadi8', '--error-file', '/tmp/tmp0o_b878s']
[2023-07-26 05:03:21,730] {standard_task_runner.py:80} INFO - Job 28: Subtask fetch_exchange_rates_task
[2023-07-26 05:03:22,452] {task_command.py:371} INFO - Running <TaskInstance: fetch_exchange_rates_dag.fetch_exchange_rates_task scheduled__2023-07-25T02:00:00+00:00 [running]> on host acb6bca32630
[2023-07-26 05:03:23,018] {taskinstance.py:1591} INFO - Exporting the following env vars:
AIRFLOW_CTX_DAG_OWNER=marina_z
AIRFLOW_CTX_DAG_ID=fetch_exchange_rates_dag
AIRFLOW_CTX_TASK_ID=fetch_exchange_rates_task
AIRFLOW_CTX_EXECUTION_DATE=2023-07-25T02:00:00+00:00
AIRFLOW_CTX_TRY_NUMBER=1
AIRFLOW_CTX_DAG_RUN_ID=scheduled__2023-07-25T02:00:00+00:00
[2023-07-26 05:03:23,465] {logging_mixin.py:115} INFO - Save a new file exchange_latest_BTC.csv
[2023-07-26 05:03:23,466] {logging_mixin.py:115} INFO - Create a new table exchange_latest_BTC
[2023-07-26 05:03:23,480] {logging_mixin.py:115} INFO - Insert into table exchange_latest_BTC
[2023-07-26 05:03:23,993] {logging_mixin.py:115} INFO - Save a new file exchange_latest_EUR.csv
[2023-07-26 05:03:23,993] {logging_mixin.py:115} INFO - Create a new table exchange_latest_EUR
[2023-07-26 05:03:24,002] {logging_mixin.py:115} INFO - Insert into table exchange_latest_EUR
[2023-07-26 05:03:24,430] {logging_mixin.py:115} INFO - Save a new file exchange_latest_GBR.csv
[2023-07-26 05:03:24,435] {logging_mixin.py:115} INFO - Create a new table exchange_latest_GBR
[2023-07-26 05:03:24,449] {logging_mixin.py:115} INFO - Insert into table exchange_latest_GBR
[2023-07-26 05:03:25,077] {logging_mixin.py:115} INFO - Save a new file exchange_latest_JPY.csv
[2023-07-26 05:03:25,086] {logging_mixin.py:115} INFO - Create a new table exchange_latest_JPY
[2023-07-26 05:03:25,124] {logging_mixin.py:115} INFO - Insert into table exchange_latest_JPY
[2023-07-26 05:03:25,627] {logging_mixin.py:115} INFO - Save a new file exchange_latest_CNY.csv
[2023-07-26 05:03:25,629] {logging_mixin.py:115} INFO - Create a new table exchange_latest_CNY
[2023-07-26 05:03:25,643] {logging_mixin.py:115} INFO - Insert into table exchange_latest_CNY
[2023-07-26 05:03:25,662] {python.py:173} INFO - Done. Returned value was: None
[2023-07-26 05:03:25,787] {taskinstance.py:1420} INFO - Marking task as SUCCESS. dag_id=fetch_exchange_rates_dag, task_id=fetch_exchange_rates_task, execution_date=20230725T020000, start_date=20230726T050321, end_date=20230726T050325
[2023-07-26 05:03:25,880] {local_task_job.py:156} INFO - Task exited with return code 0
[2023-07-26 05:03:25,969] {local_task_job.py:273} INFO - 1 downstream tasks scheduled from follow-on schedule check
