[2023-07-26 05:03:11,325] {taskinstance.py:1179} INFO - Dependencies all met for <TaskInstance: fetch_exchange_rates_dag.bash_task manual__2023-07-26T05:03:08.684114+00:00 [queued]>
[2023-07-26 05:03:11,366] {taskinstance.py:1179} INFO - Dependencies all met for <TaskInstance: fetch_exchange_rates_dag.bash_task manual__2023-07-26T05:03:08.684114+00:00 [queued]>
[2023-07-26 05:03:11,367] {taskinstance.py:1376} INFO - 
--------------------------------------------------------------------------------
[2023-07-26 05:03:11,370] {taskinstance.py:1377} INFO - Starting attempt 1 of 1
[2023-07-26 05:03:11,371] {taskinstance.py:1378} INFO - 
--------------------------------------------------------------------------------
[2023-07-26 05:03:11,427] {taskinstance.py:1397} INFO - Executing <Task(BashOperator): bash_task> on 2023-07-26 05:03:08.684114+00:00
[2023-07-26 05:03:11,436] {standard_task_runner.py:52} INFO - Started process 172 to run task
[2023-07-26 05:03:11,462] {standard_task_runner.py:79} INFO - Running: ['***', 'tasks', 'run', 'fetch_exchange_rates_dag', 'bash_task', 'manual__2023-07-26T05:03:08.684114+00:00', '--job-id', '4', '--raw', '--subdir', 'DAGS_FOLDER/my_calc_rates.py', '--cfg-path', '/tmp/tmpaqvc1tgt', '--error-file', '/tmp/tmp2sj4mcl9']
[2023-07-26 05:03:11,465] {standard_task_runner.py:80} INFO - Job 4: Subtask bash_task
[2023-07-26 05:03:11,827] {task_command.py:371} INFO - Running <TaskInstance: fetch_exchange_rates_dag.bash_task manual__2023-07-26T05:03:08.684114+00:00 [running]> on host acb6bca32630
[2023-07-26 05:03:12,057] {taskinstance.py:1591} INFO - Exporting the following env vars:
AIRFLOW_CTX_DAG_OWNER=***
AIRFLOW_CTX_DAG_ID=fetch_exchange_rates_dag
AIRFLOW_CTX_TASK_ID=bash_task
AIRFLOW_CTX_EXECUTION_DATE=2023-07-26T05:03:08.684114+00:00
AIRFLOW_CTX_TRY_NUMBER=1
AIRFLOW_CTX_DAG_RUN_ID=manual__2023-07-26T05:03:08.684114+00:00
[2023-07-26 05:03:12,060] {subprocess.py:62} INFO - Tmp dir root location: 
 /tmp
[2023-07-26 05:03:12,062] {subprocess.py:74} INFO - Running command: ['bash', '-c', 'echo "Good morning my diggers!"']
[2023-07-26 05:03:12,106] {subprocess.py:85} INFO - Output:
[2023-07-26 05:03:12,137] {subprocess.py:92} INFO - Good morning my diggers!
[2023-07-26 05:03:12,137] {subprocess.py:96} INFO - Command exited with return code 0
[2023-07-26 05:03:12,247] {taskinstance.py:1420} INFO - Marking task as SUCCESS. dag_id=fetch_exchange_rates_dag, task_id=bash_task, execution_date=20230726T050308, start_date=20230726T050311, end_date=20230726T050312
[2023-07-26 05:03:12,367] {local_task_job.py:156} INFO - Task exited with return code 0
[2023-07-26 05:03:12,671] {local_task_job.py:273} INFO - 0 downstream tasks scheduled from follow-on schedule check
