[2023-07-25 20:38:12,802] {taskinstance.py:1179} INFO - Dependencies all met for <TaskInstance: fetch_exchange_rates_dag.fetch_exchange_rates_task scheduled__2023-07-25T09:40:00+00:00 [queued]>
[2023-07-25 20:38:12,837] {taskinstance.py:1179} INFO - Dependencies all met for <TaskInstance: fetch_exchange_rates_dag.fetch_exchange_rates_task scheduled__2023-07-25T09:40:00+00:00 [queued]>
[2023-07-25 20:38:12,840] {taskinstance.py:1376} INFO - 
--------------------------------------------------------------------------------
[2023-07-25 20:38:12,841] {taskinstance.py:1377} INFO - Starting attempt 1 of 1
[2023-07-25 20:38:12,843] {taskinstance.py:1378} INFO - 
--------------------------------------------------------------------------------
[2023-07-25 20:38:12,890] {taskinstance.py:1397} INFO - Executing <Task(PythonOperator): fetch_exchange_rates_task> on 2023-07-25 09:40:00+00:00
[2023-07-25 20:38:12,896] {standard_task_runner.py:52} INFO - Started process 9142 to run task
[2023-07-25 20:38:12,902] {standard_task_runner.py:79} INFO - Running: ['***', 'tasks', 'run', 'fetch_exchange_rates_dag', 'fetch_exchange_rates_task', 'scheduled__2023-07-25T09:40:00+00:00', '--job-id', '156', '--raw', '--subdir', 'DAGS_FOLDER/my_calc_rates.py', '--cfg-path', '/tmp/tmp702mq19s', '--error-file', '/tmp/tmp8lglcdkh']
[2023-07-25 20:38:12,914] {standard_task_runner.py:80} INFO - Job 156: Subtask fetch_exchange_rates_task
[2023-07-25 20:38:13,104] {task_command.py:371} INFO - Running <TaskInstance: fetch_exchange_rates_dag.fetch_exchange_rates_task scheduled__2023-07-25T09:40:00+00:00 [running]> on host 661c8d62a693
[2023-07-25 20:38:13,230] {taskinstance.py:1591} INFO - Exporting the following env vars:
AIRFLOW_CTX_DAG_OWNER=marina_z
AIRFLOW_CTX_DAG_ID=fetch_exchange_rates_dag
AIRFLOW_CTX_TASK_ID=fetch_exchange_rates_task
AIRFLOW_CTX_EXECUTION_DATE=2023-07-25T09:40:00+00:00
AIRFLOW_CTX_TRY_NUMBER=1
AIRFLOW_CTX_DAG_RUN_ID=scheduled__2023-07-25T09:40:00+00:00
[2023-07-25 20:38:14,883] {taskinstance.py:1909} ERROR - Task failed with exception
Traceback (most recent call last):
  File "/home/airflow/.local/lib/python3.7/site-packages/airflow/operators/python.py", line 171, in execute
    return_value = self.execute_callable()
  File "/home/airflow/.local/lib/python3.7/site-packages/airflow/operators/python.py", line 189, in execute_callable
    return self.python_callable(*self.op_args, **self.op_kwargs)
  File "/opt/airflow/dags/my_calc_rates.py", line 69, in fetch_exchange_rates
    load_to_postgres = PostgresOperator(
NameError: name 'PostgresOperator' is not defined
[2023-07-25 20:38:14,916] {taskinstance.py:1420} INFO - Marking task as FAILED. dag_id=fetch_exchange_rates_dag, task_id=fetch_exchange_rates_task, execution_date=20230725T094000, start_date=20230725T203812, end_date=20230725T203814
[2023-07-25 20:38:14,975] {standard_task_runner.py:97} ERROR - Failed to execute job 156 for task fetch_exchange_rates_task (name 'PostgresOperator' is not defined; 9142)
[2023-07-25 20:38:15,019] {local_task_job.py:156} INFO - Task exited with return code 1
[2023-07-25 20:38:15,187] {local_task_job.py:273} INFO - 0 downstream tasks scheduled from follow-on schedule check
[2023-07-26 05:04:47,742] {taskinstance.py:1179} INFO - Dependencies all met for <TaskInstance: fetch_exchange_rates_dag.fetch_exchange_rates_task scheduled__2023-07-25T09:40:00+00:00 [queued]>
[2023-07-26 05:04:47,760] {taskinstance.py:1179} INFO - Dependencies all met for <TaskInstance: fetch_exchange_rates_dag.fetch_exchange_rates_task scheduled__2023-07-25T09:40:00+00:00 [queued]>
[2023-07-26 05:04:47,761] {taskinstance.py:1376} INFO - 
--------------------------------------------------------------------------------
[2023-07-26 05:04:47,762] {taskinstance.py:1377} INFO - Starting attempt 1 of 1
[2023-07-26 05:04:47,763] {taskinstance.py:1378} INFO - 
--------------------------------------------------------------------------------
[2023-07-26 05:04:47,782] {taskinstance.py:1397} INFO - Executing <Task(PythonOperator): fetch_exchange_rates_task> on 2023-07-25 09:40:00+00:00
[2023-07-26 05:04:47,789] {standard_task_runner.py:52} INFO - Started process 862 to run task
[2023-07-26 05:04:47,793] {standard_task_runner.py:79} INFO - Running: ['***', 'tasks', 'run', 'fetch_exchange_rates_dag', 'fetch_exchange_rates_task', 'scheduled__2023-07-25T09:40:00+00:00', '--job-id', '202', '--raw', '--subdir', 'DAGS_FOLDER/my_calc_rates.py', '--cfg-path', '/tmp/tmpuskf0ymf', '--error-file', '/tmp/tmpg7kcm_dj']
[2023-07-26 05:04:47,796] {standard_task_runner.py:80} INFO - Job 202: Subtask fetch_exchange_rates_task
[2023-07-26 05:04:47,912] {task_command.py:371} INFO - Running <TaskInstance: fetch_exchange_rates_dag.fetch_exchange_rates_task scheduled__2023-07-25T09:40:00+00:00 [running]> on host acb6bca32630
[2023-07-26 05:04:48,022] {taskinstance.py:1591} INFO - Exporting the following env vars:
AIRFLOW_CTX_DAG_OWNER=marina_z
AIRFLOW_CTX_DAG_ID=fetch_exchange_rates_dag
AIRFLOW_CTX_TASK_ID=fetch_exchange_rates_task
AIRFLOW_CTX_EXECUTION_DATE=2023-07-25T09:40:00+00:00
AIRFLOW_CTX_TRY_NUMBER=1
AIRFLOW_CTX_DAG_RUN_ID=scheduled__2023-07-25T09:40:00+00:00
[2023-07-26 05:04:48,385] {logging_mixin.py:115} INFO - Save a new file exchange_latest_BTC.csv
[2023-07-26 05:04:48,386] {logging_mixin.py:115} INFO - Create a new table exchange_latest_BTC
[2023-07-26 05:04:48,393] {logging_mixin.py:115} INFO - Insert into table exchange_latest_BTC
[2023-07-26 05:04:48,405] {taskinstance.py:1909} ERROR - Task failed with exception
Traceback (most recent call last):
  File "/home/airflow/.local/lib/python3.7/site-packages/airflow/operators/python.py", line 171, in execute
    return_value = self.execute_callable()
  File "/home/airflow/.local/lib/python3.7/site-packages/airflow/operators/python.py", line 189, in execute_callable
    return self.python_callable(*self.op_args, **self.op_kwargs)
  File "/opt/airflow/dags/my_calc_rates.py", line 99, in fetch_exchange_rates
    cur.execute(copy_query)
psycopg2.errors.InvalidTextRepresentation: invalid input syntax for type numeric: "2023-07-26"
CONTEXT:  COPY exchange_rates_btc, line 3, column exchange_rate: "2023-07-26"

[2023-07-26 05:04:48,420] {taskinstance.py:1420} INFO - Marking task as FAILED. dag_id=fetch_exchange_rates_dag, task_id=fetch_exchange_rates_task, execution_date=20230725T094000, start_date=20230726T050447, end_date=20230726T050448
[2023-07-26 05:04:48,438] {standard_task_runner.py:97} ERROR - Failed to execute job 202 for task fetch_exchange_rates_task (invalid input syntax for type numeric: "2023-07-26"
CONTEXT:  COPY exchange_rates_btc, line 3, column exchange_rate: "2023-07-26"
; 862)
[2023-07-26 05:04:48,489] {local_task_job.py:156} INFO - Task exited with return code 1
[2023-07-26 05:04:48,537] {local_task_job.py:273} INFO - 0 downstream tasks scheduled from follow-on schedule check
