[2023-07-26 04:18:19,831] {taskinstance.py:1179} INFO - Dependencies all met for <TaskInstance: fetch_exchange_rates_dag.fetch_exchange_rates_task scheduled__2023-07-26T02:20:00+00:00 [queued]>
[2023-07-26 04:18:19,892] {taskinstance.py:1179} INFO - Dependencies all met for <TaskInstance: fetch_exchange_rates_dag.fetch_exchange_rates_task scheduled__2023-07-26T02:20:00+00:00 [queued]>
[2023-07-26 04:18:19,907] {taskinstance.py:1376} INFO - 
--------------------------------------------------------------------------------
[2023-07-26 04:18:19,911] {taskinstance.py:1377} INFO - Starting attempt 1 of 1
[2023-07-26 04:18:19,912] {taskinstance.py:1378} INFO - 
--------------------------------------------------------------------------------
[2023-07-26 04:18:19,980] {taskinstance.py:1397} INFO - Executing <Task(PythonOperator): fetch_exchange_rates_task> on 2023-07-26 02:20:00+00:00
[2023-07-26 04:18:20,005] {standard_task_runner.py:52} INFO - Started process 7076 to run task
[2023-07-26 04:18:20,037] {standard_task_runner.py:79} INFO - Running: ['***', 'tasks', 'run', 'fetch_exchange_rates_dag', 'fetch_exchange_rates_task', 'scheduled__2023-07-26T02:20:00+00:00', '--job-id', '64', '--raw', '--subdir', 'DAGS_FOLDER/my_calc_rates.py', '--cfg-path', '/tmp/tmp14gipi8_', '--error-file', '/tmp/tmpmu3x8hbq']
[2023-07-26 04:18:20,044] {standard_task_runner.py:80} INFO - Job 64: Subtask fetch_exchange_rates_task
[2023-07-26 04:18:20,452] {task_command.py:371} INFO - Running <TaskInstance: fetch_exchange_rates_dag.fetch_exchange_rates_task scheduled__2023-07-26T02:20:00+00:00 [running]> on host 6e11a261c833
[2023-07-26 04:18:21,372] {taskinstance.py:1591} INFO - Exporting the following env vars:
AIRFLOW_CTX_DAG_OWNER=marina_z
AIRFLOW_CTX_DAG_ID=fetch_exchange_rates_dag
AIRFLOW_CTX_TASK_ID=fetch_exchange_rates_task
AIRFLOW_CTX_EXECUTION_DATE=2023-07-26T02:20:00+00:00
AIRFLOW_CTX_TRY_NUMBER=1
AIRFLOW_CTX_DAG_RUN_ID=scheduled__2023-07-26T02:20:00+00:00
[2023-07-26 04:18:22,117] {logging_mixin.py:115} INFO - Save a new table exchange_latest_BTC.csv
[2023-07-26 04:18:22,122] {logging_mixin.py:115} INFO - Create a new table exchange_latest_BTC.csv
[2023-07-26 04:18:22,146] {logging_mixin.py:115} INFO - Insert into table exchange_latest_BTC.csv
[2023-07-26 04:18:22,628] {logging_mixin.py:115} INFO - Save a new table exchange_latest_EUR.csv
[2023-07-26 04:18:22,629] {logging_mixin.py:115} INFO - Create a new table exchange_latest_EUR.csv
[2023-07-26 04:18:22,639] {logging_mixin.py:115} INFO - Insert into table exchange_latest_EUR.csv
[2023-07-26 04:18:23,098] {logging_mixin.py:115} INFO - Save a new table exchange_latest_GBR.csv
[2023-07-26 04:18:23,100] {logging_mixin.py:115} INFO - Create a new table exchange_latest_GBR.csv
[2023-07-26 04:18:23,108] {logging_mixin.py:115} INFO - Insert into table exchange_latest_GBR.csv
[2023-07-26 04:18:23,481] {logging_mixin.py:115} INFO - Save a new table exchange_latest_JPY.csv
[2023-07-26 04:18:23,483] {logging_mixin.py:115} INFO - Create a new table exchange_latest_JPY.csv
[2023-07-26 04:18:23,489] {logging_mixin.py:115} INFO - Insert into table exchange_latest_JPY.csv
[2023-07-26 04:18:23,809] {logging_mixin.py:115} INFO - Save a new table exchange_latest_CNY.csv
[2023-07-26 04:18:23,809] {logging_mixin.py:115} INFO - Create a new table exchange_latest_CNY.csv
[2023-07-26 04:18:23,815] {logging_mixin.py:115} INFO - Insert into table exchange_latest_CNY.csv
[2023-07-26 04:18:23,842] {python.py:173} INFO - Done. Returned value was: None
[2023-07-26 04:18:23,953] {taskinstance.py:1420} INFO - Marking task as SUCCESS. dag_id=fetch_exchange_rates_dag, task_id=fetch_exchange_rates_task, execution_date=20230726T022000, start_date=20230726T041819, end_date=20230726T041823
[2023-07-26 04:18:24,150] {local_task_job.py:156} INFO - Task exited with return code 0
[2023-07-26 04:18:24,327] {local_task_job.py:273} INFO - 1 downstream tasks scheduled from follow-on schedule check
[2023-07-26 05:07:54,359] {taskinstance.py:1179} INFO - Dependencies all met for <TaskInstance: fetch_exchange_rates_dag.fetch_exchange_rates_task scheduled__2023-07-26T02:20:00+00:00 [queued]>
[2023-07-26 05:07:54,419] {taskinstance.py:1179} INFO - Dependencies all met for <TaskInstance: fetch_exchange_rates_dag.fetch_exchange_rates_task scheduled__2023-07-26T02:20:00+00:00 [queued]>
[2023-07-26 05:07:54,425] {taskinstance.py:1376} INFO - 
--------------------------------------------------------------------------------
[2023-07-26 05:07:54,442] {taskinstance.py:1377} INFO - Starting attempt 1 of 1
[2023-07-26 05:07:54,444] {taskinstance.py:1378} INFO - 
--------------------------------------------------------------------------------
[2023-07-26 05:07:54,514] {taskinstance.py:1397} INFO - Executing <Task(PythonOperator): fetch_exchange_rates_task> on 2023-07-26 02:20:00+00:00
[2023-07-26 05:07:54,571] {standard_task_runner.py:52} INFO - Started process 2168 to run task
[2023-07-26 05:07:54,599] {standard_task_runner.py:79} INFO - Running: ['***', 'tasks', 'run', 'fetch_exchange_rates_dag', 'fetch_exchange_rates_task', 'scheduled__2023-07-26T02:20:00+00:00', '--job-id', '566', '--raw', '--subdir', 'DAGS_FOLDER/my_calc_rates.py', '--cfg-path', '/tmp/tmpwad7wk7i', '--error-file', '/tmp/tmp4b7y7mh3']
[2023-07-26 05:07:54,606] {standard_task_runner.py:80} INFO - Job 566: Subtask fetch_exchange_rates_task
[2023-07-26 05:07:54,881] {task_command.py:371} INFO - Running <TaskInstance: fetch_exchange_rates_dag.fetch_exchange_rates_task scheduled__2023-07-26T02:20:00+00:00 [running]> on host acb6bca32630
[2023-07-26 05:07:55,509] {taskinstance.py:1591} INFO - Exporting the following env vars:
AIRFLOW_CTX_DAG_OWNER=marina_z
AIRFLOW_CTX_DAG_ID=fetch_exchange_rates_dag
AIRFLOW_CTX_TASK_ID=fetch_exchange_rates_task
AIRFLOW_CTX_EXECUTION_DATE=2023-07-26T02:20:00+00:00
AIRFLOW_CTX_TRY_NUMBER=1
AIRFLOW_CTX_DAG_RUN_ID=scheduled__2023-07-26T02:20:00+00:00
[2023-07-26 05:07:56,093] {logging_mixin.py:115} INFO - Save a new file exchange_latest_BTC.csv
[2023-07-26 05:07:56,098] {logging_mixin.py:115} INFO - Create a new table exchange_latest_BTC
[2023-07-26 05:07:56,155] {logging_mixin.py:115} INFO - Insert into table exchange_latest_BTC
[2023-07-26 05:07:56,802] {logging_mixin.py:115} INFO - Save a new file exchange_latest_EUR.csv
[2023-07-26 05:07:56,810] {logging_mixin.py:115} INFO - Create a new table exchange_latest_EUR
[2023-07-26 05:07:56,823] {logging_mixin.py:115} INFO - Insert into table exchange_latest_EUR
[2023-07-26 05:07:57,307] {logging_mixin.py:115} INFO - Save a new file exchange_latest_GBR.csv
[2023-07-26 05:07:57,308] {logging_mixin.py:115} INFO - Create a new table exchange_latest_GBR
[2023-07-26 05:07:57,324] {logging_mixin.py:115} INFO - Insert into table exchange_latest_GBR
[2023-07-26 05:07:57,680] {logging_mixin.py:115} INFO - Save a new file exchange_latest_JPY.csv
[2023-07-26 05:07:57,683] {logging_mixin.py:115} INFO - Create a new table exchange_latest_JPY
[2023-07-26 05:07:57,692] {logging_mixin.py:115} INFO - Insert into table exchange_latest_JPY
[2023-07-26 05:07:58,353] {logging_mixin.py:115} INFO - Save a new file exchange_latest_CNY.csv
[2023-07-26 05:07:58,357] {logging_mixin.py:115} INFO - Create a new table exchange_latest_CNY
[2023-07-26 05:07:58,374] {logging_mixin.py:115} INFO - Insert into table exchange_latest_CNY
[2023-07-26 05:07:58,426] {python.py:173} INFO - Done. Returned value was: None
[2023-07-26 05:07:58,511] {taskinstance.py:1420} INFO - Marking task as SUCCESS. dag_id=fetch_exchange_rates_dag, task_id=fetch_exchange_rates_task, execution_date=20230726T022000, start_date=20230726T050754, end_date=20230726T050758
[2023-07-26 05:07:58,743] {local_task_job.py:156} INFO - Task exited with return code 0
[2023-07-26 05:07:59,066] {local_task_job.py:273} INFO - 0 downstream tasks scheduled from follow-on schedule check
