[2023-07-26 04:18:17,671] {taskinstance.py:1179} INFO - Dependencies all met for <TaskInstance: fetch_exchange_rates_dag.create_total_exchange_rates_table scheduled__2023-07-26T00:00:00+00:00 [queued]>
[2023-07-26 04:18:17,751] {taskinstance.py:1179} INFO - Dependencies all met for <TaskInstance: fetch_exchange_rates_dag.create_total_exchange_rates_table scheduled__2023-07-26T00:00:00+00:00 [queued]>
[2023-07-26 04:18:17,753] {taskinstance.py:1376} INFO - 
--------------------------------------------------------------------------------
[2023-07-26 04:18:17,757] {taskinstance.py:1377} INFO - Starting attempt 1 of 1
[2023-07-26 04:18:17,757] {taskinstance.py:1378} INFO - 
--------------------------------------------------------------------------------
[2023-07-26 04:18:17,929] {taskinstance.py:1397} INFO - Executing <Task(PythonOperator): create_total_exchange_rates_table> on 2023-07-26 00:00:00+00:00
[2023-07-26 04:18:18,013] {standard_task_runner.py:52} INFO - Started process 7068 to run task
[2023-07-26 04:18:18,070] {standard_task_runner.py:79} INFO - Running: ['***', 'tasks', 'run', 'fetch_exchange_rates_dag', 'create_total_exchange_rates_table', 'scheduled__2023-07-26T00:00:00+00:00', '--job-id', '58', '--raw', '--subdir', 'DAGS_FOLDER/my_calc_rates.py', '--cfg-path', '/tmp/tmp5gcv4w0m', '--error-file', '/tmp/tmpeoh6qidq']
[2023-07-26 04:18:18,074] {standard_task_runner.py:80} INFO - Job 58: Subtask create_total_exchange_rates_table
[2023-07-26 04:18:18,304] {task_command.py:371} INFO - Running <TaskInstance: fetch_exchange_rates_dag.create_total_exchange_rates_table scheduled__2023-07-26T00:00:00+00:00 [running]> on host 6e11a261c833
[2023-07-26 04:18:18,860] {taskinstance.py:1591} INFO - Exporting the following env vars:
AIRFLOW_CTX_DAG_OWNER=marina_z
AIRFLOW_CTX_DAG_ID=fetch_exchange_rates_dag
AIRFLOW_CTX_TASK_ID=create_total_exchange_rates_table
AIRFLOW_CTX_EXECUTION_DATE=2023-07-26T00:00:00+00:00
AIRFLOW_CTX_TRY_NUMBER=1
AIRFLOW_CTX_DAG_RUN_ID=scheduled__2023-07-26T00:00:00+00:00
[2023-07-26 04:18:18,867] {logging_mixin.py:115} INFO - The table total_exchange_rates is created and saved
[2023-07-26 04:18:18,911] {python.py:173} INFO - Done. Returned value was: None
[2023-07-26 04:18:18,952] {taskinstance.py:1420} INFO - Marking task as SUCCESS. dag_id=fetch_exchange_rates_dag, task_id=create_total_exchange_rates_table, execution_date=20230726T000000, start_date=20230726T041817, end_date=20230726T041818
[2023-07-26 04:18:19,071] {local_task_job.py:156} INFO - Task exited with return code 0
[2023-07-26 04:18:19,229] {local_task_job.py:273} INFO - 1 downstream tasks scheduled from follow-on schedule check
[2023-07-26 05:07:29,816] {taskinstance.py:1179} INFO - Dependencies all met for <TaskInstance: fetch_exchange_rates_dag.create_total_exchange_rates_table scheduled__2023-07-26T00:00:00+00:00 [queued]>
[2023-07-26 05:07:29,831] {taskinstance.py:1179} INFO - Dependencies all met for <TaskInstance: fetch_exchange_rates_dag.create_total_exchange_rates_table scheduled__2023-07-26T00:00:00+00:00 [queued]>
[2023-07-26 05:07:29,832] {taskinstance.py:1376} INFO - 
--------------------------------------------------------------------------------
[2023-07-26 05:07:29,833] {taskinstance.py:1377} INFO - Starting attempt 1 of 1
[2023-07-26 05:07:29,834] {taskinstance.py:1378} INFO - 
--------------------------------------------------------------------------------
[2023-07-26 05:07:29,856] {taskinstance.py:1397} INFO - Executing <Task(PythonOperator): create_total_exchange_rates_table> on 2023-07-26 00:00:00+00:00
[2023-07-26 05:07:29,870] {standard_task_runner.py:52} INFO - Started process 2023 to run task
[2023-07-26 05:07:29,873] {standard_task_runner.py:79} INFO - Running: ['***', 'tasks', 'run', 'fetch_exchange_rates_dag', 'create_total_exchange_rates_table', 'scheduled__2023-07-26T00:00:00+00:00', '--job-id', '529', '--raw', '--subdir', 'DAGS_FOLDER/my_calc_rates.py', '--cfg-path', '/tmp/tmprjn4642q', '--error-file', '/tmp/tmpzvrzlow4']
[2023-07-26 05:07:29,875] {standard_task_runner.py:80} INFO - Job 529: Subtask create_total_exchange_rates_table
[2023-07-26 05:07:30,021] {task_command.py:371} INFO - Running <TaskInstance: fetch_exchange_rates_dag.create_total_exchange_rates_table scheduled__2023-07-26T00:00:00+00:00 [running]> on host acb6bca32630
[2023-07-26 05:07:30,147] {taskinstance.py:1591} INFO - Exporting the following env vars:
AIRFLOW_CTX_DAG_OWNER=marina_z
AIRFLOW_CTX_DAG_ID=fetch_exchange_rates_dag
AIRFLOW_CTX_TASK_ID=create_total_exchange_rates_table
AIRFLOW_CTX_EXECUTION_DATE=2023-07-26T00:00:00+00:00
AIRFLOW_CTX_TRY_NUMBER=1
AIRFLOW_CTX_DAG_RUN_ID=scheduled__2023-07-26T00:00:00+00:00
[2023-07-26 05:07:30,150] {logging_mixin.py:115} INFO - The table total_exchange_rates is created and saved
[2023-07-26 05:07:30,175] {python.py:173} INFO - Done. Returned value was: None
[2023-07-26 05:07:30,194] {taskinstance.py:1420} INFO - Marking task as SUCCESS. dag_id=fetch_exchange_rates_dag, task_id=create_total_exchange_rates_table, execution_date=20230726T000000, start_date=20230726T050729, end_date=20230726T050730
[2023-07-26 05:07:30,251] {local_task_job.py:156} INFO - Task exited with return code 0
[2023-07-26 05:07:30,311] {local_task_job.py:273} INFO - 1 downstream tasks scheduled from follow-on schedule check
