[2023-07-26 05:07:22,988] {taskinstance.py:1179} INFO - Dependencies all met for <TaskInstance: fetch_exchange_rates_dag.create_total_exchange_rates_table scheduled__2023-07-25T22:30:00+00:00 [queued]>
[2023-07-26 05:07:23,042] {taskinstance.py:1179} INFO - Dependencies all met for <TaskInstance: fetch_exchange_rates_dag.create_total_exchange_rates_table scheduled__2023-07-25T22:30:00+00:00 [queued]>
[2023-07-26 05:07:23,046] {taskinstance.py:1376} INFO - 
--------------------------------------------------------------------------------
[2023-07-26 05:07:23,046] {taskinstance.py:1377} INFO - Starting attempt 1 of 1
[2023-07-26 05:07:23,049] {taskinstance.py:1378} INFO - 
--------------------------------------------------------------------------------
[2023-07-26 05:07:23,159] {taskinstance.py:1397} INFO - Executing <Task(PythonOperator): create_total_exchange_rates_table> on 2023-07-25 22:30:00+00:00
[2023-07-26 05:07:23,192] {standard_task_runner.py:52} INFO - Started process 1975 to run task
[2023-07-26 05:07:23,219] {standard_task_runner.py:79} INFO - Running: ['***', 'tasks', 'run', 'fetch_exchange_rates_dag', 'create_total_exchange_rates_table', 'scheduled__2023-07-25T22:30:00+00:00', '--job-id', '513', '--raw', '--subdir', 'DAGS_FOLDER/my_calc_rates.py', '--cfg-path', '/tmp/tmp2j8pu5uo', '--error-file', '/tmp/tmp2wapyzhj']
[2023-07-26 05:07:23,222] {standard_task_runner.py:80} INFO - Job 513: Subtask create_total_exchange_rates_table
[2023-07-26 05:07:23,629] {task_command.py:371} INFO - Running <TaskInstance: fetch_exchange_rates_dag.create_total_exchange_rates_table scheduled__2023-07-25T22:30:00+00:00 [running]> on host acb6bca32630
[2023-07-26 05:07:23,907] {taskinstance.py:1591} INFO - Exporting the following env vars:
AIRFLOW_CTX_DAG_OWNER=marina_z
AIRFLOW_CTX_DAG_ID=fetch_exchange_rates_dag
AIRFLOW_CTX_TASK_ID=create_total_exchange_rates_table
AIRFLOW_CTX_EXECUTION_DATE=2023-07-25T22:30:00+00:00
AIRFLOW_CTX_TRY_NUMBER=1
AIRFLOW_CTX_DAG_RUN_ID=scheduled__2023-07-25T22:30:00+00:00
[2023-07-26 05:07:23,912] {logging_mixin.py:115} INFO - The table total_exchange_rates is created and saved
[2023-07-26 05:07:23,943] {python.py:173} INFO - Done. Returned value was: None
[2023-07-26 05:07:24,043] {taskinstance.py:1420} INFO - Marking task as SUCCESS. dag_id=fetch_exchange_rates_dag, task_id=create_total_exchange_rates_table, execution_date=20230725T223000, start_date=20230726T050722, end_date=20230726T050724
[2023-07-26 05:07:24,202] {local_task_job.py:156} INFO - Task exited with return code 0
[2023-07-26 05:07:24,351] {local_task_job.py:273} INFO - 1 downstream tasks scheduled from follow-on schedule check
