[2023-07-26 23:49:42,363] {processor.py:153} INFO - Started process (PID=67) to work on /home/airflow/.local/lib/python3.7/site-packages/airflow/example_dags/example_latest_only_with_trigger.py
[2023-07-26 23:49:42,366] {processor.py:641} INFO - Processing file /home/airflow/.local/lib/python3.7/site-packages/airflow/example_dags/example_latest_only_with_trigger.py for tasks to queue
[2023-07-26 23:49:42,368] {logging_mixin.py:115} INFO - [2023-07-26 23:49:42,368] {dagbag.py:508} INFO - Filling up the DagBag from /home/airflow/.local/lib/python3.7/site-packages/airflow/example_dags/example_latest_only_with_trigger.py
[2023-07-26 23:49:42,384] {processor.py:651} INFO - DAG(s) dict_keys(['latest_only_with_trigger']) retrieved from /home/airflow/.local/lib/python3.7/site-packages/airflow/example_dags/example_latest_only_with_trigger.py
[2023-07-26 23:49:42,501] {logging_mixin.py:115} INFO - [2023-07-26 23:49:42,501] {manager.py:508} INFO - Created Permission View: can delete on DAG:latest_only_with_trigger
[2023-07-26 23:49:42,523] {logging_mixin.py:115} INFO - [2023-07-26 23:49:42,523] {manager.py:508} INFO - Created Permission View: can read on DAG:latest_only_with_trigger
[2023-07-26 23:49:42,548] {logging_mixin.py:115} INFO - [2023-07-26 23:49:42,547] {manager.py:508} INFO - Created Permission View: can edit on DAG:latest_only_with_trigger
[2023-07-26 23:49:42,551] {logging_mixin.py:115} INFO - [2023-07-26 23:49:42,551] {dag.py:2420} INFO - Sync 1 DAGs
[2023-07-26 23:49:42,566] {logging_mixin.py:115} INFO - [2023-07-26 23:49:42,565] {dag.py:2439} INFO - Creating ORM DAG for latest_only_with_trigger
[2023-07-26 23:49:42,590] {logging_mixin.py:115} INFO - [2023-07-26 23:49:42,590] {dag.py:2972} INFO - Setting next_dagrun for latest_only_with_trigger to 2023-07-26T19:49:42.589483+00:00, run_after=2023-07-26T23:49:42.589483+00:00
[2023-07-26 23:49:42,641] {processor.py:161} INFO - Processing /home/airflow/.local/lib/python3.7/site-packages/airflow/example_dags/example_latest_only_with_trigger.py took 0.282 seconds
[2023-07-26 23:50:13,326] {processor.py:153} INFO - Started process (PID=130) to work on /home/airflow/.local/lib/python3.7/site-packages/airflow/example_dags/example_latest_only_with_trigger.py
[2023-07-26 23:50:13,328] {processor.py:641} INFO - Processing file /home/airflow/.local/lib/python3.7/site-packages/airflow/example_dags/example_latest_only_with_trigger.py for tasks to queue
[2023-07-26 23:50:13,329] {logging_mixin.py:115} INFO - [2023-07-26 23:50:13,329] {dagbag.py:508} INFO - Filling up the DagBag from /home/airflow/.local/lib/python3.7/site-packages/airflow/example_dags/example_latest_only_with_trigger.py
[2023-07-26 23:50:13,336] {processor.py:651} INFO - DAG(s) dict_keys(['latest_only_with_trigger']) retrieved from /home/airflow/.local/lib/python3.7/site-packages/airflow/example_dags/example_latest_only_with_trigger.py
[2023-07-26 23:50:13,364] {logging_mixin.py:115} INFO - [2023-07-26 23:50:13,364] {dag.py:2420} INFO - Sync 1 DAGs
[2023-07-26 23:50:13,390] {logging_mixin.py:115} INFO - [2023-07-26 23:50:13,390] {dag.py:2972} INFO - Setting next_dagrun for latest_only_with_trigger to 2023-07-26T19:50:13.389737+00:00, run_after=2023-07-26T23:50:13.389737+00:00
[2023-07-26 23:50:13,405] {processor.py:161} INFO - Processing /home/airflow/.local/lib/python3.7/site-packages/airflow/example_dags/example_latest_only_with_trigger.py took 0.082 seconds
[2023-07-26 23:50:43,602] {processor.py:153} INFO - Started process (PID=184) to work on /home/airflow/.local/lib/python3.7/site-packages/airflow/example_dags/example_latest_only_with_trigger.py
[2023-07-26 23:50:43,624] {processor.py:641} INFO - Processing file /home/airflow/.local/lib/python3.7/site-packages/airflow/example_dags/example_latest_only_with_trigger.py for tasks to queue
[2023-07-26 23:50:43,694] {logging_mixin.py:115} INFO - [2023-07-26 23:50:43,693] {dagbag.py:508} INFO - Filling up the DagBag from /home/airflow/.local/lib/python3.7/site-packages/airflow/example_dags/example_latest_only_with_trigger.py
[2023-07-26 23:50:43,699] {processor.py:651} INFO - DAG(s) dict_keys(['latest_only_with_trigger']) retrieved from /home/airflow/.local/lib/python3.7/site-packages/airflow/example_dags/example_latest_only_with_trigger.py
[2023-07-26 23:50:43,720] {logging_mixin.py:115} INFO - [2023-07-26 23:50:43,719] {dag.py:2420} INFO - Sync 1 DAGs
[2023-07-26 23:50:43,736] {logging_mixin.py:115} INFO - [2023-07-26 23:50:43,736] {dag.py:2972} INFO - Setting next_dagrun for latest_only_with_trigger to 2023-07-26T19:50:43.736674+00:00, run_after=2023-07-26T23:50:43.736674+00:00
[2023-07-26 23:50:43,747] {processor.py:161} INFO - Processing /home/airflow/.local/lib/python3.7/site-packages/airflow/example_dags/example_latest_only_with_trigger.py took 0.147 seconds
[2023-07-26 23:51:14,779] {processor.py:153} INFO - Started process (PID=247) to work on /home/airflow/.local/lib/python3.7/site-packages/airflow/example_dags/example_latest_only_with_trigger.py
[2023-07-26 23:51:14,781] {processor.py:641} INFO - Processing file /home/airflow/.local/lib/python3.7/site-packages/airflow/example_dags/example_latest_only_with_trigger.py for tasks to queue
[2023-07-26 23:51:14,782] {logging_mixin.py:115} INFO - [2023-07-26 23:51:14,781] {dagbag.py:508} INFO - Filling up the DagBag from /home/airflow/.local/lib/python3.7/site-packages/airflow/example_dags/example_latest_only_with_trigger.py
[2023-07-26 23:51:14,786] {processor.py:651} INFO - DAG(s) dict_keys(['latest_only_with_trigger']) retrieved from /home/airflow/.local/lib/python3.7/site-packages/airflow/example_dags/example_latest_only_with_trigger.py
[2023-07-26 23:51:14,808] {logging_mixin.py:115} INFO - [2023-07-26 23:51:14,808] {dag.py:2420} INFO - Sync 1 DAGs
[2023-07-26 23:51:14,825] {logging_mixin.py:115} INFO - [2023-07-26 23:51:14,825] {dag.py:2972} INFO - Setting next_dagrun for latest_only_with_trigger to 2023-07-26T19:51:14.825496+00:00, run_after=2023-07-26T23:51:14.825496+00:00
[2023-07-26 23:51:14,839] {processor.py:161} INFO - Processing /home/airflow/.local/lib/python3.7/site-packages/airflow/example_dags/example_latest_only_with_trigger.py took 0.062 seconds
[2023-07-26 23:51:44,908] {processor.py:153} INFO - Started process (PID=310) to work on /home/airflow/.local/lib/python3.7/site-packages/airflow/example_dags/example_latest_only_with_trigger.py
[2023-07-26 23:51:44,909] {processor.py:641} INFO - Processing file /home/airflow/.local/lib/python3.7/site-packages/airflow/example_dags/example_latest_only_with_trigger.py for tasks to queue
[2023-07-26 23:51:44,909] {logging_mixin.py:115} INFO - [2023-07-26 23:51:44,909] {dagbag.py:508} INFO - Filling up the DagBag from /home/airflow/.local/lib/python3.7/site-packages/airflow/example_dags/example_latest_only_with_trigger.py
[2023-07-26 23:51:44,914] {processor.py:651} INFO - DAG(s) dict_keys(['latest_only_with_trigger']) retrieved from /home/airflow/.local/lib/python3.7/site-packages/airflow/example_dags/example_latest_only_with_trigger.py
[2023-07-26 23:51:44,936] {logging_mixin.py:115} INFO - [2023-07-26 23:51:44,936] {dag.py:2420} INFO - Sync 1 DAGs
[2023-07-26 23:51:44,954] {logging_mixin.py:115} INFO - [2023-07-26 23:51:44,954] {dag.py:2972} INFO - Setting next_dagrun for latest_only_with_trigger to 2023-07-26T19:51:44.954329+00:00, run_after=2023-07-26T23:51:44.954329+00:00
[2023-07-26 23:51:45,024] {processor.py:161} INFO - Processing /home/airflow/.local/lib/python3.7/site-packages/airflow/example_dags/example_latest_only_with_trigger.py took 0.118 seconds
[2023-07-26 23:52:15,276] {processor.py:153} INFO - Started process (PID=373) to work on /home/airflow/.local/lib/python3.7/site-packages/airflow/example_dags/example_latest_only_with_trigger.py
[2023-07-26 23:52:15,277] {processor.py:641} INFO - Processing file /home/airflow/.local/lib/python3.7/site-packages/airflow/example_dags/example_latest_only_with_trigger.py for tasks to queue
[2023-07-26 23:52:15,283] {logging_mixin.py:115} INFO - [2023-07-26 23:52:15,283] {dagbag.py:508} INFO - Filling up the DagBag from /home/airflow/.local/lib/python3.7/site-packages/airflow/example_dags/example_latest_only_with_trigger.py
[2023-07-26 23:52:15,289] {processor.py:651} INFO - DAG(s) dict_keys(['latest_only_with_trigger']) retrieved from /home/airflow/.local/lib/python3.7/site-packages/airflow/example_dags/example_latest_only_with_trigger.py
[2023-07-26 23:52:15,311] {logging_mixin.py:115} INFO - [2023-07-26 23:52:15,310] {dag.py:2420} INFO - Sync 1 DAGs
[2023-07-26 23:52:15,327] {logging_mixin.py:115} INFO - [2023-07-26 23:52:15,327] {dag.py:2972} INFO - Setting next_dagrun for latest_only_with_trigger to 2023-07-26T19:52:15.327198+00:00, run_after=2023-07-26T23:52:15.327198+00:00
[2023-07-26 23:52:15,338] {processor.py:161} INFO - Processing /home/airflow/.local/lib/python3.7/site-packages/airflow/example_dags/example_latest_only_with_trigger.py took 0.064 seconds
[2023-07-26 23:52:45,486] {processor.py:153} INFO - Started process (PID=427) to work on /home/airflow/.local/lib/python3.7/site-packages/airflow/example_dags/example_latest_only_with_trigger.py
[2023-07-26 23:52:45,487] {processor.py:641} INFO - Processing file /home/airflow/.local/lib/python3.7/site-packages/airflow/example_dags/example_latest_only_with_trigger.py for tasks to queue
[2023-07-26 23:52:45,488] {logging_mixin.py:115} INFO - [2023-07-26 23:52:45,488] {dagbag.py:508} INFO - Filling up the DagBag from /home/airflow/.local/lib/python3.7/site-packages/airflow/example_dags/example_latest_only_with_trigger.py
[2023-07-26 23:52:45,494] {processor.py:651} INFO - DAG(s) dict_keys(['latest_only_with_trigger']) retrieved from /home/airflow/.local/lib/python3.7/site-packages/airflow/example_dags/example_latest_only_with_trigger.py
[2023-07-26 23:52:45,519] {logging_mixin.py:115} INFO - [2023-07-26 23:52:45,519] {dag.py:2420} INFO - Sync 1 DAGs
[2023-07-26 23:52:45,542] {logging_mixin.py:115} INFO - [2023-07-26 23:52:45,542] {dag.py:2972} INFO - Setting next_dagrun for latest_only_with_trigger to 2023-07-26T19:52:45.542047+00:00, run_after=2023-07-26T23:52:45.542047+00:00
[2023-07-26 23:52:45,572] {processor.py:161} INFO - Processing /home/airflow/.local/lib/python3.7/site-packages/airflow/example_dags/example_latest_only_with_trigger.py took 0.088 seconds
[2023-07-26 23:53:15,797] {processor.py:153} INFO - Started process (PID=489) to work on /home/airflow/.local/lib/python3.7/site-packages/airflow/example_dags/example_latest_only_with_trigger.py
[2023-07-26 23:53:15,798] {processor.py:641} INFO - Processing file /home/airflow/.local/lib/python3.7/site-packages/airflow/example_dags/example_latest_only_with_trigger.py for tasks to queue
[2023-07-26 23:53:15,798] {logging_mixin.py:115} INFO - [2023-07-26 23:53:15,798] {dagbag.py:508} INFO - Filling up the DagBag from /home/airflow/.local/lib/python3.7/site-packages/airflow/example_dags/example_latest_only_with_trigger.py
[2023-07-26 23:53:15,802] {processor.py:651} INFO - DAG(s) dict_keys(['latest_only_with_trigger']) retrieved from /home/airflow/.local/lib/python3.7/site-packages/airflow/example_dags/example_latest_only_with_trigger.py
[2023-07-26 23:53:15,826] {logging_mixin.py:115} INFO - [2023-07-26 23:53:15,826] {dag.py:2420} INFO - Sync 1 DAGs
[2023-07-26 23:53:15,843] {logging_mixin.py:115} INFO - [2023-07-26 23:53:15,843] {dag.py:2972} INFO - Setting next_dagrun for latest_only_with_trigger to 2023-07-26T19:53:15.842879+00:00, run_after=2023-07-26T23:53:15.842879+00:00
[2023-07-26 23:53:15,855] {processor.py:161} INFO - Processing /home/airflow/.local/lib/python3.7/site-packages/airflow/example_dags/example_latest_only_with_trigger.py took 0.061 seconds
[2023-07-26 23:53:46,680] {processor.py:153} INFO - Started process (PID=565) to work on /home/airflow/.local/lib/python3.7/site-packages/airflow/example_dags/example_latest_only_with_trigger.py
[2023-07-26 23:53:46,682] {processor.py:641} INFO - Processing file /home/airflow/.local/lib/python3.7/site-packages/airflow/example_dags/example_latest_only_with_trigger.py for tasks to queue
[2023-07-26 23:53:46,684] {logging_mixin.py:115} INFO - [2023-07-26 23:53:46,684] {dagbag.py:508} INFO - Filling up the DagBag from /home/airflow/.local/lib/python3.7/site-packages/airflow/example_dags/example_latest_only_with_trigger.py
[2023-07-26 23:53:46,743] {processor.py:651} INFO - DAG(s) dict_keys(['latest_only_with_trigger']) retrieved from /home/airflow/.local/lib/python3.7/site-packages/airflow/example_dags/example_latest_only_with_trigger.py
[2023-07-26 23:53:46,900] {logging_mixin.py:115} INFO - [2023-07-26 23:53:46,900] {dag.py:2420} INFO - Sync 1 DAGs
[2023-07-26 23:53:47,048] {logging_mixin.py:115} INFO - [2023-07-26 23:53:47,047] {dag.py:2972} INFO - Setting next_dagrun for latest_only_with_trigger to 2023-07-26T19:53:47.046229+00:00, run_after=2023-07-26T23:53:47.046229+00:00
[2023-07-26 23:53:47,106] {processor.py:161} INFO - Processing /home/airflow/.local/lib/python3.7/site-packages/airflow/example_dags/example_latest_only_with_trigger.py took 0.447 seconds
[2023-07-26 23:54:17,889] {processor.py:153} INFO - Started process (PID=706) to work on /home/airflow/.local/lib/python3.7/site-packages/airflow/example_dags/example_latest_only_with_trigger.py
[2023-07-26 23:54:17,890] {processor.py:641} INFO - Processing file /home/airflow/.local/lib/python3.7/site-packages/airflow/example_dags/example_latest_only_with_trigger.py for tasks to queue
[2023-07-26 23:54:17,891] {logging_mixin.py:115} INFO - [2023-07-26 23:54:17,891] {dagbag.py:508} INFO - Filling up the DagBag from /home/airflow/.local/lib/python3.7/site-packages/airflow/example_dags/example_latest_only_with_trigger.py
[2023-07-26 23:54:17,905] {processor.py:651} INFO - DAG(s) dict_keys(['latest_only_with_trigger']) retrieved from /home/airflow/.local/lib/python3.7/site-packages/airflow/example_dags/example_latest_only_with_trigger.py
[2023-07-26 23:54:17,955] {logging_mixin.py:115} INFO - [2023-07-26 23:54:17,955] {dag.py:2420} INFO - Sync 1 DAGs
[2023-07-26 23:54:18,002] {logging_mixin.py:115} INFO - [2023-07-26 23:54:18,002] {dag.py:2972} INFO - Setting next_dagrun for latest_only_with_trigger to 2023-07-26T19:54:18.001712+00:00, run_after=2023-07-26T23:54:18.001712+00:00
[2023-07-26 23:54:18,028] {processor.py:161} INFO - Processing /home/airflow/.local/lib/python3.7/site-packages/airflow/example_dags/example_latest_only_with_trigger.py took 0.142 seconds
