[2023-07-26 23:49:40,366] {processor.py:153} INFO - Started process (PID=54) to work on /home/airflow/.local/lib/python3.7/site-packages/airflow/example_dags/example_time_delta_sensor_async.py
[2023-07-26 23:49:40,368] {processor.py:641} INFO - Processing file /home/airflow/.local/lib/python3.7/site-packages/airflow/example_dags/example_time_delta_sensor_async.py for tasks to queue
[2023-07-26 23:49:40,369] {logging_mixin.py:115} INFO - [2023-07-26 23:49:40,369] {dagbag.py:508} INFO - Filling up the DagBag from /home/airflow/.local/lib/python3.7/site-packages/airflow/example_dags/example_time_delta_sensor_async.py
[2023-07-26 23:49:40,379] {processor.py:651} INFO - DAG(s) dict_keys(['example_time_delta_sensor_async']) retrieved from /home/airflow/.local/lib/python3.7/site-packages/airflow/example_dags/example_time_delta_sensor_async.py
[2023-07-26 23:49:40,530] {logging_mixin.py:115} INFO - [2023-07-26 23:49:40,530] {manager.py:508} INFO - Created Permission View: can delete on DAG:example_time_delta_sensor_async
[2023-07-26 23:49:40,560] {logging_mixin.py:115} INFO - [2023-07-26 23:49:40,560] {manager.py:508} INFO - Created Permission View: can read on DAG:example_time_delta_sensor_async
[2023-07-26 23:49:40,579] {logging_mixin.py:115} INFO - [2023-07-26 23:49:40,578] {manager.py:508} INFO - Created Permission View: can edit on DAG:example_time_delta_sensor_async
[2023-07-26 23:49:40,580] {logging_mixin.py:115} INFO - [2023-07-26 23:49:40,580] {dag.py:2420} INFO - Sync 1 DAGs
[2023-07-26 23:49:40,594] {logging_mixin.py:115} INFO - [2023-07-26 23:49:40,594] {dag.py:2439} INFO - Creating ORM DAG for example_time_delta_sensor_async
[2023-07-26 23:49:40,646] {logging_mixin.py:115} INFO - [2023-07-26 23:49:40,646] {dag.py:2972} INFO - Setting next_dagrun for example_time_delta_sensor_async to None, run_after=None
[2023-07-26 23:49:40,675] {processor.py:161} INFO - Processing /home/airflow/.local/lib/python3.7/site-packages/airflow/example_dags/example_time_delta_sensor_async.py took 0.321 seconds
[2023-07-26 23:50:11,642] {processor.py:153} INFO - Started process (PID=108) to work on /home/airflow/.local/lib/python3.7/site-packages/airflow/example_dags/example_time_delta_sensor_async.py
[2023-07-26 23:50:11,643] {processor.py:641} INFO - Processing file /home/airflow/.local/lib/python3.7/site-packages/airflow/example_dags/example_time_delta_sensor_async.py for tasks to queue
[2023-07-26 23:50:11,645] {logging_mixin.py:115} INFO - [2023-07-26 23:50:11,645] {dagbag.py:508} INFO - Filling up the DagBag from /home/airflow/.local/lib/python3.7/site-packages/airflow/example_dags/example_time_delta_sensor_async.py
[2023-07-26 23:50:11,649] {processor.py:651} INFO - DAG(s) dict_keys(['example_time_delta_sensor_async']) retrieved from /home/airflow/.local/lib/python3.7/site-packages/airflow/example_dags/example_time_delta_sensor_async.py
[2023-07-26 23:50:11,681] {logging_mixin.py:115} INFO - [2023-07-26 23:50:11,681] {dag.py:2420} INFO - Sync 1 DAGs
[2023-07-26 23:50:11,697] {logging_mixin.py:115} INFO - [2023-07-26 23:50:11,697] {dag.py:2972} INFO - Setting next_dagrun for example_time_delta_sensor_async to None, run_after=None
[2023-07-26 23:50:11,709] {processor.py:161} INFO - Processing /home/airflow/.local/lib/python3.7/site-packages/airflow/example_dags/example_time_delta_sensor_async.py took 0.069 seconds
[2023-07-26 23:50:41,817] {processor.py:153} INFO - Started process (PID=171) to work on /home/airflow/.local/lib/python3.7/site-packages/airflow/example_dags/example_time_delta_sensor_async.py
[2023-07-26 23:50:41,817] {processor.py:641} INFO - Processing file /home/airflow/.local/lib/python3.7/site-packages/airflow/example_dags/example_time_delta_sensor_async.py for tasks to queue
[2023-07-26 23:50:41,818] {logging_mixin.py:115} INFO - [2023-07-26 23:50:41,818] {dagbag.py:508} INFO - Filling up the DagBag from /home/airflow/.local/lib/python3.7/site-packages/airflow/example_dags/example_time_delta_sensor_async.py
[2023-07-26 23:50:41,822] {processor.py:651} INFO - DAG(s) dict_keys(['example_time_delta_sensor_async']) retrieved from /home/airflow/.local/lib/python3.7/site-packages/airflow/example_dags/example_time_delta_sensor_async.py
[2023-07-26 23:50:41,852] {logging_mixin.py:115} INFO - [2023-07-26 23:50:41,852] {dag.py:2420} INFO - Sync 1 DAGs
[2023-07-26 23:50:41,868] {logging_mixin.py:115} INFO - [2023-07-26 23:50:41,868] {dag.py:2972} INFO - Setting next_dagrun for example_time_delta_sensor_async to None, run_after=None
[2023-07-26 23:50:41,880] {processor.py:161} INFO - Processing /home/airflow/.local/lib/python3.7/site-packages/airflow/example_dags/example_time_delta_sensor_async.py took 0.065 seconds
[2023-07-26 23:51:12,110] {processor.py:153} INFO - Started process (PID=234) to work on /home/airflow/.local/lib/python3.7/site-packages/airflow/example_dags/example_time_delta_sensor_async.py
[2023-07-26 23:51:12,111] {processor.py:641} INFO - Processing file /home/airflow/.local/lib/python3.7/site-packages/airflow/example_dags/example_time_delta_sensor_async.py for tasks to queue
[2023-07-26 23:51:12,111] {logging_mixin.py:115} INFO - [2023-07-26 23:51:12,111] {dagbag.py:508} INFO - Filling up the DagBag from /home/airflow/.local/lib/python3.7/site-packages/airflow/example_dags/example_time_delta_sensor_async.py
[2023-07-26 23:51:12,115] {processor.py:651} INFO - DAG(s) dict_keys(['example_time_delta_sensor_async']) retrieved from /home/airflow/.local/lib/python3.7/site-packages/airflow/example_dags/example_time_delta_sensor_async.py
[2023-07-26 23:51:12,143] {logging_mixin.py:115} INFO - [2023-07-26 23:51:12,143] {dag.py:2420} INFO - Sync 1 DAGs
[2023-07-26 23:51:12,159] {logging_mixin.py:115} INFO - [2023-07-26 23:51:12,159] {dag.py:2972} INFO - Setting next_dagrun for example_time_delta_sensor_async to None, run_after=None
[2023-07-26 23:51:12,171] {processor.py:161} INFO - Processing /home/airflow/.local/lib/python3.7/site-packages/airflow/example_dags/example_time_delta_sensor_async.py took 0.063 seconds
[2023-07-26 23:51:42,230] {processor.py:153} INFO - Started process (PID=297) to work on /home/airflow/.local/lib/python3.7/site-packages/airflow/example_dags/example_time_delta_sensor_async.py
[2023-07-26 23:51:42,231] {processor.py:641} INFO - Processing file /home/airflow/.local/lib/python3.7/site-packages/airflow/example_dags/example_time_delta_sensor_async.py for tasks to queue
[2023-07-26 23:51:42,232] {logging_mixin.py:115} INFO - [2023-07-26 23:51:42,232] {dagbag.py:508} INFO - Filling up the DagBag from /home/airflow/.local/lib/python3.7/site-packages/airflow/example_dags/example_time_delta_sensor_async.py
[2023-07-26 23:51:42,236] {processor.py:651} INFO - DAG(s) dict_keys(['example_time_delta_sensor_async']) retrieved from /home/airflow/.local/lib/python3.7/site-packages/airflow/example_dags/example_time_delta_sensor_async.py
[2023-07-26 23:51:42,262] {logging_mixin.py:115} INFO - [2023-07-26 23:51:42,262] {dag.py:2420} INFO - Sync 1 DAGs
[2023-07-26 23:51:42,277] {logging_mixin.py:115} INFO - [2023-07-26 23:51:42,277] {dag.py:2972} INFO - Setting next_dagrun for example_time_delta_sensor_async to None, run_after=None
[2023-07-26 23:51:42,286] {processor.py:161} INFO - Processing /home/airflow/.local/lib/python3.7/site-packages/airflow/example_dags/example_time_delta_sensor_async.py took 0.058 seconds
[2023-07-26 23:52:12,388] {processor.py:153} INFO - Started process (PID=350) to work on /home/airflow/.local/lib/python3.7/site-packages/airflow/example_dags/example_time_delta_sensor_async.py
[2023-07-26 23:52:12,389] {processor.py:641} INFO - Processing file /home/airflow/.local/lib/python3.7/site-packages/airflow/example_dags/example_time_delta_sensor_async.py for tasks to queue
[2023-07-26 23:52:12,390] {logging_mixin.py:115} INFO - [2023-07-26 23:52:12,390] {dagbag.py:508} INFO - Filling up the DagBag from /home/airflow/.local/lib/python3.7/site-packages/airflow/example_dags/example_time_delta_sensor_async.py
[2023-07-26 23:52:12,394] {processor.py:651} INFO - DAG(s) dict_keys(['example_time_delta_sensor_async']) retrieved from /home/airflow/.local/lib/python3.7/site-packages/airflow/example_dags/example_time_delta_sensor_async.py
[2023-07-26 23:52:12,424] {logging_mixin.py:115} INFO - [2023-07-26 23:52:12,424] {dag.py:2420} INFO - Sync 1 DAGs
[2023-07-26 23:52:12,442] {logging_mixin.py:115} INFO - [2023-07-26 23:52:12,442] {dag.py:2972} INFO - Setting next_dagrun for example_time_delta_sensor_async to None, run_after=None
[2023-07-26 23:52:12,480] {processor.py:161} INFO - Processing /home/airflow/.local/lib/python3.7/site-packages/airflow/example_dags/example_time_delta_sensor_async.py took 0.094 seconds
[2023-07-26 23:52:42,624] {processor.py:153} INFO - Started process (PID=412) to work on /home/airflow/.local/lib/python3.7/site-packages/airflow/example_dags/example_time_delta_sensor_async.py
[2023-07-26 23:52:42,625] {processor.py:641} INFO - Processing file /home/airflow/.local/lib/python3.7/site-packages/airflow/example_dags/example_time_delta_sensor_async.py for tasks to queue
[2023-07-26 23:52:42,626] {logging_mixin.py:115} INFO - [2023-07-26 23:52:42,626] {dagbag.py:508} INFO - Filling up the DagBag from /home/airflow/.local/lib/python3.7/site-packages/airflow/example_dags/example_time_delta_sensor_async.py
[2023-07-26 23:52:42,630] {processor.py:651} INFO - DAG(s) dict_keys(['example_time_delta_sensor_async']) retrieved from /home/airflow/.local/lib/python3.7/site-packages/airflow/example_dags/example_time_delta_sensor_async.py
[2023-07-26 23:52:42,662] {logging_mixin.py:115} INFO - [2023-07-26 23:52:42,662] {dag.py:2420} INFO - Sync 1 DAGs
[2023-07-26 23:52:42,676] {logging_mixin.py:115} INFO - [2023-07-26 23:52:42,676] {dag.py:2972} INFO - Setting next_dagrun for example_time_delta_sensor_async to None, run_after=None
[2023-07-26 23:52:42,687] {processor.py:161} INFO - Processing /home/airflow/.local/lib/python3.7/site-packages/airflow/example_dags/example_time_delta_sensor_async.py took 0.065 seconds
[2023-07-26 23:53:12,812] {processor.py:153} INFO - Started process (PID=474) to work on /home/airflow/.local/lib/python3.7/site-packages/airflow/example_dags/example_time_delta_sensor_async.py
[2023-07-26 23:53:12,813] {processor.py:641} INFO - Processing file /home/airflow/.local/lib/python3.7/site-packages/airflow/example_dags/example_time_delta_sensor_async.py for tasks to queue
[2023-07-26 23:53:12,814] {logging_mixin.py:115} INFO - [2023-07-26 23:53:12,813] {dagbag.py:508} INFO - Filling up the DagBag from /home/airflow/.local/lib/python3.7/site-packages/airflow/example_dags/example_time_delta_sensor_async.py
[2023-07-26 23:53:12,818] {processor.py:651} INFO - DAG(s) dict_keys(['example_time_delta_sensor_async']) retrieved from /home/airflow/.local/lib/python3.7/site-packages/airflow/example_dags/example_time_delta_sensor_async.py
[2023-07-26 23:53:12,851] {logging_mixin.py:115} INFO - [2023-07-26 23:53:12,851] {dag.py:2420} INFO - Sync 1 DAGs
[2023-07-26 23:53:12,865] {logging_mixin.py:115} INFO - [2023-07-26 23:53:12,865] {dag.py:2972} INFO - Setting next_dagrun for example_time_delta_sensor_async to None, run_after=None
[2023-07-26 23:53:12,875] {processor.py:161} INFO - Processing /home/airflow/.local/lib/python3.7/site-packages/airflow/example_dags/example_time_delta_sensor_async.py took 0.066 seconds
[2023-07-26 23:53:43,551] {processor.py:153} INFO - Started process (PID=542) to work on /home/airflow/.local/lib/python3.7/site-packages/airflow/example_dags/example_time_delta_sensor_async.py
[2023-07-26 23:53:43,553] {processor.py:641} INFO - Processing file /home/airflow/.local/lib/python3.7/site-packages/airflow/example_dags/example_time_delta_sensor_async.py for tasks to queue
[2023-07-26 23:53:43,554] {logging_mixin.py:115} INFO - [2023-07-26 23:53:43,554] {dagbag.py:508} INFO - Filling up the DagBag from /home/airflow/.local/lib/python3.7/site-packages/airflow/example_dags/example_time_delta_sensor_async.py
[2023-07-26 23:53:43,563] {processor.py:651} INFO - DAG(s) dict_keys(['example_time_delta_sensor_async']) retrieved from /home/airflow/.local/lib/python3.7/site-packages/airflow/example_dags/example_time_delta_sensor_async.py
[2023-07-26 23:53:43,616] {logging_mixin.py:115} INFO - [2023-07-26 23:53:43,615] {dag.py:2420} INFO - Sync 1 DAGs
[2023-07-26 23:53:43,692] {logging_mixin.py:115} INFO - [2023-07-26 23:53:43,692] {dag.py:2972} INFO - Setting next_dagrun for example_time_delta_sensor_async to None, run_after=None
[2023-07-26 23:53:43,716] {processor.py:161} INFO - Processing /home/airflow/.local/lib/python3.7/site-packages/airflow/example_dags/example_time_delta_sensor_async.py took 0.168 seconds
[2023-07-26 23:54:13,975] {processor.py:153} INFO - Started process (PID=674) to work on /home/airflow/.local/lib/python3.7/site-packages/airflow/example_dags/example_time_delta_sensor_async.py
[2023-07-26 23:54:13,977] {processor.py:641} INFO - Processing file /home/airflow/.local/lib/python3.7/site-packages/airflow/example_dags/example_time_delta_sensor_async.py for tasks to queue
[2023-07-26 23:54:13,978] {logging_mixin.py:115} INFO - [2023-07-26 23:54:13,978] {dagbag.py:508} INFO - Filling up the DagBag from /home/airflow/.local/lib/python3.7/site-packages/airflow/example_dags/example_time_delta_sensor_async.py
[2023-07-26 23:54:14,001] {processor.py:651} INFO - DAG(s) dict_keys(['example_time_delta_sensor_async']) retrieved from /home/airflow/.local/lib/python3.7/site-packages/airflow/example_dags/example_time_delta_sensor_async.py
[2023-07-26 23:54:14,113] {logging_mixin.py:115} INFO - [2023-07-26 23:54:14,113] {dag.py:2420} INFO - Sync 1 DAGs
[2023-07-26 23:54:14,155] {logging_mixin.py:115} INFO - [2023-07-26 23:54:14,155] {dag.py:2972} INFO - Setting next_dagrun for example_time_delta_sensor_async to None, run_after=None
[2023-07-26 23:54:14,223] {processor.py:161} INFO - Processing /home/airflow/.local/lib/python3.7/site-packages/airflow/example_dags/example_time_delta_sensor_async.py took 0.251 seconds
