[2023-07-26 23:49:42,229] {processor.py:153} INFO - Started process (PID=66) to work on /home/airflow/.local/lib/python3.7/site-packages/airflow/example_dags/example_bash_operator.py
[2023-07-26 23:49:42,230] {processor.py:641} INFO - Processing file /home/airflow/.local/lib/python3.7/site-packages/airflow/example_dags/example_bash_operator.py for tasks to queue
[2023-07-26 23:49:42,232] {logging_mixin.py:115} INFO - [2023-07-26 23:49:42,232] {dagbag.py:508} INFO - Filling up the DagBag from /home/airflow/.local/lib/python3.7/site-packages/airflow/example_dags/example_bash_operator.py
[2023-07-26 23:49:42,259] {processor.py:651} INFO - DAG(s) dict_keys(['example_bash_operator']) retrieved from /home/airflow/.local/lib/python3.7/site-packages/airflow/example_dags/example_bash_operator.py
[2023-07-26 23:49:42,395] {logging_mixin.py:115} INFO - [2023-07-26 23:49:42,395] {manager.py:508} INFO - Created Permission View: can delete on DAG:example_bash_operator
[2023-07-26 23:49:42,416] {logging_mixin.py:115} INFO - [2023-07-26 23:49:42,416] {manager.py:508} INFO - Created Permission View: can read on DAG:example_bash_operator
[2023-07-26 23:49:42,436] {logging_mixin.py:115} INFO - [2023-07-26 23:49:42,436] {manager.py:508} INFO - Created Permission View: can edit on DAG:example_bash_operator
[2023-07-26 23:49:42,438] {logging_mixin.py:115} INFO - [2023-07-26 23:49:42,438] {dag.py:2420} INFO - Sync 1 DAGs
[2023-07-26 23:49:42,457] {logging_mixin.py:115} INFO - [2023-07-26 23:49:42,457] {dag.py:2439} INFO - Creating ORM DAG for example_bash_operator
[2023-07-26 23:49:42,476] {logging_mixin.py:115} INFO - [2023-07-26 23:49:42,476] {dag.py:2972} INFO - Setting next_dagrun for example_bash_operator to 2023-07-25T00:00:00+00:00, run_after=2023-07-26T00:00:00+00:00
[2023-07-26 23:49:42,502] {processor.py:161} INFO - Processing /home/airflow/.local/lib/python3.7/site-packages/airflow/example_dags/example_bash_operator.py took 0.276 seconds
[2023-07-26 23:50:13,288] {processor.py:153} INFO - Started process (PID=129) to work on /home/airflow/.local/lib/python3.7/site-packages/airflow/example_dags/example_bash_operator.py
[2023-07-26 23:50:13,290] {processor.py:641} INFO - Processing file /home/airflow/.local/lib/python3.7/site-packages/airflow/example_dags/example_bash_operator.py for tasks to queue
[2023-07-26 23:50:13,292] {logging_mixin.py:115} INFO - [2023-07-26 23:50:13,292] {dagbag.py:508} INFO - Filling up the DagBag from /home/airflow/.local/lib/python3.7/site-packages/airflow/example_dags/example_bash_operator.py
[2023-07-26 23:50:13,309] {processor.py:651} INFO - DAG(s) dict_keys(['example_bash_operator']) retrieved from /home/airflow/.local/lib/python3.7/site-packages/airflow/example_dags/example_bash_operator.py
[2023-07-26 23:50:13,336] {logging_mixin.py:115} INFO - [2023-07-26 23:50:13,335] {dag.py:2420} INFO - Sync 1 DAGs
[2023-07-26 23:50:13,363] {logging_mixin.py:115} INFO - [2023-07-26 23:50:13,363] {dag.py:2972} INFO - Setting next_dagrun for example_bash_operator to 2023-07-25T00:00:00+00:00, run_after=2023-07-26T00:00:00+00:00
[2023-07-26 23:50:13,379] {processor.py:161} INFO - Processing /home/airflow/.local/lib/python3.7/site-packages/airflow/example_dags/example_bash_operator.py took 0.094 seconds
[2023-07-26 23:50:43,598] {processor.py:153} INFO - Started process (PID=183) to work on /home/airflow/.local/lib/python3.7/site-packages/airflow/example_dags/example_bash_operator.py
[2023-07-26 23:50:43,599] {processor.py:641} INFO - Processing file /home/airflow/.local/lib/python3.7/site-packages/airflow/example_dags/example_bash_operator.py for tasks to queue
[2023-07-26 23:50:43,601] {logging_mixin.py:115} INFO - [2023-07-26 23:50:43,601] {dagbag.py:508} INFO - Filling up the DagBag from /home/airflow/.local/lib/python3.7/site-packages/airflow/example_dags/example_bash_operator.py
[2023-07-26 23:50:43,631] {processor.py:651} INFO - DAG(s) dict_keys(['example_bash_operator']) retrieved from /home/airflow/.local/lib/python3.7/site-packages/airflow/example_dags/example_bash_operator.py
[2023-07-26 23:50:43,716] {logging_mixin.py:115} INFO - [2023-07-26 23:50:43,715] {dag.py:2420} INFO - Sync 1 DAGs
[2023-07-26 23:50:43,734] {logging_mixin.py:115} INFO - [2023-07-26 23:50:43,734] {dag.py:2972} INFO - Setting next_dagrun for example_bash_operator to 2023-07-25T00:00:00+00:00, run_after=2023-07-26T00:00:00+00:00
[2023-07-26 23:50:43,746] {processor.py:161} INFO - Processing /home/airflow/.local/lib/python3.7/site-packages/airflow/example_dags/example_bash_operator.py took 0.150 seconds
[2023-07-26 23:51:14,772] {processor.py:153} INFO - Started process (PID=246) to work on /home/airflow/.local/lib/python3.7/site-packages/airflow/example_dags/example_bash_operator.py
[2023-07-26 23:51:14,774] {processor.py:641} INFO - Processing file /home/airflow/.local/lib/python3.7/site-packages/airflow/example_dags/example_bash_operator.py for tasks to queue
[2023-07-26 23:51:14,777] {logging_mixin.py:115} INFO - [2023-07-26 23:51:14,777] {dagbag.py:508} INFO - Filling up the DagBag from /home/airflow/.local/lib/python3.7/site-packages/airflow/example_dags/example_bash_operator.py
[2023-07-26 23:51:14,785] {processor.py:651} INFO - DAG(s) dict_keys(['example_bash_operator']) retrieved from /home/airflow/.local/lib/python3.7/site-packages/airflow/example_dags/example_bash_operator.py
[2023-07-26 23:51:14,807] {logging_mixin.py:115} INFO - [2023-07-26 23:51:14,807] {dag.py:2420} INFO - Sync 1 DAGs
[2023-07-26 23:51:14,825] {logging_mixin.py:115} INFO - [2023-07-26 23:51:14,825] {dag.py:2972} INFO - Setting next_dagrun for example_bash_operator to 2023-07-25T00:00:00+00:00, run_after=2023-07-26T00:00:00+00:00
[2023-07-26 23:51:14,838] {processor.py:161} INFO - Processing /home/airflow/.local/lib/python3.7/site-packages/airflow/example_dags/example_bash_operator.py took 0.069 seconds
[2023-07-26 23:51:44,907] {processor.py:153} INFO - Started process (PID=309) to work on /home/airflow/.local/lib/python3.7/site-packages/airflow/example_dags/example_bash_operator.py
[2023-07-26 23:51:44,908] {processor.py:641} INFO - Processing file /home/airflow/.local/lib/python3.7/site-packages/airflow/example_dags/example_bash_operator.py for tasks to queue
[2023-07-26 23:51:44,909] {logging_mixin.py:115} INFO - [2023-07-26 23:51:44,909] {dagbag.py:508} INFO - Filling up the DagBag from /home/airflow/.local/lib/python3.7/site-packages/airflow/example_dags/example_bash_operator.py
[2023-07-26 23:51:44,918] {processor.py:651} INFO - DAG(s) dict_keys(['example_bash_operator']) retrieved from /home/airflow/.local/lib/python3.7/site-packages/airflow/example_dags/example_bash_operator.py
[2023-07-26 23:51:44,940] {logging_mixin.py:115} INFO - [2023-07-26 23:51:44,940] {dag.py:2420} INFO - Sync 1 DAGs
[2023-07-26 23:51:44,956] {logging_mixin.py:115} INFO - [2023-07-26 23:51:44,956] {dag.py:2972} INFO - Setting next_dagrun for example_bash_operator to 2023-07-25T00:00:00+00:00, run_after=2023-07-26T00:00:00+00:00
[2023-07-26 23:51:45,025] {processor.py:161} INFO - Processing /home/airflow/.local/lib/python3.7/site-packages/airflow/example_dags/example_bash_operator.py took 0.120 seconds
[2023-07-26 23:52:15,273] {processor.py:153} INFO - Started process (PID=372) to work on /home/airflow/.local/lib/python3.7/site-packages/airflow/example_dags/example_bash_operator.py
[2023-07-26 23:52:15,274] {processor.py:641} INFO - Processing file /home/airflow/.local/lib/python3.7/site-packages/airflow/example_dags/example_bash_operator.py for tasks to queue
[2023-07-26 23:52:15,276] {logging_mixin.py:115} INFO - [2023-07-26 23:52:15,276] {dagbag.py:508} INFO - Filling up the DagBag from /home/airflow/.local/lib/python3.7/site-packages/airflow/example_dags/example_bash_operator.py
[2023-07-26 23:52:15,289] {processor.py:651} INFO - DAG(s) dict_keys(['example_bash_operator']) retrieved from /home/airflow/.local/lib/python3.7/site-packages/airflow/example_dags/example_bash_operator.py
[2023-07-26 23:52:15,310] {logging_mixin.py:115} INFO - [2023-07-26 23:52:15,310] {dag.py:2420} INFO - Sync 1 DAGs
[2023-07-26 23:52:15,328] {logging_mixin.py:115} INFO - [2023-07-26 23:52:15,328] {dag.py:2972} INFO - Setting next_dagrun for example_bash_operator to 2023-07-25T00:00:00+00:00, run_after=2023-07-26T00:00:00+00:00
[2023-07-26 23:52:15,339] {processor.py:161} INFO - Processing /home/airflow/.local/lib/python3.7/site-packages/airflow/example_dags/example_bash_operator.py took 0.068 seconds
[2023-07-26 23:52:45,486] {processor.py:153} INFO - Started process (PID=426) to work on /home/airflow/.local/lib/python3.7/site-packages/airflow/example_dags/example_bash_operator.py
[2023-07-26 23:52:45,487] {processor.py:641} INFO - Processing file /home/airflow/.local/lib/python3.7/site-packages/airflow/example_dags/example_bash_operator.py for tasks to queue
[2023-07-26 23:52:45,488] {logging_mixin.py:115} INFO - [2023-07-26 23:52:45,488] {dagbag.py:508} INFO - Filling up the DagBag from /home/airflow/.local/lib/python3.7/site-packages/airflow/example_dags/example_bash_operator.py
[2023-07-26 23:52:45,496] {processor.py:651} INFO - DAG(s) dict_keys(['example_bash_operator']) retrieved from /home/airflow/.local/lib/python3.7/site-packages/airflow/example_dags/example_bash_operator.py
[2023-07-26 23:52:45,515] {logging_mixin.py:115} INFO - [2023-07-26 23:52:45,515] {dag.py:2420} INFO - Sync 1 DAGs
[2023-07-26 23:52:45,533] {logging_mixin.py:115} INFO - [2023-07-26 23:52:45,533] {dag.py:2972} INFO - Setting next_dagrun for example_bash_operator to 2023-07-25T00:00:00+00:00, run_after=2023-07-26T00:00:00+00:00
[2023-07-26 23:52:45,572] {processor.py:161} INFO - Processing /home/airflow/.local/lib/python3.7/site-packages/airflow/example_dags/example_bash_operator.py took 0.088 seconds
[2023-07-26 23:53:15,796] {processor.py:153} INFO - Started process (PID=488) to work on /home/airflow/.local/lib/python3.7/site-packages/airflow/example_dags/example_bash_operator.py
[2023-07-26 23:53:15,797] {processor.py:641} INFO - Processing file /home/airflow/.local/lib/python3.7/site-packages/airflow/example_dags/example_bash_operator.py for tasks to queue
[2023-07-26 23:53:15,798] {logging_mixin.py:115} INFO - [2023-07-26 23:53:15,798] {dagbag.py:508} INFO - Filling up the DagBag from /home/airflow/.local/lib/python3.7/site-packages/airflow/example_dags/example_bash_operator.py
[2023-07-26 23:53:15,805] {processor.py:651} INFO - DAG(s) dict_keys(['example_bash_operator']) retrieved from /home/airflow/.local/lib/python3.7/site-packages/airflow/example_dags/example_bash_operator.py
[2023-07-26 23:53:15,830] {logging_mixin.py:115} INFO - [2023-07-26 23:53:15,830] {dag.py:2420} INFO - Sync 1 DAGs
[2023-07-26 23:53:15,847] {logging_mixin.py:115} INFO - [2023-07-26 23:53:15,847] {dag.py:2972} INFO - Setting next_dagrun for example_bash_operator to 2023-07-25T00:00:00+00:00, run_after=2023-07-26T00:00:00+00:00
[2023-07-26 23:53:15,859] {processor.py:161} INFO - Processing /home/airflow/.local/lib/python3.7/site-packages/airflow/example_dags/example_bash_operator.py took 0.065 seconds
[2023-07-26 23:53:46,680] {processor.py:153} INFO - Started process (PID=564) to work on /home/airflow/.local/lib/python3.7/site-packages/airflow/example_dags/example_bash_operator.py
[2023-07-26 23:53:46,682] {processor.py:641} INFO - Processing file /home/airflow/.local/lib/python3.7/site-packages/airflow/example_dags/example_bash_operator.py for tasks to queue
[2023-07-26 23:53:46,684] {logging_mixin.py:115} INFO - [2023-07-26 23:53:46,684] {dagbag.py:508} INFO - Filling up the DagBag from /home/airflow/.local/lib/python3.7/site-packages/airflow/example_dags/example_bash_operator.py
[2023-07-26 23:53:46,819] {processor.py:651} INFO - DAG(s) dict_keys(['example_bash_operator']) retrieved from /home/airflow/.local/lib/python3.7/site-packages/airflow/example_dags/example_bash_operator.py
[2023-07-26 23:53:46,898] {logging_mixin.py:115} INFO - [2023-07-26 23:53:46,898] {dag.py:2420} INFO - Sync 1 DAGs
[2023-07-26 23:53:47,049] {logging_mixin.py:115} INFO - [2023-07-26 23:53:47,049] {dag.py:2972} INFO - Setting next_dagrun for example_bash_operator to 2023-07-25T00:00:00+00:00, run_after=2023-07-26T00:00:00+00:00
[2023-07-26 23:53:47,108] {processor.py:161} INFO - Processing /home/airflow/.local/lib/python3.7/site-packages/airflow/example_dags/example_bash_operator.py took 0.462 seconds
[2023-07-26 23:54:17,877] {processor.py:153} INFO - Started process (PID=705) to work on /home/airflow/.local/lib/python3.7/site-packages/airflow/example_dags/example_bash_operator.py
[2023-07-26 23:54:17,879] {processor.py:641} INFO - Processing file /home/airflow/.local/lib/python3.7/site-packages/airflow/example_dags/example_bash_operator.py for tasks to queue
[2023-07-26 23:54:17,881] {logging_mixin.py:115} INFO - [2023-07-26 23:54:17,880] {dagbag.py:508} INFO - Filling up the DagBag from /home/airflow/.local/lib/python3.7/site-packages/airflow/example_dags/example_bash_operator.py
[2023-07-26 23:54:17,917] {processor.py:651} INFO - DAG(s) dict_keys(['example_bash_operator']) retrieved from /home/airflow/.local/lib/python3.7/site-packages/airflow/example_dags/example_bash_operator.py
[2023-07-26 23:54:17,981] {logging_mixin.py:115} INFO - [2023-07-26 23:54:17,981] {dag.py:2420} INFO - Sync 1 DAGs
[2023-07-26 23:54:18,030] {logging_mixin.py:115} INFO - [2023-07-26 23:54:18,030] {dag.py:2972} INFO - Setting next_dagrun for example_bash_operator to 2023-07-25T00:00:00+00:00, run_after=2023-07-26T00:00:00+00:00
[2023-07-26 23:54:18,049] {processor.py:161} INFO - Processing /home/airflow/.local/lib/python3.7/site-packages/airflow/example_dags/example_bash_operator.py took 0.177 seconds
