[2023-07-26 23:49:41,341] {processor.py:153} INFO - Started process (PID=60) to work on /home/airflow/.local/lib/python3.7/site-packages/airflow/example_dags/example_external_task_marker_dag.py
[2023-07-26 23:49:41,342] {processor.py:641} INFO - Processing file /home/airflow/.local/lib/python3.7/site-packages/airflow/example_dags/example_external_task_marker_dag.py for tasks to queue
[2023-07-26 23:49:41,344] {logging_mixin.py:115} INFO - [2023-07-26 23:49:41,344] {dagbag.py:508} INFO - Filling up the DagBag from /home/airflow/.local/lib/python3.7/site-packages/airflow/example_dags/example_external_task_marker_dag.py
[2023-07-26 23:49:41,350] {processor.py:651} INFO - DAG(s) dict_keys(['example_external_task_marker_parent', 'example_external_task_marker_child']) retrieved from /home/airflow/.local/lib/python3.7/site-packages/airflow/example_dags/example_external_task_marker_dag.py
[2023-07-26 23:49:41,460] {logging_mixin.py:115} INFO - [2023-07-26 23:49:41,460] {manager.py:508} INFO - Created Permission View: can delete on DAG:example_external_task_marker_parent
[2023-07-26 23:49:41,478] {logging_mixin.py:115} INFO - [2023-07-26 23:49:41,477] {manager.py:508} INFO - Created Permission View: can read on DAG:example_external_task_marker_parent
[2023-07-26 23:49:41,497] {logging_mixin.py:115} INFO - [2023-07-26 23:49:41,497] {manager.py:508} INFO - Created Permission View: can edit on DAG:example_external_task_marker_parent
[2023-07-26 23:49:41,532] {logging_mixin.py:115} INFO - [2023-07-26 23:49:41,532] {manager.py:508} INFO - Created Permission View: can delete on DAG:example_external_task_marker_child
[2023-07-26 23:49:41,542] {logging_mixin.py:115} INFO - [2023-07-26 23:49:41,541] {manager.py:508} INFO - Created Permission View: can read on DAG:example_external_task_marker_child
[2023-07-26 23:49:41,552] {logging_mixin.py:115} INFO - [2023-07-26 23:49:41,552] {manager.py:508} INFO - Created Permission View: can edit on DAG:example_external_task_marker_child
[2023-07-26 23:49:41,554] {logging_mixin.py:115} INFO - [2023-07-26 23:49:41,554] {dag.py:2420} INFO - Sync 2 DAGs
[2023-07-26 23:49:41,566] {logging_mixin.py:115} INFO - [2023-07-26 23:49:41,566] {dag.py:2439} INFO - Creating ORM DAG for example_external_task_marker_parent
[2023-07-26 23:49:41,568] {logging_mixin.py:115} INFO - [2023-07-26 23:49:41,568] {dag.py:2439} INFO - Creating ORM DAG for example_external_task_marker_child
[2023-07-26 23:49:41,580] {logging_mixin.py:115} INFO - [2023-07-26 23:49:41,580] {dag.py:2972} INFO - Setting next_dagrun for example_external_task_marker_child to None, run_after=None
[2023-07-26 23:49:41,581] {logging_mixin.py:115} INFO - [2023-07-26 23:49:41,581] {dag.py:2972} INFO - Setting next_dagrun for example_external_task_marker_parent to None, run_after=None
[2023-07-26 23:49:41,609] {processor.py:161} INFO - Processing /home/airflow/.local/lib/python3.7/site-packages/airflow/example_dags/example_external_task_marker_dag.py took 0.273 seconds
[2023-07-26 23:50:11,968] {processor.py:153} INFO - Started process (PID=114) to work on /home/airflow/.local/lib/python3.7/site-packages/airflow/example_dags/example_external_task_marker_dag.py
[2023-07-26 23:50:11,969] {processor.py:641} INFO - Processing file /home/airflow/.local/lib/python3.7/site-packages/airflow/example_dags/example_external_task_marker_dag.py for tasks to queue
[2023-07-26 23:50:11,970] {logging_mixin.py:115} INFO - [2023-07-26 23:50:11,970] {dagbag.py:508} INFO - Filling up the DagBag from /home/airflow/.local/lib/python3.7/site-packages/airflow/example_dags/example_external_task_marker_dag.py
[2023-07-26 23:50:11,974] {processor.py:651} INFO - DAG(s) dict_keys(['example_external_task_marker_parent', 'example_external_task_marker_child']) retrieved from /home/airflow/.local/lib/python3.7/site-packages/airflow/example_dags/example_external_task_marker_dag.py
[2023-07-26 23:50:12,011] {logging_mixin.py:115} INFO - [2023-07-26 23:50:12,010] {dag.py:2420} INFO - Sync 2 DAGs
[2023-07-26 23:50:12,029] {logging_mixin.py:115} INFO - [2023-07-26 23:50:12,029] {dag.py:2972} INFO - Setting next_dagrun for example_external_task_marker_child to None, run_after=None
[2023-07-26 23:50:12,030] {logging_mixin.py:115} INFO - [2023-07-26 23:50:12,030] {dag.py:2972} INFO - Setting next_dagrun for example_external_task_marker_parent to None, run_after=None
[2023-07-26 23:50:12,042] {processor.py:161} INFO - Processing /home/airflow/.local/lib/python3.7/site-packages/airflow/example_dags/example_external_task_marker_dag.py took 0.076 seconds
[2023-07-26 23:50:42,219] {processor.py:153} INFO - Started process (PID=177) to work on /home/airflow/.local/lib/python3.7/site-packages/airflow/example_dags/example_external_task_marker_dag.py
[2023-07-26 23:50:42,220] {processor.py:641} INFO - Processing file /home/airflow/.local/lib/python3.7/site-packages/airflow/example_dags/example_external_task_marker_dag.py for tasks to queue
[2023-07-26 23:50:42,222] {logging_mixin.py:115} INFO - [2023-07-26 23:50:42,222] {dagbag.py:508} INFO - Filling up the DagBag from /home/airflow/.local/lib/python3.7/site-packages/airflow/example_dags/example_external_task_marker_dag.py
[2023-07-26 23:50:42,227] {processor.py:651} INFO - DAG(s) dict_keys(['example_external_task_marker_parent', 'example_external_task_marker_child']) retrieved from /home/airflow/.local/lib/python3.7/site-packages/airflow/example_dags/example_external_task_marker_dag.py
[2023-07-26 23:50:42,258] {logging_mixin.py:115} INFO - [2023-07-26 23:50:42,258] {dag.py:2420} INFO - Sync 2 DAGs
[2023-07-26 23:50:42,277] {logging_mixin.py:115} INFO - [2023-07-26 23:50:42,277] {dag.py:2972} INFO - Setting next_dagrun for example_external_task_marker_child to None, run_after=None
[2023-07-26 23:50:42,277] {logging_mixin.py:115} INFO - [2023-07-26 23:50:42,277] {dag.py:2972} INFO - Setting next_dagrun for example_external_task_marker_parent to None, run_after=None
[2023-07-26 23:50:42,287] {processor.py:161} INFO - Processing /home/airflow/.local/lib/python3.7/site-packages/airflow/example_dags/example_external_task_marker_dag.py took 0.069 seconds
[2023-07-26 23:51:12,425] {processor.py:153} INFO - Started process (PID=240) to work on /home/airflow/.local/lib/python3.7/site-packages/airflow/example_dags/example_external_task_marker_dag.py
[2023-07-26 23:51:12,426] {processor.py:641} INFO - Processing file /home/airflow/.local/lib/python3.7/site-packages/airflow/example_dags/example_external_task_marker_dag.py for tasks to queue
[2023-07-26 23:51:12,429] {logging_mixin.py:115} INFO - [2023-07-26 23:51:12,429] {dagbag.py:508} INFO - Filling up the DagBag from /home/airflow/.local/lib/python3.7/site-packages/airflow/example_dags/example_external_task_marker_dag.py
[2023-07-26 23:51:12,433] {processor.py:651} INFO - DAG(s) dict_keys(['example_external_task_marker_parent', 'example_external_task_marker_child']) retrieved from /home/airflow/.local/lib/python3.7/site-packages/airflow/example_dags/example_external_task_marker_dag.py
[2023-07-26 23:51:12,471] {logging_mixin.py:115} INFO - [2023-07-26 23:51:12,471] {dag.py:2420} INFO - Sync 2 DAGs
[2023-07-26 23:51:12,487] {logging_mixin.py:115} INFO - [2023-07-26 23:51:12,487] {dag.py:2972} INFO - Setting next_dagrun for example_external_task_marker_child to None, run_after=None
[2023-07-26 23:51:12,490] {logging_mixin.py:115} INFO - [2023-07-26 23:51:12,490] {dag.py:2972} INFO - Setting next_dagrun for example_external_task_marker_parent to None, run_after=None
[2023-07-26 23:51:12,500] {processor.py:161} INFO - Processing /home/airflow/.local/lib/python3.7/site-packages/airflow/example_dags/example_external_task_marker_dag.py took 0.078 seconds
[2023-07-26 23:51:42,547] {processor.py:153} INFO - Started process (PID=303) to work on /home/airflow/.local/lib/python3.7/site-packages/airflow/example_dags/example_external_task_marker_dag.py
[2023-07-26 23:51:42,548] {processor.py:641} INFO - Processing file /home/airflow/.local/lib/python3.7/site-packages/airflow/example_dags/example_external_task_marker_dag.py for tasks to queue
[2023-07-26 23:51:42,549] {logging_mixin.py:115} INFO - [2023-07-26 23:51:42,549] {dagbag.py:508} INFO - Filling up the DagBag from /home/airflow/.local/lib/python3.7/site-packages/airflow/example_dags/example_external_task_marker_dag.py
[2023-07-26 23:51:42,553] {processor.py:651} INFO - DAG(s) dict_keys(['example_external_task_marker_parent', 'example_external_task_marker_child']) retrieved from /home/airflow/.local/lib/python3.7/site-packages/airflow/example_dags/example_external_task_marker_dag.py
[2023-07-26 23:51:42,583] {logging_mixin.py:115} INFO - [2023-07-26 23:51:42,583] {dag.py:2420} INFO - Sync 2 DAGs
[2023-07-26 23:51:42,600] {logging_mixin.py:115} INFO - [2023-07-26 23:51:42,600] {dag.py:2972} INFO - Setting next_dagrun for example_external_task_marker_child to None, run_after=None
[2023-07-26 23:51:42,601] {logging_mixin.py:115} INFO - [2023-07-26 23:51:42,601] {dag.py:2972} INFO - Setting next_dagrun for example_external_task_marker_parent to None, run_after=None
[2023-07-26 23:51:42,614] {processor.py:161} INFO - Processing /home/airflow/.local/lib/python3.7/site-packages/airflow/example_dags/example_external_task_marker_dag.py took 0.070 seconds
[2023-07-26 23:52:12,918] {processor.py:153} INFO - Started process (PID=357) to work on /home/airflow/.local/lib/python3.7/site-packages/airflow/example_dags/example_external_task_marker_dag.py
[2023-07-26 23:52:12,919] {processor.py:641} INFO - Processing file /home/airflow/.local/lib/python3.7/site-packages/airflow/example_dags/example_external_task_marker_dag.py for tasks to queue
[2023-07-26 23:52:12,920] {logging_mixin.py:115} INFO - [2023-07-26 23:52:12,920] {dagbag.py:508} INFO - Filling up the DagBag from /home/airflow/.local/lib/python3.7/site-packages/airflow/example_dags/example_external_task_marker_dag.py
[2023-07-26 23:52:12,925] {processor.py:651} INFO - DAG(s) dict_keys(['example_external_task_marker_parent', 'example_external_task_marker_child']) retrieved from /home/airflow/.local/lib/python3.7/site-packages/airflow/example_dags/example_external_task_marker_dag.py
[2023-07-26 23:52:12,968] {logging_mixin.py:115} INFO - [2023-07-26 23:52:12,968] {dag.py:2420} INFO - Sync 2 DAGs
[2023-07-26 23:52:12,992] {logging_mixin.py:115} INFO - [2023-07-26 23:52:12,992] {dag.py:2972} INFO - Setting next_dagrun for example_external_task_marker_child to None, run_after=None
[2023-07-26 23:52:12,993] {logging_mixin.py:115} INFO - [2023-07-26 23:52:12,993] {dag.py:2972} INFO - Setting next_dagrun for example_external_task_marker_parent to None, run_after=None
[2023-07-26 23:52:13,006] {processor.py:161} INFO - Processing /home/airflow/.local/lib/python3.7/site-packages/airflow/example_dags/example_external_task_marker_dag.py took 0.091 seconds
[2023-07-26 23:52:43,210] {processor.py:153} INFO - Started process (PID=420) to work on /home/airflow/.local/lib/python3.7/site-packages/airflow/example_dags/example_external_task_marker_dag.py
[2023-07-26 23:52:43,212] {processor.py:641} INFO - Processing file /home/airflow/.local/lib/python3.7/site-packages/airflow/example_dags/example_external_task_marker_dag.py for tasks to queue
[2023-07-26 23:52:43,213] {logging_mixin.py:115} INFO - [2023-07-26 23:52:43,213] {dagbag.py:508} INFO - Filling up the DagBag from /home/airflow/.local/lib/python3.7/site-packages/airflow/example_dags/example_external_task_marker_dag.py
[2023-07-26 23:52:43,216] {processor.py:651} INFO - DAG(s) dict_keys(['example_external_task_marker_parent', 'example_external_task_marker_child']) retrieved from /home/airflow/.local/lib/python3.7/site-packages/airflow/example_dags/example_external_task_marker_dag.py
[2023-07-26 23:52:43,249] {logging_mixin.py:115} INFO - [2023-07-26 23:52:43,249] {dag.py:2420} INFO - Sync 2 DAGs
[2023-07-26 23:52:43,266] {logging_mixin.py:115} INFO - [2023-07-26 23:52:43,266] {dag.py:2972} INFO - Setting next_dagrun for example_external_task_marker_child to None, run_after=None
[2023-07-26 23:52:43,267] {logging_mixin.py:115} INFO - [2023-07-26 23:52:43,267] {dag.py:2972} INFO - Setting next_dagrun for example_external_task_marker_parent to None, run_after=None
[2023-07-26 23:52:43,280] {processor.py:161} INFO - Processing /home/airflow/.local/lib/python3.7/site-packages/airflow/example_dags/example_external_task_marker_dag.py took 0.072 seconds
[2023-07-26 23:53:13,483] {processor.py:153} INFO - Started process (PID=482) to work on /home/airflow/.local/lib/python3.7/site-packages/airflow/example_dags/example_external_task_marker_dag.py
[2023-07-26 23:53:13,484] {processor.py:641} INFO - Processing file /home/airflow/.local/lib/python3.7/site-packages/airflow/example_dags/example_external_task_marker_dag.py for tasks to queue
[2023-07-26 23:53:13,485] {logging_mixin.py:115} INFO - [2023-07-26 23:53:13,485] {dagbag.py:508} INFO - Filling up the DagBag from /home/airflow/.local/lib/python3.7/site-packages/airflow/example_dags/example_external_task_marker_dag.py
[2023-07-26 23:53:13,489] {processor.py:651} INFO - DAG(s) dict_keys(['example_external_task_marker_parent', 'example_external_task_marker_child']) retrieved from /home/airflow/.local/lib/python3.7/site-packages/airflow/example_dags/example_external_task_marker_dag.py
[2023-07-26 23:53:13,526] {logging_mixin.py:115} INFO - [2023-07-26 23:53:13,526] {dag.py:2420} INFO - Sync 2 DAGs
[2023-07-26 23:53:13,543] {logging_mixin.py:115} INFO - [2023-07-26 23:53:13,543] {dag.py:2972} INFO - Setting next_dagrun for example_external_task_marker_child to None, run_after=None
[2023-07-26 23:53:13,544] {logging_mixin.py:115} INFO - [2023-07-26 23:53:13,544] {dag.py:2972} INFO - Setting next_dagrun for example_external_task_marker_parent to None, run_after=None
[2023-07-26 23:53:13,556] {processor.py:161} INFO - Processing /home/airflow/.local/lib/python3.7/site-packages/airflow/example_dags/example_external_task_marker_dag.py took 0.076 seconds
[2023-07-26 23:53:44,906] {processor.py:153} INFO - Started process (PID=549) to work on /home/airflow/.local/lib/python3.7/site-packages/airflow/example_dags/example_external_task_marker_dag.py
[2023-07-26 23:53:44,908] {processor.py:641} INFO - Processing file /home/airflow/.local/lib/python3.7/site-packages/airflow/example_dags/example_external_task_marker_dag.py for tasks to queue
[2023-07-26 23:53:44,911] {logging_mixin.py:115} INFO - [2023-07-26 23:53:44,911] {dagbag.py:508} INFO - Filling up the DagBag from /home/airflow/.local/lib/python3.7/site-packages/airflow/example_dags/example_external_task_marker_dag.py
[2023-07-26 23:53:44,922] {processor.py:651} INFO - DAG(s) dict_keys(['example_external_task_marker_parent', 'example_external_task_marker_child']) retrieved from /home/airflow/.local/lib/python3.7/site-packages/airflow/example_dags/example_external_task_marker_dag.py
[2023-07-26 23:53:45,035] {logging_mixin.py:115} INFO - [2023-07-26 23:53:45,034] {dag.py:2420} INFO - Sync 2 DAGs
[2023-07-26 23:53:45,076] {logging_mixin.py:115} INFO - [2023-07-26 23:53:45,076] {dag.py:2972} INFO - Setting next_dagrun for example_external_task_marker_child to None, run_after=None
[2023-07-26 23:53:45,083] {logging_mixin.py:115} INFO - [2023-07-26 23:53:45,082] {dag.py:2972} INFO - Setting next_dagrun for example_external_task_marker_parent to None, run_after=None
[2023-07-26 23:53:45,119] {processor.py:161} INFO - Processing /home/airflow/.local/lib/python3.7/site-packages/airflow/example_dags/example_external_task_marker_dag.py took 0.218 seconds
[2023-07-26 23:54:15,976] {processor.py:153} INFO - Started process (PID=688) to work on /home/airflow/.local/lib/python3.7/site-packages/airflow/example_dags/example_external_task_marker_dag.py
[2023-07-26 23:54:15,977] {processor.py:641} INFO - Processing file /home/airflow/.local/lib/python3.7/site-packages/airflow/example_dags/example_external_task_marker_dag.py for tasks to queue
[2023-07-26 23:54:15,978] {logging_mixin.py:115} INFO - [2023-07-26 23:54:15,978] {dagbag.py:508} INFO - Filling up the DagBag from /home/airflow/.local/lib/python3.7/site-packages/airflow/example_dags/example_external_task_marker_dag.py
[2023-07-26 23:54:15,993] {processor.py:651} INFO - DAG(s) dict_keys(['example_external_task_marker_parent', 'example_external_task_marker_child']) retrieved from /home/airflow/.local/lib/python3.7/site-packages/airflow/example_dags/example_external_task_marker_dag.py
[2023-07-26 23:54:16,124] {logging_mixin.py:115} INFO - [2023-07-26 23:54:16,124] {dag.py:2420} INFO - Sync 2 DAGs
[2023-07-26 23:54:16,160] {logging_mixin.py:115} INFO - [2023-07-26 23:54:16,160] {dag.py:2972} INFO - Setting next_dagrun for example_external_task_marker_child to None, run_after=None
[2023-07-26 23:54:16,161] {logging_mixin.py:115} INFO - [2023-07-26 23:54:16,161] {dag.py:2972} INFO - Setting next_dagrun for example_external_task_marker_parent to None, run_after=None
[2023-07-26 23:54:16,188] {processor.py:161} INFO - Processing /home/airflow/.local/lib/python3.7/site-packages/airflow/example_dags/example_external_task_marker_dag.py took 0.222 seconds
