[2023-07-26 23:49:38,973] {processor.py:153} INFO - Started process (PID=49) to work on /home/airflow/.local/lib/python3.7/site-packages/airflow/example_dags/example_python_operator.py
[2023-07-26 23:49:38,980] {processor.py:641} INFO - Processing file /home/airflow/.local/lib/python3.7/site-packages/airflow/example_dags/example_python_operator.py for tasks to queue
[2023-07-26 23:49:38,981] {logging_mixin.py:115} INFO - [2023-07-26 23:49:38,981] {dagbag.py:508} INFO - Filling up the DagBag from /home/airflow/.local/lib/python3.7/site-packages/airflow/example_dags/example_python_operator.py
[2023-07-26 23:49:39,016] {processor.py:651} INFO - DAG(s) dict_keys(['example_python_operator']) retrieved from /home/airflow/.local/lib/python3.7/site-packages/airflow/example_dags/example_python_operator.py
[2023-07-26 23:49:39,204] {logging_mixin.py:115} INFO - [2023-07-26 23:49:39,204] {manager.py:508} INFO - Created Permission View: can delete on DAG:example_python_operator
[2023-07-26 23:49:39,266] {logging_mixin.py:115} INFO - [2023-07-26 23:49:39,266] {manager.py:508} INFO - Created Permission View: can read on DAG:example_python_operator
[2023-07-26 23:49:39,299] {logging_mixin.py:115} INFO - [2023-07-26 23:49:39,299] {manager.py:508} INFO - Created Permission View: can edit on DAG:example_python_operator
[2023-07-26 23:49:39,305] {logging_mixin.py:115} INFO - [2023-07-26 23:49:39,305] {dag.py:2420} INFO - Sync 1 DAGs
[2023-07-26 23:49:39,332] {logging_mixin.py:115} INFO - [2023-07-26 23:49:39,332] {dag.py:2439} INFO - Creating ORM DAG for example_python_operator
[2023-07-26 23:49:39,388] {logging_mixin.py:115} INFO - [2023-07-26 23:49:39,388] {dag.py:2972} INFO - Setting next_dagrun for example_python_operator to None, run_after=None
[2023-07-26 23:49:39,430] {processor.py:161} INFO - Processing /home/airflow/.local/lib/python3.7/site-packages/airflow/example_dags/example_python_operator.py took 0.461 seconds
[2023-07-26 23:50:10,069] {processor.py:153} INFO - Started process (PID=102) to work on /home/airflow/.local/lib/python3.7/site-packages/airflow/example_dags/example_python_operator.py
[2023-07-26 23:50:10,070] {processor.py:641} INFO - Processing file /home/airflow/.local/lib/python3.7/site-packages/airflow/example_dags/example_python_operator.py for tasks to queue
[2023-07-26 23:50:10,071] {logging_mixin.py:115} INFO - [2023-07-26 23:50:10,071] {dagbag.py:508} INFO - Filling up the DagBag from /home/airflow/.local/lib/python3.7/site-packages/airflow/example_dags/example_python_operator.py
[2023-07-26 23:50:10,084] {processor.py:651} INFO - DAG(s) dict_keys(['example_python_operator']) retrieved from /home/airflow/.local/lib/python3.7/site-packages/airflow/example_dags/example_python_operator.py
[2023-07-26 23:50:10,105] {logging_mixin.py:115} INFO - [2023-07-26 23:50:10,105] {dag.py:2420} INFO - Sync 1 DAGs
[2023-07-26 23:50:10,122] {logging_mixin.py:115} INFO - [2023-07-26 23:50:10,122] {dag.py:2972} INFO - Setting next_dagrun for example_python_operator to None, run_after=None
[2023-07-26 23:50:10,140] {processor.py:161} INFO - Processing /home/airflow/.local/lib/python3.7/site-packages/airflow/example_dags/example_python_operator.py took 0.073 seconds
[2023-07-26 23:50:40,398] {processor.py:153} INFO - Started process (PID=164) to work on /home/airflow/.local/lib/python3.7/site-packages/airflow/example_dags/example_python_operator.py
[2023-07-26 23:50:40,399] {processor.py:641} INFO - Processing file /home/airflow/.local/lib/python3.7/site-packages/airflow/example_dags/example_python_operator.py for tasks to queue
[2023-07-26 23:50:40,400] {logging_mixin.py:115} INFO - [2023-07-26 23:50:40,400] {dagbag.py:508} INFO - Filling up the DagBag from /home/airflow/.local/lib/python3.7/site-packages/airflow/example_dags/example_python_operator.py
[2023-07-26 23:50:40,414] {processor.py:651} INFO - DAG(s) dict_keys(['example_python_operator']) retrieved from /home/airflow/.local/lib/python3.7/site-packages/airflow/example_dags/example_python_operator.py
[2023-07-26 23:50:40,439] {logging_mixin.py:115} INFO - [2023-07-26 23:50:40,439] {dag.py:2420} INFO - Sync 1 DAGs
[2023-07-26 23:50:40,459] {logging_mixin.py:115} INFO - [2023-07-26 23:50:40,459] {dag.py:2972} INFO - Setting next_dagrun for example_python_operator to None, run_after=None
[2023-07-26 23:50:40,469] {processor.py:161} INFO - Processing /home/airflow/.local/lib/python3.7/site-packages/airflow/example_dags/example_python_operator.py took 0.073 seconds
[2023-07-26 23:51:10,584] {processor.py:153} INFO - Started process (PID=227) to work on /home/airflow/.local/lib/python3.7/site-packages/airflow/example_dags/example_python_operator.py
[2023-07-26 23:51:10,585] {processor.py:641} INFO - Processing file /home/airflow/.local/lib/python3.7/site-packages/airflow/example_dags/example_python_operator.py for tasks to queue
[2023-07-26 23:51:10,586] {logging_mixin.py:115} INFO - [2023-07-26 23:51:10,586] {dagbag.py:508} INFO - Filling up the DagBag from /home/airflow/.local/lib/python3.7/site-packages/airflow/example_dags/example_python_operator.py
[2023-07-26 23:51:10,597] {processor.py:651} INFO - DAG(s) dict_keys(['example_python_operator']) retrieved from /home/airflow/.local/lib/python3.7/site-packages/airflow/example_dags/example_python_operator.py
[2023-07-26 23:51:10,618] {logging_mixin.py:115} INFO - [2023-07-26 23:51:10,618] {dag.py:2420} INFO - Sync 1 DAGs
[2023-07-26 23:51:10,635] {logging_mixin.py:115} INFO - [2023-07-26 23:51:10,634] {dag.py:2972} INFO - Setting next_dagrun for example_python_operator to None, run_after=None
[2023-07-26 23:51:10,648] {processor.py:161} INFO - Processing /home/airflow/.local/lib/python3.7/site-packages/airflow/example_dags/example_python_operator.py took 0.067 seconds
[2023-07-26 23:51:40,872] {processor.py:153} INFO - Started process (PID=290) to work on /home/airflow/.local/lib/python3.7/site-packages/airflow/example_dags/example_python_operator.py
[2023-07-26 23:51:40,874] {processor.py:641} INFO - Processing file /home/airflow/.local/lib/python3.7/site-packages/airflow/example_dags/example_python_operator.py for tasks to queue
[2023-07-26 23:51:40,901] {logging_mixin.py:115} INFO - [2023-07-26 23:51:40,901] {dagbag.py:508} INFO - Filling up the DagBag from /home/airflow/.local/lib/python3.7/site-packages/airflow/example_dags/example_python_operator.py
[2023-07-26 23:51:40,929] {processor.py:651} INFO - DAG(s) dict_keys(['example_python_operator']) retrieved from /home/airflow/.local/lib/python3.7/site-packages/airflow/example_dags/example_python_operator.py
[2023-07-26 23:51:40,966] {logging_mixin.py:115} INFO - [2023-07-26 23:51:40,966] {dag.py:2420} INFO - Sync 1 DAGs
[2023-07-26 23:51:40,985] {logging_mixin.py:115} INFO - [2023-07-26 23:51:40,985] {dag.py:2972} INFO - Setting next_dagrun for example_python_operator to None, run_after=None
[2023-07-26 23:51:41,003] {processor.py:161} INFO - Processing /home/airflow/.local/lib/python3.7/site-packages/airflow/example_dags/example_python_operator.py took 0.134 seconds
[2023-07-26 23:52:11,168] {processor.py:153} INFO - Started process (PID=344) to work on /home/airflow/.local/lib/python3.7/site-packages/airflow/example_dags/example_python_operator.py
[2023-07-26 23:52:11,170] {processor.py:641} INFO - Processing file /home/airflow/.local/lib/python3.7/site-packages/airflow/example_dags/example_python_operator.py for tasks to queue
[2023-07-26 23:52:11,172] {logging_mixin.py:115} INFO - [2023-07-26 23:52:11,172] {dagbag.py:508} INFO - Filling up the DagBag from /home/airflow/.local/lib/python3.7/site-packages/airflow/example_dags/example_python_operator.py
[2023-07-26 23:52:11,187] {processor.py:651} INFO - DAG(s) dict_keys(['example_python_operator']) retrieved from /home/airflow/.local/lib/python3.7/site-packages/airflow/example_dags/example_python_operator.py
[2023-07-26 23:52:11,210] {logging_mixin.py:115} INFO - [2023-07-26 23:52:11,210] {dag.py:2420} INFO - Sync 1 DAGs
[2023-07-26 23:52:11,228] {logging_mixin.py:115} INFO - [2023-07-26 23:52:11,228] {dag.py:2972} INFO - Setting next_dagrun for example_python_operator to None, run_after=None
[2023-07-26 23:52:11,241] {processor.py:161} INFO - Processing /home/airflow/.local/lib/python3.7/site-packages/airflow/example_dags/example_python_operator.py took 0.075 seconds
[2023-07-26 23:52:41,335] {processor.py:153} INFO - Started process (PID=407) to work on /home/airflow/.local/lib/python3.7/site-packages/airflow/example_dags/example_python_operator.py
[2023-07-26 23:52:41,336] {processor.py:641} INFO - Processing file /home/airflow/.local/lib/python3.7/site-packages/airflow/example_dags/example_python_operator.py for tasks to queue
[2023-07-26 23:52:41,337] {logging_mixin.py:115} INFO - [2023-07-26 23:52:41,337] {dagbag.py:508} INFO - Filling up the DagBag from /home/airflow/.local/lib/python3.7/site-packages/airflow/example_dags/example_python_operator.py
[2023-07-26 23:52:41,349] {processor.py:651} INFO - DAG(s) dict_keys(['example_python_operator']) retrieved from /home/airflow/.local/lib/python3.7/site-packages/airflow/example_dags/example_python_operator.py
[2023-07-26 23:52:41,370] {logging_mixin.py:115} INFO - [2023-07-26 23:52:41,370] {dag.py:2420} INFO - Sync 1 DAGs
[2023-07-26 23:52:41,388] {logging_mixin.py:115} INFO - [2023-07-26 23:52:41,388] {dag.py:2972} INFO - Setting next_dagrun for example_python_operator to None, run_after=None
[2023-07-26 23:52:41,416] {processor.py:161} INFO - Processing /home/airflow/.local/lib/python3.7/site-packages/airflow/example_dags/example_python_operator.py took 0.083 seconds
[2023-07-26 23:53:11,538] {processor.py:153} INFO - Started process (PID=469) to work on /home/airflow/.local/lib/python3.7/site-packages/airflow/example_dags/example_python_operator.py
[2023-07-26 23:53:11,574] {processor.py:641} INFO - Processing file /home/airflow/.local/lib/python3.7/site-packages/airflow/example_dags/example_python_operator.py for tasks to queue
[2023-07-26 23:53:11,581] {logging_mixin.py:115} INFO - [2023-07-26 23:53:11,581] {dagbag.py:508} INFO - Filling up the DagBag from /home/airflow/.local/lib/python3.7/site-packages/airflow/example_dags/example_python_operator.py
[2023-07-26 23:53:11,603] {processor.py:651} INFO - DAG(s) dict_keys(['example_python_operator']) retrieved from /home/airflow/.local/lib/python3.7/site-packages/airflow/example_dags/example_python_operator.py
[2023-07-26 23:53:11,630] {logging_mixin.py:115} INFO - [2023-07-26 23:53:11,630] {dag.py:2420} INFO - Sync 1 DAGs
[2023-07-26 23:53:11,652] {logging_mixin.py:115} INFO - [2023-07-26 23:53:11,651] {dag.py:2972} INFO - Setting next_dagrun for example_python_operator to None, run_after=None
[2023-07-26 23:53:11,679] {processor.py:161} INFO - Processing /home/airflow/.local/lib/python3.7/site-packages/airflow/example_dags/example_python_operator.py took 0.143 seconds
[2023-07-26 23:53:41,979] {processor.py:153} INFO - Started process (PID=536) to work on /home/airflow/.local/lib/python3.7/site-packages/airflow/example_dags/example_python_operator.py
[2023-07-26 23:53:41,981] {processor.py:641} INFO - Processing file /home/airflow/.local/lib/python3.7/site-packages/airflow/example_dags/example_python_operator.py for tasks to queue
[2023-07-26 23:53:41,983] {logging_mixin.py:115} INFO - [2023-07-26 23:53:41,983] {dagbag.py:508} INFO - Filling up the DagBag from /home/airflow/.local/lib/python3.7/site-packages/airflow/example_dags/example_python_operator.py
[2023-07-26 23:53:42,034] {processor.py:651} INFO - DAG(s) dict_keys(['example_python_operator']) retrieved from /home/airflow/.local/lib/python3.7/site-packages/airflow/example_dags/example_python_operator.py
[2023-07-26 23:53:42,107] {logging_mixin.py:115} INFO - [2023-07-26 23:53:42,107] {dag.py:2420} INFO - Sync 1 DAGs
[2023-07-26 23:53:42,158] {logging_mixin.py:115} INFO - [2023-07-26 23:53:42,158] {dag.py:2972} INFO - Setting next_dagrun for example_python_operator to None, run_after=None
[2023-07-26 23:53:42,203] {processor.py:161} INFO - Processing /home/airflow/.local/lib/python3.7/site-packages/airflow/example_dags/example_python_operator.py took 0.230 seconds
[2023-07-26 23:54:12,546] {processor.py:153} INFO - Started process (PID=669) to work on /home/airflow/.local/lib/python3.7/site-packages/airflow/example_dags/example_python_operator.py
[2023-07-26 23:54:12,549] {processor.py:641} INFO - Processing file /home/airflow/.local/lib/python3.7/site-packages/airflow/example_dags/example_python_operator.py for tasks to queue
[2023-07-26 23:54:12,551] {logging_mixin.py:115} INFO - [2023-07-26 23:54:12,551] {dagbag.py:508} INFO - Filling up the DagBag from /home/airflow/.local/lib/python3.7/site-packages/airflow/example_dags/example_python_operator.py
[2023-07-26 23:54:12,585] {processor.py:651} INFO - DAG(s) dict_keys(['example_python_operator']) retrieved from /home/airflow/.local/lib/python3.7/site-packages/airflow/example_dags/example_python_operator.py
[2023-07-26 23:54:12,619] {logging_mixin.py:115} INFO - [2023-07-26 23:54:12,619] {dag.py:2420} INFO - Sync 1 DAGs
[2023-07-26 23:54:12,655] {logging_mixin.py:115} INFO - [2023-07-26 23:54:12,654] {dag.py:2972} INFO - Setting next_dagrun for example_python_operator to None, run_after=None
[2023-07-26 23:54:12,675] {processor.py:161} INFO - Processing /home/airflow/.local/lib/python3.7/site-packages/airflow/example_dags/example_python_operator.py took 0.133 seconds
