[2023-07-26 23:49:39,541] {processor.py:153} INFO - Started process (PID=51) to work on /home/airflow/.local/lib/python3.7/site-packages/airflow/example_dags/example_branch_python_dop_operator_3.py
[2023-07-26 23:49:39,544] {processor.py:641} INFO - Processing file /home/airflow/.local/lib/python3.7/site-packages/airflow/example_dags/example_branch_python_dop_operator_3.py for tasks to queue
[2023-07-26 23:49:39,545] {logging_mixin.py:115} INFO - [2023-07-26 23:49:39,545] {dagbag.py:508} INFO - Filling up the DagBag from /home/airflow/.local/lib/python3.7/site-packages/airflow/example_dags/example_branch_python_dop_operator_3.py
[2023-07-26 23:49:39,569] {processor.py:651} INFO - DAG(s) dict_keys(['example_branch_dop_operator_v3']) retrieved from /home/airflow/.local/lib/python3.7/site-packages/airflow/example_dags/example_branch_python_dop_operator_3.py
[2023-07-26 23:49:39,717] {logging_mixin.py:115} INFO - [2023-07-26 23:49:39,717] {manager.py:508} INFO - Created Permission View: can delete on DAG:example_branch_dop_operator_v3
[2023-07-26 23:49:39,731] {logging_mixin.py:115} INFO - [2023-07-26 23:49:39,731] {manager.py:508} INFO - Created Permission View: can read on DAG:example_branch_dop_operator_v3
[2023-07-26 23:49:39,744] {logging_mixin.py:115} INFO - [2023-07-26 23:49:39,744] {manager.py:508} INFO - Created Permission View: can edit on DAG:example_branch_dop_operator_v3
[2023-07-26 23:49:39,745] {logging_mixin.py:115} INFO - [2023-07-26 23:49:39,745] {dag.py:2420} INFO - Sync 1 DAGs
[2023-07-26 23:49:39,758] {logging_mixin.py:115} INFO - [2023-07-26 23:49:39,758] {dag.py:2439} INFO - Creating ORM DAG for example_branch_dop_operator_v3
[2023-07-26 23:49:39,780] {logging_mixin.py:115} INFO - [2023-07-26 23:49:39,780] {dag.py:2972} INFO - Setting next_dagrun for example_branch_dop_operator_v3 to 2023-07-26T23:48:00+00:00, run_after=2023-07-26T23:49:00+00:00
[2023-07-26 23:49:39,812] {processor.py:161} INFO - Processing /home/airflow/.local/lib/python3.7/site-packages/airflow/example_dags/example_branch_python_dop_operator_3.py took 0.274 seconds
[2023-07-26 23:50:10,420] {processor.py:153} INFO - Started process (PID=105) to work on /home/airflow/.local/lib/python3.7/site-packages/airflow/example_dags/example_branch_python_dop_operator_3.py
[2023-07-26 23:50:10,421] {processor.py:641} INFO - Processing file /home/airflow/.local/lib/python3.7/site-packages/airflow/example_dags/example_branch_python_dop_operator_3.py for tasks to queue
[2023-07-26 23:50:10,422] {logging_mixin.py:115} INFO - [2023-07-26 23:50:10,422] {dagbag.py:508} INFO - Filling up the DagBag from /home/airflow/.local/lib/python3.7/site-packages/airflow/example_dags/example_branch_python_dop_operator_3.py
[2023-07-26 23:50:10,430] {processor.py:651} INFO - DAG(s) dict_keys(['example_branch_dop_operator_v3']) retrieved from /home/airflow/.local/lib/python3.7/site-packages/airflow/example_dags/example_branch_python_dop_operator_3.py
[2023-07-26 23:50:10,448] {logging_mixin.py:115} INFO - [2023-07-26 23:50:10,448] {dag.py:2420} INFO - Sync 1 DAGs
[2023-07-26 23:50:10,465] {logging_mixin.py:115} INFO - [2023-07-26 23:50:10,465] {dag.py:2972} INFO - Setting next_dagrun for example_branch_dop_operator_v3 to 2023-07-26T23:49:00+00:00, run_after=2023-07-26T23:50:00+00:00
[2023-07-26 23:50:10,476] {processor.py:161} INFO - Processing /home/airflow/.local/lib/python3.7/site-packages/airflow/example_dags/example_branch_python_dop_operator_3.py took 0.058 seconds
[2023-07-26 23:50:40,598] {processor.py:153} INFO - Started process (PID=168) to work on /home/airflow/.local/lib/python3.7/site-packages/airflow/example_dags/example_branch_python_dop_operator_3.py
[2023-07-26 23:50:40,600] {processor.py:641} INFO - Processing file /home/airflow/.local/lib/python3.7/site-packages/airflow/example_dags/example_branch_python_dop_operator_3.py for tasks to queue
[2023-07-26 23:50:40,601] {logging_mixin.py:115} INFO - [2023-07-26 23:50:40,601] {dagbag.py:508} INFO - Filling up the DagBag from /home/airflow/.local/lib/python3.7/site-packages/airflow/example_dags/example_branch_python_dop_operator_3.py
[2023-07-26 23:50:40,610] {processor.py:651} INFO - DAG(s) dict_keys(['example_branch_dop_operator_v3']) retrieved from /home/airflow/.local/lib/python3.7/site-packages/airflow/example_dags/example_branch_python_dop_operator_3.py
[2023-07-26 23:50:40,631] {logging_mixin.py:115} INFO - [2023-07-26 23:50:40,631] {dag.py:2420} INFO - Sync 1 DAGs
[2023-07-26 23:50:40,651] {logging_mixin.py:115} INFO - [2023-07-26 23:50:40,651] {dag.py:2972} INFO - Setting next_dagrun for example_branch_dop_operator_v3 to 2023-07-26T23:49:00+00:00, run_after=2023-07-26T23:50:00+00:00
[2023-07-26 23:50:40,663] {processor.py:161} INFO - Processing /home/airflow/.local/lib/python3.7/site-packages/airflow/example_dags/example_branch_python_dop_operator_3.py took 0.066 seconds
[2023-07-26 23:51:10,775] {processor.py:153} INFO - Started process (PID=229) to work on /home/airflow/.local/lib/python3.7/site-packages/airflow/example_dags/example_branch_python_dop_operator_3.py
[2023-07-26 23:51:10,776] {processor.py:641} INFO - Processing file /home/airflow/.local/lib/python3.7/site-packages/airflow/example_dags/example_branch_python_dop_operator_3.py for tasks to queue
[2023-07-26 23:51:10,777] {logging_mixin.py:115} INFO - [2023-07-26 23:51:10,777] {dagbag.py:508} INFO - Filling up the DagBag from /home/airflow/.local/lib/python3.7/site-packages/airflow/example_dags/example_branch_python_dop_operator_3.py
[2023-07-26 23:51:10,784] {processor.py:651} INFO - DAG(s) dict_keys(['example_branch_dop_operator_v3']) retrieved from /home/airflow/.local/lib/python3.7/site-packages/airflow/example_dags/example_branch_python_dop_operator_3.py
[2023-07-26 23:51:10,803] {logging_mixin.py:115} INFO - [2023-07-26 23:51:10,803] {dag.py:2420} INFO - Sync 1 DAGs
[2023-07-26 23:51:10,827] {logging_mixin.py:115} INFO - [2023-07-26 23:51:10,826] {dag.py:2972} INFO - Setting next_dagrun for example_branch_dop_operator_v3 to 2023-07-26T23:50:00+00:00, run_after=2023-07-26T23:51:00+00:00
[2023-07-26 23:51:10,838] {processor.py:161} INFO - Processing /home/airflow/.local/lib/python3.7/site-packages/airflow/example_dags/example_branch_python_dop_operator_3.py took 0.065 seconds
[2023-07-26 23:51:41,019] {processor.py:153} INFO - Started process (PID=292) to work on /home/airflow/.local/lib/python3.7/site-packages/airflow/example_dags/example_branch_python_dop_operator_3.py
[2023-07-26 23:51:41,021] {processor.py:641} INFO - Processing file /home/airflow/.local/lib/python3.7/site-packages/airflow/example_dags/example_branch_python_dop_operator_3.py for tasks to queue
[2023-07-26 23:51:41,022] {logging_mixin.py:115} INFO - [2023-07-26 23:51:41,022] {dagbag.py:508} INFO - Filling up the DagBag from /home/airflow/.local/lib/python3.7/site-packages/airflow/example_dags/example_branch_python_dop_operator_3.py
[2023-07-26 23:51:41,032] {processor.py:651} INFO - DAG(s) dict_keys(['example_branch_dop_operator_v3']) retrieved from /home/airflow/.local/lib/python3.7/site-packages/airflow/example_dags/example_branch_python_dop_operator_3.py
[2023-07-26 23:51:41,058] {logging_mixin.py:115} INFO - [2023-07-26 23:51:41,057] {dag.py:2420} INFO - Sync 1 DAGs
[2023-07-26 23:51:41,080] {logging_mixin.py:115} INFO - [2023-07-26 23:51:41,080] {dag.py:2972} INFO - Setting next_dagrun for example_branch_dop_operator_v3 to 2023-07-26T23:50:00+00:00, run_after=2023-07-26T23:51:00+00:00
[2023-07-26 23:51:41,094] {processor.py:161} INFO - Processing /home/airflow/.local/lib/python3.7/site-packages/airflow/example_dags/example_branch_python_dop_operator_3.py took 0.078 seconds
[2023-07-26 23:52:11,277] {processor.py:153} INFO - Started process (PID=346) to work on /home/airflow/.local/lib/python3.7/site-packages/airflow/example_dags/example_branch_python_dop_operator_3.py
[2023-07-26 23:52:11,278] {processor.py:641} INFO - Processing file /home/airflow/.local/lib/python3.7/site-packages/airflow/example_dags/example_branch_python_dop_operator_3.py for tasks to queue
[2023-07-26 23:52:11,280] {logging_mixin.py:115} INFO - [2023-07-26 23:52:11,280] {dagbag.py:508} INFO - Filling up the DagBag from /home/airflow/.local/lib/python3.7/site-packages/airflow/example_dags/example_branch_python_dop_operator_3.py
[2023-07-26 23:52:11,287] {processor.py:651} INFO - DAG(s) dict_keys(['example_branch_dop_operator_v3']) retrieved from /home/airflow/.local/lib/python3.7/site-packages/airflow/example_dags/example_branch_python_dop_operator_3.py
[2023-07-26 23:52:11,314] {logging_mixin.py:115} INFO - [2023-07-26 23:52:11,314] {dag.py:2420} INFO - Sync 1 DAGs
[2023-07-26 23:52:11,337] {logging_mixin.py:115} INFO - [2023-07-26 23:52:11,337] {dag.py:2972} INFO - Setting next_dagrun for example_branch_dop_operator_v3 to 2023-07-26T23:51:00+00:00, run_after=2023-07-26T23:52:00+00:00
[2023-07-26 23:52:11,352] {processor.py:161} INFO - Processing /home/airflow/.local/lib/python3.7/site-packages/airflow/example_dags/example_branch_python_dop_operator_3.py took 0.077 seconds
[2023-07-26 23:52:41,463] {processor.py:153} INFO - Started process (PID=409) to work on /home/airflow/.local/lib/python3.7/site-packages/airflow/example_dags/example_branch_python_dop_operator_3.py
[2023-07-26 23:52:41,464] {processor.py:641} INFO - Processing file /home/airflow/.local/lib/python3.7/site-packages/airflow/example_dags/example_branch_python_dop_operator_3.py for tasks to queue
[2023-07-26 23:52:41,465] {logging_mixin.py:115} INFO - [2023-07-26 23:52:41,465] {dagbag.py:508} INFO - Filling up the DagBag from /home/airflow/.local/lib/python3.7/site-packages/airflow/example_dags/example_branch_python_dop_operator_3.py
[2023-07-26 23:52:41,472] {processor.py:651} INFO - DAG(s) dict_keys(['example_branch_dop_operator_v3']) retrieved from /home/airflow/.local/lib/python3.7/site-packages/airflow/example_dags/example_branch_python_dop_operator_3.py
[2023-07-26 23:52:41,490] {logging_mixin.py:115} INFO - [2023-07-26 23:52:41,490] {dag.py:2420} INFO - Sync 1 DAGs
[2023-07-26 23:52:41,507] {logging_mixin.py:115} INFO - [2023-07-26 23:52:41,507] {dag.py:2972} INFO - Setting next_dagrun for example_branch_dop_operator_v3 to 2023-07-26T23:51:00+00:00, run_after=2023-07-26T23:52:00+00:00
[2023-07-26 23:52:41,517] {processor.py:161} INFO - Processing /home/airflow/.local/lib/python3.7/site-packages/airflow/example_dags/example_branch_python_dop_operator_3.py took 0.057 seconds
[2023-07-26 23:53:11,712] {processor.py:153} INFO - Started process (PID=471) to work on /home/airflow/.local/lib/python3.7/site-packages/airflow/example_dags/example_branch_python_dop_operator_3.py
[2023-07-26 23:53:11,713] {processor.py:641} INFO - Processing file /home/airflow/.local/lib/python3.7/site-packages/airflow/example_dags/example_branch_python_dop_operator_3.py for tasks to queue
[2023-07-26 23:53:11,714] {logging_mixin.py:115} INFO - [2023-07-26 23:53:11,714] {dagbag.py:508} INFO - Filling up the DagBag from /home/airflow/.local/lib/python3.7/site-packages/airflow/example_dags/example_branch_python_dop_operator_3.py
[2023-07-26 23:53:11,722] {processor.py:651} INFO - DAG(s) dict_keys(['example_branch_dop_operator_v3']) retrieved from /home/airflow/.local/lib/python3.7/site-packages/airflow/example_dags/example_branch_python_dop_operator_3.py
[2023-07-26 23:53:11,744] {logging_mixin.py:115} INFO - [2023-07-26 23:53:11,744] {dag.py:2420} INFO - Sync 1 DAGs
[2023-07-26 23:53:11,765] {logging_mixin.py:115} INFO - [2023-07-26 23:53:11,765] {dag.py:2972} INFO - Setting next_dagrun for example_branch_dop_operator_v3 to 2023-07-26T23:52:00+00:00, run_after=2023-07-26T23:53:00+00:00
[2023-07-26 23:53:11,779] {processor.py:161} INFO - Processing /home/airflow/.local/lib/python3.7/site-packages/airflow/example_dags/example_branch_python_dop_operator_3.py took 0.070 seconds
[2023-07-26 23:53:42,226] {processor.py:153} INFO - Started process (PID=538) to work on /home/airflow/.local/lib/python3.7/site-packages/airflow/example_dags/example_branch_python_dop_operator_3.py
[2023-07-26 23:53:42,232] {processor.py:641} INFO - Processing file /home/airflow/.local/lib/python3.7/site-packages/airflow/example_dags/example_branch_python_dop_operator_3.py for tasks to queue
[2023-07-26 23:53:42,233] {logging_mixin.py:115} INFO - [2023-07-26 23:53:42,233] {dagbag.py:508} INFO - Filling up the DagBag from /home/airflow/.local/lib/python3.7/site-packages/airflow/example_dags/example_branch_python_dop_operator_3.py
[2023-07-26 23:53:42,273] {processor.py:651} INFO - DAG(s) dict_keys(['example_branch_dop_operator_v3']) retrieved from /home/airflow/.local/lib/python3.7/site-packages/airflow/example_dags/example_branch_python_dop_operator_3.py
[2023-07-26 23:53:42,317] {logging_mixin.py:115} INFO - [2023-07-26 23:53:42,317] {dag.py:2420} INFO - Sync 1 DAGs
[2023-07-26 23:53:42,383] {logging_mixin.py:115} INFO - [2023-07-26 23:53:42,383] {dag.py:2972} INFO - Setting next_dagrun for example_branch_dop_operator_v3 to 2023-07-26T23:52:00+00:00, run_after=2023-07-26T23:53:00+00:00
[2023-07-26 23:53:42,407] {processor.py:161} INFO - Processing /home/airflow/.local/lib/python3.7/site-packages/airflow/example_dags/example_branch_python_dop_operator_3.py took 0.185 seconds
[2023-07-26 23:54:12,733] {processor.py:153} INFO - Started process (PID=671) to work on /home/airflow/.local/lib/python3.7/site-packages/airflow/example_dags/example_branch_python_dop_operator_3.py
[2023-07-26 23:54:12,735] {processor.py:641} INFO - Processing file /home/airflow/.local/lib/python3.7/site-packages/airflow/example_dags/example_branch_python_dop_operator_3.py for tasks to queue
[2023-07-26 23:54:12,739] {logging_mixin.py:115} INFO - [2023-07-26 23:54:12,738] {dagbag.py:508} INFO - Filling up the DagBag from /home/airflow/.local/lib/python3.7/site-packages/airflow/example_dags/example_branch_python_dop_operator_3.py
[2023-07-26 23:54:12,769] {processor.py:651} INFO - DAG(s) dict_keys(['example_branch_dop_operator_v3']) retrieved from /home/airflow/.local/lib/python3.7/site-packages/airflow/example_dags/example_branch_python_dop_operator_3.py
[2023-07-26 23:54:12,864] {logging_mixin.py:115} INFO - [2023-07-26 23:54:12,864] {dag.py:2420} INFO - Sync 1 DAGs
[2023-07-26 23:54:12,914] {logging_mixin.py:115} INFO - [2023-07-26 23:54:12,914] {dag.py:2972} INFO - Setting next_dagrun for example_branch_dop_operator_v3 to 2023-07-26T23:53:00+00:00, run_after=2023-07-26T23:54:00+00:00
[2023-07-26 23:54:12,933] {processor.py:161} INFO - Processing /home/airflow/.local/lib/python3.7/site-packages/airflow/example_dags/example_branch_python_dop_operator_3.py took 0.205 seconds
