[2023-07-26 23:49:41,523] {processor.py:153} INFO - Started process (PID=61) to work on /home/airflow/.local/lib/python3.7/site-packages/airflow/example_dags/example_branch_labels.py
[2023-07-26 23:49:41,525] {processor.py:641} INFO - Processing file /home/airflow/.local/lib/python3.7/site-packages/airflow/example_dags/example_branch_labels.py for tasks to queue
[2023-07-26 23:49:41,526] {logging_mixin.py:115} INFO - [2023-07-26 23:49:41,526] {dagbag.py:508} INFO - Filling up the DagBag from /home/airflow/.local/lib/python3.7/site-packages/airflow/example_dags/example_branch_labels.py
[2023-07-26 23:49:41,538] {processor.py:651} INFO - DAG(s) dict_keys(['example_branch_labels']) retrieved from /home/airflow/.local/lib/python3.7/site-packages/airflow/example_dags/example_branch_labels.py
[2023-07-26 23:49:41,640] {logging_mixin.py:115} INFO - [2023-07-26 23:49:41,640] {manager.py:508} INFO - Created Permission View: can delete on DAG:example_branch_labels
[2023-07-26 23:49:41,654] {logging_mixin.py:115} INFO - [2023-07-26 23:49:41,654] {manager.py:508} INFO - Created Permission View: can read on DAG:example_branch_labels
[2023-07-26 23:49:41,664] {logging_mixin.py:115} INFO - [2023-07-26 23:49:41,664] {manager.py:508} INFO - Created Permission View: can edit on DAG:example_branch_labels
[2023-07-26 23:49:41,667] {logging_mixin.py:115} INFO - [2023-07-26 23:49:41,667] {dag.py:2420} INFO - Sync 1 DAGs
[2023-07-26 23:49:41,682] {logging_mixin.py:115} INFO - [2023-07-26 23:49:41,682] {dag.py:2439} INFO - Creating ORM DAG for example_branch_labels
[2023-07-26 23:49:41,701] {logging_mixin.py:115} INFO - [2023-07-26 23:49:41,701] {dag.py:2972} INFO - Setting next_dagrun for example_branch_labels to 2023-07-25T00:00:00+00:00, run_after=2023-07-26T00:00:00+00:00
[2023-07-26 23:49:41,721] {processor.py:161} INFO - Processing /home/airflow/.local/lib/python3.7/site-packages/airflow/example_dags/example_branch_labels.py took 0.201 seconds
[2023-07-26 23:50:12,010] {processor.py:153} INFO - Started process (PID=115) to work on /home/airflow/.local/lib/python3.7/site-packages/airflow/example_dags/example_branch_labels.py
[2023-07-26 23:50:12,011] {processor.py:641} INFO - Processing file /home/airflow/.local/lib/python3.7/site-packages/airflow/example_dags/example_branch_labels.py for tasks to queue
[2023-07-26 23:50:12,012] {logging_mixin.py:115} INFO - [2023-07-26 23:50:12,012] {dagbag.py:508} INFO - Filling up the DagBag from /home/airflow/.local/lib/python3.7/site-packages/airflow/example_dags/example_branch_labels.py
[2023-07-26 23:50:12,018] {processor.py:651} INFO - DAG(s) dict_keys(['example_branch_labels']) retrieved from /home/airflow/.local/lib/python3.7/site-packages/airflow/example_dags/example_branch_labels.py
[2023-07-26 23:50:12,039] {logging_mixin.py:115} INFO - [2023-07-26 23:50:12,039] {dag.py:2420} INFO - Sync 1 DAGs
[2023-07-26 23:50:12,060] {logging_mixin.py:115} INFO - [2023-07-26 23:50:12,060] {dag.py:2972} INFO - Setting next_dagrun for example_branch_labels to 2023-07-25T00:00:00+00:00, run_after=2023-07-26T00:00:00+00:00
[2023-07-26 23:50:12,071] {processor.py:161} INFO - Processing /home/airflow/.local/lib/python3.7/site-packages/airflow/example_dags/example_branch_labels.py took 0.063 seconds
[2023-07-26 23:50:42,226] {processor.py:153} INFO - Started process (PID=178) to work on /home/airflow/.local/lib/python3.7/site-packages/airflow/example_dags/example_branch_labels.py
[2023-07-26 23:50:42,227] {processor.py:641} INFO - Processing file /home/airflow/.local/lib/python3.7/site-packages/airflow/example_dags/example_branch_labels.py for tasks to queue
[2023-07-26 23:50:42,228] {logging_mixin.py:115} INFO - [2023-07-26 23:50:42,227] {dagbag.py:508} INFO - Filling up the DagBag from /home/airflow/.local/lib/python3.7/site-packages/airflow/example_dags/example_branch_labels.py
[2023-07-26 23:50:42,233] {processor.py:651} INFO - DAG(s) dict_keys(['example_branch_labels']) retrieved from /home/airflow/.local/lib/python3.7/site-packages/airflow/example_dags/example_branch_labels.py
[2023-07-26 23:50:42,253] {logging_mixin.py:115} INFO - [2023-07-26 23:50:42,253] {dag.py:2420} INFO - Sync 1 DAGs
[2023-07-26 23:50:42,273] {logging_mixin.py:115} INFO - [2023-07-26 23:50:42,273] {dag.py:2972} INFO - Setting next_dagrun for example_branch_labels to 2023-07-25T00:00:00+00:00, run_after=2023-07-26T00:00:00+00:00
[2023-07-26 23:50:42,285] {processor.py:161} INFO - Processing /home/airflow/.local/lib/python3.7/site-packages/airflow/example_dags/example_branch_labels.py took 0.062 seconds
[2023-07-26 23:51:12,477] {processor.py:153} INFO - Started process (PID=241) to work on /home/airflow/.local/lib/python3.7/site-packages/airflow/example_dags/example_branch_labels.py
[2023-07-26 23:51:12,477] {processor.py:641} INFO - Processing file /home/airflow/.local/lib/python3.7/site-packages/airflow/example_dags/example_branch_labels.py for tasks to queue
[2023-07-26 23:51:12,478] {logging_mixin.py:115} INFO - [2023-07-26 23:51:12,478] {dagbag.py:508} INFO - Filling up the DagBag from /home/airflow/.local/lib/python3.7/site-packages/airflow/example_dags/example_branch_labels.py
[2023-07-26 23:51:12,484] {processor.py:651} INFO - DAG(s) dict_keys(['example_branch_labels']) retrieved from /home/airflow/.local/lib/python3.7/site-packages/airflow/example_dags/example_branch_labels.py
[2023-07-26 23:51:12,512] {logging_mixin.py:115} INFO - [2023-07-26 23:51:12,512] {dag.py:2420} INFO - Sync 1 DAGs
[2023-07-26 23:51:12,540] {logging_mixin.py:115} INFO - [2023-07-26 23:51:12,540] {dag.py:2972} INFO - Setting next_dagrun for example_branch_labels to 2023-07-25T00:00:00+00:00, run_after=2023-07-26T00:00:00+00:00
[2023-07-26 23:51:12,551] {processor.py:161} INFO - Processing /home/airflow/.local/lib/python3.7/site-packages/airflow/example_dags/example_branch_labels.py took 0.077 seconds
[2023-07-26 23:51:42,632] {processor.py:153} INFO - Started process (PID=304) to work on /home/airflow/.local/lib/python3.7/site-packages/airflow/example_dags/example_branch_labels.py
[2023-07-26 23:51:42,634] {processor.py:641} INFO - Processing file /home/airflow/.local/lib/python3.7/site-packages/airflow/example_dags/example_branch_labels.py for tasks to queue
[2023-07-26 23:51:42,635] {logging_mixin.py:115} INFO - [2023-07-26 23:51:42,635] {dagbag.py:508} INFO - Filling up the DagBag from /home/airflow/.local/lib/python3.7/site-packages/airflow/example_dags/example_branch_labels.py
[2023-07-26 23:51:42,641] {processor.py:651} INFO - DAG(s) dict_keys(['example_branch_labels']) retrieved from /home/airflow/.local/lib/python3.7/site-packages/airflow/example_dags/example_branch_labels.py
[2023-07-26 23:51:42,663] {logging_mixin.py:115} INFO - [2023-07-26 23:51:42,662] {dag.py:2420} INFO - Sync 1 DAGs
[2023-07-26 23:51:42,680] {logging_mixin.py:115} INFO - [2023-07-26 23:51:42,680] {dag.py:2972} INFO - Setting next_dagrun for example_branch_labels to 2023-07-25T00:00:00+00:00, run_after=2023-07-26T00:00:00+00:00
[2023-07-26 23:51:42,692] {processor.py:161} INFO - Processing /home/airflow/.local/lib/python3.7/site-packages/airflow/example_dags/example_branch_labels.py took 0.062 seconds
[2023-07-26 23:52:13,002] {processor.py:153} INFO - Started process (PID=358) to work on /home/airflow/.local/lib/python3.7/site-packages/airflow/example_dags/example_branch_labels.py
[2023-07-26 23:52:13,003] {processor.py:641} INFO - Processing file /home/airflow/.local/lib/python3.7/site-packages/airflow/example_dags/example_branch_labels.py for tasks to queue
[2023-07-26 23:52:13,004] {logging_mixin.py:115} INFO - [2023-07-26 23:52:13,004] {dagbag.py:508} INFO - Filling up the DagBag from /home/airflow/.local/lib/python3.7/site-packages/airflow/example_dags/example_branch_labels.py
[2023-07-26 23:52:13,012] {processor.py:651} INFO - DAG(s) dict_keys(['example_branch_labels']) retrieved from /home/airflow/.local/lib/python3.7/site-packages/airflow/example_dags/example_branch_labels.py
[2023-07-26 23:52:13,040] {logging_mixin.py:115} INFO - [2023-07-26 23:52:13,039] {dag.py:2420} INFO - Sync 1 DAGs
[2023-07-26 23:52:13,062] {logging_mixin.py:115} INFO - [2023-07-26 23:52:13,062] {dag.py:2972} INFO - Setting next_dagrun for example_branch_labels to 2023-07-25T00:00:00+00:00, run_after=2023-07-26T00:00:00+00:00
[2023-07-26 23:52:13,076] {processor.py:161} INFO - Processing /home/airflow/.local/lib/python3.7/site-packages/airflow/example_dags/example_branch_labels.py took 0.076 seconds
[2023-07-26 23:52:43,213] {processor.py:153} INFO - Started process (PID=421) to work on /home/airflow/.local/lib/python3.7/site-packages/airflow/example_dags/example_branch_labels.py
[2023-07-26 23:52:43,214] {processor.py:641} INFO - Processing file /home/airflow/.local/lib/python3.7/site-packages/airflow/example_dags/example_branch_labels.py for tasks to queue
[2023-07-26 23:52:43,215] {logging_mixin.py:115} INFO - [2023-07-26 23:52:43,215] {dagbag.py:508} INFO - Filling up the DagBag from /home/airflow/.local/lib/python3.7/site-packages/airflow/example_dags/example_branch_labels.py
[2023-07-26 23:52:43,221] {processor.py:651} INFO - DAG(s) dict_keys(['example_branch_labels']) retrieved from /home/airflow/.local/lib/python3.7/site-packages/airflow/example_dags/example_branch_labels.py
[2023-07-26 23:52:43,243] {logging_mixin.py:115} INFO - [2023-07-26 23:52:43,242] {dag.py:2420} INFO - Sync 1 DAGs
[2023-07-26 23:52:43,260] {logging_mixin.py:115} INFO - [2023-07-26 23:52:43,260] {dag.py:2972} INFO - Setting next_dagrun for example_branch_labels to 2023-07-25T00:00:00+00:00, run_after=2023-07-26T00:00:00+00:00
[2023-07-26 23:52:43,271] {processor.py:161} INFO - Processing /home/airflow/.local/lib/python3.7/site-packages/airflow/example_dags/example_branch_labels.py took 0.060 seconds
[2023-07-26 23:53:13,532] {processor.py:153} INFO - Started process (PID=483) to work on /home/airflow/.local/lib/python3.7/site-packages/airflow/example_dags/example_branch_labels.py
[2023-07-26 23:53:13,533] {processor.py:641} INFO - Processing file /home/airflow/.local/lib/python3.7/site-packages/airflow/example_dags/example_branch_labels.py for tasks to queue
[2023-07-26 23:53:13,533] {logging_mixin.py:115} INFO - [2023-07-26 23:53:13,533] {dagbag.py:508} INFO - Filling up the DagBag from /home/airflow/.local/lib/python3.7/site-packages/airflow/example_dags/example_branch_labels.py
[2023-07-26 23:53:13,539] {processor.py:651} INFO - DAG(s) dict_keys(['example_branch_labels']) retrieved from /home/airflow/.local/lib/python3.7/site-packages/airflow/example_dags/example_branch_labels.py
[2023-07-26 23:53:13,561] {logging_mixin.py:115} INFO - [2023-07-26 23:53:13,561] {dag.py:2420} INFO - Sync 1 DAGs
[2023-07-26 23:53:13,582] {logging_mixin.py:115} INFO - [2023-07-26 23:53:13,582] {dag.py:2972} INFO - Setting next_dagrun for example_branch_labels to 2023-07-25T00:00:00+00:00, run_after=2023-07-26T00:00:00+00:00
[2023-07-26 23:53:13,593] {processor.py:161} INFO - Processing /home/airflow/.local/lib/python3.7/site-packages/airflow/example_dags/example_branch_labels.py took 0.064 seconds
[2023-07-26 23:53:44,995] {processor.py:153} INFO - Started process (PID=550) to work on /home/airflow/.local/lib/python3.7/site-packages/airflow/example_dags/example_branch_labels.py
[2023-07-26 23:53:44,998] {processor.py:641} INFO - Processing file /home/airflow/.local/lib/python3.7/site-packages/airflow/example_dags/example_branch_labels.py for tasks to queue
[2023-07-26 23:53:45,000] {logging_mixin.py:115} INFO - [2023-07-26 23:53:45,000] {dagbag.py:508} INFO - Filling up the DagBag from /home/airflow/.local/lib/python3.7/site-packages/airflow/example_dags/example_branch_labels.py
[2023-07-26 23:53:45,014] {processor.py:651} INFO - DAG(s) dict_keys(['example_branch_labels']) retrieved from /home/airflow/.local/lib/python3.7/site-packages/airflow/example_dags/example_branch_labels.py
[2023-07-26 23:53:45,058] {logging_mixin.py:115} INFO - [2023-07-26 23:53:45,058] {dag.py:2420} INFO - Sync 1 DAGs
[2023-07-26 23:53:45,123] {logging_mixin.py:115} INFO - [2023-07-26 23:53:45,123] {dag.py:2972} INFO - Setting next_dagrun for example_branch_labels to 2023-07-25T00:00:00+00:00, run_after=2023-07-26T00:00:00+00:00
[2023-07-26 23:53:45,168] {processor.py:161} INFO - Processing /home/airflow/.local/lib/python3.7/site-packages/airflow/example_dags/example_branch_labels.py took 0.179 seconds
[2023-07-26 23:54:16,074] {processor.py:153} INFO - Started process (PID=689) to work on /home/airflow/.local/lib/python3.7/site-packages/airflow/example_dags/example_branch_labels.py
[2023-07-26 23:54:16,078] {processor.py:641} INFO - Processing file /home/airflow/.local/lib/python3.7/site-packages/airflow/example_dags/example_branch_labels.py for tasks to queue
[2023-07-26 23:54:16,079] {logging_mixin.py:115} INFO - [2023-07-26 23:54:16,079] {dagbag.py:508} INFO - Filling up the DagBag from /home/airflow/.local/lib/python3.7/site-packages/airflow/example_dags/example_branch_labels.py
[2023-07-26 23:54:16,095] {processor.py:651} INFO - DAG(s) dict_keys(['example_branch_labels']) retrieved from /home/airflow/.local/lib/python3.7/site-packages/airflow/example_dags/example_branch_labels.py
[2023-07-26 23:54:16,133] {logging_mixin.py:115} INFO - [2023-07-26 23:54:16,133] {dag.py:2420} INFO - Sync 1 DAGs
[2023-07-26 23:54:16,172] {logging_mixin.py:115} INFO - [2023-07-26 23:54:16,172] {dag.py:2972} INFO - Setting next_dagrun for example_branch_labels to 2023-07-25T00:00:00+00:00, run_after=2023-07-26T00:00:00+00:00
[2023-07-26 23:54:16,196] {processor.py:161} INFO - Processing /home/airflow/.local/lib/python3.7/site-packages/airflow/example_dags/example_branch_labels.py took 0.126 seconds
