[2023-07-26 23:49:37,131] {processor.py:153} INFO - Started process (PID=35) to work on /home/airflow/.local/lib/python3.7/site-packages/airflow/example_dags/example_local_kubernetes_executor.py
[2023-07-26 23:49:37,133] {processor.py:641} INFO - Processing file /home/airflow/.local/lib/python3.7/site-packages/airflow/example_dags/example_local_kubernetes_executor.py for tasks to queue
[2023-07-26 23:49:37,135] {logging_mixin.py:115} INFO - [2023-07-26 23:49:37,135] {dagbag.py:508} INFO - Filling up the DagBag from /home/airflow/.local/lib/python3.7/site-packages/airflow/example_dags/example_local_kubernetes_executor.py
[2023-07-26 23:49:37,178] {processor.py:651} INFO - DAG(s) dict_keys(['example_local_kubernetes_executor']) retrieved from /home/airflow/.local/lib/python3.7/site-packages/airflow/example_dags/example_local_kubernetes_executor.py
[2023-07-26 23:49:37,344] {logging_mixin.py:115} INFO - [2023-07-26 23:49:37,344] {manager.py:508} INFO - Created Permission View: can delete on DAG:example_local_kubernetes_executor
[2023-07-26 23:49:37,359] {logging_mixin.py:115} INFO - [2023-07-26 23:49:37,359] {manager.py:508} INFO - Created Permission View: can read on DAG:example_local_kubernetes_executor
[2023-07-26 23:49:37,371] {logging_mixin.py:115} INFO - [2023-07-26 23:49:37,371] {manager.py:508} INFO - Created Permission View: can edit on DAG:example_local_kubernetes_executor
[2023-07-26 23:49:37,373] {logging_mixin.py:115} INFO - [2023-07-26 23:49:37,373] {dag.py:2420} INFO - Sync 1 DAGs
[2023-07-26 23:49:37,383] {logging_mixin.py:115} INFO - [2023-07-26 23:49:37,383] {dag.py:2439} INFO - Creating ORM DAG for example_local_kubernetes_executor
[2023-07-26 23:49:37,398] {logging_mixin.py:115} INFO - [2023-07-26 23:49:37,398] {dag.py:2972} INFO - Setting next_dagrun for example_local_kubernetes_executor to None, run_after=None
[2023-07-26 23:49:37,425] {processor.py:161} INFO - Processing /home/airflow/.local/lib/python3.7/site-packages/airflow/example_dags/example_local_kubernetes_executor.py took 0.299 seconds
[2023-07-26 23:50:07,893] {processor.py:153} INFO - Started process (PID=96) to work on /home/airflow/.local/lib/python3.7/site-packages/airflow/example_dags/example_local_kubernetes_executor.py
[2023-07-26 23:50:07,894] {processor.py:641} INFO - Processing file /home/airflow/.local/lib/python3.7/site-packages/airflow/example_dags/example_local_kubernetes_executor.py for tasks to queue
[2023-07-26 23:50:07,895] {logging_mixin.py:115} INFO - [2023-07-26 23:50:07,895] {dagbag.py:508} INFO - Filling up the DagBag from /home/airflow/.local/lib/python3.7/site-packages/airflow/example_dags/example_local_kubernetes_executor.py
[2023-07-26 23:50:07,908] {processor.py:651} INFO - DAG(s) dict_keys(['example_local_kubernetes_executor']) retrieved from /home/airflow/.local/lib/python3.7/site-packages/airflow/example_dags/example_local_kubernetes_executor.py
[2023-07-26 23:50:07,928] {logging_mixin.py:115} INFO - [2023-07-26 23:50:07,927] {dag.py:2420} INFO - Sync 1 DAGs
[2023-07-26 23:50:07,944] {logging_mixin.py:115} INFO - [2023-07-26 23:50:07,944] {dag.py:2972} INFO - Setting next_dagrun for example_local_kubernetes_executor to None, run_after=None
[2023-07-26 23:50:07,957] {processor.py:161} INFO - Processing /home/airflow/.local/lib/python3.7/site-packages/airflow/example_dags/example_local_kubernetes_executor.py took 0.067 seconds
[2023-07-26 23:50:38,149] {processor.py:153} INFO - Started process (PID=159) to work on /home/airflow/.local/lib/python3.7/site-packages/airflow/example_dags/example_local_kubernetes_executor.py
[2023-07-26 23:50:38,150] {processor.py:641} INFO - Processing file /home/airflow/.local/lib/python3.7/site-packages/airflow/example_dags/example_local_kubernetes_executor.py for tasks to queue
[2023-07-26 23:50:38,151] {logging_mixin.py:115} INFO - [2023-07-26 23:50:38,151] {dagbag.py:508} INFO - Filling up the DagBag from /home/airflow/.local/lib/python3.7/site-packages/airflow/example_dags/example_local_kubernetes_executor.py
[2023-07-26 23:50:38,164] {processor.py:651} INFO - DAG(s) dict_keys(['example_local_kubernetes_executor']) retrieved from /home/airflow/.local/lib/python3.7/site-packages/airflow/example_dags/example_local_kubernetes_executor.py
[2023-07-26 23:50:38,185] {logging_mixin.py:115} INFO - [2023-07-26 23:50:38,185] {dag.py:2420} INFO - Sync 1 DAGs
[2023-07-26 23:50:38,203] {logging_mixin.py:115} INFO - [2023-07-26 23:50:38,203] {dag.py:2972} INFO - Setting next_dagrun for example_local_kubernetes_executor to None, run_after=None
[2023-07-26 23:50:38,214] {processor.py:161} INFO - Processing /home/airflow/.local/lib/python3.7/site-packages/airflow/example_dags/example_local_kubernetes_executor.py took 0.067 seconds
[2023-07-26 23:51:08,408] {processor.py:153} INFO - Started process (PID=222) to work on /home/airflow/.local/lib/python3.7/site-packages/airflow/example_dags/example_local_kubernetes_executor.py
[2023-07-26 23:51:08,412] {processor.py:641} INFO - Processing file /home/airflow/.local/lib/python3.7/site-packages/airflow/example_dags/example_local_kubernetes_executor.py for tasks to queue
[2023-07-26 23:51:08,414] {logging_mixin.py:115} INFO - [2023-07-26 23:51:08,414] {dagbag.py:508} INFO - Filling up the DagBag from /home/airflow/.local/lib/python3.7/site-packages/airflow/example_dags/example_local_kubernetes_executor.py
[2023-07-26 23:51:08,432] {processor.py:651} INFO - DAG(s) dict_keys(['example_local_kubernetes_executor']) retrieved from /home/airflow/.local/lib/python3.7/site-packages/airflow/example_dags/example_local_kubernetes_executor.py
[2023-07-26 23:51:08,454] {logging_mixin.py:115} INFO - [2023-07-26 23:51:08,454] {dag.py:2420} INFO - Sync 1 DAGs
[2023-07-26 23:51:08,473] {logging_mixin.py:115} INFO - [2023-07-26 23:51:08,473] {dag.py:2972} INFO - Setting next_dagrun for example_local_kubernetes_executor to None, run_after=None
[2023-07-26 23:51:08,498] {processor.py:161} INFO - Processing /home/airflow/.local/lib/python3.7/site-packages/airflow/example_dags/example_local_kubernetes_executor.py took 0.092 seconds
[2023-07-26 23:51:38,643] {processor.py:153} INFO - Started process (PID=276) to work on /home/airflow/.local/lib/python3.7/site-packages/airflow/example_dags/example_local_kubernetes_executor.py
[2023-07-26 23:51:38,644] {processor.py:641} INFO - Processing file /home/airflow/.local/lib/python3.7/site-packages/airflow/example_dags/example_local_kubernetes_executor.py for tasks to queue
[2023-07-26 23:51:38,646] {logging_mixin.py:115} INFO - [2023-07-26 23:51:38,646] {dagbag.py:508} INFO - Filling up the DagBag from /home/airflow/.local/lib/python3.7/site-packages/airflow/example_dags/example_local_kubernetes_executor.py
[2023-07-26 23:51:38,658] {processor.py:651} INFO - DAG(s) dict_keys(['example_local_kubernetes_executor']) retrieved from /home/airflow/.local/lib/python3.7/site-packages/airflow/example_dags/example_local_kubernetes_executor.py
[2023-07-26 23:51:38,679] {logging_mixin.py:115} INFO - [2023-07-26 23:51:38,679] {dag.py:2420} INFO - Sync 1 DAGs
[2023-07-26 23:51:38,699] {logging_mixin.py:115} INFO - [2023-07-26 23:51:38,699] {dag.py:2972} INFO - Setting next_dagrun for example_local_kubernetes_executor to None, run_after=None
[2023-07-26 23:51:38,715] {processor.py:161} INFO - Processing /home/airflow/.local/lib/python3.7/site-packages/airflow/example_dags/example_local_kubernetes_executor.py took 0.075 seconds
[2023-07-26 23:52:08,894] {processor.py:153} INFO - Started process (PID=339) to work on /home/airflow/.local/lib/python3.7/site-packages/airflow/example_dags/example_local_kubernetes_executor.py
[2023-07-26 23:52:08,896] {processor.py:641} INFO - Processing file /home/airflow/.local/lib/python3.7/site-packages/airflow/example_dags/example_local_kubernetes_executor.py for tasks to queue
[2023-07-26 23:52:08,898] {logging_mixin.py:115} INFO - [2023-07-26 23:52:08,898] {dagbag.py:508} INFO - Filling up the DagBag from /home/airflow/.local/lib/python3.7/site-packages/airflow/example_dags/example_local_kubernetes_executor.py
[2023-07-26 23:52:08,919] {processor.py:651} INFO - DAG(s) dict_keys(['example_local_kubernetes_executor']) retrieved from /home/airflow/.local/lib/python3.7/site-packages/airflow/example_dags/example_local_kubernetes_executor.py
[2023-07-26 23:52:08,954] {logging_mixin.py:115} INFO - [2023-07-26 23:52:08,954] {dag.py:2420} INFO - Sync 1 DAGs
[2023-07-26 23:52:08,983] {logging_mixin.py:115} INFO - [2023-07-26 23:52:08,983] {dag.py:2972} INFO - Setting next_dagrun for example_local_kubernetes_executor to None, run_after=None
[2023-07-26 23:52:09,001] {processor.py:161} INFO - Processing /home/airflow/.local/lib/python3.7/site-packages/airflow/example_dags/example_local_kubernetes_executor.py took 0.111 seconds
[2023-07-26 23:52:39,086] {processor.py:153} INFO - Started process (PID=402) to work on /home/airflow/.local/lib/python3.7/site-packages/airflow/example_dags/example_local_kubernetes_executor.py
[2023-07-26 23:52:39,087] {processor.py:641} INFO - Processing file /home/airflow/.local/lib/python3.7/site-packages/airflow/example_dags/example_local_kubernetes_executor.py for tasks to queue
[2023-07-26 23:52:39,088] {logging_mixin.py:115} INFO - [2023-07-26 23:52:39,088] {dagbag.py:508} INFO - Filling up the DagBag from /home/airflow/.local/lib/python3.7/site-packages/airflow/example_dags/example_local_kubernetes_executor.py
[2023-07-26 23:52:39,100] {processor.py:651} INFO - DAG(s) dict_keys(['example_local_kubernetes_executor']) retrieved from /home/airflow/.local/lib/python3.7/site-packages/airflow/example_dags/example_local_kubernetes_executor.py
[2023-07-26 23:52:39,121] {logging_mixin.py:115} INFO - [2023-07-26 23:52:39,121] {dag.py:2420} INFO - Sync 1 DAGs
[2023-07-26 23:52:39,136] {logging_mixin.py:115} INFO - [2023-07-26 23:52:39,136] {dag.py:2972} INFO - Setting next_dagrun for example_local_kubernetes_executor to None, run_after=None
[2023-07-26 23:52:39,169] {processor.py:161} INFO - Processing /home/airflow/.local/lib/python3.7/site-packages/airflow/example_dags/example_local_kubernetes_executor.py took 0.085 seconds
[2023-07-26 23:53:09,258] {processor.py:153} INFO - Started process (PID=464) to work on /home/airflow/.local/lib/python3.7/site-packages/airflow/example_dags/example_local_kubernetes_executor.py
[2023-07-26 23:53:09,259] {processor.py:641} INFO - Processing file /home/airflow/.local/lib/python3.7/site-packages/airflow/example_dags/example_local_kubernetes_executor.py for tasks to queue
[2023-07-26 23:53:09,260] {logging_mixin.py:115} INFO - [2023-07-26 23:53:09,260] {dagbag.py:508} INFO - Filling up the DagBag from /home/airflow/.local/lib/python3.7/site-packages/airflow/example_dags/example_local_kubernetes_executor.py
[2023-07-26 23:53:09,273] {processor.py:651} INFO - DAG(s) dict_keys(['example_local_kubernetes_executor']) retrieved from /home/airflow/.local/lib/python3.7/site-packages/airflow/example_dags/example_local_kubernetes_executor.py
[2023-07-26 23:53:09,296] {logging_mixin.py:115} INFO - [2023-07-26 23:53:09,296] {dag.py:2420} INFO - Sync 1 DAGs
[2023-07-26 23:53:09,314] {logging_mixin.py:115} INFO - [2023-07-26 23:53:09,314] {dag.py:2972} INFO - Setting next_dagrun for example_local_kubernetes_executor to None, run_after=None
[2023-07-26 23:53:09,327] {processor.py:161} INFO - Processing /home/airflow/.local/lib/python3.7/site-packages/airflow/example_dags/example_local_kubernetes_executor.py took 0.072 seconds
[2023-07-26 23:53:39,578] {processor.py:153} INFO - Started process (PID=518) to work on /home/airflow/.local/lib/python3.7/site-packages/airflow/example_dags/example_local_kubernetes_executor.py
[2023-07-26 23:53:39,579] {processor.py:641} INFO - Processing file /home/airflow/.local/lib/python3.7/site-packages/airflow/example_dags/example_local_kubernetes_executor.py for tasks to queue
[2023-07-26 23:53:39,581] {logging_mixin.py:115} INFO - [2023-07-26 23:53:39,581] {dagbag.py:508} INFO - Filling up the DagBag from /home/airflow/.local/lib/python3.7/site-packages/airflow/example_dags/example_local_kubernetes_executor.py
[2023-07-26 23:53:39,596] {processor.py:651} INFO - DAG(s) dict_keys(['example_local_kubernetes_executor']) retrieved from /home/airflow/.local/lib/python3.7/site-packages/airflow/example_dags/example_local_kubernetes_executor.py
[2023-07-26 23:53:39,619] {logging_mixin.py:115} INFO - [2023-07-26 23:53:39,619] {dag.py:2420} INFO - Sync 1 DAGs
[2023-07-26 23:53:39,636] {logging_mixin.py:115} INFO - [2023-07-26 23:53:39,636] {dag.py:2972} INFO - Setting next_dagrun for example_local_kubernetes_executor to None, run_after=None
[2023-07-26 23:53:39,648] {processor.py:161} INFO - Processing /home/airflow/.local/lib/python3.7/site-packages/airflow/example_dags/example_local_kubernetes_executor.py took 0.075 seconds
[2023-07-26 23:54:10,482] {processor.py:153} INFO - Started process (PID=655) to work on /home/airflow/.local/lib/python3.7/site-packages/airflow/example_dags/example_local_kubernetes_executor.py
[2023-07-26 23:54:10,484] {processor.py:641} INFO - Processing file /home/airflow/.local/lib/python3.7/site-packages/airflow/example_dags/example_local_kubernetes_executor.py for tasks to queue
[2023-07-26 23:54:10,494] {logging_mixin.py:115} INFO - [2023-07-26 23:54:10,494] {dagbag.py:508} INFO - Filling up the DagBag from /home/airflow/.local/lib/python3.7/site-packages/airflow/example_dags/example_local_kubernetes_executor.py
[2023-07-26 23:54:10,598] {processor.py:651} INFO - DAG(s) dict_keys(['example_local_kubernetes_executor']) retrieved from /home/airflow/.local/lib/python3.7/site-packages/airflow/example_dags/example_local_kubernetes_executor.py
[2023-07-26 23:54:10,732] {logging_mixin.py:115} INFO - [2023-07-26 23:54:10,732] {dag.py:2420} INFO - Sync 1 DAGs
[2023-07-26 23:54:10,843] {logging_mixin.py:115} INFO - [2023-07-26 23:54:10,843] {dag.py:2972} INFO - Setting next_dagrun for example_local_kubernetes_executor to None, run_after=None
[2023-07-26 23:54:10,896] {processor.py:161} INFO - Processing /home/airflow/.local/lib/python3.7/site-packages/airflow/example_dags/example_local_kubernetes_executor.py took 0.421 seconds
