[2023-07-26 23:49:37,470] {processor.py:153} INFO - Started process (PID=36) to work on /home/airflow/.local/lib/python3.7/site-packages/airflow/example_dags/example_trigger_controller_dag.py
[2023-07-26 23:49:37,471] {processor.py:641} INFO - Processing file /home/airflow/.local/lib/python3.7/site-packages/airflow/example_dags/example_trigger_controller_dag.py for tasks to queue
[2023-07-26 23:49:37,473] {logging_mixin.py:115} INFO - [2023-07-26 23:49:37,472] {dagbag.py:508} INFO - Filling up the DagBag from /home/airflow/.local/lib/python3.7/site-packages/airflow/example_dags/example_trigger_controller_dag.py
[2023-07-26 23:49:37,477] {processor.py:651} INFO - DAG(s) dict_keys(['example_trigger_controller_dag']) retrieved from /home/airflow/.local/lib/python3.7/site-packages/airflow/example_dags/example_trigger_controller_dag.py
[2023-07-26 23:49:37,579] {logging_mixin.py:115} INFO - [2023-07-26 23:49:37,578] {manager.py:508} INFO - Created Permission View: can delete on DAG:example_trigger_controller_dag
[2023-07-26 23:49:37,595] {logging_mixin.py:115} INFO - [2023-07-26 23:49:37,595] {manager.py:508} INFO - Created Permission View: can read on DAG:example_trigger_controller_dag
[2023-07-26 23:49:37,608] {logging_mixin.py:115} INFO - [2023-07-26 23:49:37,608] {manager.py:508} INFO - Created Permission View: can edit on DAG:example_trigger_controller_dag
[2023-07-26 23:49:37,609] {logging_mixin.py:115} INFO - [2023-07-26 23:49:37,609] {dag.py:2420} INFO - Sync 1 DAGs
[2023-07-26 23:49:37,624] {logging_mixin.py:115} INFO - [2023-07-26 23:49:37,624] {dag.py:2439} INFO - Creating ORM DAG for example_trigger_controller_dag
[2023-07-26 23:49:37,639] {logging_mixin.py:115} INFO - [2023-07-26 23:49:37,639] {dag.py:2972} INFO - Setting next_dagrun for example_trigger_controller_dag to 2021-01-01T00:00:00+00:00, run_after=2021-01-01T00:00:00+00:00
[2023-07-26 23:49:37,659] {processor.py:161} INFO - Processing /home/airflow/.local/lib/python3.7/site-packages/airflow/example_dags/example_trigger_controller_dag.py took 0.193 seconds
[2023-07-26 23:50:07,897] {processor.py:153} INFO - Started process (PID=97) to work on /home/airflow/.local/lib/python3.7/site-packages/airflow/example_dags/example_trigger_controller_dag.py
[2023-07-26 23:50:07,899] {processor.py:641} INFO - Processing file /home/airflow/.local/lib/python3.7/site-packages/airflow/example_dags/example_trigger_controller_dag.py for tasks to queue
[2023-07-26 23:50:07,900] {logging_mixin.py:115} INFO - [2023-07-26 23:50:07,900] {dagbag.py:508} INFO - Filling up the DagBag from /home/airflow/.local/lib/python3.7/site-packages/airflow/example_dags/example_trigger_controller_dag.py
[2023-07-26 23:50:07,903] {processor.py:651} INFO - DAG(s) dict_keys(['example_trigger_controller_dag']) retrieved from /home/airflow/.local/lib/python3.7/site-packages/airflow/example_dags/example_trigger_controller_dag.py
[2023-07-26 23:50:07,928] {logging_mixin.py:115} INFO - [2023-07-26 23:50:07,927] {dag.py:2420} INFO - Sync 1 DAGs
[2023-07-26 23:50:07,945] {logging_mixin.py:115} INFO - [2023-07-26 23:50:07,945] {dag.py:2972} INFO - Setting next_dagrun for example_trigger_controller_dag to 2021-01-01T00:00:00+00:00, run_after=2021-01-01T00:00:00+00:00
[2023-07-26 23:50:07,956] {processor.py:161} INFO - Processing /home/airflow/.local/lib/python3.7/site-packages/airflow/example_dags/example_trigger_controller_dag.py took 0.062 seconds
[2023-07-26 23:50:38,150] {processor.py:153} INFO - Started process (PID=160) to work on /home/airflow/.local/lib/python3.7/site-packages/airflow/example_dags/example_trigger_controller_dag.py
[2023-07-26 23:50:38,151] {processor.py:641} INFO - Processing file /home/airflow/.local/lib/python3.7/site-packages/airflow/example_dags/example_trigger_controller_dag.py for tasks to queue
[2023-07-26 23:50:38,152] {logging_mixin.py:115} INFO - [2023-07-26 23:50:38,152] {dagbag.py:508} INFO - Filling up the DagBag from /home/airflow/.local/lib/python3.7/site-packages/airflow/example_dags/example_trigger_controller_dag.py
[2023-07-26 23:50:38,155] {processor.py:651} INFO - DAG(s) dict_keys(['example_trigger_controller_dag']) retrieved from /home/airflow/.local/lib/python3.7/site-packages/airflow/example_dags/example_trigger_controller_dag.py
[2023-07-26 23:50:38,176] {logging_mixin.py:115} INFO - [2023-07-26 23:50:38,176] {dag.py:2420} INFO - Sync 1 DAGs
[2023-07-26 23:50:38,193] {logging_mixin.py:115} INFO - [2023-07-26 23:50:38,193] {dag.py:2972} INFO - Setting next_dagrun for example_trigger_controller_dag to 2021-01-01T00:00:00+00:00, run_after=2021-01-01T00:00:00+00:00
[2023-07-26 23:50:38,207] {processor.py:161} INFO - Processing /home/airflow/.local/lib/python3.7/site-packages/airflow/example_dags/example_trigger_controller_dag.py took 0.059 seconds
[2023-07-26 23:51:08,413] {processor.py:153} INFO - Started process (PID=223) to work on /home/airflow/.local/lib/python3.7/site-packages/airflow/example_dags/example_trigger_controller_dag.py
[2023-07-26 23:51:08,413] {processor.py:641} INFO - Processing file /home/airflow/.local/lib/python3.7/site-packages/airflow/example_dags/example_trigger_controller_dag.py for tasks to queue
[2023-07-26 23:51:08,414] {logging_mixin.py:115} INFO - [2023-07-26 23:51:08,414] {dagbag.py:508} INFO - Filling up the DagBag from /home/airflow/.local/lib/python3.7/site-packages/airflow/example_dags/example_trigger_controller_dag.py
[2023-07-26 23:51:08,418] {processor.py:651} INFO - DAG(s) dict_keys(['example_trigger_controller_dag']) retrieved from /home/airflow/.local/lib/python3.7/site-packages/airflow/example_dags/example_trigger_controller_dag.py
[2023-07-26 23:51:08,436] {logging_mixin.py:115} INFO - [2023-07-26 23:51:08,436] {dag.py:2420} INFO - Sync 1 DAGs
[2023-07-26 23:51:08,461] {logging_mixin.py:115} INFO - [2023-07-26 23:51:08,461] {dag.py:2972} INFO - Setting next_dagrun for example_trigger_controller_dag to 2021-01-01T00:00:00+00:00, run_after=2021-01-01T00:00:00+00:00
[2023-07-26 23:51:08,498] {processor.py:161} INFO - Processing /home/airflow/.local/lib/python3.7/site-packages/airflow/example_dags/example_trigger_controller_dag.py took 0.089 seconds
[2023-07-26 23:51:38,615] {processor.py:153} INFO - Started process (PID=277) to work on /home/airflow/.local/lib/python3.7/site-packages/airflow/example_dags/example_trigger_controller_dag.py
[2023-07-26 23:51:38,617] {processor.py:641} INFO - Processing file /home/airflow/.local/lib/python3.7/site-packages/airflow/example_dags/example_trigger_controller_dag.py for tasks to queue
[2023-07-26 23:51:38,618] {logging_mixin.py:115} INFO - [2023-07-26 23:51:38,618] {dagbag.py:508} INFO - Filling up the DagBag from /home/airflow/.local/lib/python3.7/site-packages/airflow/example_dags/example_trigger_controller_dag.py
[2023-07-26 23:51:38,621] {processor.py:651} INFO - DAG(s) dict_keys(['example_trigger_controller_dag']) retrieved from /home/airflow/.local/lib/python3.7/site-packages/airflow/example_dags/example_trigger_controller_dag.py
[2023-07-26 23:51:38,651] {logging_mixin.py:115} INFO - [2023-07-26 23:51:38,651] {dag.py:2420} INFO - Sync 1 DAGs
[2023-07-26 23:51:38,669] {logging_mixin.py:115} INFO - [2023-07-26 23:51:38,669] {dag.py:2972} INFO - Setting next_dagrun for example_trigger_controller_dag to 2021-01-01T00:00:00+00:00, run_after=2021-01-01T00:00:00+00:00
[2023-07-26 23:51:38,682] {processor.py:161} INFO - Processing /home/airflow/.local/lib/python3.7/site-packages/airflow/example_dags/example_trigger_controller_dag.py took 0.070 seconds
[2023-07-26 23:52:08,894] {processor.py:153} INFO - Started process (PID=340) to work on /home/airflow/.local/lib/python3.7/site-packages/airflow/example_dags/example_trigger_controller_dag.py
[2023-07-26 23:52:08,898] {processor.py:641} INFO - Processing file /home/airflow/.local/lib/python3.7/site-packages/airflow/example_dags/example_trigger_controller_dag.py for tasks to queue
[2023-07-26 23:52:08,899] {logging_mixin.py:115} INFO - [2023-07-26 23:52:08,899] {dagbag.py:508} INFO - Filling up the DagBag from /home/airflow/.local/lib/python3.7/site-packages/airflow/example_dags/example_trigger_controller_dag.py
[2023-07-26 23:52:08,903] {processor.py:651} INFO - DAG(s) dict_keys(['example_trigger_controller_dag']) retrieved from /home/airflow/.local/lib/python3.7/site-packages/airflow/example_dags/example_trigger_controller_dag.py
[2023-07-26 23:52:08,940] {logging_mixin.py:115} INFO - [2023-07-26 23:52:08,940] {dag.py:2420} INFO - Sync 1 DAGs
[2023-07-26 23:52:08,968] {logging_mixin.py:115} INFO - [2023-07-26 23:52:08,968] {dag.py:2972} INFO - Setting next_dagrun for example_trigger_controller_dag to 2021-01-01T00:00:00+00:00, run_after=2021-01-01T00:00:00+00:00
[2023-07-26 23:52:08,985] {processor.py:161} INFO - Processing /home/airflow/.local/lib/python3.7/site-packages/airflow/example_dags/example_trigger_controller_dag.py took 0.095 seconds
[2023-07-26 23:52:39,087] {processor.py:153} INFO - Started process (PID=403) to work on /home/airflow/.local/lib/python3.7/site-packages/airflow/example_dags/example_trigger_controller_dag.py
[2023-07-26 23:52:39,088] {processor.py:641} INFO - Processing file /home/airflow/.local/lib/python3.7/site-packages/airflow/example_dags/example_trigger_controller_dag.py for tasks to queue
[2023-07-26 23:52:39,089] {logging_mixin.py:115} INFO - [2023-07-26 23:52:39,088] {dagbag.py:508} INFO - Filling up the DagBag from /home/airflow/.local/lib/python3.7/site-packages/airflow/example_dags/example_trigger_controller_dag.py
[2023-07-26 23:52:39,092] {processor.py:651} INFO - DAG(s) dict_keys(['example_trigger_controller_dag']) retrieved from /home/airflow/.local/lib/python3.7/site-packages/airflow/example_dags/example_trigger_controller_dag.py
[2023-07-26 23:52:39,115] {logging_mixin.py:115} INFO - [2023-07-26 23:52:39,115] {dag.py:2420} INFO - Sync 1 DAGs
[2023-07-26 23:52:39,133] {logging_mixin.py:115} INFO - [2023-07-26 23:52:39,133] {dag.py:2972} INFO - Setting next_dagrun for example_trigger_controller_dag to 2021-01-01T00:00:00+00:00, run_after=2021-01-01T00:00:00+00:00
[2023-07-26 23:52:39,169] {processor.py:161} INFO - Processing /home/airflow/.local/lib/python3.7/site-packages/airflow/example_dags/example_trigger_controller_dag.py took 0.084 seconds
[2023-07-26 23:53:09,255] {processor.py:153} INFO - Started process (PID=465) to work on /home/airflow/.local/lib/python3.7/site-packages/airflow/example_dags/example_trigger_controller_dag.py
[2023-07-26 23:53:09,259] {processor.py:641} INFO - Processing file /home/airflow/.local/lib/python3.7/site-packages/airflow/example_dags/example_trigger_controller_dag.py for tasks to queue
[2023-07-26 23:53:09,261] {logging_mixin.py:115} INFO - [2023-07-26 23:53:09,260] {dagbag.py:508} INFO - Filling up the DagBag from /home/airflow/.local/lib/python3.7/site-packages/airflow/example_dags/example_trigger_controller_dag.py
[2023-07-26 23:53:09,265] {processor.py:651} INFO - DAG(s) dict_keys(['example_trigger_controller_dag']) retrieved from /home/airflow/.local/lib/python3.7/site-packages/airflow/example_dags/example_trigger_controller_dag.py
[2023-07-26 23:53:09,290] {logging_mixin.py:115} INFO - [2023-07-26 23:53:09,289] {dag.py:2420} INFO - Sync 1 DAGs
[2023-07-26 23:53:09,308] {logging_mixin.py:115} INFO - [2023-07-26 23:53:09,308] {dag.py:2972} INFO - Setting next_dagrun for example_trigger_controller_dag to 2021-01-01T00:00:00+00:00, run_after=2021-01-01T00:00:00+00:00
[2023-07-26 23:53:09,321] {processor.py:161} INFO - Processing /home/airflow/.local/lib/python3.7/site-packages/airflow/example_dags/example_trigger_controller_dag.py took 0.069 seconds
[2023-07-26 23:53:39,581] {processor.py:153} INFO - Started process (PID=519) to work on /home/airflow/.local/lib/python3.7/site-packages/airflow/example_dags/example_trigger_controller_dag.py
[2023-07-26 23:53:39,581] {processor.py:641} INFO - Processing file /home/airflow/.local/lib/python3.7/site-packages/airflow/example_dags/example_trigger_controller_dag.py for tasks to queue
[2023-07-26 23:53:39,583] {logging_mixin.py:115} INFO - [2023-07-26 23:53:39,583] {dagbag.py:508} INFO - Filling up the DagBag from /home/airflow/.local/lib/python3.7/site-packages/airflow/example_dags/example_trigger_controller_dag.py
[2023-07-26 23:53:39,586] {processor.py:651} INFO - DAG(s) dict_keys(['example_trigger_controller_dag']) retrieved from /home/airflow/.local/lib/python3.7/site-packages/airflow/example_dags/example_trigger_controller_dag.py
[2023-07-26 23:53:39,610] {logging_mixin.py:115} INFO - [2023-07-26 23:53:39,610] {dag.py:2420} INFO - Sync 1 DAGs
[2023-07-26 23:53:39,630] {logging_mixin.py:115} INFO - [2023-07-26 23:53:39,630] {dag.py:2972} INFO - Setting next_dagrun for example_trigger_controller_dag to 2021-01-01T00:00:00+00:00, run_after=2021-01-01T00:00:00+00:00
[2023-07-26 23:53:39,643] {processor.py:161} INFO - Processing /home/airflow/.local/lib/python3.7/site-packages/airflow/example_dags/example_trigger_controller_dag.py took 0.065 seconds
[2023-07-26 23:54:10,487] {processor.py:153} INFO - Started process (PID=656) to work on /home/airflow/.local/lib/python3.7/site-packages/airflow/example_dags/example_trigger_controller_dag.py
[2023-07-26 23:54:10,488] {processor.py:641} INFO - Processing file /home/airflow/.local/lib/python3.7/site-packages/airflow/example_dags/example_trigger_controller_dag.py for tasks to queue
[2023-07-26 23:54:10,492] {logging_mixin.py:115} INFO - [2023-07-26 23:54:10,492] {dagbag.py:508} INFO - Filling up the DagBag from /home/airflow/.local/lib/python3.7/site-packages/airflow/example_dags/example_trigger_controller_dag.py
[2023-07-26 23:54:10,567] {processor.py:651} INFO - DAG(s) dict_keys(['example_trigger_controller_dag']) retrieved from /home/airflow/.local/lib/python3.7/site-packages/airflow/example_dags/example_trigger_controller_dag.py
[2023-07-26 23:54:10,733] {logging_mixin.py:115} INFO - [2023-07-26 23:54:10,733] {dag.py:2420} INFO - Sync 1 DAGs
[2023-07-26 23:54:10,847] {logging_mixin.py:115} INFO - [2023-07-26 23:54:10,846] {dag.py:2972} INFO - Setting next_dagrun for example_trigger_controller_dag to 2021-01-01T00:00:00+00:00, run_after=2021-01-01T00:00:00+00:00
[2023-07-26 23:54:10,896] {processor.py:161} INFO - Processing /home/airflow/.local/lib/python3.7/site-packages/airflow/example_dags/example_trigger_controller_dag.py took 0.414 seconds
