[2023-07-26 23:49:40,903] {processor.py:153} INFO - Started process (PID=57) to work on /home/airflow/.local/lib/python3.7/site-packages/airflow/example_dags/example_dag_decorator.py
[2023-07-26 23:49:40,906] {processor.py:641} INFO - Processing file /home/airflow/.local/lib/python3.7/site-packages/airflow/example_dags/example_dag_decorator.py for tasks to queue
[2023-07-26 23:49:40,907] {logging_mixin.py:115} INFO - [2023-07-26 23:49:40,907] {dagbag.py:508} INFO - Filling up the DagBag from /home/airflow/.local/lib/python3.7/site-packages/airflow/example_dags/example_dag_decorator.py
[2023-07-26 23:49:40,945] {processor.py:651} INFO - DAG(s) dict_keys(['example_dag_decorator']) retrieved from /home/airflow/.local/lib/python3.7/site-packages/airflow/example_dags/example_dag_decorator.py
[2023-07-26 23:49:41,099] {logging_mixin.py:115} INFO - [2023-07-26 23:49:41,099] {manager.py:508} INFO - Created Permission View: can delete on DAG:example_dag_decorator
[2023-07-26 23:49:41,114] {logging_mixin.py:115} INFO - [2023-07-26 23:49:41,114] {manager.py:508} INFO - Created Permission View: can read on DAG:example_dag_decorator
[2023-07-26 23:49:41,128] {logging_mixin.py:115} INFO - [2023-07-26 23:49:41,128] {manager.py:508} INFO - Created Permission View: can edit on DAG:example_dag_decorator
[2023-07-26 23:49:41,129] {logging_mixin.py:115} INFO - [2023-07-26 23:49:41,129] {dag.py:2420} INFO - Sync 1 DAGs
[2023-07-26 23:49:41,138] {logging_mixin.py:115} INFO - [2023-07-26 23:49:41,138] {dag.py:2439} INFO - Creating ORM DAG for example_dag_decorator
[2023-07-26 23:49:41,152] {logging_mixin.py:115} INFO - [2023-07-26 23:49:41,152] {dag.py:2972} INFO - Setting next_dagrun for example_dag_decorator to None, run_after=None
[2023-07-26 23:49:41,168] {processor.py:161} INFO - Processing /home/airflow/.local/lib/python3.7/site-packages/airflow/example_dags/example_dag_decorator.py took 0.269 seconds
[2023-07-26 23:50:11,785] {processor.py:153} INFO - Started process (PID=111) to work on /home/airflow/.local/lib/python3.7/site-packages/airflow/example_dags/example_dag_decorator.py
[2023-07-26 23:50:11,786] {processor.py:641} INFO - Processing file /home/airflow/.local/lib/python3.7/site-packages/airflow/example_dags/example_dag_decorator.py for tasks to queue
[2023-07-26 23:50:11,787] {logging_mixin.py:115} INFO - [2023-07-26 23:50:11,787] {dagbag.py:508} INFO - Filling up the DagBag from /home/airflow/.local/lib/python3.7/site-packages/airflow/example_dags/example_dag_decorator.py
[2023-07-26 23:50:11,803] {processor.py:651} INFO - DAG(s) dict_keys(['example_dag_decorator']) retrieved from /home/airflow/.local/lib/python3.7/site-packages/airflow/example_dags/example_dag_decorator.py
[2023-07-26 23:50:11,852] {logging_mixin.py:115} INFO - [2023-07-26 23:50:11,852] {dag.py:2420} INFO - Sync 1 DAGs
[2023-07-26 23:50:11,869] {logging_mixin.py:115} INFO - [2023-07-26 23:50:11,869] {dag.py:2972} INFO - Setting next_dagrun for example_dag_decorator to None, run_after=None
[2023-07-26 23:50:11,880] {processor.py:161} INFO - Processing /home/airflow/.local/lib/python3.7/site-packages/airflow/example_dags/example_dag_decorator.py took 0.097 seconds
[2023-07-26 23:50:41,985] {processor.py:153} INFO - Started process (PID=174) to work on /home/airflow/.local/lib/python3.7/site-packages/airflow/example_dags/example_dag_decorator.py
[2023-07-26 23:50:41,986] {processor.py:641} INFO - Processing file /home/airflow/.local/lib/python3.7/site-packages/airflow/example_dags/example_dag_decorator.py for tasks to queue
[2023-07-26 23:50:41,986] {logging_mixin.py:115} INFO - [2023-07-26 23:50:41,986] {dagbag.py:508} INFO - Filling up the DagBag from /home/airflow/.local/lib/python3.7/site-packages/airflow/example_dags/example_dag_decorator.py
[2023-07-26 23:50:42,002] {processor.py:651} INFO - DAG(s) dict_keys(['example_dag_decorator']) retrieved from /home/airflow/.local/lib/python3.7/site-packages/airflow/example_dags/example_dag_decorator.py
[2023-07-26 23:50:42,066] {logging_mixin.py:115} INFO - [2023-07-26 23:50:42,066] {dag.py:2420} INFO - Sync 1 DAGs
[2023-07-26 23:50:42,080] {logging_mixin.py:115} INFO - [2023-07-26 23:50:42,080] {dag.py:2972} INFO - Setting next_dagrun for example_dag_decorator to None, run_after=None
[2023-07-26 23:50:42,092] {processor.py:161} INFO - Processing /home/airflow/.local/lib/python3.7/site-packages/airflow/example_dags/example_dag_decorator.py took 0.110 seconds
[2023-07-26 23:51:12,246] {processor.py:153} INFO - Started process (PID=237) to work on /home/airflow/.local/lib/python3.7/site-packages/airflow/example_dags/example_dag_decorator.py
[2023-07-26 23:51:12,247] {processor.py:641} INFO - Processing file /home/airflow/.local/lib/python3.7/site-packages/airflow/example_dags/example_dag_decorator.py for tasks to queue
[2023-07-26 23:51:12,248] {logging_mixin.py:115} INFO - [2023-07-26 23:51:12,248] {dagbag.py:508} INFO - Filling up the DagBag from /home/airflow/.local/lib/python3.7/site-packages/airflow/example_dags/example_dag_decorator.py
[2023-07-26 23:51:12,264] {processor.py:651} INFO - DAG(s) dict_keys(['example_dag_decorator']) retrieved from /home/airflow/.local/lib/python3.7/site-packages/airflow/example_dags/example_dag_decorator.py
[2023-07-26 23:51:12,310] {logging_mixin.py:115} INFO - [2023-07-26 23:51:12,310] {dag.py:2420} INFO - Sync 1 DAGs
[2023-07-26 23:51:12,326] {logging_mixin.py:115} INFO - [2023-07-26 23:51:12,326] {dag.py:2972} INFO - Setting next_dagrun for example_dag_decorator to None, run_after=None
[2023-07-26 23:51:12,337] {processor.py:161} INFO - Processing /home/airflow/.local/lib/python3.7/site-packages/airflow/example_dags/example_dag_decorator.py took 0.093 seconds
[2023-07-26 23:51:42,408] {processor.py:153} INFO - Started process (PID=300) to work on /home/airflow/.local/lib/python3.7/site-packages/airflow/example_dags/example_dag_decorator.py
[2023-07-26 23:51:42,410] {processor.py:641} INFO - Processing file /home/airflow/.local/lib/python3.7/site-packages/airflow/example_dags/example_dag_decorator.py for tasks to queue
[2023-07-26 23:51:42,411] {logging_mixin.py:115} INFO - [2023-07-26 23:51:42,411] {dagbag.py:508} INFO - Filling up the DagBag from /home/airflow/.local/lib/python3.7/site-packages/airflow/example_dags/example_dag_decorator.py
[2023-07-26 23:51:42,428] {processor.py:651} INFO - DAG(s) dict_keys(['example_dag_decorator']) retrieved from /home/airflow/.local/lib/python3.7/site-packages/airflow/example_dags/example_dag_decorator.py
[2023-07-26 23:51:42,479] {logging_mixin.py:115} INFO - [2023-07-26 23:51:42,479] {dag.py:2420} INFO - Sync 1 DAGs
[2023-07-26 23:51:42,493] {logging_mixin.py:115} INFO - [2023-07-26 23:51:42,492] {dag.py:2972} INFO - Setting next_dagrun for example_dag_decorator to None, run_after=None
[2023-07-26 23:51:42,506] {processor.py:161} INFO - Processing /home/airflow/.local/lib/python3.7/site-packages/airflow/example_dags/example_dag_decorator.py took 0.100 seconds
[2023-07-26 23:52:12,770] {processor.py:153} INFO - Started process (PID=354) to work on /home/airflow/.local/lib/python3.7/site-packages/airflow/example_dags/example_dag_decorator.py
[2023-07-26 23:52:12,771] {processor.py:641} INFO - Processing file /home/airflow/.local/lib/python3.7/site-packages/airflow/example_dags/example_dag_decorator.py for tasks to queue
[2023-07-26 23:52:12,773] {logging_mixin.py:115} INFO - [2023-07-26 23:52:12,773] {dagbag.py:508} INFO - Filling up the DagBag from /home/airflow/.local/lib/python3.7/site-packages/airflow/example_dags/example_dag_decorator.py
[2023-07-26 23:52:12,789] {processor.py:651} INFO - DAG(s) dict_keys(['example_dag_decorator']) retrieved from /home/airflow/.local/lib/python3.7/site-packages/airflow/example_dags/example_dag_decorator.py
[2023-07-26 23:52:12,849] {logging_mixin.py:115} INFO - [2023-07-26 23:52:12,849] {dag.py:2420} INFO - Sync 1 DAGs
[2023-07-26 23:52:12,867] {logging_mixin.py:115} INFO - [2023-07-26 23:52:12,867] {dag.py:2972} INFO - Setting next_dagrun for example_dag_decorator to None, run_after=None
[2023-07-26 23:52:12,884] {processor.py:161} INFO - Processing /home/airflow/.local/lib/python3.7/site-packages/airflow/example_dags/example_dag_decorator.py took 0.117 seconds
[2023-07-26 23:52:42,977] {processor.py:153} INFO - Started process (PID=417) to work on /home/airflow/.local/lib/python3.7/site-packages/airflow/example_dags/example_dag_decorator.py
[2023-07-26 23:52:42,978] {processor.py:641} INFO - Processing file /home/airflow/.local/lib/python3.7/site-packages/airflow/example_dags/example_dag_decorator.py for tasks to queue
[2023-07-26 23:52:42,979] {logging_mixin.py:115} INFO - [2023-07-26 23:52:42,979] {dagbag.py:508} INFO - Filling up the DagBag from /home/airflow/.local/lib/python3.7/site-packages/airflow/example_dags/example_dag_decorator.py
[2023-07-26 23:52:42,997] {processor.py:651} INFO - DAG(s) dict_keys(['example_dag_decorator']) retrieved from /home/airflow/.local/lib/python3.7/site-packages/airflow/example_dags/example_dag_decorator.py
[2023-07-26 23:52:43,055] {logging_mixin.py:115} INFO - [2023-07-26 23:52:43,055] {dag.py:2420} INFO - Sync 1 DAGs
[2023-07-26 23:52:43,072] {logging_mixin.py:115} INFO - [2023-07-26 23:52:43,072] {dag.py:2972} INFO - Setting next_dagrun for example_dag_decorator to None, run_after=None
[2023-07-26 23:52:43,085] {processor.py:161} INFO - Processing /home/airflow/.local/lib/python3.7/site-packages/airflow/example_dags/example_dag_decorator.py took 0.110 seconds
[2023-07-26 23:53:13,335] {processor.py:153} INFO - Started process (PID=479) to work on /home/airflow/.local/lib/python3.7/site-packages/airflow/example_dags/example_dag_decorator.py
[2023-07-26 23:53:13,337] {processor.py:641} INFO - Processing file /home/airflow/.local/lib/python3.7/site-packages/airflow/example_dags/example_dag_decorator.py for tasks to queue
[2023-07-26 23:53:13,338] {logging_mixin.py:115} INFO - [2023-07-26 23:53:13,338] {dagbag.py:508} INFO - Filling up the DagBag from /home/airflow/.local/lib/python3.7/site-packages/airflow/example_dags/example_dag_decorator.py
[2023-07-26 23:53:13,355] {processor.py:651} INFO - DAG(s) dict_keys(['example_dag_decorator']) retrieved from /home/airflow/.local/lib/python3.7/site-packages/airflow/example_dags/example_dag_decorator.py
[2023-07-26 23:53:13,403] {logging_mixin.py:115} INFO - [2023-07-26 23:53:13,403] {dag.py:2420} INFO - Sync 1 DAGs
[2023-07-26 23:53:13,431] {logging_mixin.py:115} INFO - [2023-07-26 23:53:13,431] {dag.py:2972} INFO - Setting next_dagrun for example_dag_decorator to None, run_after=None
[2023-07-26 23:53:13,446] {processor.py:161} INFO - Processing /home/airflow/.local/lib/python3.7/site-packages/airflow/example_dags/example_dag_decorator.py took 0.113 seconds
[2023-07-26 23:53:44,327] {processor.py:153} INFO - Started process (PID=546) to work on /home/airflow/.local/lib/python3.7/site-packages/airflow/example_dags/example_dag_decorator.py
[2023-07-26 23:53:44,330] {processor.py:641} INFO - Processing file /home/airflow/.local/lib/python3.7/site-packages/airflow/example_dags/example_dag_decorator.py for tasks to queue
[2023-07-26 23:53:44,333] {logging_mixin.py:115} INFO - [2023-07-26 23:53:44,333] {dagbag.py:508} INFO - Filling up the DagBag from /home/airflow/.local/lib/python3.7/site-packages/airflow/example_dags/example_dag_decorator.py
[2023-07-26 23:53:44,526] {processor.py:651} INFO - DAG(s) dict_keys(['example_dag_decorator']) retrieved from /home/airflow/.local/lib/python3.7/site-packages/airflow/example_dags/example_dag_decorator.py
[2023-07-26 23:53:44,786] {logging_mixin.py:115} INFO - [2023-07-26 23:53:44,786] {dag.py:2420} INFO - Sync 1 DAGs
[2023-07-26 23:53:44,829] {logging_mixin.py:115} INFO - [2023-07-26 23:53:44,829] {dag.py:2972} INFO - Setting next_dagrun for example_dag_decorator to None, run_after=None
[2023-07-26 23:53:44,854] {processor.py:161} INFO - Processing /home/airflow/.local/lib/python3.7/site-packages/airflow/example_dags/example_dag_decorator.py took 0.532 seconds
[2023-07-26 23:54:15,458] {processor.py:153} INFO - Started process (PID=685) to work on /home/airflow/.local/lib/python3.7/site-packages/airflow/example_dags/example_dag_decorator.py
[2023-07-26 23:54:15,459] {processor.py:641} INFO - Processing file /home/airflow/.local/lib/python3.7/site-packages/airflow/example_dags/example_dag_decorator.py for tasks to queue
[2023-07-26 23:54:15,465] {logging_mixin.py:115} INFO - [2023-07-26 23:54:15,465] {dagbag.py:508} INFO - Filling up the DagBag from /home/airflow/.local/lib/python3.7/site-packages/airflow/example_dags/example_dag_decorator.py
[2023-07-26 23:54:15,542] {processor.py:651} INFO - DAG(s) dict_keys(['example_dag_decorator']) retrieved from /home/airflow/.local/lib/python3.7/site-packages/airflow/example_dags/example_dag_decorator.py
[2023-07-26 23:54:15,597] {logging_mixin.py:115} INFO - [2023-07-26 23:54:15,597] {dag.py:2420} INFO - Sync 1 DAGs
[2023-07-26 23:54:15,630] {logging_mixin.py:115} INFO - [2023-07-26 23:54:15,630] {dag.py:2972} INFO - Setting next_dagrun for example_dag_decorator to None, run_after=None
[2023-07-26 23:54:15,658] {processor.py:161} INFO - Processing /home/airflow/.local/lib/python3.7/site-packages/airflow/example_dags/example_dag_decorator.py took 0.208 seconds
