[2023-07-26 23:49:41,780] {processor.py:153} INFO - Started process (PID=63) to work on /home/airflow/.local/lib/python3.7/site-packages/airflow/example_dags/example_subdag_operator.py
[2023-07-26 23:49:41,782] {processor.py:641} INFO - Processing file /home/airflow/.local/lib/python3.7/site-packages/airflow/example_dags/example_subdag_operator.py for tasks to queue
[2023-07-26 23:49:41,783] {logging_mixin.py:115} INFO - [2023-07-26 23:49:41,783] {dagbag.py:508} INFO - Filling up the DagBag from /home/airflow/.local/lib/python3.7/site-packages/airflow/example_dags/example_subdag_operator.py
[2023-07-26 23:49:41,827] {processor.py:651} INFO - DAG(s) dict_keys(['example_subdag_operator.section-1', 'example_subdag_operator.section-2', 'example_subdag_operator']) retrieved from /home/airflow/.local/lib/python3.7/site-packages/airflow/example_dags/example_subdag_operator.py
[2023-07-26 23:49:41,926] {logging_mixin.py:115} INFO - [2023-07-26 23:49:41,926] {manager.py:508} INFO - Created Permission View: can delete on DAG:example_subdag_operator
[2023-07-26 23:49:41,939] {logging_mixin.py:115} INFO - [2023-07-26 23:49:41,939] {manager.py:508} INFO - Created Permission View: can read on DAG:example_subdag_operator
[2023-07-26 23:49:41,952] {logging_mixin.py:115} INFO - [2023-07-26 23:49:41,952] {manager.py:508} INFO - Created Permission View: can edit on DAG:example_subdag_operator
[2023-07-26 23:49:41,953] {logging_mixin.py:115} INFO - [2023-07-26 23:49:41,953] {dag.py:2420} INFO - Sync 3 DAGs
[2023-07-26 23:49:41,966] {logging_mixin.py:115} INFO - [2023-07-26 23:49:41,966] {dag.py:2439} INFO - Creating ORM DAG for example_subdag_operator
[2023-07-26 23:49:41,968] {logging_mixin.py:115} INFO - [2023-07-26 23:49:41,968] {dag.py:2439} INFO - Creating ORM DAG for example_subdag_operator.section-1
[2023-07-26 23:49:41,972] {logging_mixin.py:115} INFO - [2023-07-26 23:49:41,972] {dag.py:2439} INFO - Creating ORM DAG for example_subdag_operator.section-2
[2023-07-26 23:49:41,988] {logging_mixin.py:115} INFO - [2023-07-26 23:49:41,988] {dag.py:2972} INFO - Setting next_dagrun for example_subdag_operator to 2022-01-01T00:00:00+00:00, run_after=2022-01-01T00:00:00+00:00
[2023-07-26 23:49:41,990] {logging_mixin.py:115} INFO - [2023-07-26 23:49:41,989] {dag.py:2972} INFO - Setting next_dagrun for example_subdag_operator.section-1 to None, run_after=None
[2023-07-26 23:49:41,991] {logging_mixin.py:115} INFO - [2023-07-26 23:49:41,991] {dag.py:2972} INFO - Setting next_dagrun for example_subdag_operator.section-2 to None, run_after=None
[2023-07-26 23:49:42,004] {logging_mixin.py:115} INFO - [2023-07-26 23:49:42,004] {dag.py:2420} INFO - Sync 2 DAGs
[2023-07-26 23:49:42,014] {logging_mixin.py:115} INFO - [2023-07-26 23:49:42,014] {dag.py:2972} INFO - Setting next_dagrun for example_subdag_operator.section-1 to None, run_after=None
[2023-07-26 23:49:42,016] {logging_mixin.py:115} INFO - [2023-07-26 23:49:42,016] {dag.py:2972} INFO - Setting next_dagrun for example_subdag_operator.section-2 to None, run_after=None
[2023-07-26 23:49:42,028] {processor.py:161} INFO - Processing /home/airflow/.local/lib/python3.7/site-packages/airflow/example_dags/example_subdag_operator.py took 0.252 seconds
[2023-07-26 23:50:12,101] {processor.py:153} INFO - Started process (PID=117) to work on /home/airflow/.local/lib/python3.7/site-packages/airflow/example_dags/example_subdag_operator.py
[2023-07-26 23:50:12,102] {processor.py:641} INFO - Processing file /home/airflow/.local/lib/python3.7/site-packages/airflow/example_dags/example_subdag_operator.py for tasks to queue
[2023-07-26 23:50:12,103] {logging_mixin.py:115} INFO - [2023-07-26 23:50:12,102] {dagbag.py:508} INFO - Filling up the DagBag from /home/airflow/.local/lib/python3.7/site-packages/airflow/example_dags/example_subdag_operator.py
[2023-07-26 23:50:12,124] {processor.py:651} INFO - DAG(s) dict_keys(['example_subdag_operator.section-1', 'example_subdag_operator.section-2', 'example_subdag_operator']) retrieved from /home/airflow/.local/lib/python3.7/site-packages/airflow/example_dags/example_subdag_operator.py
[2023-07-26 23:50:12,148] {logging_mixin.py:115} INFO - [2023-07-26 23:50:12,148] {dag.py:2420} INFO - Sync 3 DAGs
[2023-07-26 23:50:12,163] {logging_mixin.py:115} INFO - [2023-07-26 23:50:12,162] {dag.py:2972} INFO - Setting next_dagrun for example_subdag_operator to 2022-01-01T00:00:00+00:00, run_after=2022-01-01T00:00:00+00:00
[2023-07-26 23:50:12,164] {logging_mixin.py:115} INFO - [2023-07-26 23:50:12,163] {dag.py:2972} INFO - Setting next_dagrun for example_subdag_operator.section-1 to None, run_after=None
[2023-07-26 23:50:12,164] {logging_mixin.py:115} INFO - [2023-07-26 23:50:12,164] {dag.py:2972} INFO - Setting next_dagrun for example_subdag_operator.section-2 to None, run_after=None
[2023-07-26 23:50:12,169] {logging_mixin.py:115} INFO - [2023-07-26 23:50:12,169] {dag.py:2420} INFO - Sync 2 DAGs
[2023-07-26 23:50:12,172] {logging_mixin.py:115} INFO - [2023-07-26 23:50:12,172] {dag.py:2972} INFO - Setting next_dagrun for example_subdag_operator.section-1 to None, run_after=None
[2023-07-26 23:50:12,173] {logging_mixin.py:115} INFO - [2023-07-26 23:50:12,173] {dag.py:2972} INFO - Setting next_dagrun for example_subdag_operator.section-2 to None, run_after=None
[2023-07-26 23:50:12,179] {processor.py:161} INFO - Processing /home/airflow/.local/lib/python3.7/site-packages/airflow/example_dags/example_subdag_operator.py took 0.080 seconds
[2023-07-26 23:50:42,345] {processor.py:153} INFO - Started process (PID=180) to work on /home/airflow/.local/lib/python3.7/site-packages/airflow/example_dags/example_subdag_operator.py
[2023-07-26 23:50:42,345] {processor.py:641} INFO - Processing file /home/airflow/.local/lib/python3.7/site-packages/airflow/example_dags/example_subdag_operator.py for tasks to queue
[2023-07-26 23:50:42,346] {logging_mixin.py:115} INFO - [2023-07-26 23:50:42,346] {dagbag.py:508} INFO - Filling up the DagBag from /home/airflow/.local/lib/python3.7/site-packages/airflow/example_dags/example_subdag_operator.py
[2023-07-26 23:50:42,366] {processor.py:651} INFO - DAG(s) dict_keys(['example_subdag_operator.section-1', 'example_subdag_operator.section-2', 'example_subdag_operator']) retrieved from /home/airflow/.local/lib/python3.7/site-packages/airflow/example_dags/example_subdag_operator.py
[2023-07-26 23:50:42,389] {logging_mixin.py:115} INFO - [2023-07-26 23:50:42,389] {dag.py:2420} INFO - Sync 3 DAGs
[2023-07-26 23:50:42,407] {logging_mixin.py:115} INFO - [2023-07-26 23:50:42,407] {dag.py:2972} INFO - Setting next_dagrun for example_subdag_operator to 2022-01-01T00:00:00+00:00, run_after=2022-01-01T00:00:00+00:00
[2023-07-26 23:50:42,418] {logging_mixin.py:115} INFO - [2023-07-26 23:50:42,418] {dag.py:2972} INFO - Setting next_dagrun for example_subdag_operator.section-1 to None, run_after=None
[2023-07-26 23:50:42,418] {logging_mixin.py:115} INFO - [2023-07-26 23:50:42,418] {dag.py:2972} INFO - Setting next_dagrun for example_subdag_operator.section-2 to None, run_after=None
[2023-07-26 23:50:42,424] {logging_mixin.py:115} INFO - [2023-07-26 23:50:42,424] {dag.py:2420} INFO - Sync 2 DAGs
[2023-07-26 23:50:42,427] {logging_mixin.py:115} INFO - [2023-07-26 23:50:42,427] {dag.py:2972} INFO - Setting next_dagrun for example_subdag_operator.section-1 to None, run_after=None
[2023-07-26 23:50:42,428] {logging_mixin.py:115} INFO - [2023-07-26 23:50:42,428] {dag.py:2972} INFO - Setting next_dagrun for example_subdag_operator.section-2 to None, run_after=None
[2023-07-26 23:50:42,434] {processor.py:161} INFO - Processing /home/airflow/.local/lib/python3.7/site-packages/airflow/example_dags/example_subdag_operator.py took 0.092 seconds
[2023-07-26 23:51:12,588] {processor.py:153} INFO - Started process (PID=243) to work on /home/airflow/.local/lib/python3.7/site-packages/airflow/example_dags/example_subdag_operator.py
[2023-07-26 23:51:12,589] {processor.py:641} INFO - Processing file /home/airflow/.local/lib/python3.7/site-packages/airflow/example_dags/example_subdag_operator.py for tasks to queue
[2023-07-26 23:51:12,590] {logging_mixin.py:115} INFO - [2023-07-26 23:51:12,590] {dagbag.py:508} INFO - Filling up the DagBag from /home/airflow/.local/lib/python3.7/site-packages/airflow/example_dags/example_subdag_operator.py
[2023-07-26 23:51:12,612] {processor.py:651} INFO - DAG(s) dict_keys(['example_subdag_operator.section-1', 'example_subdag_operator.section-2', 'example_subdag_operator']) retrieved from /home/airflow/.local/lib/python3.7/site-packages/airflow/example_dags/example_subdag_operator.py
[2023-07-26 23:51:12,633] {logging_mixin.py:115} INFO - [2023-07-26 23:51:12,633] {dag.py:2420} INFO - Sync 3 DAGs
[2023-07-26 23:51:12,647] {logging_mixin.py:115} INFO - [2023-07-26 23:51:12,647] {dag.py:2972} INFO - Setting next_dagrun for example_subdag_operator to 2022-01-01T00:00:00+00:00, run_after=2022-01-01T00:00:00+00:00
[2023-07-26 23:51:12,648] {logging_mixin.py:115} INFO - [2023-07-26 23:51:12,648] {dag.py:2972} INFO - Setting next_dagrun for example_subdag_operator.section-1 to None, run_after=None
[2023-07-26 23:51:12,649] {logging_mixin.py:115} INFO - [2023-07-26 23:51:12,649] {dag.py:2972} INFO - Setting next_dagrun for example_subdag_operator.section-2 to None, run_after=None
[2023-07-26 23:51:12,654] {logging_mixin.py:115} INFO - [2023-07-26 23:51:12,653] {dag.py:2420} INFO - Sync 2 DAGs
[2023-07-26 23:51:12,658] {logging_mixin.py:115} INFO - [2023-07-26 23:51:12,658] {dag.py:2972} INFO - Setting next_dagrun for example_subdag_operator.section-1 to None, run_after=None
[2023-07-26 23:51:12,658] {logging_mixin.py:115} INFO - [2023-07-26 23:51:12,658] {dag.py:2972} INFO - Setting next_dagrun for example_subdag_operator.section-2 to None, run_after=None
[2023-07-26 23:51:12,665] {processor.py:161} INFO - Processing /home/airflow/.local/lib/python3.7/site-packages/airflow/example_dags/example_subdag_operator.py took 0.080 seconds
[2023-07-26 23:51:42,727] {processor.py:153} INFO - Started process (PID=306) to work on /home/airflow/.local/lib/python3.7/site-packages/airflow/example_dags/example_subdag_operator.py
[2023-07-26 23:51:42,728] {processor.py:641} INFO - Processing file /home/airflow/.local/lib/python3.7/site-packages/airflow/example_dags/example_subdag_operator.py for tasks to queue
[2023-07-26 23:51:42,729] {logging_mixin.py:115} INFO - [2023-07-26 23:51:42,729] {dagbag.py:508} INFO - Filling up the DagBag from /home/airflow/.local/lib/python3.7/site-packages/airflow/example_dags/example_subdag_operator.py
[2023-07-26 23:51:42,754] {processor.py:651} INFO - DAG(s) dict_keys(['example_subdag_operator.section-1', 'example_subdag_operator.section-2', 'example_subdag_operator']) retrieved from /home/airflow/.local/lib/python3.7/site-packages/airflow/example_dags/example_subdag_operator.py
[2023-07-26 23:51:42,780] {logging_mixin.py:115} INFO - [2023-07-26 23:51:42,780] {dag.py:2420} INFO - Sync 3 DAGs
[2023-07-26 23:51:42,798] {logging_mixin.py:115} INFO - [2023-07-26 23:51:42,798] {dag.py:2972} INFO - Setting next_dagrun for example_subdag_operator to 2022-01-01T00:00:00+00:00, run_after=2022-01-01T00:00:00+00:00
[2023-07-26 23:51:42,800] {logging_mixin.py:115} INFO - [2023-07-26 23:51:42,799] {dag.py:2972} INFO - Setting next_dagrun for example_subdag_operator.section-1 to None, run_after=None
[2023-07-26 23:51:42,800] {logging_mixin.py:115} INFO - [2023-07-26 23:51:42,800] {dag.py:2972} INFO - Setting next_dagrun for example_subdag_operator.section-2 to None, run_after=None
[2023-07-26 23:51:42,806] {logging_mixin.py:115} INFO - [2023-07-26 23:51:42,806] {dag.py:2420} INFO - Sync 2 DAGs
[2023-07-26 23:51:42,812] {logging_mixin.py:115} INFO - [2023-07-26 23:51:42,811] {dag.py:2972} INFO - Setting next_dagrun for example_subdag_operator.section-1 to None, run_after=None
[2023-07-26 23:51:42,812] {logging_mixin.py:115} INFO - [2023-07-26 23:51:42,812] {dag.py:2972} INFO - Setting next_dagrun for example_subdag_operator.section-2 to None, run_after=None
[2023-07-26 23:51:42,819] {processor.py:161} INFO - Processing /home/airflow/.local/lib/python3.7/site-packages/airflow/example_dags/example_subdag_operator.py took 0.095 seconds
[2023-07-26 23:52:13,109] {processor.py:153} INFO - Started process (PID=360) to work on /home/airflow/.local/lib/python3.7/site-packages/airflow/example_dags/example_subdag_operator.py
[2023-07-26 23:52:13,111] {processor.py:641} INFO - Processing file /home/airflow/.local/lib/python3.7/site-packages/airflow/example_dags/example_subdag_operator.py for tasks to queue
[2023-07-26 23:52:13,112] {logging_mixin.py:115} INFO - [2023-07-26 23:52:13,112] {dagbag.py:508} INFO - Filling up the DagBag from /home/airflow/.local/lib/python3.7/site-packages/airflow/example_dags/example_subdag_operator.py
[2023-07-26 23:52:13,138] {processor.py:651} INFO - DAG(s) dict_keys(['example_subdag_operator.section-1', 'example_subdag_operator.section-2', 'example_subdag_operator']) retrieved from /home/airflow/.local/lib/python3.7/site-packages/airflow/example_dags/example_subdag_operator.py
[2023-07-26 23:52:13,163] {logging_mixin.py:115} INFO - [2023-07-26 23:52:13,163] {dag.py:2420} INFO - Sync 3 DAGs
[2023-07-26 23:52:13,181] {logging_mixin.py:115} INFO - [2023-07-26 23:52:13,181] {dag.py:2972} INFO - Setting next_dagrun for example_subdag_operator to 2022-01-01T00:00:00+00:00, run_after=2022-01-01T00:00:00+00:00
[2023-07-26 23:52:13,182] {logging_mixin.py:115} INFO - [2023-07-26 23:52:13,182] {dag.py:2972} INFO - Setting next_dagrun for example_subdag_operator.section-1 to None, run_after=None
[2023-07-26 23:52:13,183] {logging_mixin.py:115} INFO - [2023-07-26 23:52:13,183] {dag.py:2972} INFO - Setting next_dagrun for example_subdag_operator.section-2 to None, run_after=None
[2023-07-26 23:52:13,190] {logging_mixin.py:115} INFO - [2023-07-26 23:52:13,190] {dag.py:2420} INFO - Sync 2 DAGs
[2023-07-26 23:52:13,197] {logging_mixin.py:115} INFO - [2023-07-26 23:52:13,197] {dag.py:2972} INFO - Setting next_dagrun for example_subdag_operator.section-1 to None, run_after=None
[2023-07-26 23:52:13,198] {logging_mixin.py:115} INFO - [2023-07-26 23:52:13,198] {dag.py:2972} INFO - Setting next_dagrun for example_subdag_operator.section-2 to None, run_after=None
[2023-07-26 23:52:13,211] {processor.py:161} INFO - Processing /home/airflow/.local/lib/python3.7/site-packages/airflow/example_dags/example_subdag_operator.py took 0.104 seconds
[2023-07-26 23:52:43,309] {processor.py:153} INFO - Started process (PID=423) to work on /home/airflow/.local/lib/python3.7/site-packages/airflow/example_dags/example_subdag_operator.py
[2023-07-26 23:52:43,310] {processor.py:641} INFO - Processing file /home/airflow/.local/lib/python3.7/site-packages/airflow/example_dags/example_subdag_operator.py for tasks to queue
[2023-07-26 23:52:43,311] {logging_mixin.py:115} INFO - [2023-07-26 23:52:43,311] {dagbag.py:508} INFO - Filling up the DagBag from /home/airflow/.local/lib/python3.7/site-packages/airflow/example_dags/example_subdag_operator.py
[2023-07-26 23:52:43,333] {processor.py:651} INFO - DAG(s) dict_keys(['example_subdag_operator.section-1', 'example_subdag_operator.section-2', 'example_subdag_operator']) retrieved from /home/airflow/.local/lib/python3.7/site-packages/airflow/example_dags/example_subdag_operator.py
[2023-07-26 23:52:43,355] {logging_mixin.py:115} INFO - [2023-07-26 23:52:43,355] {dag.py:2420} INFO - Sync 3 DAGs
[2023-07-26 23:52:43,373] {logging_mixin.py:115} INFO - [2023-07-26 23:52:43,373] {dag.py:2972} INFO - Setting next_dagrun for example_subdag_operator to 2022-01-01T00:00:00+00:00, run_after=2022-01-01T00:00:00+00:00
[2023-07-26 23:52:43,374] {logging_mixin.py:115} INFO - [2023-07-26 23:52:43,374] {dag.py:2972} INFO - Setting next_dagrun for example_subdag_operator.section-1 to None, run_after=None
[2023-07-26 23:52:43,375] {logging_mixin.py:115} INFO - [2023-07-26 23:52:43,375] {dag.py:2972} INFO - Setting next_dagrun for example_subdag_operator.section-2 to None, run_after=None
[2023-07-26 23:52:43,381] {logging_mixin.py:115} INFO - [2023-07-26 23:52:43,381] {dag.py:2420} INFO - Sync 2 DAGs
[2023-07-26 23:52:43,389] {logging_mixin.py:115} INFO - [2023-07-26 23:52:43,389] {dag.py:2972} INFO - Setting next_dagrun for example_subdag_operator.section-1 to None, run_after=None
[2023-07-26 23:52:43,390] {logging_mixin.py:115} INFO - [2023-07-26 23:52:43,390] {dag.py:2972} INFO - Setting next_dagrun for example_subdag_operator.section-2 to None, run_after=None
[2023-07-26 23:52:43,397] {processor.py:161} INFO - Processing /home/airflow/.local/lib/python3.7/site-packages/airflow/example_dags/example_subdag_operator.py took 0.091 seconds
[2023-07-26 23:53:13,622] {processor.py:153} INFO - Started process (PID=485) to work on /home/airflow/.local/lib/python3.7/site-packages/airflow/example_dags/example_subdag_operator.py
[2023-07-26 23:53:13,623] {processor.py:641} INFO - Processing file /home/airflow/.local/lib/python3.7/site-packages/airflow/example_dags/example_subdag_operator.py for tasks to queue
[2023-07-26 23:53:13,624] {logging_mixin.py:115} INFO - [2023-07-26 23:53:13,624] {dagbag.py:508} INFO - Filling up the DagBag from /home/airflow/.local/lib/python3.7/site-packages/airflow/example_dags/example_subdag_operator.py
[2023-07-26 23:53:13,646] {processor.py:651} INFO - DAG(s) dict_keys(['example_subdag_operator.section-1', 'example_subdag_operator.section-2', 'example_subdag_operator']) retrieved from /home/airflow/.local/lib/python3.7/site-packages/airflow/example_dags/example_subdag_operator.py
[2023-07-26 23:53:13,671] {logging_mixin.py:115} INFO - [2023-07-26 23:53:13,671] {dag.py:2420} INFO - Sync 3 DAGs
[2023-07-26 23:53:13,685] {logging_mixin.py:115} INFO - [2023-07-26 23:53:13,685] {dag.py:2972} INFO - Setting next_dagrun for example_subdag_operator to 2022-01-01T00:00:00+00:00, run_after=2022-01-01T00:00:00+00:00
[2023-07-26 23:53:13,685] {logging_mixin.py:115} INFO - [2023-07-26 23:53:13,685] {dag.py:2972} INFO - Setting next_dagrun for example_subdag_operator.section-1 to None, run_after=None
[2023-07-26 23:53:13,686] {logging_mixin.py:115} INFO - [2023-07-26 23:53:13,686] {dag.py:2972} INFO - Setting next_dagrun for example_subdag_operator.section-2 to None, run_after=None
[2023-07-26 23:53:13,691] {logging_mixin.py:115} INFO - [2023-07-26 23:53:13,691] {dag.py:2420} INFO - Sync 2 DAGs
[2023-07-26 23:53:13,695] {logging_mixin.py:115} INFO - [2023-07-26 23:53:13,695] {dag.py:2972} INFO - Setting next_dagrun for example_subdag_operator.section-1 to None, run_after=None
[2023-07-26 23:53:13,696] {logging_mixin.py:115} INFO - [2023-07-26 23:53:13,696] {dag.py:2972} INFO - Setting next_dagrun for example_subdag_operator.section-2 to None, run_after=None
[2023-07-26 23:53:13,702] {processor.py:161} INFO - Processing /home/airflow/.local/lib/python3.7/site-packages/airflow/example_dags/example_subdag_operator.py took 0.082 seconds
[2023-07-26 23:53:45,252] {processor.py:153} INFO - Started process (PID=557) to work on /home/airflow/.local/lib/python3.7/site-packages/airflow/example_dags/example_subdag_operator.py
[2023-07-26 23:53:45,253] {processor.py:641} INFO - Processing file /home/airflow/.local/lib/python3.7/site-packages/airflow/example_dags/example_subdag_operator.py for tasks to queue
[2023-07-26 23:53:45,258] {logging_mixin.py:115} INFO - [2023-07-26 23:53:45,257] {dagbag.py:508} INFO - Filling up the DagBag from /home/airflow/.local/lib/python3.7/site-packages/airflow/example_dags/example_subdag_operator.py
[2023-07-26 23:53:45,321] {processor.py:651} INFO - DAG(s) dict_keys(['example_subdag_operator.section-1', 'example_subdag_operator.section-2', 'example_subdag_operator']) retrieved from /home/airflow/.local/lib/python3.7/site-packages/airflow/example_dags/example_subdag_operator.py
[2023-07-26 23:53:45,393] {logging_mixin.py:115} INFO - [2023-07-26 23:53:45,393] {dag.py:2420} INFO - Sync 3 DAGs
[2023-07-26 23:53:45,465] {logging_mixin.py:115} INFO - [2023-07-26 23:53:45,465] {dag.py:2972} INFO - Setting next_dagrun for example_subdag_operator to 2022-01-01T00:00:00+00:00, run_after=2022-01-01T00:00:00+00:00
[2023-07-26 23:53:45,466] {logging_mixin.py:115} INFO - [2023-07-26 23:53:45,466] {dag.py:2972} INFO - Setting next_dagrun for example_subdag_operator.section-1 to None, run_after=None
[2023-07-26 23:53:45,469] {logging_mixin.py:115} INFO - [2023-07-26 23:53:45,469] {dag.py:2972} INFO - Setting next_dagrun for example_subdag_operator.section-2 to None, run_after=None
[2023-07-26 23:53:45,484] {logging_mixin.py:115} INFO - [2023-07-26 23:53:45,484] {dag.py:2420} INFO - Sync 2 DAGs
[2023-07-26 23:53:45,492] {logging_mixin.py:115} INFO - [2023-07-26 23:53:45,492] {dag.py:2972} INFO - Setting next_dagrun for example_subdag_operator.section-1 to None, run_after=None
[2023-07-26 23:53:45,493] {logging_mixin.py:115} INFO - [2023-07-26 23:53:45,493] {dag.py:2972} INFO - Setting next_dagrun for example_subdag_operator.section-2 to None, run_after=None
[2023-07-26 23:53:45,514] {processor.py:161} INFO - Processing /home/airflow/.local/lib/python3.7/site-packages/airflow/example_dags/example_subdag_operator.py took 0.266 seconds
[2023-07-26 23:54:16,410] {processor.py:153} INFO - Started process (PID=692) to work on /home/airflow/.local/lib/python3.7/site-packages/airflow/example_dags/example_subdag_operator.py
[2023-07-26 23:54:16,413] {processor.py:641} INFO - Processing file /home/airflow/.local/lib/python3.7/site-packages/airflow/example_dags/example_subdag_operator.py for tasks to queue
[2023-07-26 23:54:16,447] {logging_mixin.py:115} INFO - [2023-07-26 23:54:16,447] {dagbag.py:508} INFO - Filling up the DagBag from /home/airflow/.local/lib/python3.7/site-packages/airflow/example_dags/example_subdag_operator.py
[2023-07-26 23:54:16,593] {processor.py:651} INFO - DAG(s) dict_keys(['example_subdag_operator.section-1', 'example_subdag_operator.section-2', 'example_subdag_operator']) retrieved from /home/airflow/.local/lib/python3.7/site-packages/airflow/example_dags/example_subdag_operator.py
[2023-07-26 23:54:16,672] {logging_mixin.py:115} INFO - [2023-07-26 23:54:16,672] {dag.py:2420} INFO - Sync 3 DAGs
[2023-07-26 23:54:16,757] {logging_mixin.py:115} INFO - [2023-07-26 23:54:16,757] {dag.py:2972} INFO - Setting next_dagrun for example_subdag_operator to 2022-01-01T00:00:00+00:00, run_after=2022-01-01T00:00:00+00:00
[2023-07-26 23:54:16,760] {logging_mixin.py:115} INFO - [2023-07-26 23:54:16,760] {dag.py:2972} INFO - Setting next_dagrun for example_subdag_operator.section-1 to None, run_after=None
[2023-07-26 23:54:16,768] {logging_mixin.py:115} INFO - [2023-07-26 23:54:16,768] {dag.py:2972} INFO - Setting next_dagrun for example_subdag_operator.section-2 to None, run_after=None
[2023-07-26 23:54:16,785] {logging_mixin.py:115} INFO - [2023-07-26 23:54:16,785] {dag.py:2420} INFO - Sync 2 DAGs
[2023-07-26 23:54:16,799] {logging_mixin.py:115} INFO - [2023-07-26 23:54:16,799] {dag.py:2972} INFO - Setting next_dagrun for example_subdag_operator.section-1 to None, run_after=None
[2023-07-26 23:54:16,800] {logging_mixin.py:115} INFO - [2023-07-26 23:54:16,800] {dag.py:2972} INFO - Setting next_dagrun for example_subdag_operator.section-2 to None, run_after=None
[2023-07-26 23:54:16,820] {processor.py:161} INFO - Processing /home/airflow/.local/lib/python3.7/site-packages/airflow/example_dags/example_subdag_operator.py took 0.414 seconds
