[2023-07-26 23:49:38,543] {processor.py:153} INFO - Started process (PID=46) to work on /home/airflow/.local/lib/python3.7/site-packages/airflow/example_dags/example_task_group.py
[2023-07-26 23:49:38,545] {processor.py:641} INFO - Processing file /home/airflow/.local/lib/python3.7/site-packages/airflow/example_dags/example_task_group.py for tasks to queue
[2023-07-26 23:49:38,546] {logging_mixin.py:115} INFO - [2023-07-26 23:49:38,546] {dagbag.py:508} INFO - Filling up the DagBag from /home/airflow/.local/lib/python3.7/site-packages/airflow/example_dags/example_task_group.py
[2023-07-26 23:49:38,564] {processor.py:651} INFO - DAG(s) dict_keys(['example_task_group']) retrieved from /home/airflow/.local/lib/python3.7/site-packages/airflow/example_dags/example_task_group.py
[2023-07-26 23:49:38,772] {logging_mixin.py:115} INFO - [2023-07-26 23:49:38,772] {manager.py:508} INFO - Created Permission View: can delete on DAG:example_task_group
[2023-07-26 23:49:38,809] {logging_mixin.py:115} INFO - [2023-07-26 23:49:38,809] {manager.py:508} INFO - Created Permission View: can read on DAG:example_task_group
[2023-07-26 23:49:38,825] {logging_mixin.py:115} INFO - [2023-07-26 23:49:38,825] {manager.py:508} INFO - Created Permission View: can edit on DAG:example_task_group
[2023-07-26 23:49:38,826] {logging_mixin.py:115} INFO - [2023-07-26 23:49:38,826] {dag.py:2420} INFO - Sync 1 DAGs
[2023-07-26 23:49:38,838] {logging_mixin.py:115} INFO - [2023-07-26 23:49:38,838] {dag.py:2439} INFO - Creating ORM DAG for example_task_group
[2023-07-26 23:49:38,864] {logging_mixin.py:115} INFO - [2023-07-26 23:49:38,864] {dag.py:2972} INFO - Setting next_dagrun for example_task_group to 2023-07-25T23:49:38.863838+00:00, run_after=2023-07-26T23:49:38.863838+00:00
[2023-07-26 23:49:38,896] {processor.py:161} INFO - Processing /home/airflow/.local/lib/python3.7/site-packages/airflow/example_dags/example_task_group.py took 0.360 seconds
[2023-07-26 23:50:09,041] {processor.py:153} INFO - Started process (PID=100) to work on /home/airflow/.local/lib/python3.7/site-packages/airflow/example_dags/example_task_group.py
[2023-07-26 23:50:09,042] {processor.py:641} INFO - Processing file /home/airflow/.local/lib/python3.7/site-packages/airflow/example_dags/example_task_group.py for tasks to queue
[2023-07-26 23:50:09,044] {logging_mixin.py:115} INFO - [2023-07-26 23:50:09,044] {dagbag.py:508} INFO - Filling up the DagBag from /home/airflow/.local/lib/python3.7/site-packages/airflow/example_dags/example_task_group.py
[2023-07-26 23:50:09,049] {processor.py:651} INFO - DAG(s) dict_keys(['example_task_group']) retrieved from /home/airflow/.local/lib/python3.7/site-packages/airflow/example_dags/example_task_group.py
[2023-07-26 23:50:09,083] {logging_mixin.py:115} INFO - [2023-07-26 23:50:09,083] {dag.py:2420} INFO - Sync 1 DAGs
[2023-07-26 23:50:09,112] {logging_mixin.py:115} INFO - [2023-07-26 23:50:09,112] {dag.py:2972} INFO - Setting next_dagrun for example_task_group to 2023-07-25T23:50:09.112020+00:00, run_after=2023-07-26T23:50:09.112020+00:00
[2023-07-26 23:50:09,130] {processor.py:161} INFO - Processing /home/airflow/.local/lib/python3.7/site-packages/airflow/example_dags/example_task_group.py took 0.091 seconds
[2023-07-26 23:50:39,390] {processor.py:153} INFO - Started process (PID=163) to work on /home/airflow/.local/lib/python3.7/site-packages/airflow/example_dags/example_task_group.py
[2023-07-26 23:50:39,391] {processor.py:641} INFO - Processing file /home/airflow/.local/lib/python3.7/site-packages/airflow/example_dags/example_task_group.py for tasks to queue
[2023-07-26 23:50:39,391] {logging_mixin.py:115} INFO - [2023-07-26 23:50:39,391] {dagbag.py:508} INFO - Filling up the DagBag from /home/airflow/.local/lib/python3.7/site-packages/airflow/example_dags/example_task_group.py
[2023-07-26 23:50:39,397] {processor.py:651} INFO - DAG(s) dict_keys(['example_task_group']) retrieved from /home/airflow/.local/lib/python3.7/site-packages/airflow/example_dags/example_task_group.py
[2023-07-26 23:50:39,422] {logging_mixin.py:115} INFO - [2023-07-26 23:50:39,422] {dag.py:2420} INFO - Sync 1 DAGs
[2023-07-26 23:50:39,462] {logging_mixin.py:115} INFO - [2023-07-26 23:50:39,462] {dag.py:2972} INFO - Setting next_dagrun for example_task_group to 2023-07-25T23:50:39.462212+00:00, run_after=2023-07-26T23:50:39.462212+00:00
[2023-07-26 23:50:39,478] {processor.py:161} INFO - Processing /home/airflow/.local/lib/python3.7/site-packages/airflow/example_dags/example_task_group.py took 0.090 seconds
[2023-07-26 23:51:09,581] {processor.py:153} INFO - Started process (PID=226) to work on /home/airflow/.local/lib/python3.7/site-packages/airflow/example_dags/example_task_group.py
[2023-07-26 23:51:09,583] {processor.py:641} INFO - Processing file /home/airflow/.local/lib/python3.7/site-packages/airflow/example_dags/example_task_group.py for tasks to queue
[2023-07-26 23:51:09,583] {logging_mixin.py:115} INFO - [2023-07-26 23:51:09,583] {dagbag.py:508} INFO - Filling up the DagBag from /home/airflow/.local/lib/python3.7/site-packages/airflow/example_dags/example_task_group.py
[2023-07-26 23:51:09,589] {processor.py:651} INFO - DAG(s) dict_keys(['example_task_group']) retrieved from /home/airflow/.local/lib/python3.7/site-packages/airflow/example_dags/example_task_group.py
[2023-07-26 23:51:09,633] {logging_mixin.py:115} INFO - [2023-07-26 23:51:09,633] {dag.py:2420} INFO - Sync 1 DAGs
[2023-07-26 23:51:09,663] {logging_mixin.py:115} INFO - [2023-07-26 23:51:09,663] {dag.py:2972} INFO - Setting next_dagrun for example_task_group to 2023-07-25T23:51:09.663021+00:00, run_after=2023-07-26T23:51:09.663021+00:00
[2023-07-26 23:51:09,679] {processor.py:161} INFO - Processing /home/airflow/.local/lib/python3.7/site-packages/airflow/example_dags/example_task_group.py took 0.100 seconds
[2023-07-26 23:51:39,831] {processor.py:153} INFO - Started process (PID=280) to work on /home/airflow/.local/lib/python3.7/site-packages/airflow/example_dags/example_task_group.py
[2023-07-26 23:51:39,832] {processor.py:641} INFO - Processing file /home/airflow/.local/lib/python3.7/site-packages/airflow/example_dags/example_task_group.py for tasks to queue
[2023-07-26 23:51:39,833] {logging_mixin.py:115} INFO - [2023-07-26 23:51:39,833] {dagbag.py:508} INFO - Filling up the DagBag from /home/airflow/.local/lib/python3.7/site-packages/airflow/example_dags/example_task_group.py
[2023-07-26 23:51:39,838] {processor.py:651} INFO - DAG(s) dict_keys(['example_task_group']) retrieved from /home/airflow/.local/lib/python3.7/site-packages/airflow/example_dags/example_task_group.py
[2023-07-26 23:51:39,867] {logging_mixin.py:115} INFO - [2023-07-26 23:51:39,867] {dag.py:2420} INFO - Sync 1 DAGs
[2023-07-26 23:51:39,890] {logging_mixin.py:115} INFO - [2023-07-26 23:51:39,890] {dag.py:2972} INFO - Setting next_dagrun for example_task_group to 2023-07-25T23:51:39.890225+00:00, run_after=2023-07-26T23:51:39.890225+00:00
[2023-07-26 23:51:39,919] {processor.py:161} INFO - Processing /home/airflow/.local/lib/python3.7/site-packages/airflow/example_dags/example_task_group.py took 0.091 seconds
[2023-07-26 23:52:10,165] {processor.py:153} INFO - Started process (PID=343) to work on /home/airflow/.local/lib/python3.7/site-packages/airflow/example_dags/example_task_group.py
[2023-07-26 23:52:10,166] {processor.py:641} INFO - Processing file /home/airflow/.local/lib/python3.7/site-packages/airflow/example_dags/example_task_group.py for tasks to queue
[2023-07-26 23:52:10,166] {logging_mixin.py:115} INFO - [2023-07-26 23:52:10,166] {dagbag.py:508} INFO - Filling up the DagBag from /home/airflow/.local/lib/python3.7/site-packages/airflow/example_dags/example_task_group.py
[2023-07-26 23:52:10,171] {processor.py:651} INFO - DAG(s) dict_keys(['example_task_group']) retrieved from /home/airflow/.local/lib/python3.7/site-packages/airflow/example_dags/example_task_group.py
[2023-07-26 23:52:10,190] {logging_mixin.py:115} INFO - [2023-07-26 23:52:10,190] {dag.py:2420} INFO - Sync 1 DAGs
[2023-07-26 23:52:10,205] {logging_mixin.py:115} INFO - [2023-07-26 23:52:10,205] {dag.py:2972} INFO - Setting next_dagrun for example_task_group to 2023-07-25T23:52:10.204868+00:00, run_after=2023-07-26T23:52:10.204868+00:00
[2023-07-26 23:52:10,216] {processor.py:161} INFO - Processing /home/airflow/.local/lib/python3.7/site-packages/airflow/example_dags/example_task_group.py took 0.054 seconds
[2023-07-26 23:52:40,341] {processor.py:153} INFO - Started process (PID=406) to work on /home/airflow/.local/lib/python3.7/site-packages/airflow/example_dags/example_task_group.py
[2023-07-26 23:52:40,342] {processor.py:641} INFO - Processing file /home/airflow/.local/lib/python3.7/site-packages/airflow/example_dags/example_task_group.py for tasks to queue
[2023-07-26 23:52:40,343] {logging_mixin.py:115} INFO - [2023-07-26 23:52:40,343] {dagbag.py:508} INFO - Filling up the DagBag from /home/airflow/.local/lib/python3.7/site-packages/airflow/example_dags/example_task_group.py
[2023-07-26 23:52:40,348] {processor.py:651} INFO - DAG(s) dict_keys(['example_task_group']) retrieved from /home/airflow/.local/lib/python3.7/site-packages/airflow/example_dags/example_task_group.py
[2023-07-26 23:52:40,365] {logging_mixin.py:115} INFO - [2023-07-26 23:52:40,365] {dag.py:2420} INFO - Sync 1 DAGs
[2023-07-26 23:52:40,380] {logging_mixin.py:115} INFO - [2023-07-26 23:52:40,379] {dag.py:2972} INFO - Setting next_dagrun for example_task_group to 2023-07-25T23:52:40.379825+00:00, run_after=2023-07-26T23:52:40.379825+00:00
[2023-07-26 23:52:40,390] {processor.py:161} INFO - Processing /home/airflow/.local/lib/python3.7/site-packages/airflow/example_dags/example_task_group.py took 0.051 seconds
[2023-07-26 23:53:10,493] {processor.py:153} INFO - Started process (PID=468) to work on /home/airflow/.local/lib/python3.7/site-packages/airflow/example_dags/example_task_group.py
[2023-07-26 23:53:10,495] {processor.py:641} INFO - Processing file /home/airflow/.local/lib/python3.7/site-packages/airflow/example_dags/example_task_group.py for tasks to queue
[2023-07-26 23:53:10,496] {logging_mixin.py:115} INFO - [2023-07-26 23:53:10,496] {dagbag.py:508} INFO - Filling up the DagBag from /home/airflow/.local/lib/python3.7/site-packages/airflow/example_dags/example_task_group.py
[2023-07-26 23:53:10,503] {processor.py:651} INFO - DAG(s) dict_keys(['example_task_group']) retrieved from /home/airflow/.local/lib/python3.7/site-packages/airflow/example_dags/example_task_group.py
[2023-07-26 23:53:10,526] {logging_mixin.py:115} INFO - [2023-07-26 23:53:10,526] {dag.py:2420} INFO - Sync 1 DAGs
[2023-07-26 23:53:10,546] {logging_mixin.py:115} INFO - [2023-07-26 23:53:10,546] {dag.py:2972} INFO - Setting next_dagrun for example_task_group to 2023-07-25T23:53:10.546484+00:00, run_after=2023-07-26T23:53:10.546484+00:00
[2023-07-26 23:53:10,557] {processor.py:161} INFO - Processing /home/airflow/.local/lib/python3.7/site-packages/airflow/example_dags/example_task_group.py took 0.067 seconds
[2023-07-26 23:53:40,941] {processor.py:153} INFO - Started process (PID=526) to work on /home/airflow/.local/lib/python3.7/site-packages/airflow/example_dags/example_task_group.py
[2023-07-26 23:53:40,949] {processor.py:641} INFO - Processing file /home/airflow/.local/lib/python3.7/site-packages/airflow/example_dags/example_task_group.py for tasks to queue
[2023-07-26 23:53:40,952] {logging_mixin.py:115} INFO - [2023-07-26 23:53:40,952] {dagbag.py:508} INFO - Filling up the DagBag from /home/airflow/.local/lib/python3.7/site-packages/airflow/example_dags/example_task_group.py
[2023-07-26 23:53:40,977] {processor.py:651} INFO - DAG(s) dict_keys(['example_task_group']) retrieved from /home/airflow/.local/lib/python3.7/site-packages/airflow/example_dags/example_task_group.py
[2023-07-26 23:53:41,087] {logging_mixin.py:115} INFO - [2023-07-26 23:53:41,087] {dag.py:2420} INFO - Sync 1 DAGs
[2023-07-26 23:53:41,134] {logging_mixin.py:115} INFO - [2023-07-26 23:53:41,134] {dag.py:2972} INFO - Setting next_dagrun for example_task_group to 2023-07-25T23:53:41.133943+00:00, run_after=2023-07-26T23:53:41.133943+00:00
[2023-07-26 23:53:41,156] {processor.py:161} INFO - Processing /home/airflow/.local/lib/python3.7/site-packages/airflow/example_dags/example_task_group.py took 0.225 seconds
[2023-07-26 23:54:11,319] {processor.py:153} INFO - Started process (PID=659) to work on /home/airflow/.local/lib/python3.7/site-packages/airflow/example_dags/example_task_group.py
[2023-07-26 23:54:11,321] {processor.py:641} INFO - Processing file /home/airflow/.local/lib/python3.7/site-packages/airflow/example_dags/example_task_group.py for tasks to queue
[2023-07-26 23:54:11,324] {logging_mixin.py:115} INFO - [2023-07-26 23:54:11,324] {dagbag.py:508} INFO - Filling up the DagBag from /home/airflow/.local/lib/python3.7/site-packages/airflow/example_dags/example_task_group.py
[2023-07-26 23:54:11,338] {processor.py:651} INFO - DAG(s) dict_keys(['example_task_group']) retrieved from /home/airflow/.local/lib/python3.7/site-packages/airflow/example_dags/example_task_group.py
[2023-07-26 23:54:11,400] {logging_mixin.py:115} INFO - [2023-07-26 23:54:11,400] {dag.py:2420} INFO - Sync 1 DAGs
[2023-07-26 23:54:11,471] {logging_mixin.py:115} INFO - [2023-07-26 23:54:11,471] {dag.py:2972} INFO - Setting next_dagrun for example_task_group to 2023-07-25T23:54:11.457907+00:00, run_after=2023-07-26T23:54:11.457907+00:00
[2023-07-26 23:54:11,497] {processor.py:161} INFO - Processing /home/airflow/.local/lib/python3.7/site-packages/airflow/example_dags/example_task_group.py took 0.186 seconds
