[2023-07-26 23:49:41,221] {processor.py:153} INFO - Started process (PID=59) to work on /home/airflow/.local/lib/python3.7/site-packages/airflow/example_dags/example_branch_operator.py
[2023-07-26 23:49:41,222] {processor.py:641} INFO - Processing file /home/airflow/.local/lib/python3.7/site-packages/airflow/example_dags/example_branch_operator.py for tasks to queue
[2023-07-26 23:49:41,224] {logging_mixin.py:115} INFO - [2023-07-26 23:49:41,224] {dagbag.py:508} INFO - Filling up the DagBag from /home/airflow/.local/lib/python3.7/site-packages/airflow/example_dags/example_branch_operator.py
[2023-07-26 23:49:41,241] {processor.py:651} INFO - DAG(s) dict_keys(['example_branch_operator']) retrieved from /home/airflow/.local/lib/python3.7/site-packages/airflow/example_dags/example_branch_operator.py
[2023-07-26 23:49:41,395] {logging_mixin.py:115} INFO - [2023-07-26 23:49:41,395] {manager.py:508} INFO - Created Permission View: can delete on DAG:example_branch_operator
[2023-07-26 23:49:41,411] {logging_mixin.py:115} INFO - [2023-07-26 23:49:41,411] {manager.py:508} INFO - Created Permission View: can read on DAG:example_branch_operator
[2023-07-26 23:49:41,419] {logging_mixin.py:115} INFO - [2023-07-26 23:49:41,419] {manager.py:508} INFO - Created Permission View: can edit on DAG:example_branch_operator
[2023-07-26 23:49:41,420] {logging_mixin.py:115} INFO - [2023-07-26 23:49:41,420] {dag.py:2420} INFO - Sync 1 DAGs
[2023-07-26 23:49:41,433] {logging_mixin.py:115} INFO - [2023-07-26 23:49:41,433] {dag.py:2439} INFO - Creating ORM DAG for example_branch_operator
[2023-07-26 23:49:41,451] {logging_mixin.py:115} INFO - [2023-07-26 23:49:41,451] {dag.py:2972} INFO - Setting next_dagrun for example_branch_operator to 2023-07-25T00:00:00+00:00, run_after=2023-07-26T00:00:00+00:00
[2023-07-26 23:49:41,471] {processor.py:161} INFO - Processing /home/airflow/.local/lib/python3.7/site-packages/airflow/example_dags/example_branch_operator.py took 0.254 seconds
[2023-07-26 23:50:11,916] {processor.py:153} INFO - Started process (PID=113) to work on /home/airflow/.local/lib/python3.7/site-packages/airflow/example_dags/example_branch_operator.py
[2023-07-26 23:50:11,917] {processor.py:641} INFO - Processing file /home/airflow/.local/lib/python3.7/site-packages/airflow/example_dags/example_branch_operator.py for tasks to queue
[2023-07-26 23:50:11,918] {logging_mixin.py:115} INFO - [2023-07-26 23:50:11,918] {dagbag.py:508} INFO - Filling up the DagBag from /home/airflow/.local/lib/python3.7/site-packages/airflow/example_dags/example_branch_operator.py
[2023-07-26 23:50:11,926] {processor.py:651} INFO - DAG(s) dict_keys(['example_branch_operator']) retrieved from /home/airflow/.local/lib/python3.7/site-packages/airflow/example_dags/example_branch_operator.py
[2023-07-26 23:50:11,947] {logging_mixin.py:115} INFO - [2023-07-26 23:50:11,947] {dag.py:2420} INFO - Sync 1 DAGs
[2023-07-26 23:50:11,970] {logging_mixin.py:115} INFO - [2023-07-26 23:50:11,970] {dag.py:2972} INFO - Setting next_dagrun for example_branch_operator to 2023-07-25T00:00:00+00:00, run_after=2023-07-26T00:00:00+00:00
[2023-07-26 23:50:11,982] {processor.py:161} INFO - Processing /home/airflow/.local/lib/python3.7/site-packages/airflow/example_dags/example_branch_operator.py took 0.068 seconds
[2023-07-26 23:50:42,140] {processor.py:153} INFO - Started process (PID=176) to work on /home/airflow/.local/lib/python3.7/site-packages/airflow/example_dags/example_branch_operator.py
[2023-07-26 23:50:42,141] {processor.py:641} INFO - Processing file /home/airflow/.local/lib/python3.7/site-packages/airflow/example_dags/example_branch_operator.py for tasks to queue
[2023-07-26 23:50:42,142] {logging_mixin.py:115} INFO - [2023-07-26 23:50:42,141] {dagbag.py:508} INFO - Filling up the DagBag from /home/airflow/.local/lib/python3.7/site-packages/airflow/example_dags/example_branch_operator.py
[2023-07-26 23:50:42,150] {processor.py:651} INFO - DAG(s) dict_keys(['example_branch_operator']) retrieved from /home/airflow/.local/lib/python3.7/site-packages/airflow/example_dags/example_branch_operator.py
[2023-07-26 23:50:42,167] {logging_mixin.py:115} INFO - [2023-07-26 23:50:42,167] {dag.py:2420} INFO - Sync 1 DAGs
[2023-07-26 23:50:42,182] {logging_mixin.py:115} INFO - [2023-07-26 23:50:42,182] {dag.py:2972} INFO - Setting next_dagrun for example_branch_operator to 2023-07-25T00:00:00+00:00, run_after=2023-07-26T00:00:00+00:00
[2023-07-26 23:50:42,191] {processor.py:161} INFO - Processing /home/airflow/.local/lib/python3.7/site-packages/airflow/example_dags/example_branch_operator.py took 0.053 seconds
[2023-07-26 23:51:12,377] {processor.py:153} INFO - Started process (PID=239) to work on /home/airflow/.local/lib/python3.7/site-packages/airflow/example_dags/example_branch_operator.py
[2023-07-26 23:51:12,378] {processor.py:641} INFO - Processing file /home/airflow/.local/lib/python3.7/site-packages/airflow/example_dags/example_branch_operator.py for tasks to queue
[2023-07-26 23:51:12,379] {logging_mixin.py:115} INFO - [2023-07-26 23:51:12,379] {dagbag.py:508} INFO - Filling up the DagBag from /home/airflow/.local/lib/python3.7/site-packages/airflow/example_dags/example_branch_operator.py
[2023-07-26 23:51:12,387] {processor.py:651} INFO - DAG(s) dict_keys(['example_branch_operator']) retrieved from /home/airflow/.local/lib/python3.7/site-packages/airflow/example_dags/example_branch_operator.py
[2023-07-26 23:51:12,406] {logging_mixin.py:115} INFO - [2023-07-26 23:51:12,406] {dag.py:2420} INFO - Sync 1 DAGs
[2023-07-26 23:51:12,431] {logging_mixin.py:115} INFO - [2023-07-26 23:51:12,430] {dag.py:2972} INFO - Setting next_dagrun for example_branch_operator to 2023-07-25T00:00:00+00:00, run_after=2023-07-26T00:00:00+00:00
[2023-07-26 23:51:12,441] {processor.py:161} INFO - Processing /home/airflow/.local/lib/python3.7/site-packages/airflow/example_dags/example_branch_operator.py took 0.067 seconds
[2023-07-26 23:51:42,542] {processor.py:153} INFO - Started process (PID=302) to work on /home/airflow/.local/lib/python3.7/site-packages/airflow/example_dags/example_branch_operator.py
[2023-07-26 23:51:42,543] {processor.py:641} INFO - Processing file /home/airflow/.local/lib/python3.7/site-packages/airflow/example_dags/example_branch_operator.py for tasks to queue
[2023-07-26 23:51:42,543] {logging_mixin.py:115} INFO - [2023-07-26 23:51:42,543] {dagbag.py:508} INFO - Filling up the DagBag from /home/airflow/.local/lib/python3.7/site-packages/airflow/example_dags/example_branch_operator.py
[2023-07-26 23:51:42,552] {processor.py:651} INFO - DAG(s) dict_keys(['example_branch_operator']) retrieved from /home/airflow/.local/lib/python3.7/site-packages/airflow/example_dags/example_branch_operator.py
[2023-07-26 23:51:42,572] {logging_mixin.py:115} INFO - [2023-07-26 23:51:42,572] {dag.py:2420} INFO - Sync 1 DAGs
[2023-07-26 23:51:42,591] {logging_mixin.py:115} INFO - [2023-07-26 23:51:42,591] {dag.py:2972} INFO - Setting next_dagrun for example_branch_operator to 2023-07-25T00:00:00+00:00, run_after=2023-07-26T00:00:00+00:00
[2023-07-26 23:51:42,602] {processor.py:161} INFO - Processing /home/airflow/.local/lib/python3.7/site-packages/airflow/example_dags/example_branch_operator.py took 0.062 seconds
[2023-07-26 23:52:12,889] {processor.py:153} INFO - Started process (PID=356) to work on /home/airflow/.local/lib/python3.7/site-packages/airflow/example_dags/example_branch_operator.py
[2023-07-26 23:52:12,891] {processor.py:641} INFO - Processing file /home/airflow/.local/lib/python3.7/site-packages/airflow/example_dags/example_branch_operator.py for tasks to queue
[2023-07-26 23:52:12,893] {logging_mixin.py:115} INFO - [2023-07-26 23:52:12,893] {dagbag.py:508} INFO - Filling up the DagBag from /home/airflow/.local/lib/python3.7/site-packages/airflow/example_dags/example_branch_operator.py
[2023-07-26 23:52:12,906] {processor.py:651} INFO - DAG(s) dict_keys(['example_branch_operator']) retrieved from /home/airflow/.local/lib/python3.7/site-packages/airflow/example_dags/example_branch_operator.py
[2023-07-26 23:52:12,933] {logging_mixin.py:115} INFO - [2023-07-26 23:52:12,933] {dag.py:2420} INFO - Sync 1 DAGs
[2023-07-26 23:52:12,953] {logging_mixin.py:115} INFO - [2023-07-26 23:52:12,953] {dag.py:2972} INFO - Setting next_dagrun for example_branch_operator to 2023-07-25T00:00:00+00:00, run_after=2023-07-26T00:00:00+00:00
[2023-07-26 23:52:12,969] {processor.py:161} INFO - Processing /home/airflow/.local/lib/python3.7/site-packages/airflow/example_dags/example_branch_operator.py took 0.082 seconds
[2023-07-26 23:52:43,120] {processor.py:153} INFO - Started process (PID=419) to work on /home/airflow/.local/lib/python3.7/site-packages/airflow/example_dags/example_branch_operator.py
[2023-07-26 23:52:43,121] {processor.py:641} INFO - Processing file /home/airflow/.local/lib/python3.7/site-packages/airflow/example_dags/example_branch_operator.py for tasks to queue
[2023-07-26 23:52:43,122] {logging_mixin.py:115} INFO - [2023-07-26 23:52:43,122] {dagbag.py:508} INFO - Filling up the DagBag from /home/airflow/.local/lib/python3.7/site-packages/airflow/example_dags/example_branch_operator.py
[2023-07-26 23:52:43,130] {processor.py:651} INFO - DAG(s) dict_keys(['example_branch_operator']) retrieved from /home/airflow/.local/lib/python3.7/site-packages/airflow/example_dags/example_branch_operator.py
[2023-07-26 23:52:43,148] {logging_mixin.py:115} INFO - [2023-07-26 23:52:43,148] {dag.py:2420} INFO - Sync 1 DAGs
[2023-07-26 23:52:43,163] {logging_mixin.py:115} INFO - [2023-07-26 23:52:43,163] {dag.py:2972} INFO - Setting next_dagrun for example_branch_operator to 2023-07-25T00:00:00+00:00, run_after=2023-07-26T00:00:00+00:00
[2023-07-26 23:52:43,173] {processor.py:161} INFO - Processing /home/airflow/.local/lib/python3.7/site-packages/airflow/example_dags/example_branch_operator.py took 0.056 seconds
[2023-07-26 23:53:13,430] {processor.py:153} INFO - Started process (PID=481) to work on /home/airflow/.local/lib/python3.7/site-packages/airflow/example_dags/example_branch_operator.py
[2023-07-26 23:53:13,431] {processor.py:641} INFO - Processing file /home/airflow/.local/lib/python3.7/site-packages/airflow/example_dags/example_branch_operator.py for tasks to queue
[2023-07-26 23:53:13,432] {logging_mixin.py:115} INFO - [2023-07-26 23:53:13,432] {dagbag.py:508} INFO - Filling up the DagBag from /home/airflow/.local/lib/python3.7/site-packages/airflow/example_dags/example_branch_operator.py
[2023-07-26 23:53:13,443] {processor.py:651} INFO - DAG(s) dict_keys(['example_branch_operator']) retrieved from /home/airflow/.local/lib/python3.7/site-packages/airflow/example_dags/example_branch_operator.py
[2023-07-26 23:53:13,471] {logging_mixin.py:115} INFO - [2023-07-26 23:53:13,471] {dag.py:2420} INFO - Sync 1 DAGs
[2023-07-26 23:53:13,490] {logging_mixin.py:115} INFO - [2023-07-26 23:53:13,490] {dag.py:2972} INFO - Setting next_dagrun for example_branch_operator to 2023-07-25T00:00:00+00:00, run_after=2023-07-26T00:00:00+00:00
[2023-07-26 23:53:13,502] {processor.py:161} INFO - Processing /home/airflow/.local/lib/python3.7/site-packages/airflow/example_dags/example_branch_operator.py took 0.074 seconds
[2023-07-26 23:53:44,770] {processor.py:153} INFO - Started process (PID=548) to work on /home/airflow/.local/lib/python3.7/site-packages/airflow/example_dags/example_branch_operator.py
[2023-07-26 23:53:44,771] {processor.py:641} INFO - Processing file /home/airflow/.local/lib/python3.7/site-packages/airflow/example_dags/example_branch_operator.py for tasks to queue
[2023-07-26 23:53:44,773] {logging_mixin.py:115} INFO - [2023-07-26 23:53:44,772] {dagbag.py:508} INFO - Filling up the DagBag from /home/airflow/.local/lib/python3.7/site-packages/airflow/example_dags/example_branch_operator.py
[2023-07-26 23:53:44,791] {processor.py:651} INFO - DAG(s) dict_keys(['example_branch_operator']) retrieved from /home/airflow/.local/lib/python3.7/site-packages/airflow/example_dags/example_branch_operator.py
[2023-07-26 23:53:44,841] {logging_mixin.py:115} INFO - [2023-07-26 23:53:44,841] {dag.py:2420} INFO - Sync 1 DAGs
[2023-07-26 23:53:44,900] {logging_mixin.py:115} INFO - [2023-07-26 23:53:44,900] {dag.py:2972} INFO - Setting next_dagrun for example_branch_operator to 2023-07-25T00:00:00+00:00, run_after=2023-07-26T00:00:00+00:00
[2023-07-26 23:53:44,928] {processor.py:161} INFO - Processing /home/airflow/.local/lib/python3.7/site-packages/airflow/example_dags/example_branch_operator.py took 0.163 seconds
[2023-07-26 23:54:15,818] {processor.py:153} INFO - Started process (PID=687) to work on /home/airflow/.local/lib/python3.7/site-packages/airflow/example_dags/example_branch_operator.py
[2023-07-26 23:54:15,821] {processor.py:641} INFO - Processing file /home/airflow/.local/lib/python3.7/site-packages/airflow/example_dags/example_branch_operator.py for tasks to queue
[2023-07-26 23:54:15,828] {logging_mixin.py:115} INFO - [2023-07-26 23:54:15,828] {dagbag.py:508} INFO - Filling up the DagBag from /home/airflow/.local/lib/python3.7/site-packages/airflow/example_dags/example_branch_operator.py
[2023-07-26 23:54:15,861] {processor.py:651} INFO - DAG(s) dict_keys(['example_branch_operator']) retrieved from /home/airflow/.local/lib/python3.7/site-packages/airflow/example_dags/example_branch_operator.py
[2023-07-26 23:54:15,907] {logging_mixin.py:115} INFO - [2023-07-26 23:54:15,907] {dag.py:2420} INFO - Sync 1 DAGs
[2023-07-26 23:54:15,977] {logging_mixin.py:115} INFO - [2023-07-26 23:54:15,977] {dag.py:2972} INFO - Setting next_dagrun for example_branch_operator to 2023-07-25T00:00:00+00:00, run_after=2023-07-26T00:00:00+00:00
[2023-07-26 23:54:16,014] {processor.py:161} INFO - Processing /home/airflow/.local/lib/python3.7/site-packages/airflow/example_dags/example_branch_operator.py took 0.201 seconds
