[2023-07-26 23:49:40,445] {processor.py:153} INFO - Started process (PID=55) to work on /home/airflow/.local/lib/python3.7/site-packages/airflow/example_dags/example_xcomargs.py
[2023-07-26 23:49:40,446] {processor.py:641} INFO - Processing file /home/airflow/.local/lib/python3.7/site-packages/airflow/example_dags/example_xcomargs.py for tasks to queue
[2023-07-26 23:49:40,452] {logging_mixin.py:115} INFO - [2023-07-26 23:49:40,452] {dagbag.py:508} INFO - Filling up the DagBag from /home/airflow/.local/lib/python3.7/site-packages/airflow/example_dags/example_xcomargs.py
[2023-07-26 23:49:40,520] {processor.py:651} INFO - DAG(s) dict_keys(['example_xcom_args', 'example_xcom_args_with_operators']) retrieved from /home/airflow/.local/lib/python3.7/site-packages/airflow/example_dags/example_xcomargs.py
[2023-07-26 23:49:40,717] {logging_mixin.py:115} INFO - [2023-07-26 23:49:40,717] {manager.py:508} INFO - Created Permission View: can delete on DAG:example_xcom_args
[2023-07-26 23:49:40,740] {logging_mixin.py:115} INFO - [2023-07-26 23:49:40,739] {manager.py:508} INFO - Created Permission View: can read on DAG:example_xcom_args
[2023-07-26 23:49:40,750] {logging_mixin.py:115} INFO - [2023-07-26 23:49:40,750] {manager.py:508} INFO - Created Permission View: can edit on DAG:example_xcom_args
[2023-07-26 23:49:40,778] {logging_mixin.py:115} INFO - [2023-07-26 23:49:40,778] {manager.py:508} INFO - Created Permission View: can delete on DAG:example_xcom_args_with_operators
[2023-07-26 23:49:40,791] {logging_mixin.py:115} INFO - [2023-07-26 23:49:40,791] {manager.py:508} INFO - Created Permission View: can read on DAG:example_xcom_args_with_operators
[2023-07-26 23:49:40,802] {logging_mixin.py:115} INFO - [2023-07-26 23:49:40,802] {manager.py:508} INFO - Created Permission View: can edit on DAG:example_xcom_args_with_operators
[2023-07-26 23:49:40,804] {logging_mixin.py:115} INFO - [2023-07-26 23:49:40,804] {dag.py:2420} INFO - Sync 2 DAGs
[2023-07-26 23:49:40,813] {logging_mixin.py:115} INFO - [2023-07-26 23:49:40,813] {dag.py:2439} INFO - Creating ORM DAG for example_xcom_args_with_operators
[2023-07-26 23:49:40,814] {logging_mixin.py:115} INFO - [2023-07-26 23:49:40,814] {dag.py:2439} INFO - Creating ORM DAG for example_xcom_args
[2023-07-26 23:49:40,829] {logging_mixin.py:115} INFO - [2023-07-26 23:49:40,829] {dag.py:2972} INFO - Setting next_dagrun for example_xcom_args to None, run_after=None
[2023-07-26 23:49:40,832] {logging_mixin.py:115} INFO - [2023-07-26 23:49:40,832] {dag.py:2972} INFO - Setting next_dagrun for example_xcom_args_with_operators to None, run_after=None
[2023-07-26 23:49:40,852] {processor.py:161} INFO - Processing /home/airflow/.local/lib/python3.7/site-packages/airflow/example_dags/example_xcomargs.py took 0.411 seconds
[2023-07-26 23:50:11,644] {processor.py:153} INFO - Started process (PID=109) to work on /home/airflow/.local/lib/python3.7/site-packages/airflow/example_dags/example_xcomargs.py
[2023-07-26 23:50:11,645] {processor.py:641} INFO - Processing file /home/airflow/.local/lib/python3.7/site-packages/airflow/example_dags/example_xcomargs.py for tasks to queue
[2023-07-26 23:50:11,646] {logging_mixin.py:115} INFO - [2023-07-26 23:50:11,646] {dagbag.py:508} INFO - Filling up the DagBag from /home/airflow/.local/lib/python3.7/site-packages/airflow/example_dags/example_xcomargs.py
[2023-07-26 23:50:11,659] {processor.py:651} INFO - DAG(s) dict_keys(['example_xcom_args', 'example_xcom_args_with_operators']) retrieved from /home/airflow/.local/lib/python3.7/site-packages/airflow/example_dags/example_xcomargs.py
[2023-07-26 23:50:11,712] {logging_mixin.py:115} INFO - [2023-07-26 23:50:11,712] {dag.py:2420} INFO - Sync 2 DAGs
[2023-07-26 23:50:11,728] {logging_mixin.py:115} INFO - [2023-07-26 23:50:11,728] {dag.py:2972} INFO - Setting next_dagrun for example_xcom_args to None, run_after=None
[2023-07-26 23:50:11,732] {logging_mixin.py:115} INFO - [2023-07-26 23:50:11,732] {dag.py:2972} INFO - Setting next_dagrun for example_xcom_args_with_operators to None, run_after=None
[2023-07-26 23:50:11,745] {processor.py:161} INFO - Processing /home/airflow/.local/lib/python3.7/site-packages/airflow/example_dags/example_xcomargs.py took 0.104 seconds
[2023-07-26 23:50:41,819] {processor.py:153} INFO - Started process (PID=172) to work on /home/airflow/.local/lib/python3.7/site-packages/airflow/example_dags/example_xcomargs.py
[2023-07-26 23:50:41,820] {processor.py:641} INFO - Processing file /home/airflow/.local/lib/python3.7/site-packages/airflow/example_dags/example_xcomargs.py for tasks to queue
[2023-07-26 23:50:41,821] {logging_mixin.py:115} INFO - [2023-07-26 23:50:41,821] {dagbag.py:508} INFO - Filling up the DagBag from /home/airflow/.local/lib/python3.7/site-packages/airflow/example_dags/example_xcomargs.py
[2023-07-26 23:50:41,836] {processor.py:651} INFO - DAG(s) dict_keys(['example_xcom_args', 'example_xcom_args_with_operators']) retrieved from /home/airflow/.local/lib/python3.7/site-packages/airflow/example_dags/example_xcomargs.py
[2023-07-26 23:50:41,891] {logging_mixin.py:115} INFO - [2023-07-26 23:50:41,891] {dag.py:2420} INFO - Sync 2 DAGs
[2023-07-26 23:50:41,926] {logging_mixin.py:115} INFO - [2023-07-26 23:50:41,926] {dag.py:2972} INFO - Setting next_dagrun for example_xcom_args to None, run_after=None
[2023-07-26 23:50:41,928] {logging_mixin.py:115} INFO - [2023-07-26 23:50:41,928] {dag.py:2972} INFO - Setting next_dagrun for example_xcom_args_with_operators to None, run_after=None
[2023-07-26 23:50:41,940] {processor.py:161} INFO - Processing /home/airflow/.local/lib/python3.7/site-packages/airflow/example_dags/example_xcomargs.py took 0.123 seconds
[2023-07-26 23:51:12,110] {processor.py:153} INFO - Started process (PID=235) to work on /home/airflow/.local/lib/python3.7/site-packages/airflow/example_dags/example_xcomargs.py
[2023-07-26 23:51:12,111] {processor.py:641} INFO - Processing file /home/airflow/.local/lib/python3.7/site-packages/airflow/example_dags/example_xcomargs.py for tasks to queue
[2023-07-26 23:51:12,111] {logging_mixin.py:115} INFO - [2023-07-26 23:51:12,111] {dagbag.py:508} INFO - Filling up the DagBag from /home/airflow/.local/lib/python3.7/site-packages/airflow/example_dags/example_xcomargs.py
[2023-07-26 23:51:12,123] {processor.py:651} INFO - DAG(s) dict_keys(['example_xcom_args', 'example_xcom_args_with_operators']) retrieved from /home/airflow/.local/lib/python3.7/site-packages/airflow/example_dags/example_xcomargs.py
[2023-07-26 23:51:12,177] {logging_mixin.py:115} INFO - [2023-07-26 23:51:12,177] {dag.py:2420} INFO - Sync 2 DAGs
[2023-07-26 23:51:12,193] {logging_mixin.py:115} INFO - [2023-07-26 23:51:12,193] {dag.py:2972} INFO - Setting next_dagrun for example_xcom_args to None, run_after=None
[2023-07-26 23:51:12,197] {logging_mixin.py:115} INFO - [2023-07-26 23:51:12,197] {dag.py:2972} INFO - Setting next_dagrun for example_xcom_args_with_operators to None, run_after=None
[2023-07-26 23:51:12,208] {processor.py:161} INFO - Processing /home/airflow/.local/lib/python3.7/site-packages/airflow/example_dags/example_xcomargs.py took 0.100 seconds
[2023-07-26 23:51:42,314] {processor.py:153} INFO - Started process (PID=298) to work on /home/airflow/.local/lib/python3.7/site-packages/airflow/example_dags/example_xcomargs.py
[2023-07-26 23:51:42,315] {processor.py:641} INFO - Processing file /home/airflow/.local/lib/python3.7/site-packages/airflow/example_dags/example_xcomargs.py for tasks to queue
[2023-07-26 23:51:42,316] {logging_mixin.py:115} INFO - [2023-07-26 23:51:42,316] {dagbag.py:508} INFO - Filling up the DagBag from /home/airflow/.local/lib/python3.7/site-packages/airflow/example_dags/example_xcomargs.py
[2023-07-26 23:51:42,330] {processor.py:651} INFO - DAG(s) dict_keys(['example_xcom_args', 'example_xcom_args_with_operators']) retrieved from /home/airflow/.local/lib/python3.7/site-packages/airflow/example_dags/example_xcomargs.py
[2023-07-26 23:51:42,393] {logging_mixin.py:115} INFO - [2023-07-26 23:51:42,393] {dag.py:2420} INFO - Sync 2 DAGs
[2023-07-26 23:51:42,412] {logging_mixin.py:115} INFO - [2023-07-26 23:51:42,412] {dag.py:2972} INFO - Setting next_dagrun for example_xcom_args to None, run_after=None
[2023-07-26 23:51:42,413] {logging_mixin.py:115} INFO - [2023-07-26 23:51:42,413] {dag.py:2972} INFO - Setting next_dagrun for example_xcom_args_with_operators to None, run_after=None
[2023-07-26 23:51:42,426] {processor.py:161} INFO - Processing /home/airflow/.local/lib/python3.7/site-packages/airflow/example_dags/example_xcomargs.py took 0.114 seconds
[2023-07-26 23:52:12,521] {processor.py:153} INFO - Started process (PID=352) to work on /home/airflow/.local/lib/python3.7/site-packages/airflow/example_dags/example_xcomargs.py
[2023-07-26 23:52:12,523] {processor.py:641} INFO - Processing file /home/airflow/.local/lib/python3.7/site-packages/airflow/example_dags/example_xcomargs.py for tasks to queue
[2023-07-26 23:52:12,524] {logging_mixin.py:115} INFO - [2023-07-26 23:52:12,524] {dagbag.py:508} INFO - Filling up the DagBag from /home/airflow/.local/lib/python3.7/site-packages/airflow/example_dags/example_xcomargs.py
[2023-07-26 23:52:12,536] {processor.py:651} INFO - DAG(s) dict_keys(['example_xcom_args', 'example_xcom_args_with_operators']) retrieved from /home/airflow/.local/lib/python3.7/site-packages/airflow/example_dags/example_xcomargs.py
[2023-07-26 23:52:12,594] {logging_mixin.py:115} INFO - [2023-07-26 23:52:12,594] {dag.py:2420} INFO - Sync 2 DAGs
[2023-07-26 23:52:12,613] {logging_mixin.py:115} INFO - [2023-07-26 23:52:12,613] {dag.py:2972} INFO - Setting next_dagrun for example_xcom_args to None, run_after=None
[2023-07-26 23:52:12,615] {logging_mixin.py:115} INFO - [2023-07-26 23:52:12,615] {dag.py:2972} INFO - Setting next_dagrun for example_xcom_args_with_operators to None, run_after=None
[2023-07-26 23:52:12,626] {processor.py:161} INFO - Processing /home/airflow/.local/lib/python3.7/site-packages/airflow/example_dags/example_xcomargs.py took 0.108 seconds
[2023-07-26 23:52:42,738] {processor.py:153} INFO - Started process (PID=414) to work on /home/airflow/.local/lib/python3.7/site-packages/airflow/example_dags/example_xcomargs.py
[2023-07-26 23:52:42,742] {processor.py:641} INFO - Processing file /home/airflow/.local/lib/python3.7/site-packages/airflow/example_dags/example_xcomargs.py for tasks to queue
[2023-07-26 23:52:42,743] {logging_mixin.py:115} INFO - [2023-07-26 23:52:42,743] {dagbag.py:508} INFO - Filling up the DagBag from /home/airflow/.local/lib/python3.7/site-packages/airflow/example_dags/example_xcomargs.py
[2023-07-26 23:52:42,757] {processor.py:651} INFO - DAG(s) dict_keys(['example_xcom_args', 'example_xcom_args_with_operators']) retrieved from /home/airflow/.local/lib/python3.7/site-packages/airflow/example_dags/example_xcomargs.py
[2023-07-26 23:52:42,810] {logging_mixin.py:115} INFO - [2023-07-26 23:52:42,810] {dag.py:2420} INFO - Sync 2 DAGs
[2023-07-26 23:52:42,826] {logging_mixin.py:115} INFO - [2023-07-26 23:52:42,826] {dag.py:2972} INFO - Setting next_dagrun for example_xcom_args to None, run_after=None
[2023-07-26 23:52:42,827] {logging_mixin.py:115} INFO - [2023-07-26 23:52:42,827] {dag.py:2972} INFO - Setting next_dagrun for example_xcom_args_with_operators to None, run_after=None
[2023-07-26 23:52:42,839] {processor.py:161} INFO - Processing /home/airflow/.local/lib/python3.7/site-packages/airflow/example_dags/example_xcomargs.py took 0.104 seconds
[2023-07-26 23:53:12,909] {processor.py:153} INFO - Started process (PID=475) to work on /home/airflow/.local/lib/python3.7/site-packages/airflow/example_dags/example_xcomargs.py
[2023-07-26 23:53:12,910] {processor.py:641} INFO - Processing file /home/airflow/.local/lib/python3.7/site-packages/airflow/example_dags/example_xcomargs.py for tasks to queue
[2023-07-26 23:53:12,911] {logging_mixin.py:115} INFO - [2023-07-26 23:53:12,911] {dagbag.py:508} INFO - Filling up the DagBag from /home/airflow/.local/lib/python3.7/site-packages/airflow/example_dags/example_xcomargs.py
[2023-07-26 23:53:12,922] {processor.py:651} INFO - DAG(s) dict_keys(['example_xcom_args', 'example_xcom_args_with_operators']) retrieved from /home/airflow/.local/lib/python3.7/site-packages/airflow/example_dags/example_xcomargs.py
[2023-07-26 23:53:12,968] {logging_mixin.py:115} INFO - [2023-07-26 23:53:12,968] {dag.py:2420} INFO - Sync 2 DAGs
[2023-07-26 23:53:12,981] {logging_mixin.py:115} INFO - [2023-07-26 23:53:12,981] {dag.py:2972} INFO - Setting next_dagrun for example_xcom_args to None, run_after=None
[2023-07-26 23:53:12,982] {logging_mixin.py:115} INFO - [2023-07-26 23:53:12,982] {dag.py:2972} INFO - Setting next_dagrun for example_xcom_args_with_operators to None, run_after=None
[2023-07-26 23:53:12,992] {processor.py:161} INFO - Processing /home/airflow/.local/lib/python3.7/site-packages/airflow/example_dags/example_xcomargs.py took 0.085 seconds
[2023-07-26 23:53:43,767] {processor.py:153} INFO - Started process (PID=544) to work on /home/airflow/.local/lib/python3.7/site-packages/airflow/example_dags/example_xcomargs.py
[2023-07-26 23:53:43,772] {processor.py:641} INFO - Processing file /home/airflow/.local/lib/python3.7/site-packages/airflow/example_dags/example_xcomargs.py for tasks to queue
[2023-07-26 23:53:43,774] {logging_mixin.py:115} INFO - [2023-07-26 23:53:43,774] {dagbag.py:508} INFO - Filling up the DagBag from /home/airflow/.local/lib/python3.7/site-packages/airflow/example_dags/example_xcomargs.py
[2023-07-26 23:53:43,814] {processor.py:651} INFO - DAG(s) dict_keys(['example_xcom_args', 'example_xcom_args_with_operators']) retrieved from /home/airflow/.local/lib/python3.7/site-packages/airflow/example_dags/example_xcomargs.py
[2023-07-26 23:53:43,984] {logging_mixin.py:115} INFO - [2023-07-26 23:53:43,984] {dag.py:2420} INFO - Sync 2 DAGs
[2023-07-26 23:53:44,037] {logging_mixin.py:115} INFO - [2023-07-26 23:53:44,037] {dag.py:2972} INFO - Setting next_dagrun for example_xcom_args to None, run_after=None
[2023-07-26 23:53:44,038] {logging_mixin.py:115} INFO - [2023-07-26 23:53:44,038] {dag.py:2972} INFO - Setting next_dagrun for example_xcom_args_with_operators to None, run_after=None
[2023-07-26 23:53:44,058] {processor.py:161} INFO - Processing /home/airflow/.local/lib/python3.7/site-packages/airflow/example_dags/example_xcomargs.py took 0.298 seconds
[2023-07-26 23:54:14,174] {processor.py:153} INFO - Started process (PID=675) to work on /home/airflow/.local/lib/python3.7/site-packages/airflow/example_dags/example_xcomargs.py
[2023-07-26 23:54:14,177] {processor.py:641} INFO - Processing file /home/airflow/.local/lib/python3.7/site-packages/airflow/example_dags/example_xcomargs.py for tasks to queue
[2023-07-26 23:54:14,178] {logging_mixin.py:115} INFO - [2023-07-26 23:54:14,178] {dagbag.py:508} INFO - Filling up the DagBag from /home/airflow/.local/lib/python3.7/site-packages/airflow/example_dags/example_xcomargs.py
[2023-07-26 23:54:14,259] {processor.py:651} INFO - DAG(s) dict_keys(['example_xcom_args', 'example_xcom_args_with_operators']) retrieved from /home/airflow/.local/lib/python3.7/site-packages/airflow/example_dags/example_xcomargs.py
[2023-07-26 23:54:14,345] {logging_mixin.py:115} INFO - [2023-07-26 23:54:14,344] {dag.py:2420} INFO - Sync 2 DAGs
[2023-07-26 23:54:14,381] {logging_mixin.py:115} INFO - [2023-07-26 23:54:14,381] {dag.py:2972} INFO - Setting next_dagrun for example_xcom_args to None, run_after=None
[2023-07-26 23:54:14,382] {logging_mixin.py:115} INFO - [2023-07-26 23:54:14,382] {dag.py:2972} INFO - Setting next_dagrun for example_xcom_args_with_operators to None, run_after=None
[2023-07-26 23:54:14,398] {processor.py:161} INFO - Processing /home/airflow/.local/lib/python3.7/site-packages/airflow/example_dags/example_xcomargs.py took 0.229 seconds
