[2023-07-26 23:49:43,191] {processor.py:153} INFO - Started process (PID=72) to work on /home/airflow/.local/lib/python3.7/site-packages/airflow/example_dags/example_skip_dag.py
[2023-07-26 23:49:43,193] {processor.py:641} INFO - Processing file /home/airflow/.local/lib/python3.7/site-packages/airflow/example_dags/example_skip_dag.py for tasks to queue
[2023-07-26 23:49:43,194] {logging_mixin.py:115} INFO - [2023-07-26 23:49:43,194] {dagbag.py:508} INFO - Filling up the DagBag from /home/airflow/.local/lib/python3.7/site-packages/airflow/example_dags/example_skip_dag.py
[2023-07-26 23:49:43,204] {processor.py:651} INFO - DAG(s) dict_keys(['example_skip_dag']) retrieved from /home/airflow/.local/lib/python3.7/site-packages/airflow/example_dags/example_skip_dag.py
[2023-07-26 23:49:43,336] {logging_mixin.py:115} INFO - [2023-07-26 23:49:43,336] {manager.py:508} INFO - Created Permission View: can delete on DAG:example_skip_dag
[2023-07-26 23:49:43,355] {logging_mixin.py:115} INFO - [2023-07-26 23:49:43,355] {manager.py:508} INFO - Created Permission View: can read on DAG:example_skip_dag
[2023-07-26 23:49:43,368] {logging_mixin.py:115} INFO - [2023-07-26 23:49:43,368] {manager.py:508} INFO - Created Permission View: can edit on DAG:example_skip_dag
[2023-07-26 23:49:43,369] {logging_mixin.py:115} INFO - [2023-07-26 23:49:43,369] {dag.py:2420} INFO - Sync 1 DAGs
[2023-07-26 23:49:43,380] {logging_mixin.py:115} INFO - [2023-07-26 23:49:43,380] {dag.py:2439} INFO - Creating ORM DAG for example_skip_dag
[2023-07-26 23:49:43,401] {logging_mixin.py:115} INFO - [2023-07-26 23:49:43,400] {dag.py:2972} INFO - Setting next_dagrun for example_skip_dag to 2023-07-25T23:49:43.400561+00:00, run_after=2023-07-26T23:49:43.400561+00:00
[2023-07-26 23:49:43,424] {processor.py:161} INFO - Processing /home/airflow/.local/lib/python3.7/site-packages/airflow/example_dags/example_skip_dag.py took 0.237 seconds
[2023-07-26 23:50:13,672] {processor.py:153} INFO - Started process (PID=135) to work on /home/airflow/.local/lib/python3.7/site-packages/airflow/example_dags/example_skip_dag.py
[2023-07-26 23:50:13,673] {processor.py:641} INFO - Processing file /home/airflow/.local/lib/python3.7/site-packages/airflow/example_dags/example_skip_dag.py for tasks to queue
[2023-07-26 23:50:13,675] {logging_mixin.py:115} INFO - [2023-07-26 23:50:13,674] {dagbag.py:508} INFO - Filling up the DagBag from /home/airflow/.local/lib/python3.7/site-packages/airflow/example_dags/example_skip_dag.py
[2023-07-26 23:50:13,680] {processor.py:651} INFO - DAG(s) dict_keys(['example_skip_dag']) retrieved from /home/airflow/.local/lib/python3.7/site-packages/airflow/example_dags/example_skip_dag.py
[2023-07-26 23:50:13,712] {logging_mixin.py:115} INFO - [2023-07-26 23:50:13,712] {dag.py:2420} INFO - Sync 1 DAGs
[2023-07-26 23:50:13,731] {logging_mixin.py:115} INFO - [2023-07-26 23:50:13,731] {dag.py:2972} INFO - Setting next_dagrun for example_skip_dag to 2023-07-25T23:50:13.731346+00:00, run_after=2023-07-26T23:50:13.731346+00:00
[2023-07-26 23:50:13,745] {processor.py:161} INFO - Processing /home/airflow/.local/lib/python3.7/site-packages/airflow/example_dags/example_skip_dag.py took 0.077 seconds
[2023-07-26 23:50:44,039] {processor.py:153} INFO - Started process (PID=189) to work on /home/airflow/.local/lib/python3.7/site-packages/airflow/example_dags/example_skip_dag.py
[2023-07-26 23:50:44,040] {processor.py:641} INFO - Processing file /home/airflow/.local/lib/python3.7/site-packages/airflow/example_dags/example_skip_dag.py for tasks to queue
[2023-07-26 23:50:44,041] {logging_mixin.py:115} INFO - [2023-07-26 23:50:44,041] {dagbag.py:508} INFO - Filling up the DagBag from /home/airflow/.local/lib/python3.7/site-packages/airflow/example_dags/example_skip_dag.py
[2023-07-26 23:50:44,045] {processor.py:651} INFO - DAG(s) dict_keys(['example_skip_dag']) retrieved from /home/airflow/.local/lib/python3.7/site-packages/airflow/example_dags/example_skip_dag.py
[2023-07-26 23:50:44,065] {logging_mixin.py:115} INFO - [2023-07-26 23:50:44,065] {dag.py:2420} INFO - Sync 1 DAGs
[2023-07-26 23:50:44,080] {logging_mixin.py:115} INFO - [2023-07-26 23:50:44,080] {dag.py:2972} INFO - Setting next_dagrun for example_skip_dag to 2023-07-25T23:50:44.080350+00:00, run_after=2023-07-26T23:50:44.080350+00:00
[2023-07-26 23:50:44,092] {processor.py:161} INFO - Processing /home/airflow/.local/lib/python3.7/site-packages/airflow/example_dags/example_skip_dag.py took 0.055 seconds
[2023-07-26 23:51:15,159] {processor.py:153} INFO - Started process (PID=252) to work on /home/airflow/.local/lib/python3.7/site-packages/airflow/example_dags/example_skip_dag.py
[2023-07-26 23:51:15,160] {processor.py:641} INFO - Processing file /home/airflow/.local/lib/python3.7/site-packages/airflow/example_dags/example_skip_dag.py for tasks to queue
[2023-07-26 23:51:15,161] {logging_mixin.py:115} INFO - [2023-07-26 23:51:15,161] {dagbag.py:508} INFO - Filling up the DagBag from /home/airflow/.local/lib/python3.7/site-packages/airflow/example_dags/example_skip_dag.py
[2023-07-26 23:51:15,167] {processor.py:651} INFO - DAG(s) dict_keys(['example_skip_dag']) retrieved from /home/airflow/.local/lib/python3.7/site-packages/airflow/example_dags/example_skip_dag.py
[2023-07-26 23:51:15,196] {logging_mixin.py:115} INFO - [2023-07-26 23:51:15,196] {dag.py:2420} INFO - Sync 1 DAGs
[2023-07-26 23:51:15,219] {logging_mixin.py:115} INFO - [2023-07-26 23:51:15,218] {dag.py:2972} INFO - Setting next_dagrun for example_skip_dag to 2023-07-25T23:51:15.218596+00:00, run_after=2023-07-26T23:51:15.218596+00:00
[2023-07-26 23:51:15,231] {processor.py:161} INFO - Processing /home/airflow/.local/lib/python3.7/site-packages/airflow/example_dags/example_skip_dag.py took 0.076 seconds
[2023-07-26 23:51:45,500] {processor.py:153} INFO - Started process (PID=315) to work on /home/airflow/.local/lib/python3.7/site-packages/airflow/example_dags/example_skip_dag.py
[2023-07-26 23:51:45,501] {processor.py:641} INFO - Processing file /home/airflow/.local/lib/python3.7/site-packages/airflow/example_dags/example_skip_dag.py for tasks to queue
[2023-07-26 23:51:45,503] {logging_mixin.py:115} INFO - [2023-07-26 23:51:45,502] {dagbag.py:508} INFO - Filling up the DagBag from /home/airflow/.local/lib/python3.7/site-packages/airflow/example_dags/example_skip_dag.py
[2023-07-26 23:51:45,507] {processor.py:651} INFO - DAG(s) dict_keys(['example_skip_dag']) retrieved from /home/airflow/.local/lib/python3.7/site-packages/airflow/example_dags/example_skip_dag.py
[2023-07-26 23:51:45,534] {logging_mixin.py:115} INFO - [2023-07-26 23:51:45,534] {dag.py:2420} INFO - Sync 1 DAGs
[2023-07-26 23:51:45,557] {logging_mixin.py:115} INFO - [2023-07-26 23:51:45,557] {dag.py:2972} INFO - Setting next_dagrun for example_skip_dag to 2023-07-25T23:51:45.557307+00:00, run_after=2023-07-26T23:51:45.557307+00:00
[2023-07-26 23:51:45,597] {processor.py:161} INFO - Processing /home/airflow/.local/lib/python3.7/site-packages/airflow/example_dags/example_skip_dag.py took 0.100 seconds
[2023-07-26 23:52:15,630] {processor.py:153} INFO - Started process (PID=378) to work on /home/airflow/.local/lib/python3.7/site-packages/airflow/example_dags/example_skip_dag.py
[2023-07-26 23:52:15,631] {processor.py:641} INFO - Processing file /home/airflow/.local/lib/python3.7/site-packages/airflow/example_dags/example_skip_dag.py for tasks to queue
[2023-07-26 23:52:15,632] {logging_mixin.py:115} INFO - [2023-07-26 23:52:15,632] {dagbag.py:508} INFO - Filling up the DagBag from /home/airflow/.local/lib/python3.7/site-packages/airflow/example_dags/example_skip_dag.py
[2023-07-26 23:52:15,636] {processor.py:651} INFO - DAG(s) dict_keys(['example_skip_dag']) retrieved from /home/airflow/.local/lib/python3.7/site-packages/airflow/example_dags/example_skip_dag.py
[2023-07-26 23:52:15,660] {logging_mixin.py:115} INFO - [2023-07-26 23:52:15,660] {dag.py:2420} INFO - Sync 1 DAGs
[2023-07-26 23:52:15,680] {logging_mixin.py:115} INFO - [2023-07-26 23:52:15,680] {dag.py:2972} INFO - Setting next_dagrun for example_skip_dag to 2023-07-25T23:52:15.679913+00:00, run_after=2023-07-26T23:52:15.679913+00:00
[2023-07-26 23:52:15,692] {processor.py:161} INFO - Processing /home/airflow/.local/lib/python3.7/site-packages/airflow/example_dags/example_skip_dag.py took 0.064 seconds
[2023-07-26 23:52:45,865] {processor.py:153} INFO - Started process (PID=432) to work on /home/airflow/.local/lib/python3.7/site-packages/airflow/example_dags/example_skip_dag.py
[2023-07-26 23:52:45,866] {processor.py:641} INFO - Processing file /home/airflow/.local/lib/python3.7/site-packages/airflow/example_dags/example_skip_dag.py for tasks to queue
[2023-07-26 23:52:45,867] {logging_mixin.py:115} INFO - [2023-07-26 23:52:45,867] {dagbag.py:508} INFO - Filling up the DagBag from /home/airflow/.local/lib/python3.7/site-packages/airflow/example_dags/example_skip_dag.py
[2023-07-26 23:52:45,872] {processor.py:651} INFO - DAG(s) dict_keys(['example_skip_dag']) retrieved from /home/airflow/.local/lib/python3.7/site-packages/airflow/example_dags/example_skip_dag.py
[2023-07-26 23:52:45,899] {logging_mixin.py:115} INFO - [2023-07-26 23:52:45,898] {dag.py:2420} INFO - Sync 1 DAGs
[2023-07-26 23:52:45,923] {logging_mixin.py:115} INFO - [2023-07-26 23:52:45,923] {dag.py:2972} INFO - Setting next_dagrun for example_skip_dag to 2023-07-25T23:52:45.923146+00:00, run_after=2023-07-26T23:52:45.923146+00:00
[2023-07-26 23:52:45,938] {processor.py:161} INFO - Processing /home/airflow/.local/lib/python3.7/site-packages/airflow/example_dags/example_skip_dag.py took 0.077 seconds
[2023-07-26 23:53:16,152] {processor.py:153} INFO - Started process (PID=494) to work on /home/airflow/.local/lib/python3.7/site-packages/airflow/example_dags/example_skip_dag.py
[2023-07-26 23:53:16,153] {processor.py:641} INFO - Processing file /home/airflow/.local/lib/python3.7/site-packages/airflow/example_dags/example_skip_dag.py for tasks to queue
[2023-07-26 23:53:16,154] {logging_mixin.py:115} INFO - [2023-07-26 23:53:16,154] {dagbag.py:508} INFO - Filling up the DagBag from /home/airflow/.local/lib/python3.7/site-packages/airflow/example_dags/example_skip_dag.py
[2023-07-26 23:53:16,159] {processor.py:651} INFO - DAG(s) dict_keys(['example_skip_dag']) retrieved from /home/airflow/.local/lib/python3.7/site-packages/airflow/example_dags/example_skip_dag.py
[2023-07-26 23:53:16,181] {logging_mixin.py:115} INFO - [2023-07-26 23:53:16,181] {dag.py:2420} INFO - Sync 1 DAGs
[2023-07-26 23:53:16,199] {logging_mixin.py:115} INFO - [2023-07-26 23:53:16,199] {dag.py:2972} INFO - Setting next_dagrun for example_skip_dag to 2023-07-25T23:53:16.198894+00:00, run_after=2023-07-26T23:53:16.198894+00:00
[2023-07-26 23:53:16,211] {processor.py:161} INFO - Processing /home/airflow/.local/lib/python3.7/site-packages/airflow/example_dags/example_skip_dag.py took 0.062 seconds
[2023-07-26 23:53:47,663] {processor.py:153} INFO - Started process (PID=574) to work on /home/airflow/.local/lib/python3.7/site-packages/airflow/example_dags/example_skip_dag.py
[2023-07-26 23:53:47,668] {processor.py:641} INFO - Processing file /home/airflow/.local/lib/python3.7/site-packages/airflow/example_dags/example_skip_dag.py for tasks to queue
[2023-07-26 23:53:47,669] {logging_mixin.py:115} INFO - [2023-07-26 23:53:47,669] {dagbag.py:508} INFO - Filling up the DagBag from /home/airflow/.local/lib/python3.7/site-packages/airflow/example_dags/example_skip_dag.py
[2023-07-26 23:53:47,685] {processor.py:651} INFO - DAG(s) dict_keys(['example_skip_dag']) retrieved from /home/airflow/.local/lib/python3.7/site-packages/airflow/example_dags/example_skip_dag.py
[2023-07-26 23:53:47,737] {logging_mixin.py:115} INFO - [2023-07-26 23:53:47,737] {dag.py:2420} INFO - Sync 1 DAGs
[2023-07-26 23:53:47,774] {logging_mixin.py:115} INFO - [2023-07-26 23:53:47,774] {dag.py:2972} INFO - Setting next_dagrun for example_skip_dag to 2023-07-25T23:53:47.773774+00:00, run_after=2023-07-26T23:53:47.773774+00:00
[2023-07-26 23:53:47,792] {processor.py:161} INFO - Processing /home/airflow/.local/lib/python3.7/site-packages/airflow/example_dags/example_skip_dag.py took 0.135 seconds
[2023-07-26 23:54:18,456] {processor.py:153} INFO - Started process (PID=710) to work on /home/airflow/.local/lib/python3.7/site-packages/airflow/example_dags/example_skip_dag.py
[2023-07-26 23:54:18,460] {processor.py:641} INFO - Processing file /home/airflow/.local/lib/python3.7/site-packages/airflow/example_dags/example_skip_dag.py for tasks to queue
[2023-07-26 23:54:18,463] {logging_mixin.py:115} INFO - [2023-07-26 23:54:18,462] {dagbag.py:508} INFO - Filling up the DagBag from /home/airflow/.local/lib/python3.7/site-packages/airflow/example_dags/example_skip_dag.py
[2023-07-26 23:54:18,472] {processor.py:651} INFO - DAG(s) dict_keys(['example_skip_dag']) retrieved from /home/airflow/.local/lib/python3.7/site-packages/airflow/example_dags/example_skip_dag.py
[2023-07-26 23:54:18,528] {logging_mixin.py:115} INFO - [2023-07-26 23:54:18,528] {dag.py:2420} INFO - Sync 1 DAGs
[2023-07-26 23:54:18,557] {logging_mixin.py:115} INFO - [2023-07-26 23:54:18,557] {dag.py:2972} INFO - Setting next_dagrun for example_skip_dag to 2023-07-25T23:54:18.557541+00:00, run_after=2023-07-26T23:54:18.557541+00:00
[2023-07-26 23:54:18,572] {processor.py:161} INFO - Processing /home/airflow/.local/lib/python3.7/site-packages/airflow/example_dags/example_skip_dag.py took 0.120 seconds
