[2023-07-26 23:49:39,488] {processor.py:153} INFO - Started process (PID=50) to work on /home/airflow/.local/lib/python3.7/site-packages/airflow/example_dags/example_latest_only.py
[2023-07-26 23:49:39,503] {processor.py:641} INFO - Processing file /home/airflow/.local/lib/python3.7/site-packages/airflow/example_dags/example_latest_only.py for tasks to queue
[2023-07-26 23:49:39,505] {logging_mixin.py:115} INFO - [2023-07-26 23:49:39,505] {dagbag.py:508} INFO - Filling up the DagBag from /home/airflow/.local/lib/python3.7/site-packages/airflow/example_dags/example_latest_only.py
[2023-07-26 23:49:39,524] {processor.py:651} INFO - DAG(s) dict_keys(['latest_only']) retrieved from /home/airflow/.local/lib/python3.7/site-packages/airflow/example_dags/example_latest_only.py
[2023-07-26 23:49:39,711] {logging_mixin.py:115} INFO - [2023-07-26 23:49:39,711] {manager.py:508} INFO - Created Permission View: can delete on DAG:latest_only
[2023-07-26 23:49:39,759] {logging_mixin.py:115} INFO - [2023-07-26 23:49:39,759] {manager.py:508} INFO - Created Permission View: can read on DAG:latest_only
[2023-07-26 23:49:39,785] {logging_mixin.py:115} INFO - [2023-07-26 23:49:39,783] {manager.py:508} INFO - Created Permission View: can edit on DAG:latest_only
[2023-07-26 23:49:39,786] {logging_mixin.py:115} INFO - [2023-07-26 23:49:39,786] {dag.py:2420} INFO - Sync 1 DAGs
[2023-07-26 23:49:39,798] {logging_mixin.py:115} INFO - [2023-07-26 23:49:39,798] {dag.py:2439} INFO - Creating ORM DAG for latest_only
[2023-07-26 23:49:39,828] {logging_mixin.py:115} INFO - [2023-07-26 23:49:39,828] {dag.py:2972} INFO - Setting next_dagrun for latest_only to 2023-07-26T19:49:39.827658+00:00, run_after=2023-07-26T23:49:39.827658+00:00
[2023-07-26 23:49:39,875] {processor.py:161} INFO - Processing /home/airflow/.local/lib/python3.7/site-packages/airflow/example_dags/example_latest_only.py took 0.391 seconds
[2023-07-26 23:50:10,322] {processor.py:153} INFO - Started process (PID=104) to work on /home/airflow/.local/lib/python3.7/site-packages/airflow/example_dags/example_latest_only.py
[2023-07-26 23:50:10,324] {processor.py:641} INFO - Processing file /home/airflow/.local/lib/python3.7/site-packages/airflow/example_dags/example_latest_only.py for tasks to queue
[2023-07-26 23:50:10,326] {logging_mixin.py:115} INFO - [2023-07-26 23:50:10,326] {dagbag.py:508} INFO - Filling up the DagBag from /home/airflow/.local/lib/python3.7/site-packages/airflow/example_dags/example_latest_only.py
[2023-07-26 23:50:10,331] {processor.py:651} INFO - DAG(s) dict_keys(['latest_only']) retrieved from /home/airflow/.local/lib/python3.7/site-packages/airflow/example_dags/example_latest_only.py
[2023-07-26 23:50:10,354] {logging_mixin.py:115} INFO - [2023-07-26 23:50:10,354] {dag.py:2420} INFO - Sync 1 DAGs
[2023-07-26 23:50:10,372] {logging_mixin.py:115} INFO - [2023-07-26 23:50:10,371] {dag.py:2972} INFO - Setting next_dagrun for latest_only to 2023-07-26T19:50:10.371788+00:00, run_after=2023-07-26T23:50:10.371788+00:00
[2023-07-26 23:50:10,386] {processor.py:161} INFO - Processing /home/airflow/.local/lib/python3.7/site-packages/airflow/example_dags/example_latest_only.py took 0.066 seconds
[2023-07-26 23:50:40,504] {processor.py:153} INFO - Started process (PID=166) to work on /home/airflow/.local/lib/python3.7/site-packages/airflow/example_dags/example_latest_only.py
[2023-07-26 23:50:40,505] {processor.py:641} INFO - Processing file /home/airflow/.local/lib/python3.7/site-packages/airflow/example_dags/example_latest_only.py for tasks to queue
[2023-07-26 23:50:40,506] {logging_mixin.py:115} INFO - [2023-07-26 23:50:40,506] {dagbag.py:508} INFO - Filling up the DagBag from /home/airflow/.local/lib/python3.7/site-packages/airflow/example_dags/example_latest_only.py
[2023-07-26 23:50:40,511] {processor.py:651} INFO - DAG(s) dict_keys(['latest_only']) retrieved from /home/airflow/.local/lib/python3.7/site-packages/airflow/example_dags/example_latest_only.py
[2023-07-26 23:50:40,533] {logging_mixin.py:115} INFO - [2023-07-26 23:50:40,533] {dag.py:2420} INFO - Sync 1 DAGs
[2023-07-26 23:50:40,550] {logging_mixin.py:115} INFO - [2023-07-26 23:50:40,550] {dag.py:2972} INFO - Setting next_dagrun for latest_only to 2023-07-26T19:50:40.550251+00:00, run_after=2023-07-26T23:50:40.550251+00:00
[2023-07-26 23:50:40,563] {processor.py:161} INFO - Processing /home/airflow/.local/lib/python3.7/site-packages/airflow/example_dags/example_latest_only.py took 0.061 seconds
[2023-07-26 23:51:10,687] {processor.py:153} INFO - Started process (PID=228) to work on /home/airflow/.local/lib/python3.7/site-packages/airflow/example_dags/example_latest_only.py
[2023-07-26 23:51:10,688] {processor.py:641} INFO - Processing file /home/airflow/.local/lib/python3.7/site-packages/airflow/example_dags/example_latest_only.py for tasks to queue
[2023-07-26 23:51:10,690] {logging_mixin.py:115} INFO - [2023-07-26 23:51:10,689] {dagbag.py:508} INFO - Filling up the DagBag from /home/airflow/.local/lib/python3.7/site-packages/airflow/example_dags/example_latest_only.py
[2023-07-26 23:51:10,696] {processor.py:651} INFO - DAG(s) dict_keys(['latest_only']) retrieved from /home/airflow/.local/lib/python3.7/site-packages/airflow/example_dags/example_latest_only.py
[2023-07-26 23:51:10,714] {logging_mixin.py:115} INFO - [2023-07-26 23:51:10,714] {dag.py:2420} INFO - Sync 1 DAGs
[2023-07-26 23:51:10,729] {logging_mixin.py:115} INFO - [2023-07-26 23:51:10,729] {dag.py:2972} INFO - Setting next_dagrun for latest_only to 2023-07-26T19:51:10.729357+00:00, run_after=2023-07-26T23:51:10.729357+00:00
[2023-07-26 23:51:10,738] {processor.py:161} INFO - Processing /home/airflow/.local/lib/python3.7/site-packages/airflow/example_dags/example_latest_only.py took 0.053 seconds
[2023-07-26 23:51:40,904] {processor.py:153} INFO - Started process (PID=291) to work on /home/airflow/.local/lib/python3.7/site-packages/airflow/example_dags/example_latest_only.py
[2023-07-26 23:51:40,907] {processor.py:641} INFO - Processing file /home/airflow/.local/lib/python3.7/site-packages/airflow/example_dags/example_latest_only.py for tasks to queue
[2023-07-26 23:51:40,909] {logging_mixin.py:115} INFO - [2023-07-26 23:51:40,908] {dagbag.py:508} INFO - Filling up the DagBag from /home/airflow/.local/lib/python3.7/site-packages/airflow/example_dags/example_latest_only.py
[2023-07-26 23:51:40,916] {processor.py:651} INFO - DAG(s) dict_keys(['latest_only']) retrieved from /home/airflow/.local/lib/python3.7/site-packages/airflow/example_dags/example_latest_only.py
[2023-07-26 23:51:40,949] {logging_mixin.py:115} INFO - [2023-07-26 23:51:40,949] {dag.py:2420} INFO - Sync 1 DAGs
[2023-07-26 23:51:40,972] {logging_mixin.py:115} INFO - [2023-07-26 23:51:40,972] {dag.py:2972} INFO - Setting next_dagrun for latest_only to 2023-07-26T19:51:40.972251+00:00, run_after=2023-07-26T23:51:40.972251+00:00
[2023-07-26 23:51:40,987] {processor.py:161} INFO - Processing /home/airflow/.local/lib/python3.7/site-packages/airflow/example_dags/example_latest_only.py took 0.086 seconds
[2023-07-26 23:52:11,168] {processor.py:153} INFO - Started process (PID=345) to work on /home/airflow/.local/lib/python3.7/site-packages/airflow/example_dags/example_latest_only.py
[2023-07-26 23:52:11,170] {processor.py:641} INFO - Processing file /home/airflow/.local/lib/python3.7/site-packages/airflow/example_dags/example_latest_only.py for tasks to queue
[2023-07-26 23:52:11,172] {logging_mixin.py:115} INFO - [2023-07-26 23:52:11,172] {dagbag.py:508} INFO - Filling up the DagBag from /home/airflow/.local/lib/python3.7/site-packages/airflow/example_dags/example_latest_only.py
[2023-07-26 23:52:11,177] {processor.py:651} INFO - DAG(s) dict_keys(['latest_only']) retrieved from /home/airflow/.local/lib/python3.7/site-packages/airflow/example_dags/example_latest_only.py
[2023-07-26 23:52:11,203] {logging_mixin.py:115} INFO - [2023-07-26 23:52:11,203] {dag.py:2420} INFO - Sync 1 DAGs
[2023-07-26 23:52:11,225] {logging_mixin.py:115} INFO - [2023-07-26 23:52:11,225] {dag.py:2972} INFO - Setting next_dagrun for latest_only to 2023-07-26T19:52:11.224935+00:00, run_after=2023-07-26T23:52:11.224935+00:00
[2023-07-26 23:52:11,237] {processor.py:161} INFO - Processing /home/airflow/.local/lib/python3.7/site-packages/airflow/example_dags/example_latest_only.py took 0.071 seconds
[2023-07-26 23:52:41,336] {processor.py:153} INFO - Started process (PID=408) to work on /home/airflow/.local/lib/python3.7/site-packages/airflow/example_dags/example_latest_only.py
[2023-07-26 23:52:41,337] {processor.py:641} INFO - Processing file /home/airflow/.local/lib/python3.7/site-packages/airflow/example_dags/example_latest_only.py for tasks to queue
[2023-07-26 23:52:41,338] {logging_mixin.py:115} INFO - [2023-07-26 23:52:41,338] {dagbag.py:508} INFO - Filling up the DagBag from /home/airflow/.local/lib/python3.7/site-packages/airflow/example_dags/example_latest_only.py
[2023-07-26 23:52:41,341] {processor.py:651} INFO - DAG(s) dict_keys(['latest_only']) retrieved from /home/airflow/.local/lib/python3.7/site-packages/airflow/example_dags/example_latest_only.py
[2023-07-26 23:52:41,363] {logging_mixin.py:115} INFO - [2023-07-26 23:52:41,363] {dag.py:2420} INFO - Sync 1 DAGs
[2023-07-26 23:52:41,380] {logging_mixin.py:115} INFO - [2023-07-26 23:52:41,380] {dag.py:2972} INFO - Setting next_dagrun for latest_only to 2023-07-26T19:52:41.380569+00:00, run_after=2023-07-26T23:52:41.380569+00:00
[2023-07-26 23:52:41,415] {processor.py:161} INFO - Processing /home/airflow/.local/lib/python3.7/site-packages/airflow/example_dags/example_latest_only.py took 0.081 seconds
[2023-07-26 23:53:11,584] {processor.py:153} INFO - Started process (PID=470) to work on /home/airflow/.local/lib/python3.7/site-packages/airflow/example_dags/example_latest_only.py
[2023-07-26 23:53:11,585] {processor.py:641} INFO - Processing file /home/airflow/.local/lib/python3.7/site-packages/airflow/example_dags/example_latest_only.py for tasks to queue
[2023-07-26 23:53:11,586] {logging_mixin.py:115} INFO - [2023-07-26 23:53:11,586] {dagbag.py:508} INFO - Filling up the DagBag from /home/airflow/.local/lib/python3.7/site-packages/airflow/example_dags/example_latest_only.py
[2023-07-26 23:53:11,591] {processor.py:651} INFO - DAG(s) dict_keys(['latest_only']) retrieved from /home/airflow/.local/lib/python3.7/site-packages/airflow/example_dags/example_latest_only.py
[2023-07-26 23:53:11,615] {logging_mixin.py:115} INFO - [2023-07-26 23:53:11,615] {dag.py:2420} INFO - Sync 1 DAGs
[2023-07-26 23:53:11,638] {logging_mixin.py:115} INFO - [2023-07-26 23:53:11,638] {dag.py:2972} INFO - Setting next_dagrun for latest_only to 2023-07-26T19:53:11.637959+00:00, run_after=2023-07-26T23:53:11.637959+00:00
[2023-07-26 23:53:11,677] {processor.py:161} INFO - Processing /home/airflow/.local/lib/python3.7/site-packages/airflow/example_dags/example_latest_only.py took 0.096 seconds
[2023-07-26 23:53:41,972] {processor.py:153} INFO - Started process (PID=537) to work on /home/airflow/.local/lib/python3.7/site-packages/airflow/example_dags/example_latest_only.py
[2023-07-26 23:53:41,974] {processor.py:641} INFO - Processing file /home/airflow/.local/lib/python3.7/site-packages/airflow/example_dags/example_latest_only.py for tasks to queue
[2023-07-26 23:53:41,975] {logging_mixin.py:115} INFO - [2023-07-26 23:53:41,975] {dagbag.py:508} INFO - Filling up the DagBag from /home/airflow/.local/lib/python3.7/site-packages/airflow/example_dags/example_latest_only.py
[2023-07-26 23:53:41,989] {processor.py:651} INFO - DAG(s) dict_keys(['latest_only']) retrieved from /home/airflow/.local/lib/python3.7/site-packages/airflow/example_dags/example_latest_only.py
[2023-07-26 23:53:42,062] {logging_mixin.py:115} INFO - [2023-07-26 23:53:42,061] {dag.py:2420} INFO - Sync 1 DAGs
[2023-07-26 23:53:42,126] {logging_mixin.py:115} INFO - [2023-07-26 23:53:42,126] {dag.py:2972} INFO - Setting next_dagrun for latest_only to 2023-07-26T19:53:42.126158+00:00, run_after=2023-07-26T23:53:42.126158+00:00
[2023-07-26 23:53:42,159] {processor.py:161} INFO - Processing /home/airflow/.local/lib/python3.7/site-packages/airflow/example_dags/example_latest_only.py took 0.192 seconds
[2023-07-26 23:54:12,554] {processor.py:153} INFO - Started process (PID=670) to work on /home/airflow/.local/lib/python3.7/site-packages/airflow/example_dags/example_latest_only.py
[2023-07-26 23:54:12,559] {processor.py:641} INFO - Processing file /home/airflow/.local/lib/python3.7/site-packages/airflow/example_dags/example_latest_only.py for tasks to queue
[2023-07-26 23:54:12,560] {logging_mixin.py:115} INFO - [2023-07-26 23:54:12,560] {dagbag.py:508} INFO - Filling up the DagBag from /home/airflow/.local/lib/python3.7/site-packages/airflow/example_dags/example_latest_only.py
[2023-07-26 23:54:12,571] {processor.py:651} INFO - DAG(s) dict_keys(['latest_only']) retrieved from /home/airflow/.local/lib/python3.7/site-packages/airflow/example_dags/example_latest_only.py
[2023-07-26 23:54:12,619] {logging_mixin.py:115} INFO - [2023-07-26 23:54:12,619] {dag.py:2420} INFO - Sync 1 DAGs
[2023-07-26 23:54:12,662] {logging_mixin.py:115} INFO - [2023-07-26 23:54:12,662] {dag.py:2972} INFO - Setting next_dagrun for latest_only to 2023-07-26T19:54:12.661904+00:00, run_after=2023-07-26T23:54:12.661904+00:00
[2023-07-26 23:54:12,692] {processor.py:161} INFO - Processing /home/airflow/.local/lib/python3.7/site-packages/airflow/example_dags/example_latest_only.py took 0.142 seconds
