[2023-07-26 23:49:43,281] {processor.py:153} INFO - Started process (PID=73) to work on /home/airflow/.local/lib/python3.7/site-packages/airflow/example_dags/example_branch_day_of_week_operator.py
[2023-07-26 23:49:43,283] {processor.py:641} INFO - Processing file /home/airflow/.local/lib/python3.7/site-packages/airflow/example_dags/example_branch_day_of_week_operator.py for tasks to queue
[2023-07-26 23:49:43,285] {logging_mixin.py:115} INFO - [2023-07-26 23:49:43,285] {dagbag.py:508} INFO - Filling up the DagBag from /home/airflow/.local/lib/python3.7/site-packages/airflow/example_dags/example_branch_day_of_week_operator.py
[2023-07-26 23:49:43,300] {processor.py:651} INFO - DAG(s) dict_keys(['example_weekday_branch_operator']) retrieved from /home/airflow/.local/lib/python3.7/site-packages/airflow/example_dags/example_branch_day_of_week_operator.py
[2023-07-26 23:49:43,394] {logging_mixin.py:115} INFO - [2023-07-26 23:49:43,394] {manager.py:508} INFO - Created Permission View: can delete on DAG:example_weekday_branch_operator
[2023-07-26 23:49:43,410] {logging_mixin.py:115} INFO - [2023-07-26 23:49:43,410] {manager.py:508} INFO - Created Permission View: can read on DAG:example_weekday_branch_operator
[2023-07-26 23:49:43,421] {logging_mixin.py:115} INFO - [2023-07-26 23:49:43,421] {manager.py:508} INFO - Created Permission View: can edit on DAG:example_weekday_branch_operator
[2023-07-26 23:49:43,423] {logging_mixin.py:115} INFO - [2023-07-26 23:49:43,423] {dag.py:2420} INFO - Sync 1 DAGs
[2023-07-26 23:49:43,435] {logging_mixin.py:115} INFO - [2023-07-26 23:49:43,435] {dag.py:2439} INFO - Creating ORM DAG for example_weekday_branch_operator
[2023-07-26 23:49:43,454] {logging_mixin.py:115} INFO - [2023-07-26 23:49:43,454] {dag.py:2972} INFO - Setting next_dagrun for example_weekday_branch_operator to 2023-07-25T00:00:00+00:00, run_after=2023-07-26T00:00:00+00:00
[2023-07-26 23:49:43,473] {processor.py:161} INFO - Processing /home/airflow/.local/lib/python3.7/site-packages/airflow/example_dags/example_branch_day_of_week_operator.py took 0.195 seconds
[2023-07-26 23:50:13,787] {processor.py:153} INFO - Started process (PID=136) to work on /home/airflow/.local/lib/python3.7/site-packages/airflow/example_dags/example_branch_day_of_week_operator.py
[2023-07-26 23:50:13,789] {processor.py:641} INFO - Processing file /home/airflow/.local/lib/python3.7/site-packages/airflow/example_dags/example_branch_day_of_week_operator.py for tasks to queue
[2023-07-26 23:50:13,792] {logging_mixin.py:115} INFO - [2023-07-26 23:50:13,791] {dagbag.py:508} INFO - Filling up the DagBag from /home/airflow/.local/lib/python3.7/site-packages/airflow/example_dags/example_branch_day_of_week_operator.py
[2023-07-26 23:50:13,800] {processor.py:651} INFO - DAG(s) dict_keys(['example_weekday_branch_operator']) retrieved from /home/airflow/.local/lib/python3.7/site-packages/airflow/example_dags/example_branch_day_of_week_operator.py
[2023-07-26 23:50:13,826] {logging_mixin.py:115} INFO - [2023-07-26 23:50:13,826] {dag.py:2420} INFO - Sync 1 DAGs
[2023-07-26 23:50:13,847] {logging_mixin.py:115} INFO - [2023-07-26 23:50:13,847] {dag.py:2972} INFO - Setting next_dagrun for example_weekday_branch_operator to 2023-07-25T00:00:00+00:00, run_after=2023-07-26T00:00:00+00:00
[2023-07-26 23:50:13,859] {processor.py:161} INFO - Processing /home/airflow/.local/lib/python3.7/site-packages/airflow/example_dags/example_branch_day_of_week_operator.py took 0.076 seconds
[2023-07-26 23:50:44,131] {processor.py:153} INFO - Started process (PID=190) to work on /home/airflow/.local/lib/python3.7/site-packages/airflow/example_dags/example_branch_day_of_week_operator.py
[2023-07-26 23:50:44,132] {processor.py:641} INFO - Processing file /home/airflow/.local/lib/python3.7/site-packages/airflow/example_dags/example_branch_day_of_week_operator.py for tasks to queue
[2023-07-26 23:50:44,132] {logging_mixin.py:115} INFO - [2023-07-26 23:50:44,132] {dagbag.py:508} INFO - Filling up the DagBag from /home/airflow/.local/lib/python3.7/site-packages/airflow/example_dags/example_branch_day_of_week_operator.py
[2023-07-26 23:50:44,140] {processor.py:651} INFO - DAG(s) dict_keys(['example_weekday_branch_operator']) retrieved from /home/airflow/.local/lib/python3.7/site-packages/airflow/example_dags/example_branch_day_of_week_operator.py
[2023-07-26 23:50:44,160] {logging_mixin.py:115} INFO - [2023-07-26 23:50:44,160] {dag.py:2420} INFO - Sync 1 DAGs
[2023-07-26 23:50:44,178] {logging_mixin.py:115} INFO - [2023-07-26 23:50:44,178] {dag.py:2972} INFO - Setting next_dagrun for example_weekday_branch_operator to 2023-07-25T00:00:00+00:00, run_after=2023-07-26T00:00:00+00:00
[2023-07-26 23:50:44,189] {processor.py:161} INFO - Processing /home/airflow/.local/lib/python3.7/site-packages/airflow/example_dags/example_branch_day_of_week_operator.py took 0.061 seconds
[2023-07-26 23:51:15,264] {processor.py:153} INFO - Started process (PID=253) to work on /home/airflow/.local/lib/python3.7/site-packages/airflow/example_dags/example_branch_day_of_week_operator.py
[2023-07-26 23:51:15,265] {processor.py:641} INFO - Processing file /home/airflow/.local/lib/python3.7/site-packages/airflow/example_dags/example_branch_day_of_week_operator.py for tasks to queue
[2023-07-26 23:51:15,266] {logging_mixin.py:115} INFO - [2023-07-26 23:51:15,266] {dagbag.py:508} INFO - Filling up the DagBag from /home/airflow/.local/lib/python3.7/site-packages/airflow/example_dags/example_branch_day_of_week_operator.py
[2023-07-26 23:51:15,274] {processor.py:651} INFO - DAG(s) dict_keys(['example_weekday_branch_operator']) retrieved from /home/airflow/.local/lib/python3.7/site-packages/airflow/example_dags/example_branch_day_of_week_operator.py
[2023-07-26 23:51:15,315] {logging_mixin.py:115} INFO - [2023-07-26 23:51:15,315] {dag.py:2420} INFO - Sync 1 DAGs
[2023-07-26 23:51:15,338] {logging_mixin.py:115} INFO - [2023-07-26 23:51:15,338] {dag.py:2972} INFO - Setting next_dagrun for example_weekday_branch_operator to 2023-07-25T00:00:00+00:00, run_after=2023-07-26T00:00:00+00:00
[2023-07-26 23:51:15,349] {processor.py:161} INFO - Processing /home/airflow/.local/lib/python3.7/site-packages/airflow/example_dags/example_branch_day_of_week_operator.py took 0.089 seconds
[2023-07-26 23:51:45,627] {processor.py:153} INFO - Started process (PID=316) to work on /home/airflow/.local/lib/python3.7/site-packages/airflow/example_dags/example_branch_day_of_week_operator.py
[2023-07-26 23:51:45,628] {processor.py:641} INFO - Processing file /home/airflow/.local/lib/python3.7/site-packages/airflow/example_dags/example_branch_day_of_week_operator.py for tasks to queue
[2023-07-26 23:51:45,629] {logging_mixin.py:115} INFO - [2023-07-26 23:51:45,629] {dagbag.py:508} INFO - Filling up the DagBag from /home/airflow/.local/lib/python3.7/site-packages/airflow/example_dags/example_branch_day_of_week_operator.py
[2023-07-26 23:51:45,637] {processor.py:651} INFO - DAG(s) dict_keys(['example_weekday_branch_operator']) retrieved from /home/airflow/.local/lib/python3.7/site-packages/airflow/example_dags/example_branch_day_of_week_operator.py
[2023-07-26 23:51:45,660] {logging_mixin.py:115} INFO - [2023-07-26 23:51:45,660] {dag.py:2420} INFO - Sync 1 DAGs
[2023-07-26 23:51:45,679] {logging_mixin.py:115} INFO - [2023-07-26 23:51:45,679] {dag.py:2972} INFO - Setting next_dagrun for example_weekday_branch_operator to 2023-07-25T00:00:00+00:00, run_after=2023-07-26T00:00:00+00:00
[2023-07-26 23:51:45,693] {processor.py:161} INFO - Processing /home/airflow/.local/lib/python3.7/site-packages/airflow/example_dags/example_branch_day_of_week_operator.py took 0.069 seconds
[2023-07-26 23:52:15,725] {processor.py:153} INFO - Started process (PID=379) to work on /home/airflow/.local/lib/python3.7/site-packages/airflow/example_dags/example_branch_day_of_week_operator.py
[2023-07-26 23:52:15,726] {processor.py:641} INFO - Processing file /home/airflow/.local/lib/python3.7/site-packages/airflow/example_dags/example_branch_day_of_week_operator.py for tasks to queue
[2023-07-26 23:52:15,727] {logging_mixin.py:115} INFO - [2023-07-26 23:52:15,727] {dagbag.py:508} INFO - Filling up the DagBag from /home/airflow/.local/lib/python3.7/site-packages/airflow/example_dags/example_branch_day_of_week_operator.py
[2023-07-26 23:52:15,734] {processor.py:651} INFO - DAG(s) dict_keys(['example_weekday_branch_operator']) retrieved from /home/airflow/.local/lib/python3.7/site-packages/airflow/example_dags/example_branch_day_of_week_operator.py
[2023-07-26 23:52:15,752] {logging_mixin.py:115} INFO - [2023-07-26 23:52:15,752] {dag.py:2420} INFO - Sync 1 DAGs
[2023-07-26 23:52:15,767] {logging_mixin.py:115} INFO - [2023-07-26 23:52:15,766] {dag.py:2972} INFO - Setting next_dagrun for example_weekday_branch_operator to 2023-07-25T00:00:00+00:00, run_after=2023-07-26T00:00:00+00:00
[2023-07-26 23:52:15,775] {processor.py:161} INFO - Processing /home/airflow/.local/lib/python3.7/site-packages/airflow/example_dags/example_branch_day_of_week_operator.py took 0.053 seconds
[2023-07-26 23:52:45,946] {processor.py:153} INFO - Started process (PID=433) to work on /home/airflow/.local/lib/python3.7/site-packages/airflow/example_dags/example_branch_day_of_week_operator.py
[2023-07-26 23:52:45,947] {processor.py:641} INFO - Processing file /home/airflow/.local/lib/python3.7/site-packages/airflow/example_dags/example_branch_day_of_week_operator.py for tasks to queue
[2023-07-26 23:52:45,948] {logging_mixin.py:115} INFO - [2023-07-26 23:52:45,948] {dagbag.py:508} INFO - Filling up the DagBag from /home/airflow/.local/lib/python3.7/site-packages/airflow/example_dags/example_branch_day_of_week_operator.py
[2023-07-26 23:52:45,956] {processor.py:651} INFO - DAG(s) dict_keys(['example_weekday_branch_operator']) retrieved from /home/airflow/.local/lib/python3.7/site-packages/airflow/example_dags/example_branch_day_of_week_operator.py
[2023-07-26 23:52:45,980] {logging_mixin.py:115} INFO - [2023-07-26 23:52:45,980] {dag.py:2420} INFO - Sync 1 DAGs
[2023-07-26 23:52:46,003] {logging_mixin.py:115} INFO - [2023-07-26 23:52:46,003] {dag.py:2972} INFO - Setting next_dagrun for example_weekday_branch_operator to 2023-07-25T00:00:00+00:00, run_after=2023-07-26T00:00:00+00:00
[2023-07-26 23:52:46,016] {processor.py:161} INFO - Processing /home/airflow/.local/lib/python3.7/site-packages/airflow/example_dags/example_branch_day_of_week_operator.py took 0.074 seconds
[2023-07-26 23:53:16,247] {processor.py:153} INFO - Started process (PID=495) to work on /home/airflow/.local/lib/python3.7/site-packages/airflow/example_dags/example_branch_day_of_week_operator.py
[2023-07-26 23:53:16,248] {processor.py:641} INFO - Processing file /home/airflow/.local/lib/python3.7/site-packages/airflow/example_dags/example_branch_day_of_week_operator.py for tasks to queue
[2023-07-26 23:53:16,249] {logging_mixin.py:115} INFO - [2023-07-26 23:53:16,249] {dagbag.py:508} INFO - Filling up the DagBag from /home/airflow/.local/lib/python3.7/site-packages/airflow/example_dags/example_branch_day_of_week_operator.py
[2023-07-26 23:53:16,256] {processor.py:651} INFO - DAG(s) dict_keys(['example_weekday_branch_operator']) retrieved from /home/airflow/.local/lib/python3.7/site-packages/airflow/example_dags/example_branch_day_of_week_operator.py
[2023-07-26 23:53:16,275] {logging_mixin.py:115} INFO - [2023-07-26 23:53:16,275] {dag.py:2420} INFO - Sync 1 DAGs
[2023-07-26 23:53:16,291] {logging_mixin.py:115} INFO - [2023-07-26 23:53:16,291] {dag.py:2972} INFO - Setting next_dagrun for example_weekday_branch_operator to 2023-07-25T00:00:00+00:00, run_after=2023-07-26T00:00:00+00:00
[2023-07-26 23:53:16,302] {processor.py:161} INFO - Processing /home/airflow/.local/lib/python3.7/site-packages/airflow/example_dags/example_branch_day_of_week_operator.py took 0.056 seconds
[2023-07-26 23:53:47,861] {processor.py:153} INFO - Started process (PID=575) to work on /home/airflow/.local/lib/python3.7/site-packages/airflow/example_dags/example_branch_day_of_week_operator.py
[2023-07-26 23:53:47,863] {processor.py:641} INFO - Processing file /home/airflow/.local/lib/python3.7/site-packages/airflow/example_dags/example_branch_day_of_week_operator.py for tasks to queue
[2023-07-26 23:53:47,864] {logging_mixin.py:115} INFO - [2023-07-26 23:53:47,864] {dagbag.py:508} INFO - Filling up the DagBag from /home/airflow/.local/lib/python3.7/site-packages/airflow/example_dags/example_branch_day_of_week_operator.py
[2023-07-26 23:53:47,884] {processor.py:651} INFO - DAG(s) dict_keys(['example_weekday_branch_operator']) retrieved from /home/airflow/.local/lib/python3.7/site-packages/airflow/example_dags/example_branch_day_of_week_operator.py
[2023-07-26 23:53:47,965] {logging_mixin.py:115} INFO - [2023-07-26 23:53:47,964] {dag.py:2420} INFO - Sync 1 DAGs
[2023-07-26 23:53:48,009] {logging_mixin.py:115} INFO - [2023-07-26 23:53:48,009] {dag.py:2972} INFO - Setting next_dagrun for example_weekday_branch_operator to 2023-07-25T00:00:00+00:00, run_after=2023-07-26T00:00:00+00:00
[2023-07-26 23:53:48,041] {processor.py:161} INFO - Processing /home/airflow/.local/lib/python3.7/site-packages/airflow/example_dags/example_branch_day_of_week_operator.py took 0.191 seconds
[2023-07-26 23:54:18,642] {processor.py:153} INFO - Started process (PID=712) to work on /home/airflow/.local/lib/python3.7/site-packages/airflow/example_dags/example_branch_day_of_week_operator.py
[2023-07-26 23:54:18,644] {processor.py:641} INFO - Processing file /home/airflow/.local/lib/python3.7/site-packages/airflow/example_dags/example_branch_day_of_week_operator.py for tasks to queue
[2023-07-26 23:54:18,646] {logging_mixin.py:115} INFO - [2023-07-26 23:54:18,646] {dagbag.py:508} INFO - Filling up the DagBag from /home/airflow/.local/lib/python3.7/site-packages/airflow/example_dags/example_branch_day_of_week_operator.py
[2023-07-26 23:54:18,662] {processor.py:651} INFO - DAG(s) dict_keys(['example_weekday_branch_operator']) retrieved from /home/airflow/.local/lib/python3.7/site-packages/airflow/example_dags/example_branch_day_of_week_operator.py
[2023-07-26 23:54:18,710] {logging_mixin.py:115} INFO - [2023-07-26 23:54:18,710] {dag.py:2420} INFO - Sync 1 DAGs
[2023-07-26 23:54:18,764] {logging_mixin.py:115} INFO - [2023-07-26 23:54:18,763] {dag.py:2972} INFO - Setting next_dagrun for example_weekday_branch_operator to 2023-07-25T00:00:00+00:00, run_after=2023-07-26T00:00:00+00:00
[2023-07-26 23:54:18,790] {processor.py:161} INFO - Processing /home/airflow/.local/lib/python3.7/site-packages/airflow/example_dags/example_branch_day_of_week_operator.py took 0.153 seconds
