[2023-07-26 23:49:42,931] {processor.py:153} INFO - Started process (PID=70) to work on /home/airflow/.local/lib/python3.7/site-packages/airflow/example_dags/example_trigger_target_dag.py
[2023-07-26 23:49:42,933] {processor.py:641} INFO - Processing file /home/airflow/.local/lib/python3.7/site-packages/airflow/example_dags/example_trigger_target_dag.py for tasks to queue
[2023-07-26 23:49:42,934] {logging_mixin.py:115} INFO - [2023-07-26 23:49:42,934] {dagbag.py:508} INFO - Filling up the DagBag from /home/airflow/.local/lib/python3.7/site-packages/airflow/example_dags/example_trigger_target_dag.py
[2023-07-26 23:49:42,948] {processor.py:651} INFO - DAG(s) dict_keys(['example_trigger_target_dag']) retrieved from /home/airflow/.local/lib/python3.7/site-packages/airflow/example_dags/example_trigger_target_dag.py
[2023-07-26 23:49:43,047] {logging_mixin.py:115} INFO - [2023-07-26 23:49:43,047] {manager.py:508} INFO - Created Permission View: can delete on DAG:example_trigger_target_dag
[2023-07-26 23:49:43,059] {logging_mixin.py:115} INFO - [2023-07-26 23:49:43,059] {manager.py:508} INFO - Created Permission View: can read on DAG:example_trigger_target_dag
[2023-07-26 23:49:43,073] {logging_mixin.py:115} INFO - [2023-07-26 23:49:43,073] {manager.py:508} INFO - Created Permission View: can edit on DAG:example_trigger_target_dag
[2023-07-26 23:49:43,075] {logging_mixin.py:115} INFO - [2023-07-26 23:49:43,075] {dag.py:2420} INFO - Sync 1 DAGs
[2023-07-26 23:49:43,087] {logging_mixin.py:115} INFO - [2023-07-26 23:49:43,087] {dag.py:2439} INFO - Creating ORM DAG for example_trigger_target_dag
[2023-07-26 23:49:43,109] {logging_mixin.py:115} INFO - [2023-07-26 23:49:43,109] {dag.py:2972} INFO - Setting next_dagrun for example_trigger_target_dag to None, run_after=None
[2023-07-26 23:49:43,129] {processor.py:161} INFO - Processing /home/airflow/.local/lib/python3.7/site-packages/airflow/example_dags/example_trigger_target_dag.py took 0.202 seconds
[2023-07-26 23:50:13,555] {processor.py:153} INFO - Started process (PID=133) to work on /home/airflow/.local/lib/python3.7/site-packages/airflow/example_dags/example_trigger_target_dag.py
[2023-07-26 23:50:13,556] {processor.py:641} INFO - Processing file /home/airflow/.local/lib/python3.7/site-packages/airflow/example_dags/example_trigger_target_dag.py for tasks to queue
[2023-07-26 23:50:13,558] {logging_mixin.py:115} INFO - [2023-07-26 23:50:13,558] {dagbag.py:508} INFO - Filling up the DagBag from /home/airflow/.local/lib/python3.7/site-packages/airflow/example_dags/example_trigger_target_dag.py
[2023-07-26 23:50:13,577] {processor.py:651} INFO - DAG(s) dict_keys(['example_trigger_target_dag']) retrieved from /home/airflow/.local/lib/python3.7/site-packages/airflow/example_dags/example_trigger_target_dag.py
[2023-07-26 23:50:13,604] {logging_mixin.py:115} INFO - [2023-07-26 23:50:13,603] {dag.py:2420} INFO - Sync 1 DAGs
[2023-07-26 23:50:13,625] {logging_mixin.py:115} INFO - [2023-07-26 23:50:13,625] {dag.py:2972} INFO - Setting next_dagrun for example_trigger_target_dag to None, run_after=None
[2023-07-26 23:50:13,639] {processor.py:161} INFO - Processing /home/airflow/.local/lib/python3.7/site-packages/airflow/example_dags/example_trigger_target_dag.py took 0.087 seconds
[2023-07-26 23:50:43,907] {processor.py:153} INFO - Started process (PID=187) to work on /home/airflow/.local/lib/python3.7/site-packages/airflow/example_dags/example_trigger_target_dag.py
[2023-07-26 23:50:43,908] {processor.py:641} INFO - Processing file /home/airflow/.local/lib/python3.7/site-packages/airflow/example_dags/example_trigger_target_dag.py for tasks to queue
[2023-07-26 23:50:43,909] {logging_mixin.py:115} INFO - [2023-07-26 23:50:43,909] {dagbag.py:508} INFO - Filling up the DagBag from /home/airflow/.local/lib/python3.7/site-packages/airflow/example_dags/example_trigger_target_dag.py
[2023-07-26 23:50:43,919] {processor.py:651} INFO - DAG(s) dict_keys(['example_trigger_target_dag']) retrieved from /home/airflow/.local/lib/python3.7/site-packages/airflow/example_dags/example_trigger_target_dag.py
[2023-07-26 23:50:43,940] {logging_mixin.py:115} INFO - [2023-07-26 23:50:43,940] {dag.py:2420} INFO - Sync 1 DAGs
[2023-07-26 23:50:43,955] {logging_mixin.py:115} INFO - [2023-07-26 23:50:43,955] {dag.py:2972} INFO - Setting next_dagrun for example_trigger_target_dag to None, run_after=None
[2023-07-26 23:50:43,966] {processor.py:161} INFO - Processing /home/airflow/.local/lib/python3.7/site-packages/airflow/example_dags/example_trigger_target_dag.py took 0.061 seconds
[2023-07-26 23:51:15,003] {processor.py:153} INFO - Started process (PID=250) to work on /home/airflow/.local/lib/python3.7/site-packages/airflow/example_dags/example_trigger_target_dag.py
[2023-07-26 23:51:15,004] {processor.py:641} INFO - Processing file /home/airflow/.local/lib/python3.7/site-packages/airflow/example_dags/example_trigger_target_dag.py for tasks to queue
[2023-07-26 23:51:15,005] {logging_mixin.py:115} INFO - [2023-07-26 23:51:15,005] {dagbag.py:508} INFO - Filling up the DagBag from /home/airflow/.local/lib/python3.7/site-packages/airflow/example_dags/example_trigger_target_dag.py
[2023-07-26 23:51:15,021] {processor.py:651} INFO - DAG(s) dict_keys(['example_trigger_target_dag']) retrieved from /home/airflow/.local/lib/python3.7/site-packages/airflow/example_dags/example_trigger_target_dag.py
[2023-07-26 23:51:15,048] {logging_mixin.py:115} INFO - [2023-07-26 23:51:15,048] {dag.py:2420} INFO - Sync 1 DAGs
[2023-07-26 23:51:15,068] {logging_mixin.py:115} INFO - [2023-07-26 23:51:15,068] {dag.py:2972} INFO - Setting next_dagrun for example_trigger_target_dag to None, run_after=None
[2023-07-26 23:51:15,082] {processor.py:161} INFO - Processing /home/airflow/.local/lib/python3.7/site-packages/airflow/example_dags/example_trigger_target_dag.py took 0.081 seconds
[2023-07-26 23:51:45,253] {processor.py:153} INFO - Started process (PID=313) to work on /home/airflow/.local/lib/python3.7/site-packages/airflow/example_dags/example_trigger_target_dag.py
[2023-07-26 23:51:45,254] {processor.py:641} INFO - Processing file /home/airflow/.local/lib/python3.7/site-packages/airflow/example_dags/example_trigger_target_dag.py for tasks to queue
[2023-07-26 23:51:45,255] {logging_mixin.py:115} INFO - [2023-07-26 23:51:45,255] {dagbag.py:508} INFO - Filling up the DagBag from /home/airflow/.local/lib/python3.7/site-packages/airflow/example_dags/example_trigger_target_dag.py
[2023-07-26 23:51:45,269] {processor.py:651} INFO - DAG(s) dict_keys(['example_trigger_target_dag']) retrieved from /home/airflow/.local/lib/python3.7/site-packages/airflow/example_dags/example_trigger_target_dag.py
[2023-07-26 23:51:45,296] {logging_mixin.py:115} INFO - [2023-07-26 23:51:45,295] {dag.py:2420} INFO - Sync 1 DAGs
[2023-07-26 23:51:45,317] {logging_mixin.py:115} INFO - [2023-07-26 23:51:45,317] {dag.py:2972} INFO - Setting next_dagrun for example_trigger_target_dag to None, run_after=None
[2023-07-26 23:51:45,334] {processor.py:161} INFO - Processing /home/airflow/.local/lib/python3.7/site-packages/airflow/example_dags/example_trigger_target_dag.py took 0.084 seconds
[2023-07-26 23:52:15,503] {processor.py:153} INFO - Started process (PID=376) to work on /home/airflow/.local/lib/python3.7/site-packages/airflow/example_dags/example_trigger_target_dag.py
[2023-07-26 23:52:15,504] {processor.py:641} INFO - Processing file /home/airflow/.local/lib/python3.7/site-packages/airflow/example_dags/example_trigger_target_dag.py for tasks to queue
[2023-07-26 23:52:15,505] {logging_mixin.py:115} INFO - [2023-07-26 23:52:15,505] {dagbag.py:508} INFO - Filling up the DagBag from /home/airflow/.local/lib/python3.7/site-packages/airflow/example_dags/example_trigger_target_dag.py
[2023-07-26 23:52:15,516] {processor.py:651} INFO - DAG(s) dict_keys(['example_trigger_target_dag']) retrieved from /home/airflow/.local/lib/python3.7/site-packages/airflow/example_dags/example_trigger_target_dag.py
[2023-07-26 23:52:15,537] {logging_mixin.py:115} INFO - [2023-07-26 23:52:15,537] {dag.py:2420} INFO - Sync 1 DAGs
[2023-07-26 23:52:15,553] {logging_mixin.py:115} INFO - [2023-07-26 23:52:15,553] {dag.py:2972} INFO - Setting next_dagrun for example_trigger_target_dag to None, run_after=None
[2023-07-26 23:52:15,564] {processor.py:161} INFO - Processing /home/airflow/.local/lib/python3.7/site-packages/airflow/example_dags/example_trigger_target_dag.py took 0.063 seconds
[2023-07-26 23:52:45,719] {processor.py:153} INFO - Started process (PID=430) to work on /home/airflow/.local/lib/python3.7/site-packages/airflow/example_dags/example_trigger_target_dag.py
[2023-07-26 23:52:45,721] {processor.py:641} INFO - Processing file /home/airflow/.local/lib/python3.7/site-packages/airflow/example_dags/example_trigger_target_dag.py for tasks to queue
[2023-07-26 23:52:45,723] {logging_mixin.py:115} INFO - [2023-07-26 23:52:45,723] {dagbag.py:508} INFO - Filling up the DagBag from /home/airflow/.local/lib/python3.7/site-packages/airflow/example_dags/example_trigger_target_dag.py
[2023-07-26 23:52:45,738] {processor.py:651} INFO - DAG(s) dict_keys(['example_trigger_target_dag']) retrieved from /home/airflow/.local/lib/python3.7/site-packages/airflow/example_dags/example_trigger_target_dag.py
[2023-07-26 23:52:45,762] {logging_mixin.py:115} INFO - [2023-07-26 23:52:45,762] {dag.py:2420} INFO - Sync 1 DAGs
[2023-07-26 23:52:45,783] {logging_mixin.py:115} INFO - [2023-07-26 23:52:45,783] {dag.py:2972} INFO - Setting next_dagrun for example_trigger_target_dag to None, run_after=None
[2023-07-26 23:52:45,797] {processor.py:161} INFO - Processing /home/airflow/.local/lib/python3.7/site-packages/airflow/example_dags/example_trigger_target_dag.py took 0.081 seconds
[2023-07-26 23:53:16,023] {processor.py:153} INFO - Started process (PID=492) to work on /home/airflow/.local/lib/python3.7/site-packages/airflow/example_dags/example_trigger_target_dag.py
[2023-07-26 23:53:16,025] {processor.py:641} INFO - Processing file /home/airflow/.local/lib/python3.7/site-packages/airflow/example_dags/example_trigger_target_dag.py for tasks to queue
[2023-07-26 23:53:16,026] {logging_mixin.py:115} INFO - [2023-07-26 23:53:16,026] {dagbag.py:508} INFO - Filling up the DagBag from /home/airflow/.local/lib/python3.7/site-packages/airflow/example_dags/example_trigger_target_dag.py
[2023-07-26 23:53:16,036] {processor.py:651} INFO - DAG(s) dict_keys(['example_trigger_target_dag']) retrieved from /home/airflow/.local/lib/python3.7/site-packages/airflow/example_dags/example_trigger_target_dag.py
[2023-07-26 23:53:16,056] {logging_mixin.py:115} INFO - [2023-07-26 23:53:16,056] {dag.py:2420} INFO - Sync 1 DAGs
[2023-07-26 23:53:16,073] {logging_mixin.py:115} INFO - [2023-07-26 23:53:16,073] {dag.py:2972} INFO - Setting next_dagrun for example_trigger_target_dag to None, run_after=None
[2023-07-26 23:53:16,087] {processor.py:161} INFO - Processing /home/airflow/.local/lib/python3.7/site-packages/airflow/example_dags/example_trigger_target_dag.py took 0.066 seconds
[2023-07-26 23:53:47,432] {processor.py:153} INFO - Started process (PID=572) to work on /home/airflow/.local/lib/python3.7/site-packages/airflow/example_dags/example_trigger_target_dag.py
[2023-07-26 23:53:47,434] {processor.py:641} INFO - Processing file /home/airflow/.local/lib/python3.7/site-packages/airflow/example_dags/example_trigger_target_dag.py for tasks to queue
[2023-07-26 23:53:47,435] {logging_mixin.py:115} INFO - [2023-07-26 23:53:47,435] {dagbag.py:508} INFO - Filling up the DagBag from /home/airflow/.local/lib/python3.7/site-packages/airflow/example_dags/example_trigger_target_dag.py
[2023-07-26 23:53:47,466] {processor.py:651} INFO - DAG(s) dict_keys(['example_trigger_target_dag']) retrieved from /home/airflow/.local/lib/python3.7/site-packages/airflow/example_dags/example_trigger_target_dag.py
[2023-07-26 23:53:47,529] {logging_mixin.py:115} INFO - [2023-07-26 23:53:47,529] {dag.py:2420} INFO - Sync 1 DAGs
[2023-07-26 23:53:47,573] {logging_mixin.py:115} INFO - [2023-07-26 23:53:47,573] {dag.py:2972} INFO - Setting next_dagrun for example_trigger_target_dag to None, run_after=None
[2023-07-26 23:53:47,603] {processor.py:161} INFO - Processing /home/airflow/.local/lib/python3.7/site-packages/airflow/example_dags/example_trigger_target_dag.py took 0.175 seconds
[2023-07-26 23:54:18,306] {processor.py:153} INFO - Started process (PID=709) to work on /home/airflow/.local/lib/python3.7/site-packages/airflow/example_dags/example_trigger_target_dag.py
[2023-07-26 23:54:18,308] {processor.py:641} INFO - Processing file /home/airflow/.local/lib/python3.7/site-packages/airflow/example_dags/example_trigger_target_dag.py for tasks to queue
[2023-07-26 23:54:18,309] {logging_mixin.py:115} INFO - [2023-07-26 23:54:18,309] {dagbag.py:508} INFO - Filling up the DagBag from /home/airflow/.local/lib/python3.7/site-packages/airflow/example_dags/example_trigger_target_dag.py
[2023-07-26 23:54:18,331] {processor.py:651} INFO - DAG(s) dict_keys(['example_trigger_target_dag']) retrieved from /home/airflow/.local/lib/python3.7/site-packages/airflow/example_dags/example_trigger_target_dag.py
[2023-07-26 23:54:18,368] {logging_mixin.py:115} INFO - [2023-07-26 23:54:18,368] {dag.py:2420} INFO - Sync 1 DAGs
[2023-07-26 23:54:18,404] {logging_mixin.py:115} INFO - [2023-07-26 23:54:18,404] {dag.py:2972} INFO - Setting next_dagrun for example_trigger_target_dag to None, run_after=None
[2023-07-26 23:54:18,421] {processor.py:161} INFO - Processing /home/airflow/.local/lib/python3.7/site-packages/airflow/example_dags/example_trigger_target_dag.py took 0.119 seconds
