[2023-07-26 23:49:43,494] {processor.py:153} INFO - Started process (PID=74) to work on /home/airflow/.local/lib/python3.7/site-packages/airflow/example_dags/example_task_group_decorator.py
[2023-07-26 23:49:43,496] {processor.py:641} INFO - Processing file /home/airflow/.local/lib/python3.7/site-packages/airflow/example_dags/example_task_group_decorator.py for tasks to queue
[2023-07-26 23:49:43,497] {logging_mixin.py:115} INFO - [2023-07-26 23:49:43,497] {dagbag.py:508} INFO - Filling up the DagBag from /home/airflow/.local/lib/python3.7/site-packages/airflow/example_dags/example_task_group_decorator.py
[2023-07-26 23:49:43,531] {processor.py:651} INFO - DAG(s) dict_keys(['example_task_group_decorator']) retrieved from /home/airflow/.local/lib/python3.7/site-packages/airflow/example_dags/example_task_group_decorator.py
[2023-07-26 23:49:43,657] {logging_mixin.py:115} INFO - [2023-07-26 23:49:43,657] {manager.py:508} INFO - Created Permission View: can delete on DAG:example_task_group_decorator
[2023-07-26 23:49:43,690] {logging_mixin.py:115} INFO - [2023-07-26 23:49:43,690] {manager.py:508} INFO - Created Permission View: can read on DAG:example_task_group_decorator
[2023-07-26 23:49:43,707] {logging_mixin.py:115} INFO - [2023-07-26 23:49:43,707] {manager.py:508} INFO - Created Permission View: can edit on DAG:example_task_group_decorator
[2023-07-26 23:49:43,708] {logging_mixin.py:115} INFO - [2023-07-26 23:49:43,708] {dag.py:2420} INFO - Sync 1 DAGs
[2023-07-26 23:49:43,726] {logging_mixin.py:115} INFO - [2023-07-26 23:49:43,726] {dag.py:2439} INFO - Creating ORM DAG for example_task_group_decorator
[2023-07-26 23:49:43,741] {logging_mixin.py:115} INFO - [2023-07-26 23:49:43,740] {dag.py:2972} INFO - Setting next_dagrun for example_task_group_decorator to 2023-07-25T23:49:43.740795+00:00, run_after=2023-07-26T23:49:43.740795+00:00
[2023-07-26 23:49:43,761] {processor.py:161} INFO - Processing /home/airflow/.local/lib/python3.7/site-packages/airflow/example_dags/example_task_group_decorator.py took 0.271 seconds
[2023-07-26 23:50:13,891] {processor.py:153} INFO - Started process (PID=137) to work on /home/airflow/.local/lib/python3.7/site-packages/airflow/example_dags/example_task_group_decorator.py
[2023-07-26 23:50:13,892] {processor.py:641} INFO - Processing file /home/airflow/.local/lib/python3.7/site-packages/airflow/example_dags/example_task_group_decorator.py for tasks to queue
[2023-07-26 23:50:13,893] {logging_mixin.py:115} INFO - [2023-07-26 23:50:13,893] {dagbag.py:508} INFO - Filling up the DagBag from /home/airflow/.local/lib/python3.7/site-packages/airflow/example_dags/example_task_group_decorator.py
[2023-07-26 23:50:13,913] {processor.py:651} INFO - DAG(s) dict_keys(['example_task_group_decorator']) retrieved from /home/airflow/.local/lib/python3.7/site-packages/airflow/example_dags/example_task_group_decorator.py
[2023-07-26 23:50:13,974] {logging_mixin.py:115} INFO - [2023-07-26 23:50:13,974] {dag.py:2420} INFO - Sync 1 DAGs
[2023-07-26 23:50:13,996] {logging_mixin.py:115} INFO - [2023-07-26 23:50:13,996] {dag.py:2972} INFO - Setting next_dagrun for example_task_group_decorator to 2023-07-25T23:50:13.996580+00:00, run_after=2023-07-26T23:50:13.996580+00:00
[2023-07-26 23:50:14,014] {processor.py:161} INFO - Processing /home/airflow/.local/lib/python3.7/site-packages/airflow/example_dags/example_task_group_decorator.py took 0.126 seconds
[2023-07-26 23:50:44,132] {processor.py:153} INFO - Started process (PID=191) to work on /home/airflow/.local/lib/python3.7/site-packages/airflow/example_dags/example_task_group_decorator.py
[2023-07-26 23:50:44,132] {processor.py:641} INFO - Processing file /home/airflow/.local/lib/python3.7/site-packages/airflow/example_dags/example_task_group_decorator.py for tasks to queue
[2023-07-26 23:50:44,133] {logging_mixin.py:115} INFO - [2023-07-26 23:50:44,133] {dagbag.py:508} INFO - Filling up the DagBag from /home/airflow/.local/lib/python3.7/site-packages/airflow/example_dags/example_task_group_decorator.py
[2023-07-26 23:50:44,150] {processor.py:651} INFO - DAG(s) dict_keys(['example_task_group_decorator']) retrieved from /home/airflow/.local/lib/python3.7/site-packages/airflow/example_dags/example_task_group_decorator.py
[2023-07-26 23:50:44,202] {logging_mixin.py:115} INFO - [2023-07-26 23:50:44,202] {dag.py:2420} INFO - Sync 1 DAGs
[2023-07-26 23:50:44,228] {logging_mixin.py:115} INFO - [2023-07-26 23:50:44,228] {dag.py:2972} INFO - Setting next_dagrun for example_task_group_decorator to 2023-07-25T23:50:44.228410+00:00, run_after=2023-07-26T23:50:44.228410+00:00
[2023-07-26 23:50:44,243] {processor.py:161} INFO - Processing /home/airflow/.local/lib/python3.7/site-packages/airflow/example_dags/example_task_group_decorator.py took 0.114 seconds
[2023-07-26 23:51:15,381] {processor.py:153} INFO - Started process (PID=254) to work on /home/airflow/.local/lib/python3.7/site-packages/airflow/example_dags/example_task_group_decorator.py
[2023-07-26 23:51:15,382] {processor.py:641} INFO - Processing file /home/airflow/.local/lib/python3.7/site-packages/airflow/example_dags/example_task_group_decorator.py for tasks to queue
[2023-07-26 23:51:15,383] {logging_mixin.py:115} INFO - [2023-07-26 23:51:15,383] {dagbag.py:508} INFO - Filling up the DagBag from /home/airflow/.local/lib/python3.7/site-packages/airflow/example_dags/example_task_group_decorator.py
[2023-07-26 23:51:15,404] {processor.py:651} INFO - DAG(s) dict_keys(['example_task_group_decorator']) retrieved from /home/airflow/.local/lib/python3.7/site-packages/airflow/example_dags/example_task_group_decorator.py
[2023-07-26 23:51:15,460] {logging_mixin.py:115} INFO - [2023-07-26 23:51:15,460] {dag.py:2420} INFO - Sync 1 DAGs
[2023-07-26 23:51:15,478] {logging_mixin.py:115} INFO - [2023-07-26 23:51:15,478] {dag.py:2972} INFO - Setting next_dagrun for example_task_group_decorator to 2023-07-25T23:51:15.477945+00:00, run_after=2023-07-26T23:51:15.477945+00:00
[2023-07-26 23:51:15,492] {processor.py:161} INFO - Processing /home/airflow/.local/lib/python3.7/site-packages/airflow/example_dags/example_task_group_decorator.py took 0.114 seconds
[2023-07-26 23:51:45,627] {processor.py:153} INFO - Started process (PID=317) to work on /home/airflow/.local/lib/python3.7/site-packages/airflow/example_dags/example_task_group_decorator.py
[2023-07-26 23:51:45,628] {processor.py:641} INFO - Processing file /home/airflow/.local/lib/python3.7/site-packages/airflow/example_dags/example_task_group_decorator.py for tasks to queue
[2023-07-26 23:51:45,630] {logging_mixin.py:115} INFO - [2023-07-26 23:51:45,630] {dagbag.py:508} INFO - Filling up the DagBag from /home/airflow/.local/lib/python3.7/site-packages/airflow/example_dags/example_task_group_decorator.py
[2023-07-26 23:51:45,647] {processor.py:651} INFO - DAG(s) dict_keys(['example_task_group_decorator']) retrieved from /home/airflow/.local/lib/python3.7/site-packages/airflow/example_dags/example_task_group_decorator.py
[2023-07-26 23:51:45,702] {logging_mixin.py:115} INFO - [2023-07-26 23:51:45,702] {dag.py:2420} INFO - Sync 1 DAGs
[2023-07-26 23:51:45,720] {logging_mixin.py:115} INFO - [2023-07-26 23:51:45,719] {dag.py:2972} INFO - Setting next_dagrun for example_task_group_decorator to 2023-07-25T23:51:45.719727+00:00, run_after=2023-07-26T23:51:45.719727+00:00
[2023-07-26 23:51:45,737] {processor.py:161} INFO - Processing /home/airflow/.local/lib/python3.7/site-packages/airflow/example_dags/example_task_group_decorator.py took 0.113 seconds
[2023-07-26 23:52:15,818] {processor.py:153} INFO - Started process (PID=380) to work on /home/airflow/.local/lib/python3.7/site-packages/airflow/example_dags/example_task_group_decorator.py
[2023-07-26 23:52:15,821] {processor.py:641} INFO - Processing file /home/airflow/.local/lib/python3.7/site-packages/airflow/example_dags/example_task_group_decorator.py for tasks to queue
[2023-07-26 23:52:15,822] {logging_mixin.py:115} INFO - [2023-07-26 23:52:15,822] {dagbag.py:508} INFO - Filling up the DagBag from /home/airflow/.local/lib/python3.7/site-packages/airflow/example_dags/example_task_group_decorator.py
[2023-07-26 23:52:15,838] {processor.py:651} INFO - DAG(s) dict_keys(['example_task_group_decorator']) retrieved from /home/airflow/.local/lib/python3.7/site-packages/airflow/example_dags/example_task_group_decorator.py
[2023-07-26 23:52:15,889] {logging_mixin.py:115} INFO - [2023-07-26 23:52:15,889] {dag.py:2420} INFO - Sync 1 DAGs
[2023-07-26 23:52:15,905] {logging_mixin.py:115} INFO - [2023-07-26 23:52:15,904] {dag.py:2972} INFO - Setting next_dagrun for example_task_group_decorator to 2023-07-25T23:52:15.904797+00:00, run_after=2023-07-26T23:52:15.904797+00:00
[2023-07-26 23:52:15,920] {processor.py:161} INFO - Processing /home/airflow/.local/lib/python3.7/site-packages/airflow/example_dags/example_task_group_decorator.py took 0.105 seconds
[2023-07-26 23:52:45,971] {processor.py:153} INFO - Started process (PID=434) to work on /home/airflow/.local/lib/python3.7/site-packages/airflow/example_dags/example_task_group_decorator.py
[2023-07-26 23:52:45,972] {processor.py:641} INFO - Processing file /home/airflow/.local/lib/python3.7/site-packages/airflow/example_dags/example_task_group_decorator.py for tasks to queue
[2023-07-26 23:52:45,973] {logging_mixin.py:115} INFO - [2023-07-26 23:52:45,973] {dagbag.py:508} INFO - Filling up the DagBag from /home/airflow/.local/lib/python3.7/site-packages/airflow/example_dags/example_task_group_decorator.py
[2023-07-26 23:52:45,991] {processor.py:651} INFO - DAG(s) dict_keys(['example_task_group_decorator']) retrieved from /home/airflow/.local/lib/python3.7/site-packages/airflow/example_dags/example_task_group_decorator.py
[2023-07-26 23:52:46,056] {logging_mixin.py:115} INFO - [2023-07-26 23:52:46,055] {dag.py:2420} INFO - Sync 1 DAGs
[2023-07-26 23:52:46,074] {logging_mixin.py:115} INFO - [2023-07-26 23:52:46,074] {dag.py:2972} INFO - Setting next_dagrun for example_task_group_decorator to 2023-07-25T23:52:46.074196+00:00, run_after=2023-07-26T23:52:46.074196+00:00
[2023-07-26 23:52:46,096] {processor.py:161} INFO - Processing /home/airflow/.local/lib/python3.7/site-packages/airflow/example_dags/example_task_group_decorator.py took 0.127 seconds
[2023-07-26 23:53:16,350] {processor.py:153} INFO - Started process (PID=496) to work on /home/airflow/.local/lib/python3.7/site-packages/airflow/example_dags/example_task_group_decorator.py
[2023-07-26 23:53:16,351] {processor.py:641} INFO - Processing file /home/airflow/.local/lib/python3.7/site-packages/airflow/example_dags/example_task_group_decorator.py for tasks to queue
[2023-07-26 23:53:16,353] {logging_mixin.py:115} INFO - [2023-07-26 23:53:16,352] {dagbag.py:508} INFO - Filling up the DagBag from /home/airflow/.local/lib/python3.7/site-packages/airflow/example_dags/example_task_group_decorator.py
[2023-07-26 23:53:16,371] {processor.py:651} INFO - DAG(s) dict_keys(['example_task_group_decorator']) retrieved from /home/airflow/.local/lib/python3.7/site-packages/airflow/example_dags/example_task_group_decorator.py
[2023-07-26 23:53:16,428] {logging_mixin.py:115} INFO - [2023-07-26 23:53:16,428] {dag.py:2420} INFO - Sync 1 DAGs
[2023-07-26 23:53:16,447] {logging_mixin.py:115} INFO - [2023-07-26 23:53:16,447] {dag.py:2972} INFO - Setting next_dagrun for example_task_group_decorator to 2023-07-25T23:53:16.446895+00:00, run_after=2023-07-26T23:53:16.446895+00:00
[2023-07-26 23:53:16,463] {processor.py:161} INFO - Processing /home/airflow/.local/lib/python3.7/site-packages/airflow/example_dags/example_task_group_decorator.py took 0.115 seconds
[2023-07-26 23:53:47,940] {processor.py:153} INFO - Started process (PID=576) to work on /home/airflow/.local/lib/python3.7/site-packages/airflow/example_dags/example_task_group_decorator.py
[2023-07-26 23:53:47,942] {processor.py:641} INFO - Processing file /home/airflow/.local/lib/python3.7/site-packages/airflow/example_dags/example_task_group_decorator.py for tasks to queue
[2023-07-26 23:53:47,950] {logging_mixin.py:115} INFO - [2023-07-26 23:53:47,950] {dagbag.py:508} INFO - Filling up the DagBag from /home/airflow/.local/lib/python3.7/site-packages/airflow/example_dags/example_task_group_decorator.py
[2023-07-26 23:53:48,023] {processor.py:651} INFO - DAG(s) dict_keys(['example_task_group_decorator']) retrieved from /home/airflow/.local/lib/python3.7/site-packages/airflow/example_dags/example_task_group_decorator.py
[2023-07-26 23:53:48,201] {logging_mixin.py:115} INFO - [2023-07-26 23:53:48,201] {dag.py:2420} INFO - Sync 1 DAGs
[2023-07-26 23:53:48,257] {logging_mixin.py:115} INFO - [2023-07-26 23:53:48,257] {dag.py:2972} INFO - Setting next_dagrun for example_task_group_decorator to 2023-07-25T23:53:48.255810+00:00, run_after=2023-07-26T23:53:48.255810+00:00
[2023-07-26 23:53:48,314] {processor.py:161} INFO - Processing /home/airflow/.local/lib/python3.7/site-packages/airflow/example_dags/example_task_group_decorator.py took 0.379 seconds
[2023-07-26 23:54:18,862] {processor.py:153} INFO - Started process (PID=713) to work on /home/airflow/.local/lib/python3.7/site-packages/airflow/example_dags/example_task_group_decorator.py
[2023-07-26 23:54:18,865] {processor.py:641} INFO - Processing file /home/airflow/.local/lib/python3.7/site-packages/airflow/example_dags/example_task_group_decorator.py for tasks to queue
[2023-07-26 23:54:18,866] {logging_mixin.py:115} INFO - [2023-07-26 23:54:18,866] {dagbag.py:508} INFO - Filling up the DagBag from /home/airflow/.local/lib/python3.7/site-packages/airflow/example_dags/example_task_group_decorator.py
[2023-07-26 23:54:18,942] {processor.py:651} INFO - DAG(s) dict_keys(['example_task_group_decorator']) retrieved from /home/airflow/.local/lib/python3.7/site-packages/airflow/example_dags/example_task_group_decorator.py
[2023-07-26 23:54:19,137] {logging_mixin.py:115} INFO - [2023-07-26 23:54:19,137] {dag.py:2420} INFO - Sync 1 DAGs
[2023-07-26 23:54:19,181] {logging_mixin.py:115} INFO - [2023-07-26 23:54:19,180] {dag.py:2972} INFO - Setting next_dagrun for example_task_group_decorator to 2023-07-25T23:54:19.180592+00:00, run_after=2023-07-26T23:54:19.180592+00:00
[2023-07-26 23:54:19,209] {processor.py:161} INFO - Processing /home/airflow/.local/lib/python3.7/site-packages/airflow/example_dags/example_task_group_decorator.py took 0.360 seconds
