[2023-07-26 23:49:38,158] {processor.py:153} INFO - Started process (PID=45) to work on /home/airflow/.local/lib/python3.7/site-packages/airflow/example_dags/example_xcom.py
[2023-07-26 23:49:38,159] {processor.py:641} INFO - Processing file /home/airflow/.local/lib/python3.7/site-packages/airflow/example_dags/example_xcom.py for tasks to queue
[2023-07-26 23:49:38,160] {logging_mixin.py:115} INFO - [2023-07-26 23:49:38,160] {dagbag.py:508} INFO - Filling up the DagBag from /home/airflow/.local/lib/python3.7/site-packages/airflow/example_dags/example_xcom.py
[2023-07-26 23:49:38,196] {processor.py:651} INFO - DAG(s) dict_keys(['example_xcom']) retrieved from /home/airflow/.local/lib/python3.7/site-packages/airflow/example_dags/example_xcom.py
[2023-07-26 23:49:38,362] {logging_mixin.py:115} INFO - [2023-07-26 23:49:38,362] {manager.py:508} INFO - Created Permission View: can delete on DAG:example_xcom
[2023-07-26 23:49:38,398] {logging_mixin.py:115} INFO - [2023-07-26 23:49:38,398] {manager.py:508} INFO - Created Permission View: can read on DAG:example_xcom
[2023-07-26 23:49:38,409] {logging_mixin.py:115} INFO - [2023-07-26 23:49:38,409] {manager.py:508} INFO - Created Permission View: can edit on DAG:example_xcom
[2023-07-26 23:49:38,410] {logging_mixin.py:115} INFO - [2023-07-26 23:49:38,410] {dag.py:2420} INFO - Sync 1 DAGs
[2023-07-26 23:49:38,430] {logging_mixin.py:115} INFO - [2023-07-26 23:49:38,430] {dag.py:2439} INFO - Creating ORM DAG for example_xcom
[2023-07-26 23:49:38,450] {logging_mixin.py:115} INFO - [2023-07-26 23:49:38,450] {dag.py:2972} INFO - Setting next_dagrun for example_xcom to 2021-01-01T00:00:00+00:00, run_after=2021-01-01T00:00:00+00:00
[2023-07-26 23:49:38,471] {processor.py:161} INFO - Processing /home/airflow/.local/lib/python3.7/site-packages/airflow/example_dags/example_xcom.py took 0.317 seconds
[2023-07-26 23:50:08,934] {processor.py:153} INFO - Started process (PID=99) to work on /home/airflow/.local/lib/python3.7/site-packages/airflow/example_dags/example_xcom.py
[2023-07-26 23:50:08,935] {processor.py:641} INFO - Processing file /home/airflow/.local/lib/python3.7/site-packages/airflow/example_dags/example_xcom.py for tasks to queue
[2023-07-26 23:50:08,936] {logging_mixin.py:115} INFO - [2023-07-26 23:50:08,936] {dagbag.py:508} INFO - Filling up the DagBag from /home/airflow/.local/lib/python3.7/site-packages/airflow/example_dags/example_xcom.py
[2023-07-26 23:50:08,949] {processor.py:651} INFO - DAG(s) dict_keys(['example_xcom']) retrieved from /home/airflow/.local/lib/python3.7/site-packages/airflow/example_dags/example_xcom.py
[2023-07-26 23:50:09,001] {logging_mixin.py:115} INFO - [2023-07-26 23:50:09,001] {dag.py:2420} INFO - Sync 1 DAGs
[2023-07-26 23:50:09,020] {logging_mixin.py:115} INFO - [2023-07-26 23:50:09,020] {dag.py:2972} INFO - Setting next_dagrun for example_xcom to 2021-01-01T00:00:00+00:00, run_after=2021-01-01T00:00:00+00:00
[2023-07-26 23:50:09,038] {processor.py:161} INFO - Processing /home/airflow/.local/lib/python3.7/site-packages/airflow/example_dags/example_xcom.py took 0.107 seconds
[2023-07-26 23:50:39,251] {processor.py:153} INFO - Started process (PID=162) to work on /home/airflow/.local/lib/python3.7/site-packages/airflow/example_dags/example_xcom.py
[2023-07-26 23:50:39,254] {processor.py:641} INFO - Processing file /home/airflow/.local/lib/python3.7/site-packages/airflow/example_dags/example_xcom.py for tasks to queue
[2023-07-26 23:50:39,255] {logging_mixin.py:115} INFO - [2023-07-26 23:50:39,255] {dagbag.py:508} INFO - Filling up the DagBag from /home/airflow/.local/lib/python3.7/site-packages/airflow/example_dags/example_xcom.py
[2023-07-26 23:50:39,268] {processor.py:651} INFO - DAG(s) dict_keys(['example_xcom']) retrieved from /home/airflow/.local/lib/python3.7/site-packages/airflow/example_dags/example_xcom.py
[2023-07-26 23:50:39,322] {logging_mixin.py:115} INFO - [2023-07-26 23:50:39,322] {dag.py:2420} INFO - Sync 1 DAGs
[2023-07-26 23:50:39,336] {logging_mixin.py:115} INFO - [2023-07-26 23:50:39,335] {dag.py:2972} INFO - Setting next_dagrun for example_xcom to 2021-01-01T00:00:00+00:00, run_after=2021-01-01T00:00:00+00:00
[2023-07-26 23:50:39,354] {processor.py:161} INFO - Processing /home/airflow/.local/lib/python3.7/site-packages/airflow/example_dags/example_xcom.py took 0.106 seconds
[2023-07-26 23:51:09,440] {processor.py:153} INFO - Started process (PID=225) to work on /home/airflow/.local/lib/python3.7/site-packages/airflow/example_dags/example_xcom.py
[2023-07-26 23:51:09,442] {processor.py:641} INFO - Processing file /home/airflow/.local/lib/python3.7/site-packages/airflow/example_dags/example_xcom.py for tasks to queue
[2023-07-26 23:51:09,443] {logging_mixin.py:115} INFO - [2023-07-26 23:51:09,443] {dagbag.py:508} INFO - Filling up the DagBag from /home/airflow/.local/lib/python3.7/site-packages/airflow/example_dags/example_xcom.py
[2023-07-26 23:51:09,458] {processor.py:651} INFO - DAG(s) dict_keys(['example_xcom']) retrieved from /home/airflow/.local/lib/python3.7/site-packages/airflow/example_dags/example_xcom.py
[2023-07-26 23:51:09,508] {logging_mixin.py:115} INFO - [2023-07-26 23:51:09,508] {dag.py:2420} INFO - Sync 1 DAGs
[2023-07-26 23:51:09,526] {logging_mixin.py:115} INFO - [2023-07-26 23:51:09,526] {dag.py:2972} INFO - Setting next_dagrun for example_xcom to 2021-01-01T00:00:00+00:00, run_after=2021-01-01T00:00:00+00:00
[2023-07-26 23:51:09,548] {processor.py:161} INFO - Processing /home/airflow/.local/lib/python3.7/site-packages/airflow/example_dags/example_xcom.py took 0.110 seconds
[2023-07-26 23:51:39,724] {processor.py:153} INFO - Started process (PID=279) to work on /home/airflow/.local/lib/python3.7/site-packages/airflow/example_dags/example_xcom.py
[2023-07-26 23:51:39,725] {processor.py:641} INFO - Processing file /home/airflow/.local/lib/python3.7/site-packages/airflow/example_dags/example_xcom.py for tasks to queue
[2023-07-26 23:51:39,727] {logging_mixin.py:115} INFO - [2023-07-26 23:51:39,727] {dagbag.py:508} INFO - Filling up the DagBag from /home/airflow/.local/lib/python3.7/site-packages/airflow/example_dags/example_xcom.py
[2023-07-26 23:51:39,738] {processor.py:651} INFO - DAG(s) dict_keys(['example_xcom']) retrieved from /home/airflow/.local/lib/python3.7/site-packages/airflow/example_dags/example_xcom.py
[2023-07-26 23:51:39,792] {logging_mixin.py:115} INFO - [2023-07-26 23:51:39,792] {dag.py:2420} INFO - Sync 1 DAGs
[2023-07-26 23:51:39,808] {logging_mixin.py:115} INFO - [2023-07-26 23:51:39,808] {dag.py:2972} INFO - Setting next_dagrun for example_xcom to 2021-01-01T00:00:00+00:00, run_after=2021-01-01T00:00:00+00:00
[2023-07-26 23:51:39,824] {processor.py:161} INFO - Processing /home/airflow/.local/lib/python3.7/site-packages/airflow/example_dags/example_xcom.py took 0.102 seconds
[2023-07-26 23:52:10,024] {processor.py:153} INFO - Started process (PID=342) to work on /home/airflow/.local/lib/python3.7/site-packages/airflow/example_dags/example_xcom.py
[2023-07-26 23:52:10,026] {processor.py:641} INFO - Processing file /home/airflow/.local/lib/python3.7/site-packages/airflow/example_dags/example_xcom.py for tasks to queue
[2023-07-26 23:52:10,027] {logging_mixin.py:115} INFO - [2023-07-26 23:52:10,027] {dagbag.py:508} INFO - Filling up the DagBag from /home/airflow/.local/lib/python3.7/site-packages/airflow/example_dags/example_xcom.py
[2023-07-26 23:52:10,040] {processor.py:651} INFO - DAG(s) dict_keys(['example_xcom']) retrieved from /home/airflow/.local/lib/python3.7/site-packages/airflow/example_dags/example_xcom.py
[2023-07-26 23:52:10,089] {logging_mixin.py:115} INFO - [2023-07-26 23:52:10,089] {dag.py:2420} INFO - Sync 1 DAGs
[2023-07-26 23:52:10,103] {logging_mixin.py:115} INFO - [2023-07-26 23:52:10,103] {dag.py:2972} INFO - Setting next_dagrun for example_xcom to 2021-01-01T00:00:00+00:00, run_after=2021-01-01T00:00:00+00:00
[2023-07-26 23:52:10,115] {processor.py:161} INFO - Processing /home/airflow/.local/lib/python3.7/site-packages/airflow/example_dags/example_xcom.py took 0.094 seconds
[2023-07-26 23:52:40,206] {processor.py:153} INFO - Started process (PID=405) to work on /home/airflow/.local/lib/python3.7/site-packages/airflow/example_dags/example_xcom.py
[2023-07-26 23:52:40,207] {processor.py:641} INFO - Processing file /home/airflow/.local/lib/python3.7/site-packages/airflow/example_dags/example_xcom.py for tasks to queue
[2023-07-26 23:52:40,208] {logging_mixin.py:115} INFO - [2023-07-26 23:52:40,208] {dagbag.py:508} INFO - Filling up the DagBag from /home/airflow/.local/lib/python3.7/site-packages/airflow/example_dags/example_xcom.py
[2023-07-26 23:52:40,220] {processor.py:651} INFO - DAG(s) dict_keys(['example_xcom']) retrieved from /home/airflow/.local/lib/python3.7/site-packages/airflow/example_dags/example_xcom.py
[2023-07-26 23:52:40,271] {logging_mixin.py:115} INFO - [2023-07-26 23:52:40,271] {dag.py:2420} INFO - Sync 1 DAGs
[2023-07-26 23:52:40,285] {logging_mixin.py:115} INFO - [2023-07-26 23:52:40,285] {dag.py:2972} INFO - Setting next_dagrun for example_xcom to 2021-01-01T00:00:00+00:00, run_after=2021-01-01T00:00:00+00:00
[2023-07-26 23:52:40,297] {processor.py:161} INFO - Processing /home/airflow/.local/lib/python3.7/site-packages/airflow/example_dags/example_xcom.py took 0.093 seconds
[2023-07-26 23:53:10,371] {processor.py:153} INFO - Started process (PID=467) to work on /home/airflow/.local/lib/python3.7/site-packages/airflow/example_dags/example_xcom.py
[2023-07-26 23:53:10,372] {processor.py:641} INFO - Processing file /home/airflow/.local/lib/python3.7/site-packages/airflow/example_dags/example_xcom.py for tasks to queue
[2023-07-26 23:53:10,373] {logging_mixin.py:115} INFO - [2023-07-26 23:53:10,373] {dagbag.py:508} INFO - Filling up the DagBag from /home/airflow/.local/lib/python3.7/site-packages/airflow/example_dags/example_xcom.py
[2023-07-26 23:53:10,389] {processor.py:651} INFO - DAG(s) dict_keys(['example_xcom']) retrieved from /home/airflow/.local/lib/python3.7/site-packages/airflow/example_dags/example_xcom.py
[2023-07-26 23:53:10,449] {logging_mixin.py:115} INFO - [2023-07-26 23:53:10,449] {dag.py:2420} INFO - Sync 1 DAGs
[2023-07-26 23:53:10,468] {logging_mixin.py:115} INFO - [2023-07-26 23:53:10,468] {dag.py:2972} INFO - Setting next_dagrun for example_xcom to 2021-01-01T00:00:00+00:00, run_after=2021-01-01T00:00:00+00:00
[2023-07-26 23:53:10,487] {processor.py:161} INFO - Processing /home/airflow/.local/lib/python3.7/site-packages/airflow/example_dags/example_xcom.py took 0.118 seconds
[2023-07-26 23:53:40,694] {processor.py:153} INFO - Started process (PID=521) to work on /home/airflow/.local/lib/python3.7/site-packages/airflow/example_dags/example_xcom.py
[2023-07-26 23:53:40,698] {processor.py:641} INFO - Processing file /home/airflow/.local/lib/python3.7/site-packages/airflow/example_dags/example_xcom.py for tasks to queue
[2023-07-26 23:53:40,701] {logging_mixin.py:115} INFO - [2023-07-26 23:53:40,701] {dagbag.py:508} INFO - Filling up the DagBag from /home/airflow/.local/lib/python3.7/site-packages/airflow/example_dags/example_xcom.py
[2023-07-26 23:53:40,719] {processor.py:651} INFO - DAG(s) dict_keys(['example_xcom']) retrieved from /home/airflow/.local/lib/python3.7/site-packages/airflow/example_dags/example_xcom.py
[2023-07-26 23:53:40,802] {logging_mixin.py:115} INFO - [2023-07-26 23:53:40,802] {dag.py:2420} INFO - Sync 1 DAGs
[2023-07-26 23:53:40,841] {logging_mixin.py:115} INFO - [2023-07-26 23:53:40,841] {dag.py:2972} INFO - Setting next_dagrun for example_xcom to 2021-01-01T00:00:00+00:00, run_after=2021-01-01T00:00:00+00:00
[2023-07-26 23:53:40,867] {processor.py:161} INFO - Processing /home/airflow/.local/lib/python3.7/site-packages/airflow/example_dags/example_xcom.py took 0.177 seconds
[2023-07-26 23:54:10,944] {processor.py:153} INFO - Started process (PID=657) to work on /home/airflow/.local/lib/python3.7/site-packages/airflow/example_dags/example_xcom.py
[2023-07-26 23:54:10,945] {processor.py:641} INFO - Processing file /home/airflow/.local/lib/python3.7/site-packages/airflow/example_dags/example_xcom.py for tasks to queue
[2023-07-26 23:54:10,946] {logging_mixin.py:115} INFO - [2023-07-26 23:54:10,946] {dagbag.py:508} INFO - Filling up the DagBag from /home/airflow/.local/lib/python3.7/site-packages/airflow/example_dags/example_xcom.py
[2023-07-26 23:54:10,976] {processor.py:651} INFO - DAG(s) dict_keys(['example_xcom']) retrieved from /home/airflow/.local/lib/python3.7/site-packages/airflow/example_dags/example_xcom.py
[2023-07-26 23:54:11,158] {logging_mixin.py:115} INFO - [2023-07-26 23:54:11,158] {dag.py:2420} INFO - Sync 1 DAGs
[2023-07-26 23:54:11,220] {logging_mixin.py:115} INFO - [2023-07-26 23:54:11,220] {dag.py:2972} INFO - Setting next_dagrun for example_xcom to 2021-01-01T00:00:00+00:00, run_after=2021-01-01T00:00:00+00:00
[2023-07-26 23:54:11,249] {processor.py:161} INFO - Processing /home/airflow/.local/lib/python3.7/site-packages/airflow/example_dags/example_xcom.py took 0.309 seconds
