[2023-07-26 23:49:37,705] {processor.py:153} INFO - Started process (PID=38) to work on /home/airflow/.local/lib/python3.7/site-packages/airflow/example_dags/example_branch_operator_decorator.py
[2023-07-26 23:49:37,706] {processor.py:641} INFO - Processing file /home/airflow/.local/lib/python3.7/site-packages/airflow/example_dags/example_branch_operator_decorator.py for tasks to queue
[2023-07-26 23:49:37,708] {logging_mixin.py:115} INFO - [2023-07-26 23:49:37,708] {dagbag.py:508} INFO - Filling up the DagBag from /home/airflow/.local/lib/python3.7/site-packages/airflow/example_dags/example_branch_operator_decorator.py
[2023-07-26 23:49:37,732] {processor.py:651} INFO - DAG(s) dict_keys(['example_branch_python_operator_decorator']) retrieved from /home/airflow/.local/lib/python3.7/site-packages/airflow/example_dags/example_branch_operator_decorator.py
[2023-07-26 23:49:37,875] {logging_mixin.py:115} INFO - [2023-07-26 23:49:37,875] {manager.py:508} INFO - Created Permission View: can delete on DAG:example_branch_python_operator_decorator
[2023-07-26 23:49:37,911] {logging_mixin.py:115} INFO - [2023-07-26 23:49:37,911] {manager.py:508} INFO - Created Permission View: can read on DAG:example_branch_python_operator_decorator
[2023-07-26 23:49:37,932] {logging_mixin.py:115} INFO - [2023-07-26 23:49:37,932] {manager.py:508} INFO - Created Permission View: can edit on DAG:example_branch_python_operator_decorator
[2023-07-26 23:49:37,937] {logging_mixin.py:115} INFO - [2023-07-26 23:49:37,937] {dag.py:2420} INFO - Sync 1 DAGs
[2023-07-26 23:49:37,968] {logging_mixin.py:115} INFO - [2023-07-26 23:49:37,968] {dag.py:2439} INFO - Creating ORM DAG for example_branch_python_operator_decorator
[2023-07-26 23:49:37,999] {logging_mixin.py:115} INFO - [2023-07-26 23:49:37,999] {dag.py:2972} INFO - Setting next_dagrun for example_branch_python_operator_decorator to 2023-07-25T00:00:00+00:00, run_after=2023-07-26T00:00:00+00:00
[2023-07-26 23:49:38,082] {processor.py:161} INFO - Processing /home/airflow/.local/lib/python3.7/site-packages/airflow/example_dags/example_branch_operator_decorator.py took 0.381 seconds
[2023-07-26 23:50:08,931] {processor.py:153} INFO - Started process (PID=98) to work on /home/airflow/.local/lib/python3.7/site-packages/airflow/example_dags/example_branch_operator_decorator.py
[2023-07-26 23:50:08,935] {processor.py:641} INFO - Processing file /home/airflow/.local/lib/python3.7/site-packages/airflow/example_dags/example_branch_operator_decorator.py for tasks to queue
[2023-07-26 23:50:08,938] {logging_mixin.py:115} INFO - [2023-07-26 23:50:08,937] {dagbag.py:508} INFO - Filling up the DagBag from /home/airflow/.local/lib/python3.7/site-packages/airflow/example_dags/example_branch_operator_decorator.py
[2023-07-26 23:50:08,950] {processor.py:651} INFO - DAG(s) dict_keys(['example_branch_python_operator_decorator']) retrieved from /home/airflow/.local/lib/python3.7/site-packages/airflow/example_dags/example_branch_operator_decorator.py
[2023-07-26 23:50:08,970] {logging_mixin.py:115} INFO - [2023-07-26 23:50:08,970] {dag.py:2420} INFO - Sync 1 DAGs
[2023-07-26 23:50:08,987] {logging_mixin.py:115} INFO - [2023-07-26 23:50:08,987] {dag.py:2972} INFO - Setting next_dagrun for example_branch_python_operator_decorator to 2023-07-25T00:00:00+00:00, run_after=2023-07-26T00:00:00+00:00
[2023-07-26 23:50:09,000] {processor.py:161} INFO - Processing /home/airflow/.local/lib/python3.7/site-packages/airflow/example_dags/example_branch_operator_decorator.py took 0.071 seconds
[2023-07-26 23:50:39,255] {processor.py:153} INFO - Started process (PID=161) to work on /home/airflow/.local/lib/python3.7/site-packages/airflow/example_dags/example_branch_operator_decorator.py
[2023-07-26 23:50:39,256] {processor.py:641} INFO - Processing file /home/airflow/.local/lib/python3.7/site-packages/airflow/example_dags/example_branch_operator_decorator.py for tasks to queue
[2023-07-26 23:50:39,259] {logging_mixin.py:115} INFO - [2023-07-26 23:50:39,259] {dagbag.py:508} INFO - Filling up the DagBag from /home/airflow/.local/lib/python3.7/site-packages/airflow/example_dags/example_branch_operator_decorator.py
[2023-07-26 23:50:39,274] {processor.py:651} INFO - DAG(s) dict_keys(['example_branch_python_operator_decorator']) retrieved from /home/airflow/.local/lib/python3.7/site-packages/airflow/example_dags/example_branch_operator_decorator.py
[2023-07-26 23:50:39,295] {logging_mixin.py:115} INFO - [2023-07-26 23:50:39,294] {dag.py:2420} INFO - Sync 1 DAGs
[2023-07-26 23:50:39,313] {logging_mixin.py:115} INFO - [2023-07-26 23:50:39,313] {dag.py:2972} INFO - Setting next_dagrun for example_branch_python_operator_decorator to 2023-07-25T00:00:00+00:00, run_after=2023-07-26T00:00:00+00:00
[2023-07-26 23:50:39,342] {processor.py:161} INFO - Processing /home/airflow/.local/lib/python3.7/site-packages/airflow/example_dags/example_branch_operator_decorator.py took 0.090 seconds
[2023-07-26 23:51:09,440] {processor.py:153} INFO - Started process (PID=224) to work on /home/airflow/.local/lib/python3.7/site-packages/airflow/example_dags/example_branch_operator_decorator.py
[2023-07-26 23:51:09,443] {processor.py:641} INFO - Processing file /home/airflow/.local/lib/python3.7/site-packages/airflow/example_dags/example_branch_operator_decorator.py for tasks to queue
[2023-07-26 23:51:09,443] {logging_mixin.py:115} INFO - [2023-07-26 23:51:09,443] {dagbag.py:508} INFO - Filling up the DagBag from /home/airflow/.local/lib/python3.7/site-packages/airflow/example_dags/example_branch_operator_decorator.py
[2023-07-26 23:51:09,461] {processor.py:651} INFO - DAG(s) dict_keys(['example_branch_python_operator_decorator']) retrieved from /home/airflow/.local/lib/python3.7/site-packages/airflow/example_dags/example_branch_operator_decorator.py
[2023-07-26 23:51:09,480] {logging_mixin.py:115} INFO - [2023-07-26 23:51:09,480] {dag.py:2420} INFO - Sync 1 DAGs
[2023-07-26 23:51:09,499] {logging_mixin.py:115} INFO - [2023-07-26 23:51:09,499] {dag.py:2972} INFO - Setting next_dagrun for example_branch_python_operator_decorator to 2023-07-25T00:00:00+00:00, run_after=2023-07-26T00:00:00+00:00
[2023-07-26 23:51:09,511] {processor.py:161} INFO - Processing /home/airflow/.local/lib/python3.7/site-packages/airflow/example_dags/example_branch_operator_decorator.py took 0.073 seconds
[2023-07-26 23:51:39,724] {processor.py:153} INFO - Started process (PID=278) to work on /home/airflow/.local/lib/python3.7/site-packages/airflow/example_dags/example_branch_operator_decorator.py
[2023-07-26 23:51:39,726] {processor.py:641} INFO - Processing file /home/airflow/.local/lib/python3.7/site-packages/airflow/example_dags/example_branch_operator_decorator.py for tasks to queue
[2023-07-26 23:51:39,726] {logging_mixin.py:115} INFO - [2023-07-26 23:51:39,726] {dagbag.py:508} INFO - Filling up the DagBag from /home/airflow/.local/lib/python3.7/site-packages/airflow/example_dags/example_branch_operator_decorator.py
[2023-07-26 23:51:39,742] {processor.py:651} INFO - DAG(s) dict_keys(['example_branch_python_operator_decorator']) retrieved from /home/airflow/.local/lib/python3.7/site-packages/airflow/example_dags/example_branch_operator_decorator.py
[2023-07-26 23:51:39,761] {logging_mixin.py:115} INFO - [2023-07-26 23:51:39,761] {dag.py:2420} INFO - Sync 1 DAGs
[2023-07-26 23:51:39,779] {logging_mixin.py:115} INFO - [2023-07-26 23:51:39,779] {dag.py:2972} INFO - Setting next_dagrun for example_branch_python_operator_decorator to 2023-07-25T00:00:00+00:00, run_after=2023-07-26T00:00:00+00:00
[2023-07-26 23:51:39,789] {processor.py:161} INFO - Processing /home/airflow/.local/lib/python3.7/site-packages/airflow/example_dags/example_branch_operator_decorator.py took 0.067 seconds
[2023-07-26 23:52:10,019] {processor.py:153} INFO - Started process (PID=341) to work on /home/airflow/.local/lib/python3.7/site-packages/airflow/example_dags/example_branch_operator_decorator.py
[2023-07-26 23:52:10,021] {processor.py:641} INFO - Processing file /home/airflow/.local/lib/python3.7/site-packages/airflow/example_dags/example_branch_operator_decorator.py for tasks to queue
[2023-07-26 23:52:10,022] {logging_mixin.py:115} INFO - [2023-07-26 23:52:10,022] {dagbag.py:508} INFO - Filling up the DagBag from /home/airflow/.local/lib/python3.7/site-packages/airflow/example_dags/example_branch_operator_decorator.py
[2023-07-26 23:52:10,037] {processor.py:651} INFO - DAG(s) dict_keys(['example_branch_python_operator_decorator']) retrieved from /home/airflow/.local/lib/python3.7/site-packages/airflow/example_dags/example_branch_operator_decorator.py
[2023-07-26 23:52:10,059] {logging_mixin.py:115} INFO - [2023-07-26 23:52:10,059] {dag.py:2420} INFO - Sync 1 DAGs
[2023-07-26 23:52:10,078] {logging_mixin.py:115} INFO - [2023-07-26 23:52:10,078] {dag.py:2972} INFO - Setting next_dagrun for example_branch_python_operator_decorator to 2023-07-25T00:00:00+00:00, run_after=2023-07-26T00:00:00+00:00
[2023-07-26 23:52:10,112] {processor.py:161} INFO - Processing /home/airflow/.local/lib/python3.7/site-packages/airflow/example_dags/example_branch_operator_decorator.py took 0.096 seconds
[2023-07-26 23:52:40,206] {processor.py:153} INFO - Started process (PID=404) to work on /home/airflow/.local/lib/python3.7/site-packages/airflow/example_dags/example_branch_operator_decorator.py
[2023-07-26 23:52:40,207] {processor.py:641} INFO - Processing file /home/airflow/.local/lib/python3.7/site-packages/airflow/example_dags/example_branch_operator_decorator.py for tasks to queue
[2023-07-26 23:52:40,208] {logging_mixin.py:115} INFO - [2023-07-26 23:52:40,208] {dagbag.py:508} INFO - Filling up the DagBag from /home/airflow/.local/lib/python3.7/site-packages/airflow/example_dags/example_branch_operator_decorator.py
[2023-07-26 23:52:40,223] {processor.py:651} INFO - DAG(s) dict_keys(['example_branch_python_operator_decorator']) retrieved from /home/airflow/.local/lib/python3.7/site-packages/airflow/example_dags/example_branch_operator_decorator.py
[2023-07-26 23:52:40,243] {logging_mixin.py:115} INFO - [2023-07-26 23:52:40,243] {dag.py:2420} INFO - Sync 1 DAGs
[2023-07-26 23:52:40,260] {logging_mixin.py:115} INFO - [2023-07-26 23:52:40,260] {dag.py:2972} INFO - Setting next_dagrun for example_branch_python_operator_decorator to 2023-07-25T00:00:00+00:00, run_after=2023-07-26T00:00:00+00:00
[2023-07-26 23:52:40,296] {processor.py:161} INFO - Processing /home/airflow/.local/lib/python3.7/site-packages/airflow/example_dags/example_branch_operator_decorator.py took 0.092 seconds
[2023-07-26 23:53:10,366] {processor.py:153} INFO - Started process (PID=466) to work on /home/airflow/.local/lib/python3.7/site-packages/airflow/example_dags/example_branch_operator_decorator.py
[2023-07-26 23:53:10,369] {processor.py:641} INFO - Processing file /home/airflow/.local/lib/python3.7/site-packages/airflow/example_dags/example_branch_operator_decorator.py for tasks to queue
[2023-07-26 23:53:10,370] {logging_mixin.py:115} INFO - [2023-07-26 23:53:10,370] {dagbag.py:508} INFO - Filling up the DagBag from /home/airflow/.local/lib/python3.7/site-packages/airflow/example_dags/example_branch_operator_decorator.py
[2023-07-26 23:53:10,388] {processor.py:651} INFO - DAG(s) dict_keys(['example_branch_python_operator_decorator']) retrieved from /home/airflow/.local/lib/python3.7/site-packages/airflow/example_dags/example_branch_operator_decorator.py
[2023-07-26 23:53:10,418] {logging_mixin.py:115} INFO - [2023-07-26 23:53:10,418] {dag.py:2420} INFO - Sync 1 DAGs
[2023-07-26 23:53:10,438] {logging_mixin.py:115} INFO - [2023-07-26 23:53:10,438] {dag.py:2972} INFO - Setting next_dagrun for example_branch_python_operator_decorator to 2023-07-25T00:00:00+00:00, run_after=2023-07-26T00:00:00+00:00
[2023-07-26 23:53:10,450] {processor.py:161} INFO - Processing /home/airflow/.local/lib/python3.7/site-packages/airflow/example_dags/example_branch_operator_decorator.py took 0.086 seconds
[2023-07-26 23:53:40,692] {processor.py:153} INFO - Started process (PID=520) to work on /home/airflow/.local/lib/python3.7/site-packages/airflow/example_dags/example_branch_operator_decorator.py
[2023-07-26 23:53:40,698] {processor.py:641} INFO - Processing file /home/airflow/.local/lib/python3.7/site-packages/airflow/example_dags/example_branch_operator_decorator.py for tasks to queue
[2023-07-26 23:53:40,757] {logging_mixin.py:115} INFO - [2023-07-26 23:53:40,757] {dagbag.py:508} INFO - Filling up the DagBag from /home/airflow/.local/lib/python3.7/site-packages/airflow/example_dags/example_branch_operator_decorator.py
[2023-07-26 23:53:40,798] {processor.py:651} INFO - DAG(s) dict_keys(['example_branch_python_operator_decorator']) retrieved from /home/airflow/.local/lib/python3.7/site-packages/airflow/example_dags/example_branch_operator_decorator.py
[2023-07-26 23:53:40,848] {logging_mixin.py:115} INFO - [2023-07-26 23:53:40,847] {dag.py:2420} INFO - Sync 1 DAGs
[2023-07-26 23:53:40,881] {logging_mixin.py:115} INFO - [2023-07-26 23:53:40,881] {dag.py:2972} INFO - Setting next_dagrun for example_branch_python_operator_decorator to 2023-07-25T00:00:00+00:00, run_after=2023-07-26T00:00:00+00:00
[2023-07-26 23:53:40,907] {processor.py:161} INFO - Processing /home/airflow/.local/lib/python3.7/site-packages/airflow/example_dags/example_branch_operator_decorator.py took 0.217 seconds
[2023-07-26 23:54:11,303] {processor.py:153} INFO - Started process (PID=658) to work on /home/airflow/.local/lib/python3.7/site-packages/airflow/example_dags/example_branch_operator_decorator.py
[2023-07-26 23:54:11,304] {processor.py:641} INFO - Processing file /home/airflow/.local/lib/python3.7/site-packages/airflow/example_dags/example_branch_operator_decorator.py for tasks to queue
[2023-07-26 23:54:11,305] {logging_mixin.py:115} INFO - [2023-07-26 23:54:11,305] {dagbag.py:508} INFO - Filling up the DagBag from /home/airflow/.local/lib/python3.7/site-packages/airflow/example_dags/example_branch_operator_decorator.py
[2023-07-26 23:54:11,365] {processor.py:651} INFO - DAG(s) dict_keys(['example_branch_python_operator_decorator']) retrieved from /home/airflow/.local/lib/python3.7/site-packages/airflow/example_dags/example_branch_operator_decorator.py
[2023-07-26 23:54:11,452] {logging_mixin.py:115} INFO - [2023-07-26 23:54:11,451] {dag.py:2420} INFO - Sync 1 DAGs
[2023-07-26 23:54:11,527] {logging_mixin.py:115} INFO - [2023-07-26 23:54:11,526] {dag.py:2972} INFO - Setting next_dagrun for example_branch_python_operator_decorator to 2023-07-25T00:00:00+00:00, run_after=2023-07-26T00:00:00+00:00
[2023-07-26 23:54:11,546] {processor.py:161} INFO - Processing /home/airflow/.local/lib/python3.7/site-packages/airflow/example_dags/example_branch_operator_decorator.py took 0.248 seconds
