[2023-07-26 23:49:39,938] {processor.py:153} INFO - Started process (PID=53) to work on /home/airflow/.local/lib/python3.7/site-packages/airflow/example_dags/example_kubernetes_executor.py
[2023-07-26 23:49:39,940] {processor.py:641} INFO - Processing file /home/airflow/.local/lib/python3.7/site-packages/airflow/example_dags/example_kubernetes_executor.py for tasks to queue
[2023-07-26 23:49:39,941] {logging_mixin.py:115} INFO - [2023-07-26 23:49:39,941] {dagbag.py:508} INFO - Filling up the DagBag from /home/airflow/.local/lib/python3.7/site-packages/airflow/example_dags/example_kubernetes_executor.py
[2023-07-26 23:49:39,987] {processor.py:651} INFO - DAG(s) dict_keys(['example_kubernetes_executor']) retrieved from /home/airflow/.local/lib/python3.7/site-packages/airflow/example_dags/example_kubernetes_executor.py
[2023-07-26 23:49:40,156] {logging_mixin.py:115} INFO - [2023-07-26 23:49:40,155] {manager.py:508} INFO - Created Permission View: can delete on DAG:example_kubernetes_executor
[2023-07-26 23:49:40,200] {logging_mixin.py:115} INFO - [2023-07-26 23:49:40,200] {manager.py:508} INFO - Created Permission View: can read on DAG:example_kubernetes_executor
[2023-07-26 23:49:40,240] {logging_mixin.py:115} INFO - [2023-07-26 23:49:40,240] {manager.py:508} INFO - Created Permission View: can edit on DAG:example_kubernetes_executor
[2023-07-26 23:49:40,240] {logging_mixin.py:115} INFO - [2023-07-26 23:49:40,240] {dag.py:2420} INFO - Sync 1 DAGs
[2023-07-26 23:49:40,261] {logging_mixin.py:115} INFO - [2023-07-26 23:49:40,261] {dag.py:2439} INFO - Creating ORM DAG for example_kubernetes_executor
[2023-07-26 23:49:40,276] {logging_mixin.py:115} INFO - [2023-07-26 23:49:40,276] {dag.py:2972} INFO - Setting next_dagrun for example_kubernetes_executor to None, run_after=None
[2023-07-26 23:49:40,299] {processor.py:161} INFO - Processing /home/airflow/.local/lib/python3.7/site-packages/airflow/example_dags/example_kubernetes_executor.py took 0.365 seconds
[2023-07-26 23:50:10,533] {processor.py:153} INFO - Started process (PID=107) to work on /home/airflow/.local/lib/python3.7/site-packages/airflow/example_dags/example_kubernetes_executor.py
[2023-07-26 23:50:10,536] {processor.py:641} INFO - Processing file /home/airflow/.local/lib/python3.7/site-packages/airflow/example_dags/example_kubernetes_executor.py for tasks to queue
[2023-07-26 23:50:10,537] {logging_mixin.py:115} INFO - [2023-07-26 23:50:10,537] {dagbag.py:508} INFO - Filling up the DagBag from /home/airflow/.local/lib/python3.7/site-packages/airflow/example_dags/example_kubernetes_executor.py
[2023-07-26 23:50:10,555] {processor.py:651} INFO - DAG(s) dict_keys(['example_kubernetes_executor']) retrieved from /home/airflow/.local/lib/python3.7/site-packages/airflow/example_dags/example_kubernetes_executor.py
[2023-07-26 23:50:10,578] {logging_mixin.py:115} INFO - [2023-07-26 23:50:10,578] {dag.py:2420} INFO - Sync 1 DAGs
[2023-07-26 23:50:10,597] {logging_mixin.py:115} INFO - [2023-07-26 23:50:10,597] {dag.py:2972} INFO - Setting next_dagrun for example_kubernetes_executor to None, run_after=None
[2023-07-26 23:50:10,607] {processor.py:161} INFO - Processing /home/airflow/.local/lib/python3.7/site-packages/airflow/example_dags/example_kubernetes_executor.py took 0.076 seconds
[2023-07-26 23:50:40,796] {processor.py:153} INFO - Started process (PID=170) to work on /home/airflow/.local/lib/python3.7/site-packages/airflow/example_dags/example_kubernetes_executor.py
[2023-07-26 23:50:40,797] {processor.py:641} INFO - Processing file /home/airflow/.local/lib/python3.7/site-packages/airflow/example_dags/example_kubernetes_executor.py for tasks to queue
[2023-07-26 23:50:40,798] {logging_mixin.py:115} INFO - [2023-07-26 23:50:40,798] {dagbag.py:508} INFO - Filling up the DagBag from /home/airflow/.local/lib/python3.7/site-packages/airflow/example_dags/example_kubernetes_executor.py
[2023-07-26 23:50:40,839] {processor.py:651} INFO - DAG(s) dict_keys(['example_kubernetes_executor']) retrieved from /home/airflow/.local/lib/python3.7/site-packages/airflow/example_dags/example_kubernetes_executor.py
[2023-07-26 23:50:40,858] {logging_mixin.py:115} INFO - [2023-07-26 23:50:40,858] {dag.py:2420} INFO - Sync 1 DAGs
[2023-07-26 23:50:40,873] {logging_mixin.py:115} INFO - [2023-07-26 23:50:40,873] {dag.py:2972} INFO - Setting next_dagrun for example_kubernetes_executor to None, run_after=None
[2023-07-26 23:50:40,888] {processor.py:161} INFO - Processing /home/airflow/.local/lib/python3.7/site-packages/airflow/example_dags/example_kubernetes_executor.py took 0.095 seconds
[2023-07-26 23:51:11,001] {processor.py:153} INFO - Started process (PID=233) to work on /home/airflow/.local/lib/python3.7/site-packages/airflow/example_dags/example_kubernetes_executor.py
[2023-07-26 23:51:11,002] {processor.py:641} INFO - Processing file /home/airflow/.local/lib/python3.7/site-packages/airflow/example_dags/example_kubernetes_executor.py for tasks to queue
[2023-07-26 23:51:11,003] {logging_mixin.py:115} INFO - [2023-07-26 23:51:11,003] {dagbag.py:508} INFO - Filling up the DagBag from /home/airflow/.local/lib/python3.7/site-packages/airflow/example_dags/example_kubernetes_executor.py
[2023-07-26 23:51:11,019] {processor.py:651} INFO - DAG(s) dict_keys(['example_kubernetes_executor']) retrieved from /home/airflow/.local/lib/python3.7/site-packages/airflow/example_dags/example_kubernetes_executor.py
[2023-07-26 23:51:11,040] {logging_mixin.py:115} INFO - [2023-07-26 23:51:11,040] {dag.py:2420} INFO - Sync 1 DAGs
[2023-07-26 23:51:11,061] {logging_mixin.py:115} INFO - [2023-07-26 23:51:11,061] {dag.py:2972} INFO - Setting next_dagrun for example_kubernetes_executor to None, run_after=None
[2023-07-26 23:51:11,073] {processor.py:161} INFO - Processing /home/airflow/.local/lib/python3.7/site-packages/airflow/example_dags/example_kubernetes_executor.py took 0.075 seconds
[2023-07-26 23:51:41,128] {processor.py:153} INFO - Started process (PID=294) to work on /home/airflow/.local/lib/python3.7/site-packages/airflow/example_dags/example_kubernetes_executor.py
[2023-07-26 23:51:41,129] {processor.py:641} INFO - Processing file /home/airflow/.local/lib/python3.7/site-packages/airflow/example_dags/example_kubernetes_executor.py for tasks to queue
[2023-07-26 23:51:41,130] {logging_mixin.py:115} INFO - [2023-07-26 23:51:41,130] {dagbag.py:508} INFO - Filling up the DagBag from /home/airflow/.local/lib/python3.7/site-packages/airflow/example_dags/example_kubernetes_executor.py
[2023-07-26 23:51:41,147] {processor.py:651} INFO - DAG(s) dict_keys(['example_kubernetes_executor']) retrieved from /home/airflow/.local/lib/python3.7/site-packages/airflow/example_dags/example_kubernetes_executor.py
[2023-07-26 23:51:41,169] {logging_mixin.py:115} INFO - [2023-07-26 23:51:41,169] {dag.py:2420} INFO - Sync 1 DAGs
[2023-07-26 23:51:41,188] {logging_mixin.py:115} INFO - [2023-07-26 23:51:41,188] {dag.py:2972} INFO - Setting next_dagrun for example_kubernetes_executor to None, run_after=None
[2023-07-26 23:51:41,200] {processor.py:161} INFO - Processing /home/airflow/.local/lib/python3.7/site-packages/airflow/example_dags/example_kubernetes_executor.py took 0.075 seconds
[2023-07-26 23:52:11,384] {processor.py:153} INFO - Started process (PID=348) to work on /home/airflow/.local/lib/python3.7/site-packages/airflow/example_dags/example_kubernetes_executor.py
[2023-07-26 23:52:11,385] {processor.py:641} INFO - Processing file /home/airflow/.local/lib/python3.7/site-packages/airflow/example_dags/example_kubernetes_executor.py for tasks to queue
[2023-07-26 23:52:11,386] {logging_mixin.py:115} INFO - [2023-07-26 23:52:11,386] {dagbag.py:508} INFO - Filling up the DagBag from /home/airflow/.local/lib/python3.7/site-packages/airflow/example_dags/example_kubernetes_executor.py
[2023-07-26 23:52:11,401] {processor.py:651} INFO - DAG(s) dict_keys(['example_kubernetes_executor']) retrieved from /home/airflow/.local/lib/python3.7/site-packages/airflow/example_dags/example_kubernetes_executor.py
[2023-07-26 23:52:11,419] {logging_mixin.py:115} INFO - [2023-07-26 23:52:11,419] {dag.py:2420} INFO - Sync 1 DAGs
[2023-07-26 23:52:11,434] {logging_mixin.py:115} INFO - [2023-07-26 23:52:11,433] {dag.py:2972} INFO - Setting next_dagrun for example_kubernetes_executor to None, run_after=None
[2023-07-26 23:52:11,445] {processor.py:161} INFO - Processing /home/airflow/.local/lib/python3.7/site-packages/airflow/example_dags/example_kubernetes_executor.py took 0.063 seconds
[2023-07-26 23:52:41,631] {processor.py:153} INFO - Started process (PID=411) to work on /home/airflow/.local/lib/python3.7/site-packages/airflow/example_dags/example_kubernetes_executor.py
[2023-07-26 23:52:41,632] {processor.py:641} INFO - Processing file /home/airflow/.local/lib/python3.7/site-packages/airflow/example_dags/example_kubernetes_executor.py for tasks to queue
[2023-07-26 23:52:41,633] {logging_mixin.py:115} INFO - [2023-07-26 23:52:41,633] {dagbag.py:508} INFO - Filling up the DagBag from /home/airflow/.local/lib/python3.7/site-packages/airflow/example_dags/example_kubernetes_executor.py
[2023-07-26 23:52:41,647] {processor.py:651} INFO - DAG(s) dict_keys(['example_kubernetes_executor']) retrieved from /home/airflow/.local/lib/python3.7/site-packages/airflow/example_dags/example_kubernetes_executor.py
[2023-07-26 23:52:41,666] {logging_mixin.py:115} INFO - [2023-07-26 23:52:41,666] {dag.py:2420} INFO - Sync 1 DAGs
[2023-07-26 23:52:41,681] {logging_mixin.py:115} INFO - [2023-07-26 23:52:41,680] {dag.py:2972} INFO - Setting next_dagrun for example_kubernetes_executor to None, run_after=None
[2023-07-26 23:52:41,690] {processor.py:161} INFO - Processing /home/airflow/.local/lib/python3.7/site-packages/airflow/example_dags/example_kubernetes_executor.py took 0.063 seconds
[2023-07-26 23:53:11,814] {processor.py:153} INFO - Started process (PID=473) to work on /home/airflow/.local/lib/python3.7/site-packages/airflow/example_dags/example_kubernetes_executor.py
[2023-07-26 23:53:11,815] {processor.py:641} INFO - Processing file /home/airflow/.local/lib/python3.7/site-packages/airflow/example_dags/example_kubernetes_executor.py for tasks to queue
[2023-07-26 23:53:11,816] {logging_mixin.py:115} INFO - [2023-07-26 23:53:11,816] {dagbag.py:508} INFO - Filling up the DagBag from /home/airflow/.local/lib/python3.7/site-packages/airflow/example_dags/example_kubernetes_executor.py
[2023-07-26 23:53:11,836] {processor.py:651} INFO - DAG(s) dict_keys(['example_kubernetes_executor']) retrieved from /home/airflow/.local/lib/python3.7/site-packages/airflow/example_dags/example_kubernetes_executor.py
[2023-07-26 23:53:11,861] {logging_mixin.py:115} INFO - [2023-07-26 23:53:11,860] {dag.py:2420} INFO - Sync 1 DAGs
[2023-07-26 23:53:11,879] {logging_mixin.py:115} INFO - [2023-07-26 23:53:11,878] {dag.py:2972} INFO - Setting next_dagrun for example_kubernetes_executor to None, run_after=None
[2023-07-26 23:53:11,896] {processor.py:161} INFO - Processing /home/airflow/.local/lib/python3.7/site-packages/airflow/example_dags/example_kubernetes_executor.py took 0.086 seconds
[2023-07-26 23:53:42,465] {processor.py:153} INFO - Started process (PID=540) to work on /home/airflow/.local/lib/python3.7/site-packages/airflow/example_dags/example_kubernetes_executor.py
[2023-07-26 23:53:42,466] {processor.py:641} INFO - Processing file /home/airflow/.local/lib/python3.7/site-packages/airflow/example_dags/example_kubernetes_executor.py for tasks to queue
[2023-07-26 23:53:42,468] {logging_mixin.py:115} INFO - [2023-07-26 23:53:42,468] {dagbag.py:508} INFO - Filling up the DagBag from /home/airflow/.local/lib/python3.7/site-packages/airflow/example_dags/example_kubernetes_executor.py
[2023-07-26 23:53:42,535] {processor.py:651} INFO - DAG(s) dict_keys(['example_kubernetes_executor']) retrieved from /home/airflow/.local/lib/python3.7/site-packages/airflow/example_dags/example_kubernetes_executor.py
[2023-07-26 23:53:42,567] {logging_mixin.py:115} INFO - [2023-07-26 23:53:42,567] {dag.py:2420} INFO - Sync 1 DAGs
[2023-07-26 23:53:42,609] {logging_mixin.py:115} INFO - [2023-07-26 23:53:42,609] {dag.py:2972} INFO - Setting next_dagrun for example_kubernetes_executor to None, run_after=None
[2023-07-26 23:53:42,657] {processor.py:161} INFO - Processing /home/airflow/.local/lib/python3.7/site-packages/airflow/example_dags/example_kubernetes_executor.py took 0.202 seconds
[2023-07-26 23:54:12,971] {processor.py:153} INFO - Started process (PID=673) to work on /home/airflow/.local/lib/python3.7/site-packages/airflow/example_dags/example_kubernetes_executor.py
[2023-07-26 23:54:12,972] {processor.py:641} INFO - Processing file /home/airflow/.local/lib/python3.7/site-packages/airflow/example_dags/example_kubernetes_executor.py for tasks to queue
[2023-07-26 23:54:12,973] {logging_mixin.py:115} INFO - [2023-07-26 23:54:12,973] {dagbag.py:508} INFO - Filling up the DagBag from /home/airflow/.local/lib/python3.7/site-packages/airflow/example_dags/example_kubernetes_executor.py
[2023-07-26 23:54:13,009] {processor.py:651} INFO - DAG(s) dict_keys(['example_kubernetes_executor']) retrieved from /home/airflow/.local/lib/python3.7/site-packages/airflow/example_dags/example_kubernetes_executor.py
[2023-07-26 23:54:13,061] {logging_mixin.py:115} INFO - [2023-07-26 23:54:13,061] {dag.py:2420} INFO - Sync 1 DAGs
[2023-07-26 23:54:13,092] {logging_mixin.py:115} INFO - [2023-07-26 23:54:13,092] {dag.py:2972} INFO - Setting next_dagrun for example_kubernetes_executor to None, run_after=None
[2023-07-26 23:54:13,109] {processor.py:161} INFO - Processing /home/airflow/.local/lib/python3.7/site-packages/airflow/example_dags/example_kubernetes_executor.py took 0.143 seconds
