[2023-07-26 23:49:41,670] {processor.py:153} INFO - Started process (PID=62) to work on /home/airflow/.local/lib/python3.7/site-packages/airflow/example_dags/example_short_circuit_operator.py
[2023-07-26 23:49:41,675] {processor.py:641} INFO - Processing file /home/airflow/.local/lib/python3.7/site-packages/airflow/example_dags/example_short_circuit_operator.py for tasks to queue
[2023-07-26 23:49:41,676] {logging_mixin.py:115} INFO - [2023-07-26 23:49:41,676] {dagbag.py:508} INFO - Filling up the DagBag from /home/airflow/.local/lib/python3.7/site-packages/airflow/example_dags/example_short_circuit_operator.py
[2023-07-26 23:49:41,693] {processor.py:651} INFO - DAG(s) dict_keys(['example_short_circuit_operator']) retrieved from /home/airflow/.local/lib/python3.7/site-packages/airflow/example_dags/example_short_circuit_operator.py
[2023-07-26 23:49:41,816] {logging_mixin.py:115} INFO - [2023-07-26 23:49:41,816] {manager.py:508} INFO - Created Permission View: can delete on DAG:example_short_circuit_operator
[2023-07-26 23:49:41,840] {logging_mixin.py:115} INFO - [2023-07-26 23:49:41,840] {manager.py:508} INFO - Created Permission View: can read on DAG:example_short_circuit_operator
[2023-07-26 23:49:41,851] {logging_mixin.py:115} INFO - [2023-07-26 23:49:41,851] {manager.py:508} INFO - Created Permission View: can edit on DAG:example_short_circuit_operator
[2023-07-26 23:49:41,852] {logging_mixin.py:115} INFO - [2023-07-26 23:49:41,852] {dag.py:2420} INFO - Sync 1 DAGs
[2023-07-26 23:49:41,862] {logging_mixin.py:115} INFO - [2023-07-26 23:49:41,862] {dag.py:2439} INFO - Creating ORM DAG for example_short_circuit_operator
[2023-07-26 23:49:41,876] {logging_mixin.py:115} INFO - [2023-07-26 23:49:41,876] {dag.py:2972} INFO - Setting next_dagrun for example_short_circuit_operator to 2023-07-25T23:49:41.875828+00:00, run_after=2023-07-26T23:49:41.875828+00:00
[2023-07-26 23:49:41,901] {processor.py:161} INFO - Processing /home/airflow/.local/lib/python3.7/site-packages/airflow/example_dags/example_short_circuit_operator.py took 0.235 seconds
[2023-07-26 23:50:12,072] {processor.py:153} INFO - Started process (PID=116) to work on /home/airflow/.local/lib/python3.7/site-packages/airflow/example_dags/example_short_circuit_operator.py
[2023-07-26 23:50:12,073] {processor.py:641} INFO - Processing file /home/airflow/.local/lib/python3.7/site-packages/airflow/example_dags/example_short_circuit_operator.py for tasks to queue
[2023-07-26 23:50:12,074] {logging_mixin.py:115} INFO - [2023-07-26 23:50:12,074] {dagbag.py:508} INFO - Filling up the DagBag from /home/airflow/.local/lib/python3.7/site-packages/airflow/example_dags/example_short_circuit_operator.py
[2023-07-26 23:50:12,081] {processor.py:651} INFO - DAG(s) dict_keys(['example_short_circuit_operator']) retrieved from /home/airflow/.local/lib/python3.7/site-packages/airflow/example_dags/example_short_circuit_operator.py
[2023-07-26 23:50:12,104] {logging_mixin.py:115} INFO - [2023-07-26 23:50:12,104] {dag.py:2420} INFO - Sync 1 DAGs
[2023-07-26 23:50:12,122] {logging_mixin.py:115} INFO - [2023-07-26 23:50:12,122] {dag.py:2972} INFO - Setting next_dagrun for example_short_circuit_operator to 2023-07-25T23:50:12.122294+00:00, run_after=2023-07-26T23:50:12.122294+00:00
[2023-07-26 23:50:12,134] {processor.py:161} INFO - Processing /home/airflow/.local/lib/python3.7/site-packages/airflow/example_dags/example_short_circuit_operator.py took 0.065 seconds
[2023-07-26 23:50:42,341] {processor.py:153} INFO - Started process (PID=179) to work on /home/airflow/.local/lib/python3.7/site-packages/airflow/example_dags/example_short_circuit_operator.py
[2023-07-26 23:50:42,343] {processor.py:641} INFO - Processing file /home/airflow/.local/lib/python3.7/site-packages/airflow/example_dags/example_short_circuit_operator.py for tasks to queue
[2023-07-26 23:50:42,344] {logging_mixin.py:115} INFO - [2023-07-26 23:50:42,344] {dagbag.py:508} INFO - Filling up the DagBag from /home/airflow/.local/lib/python3.7/site-packages/airflow/example_dags/example_short_circuit_operator.py
[2023-07-26 23:50:42,351] {processor.py:651} INFO - DAG(s) dict_keys(['example_short_circuit_operator']) retrieved from /home/airflow/.local/lib/python3.7/site-packages/airflow/example_dags/example_short_circuit_operator.py
[2023-07-26 23:50:42,372] {logging_mixin.py:115} INFO - [2023-07-26 23:50:42,371] {dag.py:2420} INFO - Sync 1 DAGs
[2023-07-26 23:50:42,387] {logging_mixin.py:115} INFO - [2023-07-26 23:50:42,387] {dag.py:2972} INFO - Setting next_dagrun for example_short_circuit_operator to 2023-07-25T23:50:42.387412+00:00, run_after=2023-07-26T23:50:42.387412+00:00
[2023-07-26 23:50:42,398] {processor.py:161} INFO - Processing /home/airflow/.local/lib/python3.7/site-packages/airflow/example_dags/example_short_circuit_operator.py took 0.059 seconds
[2023-07-26 23:51:12,535] {processor.py:153} INFO - Started process (PID=242) to work on /home/airflow/.local/lib/python3.7/site-packages/airflow/example_dags/example_short_circuit_operator.py
[2023-07-26 23:51:12,536] {processor.py:641} INFO - Processing file /home/airflow/.local/lib/python3.7/site-packages/airflow/example_dags/example_short_circuit_operator.py for tasks to queue
[2023-07-26 23:51:12,537] {logging_mixin.py:115} INFO - [2023-07-26 23:51:12,537] {dagbag.py:508} INFO - Filling up the DagBag from /home/airflow/.local/lib/python3.7/site-packages/airflow/example_dags/example_short_circuit_operator.py
[2023-07-26 23:51:12,543] {processor.py:651} INFO - DAG(s) dict_keys(['example_short_circuit_operator']) retrieved from /home/airflow/.local/lib/python3.7/site-packages/airflow/example_dags/example_short_circuit_operator.py
[2023-07-26 23:51:12,564] {logging_mixin.py:115} INFO - [2023-07-26 23:51:12,564] {dag.py:2420} INFO - Sync 1 DAGs
[2023-07-26 23:51:12,589] {logging_mixin.py:115} INFO - [2023-07-26 23:51:12,589] {dag.py:2972} INFO - Setting next_dagrun for example_short_circuit_operator to 2023-07-25T23:51:12.588867+00:00, run_after=2023-07-26T23:51:12.588867+00:00
[2023-07-26 23:51:12,603] {processor.py:161} INFO - Processing /home/airflow/.local/lib/python3.7/site-packages/airflow/example_dags/example_short_circuit_operator.py took 0.070 seconds
[2023-07-26 23:51:42,648] {processor.py:153} INFO - Started process (PID=305) to work on /home/airflow/.local/lib/python3.7/site-packages/airflow/example_dags/example_short_circuit_operator.py
[2023-07-26 23:51:42,649] {processor.py:641} INFO - Processing file /home/airflow/.local/lib/python3.7/site-packages/airflow/example_dags/example_short_circuit_operator.py for tasks to queue
[2023-07-26 23:51:42,650] {logging_mixin.py:115} INFO - [2023-07-26 23:51:42,650] {dagbag.py:508} INFO - Filling up the DagBag from /home/airflow/.local/lib/python3.7/site-packages/airflow/example_dags/example_short_circuit_operator.py
[2023-07-26 23:51:42,656] {processor.py:651} INFO - DAG(s) dict_keys(['example_short_circuit_operator']) retrieved from /home/airflow/.local/lib/python3.7/site-packages/airflow/example_dags/example_short_circuit_operator.py
[2023-07-26 23:51:42,678] {logging_mixin.py:115} INFO - [2023-07-26 23:51:42,678] {dag.py:2420} INFO - Sync 1 DAGs
[2023-07-26 23:51:42,699] {logging_mixin.py:115} INFO - [2023-07-26 23:51:42,699] {dag.py:2972} INFO - Setting next_dagrun for example_short_circuit_operator to 2023-07-25T23:51:42.698972+00:00, run_after=2023-07-26T23:51:42.698972+00:00
[2023-07-26 23:51:42,716] {processor.py:161} INFO - Processing /home/airflow/.local/lib/python3.7/site-packages/airflow/example_dags/example_short_circuit_operator.py took 0.072 seconds
[2023-07-26 23:52:13,040] {processor.py:153} INFO - Started process (PID=359) to work on /home/airflow/.local/lib/python3.7/site-packages/airflow/example_dags/example_short_circuit_operator.py
[2023-07-26 23:52:13,041] {processor.py:641} INFO - Processing file /home/airflow/.local/lib/python3.7/site-packages/airflow/example_dags/example_short_circuit_operator.py for tasks to queue
[2023-07-26 23:52:13,042] {logging_mixin.py:115} INFO - [2023-07-26 23:52:13,042] {dagbag.py:508} INFO - Filling up the DagBag from /home/airflow/.local/lib/python3.7/site-packages/airflow/example_dags/example_short_circuit_operator.py
[2023-07-26 23:52:13,049] {processor.py:651} INFO - DAG(s) dict_keys(['example_short_circuit_operator']) retrieved from /home/airflow/.local/lib/python3.7/site-packages/airflow/example_dags/example_short_circuit_operator.py
[2023-07-26 23:52:13,074] {logging_mixin.py:115} INFO - [2023-07-26 23:52:13,074] {dag.py:2420} INFO - Sync 1 DAGs
[2023-07-26 23:52:13,096] {logging_mixin.py:115} INFO - [2023-07-26 23:52:13,096] {dag.py:2972} INFO - Setting next_dagrun for example_short_circuit_operator to 2023-07-25T23:52:13.095943+00:00, run_after=2023-07-26T23:52:13.095943+00:00
[2023-07-26 23:52:13,110] {processor.py:161} INFO - Processing /home/airflow/.local/lib/python3.7/site-packages/airflow/example_dags/example_short_circuit_operator.py took 0.073 seconds
[2023-07-26 23:52:43,307] {processor.py:153} INFO - Started process (PID=422) to work on /home/airflow/.local/lib/python3.7/site-packages/airflow/example_dags/example_short_circuit_operator.py
[2023-07-26 23:52:43,308] {processor.py:641} INFO - Processing file /home/airflow/.local/lib/python3.7/site-packages/airflow/example_dags/example_short_circuit_operator.py for tasks to queue
[2023-07-26 23:52:43,309] {logging_mixin.py:115} INFO - [2023-07-26 23:52:43,308] {dagbag.py:508} INFO - Filling up the DagBag from /home/airflow/.local/lib/python3.7/site-packages/airflow/example_dags/example_short_circuit_operator.py
[2023-07-26 23:52:43,315] {processor.py:651} INFO - DAG(s) dict_keys(['example_short_circuit_operator']) retrieved from /home/airflow/.local/lib/python3.7/site-packages/airflow/example_dags/example_short_circuit_operator.py
[2023-07-26 23:52:43,336] {logging_mixin.py:115} INFO - [2023-07-26 23:52:43,336] {dag.py:2420} INFO - Sync 1 DAGs
[2023-07-26 23:52:43,353] {logging_mixin.py:115} INFO - [2023-07-26 23:52:43,353] {dag.py:2972} INFO - Setting next_dagrun for example_short_circuit_operator to 2023-07-25T23:52:43.353183+00:00, run_after=2023-07-26T23:52:43.353183+00:00
[2023-07-26 23:52:43,365] {processor.py:161} INFO - Processing /home/airflow/.local/lib/python3.7/site-packages/airflow/example_dags/example_short_circuit_operator.py took 0.061 seconds
[2023-07-26 23:53:13,583] {processor.py:153} INFO - Started process (PID=484) to work on /home/airflow/.local/lib/python3.7/site-packages/airflow/example_dags/example_short_circuit_operator.py
[2023-07-26 23:53:13,584] {processor.py:641} INFO - Processing file /home/airflow/.local/lib/python3.7/site-packages/airflow/example_dags/example_short_circuit_operator.py for tasks to queue
[2023-07-26 23:53:13,585] {logging_mixin.py:115} INFO - [2023-07-26 23:53:13,585] {dagbag.py:508} INFO - Filling up the DagBag from /home/airflow/.local/lib/python3.7/site-packages/airflow/example_dags/example_short_circuit_operator.py
[2023-07-26 23:53:13,593] {processor.py:651} INFO - DAG(s) dict_keys(['example_short_circuit_operator']) retrieved from /home/airflow/.local/lib/python3.7/site-packages/airflow/example_dags/example_short_circuit_operator.py
[2023-07-26 23:53:13,616] {logging_mixin.py:115} INFO - [2023-07-26 23:53:13,616] {dag.py:2420} INFO - Sync 1 DAGs
[2023-07-26 23:53:13,634] {logging_mixin.py:115} INFO - [2023-07-26 23:53:13,634] {dag.py:2972} INFO - Setting next_dagrun for example_short_circuit_operator to 2023-07-25T23:53:13.634000+00:00, run_after=2023-07-26T23:53:13.634000+00:00
[2023-07-26 23:53:13,646] {processor.py:161} INFO - Processing /home/airflow/.local/lib/python3.7/site-packages/airflow/example_dags/example_short_circuit_operator.py took 0.065 seconds
[2023-07-26 23:53:45,207] {processor.py:153} INFO - Started process (PID=553) to work on /home/airflow/.local/lib/python3.7/site-packages/airflow/example_dags/example_short_circuit_operator.py
[2023-07-26 23:53:45,208] {processor.py:641} INFO - Processing file /home/airflow/.local/lib/python3.7/site-packages/airflow/example_dags/example_short_circuit_operator.py for tasks to queue
[2023-07-26 23:53:45,213] {logging_mixin.py:115} INFO - [2023-07-26 23:53:45,213] {dagbag.py:508} INFO - Filling up the DagBag from /home/airflow/.local/lib/python3.7/site-packages/airflow/example_dags/example_short_circuit_operator.py
[2023-07-26 23:53:45,237] {processor.py:651} INFO - DAG(s) dict_keys(['example_short_circuit_operator']) retrieved from /home/airflow/.local/lib/python3.7/site-packages/airflow/example_dags/example_short_circuit_operator.py
[2023-07-26 23:53:45,299] {logging_mixin.py:115} INFO - [2023-07-26 23:53:45,299] {dag.py:2420} INFO - Sync 1 DAGs
[2023-07-26 23:53:45,335] {logging_mixin.py:115} INFO - [2023-07-26 23:53:45,335] {dag.py:2972} INFO - Setting next_dagrun for example_short_circuit_operator to 2023-07-25T23:53:45.333186+00:00, run_after=2023-07-26T23:53:45.333186+00:00
[2023-07-26 23:53:45,354] {processor.py:161} INFO - Processing /home/airflow/.local/lib/python3.7/site-packages/airflow/example_dags/example_short_circuit_operator.py took 0.162 seconds
[2023-07-26 23:54:16,248] {processor.py:153} INFO - Started process (PID=690) to work on /home/airflow/.local/lib/python3.7/site-packages/airflow/example_dags/example_short_circuit_operator.py
[2023-07-26 23:54:16,249] {processor.py:641} INFO - Processing file /home/airflow/.local/lib/python3.7/site-packages/airflow/example_dags/example_short_circuit_operator.py for tasks to queue
[2023-07-26 23:54:16,251] {logging_mixin.py:115} INFO - [2023-07-26 23:54:16,251] {dagbag.py:508} INFO - Filling up the DagBag from /home/airflow/.local/lib/python3.7/site-packages/airflow/example_dags/example_short_circuit_operator.py
[2023-07-26 23:54:16,264] {processor.py:651} INFO - DAG(s) dict_keys(['example_short_circuit_operator']) retrieved from /home/airflow/.local/lib/python3.7/site-packages/airflow/example_dags/example_short_circuit_operator.py
[2023-07-26 23:54:16,297] {logging_mixin.py:115} INFO - [2023-07-26 23:54:16,297] {dag.py:2420} INFO - Sync 1 DAGs
[2023-07-26 23:54:16,325] {logging_mixin.py:115} INFO - [2023-07-26 23:54:16,325] {dag.py:2972} INFO - Setting next_dagrun for example_short_circuit_operator to 2023-07-25T23:54:16.325254+00:00, run_after=2023-07-26T23:54:16.325254+00:00
[2023-07-26 23:54:16,348] {processor.py:161} INFO - Processing /home/airflow/.local/lib/python3.7/site-packages/airflow/example_dags/example_short_circuit_operator.py took 0.104 seconds
