[2023-07-26 23:49:39,879] {processor.py:153} INFO - Started process (PID=52) to work on /home/airflow/.local/lib/python3.7/site-packages/airflow/example_dags/example_branch_datetime_operator.py
[2023-07-26 23:49:39,881] {processor.py:641} INFO - Processing file /home/airflow/.local/lib/python3.7/site-packages/airflow/example_dags/example_branch_datetime_operator.py for tasks to queue
[2023-07-26 23:49:39,882] {logging_mixin.py:115} INFO - [2023-07-26 23:49:39,882] {dagbag.py:508} INFO - Filling up the DagBag from /home/airflow/.local/lib/python3.7/site-packages/airflow/example_dags/example_branch_datetime_operator.py
[2023-07-26 23:49:39,915] {processor.py:651} INFO - DAG(s) dict_keys(['example_branch_datetime_operator', 'example_branch_datetime_operator_2']) retrieved from /home/airflow/.local/lib/python3.7/site-packages/airflow/example_dags/example_branch_datetime_operator.py
[2023-07-26 23:49:40,067] {logging_mixin.py:115} INFO - [2023-07-26 23:49:40,066] {manager.py:508} INFO - Created Permission View: can delete on DAG:example_branch_datetime_operator
[2023-07-26 23:49:40,104] {logging_mixin.py:115} INFO - [2023-07-26 23:49:40,104] {manager.py:508} INFO - Created Permission View: can read on DAG:example_branch_datetime_operator
[2023-07-26 23:49:40,117] {logging_mixin.py:115} INFO - [2023-07-26 23:49:40,116] {manager.py:508} INFO - Created Permission View: can edit on DAG:example_branch_datetime_operator
[2023-07-26 23:49:40,190] {logging_mixin.py:115} INFO - [2023-07-26 23:49:40,190] {manager.py:508} INFO - Created Permission View: can delete on DAG:example_branch_datetime_operator_2
[2023-07-26 23:49:40,238] {logging_mixin.py:115} INFO - [2023-07-26 23:49:40,238] {manager.py:508} INFO - Created Permission View: can read on DAG:example_branch_datetime_operator_2
[2023-07-26 23:49:40,258] {logging_mixin.py:115} INFO - [2023-07-26 23:49:40,258] {manager.py:508} INFO - Created Permission View: can edit on DAG:example_branch_datetime_operator_2
[2023-07-26 23:49:40,259] {logging_mixin.py:115} INFO - [2023-07-26 23:49:40,259] {dag.py:2420} INFO - Sync 2 DAGs
[2023-07-26 23:49:40,278] {logging_mixin.py:115} INFO - [2023-07-26 23:49:40,278] {dag.py:2439} INFO - Creating ORM DAG for example_branch_datetime_operator
[2023-07-26 23:49:40,279] {logging_mixin.py:115} INFO - [2023-07-26 23:49:40,279] {dag.py:2439} INFO - Creating ORM DAG for example_branch_datetime_operator_2
[2023-07-26 23:49:40,326] {logging_mixin.py:115} INFO - [2023-07-26 23:49:40,326] {dag.py:2972} INFO - Setting next_dagrun for example_branch_datetime_operator to 2023-07-25T00:00:00+00:00, run_after=2023-07-26T00:00:00+00:00
[2023-07-26 23:49:40,340] {logging_mixin.py:115} INFO - [2023-07-26 23:49:40,340] {dag.py:2972} INFO - Setting next_dagrun for example_branch_datetime_operator_2 to 2023-07-25T00:00:00+00:00, run_after=2023-07-26T00:00:00+00:00
[2023-07-26 23:49:40,379] {processor.py:161} INFO - Processing /home/airflow/.local/lib/python3.7/site-packages/airflow/example_dags/example_branch_datetime_operator.py took 0.504 seconds
[2023-07-26 23:50:10,529] {processor.py:153} INFO - Started process (PID=106) to work on /home/airflow/.local/lib/python3.7/site-packages/airflow/example_dags/example_branch_datetime_operator.py
[2023-07-26 23:50:10,532] {processor.py:641} INFO - Processing file /home/airflow/.local/lib/python3.7/site-packages/airflow/example_dags/example_branch_datetime_operator.py for tasks to queue
[2023-07-26 23:50:10,534] {logging_mixin.py:115} INFO - [2023-07-26 23:50:10,534] {dagbag.py:508} INFO - Filling up the DagBag from /home/airflow/.local/lib/python3.7/site-packages/airflow/example_dags/example_branch_datetime_operator.py
[2023-07-26 23:50:10,546] {processor.py:651} INFO - DAG(s) dict_keys(['example_branch_datetime_operator', 'example_branch_datetime_operator_2']) retrieved from /home/airflow/.local/lib/python3.7/site-packages/airflow/example_dags/example_branch_datetime_operator.py
[2023-07-26 23:50:10,572] {logging_mixin.py:115} INFO - [2023-07-26 23:50:10,572] {dag.py:2420} INFO - Sync 2 DAGs
[2023-07-26 23:50:10,590] {logging_mixin.py:115} INFO - [2023-07-26 23:50:10,590] {dag.py:2972} INFO - Setting next_dagrun for example_branch_datetime_operator to 2023-07-25T00:00:00+00:00, run_after=2023-07-26T00:00:00+00:00
[2023-07-26 23:50:10,593] {logging_mixin.py:115} INFO - [2023-07-26 23:50:10,593] {dag.py:2972} INFO - Setting next_dagrun for example_branch_datetime_operator_2 to 2023-07-25T00:00:00+00:00, run_after=2023-07-26T00:00:00+00:00
[2023-07-26 23:50:10,605] {processor.py:161} INFO - Processing /home/airflow/.local/lib/python3.7/site-packages/airflow/example_dags/example_branch_datetime_operator.py took 0.078 seconds
[2023-07-26 23:50:40,692] {processor.py:153} INFO - Started process (PID=169) to work on /home/airflow/.local/lib/python3.7/site-packages/airflow/example_dags/example_branch_datetime_operator.py
[2023-07-26 23:50:40,694] {processor.py:641} INFO - Processing file /home/airflow/.local/lib/python3.7/site-packages/airflow/example_dags/example_branch_datetime_operator.py for tasks to queue
[2023-07-26 23:50:40,695] {logging_mixin.py:115} INFO - [2023-07-26 23:50:40,695] {dagbag.py:508} INFO - Filling up the DagBag from /home/airflow/.local/lib/python3.7/site-packages/airflow/example_dags/example_branch_datetime_operator.py
[2023-07-26 23:50:40,703] {processor.py:651} INFO - DAG(s) dict_keys(['example_branch_datetime_operator', 'example_branch_datetime_operator_2']) retrieved from /home/airflow/.local/lib/python3.7/site-packages/airflow/example_dags/example_branch_datetime_operator.py
[2023-07-26 23:50:40,729] {logging_mixin.py:115} INFO - [2023-07-26 23:50:40,729] {dag.py:2420} INFO - Sync 2 DAGs
[2023-07-26 23:50:40,747] {logging_mixin.py:115} INFO - [2023-07-26 23:50:40,747] {dag.py:2972} INFO - Setting next_dagrun for example_branch_datetime_operator to 2023-07-25T00:00:00+00:00, run_after=2023-07-26T00:00:00+00:00
[2023-07-26 23:50:40,749] {logging_mixin.py:115} INFO - [2023-07-26 23:50:40,749] {dag.py:2972} INFO - Setting next_dagrun for example_branch_datetime_operator_2 to 2023-07-25T00:00:00+00:00, run_after=2023-07-26T00:00:00+00:00
[2023-07-26 23:50:40,762] {processor.py:161} INFO - Processing /home/airflow/.local/lib/python3.7/site-packages/airflow/example_dags/example_branch_datetime_operator.py took 0.072 seconds
[2023-07-26 23:51:10,888] {processor.py:153} INFO - Started process (PID=231) to work on /home/airflow/.local/lib/python3.7/site-packages/airflow/example_dags/example_branch_datetime_operator.py
[2023-07-26 23:51:10,890] {processor.py:641} INFO - Processing file /home/airflow/.local/lib/python3.7/site-packages/airflow/example_dags/example_branch_datetime_operator.py for tasks to queue
[2023-07-26 23:51:10,891] {logging_mixin.py:115} INFO - [2023-07-26 23:51:10,891] {dagbag.py:508} INFO - Filling up the DagBag from /home/airflow/.local/lib/python3.7/site-packages/airflow/example_dags/example_branch_datetime_operator.py
[2023-07-26 23:51:10,898] {processor.py:651} INFO - DAG(s) dict_keys(['example_branch_datetime_operator', 'example_branch_datetime_operator_2']) retrieved from /home/airflow/.local/lib/python3.7/site-packages/airflow/example_dags/example_branch_datetime_operator.py
[2023-07-26 23:51:10,928] {logging_mixin.py:115} INFO - [2023-07-26 23:51:10,928] {dag.py:2420} INFO - Sync 2 DAGs
[2023-07-26 23:51:10,949] {logging_mixin.py:115} INFO - [2023-07-26 23:51:10,949] {dag.py:2972} INFO - Setting next_dagrun for example_branch_datetime_operator to 2023-07-25T00:00:00+00:00, run_after=2023-07-26T00:00:00+00:00
[2023-07-26 23:51:10,951] {logging_mixin.py:115} INFO - [2023-07-26 23:51:10,951] {dag.py:2972} INFO - Setting next_dagrun for example_branch_datetime_operator_2 to 2023-07-25T00:00:00+00:00, run_after=2023-07-26T00:00:00+00:00
[2023-07-26 23:51:10,963] {processor.py:161} INFO - Processing /home/airflow/.local/lib/python3.7/site-packages/airflow/example_dags/example_branch_datetime_operator.py took 0.077 seconds
[2023-07-26 23:51:41,038] {processor.py:153} INFO - Started process (PID=293) to work on /home/airflow/.local/lib/python3.7/site-packages/airflow/example_dags/example_branch_datetime_operator.py
[2023-07-26 23:51:41,041] {processor.py:641} INFO - Processing file /home/airflow/.local/lib/python3.7/site-packages/airflow/example_dags/example_branch_datetime_operator.py for tasks to queue
[2023-07-26 23:51:41,042] {logging_mixin.py:115} INFO - [2023-07-26 23:51:41,042] {dagbag.py:508} INFO - Filling up the DagBag from /home/airflow/.local/lib/python3.7/site-packages/airflow/example_dags/example_branch_datetime_operator.py
[2023-07-26 23:51:41,049] {processor.py:651} INFO - DAG(s) dict_keys(['example_branch_datetime_operator', 'example_branch_datetime_operator_2']) retrieved from /home/airflow/.local/lib/python3.7/site-packages/airflow/example_dags/example_branch_datetime_operator.py
[2023-07-26 23:51:41,081] {logging_mixin.py:115} INFO - [2023-07-26 23:51:41,081] {dag.py:2420} INFO - Sync 2 DAGs
[2023-07-26 23:51:41,103] {logging_mixin.py:115} INFO - [2023-07-26 23:51:41,102] {dag.py:2972} INFO - Setting next_dagrun for example_branch_datetime_operator to 2023-07-25T00:00:00+00:00, run_after=2023-07-26T00:00:00+00:00
[2023-07-26 23:51:41,105] {logging_mixin.py:115} INFO - [2023-07-26 23:51:41,105] {dag.py:2972} INFO - Setting next_dagrun for example_branch_datetime_operator_2 to 2023-07-25T00:00:00+00:00, run_after=2023-07-26T00:00:00+00:00
[2023-07-26 23:51:41,119] {processor.py:161} INFO - Processing /home/airflow/.local/lib/python3.7/site-packages/airflow/example_dags/example_branch_datetime_operator.py took 0.084 seconds
[2023-07-26 23:52:11,278] {processor.py:153} INFO - Started process (PID=347) to work on /home/airflow/.local/lib/python3.7/site-packages/airflow/example_dags/example_branch_datetime_operator.py
[2023-07-26 23:52:11,278] {processor.py:641} INFO - Processing file /home/airflow/.local/lib/python3.7/site-packages/airflow/example_dags/example_branch_datetime_operator.py for tasks to queue
[2023-07-26 23:52:11,279] {logging_mixin.py:115} INFO - [2023-07-26 23:52:11,279] {dagbag.py:508} INFO - Filling up the DagBag from /home/airflow/.local/lib/python3.7/site-packages/airflow/example_dags/example_branch_datetime_operator.py
[2023-07-26 23:52:11,293] {processor.py:651} INFO - DAG(s) dict_keys(['example_branch_datetime_operator', 'example_branch_datetime_operator_2']) retrieved from /home/airflow/.local/lib/python3.7/site-packages/airflow/example_dags/example_branch_datetime_operator.py
[2023-07-26 23:52:11,317] {logging_mixin.py:115} INFO - [2023-07-26 23:52:11,317] {dag.py:2420} INFO - Sync 2 DAGs
[2023-07-26 23:52:11,339] {logging_mixin.py:115} INFO - [2023-07-26 23:52:11,339] {dag.py:2972} INFO - Setting next_dagrun for example_branch_datetime_operator to 2023-07-25T00:00:00+00:00, run_after=2023-07-26T00:00:00+00:00
[2023-07-26 23:52:11,341] {logging_mixin.py:115} INFO - [2023-07-26 23:52:11,341] {dag.py:2972} INFO - Setting next_dagrun for example_branch_datetime_operator_2 to 2023-07-25T00:00:00+00:00, run_after=2023-07-26T00:00:00+00:00
[2023-07-26 23:52:11,354] {processor.py:161} INFO - Processing /home/airflow/.local/lib/python3.7/site-packages/airflow/example_dags/example_branch_datetime_operator.py took 0.079 seconds
[2023-07-26 23:52:41,537] {processor.py:153} INFO - Started process (PID=410) to work on /home/airflow/.local/lib/python3.7/site-packages/airflow/example_dags/example_branch_datetime_operator.py
[2023-07-26 23:52:41,538] {processor.py:641} INFO - Processing file /home/airflow/.local/lib/python3.7/site-packages/airflow/example_dags/example_branch_datetime_operator.py for tasks to queue
[2023-07-26 23:52:41,539] {logging_mixin.py:115} INFO - [2023-07-26 23:52:41,539] {dagbag.py:508} INFO - Filling up the DagBag from /home/airflow/.local/lib/python3.7/site-packages/airflow/example_dags/example_branch_datetime_operator.py
[2023-07-26 23:52:41,546] {processor.py:651} INFO - DAG(s) dict_keys(['example_branch_datetime_operator', 'example_branch_datetime_operator_2']) retrieved from /home/airflow/.local/lib/python3.7/site-packages/airflow/example_dags/example_branch_datetime_operator.py
[2023-07-26 23:52:41,566] {logging_mixin.py:115} INFO - [2023-07-26 23:52:41,566] {dag.py:2420} INFO - Sync 2 DAGs
[2023-07-26 23:52:41,583] {logging_mixin.py:115} INFO - [2023-07-26 23:52:41,583] {dag.py:2972} INFO - Setting next_dagrun for example_branch_datetime_operator to 2023-07-25T00:00:00+00:00, run_after=2023-07-26T00:00:00+00:00
[2023-07-26 23:52:41,585] {logging_mixin.py:115} INFO - [2023-07-26 23:52:41,585] {dag.py:2972} INFO - Setting next_dagrun for example_branch_datetime_operator_2 to 2023-07-25T00:00:00+00:00, run_after=2023-07-26T00:00:00+00:00
[2023-07-26 23:52:41,595] {processor.py:161} INFO - Processing /home/airflow/.local/lib/python3.7/site-packages/airflow/example_dags/example_branch_datetime_operator.py took 0.060 seconds
[2023-07-26 23:53:11,811] {processor.py:153} INFO - Started process (PID=472) to work on /home/airflow/.local/lib/python3.7/site-packages/airflow/example_dags/example_branch_datetime_operator.py
[2023-07-26 23:53:11,812] {processor.py:641} INFO - Processing file /home/airflow/.local/lib/python3.7/site-packages/airflow/example_dags/example_branch_datetime_operator.py for tasks to queue
[2023-07-26 23:53:11,813] {logging_mixin.py:115} INFO - [2023-07-26 23:53:11,813] {dagbag.py:508} INFO - Filling up the DagBag from /home/airflow/.local/lib/python3.7/site-packages/airflow/example_dags/example_branch_datetime_operator.py
[2023-07-26 23:53:11,822] {processor.py:651} INFO - DAG(s) dict_keys(['example_branch_datetime_operator', 'example_branch_datetime_operator_2']) retrieved from /home/airflow/.local/lib/python3.7/site-packages/airflow/example_dags/example_branch_datetime_operator.py
[2023-07-26 23:53:11,852] {logging_mixin.py:115} INFO - [2023-07-26 23:53:11,852] {dag.py:2420} INFO - Sync 2 DAGs
[2023-07-26 23:53:11,872] {logging_mixin.py:115} INFO - [2023-07-26 23:53:11,872] {dag.py:2972} INFO - Setting next_dagrun for example_branch_datetime_operator to 2023-07-25T00:00:00+00:00, run_after=2023-07-26T00:00:00+00:00
[2023-07-26 23:53:11,876] {logging_mixin.py:115} INFO - [2023-07-26 23:53:11,875] {dag.py:2972} INFO - Setting next_dagrun for example_branch_datetime_operator_2 to 2023-07-25T00:00:00+00:00, run_after=2023-07-26T00:00:00+00:00
[2023-07-26 23:53:11,895] {processor.py:161} INFO - Processing /home/airflow/.local/lib/python3.7/site-packages/airflow/example_dags/example_branch_datetime_operator.py took 0.087 seconds
[2023-07-26 23:53:42,259] {processor.py:153} INFO - Started process (PID=539) to work on /home/airflow/.local/lib/python3.7/site-packages/airflow/example_dags/example_branch_datetime_operator.py
[2023-07-26 23:53:42,264] {processor.py:641} INFO - Processing file /home/airflow/.local/lib/python3.7/site-packages/airflow/example_dags/example_branch_datetime_operator.py for tasks to queue
[2023-07-26 23:53:42,269] {logging_mixin.py:115} INFO - [2023-07-26 23:53:42,269] {dagbag.py:508} INFO - Filling up the DagBag from /home/airflow/.local/lib/python3.7/site-packages/airflow/example_dags/example_branch_datetime_operator.py
[2023-07-26 23:53:42,301] {processor.py:651} INFO - DAG(s) dict_keys(['example_branch_datetime_operator', 'example_branch_datetime_operator_2']) retrieved from /home/airflow/.local/lib/python3.7/site-packages/airflow/example_dags/example_branch_datetime_operator.py
[2023-07-26 23:53:42,397] {logging_mixin.py:115} INFO - [2023-07-26 23:53:42,397] {dag.py:2420} INFO - Sync 2 DAGs
[2023-07-26 23:53:42,454] {logging_mixin.py:115} INFO - [2023-07-26 23:53:42,454] {dag.py:2972} INFO - Setting next_dagrun for example_branch_datetime_operator to 2023-07-25T00:00:00+00:00, run_after=2023-07-26T00:00:00+00:00
[2023-07-26 23:53:42,457] {logging_mixin.py:115} INFO - [2023-07-26 23:53:42,457] {dag.py:2972} INFO - Setting next_dagrun for example_branch_datetime_operator_2 to 2023-07-25T00:00:00+00:00, run_after=2023-07-26T00:00:00+00:00
[2023-07-26 23:53:42,477] {processor.py:161} INFO - Processing /home/airflow/.local/lib/python3.7/site-packages/airflow/example_dags/example_branch_datetime_operator.py took 0.222 seconds
[2023-07-26 23:54:12,753] {processor.py:153} INFO - Started process (PID=672) to work on /home/airflow/.local/lib/python3.7/site-packages/airflow/example_dags/example_branch_datetime_operator.py
[2023-07-26 23:54:12,755] {processor.py:641} INFO - Processing file /home/airflow/.local/lib/python3.7/site-packages/airflow/example_dags/example_branch_datetime_operator.py for tasks to queue
[2023-07-26 23:54:12,759] {logging_mixin.py:115} INFO - [2023-07-26 23:54:12,759] {dagbag.py:508} INFO - Filling up the DagBag from /home/airflow/.local/lib/python3.7/site-packages/airflow/example_dags/example_branch_datetime_operator.py
[2023-07-26 23:54:12,783] {processor.py:651} INFO - DAG(s) dict_keys(['example_branch_datetime_operator', 'example_branch_datetime_operator_2']) retrieved from /home/airflow/.local/lib/python3.7/site-packages/airflow/example_dags/example_branch_datetime_operator.py
[2023-07-26 23:54:12,845] {logging_mixin.py:115} INFO - [2023-07-26 23:54:12,845] {dag.py:2420} INFO - Sync 2 DAGs
[2023-07-26 23:54:12,894] {logging_mixin.py:115} INFO - [2023-07-26 23:54:12,894] {dag.py:2972} INFO - Setting next_dagrun for example_branch_datetime_operator to 2023-07-25T00:00:00+00:00, run_after=2023-07-26T00:00:00+00:00
[2023-07-26 23:54:12,896] {logging_mixin.py:115} INFO - [2023-07-26 23:54:12,896] {dag.py:2972} INFO - Setting next_dagrun for example_branch_datetime_operator_2 to 2023-07-25T00:00:00+00:00, run_after=2023-07-26T00:00:00+00:00
[2023-07-26 23:54:12,920] {processor.py:161} INFO - Processing /home/airflow/.local/lib/python3.7/site-packages/airflow/example_dags/example_branch_datetime_operator.py took 0.171 seconds
