[2023-07-26 23:49:41,001] {processor.py:153} INFO - Started process (PID=58) to work on /home/airflow/.local/lib/python3.7/site-packages/airflow/example_dags/example_complex.py
[2023-07-26 23:49:41,003] {processor.py:641} INFO - Processing file /home/airflow/.local/lib/python3.7/site-packages/airflow/example_dags/example_complex.py for tasks to queue
[2023-07-26 23:49:41,005] {logging_mixin.py:115} INFO - [2023-07-26 23:49:41,005] {dagbag.py:508} INFO - Filling up the DagBag from /home/airflow/.local/lib/python3.7/site-packages/airflow/example_dags/example_complex.py
[2023-07-26 23:49:41,016] {processor.py:651} INFO - DAG(s) dict_keys(['example_complex']) retrieved from /home/airflow/.local/lib/python3.7/site-packages/airflow/example_dags/example_complex.py
[2023-07-26 23:49:41,134] {logging_mixin.py:115} INFO - [2023-07-26 23:49:41,134] {manager.py:508} INFO - Created Permission View: can delete on DAG:example_complex
[2023-07-26 23:49:41,157] {logging_mixin.py:115} INFO - [2023-07-26 23:49:41,157] {manager.py:508} INFO - Created Permission View: can read on DAG:example_complex
[2023-07-26 23:49:41,179] {logging_mixin.py:115} INFO - [2023-07-26 23:49:41,179] {manager.py:508} INFO - Created Permission View: can edit on DAG:example_complex
[2023-07-26 23:49:41,180] {logging_mixin.py:115} INFO - [2023-07-26 23:49:41,180] {dag.py:2420} INFO - Sync 1 DAGs
[2023-07-26 23:49:41,230] {logging_mixin.py:115} INFO - [2023-07-26 23:49:41,230] {dag.py:2439} INFO - Creating ORM DAG for example_complex
[2023-07-26 23:49:41,245] {logging_mixin.py:115} INFO - [2023-07-26 23:49:41,245] {dag.py:2972} INFO - Setting next_dagrun for example_complex to None, run_after=None
[2023-07-26 23:49:41,283] {processor.py:161} INFO - Processing /home/airflow/.local/lib/python3.7/site-packages/airflow/example_dags/example_complex.py took 0.285 seconds
[2023-07-26 23:50:11,857] {processor.py:153} INFO - Started process (PID=112) to work on /home/airflow/.local/lib/python3.7/site-packages/airflow/example_dags/example_complex.py
[2023-07-26 23:50:11,858] {processor.py:641} INFO - Processing file /home/airflow/.local/lib/python3.7/site-packages/airflow/example_dags/example_complex.py for tasks to queue
[2023-07-26 23:50:11,859] {logging_mixin.py:115} INFO - [2023-07-26 23:50:11,859] {dagbag.py:508} INFO - Filling up the DagBag from /home/airflow/.local/lib/python3.7/site-packages/airflow/example_dags/example_complex.py
[2023-07-26 23:50:11,867] {processor.py:651} INFO - DAG(s) dict_keys(['example_complex']) retrieved from /home/airflow/.local/lib/python3.7/site-packages/airflow/example_dags/example_complex.py
[2023-07-26 23:50:11,891] {logging_mixin.py:115} INFO - [2023-07-26 23:50:11,891] {dag.py:2420} INFO - Sync 1 DAGs
[2023-07-26 23:50:11,920] {logging_mixin.py:115} INFO - [2023-07-26 23:50:11,920] {dag.py:2972} INFO - Setting next_dagrun for example_complex to None, run_after=None
[2023-07-26 23:50:11,931] {processor.py:161} INFO - Processing /home/airflow/.local/lib/python3.7/site-packages/airflow/example_dags/example_complex.py took 0.076 seconds
[2023-07-26 23:50:42,033] {processor.py:153} INFO - Started process (PID=175) to work on /home/airflow/.local/lib/python3.7/site-packages/airflow/example_dags/example_complex.py
[2023-07-26 23:50:42,035] {processor.py:641} INFO - Processing file /home/airflow/.local/lib/python3.7/site-packages/airflow/example_dags/example_complex.py for tasks to queue
[2023-07-26 23:50:42,036] {logging_mixin.py:115} INFO - [2023-07-26 23:50:42,036] {dagbag.py:508} INFO - Filling up the DagBag from /home/airflow/.local/lib/python3.7/site-packages/airflow/example_dags/example_complex.py
[2023-07-26 23:50:42,047] {processor.py:651} INFO - DAG(s) dict_keys(['example_complex']) retrieved from /home/airflow/.local/lib/python3.7/site-packages/airflow/example_dags/example_complex.py
[2023-07-26 23:50:42,068] {logging_mixin.py:115} INFO - [2023-07-26 23:50:42,068] {dag.py:2420} INFO - Sync 1 DAGs
[2023-07-26 23:50:42,084] {logging_mixin.py:115} INFO - [2023-07-26 23:50:42,084] {dag.py:2972} INFO - Setting next_dagrun for example_complex to None, run_after=None
[2023-07-26 23:50:42,095] {processor.py:161} INFO - Processing /home/airflow/.local/lib/python3.7/site-packages/airflow/example_dags/example_complex.py took 0.064 seconds
[2023-07-26 23:51:12,324] {processor.py:153} INFO - Started process (PID=238) to work on /home/airflow/.local/lib/python3.7/site-packages/airflow/example_dags/example_complex.py
[2023-07-26 23:51:12,325] {processor.py:641} INFO - Processing file /home/airflow/.local/lib/python3.7/site-packages/airflow/example_dags/example_complex.py for tasks to queue
[2023-07-26 23:51:12,326] {logging_mixin.py:115} INFO - [2023-07-26 23:51:12,326] {dagbag.py:508} INFO - Filling up the DagBag from /home/airflow/.local/lib/python3.7/site-packages/airflow/example_dags/example_complex.py
[2023-07-26 23:51:12,334] {processor.py:651} INFO - DAG(s) dict_keys(['example_complex']) retrieved from /home/airflow/.local/lib/python3.7/site-packages/airflow/example_dags/example_complex.py
[2023-07-26 23:51:12,358] {logging_mixin.py:115} INFO - [2023-07-26 23:51:12,358] {dag.py:2420} INFO - Sync 1 DAGs
[2023-07-26 23:51:12,377] {logging_mixin.py:115} INFO - [2023-07-26 23:51:12,377] {dag.py:2972} INFO - Setting next_dagrun for example_complex to None, run_after=None
[2023-07-26 23:51:12,388] {processor.py:161} INFO - Processing /home/airflow/.local/lib/python3.7/site-packages/airflow/example_dags/example_complex.py took 0.066 seconds
[2023-07-26 23:51:42,455] {processor.py:153} INFO - Started process (PID=301) to work on /home/airflow/.local/lib/python3.7/site-packages/airflow/example_dags/example_complex.py
[2023-07-26 23:51:42,457] {processor.py:641} INFO - Processing file /home/airflow/.local/lib/python3.7/site-packages/airflow/example_dags/example_complex.py for tasks to queue
[2023-07-26 23:51:42,457] {logging_mixin.py:115} INFO - [2023-07-26 23:51:42,457] {dagbag.py:508} INFO - Filling up the DagBag from /home/airflow/.local/lib/python3.7/site-packages/airflow/example_dags/example_complex.py
[2023-07-26 23:51:42,465] {processor.py:651} INFO - DAG(s) dict_keys(['example_complex']) retrieved from /home/airflow/.local/lib/python3.7/site-packages/airflow/example_dags/example_complex.py
[2023-07-26 23:51:42,489] {logging_mixin.py:115} INFO - [2023-07-26 23:51:42,488] {dag.py:2420} INFO - Sync 1 DAGs
[2023-07-26 23:51:42,504] {logging_mixin.py:115} INFO - [2023-07-26 23:51:42,504] {dag.py:2972} INFO - Setting next_dagrun for example_complex to None, run_after=None
[2023-07-26 23:51:42,518] {processor.py:161} INFO - Processing /home/airflow/.local/lib/python3.7/site-packages/airflow/example_dags/example_complex.py took 0.064 seconds
[2023-07-26 23:52:12,774] {processor.py:153} INFO - Started process (PID=355) to work on /home/airflow/.local/lib/python3.7/site-packages/airflow/example_dags/example_complex.py
[2023-07-26 23:52:12,776] {processor.py:641} INFO - Processing file /home/airflow/.local/lib/python3.7/site-packages/airflow/example_dags/example_complex.py for tasks to queue
[2023-07-26 23:52:12,777] {logging_mixin.py:115} INFO - [2023-07-26 23:52:12,777] {dagbag.py:508} INFO - Filling up the DagBag from /home/airflow/.local/lib/python3.7/site-packages/airflow/example_dags/example_complex.py
[2023-07-26 23:52:12,790] {processor.py:651} INFO - DAG(s) dict_keys(['example_complex']) retrieved from /home/airflow/.local/lib/python3.7/site-packages/airflow/example_dags/example_complex.py
[2023-07-26 23:52:12,817] {logging_mixin.py:115} INFO - [2023-07-26 23:52:12,817] {dag.py:2420} INFO - Sync 1 DAGs
[2023-07-26 23:52:12,839] {logging_mixin.py:115} INFO - [2023-07-26 23:52:12,839] {dag.py:2972} INFO - Setting next_dagrun for example_complex to None, run_after=None
[2023-07-26 23:52:12,855] {processor.py:161} INFO - Processing /home/airflow/.local/lib/python3.7/site-packages/airflow/example_dags/example_complex.py took 0.085 seconds
[2023-07-26 23:52:43,022] {processor.py:153} INFO - Started process (PID=418) to work on /home/airflow/.local/lib/python3.7/site-packages/airflow/example_dags/example_complex.py
[2023-07-26 23:52:43,024] {processor.py:641} INFO - Processing file /home/airflow/.local/lib/python3.7/site-packages/airflow/example_dags/example_complex.py for tasks to queue
[2023-07-26 23:52:43,025] {logging_mixin.py:115} INFO - [2023-07-26 23:52:43,025] {dagbag.py:508} INFO - Filling up the DagBag from /home/airflow/.local/lib/python3.7/site-packages/airflow/example_dags/example_complex.py
[2023-07-26 23:52:43,034] {processor.py:651} INFO - DAG(s) dict_keys(['example_complex']) retrieved from /home/airflow/.local/lib/python3.7/site-packages/airflow/example_dags/example_complex.py
[2023-07-26 23:52:43,060] {logging_mixin.py:115} INFO - [2023-07-26 23:52:43,060] {dag.py:2420} INFO - Sync 1 DAGs
[2023-07-26 23:52:43,075] {logging_mixin.py:115} INFO - [2023-07-26 23:52:43,075] {dag.py:2972} INFO - Setting next_dagrun for example_complex to None, run_after=None
[2023-07-26 23:52:43,085] {processor.py:161} INFO - Processing /home/airflow/.local/lib/python3.7/site-packages/airflow/example_dags/example_complex.py took 0.065 seconds
[2023-07-26 23:53:13,332] {processor.py:153} INFO - Started process (PID=480) to work on /home/airflow/.local/lib/python3.7/site-packages/airflow/example_dags/example_complex.py
[2023-07-26 23:53:13,333] {processor.py:641} INFO - Processing file /home/airflow/.local/lib/python3.7/site-packages/airflow/example_dags/example_complex.py for tasks to queue
[2023-07-26 23:53:13,334] {logging_mixin.py:115} INFO - [2023-07-26 23:53:13,334] {dagbag.py:508} INFO - Filling up the DagBag from /home/airflow/.local/lib/python3.7/site-packages/airflow/example_dags/example_complex.py
[2023-07-26 23:53:13,343] {processor.py:651} INFO - DAG(s) dict_keys(['example_complex']) retrieved from /home/airflow/.local/lib/python3.7/site-packages/airflow/example_dags/example_complex.py
[2023-07-26 23:53:13,368] {logging_mixin.py:115} INFO - [2023-07-26 23:53:13,368] {dag.py:2420} INFO - Sync 1 DAGs
[2023-07-26 23:53:13,384] {logging_mixin.py:115} INFO - [2023-07-26 23:53:13,384] {dag.py:2972} INFO - Setting next_dagrun for example_complex to None, run_after=None
[2023-07-26 23:53:13,395] {processor.py:161} INFO - Processing /home/airflow/.local/lib/python3.7/site-packages/airflow/example_dags/example_complex.py took 0.065 seconds
[2023-07-26 23:53:44,495] {processor.py:153} INFO - Started process (PID=547) to work on /home/airflow/.local/lib/python3.7/site-packages/airflow/example_dags/example_complex.py
[2023-07-26 23:53:44,498] {processor.py:641} INFO - Processing file /home/airflow/.local/lib/python3.7/site-packages/airflow/example_dags/example_complex.py for tasks to queue
[2023-07-26 23:53:44,499] {logging_mixin.py:115} INFO - [2023-07-26 23:53:44,499] {dagbag.py:508} INFO - Filling up the DagBag from /home/airflow/.local/lib/python3.7/site-packages/airflow/example_dags/example_complex.py
[2023-07-26 23:53:44,538] {processor.py:651} INFO - DAG(s) dict_keys(['example_complex']) retrieved from /home/airflow/.local/lib/python3.7/site-packages/airflow/example_dags/example_complex.py
[2023-07-26 23:53:44,628] {logging_mixin.py:115} INFO - [2023-07-26 23:53:44,628] {dag.py:2420} INFO - Sync 1 DAGs
[2023-07-26 23:53:44,700] {logging_mixin.py:115} INFO - [2023-07-26 23:53:44,700] {dag.py:2972} INFO - Setting next_dagrun for example_complex to None, run_after=None
[2023-07-26 23:53:44,726] {processor.py:161} INFO - Processing /home/airflow/.local/lib/python3.7/site-packages/airflow/example_dags/example_complex.py took 0.245 seconds
[2023-07-26 23:54:15,714] {processor.py:153} INFO - Started process (PID=686) to work on /home/airflow/.local/lib/python3.7/site-packages/airflow/example_dags/example_complex.py
[2023-07-26 23:54:15,717] {processor.py:641} INFO - Processing file /home/airflow/.local/lib/python3.7/site-packages/airflow/example_dags/example_complex.py for tasks to queue
[2023-07-26 23:54:15,721] {logging_mixin.py:115} INFO - [2023-07-26 23:54:15,721] {dagbag.py:508} INFO - Filling up the DagBag from /home/airflow/.local/lib/python3.7/site-packages/airflow/example_dags/example_complex.py
[2023-07-26 23:54:15,746] {processor.py:651} INFO - DAG(s) dict_keys(['example_complex']) retrieved from /home/airflow/.local/lib/python3.7/site-packages/airflow/example_dags/example_complex.py
[2023-07-26 23:54:15,823] {logging_mixin.py:115} INFO - [2023-07-26 23:54:15,822] {dag.py:2420} INFO - Sync 1 DAGs
[2023-07-26 23:54:15,879] {logging_mixin.py:115} INFO - [2023-07-26 23:54:15,878] {dag.py:2972} INFO - Setting next_dagrun for example_complex to None, run_after=None
[2023-07-26 23:54:15,907] {processor.py:161} INFO - Processing /home/airflow/.local/lib/python3.7/site-packages/airflow/example_dags/example_complex.py took 0.198 seconds
