[2023-07-26 23:49:43,527] {processor.py:153} INFO - Started process (PID=75) to work on /home/airflow/.local/lib/python3.7/site-packages/airflow/example_dags/example_nested_branch_dag.py
[2023-07-26 23:49:43,531] {processor.py:641} INFO - Processing file /home/airflow/.local/lib/python3.7/site-packages/airflow/example_dags/example_nested_branch_dag.py for tasks to queue
[2023-07-26 23:49:43,532] {logging_mixin.py:115} INFO - [2023-07-26 23:49:43,532] {dagbag.py:508} INFO - Filling up the DagBag from /home/airflow/.local/lib/python3.7/site-packages/airflow/example_dags/example_nested_branch_dag.py
[2023-07-26 23:49:43,551] {processor.py:651} INFO - DAG(s) dict_keys(['example_nested_branch_dag']) retrieved from /home/airflow/.local/lib/python3.7/site-packages/airflow/example_dags/example_nested_branch_dag.py
[2023-07-26 23:49:43,628] {logging_mixin.py:115} INFO - [2023-07-26 23:49:43,628] {manager.py:508} INFO - Created Permission View: can delete on DAG:example_nested_branch_dag
[2023-07-26 23:49:43,639] {logging_mixin.py:115} INFO - [2023-07-26 23:49:43,639] {manager.py:508} INFO - Created Permission View: can read on DAG:example_nested_branch_dag
[2023-07-26 23:49:43,650] {logging_mixin.py:115} INFO - [2023-07-26 23:49:43,650] {manager.py:508} INFO - Created Permission View: can edit on DAG:example_nested_branch_dag
[2023-07-26 23:49:43,651] {logging_mixin.py:115} INFO - [2023-07-26 23:49:43,651] {dag.py:2420} INFO - Sync 1 DAGs
[2023-07-26 23:49:43,665] {logging_mixin.py:115} INFO - [2023-07-26 23:49:43,665] {dag.py:2439} INFO - Creating ORM DAG for example_nested_branch_dag
[2023-07-26 23:49:43,678] {logging_mixin.py:115} INFO - [2023-07-26 23:49:43,678] {dag.py:2972} INFO - Setting next_dagrun for example_nested_branch_dag to 2023-07-25T00:00:00+00:00, run_after=2023-07-26T00:00:00+00:00
[2023-07-26 23:49:43,698] {processor.py:161} INFO - Processing /home/airflow/.local/lib/python3.7/site-packages/airflow/example_dags/example_nested_branch_dag.py took 0.174 seconds
[2023-07-26 23:50:13,892] {processor.py:153} INFO - Started process (PID=138) to work on /home/airflow/.local/lib/python3.7/site-packages/airflow/example_dags/example_nested_branch_dag.py
[2023-07-26 23:50:13,893] {processor.py:641} INFO - Processing file /home/airflow/.local/lib/python3.7/site-packages/airflow/example_dags/example_nested_branch_dag.py for tasks to queue
[2023-07-26 23:50:13,894] {logging_mixin.py:115} INFO - [2023-07-26 23:50:13,893] {dagbag.py:508} INFO - Filling up the DagBag from /home/airflow/.local/lib/python3.7/site-packages/airflow/example_dags/example_nested_branch_dag.py
[2023-07-26 23:50:13,906] {processor.py:651} INFO - DAG(s) dict_keys(['example_nested_branch_dag']) retrieved from /home/airflow/.local/lib/python3.7/site-packages/airflow/example_dags/example_nested_branch_dag.py
[2023-07-26 23:50:13,932] {logging_mixin.py:115} INFO - [2023-07-26 23:50:13,931] {dag.py:2420} INFO - Sync 1 DAGs
[2023-07-26 23:50:13,954] {logging_mixin.py:115} INFO - [2023-07-26 23:50:13,953] {dag.py:2972} INFO - Setting next_dagrun for example_nested_branch_dag to 2023-07-25T00:00:00+00:00, run_after=2023-07-26T00:00:00+00:00
[2023-07-26 23:50:13,968] {processor.py:161} INFO - Processing /home/airflow/.local/lib/python3.7/site-packages/airflow/example_dags/example_nested_branch_dag.py took 0.080 seconds
[2023-07-26 23:50:44,226] {processor.py:153} INFO - Started process (PID=192) to work on /home/airflow/.local/lib/python3.7/site-packages/airflow/example_dags/example_nested_branch_dag.py
[2023-07-26 23:50:44,228] {processor.py:641} INFO - Processing file /home/airflow/.local/lib/python3.7/site-packages/airflow/example_dags/example_nested_branch_dag.py for tasks to queue
[2023-07-26 23:50:44,229] {logging_mixin.py:115} INFO - [2023-07-26 23:50:44,229] {dagbag.py:508} INFO - Filling up the DagBag from /home/airflow/.local/lib/python3.7/site-packages/airflow/example_dags/example_nested_branch_dag.py
[2023-07-26 23:50:44,236] {processor.py:651} INFO - DAG(s) dict_keys(['example_nested_branch_dag']) retrieved from /home/airflow/.local/lib/python3.7/site-packages/airflow/example_dags/example_nested_branch_dag.py
[2023-07-26 23:50:44,259] {logging_mixin.py:115} INFO - [2023-07-26 23:50:44,258] {dag.py:2420} INFO - Sync 1 DAGs
[2023-07-26 23:50:44,287] {logging_mixin.py:115} INFO - [2023-07-26 23:50:44,286] {dag.py:2972} INFO - Setting next_dagrun for example_nested_branch_dag to 2023-07-25T00:00:00+00:00, run_after=2023-07-26T00:00:00+00:00
[2023-07-26 23:50:44,298] {processor.py:161} INFO - Processing /home/airflow/.local/lib/python3.7/site-packages/airflow/example_dags/example_nested_branch_dag.py took 0.074 seconds
[2023-07-26 23:51:15,381] {processor.py:153} INFO - Started process (PID=255) to work on /home/airflow/.local/lib/python3.7/site-packages/airflow/example_dags/example_nested_branch_dag.py
[2023-07-26 23:51:15,383] {processor.py:641} INFO - Processing file /home/airflow/.local/lib/python3.7/site-packages/airflow/example_dags/example_nested_branch_dag.py for tasks to queue
[2023-07-26 23:51:15,384] {logging_mixin.py:115} INFO - [2023-07-26 23:51:15,383] {dagbag.py:508} INFO - Filling up the DagBag from /home/airflow/.local/lib/python3.7/site-packages/airflow/example_dags/example_nested_branch_dag.py
[2023-07-26 23:51:15,395] {processor.py:651} INFO - DAG(s) dict_keys(['example_nested_branch_dag']) retrieved from /home/airflow/.local/lib/python3.7/site-packages/airflow/example_dags/example_nested_branch_dag.py
[2023-07-26 23:51:15,416] {logging_mixin.py:115} INFO - [2023-07-26 23:51:15,416] {dag.py:2420} INFO - Sync 1 DAGs
[2023-07-26 23:51:15,434] {logging_mixin.py:115} INFO - [2023-07-26 23:51:15,434] {dag.py:2972} INFO - Setting next_dagrun for example_nested_branch_dag to 2023-07-25T00:00:00+00:00, run_after=2023-07-26T00:00:00+00:00
[2023-07-26 23:51:15,446] {processor.py:161} INFO - Processing /home/airflow/.local/lib/python3.7/site-packages/airflow/example_dags/example_nested_branch_dag.py took 0.067 seconds
[2023-07-26 23:51:45,723] {processor.py:153} INFO - Started process (PID=318) to work on /home/airflow/.local/lib/python3.7/site-packages/airflow/example_dags/example_nested_branch_dag.py
[2023-07-26 23:51:45,724] {processor.py:641} INFO - Processing file /home/airflow/.local/lib/python3.7/site-packages/airflow/example_dags/example_nested_branch_dag.py for tasks to queue
[2023-07-26 23:51:45,726] {logging_mixin.py:115} INFO - [2023-07-26 23:51:45,726] {dagbag.py:508} INFO - Filling up the DagBag from /home/airflow/.local/lib/python3.7/site-packages/airflow/example_dags/example_nested_branch_dag.py
[2023-07-26 23:51:45,734] {processor.py:651} INFO - DAG(s) dict_keys(['example_nested_branch_dag']) retrieved from /home/airflow/.local/lib/python3.7/site-packages/airflow/example_dags/example_nested_branch_dag.py
[2023-07-26 23:51:45,758] {logging_mixin.py:115} INFO - [2023-07-26 23:51:45,758] {dag.py:2420} INFO - Sync 1 DAGs
[2023-07-26 23:51:45,776] {logging_mixin.py:115} INFO - [2023-07-26 23:51:45,776] {dag.py:2972} INFO - Setting next_dagrun for example_nested_branch_dag to 2023-07-25T00:00:00+00:00, run_after=2023-07-26T00:00:00+00:00
[2023-07-26 23:51:45,789] {processor.py:161} INFO - Processing /home/airflow/.local/lib/python3.7/site-packages/airflow/example_dags/example_nested_branch_dag.py took 0.068 seconds
[2023-07-26 23:52:15,965] {processor.py:153} INFO - Started process (PID=381) to work on /home/airflow/.local/lib/python3.7/site-packages/airflow/example_dags/example_nested_branch_dag.py
[2023-07-26 23:52:15,966] {processor.py:641} INFO - Processing file /home/airflow/.local/lib/python3.7/site-packages/airflow/example_dags/example_nested_branch_dag.py for tasks to queue
[2023-07-26 23:52:15,968] {logging_mixin.py:115} INFO - [2023-07-26 23:52:15,968] {dagbag.py:508} INFO - Filling up the DagBag from /home/airflow/.local/lib/python3.7/site-packages/airflow/example_dags/example_nested_branch_dag.py
[2023-07-26 23:52:15,977] {processor.py:651} INFO - DAG(s) dict_keys(['example_nested_branch_dag']) retrieved from /home/airflow/.local/lib/python3.7/site-packages/airflow/example_dags/example_nested_branch_dag.py
[2023-07-26 23:52:16,005] {logging_mixin.py:115} INFO - [2023-07-26 23:52:16,005] {dag.py:2420} INFO - Sync 1 DAGs
[2023-07-26 23:52:16,029] {logging_mixin.py:115} INFO - [2023-07-26 23:52:16,029] {dag.py:2972} INFO - Setting next_dagrun for example_nested_branch_dag to 2023-07-25T00:00:00+00:00, run_after=2023-07-26T00:00:00+00:00
[2023-07-26 23:52:16,044] {processor.py:161} INFO - Processing /home/airflow/.local/lib/python3.7/site-packages/airflow/example_dags/example_nested_branch_dag.py took 0.082 seconds
[2023-07-26 23:52:46,104] {processor.py:153} INFO - Started process (PID=436) to work on /home/airflow/.local/lib/python3.7/site-packages/airflow/example_dags/example_nested_branch_dag.py
[2023-07-26 23:52:46,106] {processor.py:641} INFO - Processing file /home/airflow/.local/lib/python3.7/site-packages/airflow/example_dags/example_nested_branch_dag.py for tasks to queue
[2023-07-26 23:52:46,107] {logging_mixin.py:115} INFO - [2023-07-26 23:52:46,107] {dagbag.py:508} INFO - Filling up the DagBag from /home/airflow/.local/lib/python3.7/site-packages/airflow/example_dags/example_nested_branch_dag.py
[2023-07-26 23:52:46,116] {processor.py:651} INFO - DAG(s) dict_keys(['example_nested_branch_dag']) retrieved from /home/airflow/.local/lib/python3.7/site-packages/airflow/example_dags/example_nested_branch_dag.py
[2023-07-26 23:52:46,140] {logging_mixin.py:115} INFO - [2023-07-26 23:52:46,140] {dag.py:2420} INFO - Sync 1 DAGs
[2023-07-26 23:52:46,164] {logging_mixin.py:115} INFO - [2023-07-26 23:52:46,164] {dag.py:2972} INFO - Setting next_dagrun for example_nested_branch_dag to 2023-07-25T00:00:00+00:00, run_after=2023-07-26T00:00:00+00:00
[2023-07-26 23:52:46,177] {processor.py:161} INFO - Processing /home/airflow/.local/lib/python3.7/site-packages/airflow/example_dags/example_nested_branch_dag.py took 0.075 seconds
[2023-07-26 23:53:16,353] {processor.py:153} INFO - Started process (PID=497) to work on /home/airflow/.local/lib/python3.7/site-packages/airflow/example_dags/example_nested_branch_dag.py
[2023-07-26 23:53:16,354] {processor.py:641} INFO - Processing file /home/airflow/.local/lib/python3.7/site-packages/airflow/example_dags/example_nested_branch_dag.py for tasks to queue
[2023-07-26 23:53:16,357] {logging_mixin.py:115} INFO - [2023-07-26 23:53:16,357] {dagbag.py:508} INFO - Filling up the DagBag from /home/airflow/.local/lib/python3.7/site-packages/airflow/example_dags/example_nested_branch_dag.py
[2023-07-26 23:53:16,365] {processor.py:651} INFO - DAG(s) dict_keys(['example_nested_branch_dag']) retrieved from /home/airflow/.local/lib/python3.7/site-packages/airflow/example_dags/example_nested_branch_dag.py
[2023-07-26 23:53:16,385] {logging_mixin.py:115} INFO - [2023-07-26 23:53:16,385] {dag.py:2420} INFO - Sync 1 DAGs
[2023-07-26 23:53:16,405] {logging_mixin.py:115} INFO - [2023-07-26 23:53:16,405] {dag.py:2972} INFO - Setting next_dagrun for example_nested_branch_dag to 2023-07-25T00:00:00+00:00, run_after=2023-07-26T00:00:00+00:00
[2023-07-26 23:53:16,419] {processor.py:161} INFO - Processing /home/airflow/.local/lib/python3.7/site-packages/airflow/example_dags/example_nested_branch_dag.py took 0.068 seconds
[2023-07-26 23:53:48,093] {processor.py:153} INFO - Started process (PID=577) to work on /home/airflow/.local/lib/python3.7/site-packages/airflow/example_dags/example_nested_branch_dag.py
[2023-07-26 23:53:48,098] {processor.py:641} INFO - Processing file /home/airflow/.local/lib/python3.7/site-packages/airflow/example_dags/example_nested_branch_dag.py for tasks to queue
[2023-07-26 23:53:48,099] {logging_mixin.py:115} INFO - [2023-07-26 23:53:48,099] {dagbag.py:508} INFO - Filling up the DagBag from /home/airflow/.local/lib/python3.7/site-packages/airflow/example_dags/example_nested_branch_dag.py
[2023-07-26 23:53:48,115] {processor.py:651} INFO - DAG(s) dict_keys(['example_nested_branch_dag']) retrieved from /home/airflow/.local/lib/python3.7/site-packages/airflow/example_dags/example_nested_branch_dag.py
[2023-07-26 23:53:48,162] {logging_mixin.py:115} INFO - [2023-07-26 23:53:48,162] {dag.py:2420} INFO - Sync 1 DAGs
[2023-07-26 23:53:48,215] {logging_mixin.py:115} INFO - [2023-07-26 23:53:48,215] {dag.py:2972} INFO - Setting next_dagrun for example_nested_branch_dag to 2023-07-25T00:00:00+00:00, run_after=2023-07-26T00:00:00+00:00
[2023-07-26 23:53:48,238] {processor.py:161} INFO - Processing /home/airflow/.local/lib/python3.7/site-packages/airflow/example_dags/example_nested_branch_dag.py took 0.149 seconds
[2023-07-26 23:54:19,019] {processor.py:153} INFO - Started process (PID=714) to work on /home/airflow/.local/lib/python3.7/site-packages/airflow/example_dags/example_nested_branch_dag.py
[2023-07-26 23:54:19,023] {processor.py:641} INFO - Processing file /home/airflow/.local/lib/python3.7/site-packages/airflow/example_dags/example_nested_branch_dag.py for tasks to queue
[2023-07-26 23:54:19,025] {logging_mixin.py:115} INFO - [2023-07-26 23:54:19,024] {dagbag.py:508} INFO - Filling up the DagBag from /home/airflow/.local/lib/python3.7/site-packages/airflow/example_dags/example_nested_branch_dag.py
[2023-07-26 23:54:19,057] {processor.py:651} INFO - DAG(s) dict_keys(['example_nested_branch_dag']) retrieved from /home/airflow/.local/lib/python3.7/site-packages/airflow/example_dags/example_nested_branch_dag.py
[2023-07-26 23:54:19,119] {logging_mixin.py:115} INFO - [2023-07-26 23:54:19,119] {dag.py:2420} INFO - Sync 1 DAGs
[2023-07-26 23:54:19,158] {logging_mixin.py:115} INFO - [2023-07-26 23:54:19,158] {dag.py:2972} INFO - Setting next_dagrun for example_nested_branch_dag to 2023-07-25T00:00:00+00:00, run_after=2023-07-26T00:00:00+00:00
[2023-07-26 23:54:19,178] {processor.py:161} INFO - Processing /home/airflow/.local/lib/python3.7/site-packages/airflow/example_dags/example_nested_branch_dag.py took 0.172 seconds
