[2023-07-26 23:49:41,950] {processor.py:153} INFO - Started process (PID=64) to work on /home/airflow/.local/lib/python3.7/site-packages/airflow/example_dags/example_sla_dag.py
[2023-07-26 23:49:41,952] {processor.py:641} INFO - Processing file /home/airflow/.local/lib/python3.7/site-packages/airflow/example_dags/example_sla_dag.py for tasks to queue
[2023-07-26 23:49:41,953] {logging_mixin.py:115} INFO - [2023-07-26 23:49:41,953] {dagbag.py:508} INFO - Filling up the DagBag from /home/airflow/.local/lib/python3.7/site-packages/airflow/example_dags/example_sla_dag.py
[2023-07-26 23:49:41,973] {processor.py:651} INFO - DAG(s) dict_keys(['example_sla_dag']) retrieved from /home/airflow/.local/lib/python3.7/site-packages/airflow/example_dags/example_sla_dag.py
[2023-07-26 23:49:42,085] {logging_mixin.py:115} INFO - [2023-07-26 23:49:42,085] {manager.py:508} INFO - Created Permission View: can delete on DAG:example_sla_dag
[2023-07-26 23:49:42,100] {logging_mixin.py:115} INFO - [2023-07-26 23:49:42,100] {manager.py:508} INFO - Created Permission View: can read on DAG:example_sla_dag
[2023-07-26 23:49:42,115] {logging_mixin.py:115} INFO - [2023-07-26 23:49:42,115] {manager.py:508} INFO - Created Permission View: can edit on DAG:example_sla_dag
[2023-07-26 23:49:42,116] {logging_mixin.py:115} INFO - [2023-07-26 23:49:42,116] {dag.py:2420} INFO - Sync 1 DAGs
[2023-07-26 23:49:42,129] {logging_mixin.py:115} INFO - [2023-07-26 23:49:42,128] {dag.py:2439} INFO - Creating ORM DAG for example_sla_dag
[2023-07-26 23:49:42,153] {logging_mixin.py:115} INFO - [2023-07-26 23:49:42,152] {dag.py:2972} INFO - Setting next_dagrun for example_sla_dag to 2023-07-26T23:46:00+00:00, run_after=2023-07-26T23:48:00+00:00
[2023-07-26 23:49:42,175] {processor.py:161} INFO - Processing /home/airflow/.local/lib/python3.7/site-packages/airflow/example_dags/example_sla_dag.py took 0.228 seconds
[2023-07-26 23:50:13,169] {processor.py:153} INFO - Started process (PID=125) to work on /home/airflow/.local/lib/python3.7/site-packages/airflow/example_dags/example_sla_dag.py
[2023-07-26 23:50:13,171] {processor.py:641} INFO - Processing file /home/airflow/.local/lib/python3.7/site-packages/airflow/example_dags/example_sla_dag.py for tasks to queue
[2023-07-26 23:50:13,172] {logging_mixin.py:115} INFO - [2023-07-26 23:50:13,172] {dagbag.py:508} INFO - Filling up the DagBag from /home/airflow/.local/lib/python3.7/site-packages/airflow/example_dags/example_sla_dag.py
[2023-07-26 23:50:13,193] {processor.py:651} INFO - DAG(s) dict_keys(['example_sla_dag']) retrieved from /home/airflow/.local/lib/python3.7/site-packages/airflow/example_dags/example_sla_dag.py
[2023-07-26 23:50:13,228] {logging_mixin.py:115} INFO - [2023-07-26 23:50:13,227] {dag.py:2420} INFO - Sync 1 DAGs
[2023-07-26 23:50:13,260] {logging_mixin.py:115} INFO - [2023-07-26 23:50:13,259] {dag.py:2972} INFO - Setting next_dagrun for example_sla_dag to 2023-07-26T23:48:00+00:00, run_after=2023-07-26T23:50:00+00:00
[2023-07-26 23:50:13,281] {processor.py:161} INFO - Processing /home/airflow/.local/lib/python3.7/site-packages/airflow/example_dags/example_sla_dag.py took 0.114 seconds
[2023-07-26 23:50:43,444] {processor.py:153} INFO - Started process (PID=181) to work on /home/airflow/.local/lib/python3.7/site-packages/airflow/example_dags/example_sla_dag.py
[2023-07-26 23:50:43,447] {processor.py:641} INFO - Processing file /home/airflow/.local/lib/python3.7/site-packages/airflow/example_dags/example_sla_dag.py for tasks to queue
[2023-07-26 23:50:43,448] {logging_mixin.py:115} INFO - [2023-07-26 23:50:43,448] {dagbag.py:508} INFO - Filling up the DagBag from /home/airflow/.local/lib/python3.7/site-packages/airflow/example_dags/example_sla_dag.py
[2023-07-26 23:50:43,463] {processor.py:651} INFO - DAG(s) dict_keys(['example_sla_dag']) retrieved from /home/airflow/.local/lib/python3.7/site-packages/airflow/example_dags/example_sla_dag.py
[2023-07-26 23:50:43,484] {logging_mixin.py:115} INFO - [2023-07-26 23:50:43,483] {dag.py:2420} INFO - Sync 1 DAGs
[2023-07-26 23:50:43,503] {logging_mixin.py:115} INFO - [2023-07-26 23:50:43,503] {dag.py:2972} INFO - Setting next_dagrun for example_sla_dag to 2023-07-26T23:48:00+00:00, run_after=2023-07-26T23:50:00+00:00
[2023-07-26 23:50:43,517] {processor.py:161} INFO - Processing /home/airflow/.local/lib/python3.7/site-packages/airflow/example_dags/example_sla_dag.py took 0.075 seconds
[2023-07-26 23:51:13,633] {processor.py:153} INFO - Started process (PID=244) to work on /home/airflow/.local/lib/python3.7/site-packages/airflow/example_dags/example_sla_dag.py
[2023-07-26 23:51:13,635] {processor.py:641} INFO - Processing file /home/airflow/.local/lib/python3.7/site-packages/airflow/example_dags/example_sla_dag.py for tasks to queue
[2023-07-26 23:51:13,636] {logging_mixin.py:115} INFO - [2023-07-26 23:51:13,636] {dagbag.py:508} INFO - Filling up the DagBag from /home/airflow/.local/lib/python3.7/site-packages/airflow/example_dags/example_sla_dag.py
[2023-07-26 23:51:13,651] {processor.py:651} INFO - DAG(s) dict_keys(['example_sla_dag']) retrieved from /home/airflow/.local/lib/python3.7/site-packages/airflow/example_dags/example_sla_dag.py
[2023-07-26 23:51:13,672] {logging_mixin.py:115} INFO - [2023-07-26 23:51:13,671] {dag.py:2420} INFO - Sync 1 DAGs
[2023-07-26 23:51:13,690] {logging_mixin.py:115} INFO - [2023-07-26 23:51:13,690] {dag.py:2972} INFO - Setting next_dagrun for example_sla_dag to 2023-07-26T23:48:00+00:00, run_after=2023-07-26T23:50:00+00:00
[2023-07-26 23:51:13,718] {processor.py:161} INFO - Processing /home/airflow/.local/lib/python3.7/site-packages/airflow/example_dags/example_sla_dag.py took 0.087 seconds
[2023-07-26 23:51:43,823] {processor.py:153} INFO - Started process (PID=308) to work on /home/airflow/.local/lib/python3.7/site-packages/airflow/example_dags/example_sla_dag.py
[2023-07-26 23:51:43,824] {processor.py:641} INFO - Processing file /home/airflow/.local/lib/python3.7/site-packages/airflow/example_dags/example_sla_dag.py for tasks to queue
[2023-07-26 23:51:43,825] {logging_mixin.py:115} INFO - [2023-07-26 23:51:43,825] {dagbag.py:508} INFO - Filling up the DagBag from /home/airflow/.local/lib/python3.7/site-packages/airflow/example_dags/example_sla_dag.py
[2023-07-26 23:51:43,836] {processor.py:651} INFO - DAG(s) dict_keys(['example_sla_dag']) retrieved from /home/airflow/.local/lib/python3.7/site-packages/airflow/example_dags/example_sla_dag.py
[2023-07-26 23:51:43,853] {logging_mixin.py:115} INFO - [2023-07-26 23:51:43,853] {dag.py:2420} INFO - Sync 1 DAGs
[2023-07-26 23:51:43,869] {logging_mixin.py:115} INFO - [2023-07-26 23:51:43,869] {dag.py:2972} INFO - Setting next_dagrun for example_sla_dag to 2023-07-26T23:48:00+00:00, run_after=2023-07-26T23:50:00+00:00
[2023-07-26 23:51:43,878] {processor.py:161} INFO - Processing /home/airflow/.local/lib/python3.7/site-packages/airflow/example_dags/example_sla_dag.py took 0.057 seconds
[2023-07-26 23:52:14,148] {processor.py:153} INFO - Started process (PID=370) to work on /home/airflow/.local/lib/python3.7/site-packages/airflow/example_dags/example_sla_dag.py
[2023-07-26 23:52:14,149] {processor.py:641} INFO - Processing file /home/airflow/.local/lib/python3.7/site-packages/airflow/example_dags/example_sla_dag.py for tasks to queue
[2023-07-26 23:52:14,151] {logging_mixin.py:115} INFO - [2023-07-26 23:52:14,151] {dagbag.py:508} INFO - Filling up the DagBag from /home/airflow/.local/lib/python3.7/site-packages/airflow/example_dags/example_sla_dag.py
[2023-07-26 23:52:14,167] {processor.py:651} INFO - DAG(s) dict_keys(['example_sla_dag']) retrieved from /home/airflow/.local/lib/python3.7/site-packages/airflow/example_dags/example_sla_dag.py
[2023-07-26 23:52:14,194] {logging_mixin.py:115} INFO - [2023-07-26 23:52:14,194] {dag.py:2420} INFO - Sync 1 DAGs
[2023-07-26 23:52:14,216] {logging_mixin.py:115} INFO - [2023-07-26 23:52:14,216] {dag.py:2972} INFO - Setting next_dagrun for example_sla_dag to 2023-07-26T23:50:00+00:00, run_after=2023-07-26T23:52:00+00:00
[2023-07-26 23:52:14,242] {processor.py:161} INFO - Processing /home/airflow/.local/lib/python3.7/site-packages/airflow/example_dags/example_sla_dag.py took 0.096 seconds
[2023-07-26 23:52:44,392] {processor.py:153} INFO - Started process (PID=424) to work on /home/airflow/.local/lib/python3.7/site-packages/airflow/example_dags/example_sla_dag.py
[2023-07-26 23:52:44,394] {processor.py:641} INFO - Processing file /home/airflow/.local/lib/python3.7/site-packages/airflow/example_dags/example_sla_dag.py for tasks to queue
[2023-07-26 23:52:44,394] {logging_mixin.py:115} INFO - [2023-07-26 23:52:44,394] {dagbag.py:508} INFO - Filling up the DagBag from /home/airflow/.local/lib/python3.7/site-packages/airflow/example_dags/example_sla_dag.py
[2023-07-26 23:52:44,408] {processor.py:651} INFO - DAG(s) dict_keys(['example_sla_dag']) retrieved from /home/airflow/.local/lib/python3.7/site-packages/airflow/example_dags/example_sla_dag.py
[2023-07-26 23:52:44,428] {logging_mixin.py:115} INFO - [2023-07-26 23:52:44,428] {dag.py:2420} INFO - Sync 1 DAGs
[2023-07-26 23:52:44,447] {logging_mixin.py:115} INFO - [2023-07-26 23:52:44,447] {dag.py:2972} INFO - Setting next_dagrun for example_sla_dag to 2023-07-26T23:50:00+00:00, run_after=2023-07-26T23:52:00+00:00
[2023-07-26 23:52:44,458] {processor.py:161} INFO - Processing /home/airflow/.local/lib/python3.7/site-packages/airflow/example_dags/example_sla_dag.py took 0.068 seconds
[2023-07-26 23:53:14,711] {processor.py:153} INFO - Started process (PID=486) to work on /home/airflow/.local/lib/python3.7/site-packages/airflow/example_dags/example_sla_dag.py
[2023-07-26 23:53:14,713] {processor.py:641} INFO - Processing file /home/airflow/.local/lib/python3.7/site-packages/airflow/example_dags/example_sla_dag.py for tasks to queue
[2023-07-26 23:53:14,714] {logging_mixin.py:115} INFO - [2023-07-26 23:53:14,714] {dagbag.py:508} INFO - Filling up the DagBag from /home/airflow/.local/lib/python3.7/site-packages/airflow/example_dags/example_sla_dag.py
[2023-07-26 23:53:14,728] {processor.py:651} INFO - DAG(s) dict_keys(['example_sla_dag']) retrieved from /home/airflow/.local/lib/python3.7/site-packages/airflow/example_dags/example_sla_dag.py
[2023-07-26 23:53:14,749] {logging_mixin.py:115} INFO - [2023-07-26 23:53:14,749] {dag.py:2420} INFO - Sync 1 DAGs
[2023-07-26 23:53:14,770] {logging_mixin.py:115} INFO - [2023-07-26 23:53:14,770] {dag.py:2972} INFO - Setting next_dagrun for example_sla_dag to 2023-07-26T23:50:00+00:00, run_after=2023-07-26T23:52:00+00:00
[2023-07-26 23:53:14,782] {processor.py:161} INFO - Processing /home/airflow/.local/lib/python3.7/site-packages/airflow/example_dags/example_sla_dag.py took 0.074 seconds
[2023-07-26 23:53:45,434] {processor.py:153} INFO - Started process (PID=558) to work on /home/airflow/.local/lib/python3.7/site-packages/airflow/example_dags/example_sla_dag.py
[2023-07-26 23:53:45,436] {processor.py:641} INFO - Processing file /home/airflow/.local/lib/python3.7/site-packages/airflow/example_dags/example_sla_dag.py for tasks to queue
[2023-07-26 23:53:45,437] {logging_mixin.py:115} INFO - [2023-07-26 23:53:45,437] {dagbag.py:508} INFO - Filling up the DagBag from /home/airflow/.local/lib/python3.7/site-packages/airflow/example_dags/example_sla_dag.py
[2023-07-26 23:53:45,473] {processor.py:651} INFO - DAG(s) dict_keys(['example_sla_dag']) retrieved from /home/airflow/.local/lib/python3.7/site-packages/airflow/example_dags/example_sla_dag.py
[2023-07-26 23:53:45,522] {logging_mixin.py:115} INFO - [2023-07-26 23:53:45,522] {dag.py:2420} INFO - Sync 1 DAGs
[2023-07-26 23:53:45,573] {logging_mixin.py:115} INFO - [2023-07-26 23:53:45,573] {dag.py:2972} INFO - Setting next_dagrun for example_sla_dag to 2023-07-26T23:50:00+00:00, run_after=2023-07-26T23:52:00+00:00
[2023-07-26 23:53:45,594] {processor.py:161} INFO - Processing /home/airflow/.local/lib/python3.7/site-packages/airflow/example_dags/example_sla_dag.py took 0.173 seconds
[2023-07-26 23:54:16,446] {processor.py:153} INFO - Started process (PID=695) to work on /home/airflow/.local/lib/python3.7/site-packages/airflow/example_dags/example_sla_dag.py
[2023-07-26 23:54:16,449] {processor.py:641} INFO - Processing file /home/airflow/.local/lib/python3.7/site-packages/airflow/example_dags/example_sla_dag.py for tasks to queue
[2023-07-26 23:54:16,456] {logging_mixin.py:115} INFO - [2023-07-26 23:54:16,455] {dagbag.py:508} INFO - Filling up the DagBag from /home/airflow/.local/lib/python3.7/site-packages/airflow/example_dags/example_sla_dag.py
[2023-07-26 23:54:16,548] {processor.py:651} INFO - DAG(s) dict_keys(['example_sla_dag']) retrieved from /home/airflow/.local/lib/python3.7/site-packages/airflow/example_dags/example_sla_dag.py
[2023-07-26 23:54:16,606] {logging_mixin.py:115} INFO - [2023-07-26 23:54:16,606] {dag.py:2420} INFO - Sync 1 DAGs
[2023-07-26 23:54:16,658] {logging_mixin.py:115} INFO - [2023-07-26 23:54:16,658] {dag.py:2972} INFO - Setting next_dagrun for example_sla_dag to 2023-07-26T23:52:00+00:00, run_after=2023-07-26T23:54:00+00:00
[2023-07-26 23:54:16,682] {processor.py:161} INFO - Processing /home/airflow/.local/lib/python3.7/site-packages/airflow/example_dags/example_sla_dag.py took 0.244 seconds
