[2023-07-26 23:49:43,012] {processor.py:153} INFO - Started process (PID=71) to work on /home/airflow/.local/lib/python3.7/site-packages/airflow/example_dags/tutorial_taskflow_api_etl.py
[2023-07-26 23:49:43,014] {processor.py:641} INFO - Processing file /home/airflow/.local/lib/python3.7/site-packages/airflow/example_dags/tutorial_taskflow_api_etl.py for tasks to queue
[2023-07-26 23:49:43,015] {logging_mixin.py:115} INFO - [2023-07-26 23:49:43,015] {dagbag.py:508} INFO - Filling up the DagBag from /home/airflow/.local/lib/python3.7/site-packages/airflow/example_dags/tutorial_taskflow_api_etl.py
[2023-07-26 23:49:43,040] {processor.py:651} INFO - DAG(s) dict_keys(['tutorial_taskflow_api_etl']) retrieved from /home/airflow/.local/lib/python3.7/site-packages/airflow/example_dags/tutorial_taskflow_api_etl.py
[2023-07-26 23:49:43,127] {logging_mixin.py:115} INFO - [2023-07-26 23:49:43,127] {manager.py:508} INFO - Created Permission View: can delete on DAG:tutorial_taskflow_api_etl
[2023-07-26 23:49:43,151] {logging_mixin.py:115} INFO - [2023-07-26 23:49:43,151] {manager.py:508} INFO - Created Permission View: can read on DAG:tutorial_taskflow_api_etl
[2023-07-26 23:49:43,165] {logging_mixin.py:115} INFO - [2023-07-26 23:49:43,165] {manager.py:508} INFO - Created Permission View: can edit on DAG:tutorial_taskflow_api_etl
[2023-07-26 23:49:43,166] {logging_mixin.py:115} INFO - [2023-07-26 23:49:43,166] {dag.py:2420} INFO - Sync 1 DAGs
[2023-07-26 23:49:43,176] {logging_mixin.py:115} INFO - [2023-07-26 23:49:43,176] {dag.py:2439} INFO - Creating ORM DAG for tutorial_taskflow_api_etl
[2023-07-26 23:49:43,193] {logging_mixin.py:115} INFO - [2023-07-26 23:49:43,193] {dag.py:2972} INFO - Setting next_dagrun for tutorial_taskflow_api_etl to None, run_after=None
[2023-07-26 23:49:43,209] {processor.py:161} INFO - Processing /home/airflow/.local/lib/python3.7/site-packages/airflow/example_dags/tutorial_taskflow_api_etl.py took 0.200 seconds
[2023-07-26 23:50:13,626] {processor.py:153} INFO - Started process (PID=134) to work on /home/airflow/.local/lib/python3.7/site-packages/airflow/example_dags/tutorial_taskflow_api_etl.py
[2023-07-26 23:50:13,627] {processor.py:641} INFO - Processing file /home/airflow/.local/lib/python3.7/site-packages/airflow/example_dags/tutorial_taskflow_api_etl.py for tasks to queue
[2023-07-26 23:50:13,628] {logging_mixin.py:115} INFO - [2023-07-26 23:50:13,628] {dagbag.py:508} INFO - Filling up the DagBag from /home/airflow/.local/lib/python3.7/site-packages/airflow/example_dags/tutorial_taskflow_api_etl.py
[2023-07-26 23:50:13,642] {processor.py:651} INFO - DAG(s) dict_keys(['tutorial_taskflow_api_etl']) retrieved from /home/airflow/.local/lib/python3.7/site-packages/airflow/example_dags/tutorial_taskflow_api_etl.py
[2023-07-26 23:50:13,709] {logging_mixin.py:115} INFO - [2023-07-26 23:50:13,708] {dag.py:2420} INFO - Sync 1 DAGs
[2023-07-26 23:50:13,731] {logging_mixin.py:115} INFO - [2023-07-26 23:50:13,731] {dag.py:2972} INFO - Setting next_dagrun for tutorial_taskflow_api_etl to None, run_after=None
[2023-07-26 23:50:13,747] {processor.py:161} INFO - Processing /home/airflow/.local/lib/python3.7/site-packages/airflow/example_dags/tutorial_taskflow_api_etl.py took 0.123 seconds
[2023-07-26 23:50:44,002] {processor.py:153} INFO - Started process (PID=188) to work on /home/airflow/.local/lib/python3.7/site-packages/airflow/example_dags/tutorial_taskflow_api_etl.py
[2023-07-26 23:50:44,003] {processor.py:641} INFO - Processing file /home/airflow/.local/lib/python3.7/site-packages/airflow/example_dags/tutorial_taskflow_api_etl.py for tasks to queue
[2023-07-26 23:50:44,004] {logging_mixin.py:115} INFO - [2023-07-26 23:50:44,004] {dagbag.py:508} INFO - Filling up the DagBag from /home/airflow/.local/lib/python3.7/site-packages/airflow/example_dags/tutorial_taskflow_api_etl.py
[2023-07-26 23:50:44,016] {processor.py:651} INFO - DAG(s) dict_keys(['tutorial_taskflow_api_etl']) retrieved from /home/airflow/.local/lib/python3.7/site-packages/airflow/example_dags/tutorial_taskflow_api_etl.py
[2023-07-26 23:50:44,070] {logging_mixin.py:115} INFO - [2023-07-26 23:50:44,070] {dag.py:2420} INFO - Sync 1 DAGs
[2023-07-26 23:50:44,086] {logging_mixin.py:115} INFO - [2023-07-26 23:50:44,086] {dag.py:2972} INFO - Setting next_dagrun for tutorial_taskflow_api_etl to None, run_after=None
[2023-07-26 23:50:44,099] {processor.py:161} INFO - Processing /home/airflow/.local/lib/python3.7/site-packages/airflow/example_dags/tutorial_taskflow_api_etl.py took 0.099 seconds
[2023-07-26 23:51:15,116] {processor.py:153} INFO - Started process (PID=251) to work on /home/airflow/.local/lib/python3.7/site-packages/airflow/example_dags/tutorial_taskflow_api_etl.py
[2023-07-26 23:51:15,117] {processor.py:641} INFO - Processing file /home/airflow/.local/lib/python3.7/site-packages/airflow/example_dags/tutorial_taskflow_api_etl.py for tasks to queue
[2023-07-26 23:51:15,118] {logging_mixin.py:115} INFO - [2023-07-26 23:51:15,118] {dagbag.py:508} INFO - Filling up the DagBag from /home/airflow/.local/lib/python3.7/site-packages/airflow/example_dags/tutorial_taskflow_api_etl.py
[2023-07-26 23:51:15,132] {processor.py:651} INFO - DAG(s) dict_keys(['tutorial_taskflow_api_etl']) retrieved from /home/airflow/.local/lib/python3.7/site-packages/airflow/example_dags/tutorial_taskflow_api_etl.py
[2023-07-26 23:51:15,199] {logging_mixin.py:115} INFO - [2023-07-26 23:51:15,199] {dag.py:2420} INFO - Sync 1 DAGs
[2023-07-26 23:51:15,219] {logging_mixin.py:115} INFO - [2023-07-26 23:51:15,219] {dag.py:2972} INFO - Setting next_dagrun for tutorial_taskflow_api_etl to None, run_after=None
[2023-07-26 23:51:15,232] {processor.py:161} INFO - Processing /home/airflow/.local/lib/python3.7/site-packages/airflow/example_dags/tutorial_taskflow_api_etl.py took 0.119 seconds
[2023-07-26 23:51:45,373] {processor.py:153} INFO - Started process (PID=314) to work on /home/airflow/.local/lib/python3.7/site-packages/airflow/example_dags/tutorial_taskflow_api_etl.py
[2023-07-26 23:51:45,374] {processor.py:641} INFO - Processing file /home/airflow/.local/lib/python3.7/site-packages/airflow/example_dags/tutorial_taskflow_api_etl.py for tasks to queue
[2023-07-26 23:51:45,376] {logging_mixin.py:115} INFO - [2023-07-26 23:51:45,376] {dagbag.py:508} INFO - Filling up the DagBag from /home/airflow/.local/lib/python3.7/site-packages/airflow/example_dags/tutorial_taskflow_api_etl.py
[2023-07-26 23:51:45,388] {processor.py:651} INFO - DAG(s) dict_keys(['tutorial_taskflow_api_etl']) retrieved from /home/airflow/.local/lib/python3.7/site-packages/airflow/example_dags/tutorial_taskflow_api_etl.py
[2023-07-26 23:51:45,435] {logging_mixin.py:115} INFO - [2023-07-26 23:51:45,435] {dag.py:2420} INFO - Sync 1 DAGs
[2023-07-26 23:51:45,454] {logging_mixin.py:115} INFO - [2023-07-26 23:51:45,454] {dag.py:2972} INFO - Setting next_dagrun for tutorial_taskflow_api_etl to None, run_after=None
[2023-07-26 23:51:45,468] {processor.py:161} INFO - Processing /home/airflow/.local/lib/python3.7/site-packages/airflow/example_dags/tutorial_taskflow_api_etl.py took 0.097 seconds
[2023-07-26 23:52:15,593] {processor.py:153} INFO - Started process (PID=377) to work on /home/airflow/.local/lib/python3.7/site-packages/airflow/example_dags/tutorial_taskflow_api_etl.py
[2023-07-26 23:52:15,594] {processor.py:641} INFO - Processing file /home/airflow/.local/lib/python3.7/site-packages/airflow/example_dags/tutorial_taskflow_api_etl.py for tasks to queue
[2023-07-26 23:52:15,595] {logging_mixin.py:115} INFO - [2023-07-26 23:52:15,595] {dagbag.py:508} INFO - Filling up the DagBag from /home/airflow/.local/lib/python3.7/site-packages/airflow/example_dags/tutorial_taskflow_api_etl.py
[2023-07-26 23:52:15,608] {processor.py:651} INFO - DAG(s) dict_keys(['tutorial_taskflow_api_etl']) retrieved from /home/airflow/.local/lib/python3.7/site-packages/airflow/example_dags/tutorial_taskflow_api_etl.py
[2023-07-26 23:52:15,663] {logging_mixin.py:115} INFO - [2023-07-26 23:52:15,663] {dag.py:2420} INFO - Sync 1 DAGs
[2023-07-26 23:52:15,678] {logging_mixin.py:115} INFO - [2023-07-26 23:52:15,678] {dag.py:2972} INFO - Setting next_dagrun for tutorial_taskflow_api_etl to None, run_after=None
[2023-07-26 23:52:15,693] {processor.py:161} INFO - Processing /home/airflow/.local/lib/python3.7/site-packages/airflow/example_dags/tutorial_taskflow_api_etl.py took 0.103 seconds
[2023-07-26 23:52:45,831] {processor.py:153} INFO - Started process (PID=431) to work on /home/airflow/.local/lib/python3.7/site-packages/airflow/example_dags/tutorial_taskflow_api_etl.py
[2023-07-26 23:52:45,833] {processor.py:641} INFO - Processing file /home/airflow/.local/lib/python3.7/site-packages/airflow/example_dags/tutorial_taskflow_api_etl.py for tasks to queue
[2023-07-26 23:52:45,835] {logging_mixin.py:115} INFO - [2023-07-26 23:52:45,834] {dagbag.py:508} INFO - Filling up the DagBag from /home/airflow/.local/lib/python3.7/site-packages/airflow/example_dags/tutorial_taskflow_api_etl.py
[2023-07-26 23:52:45,851] {processor.py:651} INFO - DAG(s) dict_keys(['tutorial_taskflow_api_etl']) retrieved from /home/airflow/.local/lib/python3.7/site-packages/airflow/example_dags/tutorial_taskflow_api_etl.py
[2023-07-26 23:52:45,876] {logging_mixin.py:115} INFO - [2023-07-26 23:52:45,875] {dag.py:2420} INFO - Sync 1 DAGs
[2023-07-26 23:52:45,897] {logging_mixin.py:115} INFO - [2023-07-26 23:52:45,897] {dag.py:2972} INFO - Setting next_dagrun for tutorial_taskflow_api_etl to None, run_after=None
[2023-07-26 23:52:45,912] {processor.py:161} INFO - Processing /home/airflow/.local/lib/python3.7/site-packages/airflow/example_dags/tutorial_taskflow_api_etl.py took 0.083 seconds
[2023-07-26 23:53:16,118] {processor.py:153} INFO - Started process (PID=493) to work on /home/airflow/.local/lib/python3.7/site-packages/airflow/example_dags/tutorial_taskflow_api_etl.py
[2023-07-26 23:53:16,119] {processor.py:641} INFO - Processing file /home/airflow/.local/lib/python3.7/site-packages/airflow/example_dags/tutorial_taskflow_api_etl.py for tasks to queue
[2023-07-26 23:53:16,120] {logging_mixin.py:115} INFO - [2023-07-26 23:53:16,120] {dagbag.py:508} INFO - Filling up the DagBag from /home/airflow/.local/lib/python3.7/site-packages/airflow/example_dags/tutorial_taskflow_api_etl.py
[2023-07-26 23:53:16,134] {processor.py:651} INFO - DAG(s) dict_keys(['tutorial_taskflow_api_etl']) retrieved from /home/airflow/.local/lib/python3.7/site-packages/airflow/example_dags/tutorial_taskflow_api_etl.py
[2023-07-26 23:53:16,185] {logging_mixin.py:115} INFO - [2023-07-26 23:53:16,185] {dag.py:2420} INFO - Sync 1 DAGs
[2023-07-26 23:53:16,201] {logging_mixin.py:115} INFO - [2023-07-26 23:53:16,201] {dag.py:2972} INFO - Setting next_dagrun for tutorial_taskflow_api_etl to None, run_after=None
[2023-07-26 23:53:16,213] {processor.py:161} INFO - Processing /home/airflow/.local/lib/python3.7/site-packages/airflow/example_dags/tutorial_taskflow_api_etl.py took 0.098 seconds
[2023-07-26 23:53:47,534] {processor.py:153} INFO - Started process (PID=573) to work on /home/airflow/.local/lib/python3.7/site-packages/airflow/example_dags/tutorial_taskflow_api_etl.py
[2023-07-26 23:53:47,540] {processor.py:641} INFO - Processing file /home/airflow/.local/lib/python3.7/site-packages/airflow/example_dags/tutorial_taskflow_api_etl.py for tasks to queue
[2023-07-26 23:53:47,542] {logging_mixin.py:115} INFO - [2023-07-26 23:53:47,542] {dagbag.py:508} INFO - Filling up the DagBag from /home/airflow/.local/lib/python3.7/site-packages/airflow/example_dags/tutorial_taskflow_api_etl.py
[2023-07-26 23:53:47,585] {processor.py:651} INFO - DAG(s) dict_keys(['tutorial_taskflow_api_etl']) retrieved from /home/airflow/.local/lib/python3.7/site-packages/airflow/example_dags/tutorial_taskflow_api_etl.py
[2023-07-26 23:53:47,742] {logging_mixin.py:115} INFO - [2023-07-26 23:53:47,741] {dag.py:2420} INFO - Sync 1 DAGs
[2023-07-26 23:53:47,807] {logging_mixin.py:115} INFO - [2023-07-26 23:53:47,807] {dag.py:2972} INFO - Setting next_dagrun for tutorial_taskflow_api_etl to None, run_after=None
[2023-07-26 23:53:47,850] {processor.py:161} INFO - Processing /home/airflow/.local/lib/python3.7/site-packages/airflow/example_dags/tutorial_taskflow_api_etl.py took 0.320 seconds
[2023-07-26 23:54:18,624] {processor.py:153} INFO - Started process (PID=711) to work on /home/airflow/.local/lib/python3.7/site-packages/airflow/example_dags/tutorial_taskflow_api_etl.py
[2023-07-26 23:54:18,625] {processor.py:641} INFO - Processing file /home/airflow/.local/lib/python3.7/site-packages/airflow/example_dags/tutorial_taskflow_api_etl.py for tasks to queue
[2023-07-26 23:54:18,628] {logging_mixin.py:115} INFO - [2023-07-26 23:54:18,628] {dagbag.py:508} INFO - Filling up the DagBag from /home/airflow/.local/lib/python3.7/site-packages/airflow/example_dags/tutorial_taskflow_api_etl.py
[2023-07-26 23:54:18,664] {processor.py:651} INFO - DAG(s) dict_keys(['tutorial_taskflow_api_etl']) retrieved from /home/airflow/.local/lib/python3.7/site-packages/airflow/example_dags/tutorial_taskflow_api_etl.py
[2023-07-26 23:54:18,780] {logging_mixin.py:115} INFO - [2023-07-26 23:54:18,779] {dag.py:2420} INFO - Sync 1 DAGs
[2023-07-26 23:54:18,854] {logging_mixin.py:115} INFO - [2023-07-26 23:54:18,854] {dag.py:2972} INFO - Setting next_dagrun for tutorial_taskflow_api_etl to None, run_after=None
[2023-07-26 23:54:18,906] {processor.py:161} INFO - Processing /home/airflow/.local/lib/python3.7/site-packages/airflow/example_dags/tutorial_taskflow_api_etl.py took 0.293 seconds
