[2023-07-26 23:49:40,741] {processor.py:153} INFO - Started process (PID=56) to work on /home/airflow/.local/lib/python3.7/site-packages/airflow/example_dags/tutorial.py
[2023-07-26 23:49:40,742] {processor.py:641} INFO - Processing file /home/airflow/.local/lib/python3.7/site-packages/airflow/example_dags/tutorial.py for tasks to queue
[2023-07-26 23:49:40,745] {logging_mixin.py:115} INFO - [2023-07-26 23:49:40,744] {dagbag.py:508} INFO - Filling up the DagBag from /home/airflow/.local/lib/python3.7/site-packages/airflow/example_dags/tutorial.py
[2023-07-26 23:49:40,760] {processor.py:651} INFO - DAG(s) dict_keys(['tutorial']) retrieved from /home/airflow/.local/lib/python3.7/site-packages/airflow/example_dags/tutorial.py
[2023-07-26 23:49:40,868] {logging_mixin.py:115} INFO - [2023-07-26 23:49:40,868] {manager.py:508} INFO - Created Permission View: can delete on DAG:tutorial
[2023-07-26 23:49:40,883] {logging_mixin.py:115} INFO - [2023-07-26 23:49:40,883] {manager.py:508} INFO - Created Permission View: can read on DAG:tutorial
[2023-07-26 23:49:40,895] {logging_mixin.py:115} INFO - [2023-07-26 23:49:40,895] {manager.py:508} INFO - Created Permission View: can edit on DAG:tutorial
[2023-07-26 23:49:40,896] {logging_mixin.py:115} INFO - [2023-07-26 23:49:40,896] {dag.py:2420} INFO - Sync 1 DAGs
[2023-07-26 23:49:40,907] {logging_mixin.py:115} INFO - [2023-07-26 23:49:40,907] {dag.py:2439} INFO - Creating ORM DAG for tutorial
[2023-07-26 23:49:40,923] {logging_mixin.py:115} INFO - [2023-07-26 23:49:40,923] {dag.py:2972} INFO - Setting next_dagrun for tutorial to 2023-07-25T23:49:40.923120+00:00, run_after=2023-07-26T23:49:40.923120+00:00
[2023-07-26 23:49:40,944] {processor.py:161} INFO - Processing /home/airflow/.local/lib/python3.7/site-packages/airflow/example_dags/tutorial.py took 0.212 seconds
[2023-07-26 23:50:11,744] {processor.py:153} INFO - Started process (PID=110) to work on /home/airflow/.local/lib/python3.7/site-packages/airflow/example_dags/tutorial.py
[2023-07-26 23:50:11,745] {processor.py:641} INFO - Processing file /home/airflow/.local/lib/python3.7/site-packages/airflow/example_dags/tutorial.py for tasks to queue
[2023-07-26 23:50:11,746] {logging_mixin.py:115} INFO - [2023-07-26 23:50:11,746] {dagbag.py:508} INFO - Filling up the DagBag from /home/airflow/.local/lib/python3.7/site-packages/airflow/example_dags/tutorial.py
[2023-07-26 23:50:11,751] {processor.py:651} INFO - DAG(s) dict_keys(['tutorial']) retrieved from /home/airflow/.local/lib/python3.7/site-packages/airflow/example_dags/tutorial.py
[2023-07-26 23:50:11,791] {logging_mixin.py:115} INFO - [2023-07-26 23:50:11,791] {dag.py:2420} INFO - Sync 1 DAGs
[2023-07-26 23:50:11,808] {logging_mixin.py:115} INFO - [2023-07-26 23:50:11,807] {dag.py:2972} INFO - Setting next_dagrun for tutorial to 2023-07-25T23:50:11.807751+00:00, run_after=2023-07-26T23:50:11.807751+00:00
[2023-07-26 23:50:11,818] {processor.py:161} INFO - Processing /home/airflow/.local/lib/python3.7/site-packages/airflow/example_dags/tutorial.py took 0.076 seconds
[2023-07-26 23:50:41,926] {processor.py:153} INFO - Started process (PID=173) to work on /home/airflow/.local/lib/python3.7/site-packages/airflow/example_dags/tutorial.py
[2023-07-26 23:50:41,927] {processor.py:641} INFO - Processing file /home/airflow/.local/lib/python3.7/site-packages/airflow/example_dags/tutorial.py for tasks to queue
[2023-07-26 23:50:41,928] {logging_mixin.py:115} INFO - [2023-07-26 23:50:41,928] {dagbag.py:508} INFO - Filling up the DagBag from /home/airflow/.local/lib/python3.7/site-packages/airflow/example_dags/tutorial.py
[2023-07-26 23:50:41,932] {processor.py:651} INFO - DAG(s) dict_keys(['tutorial']) retrieved from /home/airflow/.local/lib/python3.7/site-packages/airflow/example_dags/tutorial.py
[2023-07-26 23:50:41,952] {logging_mixin.py:115} INFO - [2023-07-26 23:50:41,952] {dag.py:2420} INFO - Sync 1 DAGs
[2023-07-26 23:50:41,986] {logging_mixin.py:115} INFO - [2023-07-26 23:50:41,985] {dag.py:2972} INFO - Setting next_dagrun for tutorial to 2023-07-25T23:50:41.985618+00:00, run_after=2023-07-26T23:50:41.985618+00:00
[2023-07-26 23:50:41,997] {processor.py:161} INFO - Processing /home/airflow/.local/lib/python3.7/site-packages/airflow/example_dags/tutorial.py took 0.073 seconds
[2023-07-26 23:51:12,214] {processor.py:153} INFO - Started process (PID=236) to work on /home/airflow/.local/lib/python3.7/site-packages/airflow/example_dags/tutorial.py
[2023-07-26 23:51:12,215] {processor.py:641} INFO - Processing file /home/airflow/.local/lib/python3.7/site-packages/airflow/example_dags/tutorial.py for tasks to queue
[2023-07-26 23:51:12,216] {logging_mixin.py:115} INFO - [2023-07-26 23:51:12,216] {dagbag.py:508} INFO - Filling up the DagBag from /home/airflow/.local/lib/python3.7/site-packages/airflow/example_dags/tutorial.py
[2023-07-26 23:51:12,234] {processor.py:651} INFO - DAG(s) dict_keys(['tutorial']) retrieved from /home/airflow/.local/lib/python3.7/site-packages/airflow/example_dags/tutorial.py
[2023-07-26 23:51:12,255] {logging_mixin.py:115} INFO - [2023-07-26 23:51:12,255] {dag.py:2420} INFO - Sync 1 DAGs
[2023-07-26 23:51:12,272] {logging_mixin.py:115} INFO - [2023-07-26 23:51:12,272] {dag.py:2972} INFO - Setting next_dagrun for tutorial to 2023-07-25T23:51:12.272096+00:00, run_after=2023-07-26T23:51:12.272096+00:00
[2023-07-26 23:51:12,284] {processor.py:161} INFO - Processing /home/airflow/.local/lib/python3.7/site-packages/airflow/example_dags/tutorial.py took 0.072 seconds
[2023-07-26 23:51:42,315] {processor.py:153} INFO - Started process (PID=299) to work on /home/airflow/.local/lib/python3.7/site-packages/airflow/example_dags/tutorial.py
[2023-07-26 23:51:42,316] {processor.py:641} INFO - Processing file /home/airflow/.local/lib/python3.7/site-packages/airflow/example_dags/tutorial.py for tasks to queue
[2023-07-26 23:51:42,316] {logging_mixin.py:115} INFO - [2023-07-26 23:51:42,316] {dagbag.py:508} INFO - Filling up the DagBag from /home/airflow/.local/lib/python3.7/site-packages/airflow/example_dags/tutorial.py
[2023-07-26 23:51:42,321] {processor.py:651} INFO - DAG(s) dict_keys(['tutorial']) retrieved from /home/airflow/.local/lib/python3.7/site-packages/airflow/example_dags/tutorial.py
[2023-07-26 23:51:42,343] {logging_mixin.py:115} INFO - [2023-07-26 23:51:42,343] {dag.py:2420} INFO - Sync 1 DAGs
[2023-07-26 23:51:42,362] {logging_mixin.py:115} INFO - [2023-07-26 23:51:42,362] {dag.py:2972} INFO - Setting next_dagrun for tutorial to 2023-07-25T23:51:42.362419+00:00, run_after=2023-07-26T23:51:42.362419+00:00
[2023-07-26 23:51:42,379] {processor.py:161} INFO - Processing /home/airflow/.local/lib/python3.7/site-packages/airflow/example_dags/tutorial.py took 0.067 seconds
[2023-07-26 23:52:12,663] {processor.py:153} INFO - Started process (PID=353) to work on /home/airflow/.local/lib/python3.7/site-packages/airflow/example_dags/tutorial.py
[2023-07-26 23:52:12,664] {processor.py:641} INFO - Processing file /home/airflow/.local/lib/python3.7/site-packages/airflow/example_dags/tutorial.py for tasks to queue
[2023-07-26 23:52:12,665] {logging_mixin.py:115} INFO - [2023-07-26 23:52:12,665] {dagbag.py:508} INFO - Filling up the DagBag from /home/airflow/.local/lib/python3.7/site-packages/airflow/example_dags/tutorial.py
[2023-07-26 23:52:12,669] {processor.py:651} INFO - DAG(s) dict_keys(['tutorial']) retrieved from /home/airflow/.local/lib/python3.7/site-packages/airflow/example_dags/tutorial.py
[2023-07-26 23:52:12,687] {logging_mixin.py:115} INFO - [2023-07-26 23:52:12,687] {dag.py:2420} INFO - Sync 1 DAGs
[2023-07-26 23:52:12,702] {logging_mixin.py:115} INFO - [2023-07-26 23:52:12,702] {dag.py:2972} INFO - Setting next_dagrun for tutorial to 2023-07-25T23:52:12.702144+00:00, run_after=2023-07-26T23:52:12.702144+00:00
[2023-07-26 23:52:12,712] {processor.py:161} INFO - Processing /home/airflow/.local/lib/python3.7/site-packages/airflow/example_dags/tutorial.py took 0.051 seconds
[2023-07-26 23:52:42,881] {processor.py:153} INFO - Started process (PID=416) to work on /home/airflow/.local/lib/python3.7/site-packages/airflow/example_dags/tutorial.py
[2023-07-26 23:52:42,882] {processor.py:641} INFO - Processing file /home/airflow/.local/lib/python3.7/site-packages/airflow/example_dags/tutorial.py for tasks to queue
[2023-07-26 23:52:42,883] {logging_mixin.py:115} INFO - [2023-07-26 23:52:42,883] {dagbag.py:508} INFO - Filling up the DagBag from /home/airflow/.local/lib/python3.7/site-packages/airflow/example_dags/tutorial.py
[2023-07-26 23:52:42,888] {processor.py:651} INFO - DAG(s) dict_keys(['tutorial']) retrieved from /home/airflow/.local/lib/python3.7/site-packages/airflow/example_dags/tutorial.py
[2023-07-26 23:52:42,908] {logging_mixin.py:115} INFO - [2023-07-26 23:52:42,908] {dag.py:2420} INFO - Sync 1 DAGs
[2023-07-26 23:52:42,924] {logging_mixin.py:115} INFO - [2023-07-26 23:52:42,924] {dag.py:2972} INFO - Setting next_dagrun for tutorial to 2023-07-25T23:52:42.923998+00:00, run_after=2023-07-26T23:52:42.923998+00:00
[2023-07-26 23:52:42,938] {processor.py:161} INFO - Processing /home/airflow/.local/lib/python3.7/site-packages/airflow/example_dags/tutorial.py took 0.059 seconds
[2023-07-26 23:53:13,011] {processor.py:153} INFO - Started process (PID=476) to work on /home/airflow/.local/lib/python3.7/site-packages/airflow/example_dags/tutorial.py
[2023-07-26 23:53:13,012] {processor.py:641} INFO - Processing file /home/airflow/.local/lib/python3.7/site-packages/airflow/example_dags/tutorial.py for tasks to queue
[2023-07-26 23:53:13,013] {logging_mixin.py:115} INFO - [2023-07-26 23:53:13,013] {dagbag.py:508} INFO - Filling up the DagBag from /home/airflow/.local/lib/python3.7/site-packages/airflow/example_dags/tutorial.py
[2023-07-26 23:53:13,017] {processor.py:651} INFO - DAG(s) dict_keys(['tutorial']) retrieved from /home/airflow/.local/lib/python3.7/site-packages/airflow/example_dags/tutorial.py
[2023-07-26 23:53:13,034] {logging_mixin.py:115} INFO - [2023-07-26 23:53:13,034] {dag.py:2420} INFO - Sync 1 DAGs
[2023-07-26 23:53:13,050] {logging_mixin.py:115} INFO - [2023-07-26 23:53:13,050] {dag.py:2972} INFO - Setting next_dagrun for tutorial to 2023-07-25T23:53:13.050216+00:00, run_after=2023-07-26T23:53:13.050216+00:00
[2023-07-26 23:53:13,059] {processor.py:161} INFO - Processing /home/airflow/.local/lib/python3.7/site-packages/airflow/example_dags/tutorial.py took 0.049 seconds
[2023-07-26 23:53:44,107] {processor.py:153} INFO - Started process (PID=545) to work on /home/airflow/.local/lib/python3.7/site-packages/airflow/example_dags/tutorial.py
[2023-07-26 23:53:44,108] {processor.py:641} INFO - Processing file /home/airflow/.local/lib/python3.7/site-packages/airflow/example_dags/tutorial.py for tasks to queue
[2023-07-26 23:53:44,110] {logging_mixin.py:115} INFO - [2023-07-26 23:53:44,109] {dagbag.py:508} INFO - Filling up the DagBag from /home/airflow/.local/lib/python3.7/site-packages/airflow/example_dags/tutorial.py
[2023-07-26 23:53:44,118] {processor.py:651} INFO - DAG(s) dict_keys(['tutorial']) retrieved from /home/airflow/.local/lib/python3.7/site-packages/airflow/example_dags/tutorial.py
[2023-07-26 23:53:44,164] {logging_mixin.py:115} INFO - [2023-07-26 23:53:44,164] {dag.py:2420} INFO - Sync 1 DAGs
[2023-07-26 23:53:44,228] {logging_mixin.py:115} INFO - [2023-07-26 23:53:44,228] {dag.py:2972} INFO - Setting next_dagrun for tutorial to 2023-07-25T23:53:44.228260+00:00, run_after=2023-07-26T23:53:44.228260+00:00
[2023-07-26 23:53:44,287] {processor.py:161} INFO - Processing /home/airflow/.local/lib/python3.7/site-packages/airflow/example_dags/tutorial.py took 0.184 seconds
[2023-07-26 23:54:14,441] {processor.py:153} INFO - Started process (PID=682) to work on /home/airflow/.local/lib/python3.7/site-packages/airflow/example_dags/tutorial.py
[2023-07-26 23:54:14,442] {processor.py:641} INFO - Processing file /home/airflow/.local/lib/python3.7/site-packages/airflow/example_dags/tutorial.py for tasks to queue
[2023-07-26 23:54:14,443] {logging_mixin.py:115} INFO - [2023-07-26 23:54:14,443] {dagbag.py:508} INFO - Filling up the DagBag from /home/airflow/.local/lib/python3.7/site-packages/airflow/example_dags/tutorial.py
[2023-07-26 23:54:14,453] {processor.py:651} INFO - DAG(s) dict_keys(['tutorial']) retrieved from /home/airflow/.local/lib/python3.7/site-packages/airflow/example_dags/tutorial.py
[2023-07-26 23:54:14,494] {logging_mixin.py:115} INFO - [2023-07-26 23:54:14,494] {dag.py:2420} INFO - Sync 1 DAGs
[2023-07-26 23:54:14,537] {logging_mixin.py:115} INFO - [2023-07-26 23:54:14,536] {dag.py:2972} INFO - Setting next_dagrun for tutorial to 2023-07-25T23:54:14.536453+00:00, run_after=2023-07-26T23:54:14.536453+00:00
[2023-07-26 23:54:14,563] {processor.py:161} INFO - Processing /home/airflow/.local/lib/python3.7/site-packages/airflow/example_dags/tutorial.py took 0.125 seconds
