[2023-07-26 23:49:42,090] {processor.py:153} INFO - Started process (PID=65) to work on /home/airflow/.local/lib/python3.7/site-packages/airflow/example_dags/tutorial_etl_dag.py
[2023-07-26 23:49:42,094] {processor.py:641} INFO - Processing file /home/airflow/.local/lib/python3.7/site-packages/airflow/example_dags/tutorial_etl_dag.py for tasks to queue
[2023-07-26 23:49:42,095] {logging_mixin.py:115} INFO - [2023-07-26 23:49:42,095] {dagbag.py:508} INFO - Filling up the DagBag from /home/airflow/.local/lib/python3.7/site-packages/airflow/example_dags/tutorial_etl_dag.py
[2023-07-26 23:49:42,103] {processor.py:651} INFO - DAG(s) dict_keys(['tutorial_etl_dag']) retrieved from /home/airflow/.local/lib/python3.7/site-packages/airflow/example_dags/tutorial_etl_dag.py
[2023-07-26 23:49:42,193] {logging_mixin.py:115} INFO - [2023-07-26 23:49:42,193] {manager.py:508} INFO - Created Permission View: can delete on DAG:tutorial_etl_dag
[2023-07-26 23:49:42,211] {logging_mixin.py:115} INFO - [2023-07-26 23:49:42,211] {manager.py:508} INFO - Created Permission View: can read on DAG:tutorial_etl_dag
[2023-07-26 23:49:42,238] {logging_mixin.py:115} INFO - [2023-07-26 23:49:42,237] {manager.py:508} INFO - Created Permission View: can edit on DAG:tutorial_etl_dag
[2023-07-26 23:49:42,239] {logging_mixin.py:115} INFO - [2023-07-26 23:49:42,239] {dag.py:2420} INFO - Sync 1 DAGs
[2023-07-26 23:49:42,263] {logging_mixin.py:115} INFO - [2023-07-26 23:49:42,263] {dag.py:2439} INFO - Creating ORM DAG for tutorial_etl_dag
[2023-07-26 23:49:42,286] {logging_mixin.py:115} INFO - [2023-07-26 23:49:42,286] {dag.py:2972} INFO - Setting next_dagrun for tutorial_etl_dag to None, run_after=None
[2023-07-26 23:49:42,304] {processor.py:161} INFO - Processing /home/airflow/.local/lib/python3.7/site-packages/airflow/example_dags/tutorial_etl_dag.py took 0.218 seconds
[2023-07-26 23:50:13,172] {processor.py:153} INFO - Started process (PID=126) to work on /home/airflow/.local/lib/python3.7/site-packages/airflow/example_dags/tutorial_etl_dag.py
[2023-07-26 23:50:13,173] {processor.py:641} INFO - Processing file /home/airflow/.local/lib/python3.7/site-packages/airflow/example_dags/tutorial_etl_dag.py for tasks to queue
[2023-07-26 23:50:13,175] {logging_mixin.py:115} INFO - [2023-07-26 23:50:13,175] {dagbag.py:508} INFO - Filling up the DagBag from /home/airflow/.local/lib/python3.7/site-packages/airflow/example_dags/tutorial_etl_dag.py
[2023-07-26 23:50:13,183] {processor.py:651} INFO - DAG(s) dict_keys(['tutorial_etl_dag']) retrieved from /home/airflow/.local/lib/python3.7/site-packages/airflow/example_dags/tutorial_etl_dag.py
[2023-07-26 23:50:13,210] {logging_mixin.py:115} INFO - [2023-07-26 23:50:13,210] {dag.py:2420} INFO - Sync 1 DAGs
[2023-07-26 23:50:13,235] {logging_mixin.py:115} INFO - [2023-07-26 23:50:13,235] {dag.py:2972} INFO - Setting next_dagrun for tutorial_etl_dag to None, run_after=None
[2023-07-26 23:50:13,251] {processor.py:161} INFO - Processing /home/airflow/.local/lib/python3.7/site-packages/airflow/example_dags/tutorial_etl_dag.py took 0.082 seconds
[2023-07-26 23:50:43,448] {processor.py:153} INFO - Started process (PID=182) to work on /home/airflow/.local/lib/python3.7/site-packages/airflow/example_dags/tutorial_etl_dag.py
[2023-07-26 23:50:43,450] {processor.py:641} INFO - Processing file /home/airflow/.local/lib/python3.7/site-packages/airflow/example_dags/tutorial_etl_dag.py for tasks to queue
[2023-07-26 23:50:43,451] {logging_mixin.py:115} INFO - [2023-07-26 23:50:43,451] {dagbag.py:508} INFO - Filling up the DagBag from /home/airflow/.local/lib/python3.7/site-packages/airflow/example_dags/tutorial_etl_dag.py
[2023-07-26 23:50:43,456] {processor.py:651} INFO - DAG(s) dict_keys(['tutorial_etl_dag']) retrieved from /home/airflow/.local/lib/python3.7/site-packages/airflow/example_dags/tutorial_etl_dag.py
[2023-07-26 23:50:43,477] {logging_mixin.py:115} INFO - [2023-07-26 23:50:43,477] {dag.py:2420} INFO - Sync 1 DAGs
[2023-07-26 23:50:43,495] {logging_mixin.py:115} INFO - [2023-07-26 23:50:43,495] {dag.py:2972} INFO - Setting next_dagrun for tutorial_etl_dag to None, run_after=None
[2023-07-26 23:50:43,507] {processor.py:161} INFO - Processing /home/airflow/.local/lib/python3.7/site-packages/airflow/example_dags/tutorial_etl_dag.py took 0.061 seconds
[2023-07-26 23:51:13,636] {processor.py:153} INFO - Started process (PID=245) to work on /home/airflow/.local/lib/python3.7/site-packages/airflow/example_dags/tutorial_etl_dag.py
[2023-07-26 23:51:13,637] {processor.py:641} INFO - Processing file /home/airflow/.local/lib/python3.7/site-packages/airflow/example_dags/tutorial_etl_dag.py for tasks to queue
[2023-07-26 23:51:13,638] {logging_mixin.py:115} INFO - [2023-07-26 23:51:13,638] {dagbag.py:508} INFO - Filling up the DagBag from /home/airflow/.local/lib/python3.7/site-packages/airflow/example_dags/tutorial_etl_dag.py
[2023-07-26 23:51:13,644] {processor.py:651} INFO - DAG(s) dict_keys(['tutorial_etl_dag']) retrieved from /home/airflow/.local/lib/python3.7/site-packages/airflow/example_dags/tutorial_etl_dag.py
[2023-07-26 23:51:13,665] {logging_mixin.py:115} INFO - [2023-07-26 23:51:13,665] {dag.py:2420} INFO - Sync 1 DAGs
[2023-07-26 23:51:13,682] {logging_mixin.py:115} INFO - [2023-07-26 23:51:13,682] {dag.py:2972} INFO - Setting next_dagrun for tutorial_etl_dag to None, run_after=None
[2023-07-26 23:51:13,718] {processor.py:161} INFO - Processing /home/airflow/.local/lib/python3.7/site-packages/airflow/example_dags/tutorial_etl_dag.py took 0.084 seconds
[2023-07-26 23:51:43,747] {processor.py:153} INFO - Started process (PID=307) to work on /home/airflow/.local/lib/python3.7/site-packages/airflow/example_dags/tutorial_etl_dag.py
[2023-07-26 23:51:43,748] {processor.py:641} INFO - Processing file /home/airflow/.local/lib/python3.7/site-packages/airflow/example_dags/tutorial_etl_dag.py for tasks to queue
[2023-07-26 23:51:43,749] {logging_mixin.py:115} INFO - [2023-07-26 23:51:43,749] {dagbag.py:508} INFO - Filling up the DagBag from /home/airflow/.local/lib/python3.7/site-packages/airflow/example_dags/tutorial_etl_dag.py
[2023-07-26 23:51:43,753] {processor.py:651} INFO - DAG(s) dict_keys(['tutorial_etl_dag']) retrieved from /home/airflow/.local/lib/python3.7/site-packages/airflow/example_dags/tutorial_etl_dag.py
[2023-07-26 23:51:43,771] {logging_mixin.py:115} INFO - [2023-07-26 23:51:43,771] {dag.py:2420} INFO - Sync 1 DAGs
[2023-07-26 23:51:43,786] {logging_mixin.py:115} INFO - [2023-07-26 23:51:43,786] {dag.py:2972} INFO - Setting next_dagrun for tutorial_etl_dag to None, run_after=None
[2023-07-26 23:51:43,795] {processor.py:161} INFO - Processing /home/airflow/.local/lib/python3.7/site-packages/airflow/example_dags/tutorial_etl_dag.py took 0.050 seconds
[2023-07-26 23:52:14,150] {processor.py:153} INFO - Started process (PID=371) to work on /home/airflow/.local/lib/python3.7/site-packages/airflow/example_dags/tutorial_etl_dag.py
[2023-07-26 23:52:14,152] {processor.py:641} INFO - Processing file /home/airflow/.local/lib/python3.7/site-packages/airflow/example_dags/tutorial_etl_dag.py for tasks to queue
[2023-07-26 23:52:14,153] {logging_mixin.py:115} INFO - [2023-07-26 23:52:14,153] {dagbag.py:508} INFO - Filling up the DagBag from /home/airflow/.local/lib/python3.7/site-packages/airflow/example_dags/tutorial_etl_dag.py
[2023-07-26 23:52:14,163] {processor.py:651} INFO - DAG(s) dict_keys(['tutorial_etl_dag']) retrieved from /home/airflow/.local/lib/python3.7/site-packages/airflow/example_dags/tutorial_etl_dag.py
[2023-07-26 23:52:14,184] {logging_mixin.py:115} INFO - [2023-07-26 23:52:14,184] {dag.py:2420} INFO - Sync 1 DAGs
[2023-07-26 23:52:14,205] {logging_mixin.py:115} INFO - [2023-07-26 23:52:14,205] {dag.py:2972} INFO - Setting next_dagrun for tutorial_etl_dag to None, run_after=None
[2023-07-26 23:52:14,241] {processor.py:161} INFO - Processing /home/airflow/.local/lib/python3.7/site-packages/airflow/example_dags/tutorial_etl_dag.py took 0.094 seconds
[2023-07-26 23:52:44,393] {processor.py:153} INFO - Started process (PID=425) to work on /home/airflow/.local/lib/python3.7/site-packages/airflow/example_dags/tutorial_etl_dag.py
[2023-07-26 23:52:44,394] {processor.py:641} INFO - Processing file /home/airflow/.local/lib/python3.7/site-packages/airflow/example_dags/tutorial_etl_dag.py for tasks to queue
[2023-07-26 23:52:44,395] {logging_mixin.py:115} INFO - [2023-07-26 23:52:44,395] {dagbag.py:508} INFO - Filling up the DagBag from /home/airflow/.local/lib/python3.7/site-packages/airflow/example_dags/tutorial_etl_dag.py
[2023-07-26 23:52:44,399] {processor.py:651} INFO - DAG(s) dict_keys(['tutorial_etl_dag']) retrieved from /home/airflow/.local/lib/python3.7/site-packages/airflow/example_dags/tutorial_etl_dag.py
[2023-07-26 23:52:44,420] {logging_mixin.py:115} INFO - [2023-07-26 23:52:44,420] {dag.py:2420} INFO - Sync 1 DAGs
[2023-07-26 23:52:44,437] {logging_mixin.py:115} INFO - [2023-07-26 23:52:44,437] {dag.py:2972} INFO - Setting next_dagrun for tutorial_etl_dag to None, run_after=None
[2023-07-26 23:52:44,448] {processor.py:161} INFO - Processing /home/airflow/.local/lib/python3.7/site-packages/airflow/example_dags/tutorial_etl_dag.py took 0.057 seconds
[2023-07-26 23:53:14,711] {processor.py:153} INFO - Started process (PID=487) to work on /home/airflow/.local/lib/python3.7/site-packages/airflow/example_dags/tutorial_etl_dag.py
[2023-07-26 23:53:14,713] {processor.py:641} INFO - Processing file /home/airflow/.local/lib/python3.7/site-packages/airflow/example_dags/tutorial_etl_dag.py for tasks to queue
[2023-07-26 23:53:14,714] {logging_mixin.py:115} INFO - [2023-07-26 23:53:14,713] {dagbag.py:508} INFO - Filling up the DagBag from /home/airflow/.local/lib/python3.7/site-packages/airflow/example_dags/tutorial_etl_dag.py
[2023-07-26 23:53:14,718] {processor.py:651} INFO - DAG(s) dict_keys(['tutorial_etl_dag']) retrieved from /home/airflow/.local/lib/python3.7/site-packages/airflow/example_dags/tutorial_etl_dag.py
[2023-07-26 23:53:14,736] {logging_mixin.py:115} INFO - [2023-07-26 23:53:14,736] {dag.py:2420} INFO - Sync 1 DAGs
[2023-07-26 23:53:14,753] {logging_mixin.py:115} INFO - [2023-07-26 23:53:14,753] {dag.py:2972} INFO - Setting next_dagrun for tutorial_etl_dag to None, run_after=None
[2023-07-26 23:53:14,765] {processor.py:161} INFO - Processing /home/airflow/.local/lib/python3.7/site-packages/airflow/example_dags/tutorial_etl_dag.py took 0.056 seconds
[2023-07-26 23:53:45,577] {processor.py:153} INFO - Started process (PID=559) to work on /home/airflow/.local/lib/python3.7/site-packages/airflow/example_dags/tutorial_etl_dag.py
[2023-07-26 23:53:45,580] {processor.py:641} INFO - Processing file /home/airflow/.local/lib/python3.7/site-packages/airflow/example_dags/tutorial_etl_dag.py for tasks to queue
[2023-07-26 23:53:45,581] {logging_mixin.py:115} INFO - [2023-07-26 23:53:45,581] {dagbag.py:508} INFO - Filling up the DagBag from /home/airflow/.local/lib/python3.7/site-packages/airflow/example_dags/tutorial_etl_dag.py
[2023-07-26 23:53:45,605] {processor.py:651} INFO - DAG(s) dict_keys(['tutorial_etl_dag']) retrieved from /home/airflow/.local/lib/python3.7/site-packages/airflow/example_dags/tutorial_etl_dag.py
[2023-07-26 23:53:45,653] {logging_mixin.py:115} INFO - [2023-07-26 23:53:45,653] {dag.py:2420} INFO - Sync 1 DAGs
[2023-07-26 23:53:45,686] {logging_mixin.py:115} INFO - [2023-07-26 23:53:45,686] {dag.py:2972} INFO - Setting next_dagrun for tutorial_etl_dag to None, run_after=None
[2023-07-26 23:53:45,715] {processor.py:161} INFO - Processing /home/airflow/.local/lib/python3.7/site-packages/airflow/example_dags/tutorial_etl_dag.py took 0.141 seconds
[2023-07-26 23:54:16,737] {processor.py:153} INFO - Started process (PID=699) to work on /home/airflow/.local/lib/python3.7/site-packages/airflow/example_dags/tutorial_etl_dag.py
[2023-07-26 23:54:16,739] {processor.py:641} INFO - Processing file /home/airflow/.local/lib/python3.7/site-packages/airflow/example_dags/tutorial_etl_dag.py for tasks to queue
[2023-07-26 23:54:16,740] {logging_mixin.py:115} INFO - [2023-07-26 23:54:16,740] {dagbag.py:508} INFO - Filling up the DagBag from /home/airflow/.local/lib/python3.7/site-packages/airflow/example_dags/tutorial_etl_dag.py
[2023-07-26 23:54:16,756] {processor.py:651} INFO - DAG(s) dict_keys(['tutorial_etl_dag']) retrieved from /home/airflow/.local/lib/python3.7/site-packages/airflow/example_dags/tutorial_etl_dag.py
[2023-07-26 23:54:16,798] {logging_mixin.py:115} INFO - [2023-07-26 23:54:16,798] {dag.py:2420} INFO - Sync 1 DAGs
[2023-07-26 23:54:16,845] {logging_mixin.py:115} INFO - [2023-07-26 23:54:16,844] {dag.py:2972} INFO - Setting next_dagrun for tutorial_etl_dag to None, run_after=None
[2023-07-26 23:54:16,866] {processor.py:161} INFO - Processing /home/airflow/.local/lib/python3.7/site-packages/airflow/example_dags/tutorial_etl_dag.py took 0.139 seconds
