[2023-07-25 20:38:42,843] {taskinstance.py:1179} INFO - Dependencies all met for <TaskInstance: fetch_exchange_rates_dag.fetch_exchange_rates_task scheduled__2023-07-25T17:10:00+00:00 [queued]>
[2023-07-25 20:38:42,856] {taskinstance.py:1179} INFO - Dependencies all met for <TaskInstance: fetch_exchange_rates_dag.fetch_exchange_rates_task scheduled__2023-07-25T17:10:00+00:00 [queued]>
[2023-07-25 20:38:42,858] {taskinstance.py:1376} INFO - 
--------------------------------------------------------------------------------
[2023-07-25 20:38:42,858] {taskinstance.py:1377} INFO - Starting attempt 1 of 1
[2023-07-25 20:38:42,861] {taskinstance.py:1378} INFO - 
--------------------------------------------------------------------------------
[2023-07-25 20:38:42,894] {taskinstance.py:1397} INFO - Executing <Task(PythonOperator): fetch_exchange_rates_task> on 2023-07-25 17:10:00+00:00
[2023-07-25 20:38:42,913] {standard_task_runner.py:79} INFO - Running: ['***', 'tasks', 'run', 'fetch_exchange_rates_dag', 'fetch_exchange_rates_task', 'scheduled__2023-07-25T17:10:00+00:00', '--job-id', '201', '--raw', '--subdir', 'DAGS_FOLDER/my_calc_rates.py', '--cfg-path', '/tmp/tmpqrvs05mn', '--error-file', '/tmp/tmpj65q740f']
[2023-07-25 20:38:42,918] {standard_task_runner.py:52} INFO - Started process 9301 to run task
[2023-07-25 20:38:42,924] {standard_task_runner.py:80} INFO - Job 201: Subtask fetch_exchange_rates_task
[2023-07-25 20:38:43,075] {task_command.py:371} INFO - Running <TaskInstance: fetch_exchange_rates_dag.fetch_exchange_rates_task scheduled__2023-07-25T17:10:00+00:00 [running]> on host 661c8d62a693
[2023-07-25 20:38:43,182] {taskinstance.py:1591} INFO - Exporting the following env vars:
AIRFLOW_CTX_DAG_OWNER=marina_z
AIRFLOW_CTX_DAG_ID=fetch_exchange_rates_dag
AIRFLOW_CTX_TASK_ID=fetch_exchange_rates_task
AIRFLOW_CTX_EXECUTION_DATE=2023-07-25T17:10:00+00:00
AIRFLOW_CTX_TRY_NUMBER=1
AIRFLOW_CTX_DAG_RUN_ID=scheduled__2023-07-25T17:10:00+00:00
[2023-07-25 20:38:44,843] {taskinstance.py:1909} ERROR - Task failed with exception
Traceback (most recent call last):
  File "/home/airflow/.local/lib/python3.7/site-packages/airflow/operators/python.py", line 171, in execute
    return_value = self.execute_callable()
  File "/home/airflow/.local/lib/python3.7/site-packages/airflow/operators/python.py", line 189, in execute_callable
    return self.python_callable(*self.op_args, **self.op_kwargs)
  File "/opt/airflow/dags/my_calc_rates.py", line 69, in fetch_exchange_rates
    load_to_postgres = PostgresOperator(
NameError: name 'PostgresOperator' is not defined
[2023-07-25 20:38:44,854] {taskinstance.py:1420} INFO - Marking task as FAILED. dag_id=fetch_exchange_rates_dag, task_id=fetch_exchange_rates_task, execution_date=20230725T171000, start_date=20230725T203842, end_date=20230725T203844
[2023-07-25 20:38:44,867] {standard_task_runner.py:97} ERROR - Failed to execute job 201 for task fetch_exchange_rates_task (name 'PostgresOperator' is not defined; 9301)
[2023-07-25 20:38:44,916] {local_task_job.py:156} INFO - Task exited with return code 1
[2023-07-25 20:38:44,946] {local_task_job.py:273} INFO - 0 downstream tasks scheduled from follow-on schedule check
[2023-07-26 05:06:16,909] {taskinstance.py:1179} INFO - Dependencies all met for <TaskInstance: fetch_exchange_rates_dag.fetch_exchange_rates_task scheduled__2023-07-25T17:10:00+00:00 [queued]>
[2023-07-26 05:06:16,976] {taskinstance.py:1179} INFO - Dependencies all met for <TaskInstance: fetch_exchange_rates_dag.fetch_exchange_rates_task scheduled__2023-07-25T17:10:00+00:00 [queued]>
[2023-07-26 05:06:16,977] {taskinstance.py:1376} INFO - 
--------------------------------------------------------------------------------
[2023-07-26 05:06:16,981] {taskinstance.py:1377} INFO - Starting attempt 1 of 1
[2023-07-26 05:06:16,983] {taskinstance.py:1378} INFO - 
--------------------------------------------------------------------------------
[2023-07-26 05:06:17,091] {taskinstance.py:1397} INFO - Executing <Task(PythonOperator): fetch_exchange_rates_task> on 2023-07-25 17:10:00+00:00
[2023-07-26 05:06:17,104] {standard_task_runner.py:52} INFO - Started process 1520 to run task
[2023-07-26 05:06:17,131] {standard_task_runner.py:79} INFO - Running: ['***', 'tasks', 'run', 'fetch_exchange_rates_dag', 'fetch_exchange_rates_task', 'scheduled__2023-07-25T17:10:00+00:00', '--job-id', '379', '--raw', '--subdir', 'DAGS_FOLDER/my_calc_rates.py', '--cfg-path', '/tmp/tmpwzihav67', '--error-file', '/tmp/tmpvi33p3x0']
[2023-07-26 05:06:17,151] {standard_task_runner.py:80} INFO - Job 379: Subtask fetch_exchange_rates_task
[2023-07-26 05:06:17,456] {task_command.py:371} INFO - Running <TaskInstance: fetch_exchange_rates_dag.fetch_exchange_rates_task scheduled__2023-07-25T17:10:00+00:00 [running]> on host acb6bca32630
[2023-07-26 05:06:17,787] {taskinstance.py:1591} INFO - Exporting the following env vars:
AIRFLOW_CTX_DAG_OWNER=marina_z
AIRFLOW_CTX_DAG_ID=fetch_exchange_rates_dag
AIRFLOW_CTX_TASK_ID=fetch_exchange_rates_task
AIRFLOW_CTX_EXECUTION_DATE=2023-07-25T17:10:00+00:00
AIRFLOW_CTX_TRY_NUMBER=1
AIRFLOW_CTX_DAG_RUN_ID=scheduled__2023-07-25T17:10:00+00:00
[2023-07-26 05:06:18,274] {logging_mixin.py:115} INFO - Save a new file exchange_latest_BTC.csv
[2023-07-26 05:06:18,282] {logging_mixin.py:115} INFO - Create a new table exchange_latest_BTC
[2023-07-26 05:06:18,295] {logging_mixin.py:115} INFO - Insert into table exchange_latest_BTC
[2023-07-26 05:06:18,676] {logging_mixin.py:115} INFO - Save a new file exchange_latest_EUR.csv
[2023-07-26 05:06:18,678] {logging_mixin.py:115} INFO - Create a new table exchange_latest_EUR
[2023-07-26 05:06:18,687] {logging_mixin.py:115} INFO - Insert into table exchange_latest_EUR
[2023-07-26 05:06:19,100] {logging_mixin.py:115} INFO - Save a new file exchange_latest_GBR.csv
[2023-07-26 05:06:19,106] {logging_mixin.py:115} INFO - Create a new table exchange_latest_GBR
[2023-07-26 05:06:19,116] {logging_mixin.py:115} INFO - Insert into table exchange_latest_GBR
[2023-07-26 05:06:19,550] {logging_mixin.py:115} INFO - Save a new file exchange_latest_JPY.csv
[2023-07-26 05:06:19,552] {logging_mixin.py:115} INFO - Create a new table exchange_latest_JPY
[2023-07-26 05:06:19,559] {logging_mixin.py:115} INFO - Insert into table exchange_latest_JPY
[2023-07-26 05:06:20,056] {logging_mixin.py:115} INFO - Save a new file exchange_latest_CNY.csv
[2023-07-26 05:06:20,057] {logging_mixin.py:115} INFO - Create a new table exchange_latest_CNY
[2023-07-26 05:06:20,066] {logging_mixin.py:115} INFO - Insert into table exchange_latest_CNY
[2023-07-26 05:06:20,087] {python.py:173} INFO - Done. Returned value was: None
[2023-07-26 05:06:20,124] {taskinstance.py:1420} INFO - Marking task as SUCCESS. dag_id=fetch_exchange_rates_dag, task_id=fetch_exchange_rates_task, execution_date=20230725T171000, start_date=20230726T050616, end_date=20230726T050620
[2023-07-26 05:06:20,254] {local_task_job.py:156} INFO - Task exited with return code 0
[2023-07-26 05:06:20,465] {local_task_job.py:273} INFO - 1 downstream tasks scheduled from follow-on schedule check
