[2023-07-25 21:44:27,834] {taskinstance.py:1179} INFO - Dependencies all met for <TaskInstance: fetch_exchange_rates_dag.fetch_exchange_rates_task manual__2023-07-25T21:44:26.734284+00:00 [queued]>
[2023-07-25 21:44:27,840] {taskinstance.py:1179} INFO - Dependencies all met for <TaskInstance: fetch_exchange_rates_dag.fetch_exchange_rates_task manual__2023-07-25T21:44:26.734284+00:00 [queued]>
[2023-07-25 21:44:27,841] {taskinstance.py:1376} INFO - 
--------------------------------------------------------------------------------
[2023-07-25 21:44:27,841] {taskinstance.py:1377} INFO - Starting attempt 1 of 1
[2023-07-25 21:44:27,842] {taskinstance.py:1378} INFO - 
--------------------------------------------------------------------------------
[2023-07-25 21:44:27,855] {taskinstance.py:1397} INFO - Executing <Task(PythonOperator): fetch_exchange_rates_task> on 2023-07-25 21:44:26.734284+00:00
[2023-07-25 21:44:27,860] {standard_task_runner.py:52} INFO - Started process 12695 to run task
[2023-07-25 21:44:27,862] {standard_task_runner.py:79} INFO - Running: ['***', 'tasks', 'run', 'fetch_exchange_rates_dag', 'fetch_exchange_rates_task', 'manual__2023-07-25T21:44:26.734284+00:00', '--job-id', '271', '--raw', '--subdir', 'DAGS_FOLDER/my_calc_rates.py', '--cfg-path', '/tmp/tmp66rocwv8', '--error-file', '/tmp/tmporurr23c']
[2023-07-25 21:44:27,864] {standard_task_runner.py:80} INFO - Job 271: Subtask fetch_exchange_rates_task
[2023-07-25 21:44:27,928] {task_command.py:371} INFO - Running <TaskInstance: fetch_exchange_rates_dag.fetch_exchange_rates_task manual__2023-07-25T21:44:26.734284+00:00 [running]> on host 661c8d62a693
[2023-07-25 21:44:27,985] {taskinstance.py:1591} INFO - Exporting the following env vars:
AIRFLOW_CTX_DAG_OWNER=marina_z
AIRFLOW_CTX_DAG_ID=fetch_exchange_rates_dag
AIRFLOW_CTX_TASK_ID=fetch_exchange_rates_task
AIRFLOW_CTX_EXECUTION_DATE=2023-07-25T21:44:26.734284+00:00
AIRFLOW_CTX_TRY_NUMBER=1
AIRFLOW_CTX_DAG_RUN_ID=manual__2023-07-25T21:44:26.734284+00:00
[2023-07-25 21:44:28,351] {taskinstance.py:1909} ERROR - Task failed with exception
Traceback (most recent call last):
  File "/home/airflow/.local/lib/python3.7/site-packages/airflow/operators/python.py", line 171, in execute
    return_value = self.execute_callable()
  File "/home/airflow/.local/lib/python3.7/site-packages/airflow/operators/python.py", line 189, in execute_callable
    return self.python_callable(*self.op_args, **self.op_kwargs)
  File "/opt/airflow/dags/my_calc_rates.py", line 92, in fetch_exchange_rates
    """)
psycopg2.errors.InvalidParameterValue: too few arguments for format()
CONTEXT:  PL/pgSQL function inline_code_block line 7 at EXECUTE

[2023-07-25 21:44:28,378] {taskinstance.py:1420} INFO - Marking task as FAILED. dag_id=fetch_exchange_rates_dag, task_id=fetch_exchange_rates_task, execution_date=20230725T214426, start_date=20230725T214427, end_date=20230725T214428
[2023-07-25 21:44:28,392] {standard_task_runner.py:97} ERROR - Failed to execute job 271 for task fetch_exchange_rates_task (too few arguments for format()
CONTEXT:  PL/pgSQL function inline_code_block line 7 at EXECUTE
; 12695)
[2023-07-25 21:44:28,438] {local_task_job.py:156} INFO - Task exited with return code 1
[2023-07-25 21:44:28,473] {local_task_job.py:273} INFO - 0 downstream tasks scheduled from follow-on schedule check
