[2023-07-26 04:18:25,036] {taskinstance.py:1179} INFO - Dependencies all met for <TaskInstance: fetch_exchange_rates_dag.print_csv_table scheduled__2023-07-26T00:40:00+00:00 [queued]>
[2023-07-26 04:18:25,151] {taskinstance.py:1179} INFO - Dependencies all met for <TaskInstance: fetch_exchange_rates_dag.print_csv_table scheduled__2023-07-26T00:40:00+00:00 [queued]>
[2023-07-26 04:18:25,152] {taskinstance.py:1376} INFO - 
--------------------------------------------------------------------------------
[2023-07-26 04:18:25,153] {taskinstance.py:1377} INFO - Starting attempt 1 of 1
[2023-07-26 04:18:25,154] {taskinstance.py:1378} INFO - 
--------------------------------------------------------------------------------
[2023-07-26 04:18:25,246] {taskinstance.py:1397} INFO - Executing <Task(PythonOperator): print_csv_table> on 2023-07-26 00:40:00+00:00
[2023-07-26 04:18:25,292] {standard_task_runner.py:52} INFO - Started process 7110 to run task
[2023-07-26 04:18:25,302] {standard_task_runner.py:79} INFO - Running: ['***', 'tasks', 'run', 'fetch_exchange_rates_dag', 'print_csv_table', 'scheduled__2023-07-26T00:40:00+00:00', '--job-id', '72', '--raw', '--subdir', 'DAGS_FOLDER/my_calc_rates.py', '--cfg-path', '/tmp/tmpefp4k_ju', '--error-file', '/tmp/tmp049m3ivb']
[2023-07-26 04:18:25,313] {standard_task_runner.py:80} INFO - Job 72: Subtask print_csv_table
[2023-07-26 04:18:25,637] {task_command.py:371} INFO - Running <TaskInstance: fetch_exchange_rates_dag.print_csv_table scheduled__2023-07-26T00:40:00+00:00 [running]> on host 6e11a261c833
[2023-07-26 04:18:26,020] {taskinstance.py:1591} INFO - Exporting the following env vars:
AIRFLOW_CTX_DAG_OWNER=marina_z
AIRFLOW_CTX_DAG_ID=fetch_exchange_rates_dag
AIRFLOW_CTX_TASK_ID=print_csv_table
AIRFLOW_CTX_EXECUTION_DATE=2023-07-26T00:40:00+00:00
AIRFLOW_CTX_TRY_NUMBER=1
AIRFLOW_CTX_DAG_RUN_ID=scheduled__2023-07-26T00:40:00+00:00
[2023-07-26 04:18:26,119] {logging_mixin.py:115} INFO -   exchange_id  exchange_rate base_exchange        date
0         RUB   2.622164e+06           BTC  2023-07-26
1         RUB   9.960367e+01           EUR  2023-07-26
2         RUB   9.964221e+01           EUR  2023-07-26
3         RUB   6.397940e-01           JPY  2023-07-26
4         RUB   1.263880e+01           CNY  2023-07-26
[2023-07-26 04:18:26,121] {python.py:173} INFO - Done. Returned value was: None
[2023-07-26 04:18:26,188] {taskinstance.py:1420} INFO - Marking task as SUCCESS. dag_id=fetch_exchange_rates_dag, task_id=print_csv_table, execution_date=20230726T004000, start_date=20230726T041825, end_date=20230726T041826
[2023-07-26 04:18:26,304] {local_task_job.py:156} INFO - Task exited with return code 0
[2023-07-26 04:18:26,424] {local_task_job.py:273} INFO - 0 downstream tasks scheduled from follow-on schedule check
[2023-07-26 05:08:01,861] {taskinstance.py:1179} INFO - Dependencies all met for <TaskInstance: fetch_exchange_rates_dag.print_csv_table scheduled__2023-07-26T00:40:00+00:00 [queued]>
[2023-07-26 05:08:01,933] {taskinstance.py:1179} INFO - Dependencies all met for <TaskInstance: fetch_exchange_rates_dag.print_csv_table scheduled__2023-07-26T00:40:00+00:00 [queued]>
[2023-07-26 05:08:01,934] {taskinstance.py:1376} INFO - 
--------------------------------------------------------------------------------
[2023-07-26 05:08:01,936] {taskinstance.py:1377} INFO - Starting attempt 1 of 1
[2023-07-26 05:08:01,938] {taskinstance.py:1378} INFO - 
--------------------------------------------------------------------------------
[2023-07-26 05:08:02,031] {taskinstance.py:1397} INFO - Executing <Task(PythonOperator): print_csv_table> on 2023-07-26 00:40:00+00:00
[2023-07-26 05:08:02,042] {standard_task_runner.py:52} INFO - Started process 2212 to run task
[2023-07-26 05:08:02,055] {standard_task_runner.py:79} INFO - Running: ['***', 'tasks', 'run', 'fetch_exchange_rates_dag', 'print_csv_table', 'scheduled__2023-07-26T00:40:00+00:00', '--job-id', '578', '--raw', '--subdir', 'DAGS_FOLDER/my_calc_rates.py', '--cfg-path', '/tmp/tmp_vsr_hwl', '--error-file', '/tmp/tmpdmdj9p7c']
[2023-07-26 05:08:02,068] {standard_task_runner.py:80} INFO - Job 578: Subtask print_csv_table
[2023-07-26 05:08:02,398] {task_command.py:371} INFO - Running <TaskInstance: fetch_exchange_rates_dag.print_csv_table scheduled__2023-07-26T00:40:00+00:00 [running]> on host acb6bca32630
[2023-07-26 05:08:02,752] {taskinstance.py:1591} INFO - Exporting the following env vars:
AIRFLOW_CTX_DAG_OWNER=marina_z
AIRFLOW_CTX_DAG_ID=fetch_exchange_rates_dag
AIRFLOW_CTX_TASK_ID=print_csv_table
AIRFLOW_CTX_EXECUTION_DATE=2023-07-26T00:40:00+00:00
AIRFLOW_CTX_TRY_NUMBER=1
AIRFLOW_CTX_DAG_RUN_ID=scheduled__2023-07-26T00:40:00+00:00
[2023-07-26 05:08:02,882] {logging_mixin.py:115} INFO -   exchange_id  exchange_rate base_exchange        date
0         RUB     2622163.50           BTC  2023-07-26
1         RUB          99.60           EUR  2023-07-26
2         RUB          99.64           EUR  2023-07-26
3         RUB           0.64           JPY  2023-07-26
4         RUB          12.64           CNY  2023-07-26
[2023-07-26 05:08:02,884] {python.py:173} INFO - Done. Returned value was: None
[2023-07-26 05:08:02,945] {taskinstance.py:1420} INFO - Marking task as SUCCESS. dag_id=fetch_exchange_rates_dag, task_id=print_csv_table, execution_date=20230726T004000, start_date=20230726T050801, end_date=20230726T050802
[2023-07-26 05:08:03,060] {local_task_job.py:156} INFO - Task exited with return code 0
[2023-07-26 05:08:03,162] {local_task_job.py:273} INFO - 0 downstream tasks scheduled from follow-on schedule check
