[2023-07-26 04:18:29,586] {taskinstance.py:1179} INFO - Dependencies all met for <TaskInstance: fetch_exchange_rates_dag.create_total_exchange_rates_table scheduled__2023-07-26T02:30:00+00:00 [queued]>
[2023-07-26 04:18:29,618] {taskinstance.py:1179} INFO - Dependencies all met for <TaskInstance: fetch_exchange_rates_dag.create_total_exchange_rates_table scheduled__2023-07-26T02:30:00+00:00 [queued]>
[2023-07-26 04:18:29,619] {taskinstance.py:1376} INFO - 
--------------------------------------------------------------------------------
[2023-07-26 04:18:29,620] {taskinstance.py:1377} INFO - Starting attempt 1 of 1
[2023-07-26 04:18:29,621] {taskinstance.py:1378} INFO - 
--------------------------------------------------------------------------------
[2023-07-26 04:18:29,648] {taskinstance.py:1397} INFO - Executing <Task(PythonOperator): create_total_exchange_rates_table> on 2023-07-26 02:30:00+00:00
[2023-07-26 04:18:29,661] {standard_task_runner.py:52} INFO - Started process 7142 to run task
[2023-07-26 04:18:29,675] {standard_task_runner.py:79} INFO - Running: ['***', 'tasks', 'run', 'fetch_exchange_rates_dag', 'create_total_exchange_rates_table', 'scheduled__2023-07-26T02:30:00+00:00', '--job-id', '88', '--raw', '--subdir', 'DAGS_FOLDER/my_calc_rates.py', '--cfg-path', '/tmp/tmpbx1dwugz', '--error-file', '/tmp/tmpm5iscw0i']
[2023-07-26 04:18:29,678] {standard_task_runner.py:80} INFO - Job 88: Subtask create_total_exchange_rates_table
[2023-07-26 04:18:29,888] {task_command.py:371} INFO - Running <TaskInstance: fetch_exchange_rates_dag.create_total_exchange_rates_table scheduled__2023-07-26T02:30:00+00:00 [running]> on host 6e11a261c833
[2023-07-26 04:18:30,000] {taskinstance.py:1591} INFO - Exporting the following env vars:
AIRFLOW_CTX_DAG_OWNER=marina_z
AIRFLOW_CTX_DAG_ID=fetch_exchange_rates_dag
AIRFLOW_CTX_TASK_ID=create_total_exchange_rates_table
AIRFLOW_CTX_EXECUTION_DATE=2023-07-26T02:30:00+00:00
AIRFLOW_CTX_TRY_NUMBER=1
AIRFLOW_CTX_DAG_RUN_ID=scheduled__2023-07-26T02:30:00+00:00
[2023-07-26 04:18:30,005] {logging_mixin.py:115} INFO - The table total_exchange_rates is created and saved
[2023-07-26 04:18:30,032] {python.py:173} INFO - Done. Returned value was: None
[2023-07-26 04:18:30,050] {taskinstance.py:1420} INFO - Marking task as SUCCESS. dag_id=fetch_exchange_rates_dag, task_id=create_total_exchange_rates_table, execution_date=20230726T023000, start_date=20230726T041829, end_date=20230726T041830
[2023-07-26 04:18:30,093] {local_task_job.py:156} INFO - Task exited with return code 0
[2023-07-26 04:18:30,153] {local_task_job.py:273} INFO - 1 downstream tasks scheduled from follow-on schedule check
[2023-07-26 05:08:02,392] {taskinstance.py:1179} INFO - Dependencies all met for <TaskInstance: fetch_exchange_rates_dag.create_total_exchange_rates_table scheduled__2023-07-26T02:30:00+00:00 [queued]>
[2023-07-26 05:08:02,435] {taskinstance.py:1179} INFO - Dependencies all met for <TaskInstance: fetch_exchange_rates_dag.create_total_exchange_rates_table scheduled__2023-07-26T02:30:00+00:00 [queued]>
[2023-07-26 05:08:02,442] {taskinstance.py:1376} INFO - 
--------------------------------------------------------------------------------
[2023-07-26 05:08:02,454] {taskinstance.py:1377} INFO - Starting attempt 1 of 1
[2023-07-26 05:08:02,455] {taskinstance.py:1378} INFO - 
--------------------------------------------------------------------------------
[2023-07-26 05:08:02,516] {taskinstance.py:1397} INFO - Executing <Task(PythonOperator): create_total_exchange_rates_table> on 2023-07-26 02:30:00+00:00
[2023-07-26 05:08:02,554] {standard_task_runner.py:52} INFO - Started process 2216 to run task
[2023-07-26 05:08:02,575] {standard_task_runner.py:79} INFO - Running: ['***', 'tasks', 'run', 'fetch_exchange_rates_dag', 'create_total_exchange_rates_table', 'scheduled__2023-07-26T02:30:00+00:00', '--job-id', '580', '--raw', '--subdir', 'DAGS_FOLDER/my_calc_rates.py', '--cfg-path', '/tmp/tmplf1kblia', '--error-file', '/tmp/tmp35_vdf89']
[2023-07-26 05:08:02,582] {standard_task_runner.py:80} INFO - Job 580: Subtask create_total_exchange_rates_table
[2023-07-26 05:08:02,991] {task_command.py:371} INFO - Running <TaskInstance: fetch_exchange_rates_dag.create_total_exchange_rates_table scheduled__2023-07-26T02:30:00+00:00 [running]> on host acb6bca32630
[2023-07-26 05:08:03,257] {taskinstance.py:1591} INFO - Exporting the following env vars:
AIRFLOW_CTX_DAG_OWNER=marina_z
AIRFLOW_CTX_DAG_ID=fetch_exchange_rates_dag
AIRFLOW_CTX_TASK_ID=create_total_exchange_rates_table
AIRFLOW_CTX_EXECUTION_DATE=2023-07-26T02:30:00+00:00
AIRFLOW_CTX_TRY_NUMBER=1
AIRFLOW_CTX_DAG_RUN_ID=scheduled__2023-07-26T02:30:00+00:00
[2023-07-26 05:08:03,259] {logging_mixin.py:115} INFO - The table total_exchange_rates is created and saved
[2023-07-26 05:08:03,283] {python.py:173} INFO - Done. Returned value was: None
[2023-07-26 05:08:03,303] {taskinstance.py:1420} INFO - Marking task as SUCCESS. dag_id=fetch_exchange_rates_dag, task_id=create_total_exchange_rates_table, execution_date=20230726T023000, start_date=20230726T050802, end_date=20230726T050803
[2023-07-26 05:08:03,432] {local_task_job.py:156} INFO - Task exited with return code 0
[2023-07-26 05:08:03,520] {local_task_job.py:273} INFO - 1 downstream tasks scheduled from follow-on schedule check
