[2023-07-25 22:32:33,418] {taskinstance.py:1179} INFO - Dependencies all met for <TaskInstance: fetch_exchange_rates_dag.fetch_exchange_rates_task manual__2023-07-25T22:32:31.833356+00:00 [queued]>
[2023-07-25 22:32:33,427] {taskinstance.py:1179} INFO - Dependencies all met for <TaskInstance: fetch_exchange_rates_dag.fetch_exchange_rates_task manual__2023-07-25T22:32:31.833356+00:00 [queued]>
[2023-07-25 22:32:33,428] {taskinstance.py:1376} INFO - 
--------------------------------------------------------------------------------
[2023-07-25 22:32:33,428] {taskinstance.py:1377} INFO - Starting attempt 1 of 1
[2023-07-25 22:32:33,429] {taskinstance.py:1378} INFO - 
--------------------------------------------------------------------------------
[2023-07-25 22:32:33,443] {taskinstance.py:1397} INFO - Executing <Task(PythonOperator): fetch_exchange_rates_task> on 2023-07-25 22:32:31.833356+00:00
[2023-07-25 22:32:33,449] {standard_task_runner.py:52} INFO - Started process 15140 to run task
[2023-07-25 22:32:33,452] {standard_task_runner.py:79} INFO - Running: ['***', 'tasks', 'run', 'fetch_exchange_rates_dag', 'fetch_exchange_rates_task', 'manual__2023-07-25T22:32:31.833356+00:00', '--job-id', '306', '--raw', '--subdir', 'DAGS_FOLDER/my_calc_rates.py', '--cfg-path', '/tmp/tmps18_m3vh', '--error-file', '/tmp/tmpklhnqiuj']
[2023-07-25 22:32:33,453] {standard_task_runner.py:80} INFO - Job 306: Subtask fetch_exchange_rates_task
[2023-07-25 22:32:33,527] {task_command.py:371} INFO - Running <TaskInstance: fetch_exchange_rates_dag.fetch_exchange_rates_task manual__2023-07-25T22:32:31.833356+00:00 [running]> on host 661c8d62a693
[2023-07-25 22:32:33,640] {taskinstance.py:1591} INFO - Exporting the following env vars:
AIRFLOW_CTX_DAG_OWNER=marina_z
AIRFLOW_CTX_DAG_ID=fetch_exchange_rates_dag
AIRFLOW_CTX_TASK_ID=fetch_exchange_rates_task
AIRFLOW_CTX_EXECUTION_DATE=2023-07-25T22:32:31.833356+00:00
AIRFLOW_CTX_TRY_NUMBER=1
AIRFLOW_CTX_DAG_RUN_ID=manual__2023-07-25T22:32:31.833356+00:00
[2023-07-25 22:32:34,019] {taskinstance.py:1909} ERROR - Task failed with exception
Traceback (most recent call last):
  File "/home/airflow/.local/lib/python3.7/site-packages/airflow/operators/python.py", line 171, in execute
    return_value = self.execute_callable()
  File "/home/airflow/.local/lib/python3.7/site-packages/airflow/operators/python.py", line 189, in execute_callable
    return self.python_callable(*self.op_args, **self.op_kwargs)
  File "/opt/airflow/dags/my_calc_rates.py", line 94, in fetch_exchange_rates
    cur.execute(copy_query)
psycopg2.errors.SyntaxError: syntax error at or near ")"
LINE 6:         )
                ^

[2023-07-25 22:32:34,031] {taskinstance.py:1420} INFO - Marking task as FAILED. dag_id=fetch_exchange_rates_dag, task_id=fetch_exchange_rates_task, execution_date=20230725T223231, start_date=20230725T223233, end_date=20230725T223234
[2023-07-25 22:32:34,046] {standard_task_runner.py:97} ERROR - Failed to execute job 306 for task fetch_exchange_rates_task (syntax error at or near ")"
LINE 6:         )
                ^
; 15140)
[2023-07-25 22:32:34,068] {local_task_job.py:156} INFO - Task exited with return code 1
[2023-07-25 22:32:34,092] {local_task_job.py:273} INFO - 0 downstream tasks scheduled from follow-on schedule check
