[2023-07-26 05:03:59,634] {taskinstance.py:1179} INFO - Dependencies all met for <TaskInstance: fetch_exchange_rates_dag.bash_task scheduled__2023-07-25T05:10:00+00:00 [queued]>
[2023-07-26 05:03:59,783] {taskinstance.py:1179} INFO - Dependencies all met for <TaskInstance: fetch_exchange_rates_dag.bash_task scheduled__2023-07-25T05:10:00+00:00 [queued]>
[2023-07-26 05:03:59,806] {taskinstance.py:1376} INFO - 
--------------------------------------------------------------------------------
[2023-07-26 05:03:59,811] {taskinstance.py:1377} INFO - Starting attempt 1 of 1
[2023-07-26 05:03:59,814] {taskinstance.py:1378} INFO - 
--------------------------------------------------------------------------------
[2023-07-26 05:03:59,957] {taskinstance.py:1397} INFO - Executing <Task(BashOperator): bash_task> on 2023-07-25 05:10:00+00:00
[2023-07-26 05:04:00,001] {standard_task_runner.py:52} INFO - Started process 501 to run task
[2023-07-26 05:04:00,068] {standard_task_runner.py:79} INFO - Running: ['***', 'tasks', 'run', 'fetch_exchange_rates_dag', 'bash_task', 'scheduled__2023-07-25T05:10:00+00:00', '--job-id', '93', '--raw', '--subdir', 'DAGS_FOLDER/my_calc_rates.py', '--cfg-path', '/tmp/tmphcefokfh', '--error-file', '/tmp/tmpirfzb214']
[2023-07-26 05:04:00,137] {standard_task_runner.py:80} INFO - Job 93: Subtask bash_task
[2023-07-26 05:04:00,396] {task_command.py:371} INFO - Running <TaskInstance: fetch_exchange_rates_dag.bash_task scheduled__2023-07-25T05:10:00+00:00 [running]> on host acb6bca32630
[2023-07-26 05:04:00,868] {taskinstance.py:1591} INFO - Exporting the following env vars:
AIRFLOW_CTX_DAG_OWNER=***
AIRFLOW_CTX_DAG_ID=fetch_exchange_rates_dag
AIRFLOW_CTX_TASK_ID=bash_task
AIRFLOW_CTX_EXECUTION_DATE=2023-07-25T05:10:00+00:00
AIRFLOW_CTX_TRY_NUMBER=1
AIRFLOW_CTX_DAG_RUN_ID=scheduled__2023-07-25T05:10:00+00:00
[2023-07-26 05:04:00,871] {subprocess.py:62} INFO - Tmp dir root location: 
 /tmp
[2023-07-26 05:04:00,874] {subprocess.py:74} INFO - Running command: ['bash', '-c', 'echo "Good morning my diggers!"']
[2023-07-26 05:04:00,927] {subprocess.py:85} INFO - Output:
[2023-07-26 05:04:00,961] {subprocess.py:92} INFO - Good morning my diggers!
[2023-07-26 05:04:00,963] {subprocess.py:96} INFO - Command exited with return code 0
[2023-07-26 05:04:01,060] {taskinstance.py:1420} INFO - Marking task as SUCCESS. dag_id=fetch_exchange_rates_dag, task_id=bash_task, execution_date=20230725T051000, start_date=20230726T050359, end_date=20230726T050401
[2023-07-26 05:04:01,133] {local_task_job.py:156} INFO - Task exited with return code 0
[2023-07-26 05:04:01,352] {local_task_job.py:273} INFO - 1 downstream tasks scheduled from follow-on schedule check
