[2023-07-25 20:38:12,967] {taskinstance.py:1179} INFO - Dependencies all met for <TaskInstance: fetch_exchange_rates_dag.fetch_exchange_rates_task scheduled__2023-07-25T09:50:00+00:00 [queued]>
[2023-07-25 20:38:13,025] {taskinstance.py:1179} INFO - Dependencies all met for <TaskInstance: fetch_exchange_rates_dag.fetch_exchange_rates_task scheduled__2023-07-25T09:50:00+00:00 [queued]>
[2023-07-25 20:38:13,026] {taskinstance.py:1376} INFO - 
--------------------------------------------------------------------------------
[2023-07-25 20:38:13,026] {taskinstance.py:1377} INFO - Starting attempt 1 of 1
[2023-07-25 20:38:13,027] {taskinstance.py:1378} INFO - 
--------------------------------------------------------------------------------
[2023-07-25 20:38:13,058] {taskinstance.py:1397} INFO - Executing <Task(PythonOperator): fetch_exchange_rates_task> on 2023-07-25 09:50:00+00:00
[2023-07-25 20:38:13,073] {standard_task_runner.py:52} INFO - Started process 9145 to run task
[2023-07-25 20:38:13,087] {standard_task_runner.py:79} INFO - Running: ['***', 'tasks', 'run', 'fetch_exchange_rates_dag', 'fetch_exchange_rates_task', 'scheduled__2023-07-25T09:50:00+00:00', '--job-id', '157', '--raw', '--subdir', 'DAGS_FOLDER/my_calc_rates.py', '--cfg-path', '/tmp/tmpd3sb24mr', '--error-file', '/tmp/tmp6qspljgv']
[2023-07-25 20:38:13,090] {standard_task_runner.py:80} INFO - Job 157: Subtask fetch_exchange_rates_task
[2023-07-25 20:38:13,221] {task_command.py:371} INFO - Running <TaskInstance: fetch_exchange_rates_dag.fetch_exchange_rates_task scheduled__2023-07-25T09:50:00+00:00 [running]> on host 661c8d62a693
[2023-07-25 20:38:13,356] {taskinstance.py:1591} INFO - Exporting the following env vars:
AIRFLOW_CTX_DAG_OWNER=marina_z
AIRFLOW_CTX_DAG_ID=fetch_exchange_rates_dag
AIRFLOW_CTX_TASK_ID=fetch_exchange_rates_task
AIRFLOW_CTX_EXECUTION_DATE=2023-07-25T09:50:00+00:00
AIRFLOW_CTX_TRY_NUMBER=1
AIRFLOW_CTX_DAG_RUN_ID=scheduled__2023-07-25T09:50:00+00:00
[2023-07-25 20:38:15,010] {taskinstance.py:1909} ERROR - Task failed with exception
Traceback (most recent call last):
  File "/home/airflow/.local/lib/python3.7/site-packages/airflow/operators/python.py", line 171, in execute
    return_value = self.execute_callable()
  File "/home/airflow/.local/lib/python3.7/site-packages/airflow/operators/python.py", line 189, in execute_callable
    return self.python_callable(*self.op_args, **self.op_kwargs)
  File "/opt/airflow/dags/my_calc_rates.py", line 69, in fetch_exchange_rates
    load_to_postgres = PostgresOperator(
NameError: name 'PostgresOperator' is not defined
[2023-07-25 20:38:15,038] {taskinstance.py:1420} INFO - Marking task as FAILED. dag_id=fetch_exchange_rates_dag, task_id=fetch_exchange_rates_task, execution_date=20230725T095000, start_date=20230725T203812, end_date=20230725T203815
[2023-07-25 20:38:15,184] {standard_task_runner.py:97} ERROR - Failed to execute job 157 for task fetch_exchange_rates_task (name 'PostgresOperator' is not defined; 9145)
[2023-07-25 20:38:15,294] {local_task_job.py:156} INFO - Task exited with return code 1
[2023-07-25 20:38:15,344] {local_task_job.py:273} INFO - 0 downstream tasks scheduled from follow-on schedule check
[2023-07-26 05:04:57,914] {taskinstance.py:1179} INFO - Dependencies all met for <TaskInstance: fetch_exchange_rates_dag.fetch_exchange_rates_task scheduled__2023-07-25T09:50:00+00:00 [queued]>
[2023-07-26 05:04:58,000] {taskinstance.py:1179} INFO - Dependencies all met for <TaskInstance: fetch_exchange_rates_dag.fetch_exchange_rates_task scheduled__2023-07-25T09:50:00+00:00 [queued]>
[2023-07-26 05:04:58,001] {taskinstance.py:1376} INFO - 
--------------------------------------------------------------------------------
[2023-07-26 05:04:58,002] {taskinstance.py:1377} INFO - Starting attempt 1 of 1
[2023-07-26 05:04:58,003] {taskinstance.py:1378} INFO - 
--------------------------------------------------------------------------------
[2023-07-26 05:04:58,104] {taskinstance.py:1397} INFO - Executing <Task(PythonOperator): fetch_exchange_rates_task> on 2023-07-25 09:50:00+00:00
[2023-07-26 05:04:58,140] {standard_task_runner.py:52} INFO - Started process 928 to run task
[2023-07-26 05:04:58,186] {standard_task_runner.py:79} INFO - Running: ['***', 'tasks', 'run', 'fetch_exchange_rates_dag', 'fetch_exchange_rates_task', 'scheduled__2023-07-25T09:50:00+00:00', '--job-id', '216', '--raw', '--subdir', 'DAGS_FOLDER/my_calc_rates.py', '--cfg-path', '/tmp/tmpzg7o2w0q', '--error-file', '/tmp/tmpregitw9y']
[2023-07-26 05:04:58,190] {standard_task_runner.py:80} INFO - Job 216: Subtask fetch_exchange_rates_task
[2023-07-26 05:04:58,542] {task_command.py:371} INFO - Running <TaskInstance: fetch_exchange_rates_dag.fetch_exchange_rates_task scheduled__2023-07-25T09:50:00+00:00 [running]> on host acb6bca32630
[2023-07-26 05:04:58,784] {taskinstance.py:1591} INFO - Exporting the following env vars:
AIRFLOW_CTX_DAG_OWNER=marina_z
AIRFLOW_CTX_DAG_ID=fetch_exchange_rates_dag
AIRFLOW_CTX_TASK_ID=fetch_exchange_rates_task
AIRFLOW_CTX_EXECUTION_DATE=2023-07-25T09:50:00+00:00
AIRFLOW_CTX_TRY_NUMBER=1
AIRFLOW_CTX_DAG_RUN_ID=scheduled__2023-07-25T09:50:00+00:00
[2023-07-26 05:04:59,231] {logging_mixin.py:115} INFO - Save a new file exchange_latest_BTC.csv
[2023-07-26 05:04:59,241] {logging_mixin.py:115} INFO - Create a new table exchange_latest_BTC
[2023-07-26 05:04:59,248] {logging_mixin.py:115} INFO - Insert into table exchange_latest_BTC
[2023-07-26 05:04:59,619] {logging_mixin.py:115} INFO - Save a new file exchange_latest_EUR.csv
[2023-07-26 05:04:59,620] {logging_mixin.py:115} INFO - Create a new table exchange_latest_EUR
[2023-07-26 05:04:59,628] {logging_mixin.py:115} INFO - Insert into table exchange_latest_EUR
[2023-07-26 05:04:59,990] {logging_mixin.py:115} INFO - Save a new file exchange_latest_GBR.csv
[2023-07-26 05:04:59,994] {logging_mixin.py:115} INFO - Create a new table exchange_latest_GBR
[2023-07-26 05:05:00,001] {logging_mixin.py:115} INFO - Insert into table exchange_latest_GBR
[2023-07-26 05:05:00,316] {logging_mixin.py:115} INFO - Save a new file exchange_latest_JPY.csv
[2023-07-26 05:05:00,319] {logging_mixin.py:115} INFO - Create a new table exchange_latest_JPY
[2023-07-26 05:05:00,327] {logging_mixin.py:115} INFO - Insert into table exchange_latest_JPY
[2023-07-26 05:05:00,737] {logging_mixin.py:115} INFO - Save a new file exchange_latest_CNY.csv
[2023-07-26 05:05:00,740] {logging_mixin.py:115} INFO - Create a new table exchange_latest_CNY
[2023-07-26 05:05:00,747] {logging_mixin.py:115} INFO - Insert into table exchange_latest_CNY
[2023-07-26 05:05:00,780] {python.py:173} INFO - Done. Returned value was: None
[2023-07-26 05:05:00,961] {taskinstance.py:1420} INFO - Marking task as SUCCESS. dag_id=fetch_exchange_rates_dag, task_id=fetch_exchange_rates_task, execution_date=20230725T095000, start_date=20230726T050457, end_date=20230726T050500
[2023-07-26 05:05:01,010] {local_task_job.py:156} INFO - Task exited with return code 0
[2023-07-26 05:05:01,200] {local_task_job.py:273} INFO - 1 downstream tasks scheduled from follow-on schedule check
