[2023-07-26 01:53:02,697] {taskinstance.py:1179} INFO - Dependencies all met for <TaskInstance: fetch_exchange_rates_dag.fetch_exchange_rates_task manual__2023-07-26T01:53:01.652361+00:00 [queued]>
[2023-07-26 01:53:02,704] {taskinstance.py:1179} INFO - Dependencies all met for <TaskInstance: fetch_exchange_rates_dag.fetch_exchange_rates_task manual__2023-07-26T01:53:01.652361+00:00 [queued]>
[2023-07-26 01:53:02,705] {taskinstance.py:1376} INFO - 
--------------------------------------------------------------------------------
[2023-07-26 01:53:02,705] {taskinstance.py:1377} INFO - Starting attempt 1 of 1
[2023-07-26 01:53:02,706] {taskinstance.py:1378} INFO - 
--------------------------------------------------------------------------------
[2023-07-26 01:53:02,718] {taskinstance.py:1397} INFO - Executing <Task(PythonOperator): fetch_exchange_rates_task> on 2023-07-26 01:53:01.652361+00:00
[2023-07-26 01:53:02,722] {standard_task_runner.py:52} INFO - Started process 263 to run task
[2023-07-26 01:53:02,724] {standard_task_runner.py:79} INFO - Running: ['***', 'tasks', 'run', 'fetch_exchange_rates_dag', 'fetch_exchange_rates_task', 'manual__2023-07-26T01:53:01.652361+00:00', '--job-id', '7', '--raw', '--subdir', 'DAGS_FOLDER/my_calc_rates.py', '--cfg-path', '/tmp/tmpehfj422b', '--error-file', '/tmp/tmp2e4det7z']
[2023-07-26 01:53:02,726] {standard_task_runner.py:80} INFO - Job 7: Subtask fetch_exchange_rates_task
[2023-07-26 01:53:02,781] {task_command.py:371} INFO - Running <TaskInstance: fetch_exchange_rates_dag.fetch_exchange_rates_task manual__2023-07-26T01:53:01.652361+00:00 [running]> on host 6e11a261c833
[2023-07-26 01:53:02,833] {taskinstance.py:1591} INFO - Exporting the following env vars:
AIRFLOW_CTX_DAG_OWNER=marina_z
AIRFLOW_CTX_DAG_ID=fetch_exchange_rates_dag
AIRFLOW_CTX_TASK_ID=fetch_exchange_rates_task
AIRFLOW_CTX_EXECUTION_DATE=2023-07-26T01:53:01.652361+00:00
AIRFLOW_CTX_TRY_NUMBER=1
AIRFLOW_CTX_DAG_RUN_ID=manual__2023-07-26T01:53:01.652361+00:00
[2023-07-26 01:53:03,202] {logging_mixin.py:115} INFO - Save a new table exchange_latest_BTC.csv
[2023-07-26 01:53:03,608] {logging_mixin.py:115} INFO - Save a new table exchange_latest_EUR.csv
[2023-07-26 01:53:03,976] {logging_mixin.py:115} INFO - Save a new table exchange_latest_GBR.csv
[2023-07-26 01:53:04,324] {logging_mixin.py:115} INFO - Save a new table exchange_latest_JPY.csv
[2023-07-26 01:53:04,702] {logging_mixin.py:115} INFO - Save a new table exchange_latest_CNY.csv
[2023-07-26 01:53:04,750] {python.py:173} INFO - Done. Returned value was: None
[2023-07-26 01:53:04,761] {taskinstance.py:1420} INFO - Marking task as SUCCESS. dag_id=fetch_exchange_rates_dag, task_id=fetch_exchange_rates_task, execution_date=20230726T015301, start_date=20230726T015302, end_date=20230726T015304
[2023-07-26 01:53:04,786] {local_task_job.py:156} INFO - Task exited with return code 0
[2023-07-26 01:53:04,814] {local_task_job.py:273} INFO - 0 downstream tasks scheduled from follow-on schedule check
