[2023-07-25 19:03:02,125] {taskinstance.py:1179} INFO - Dependencies all met for <TaskInstance: calc-rates.bash_task manual__2023-07-25T19:03:00.821706+00:00 [queued]>
[2023-07-25 19:03:02,133] {taskinstance.py:1179} INFO - Dependencies all met for <TaskInstance: calc-rates.bash_task manual__2023-07-25T19:03:00.821706+00:00 [queued]>
[2023-07-25 19:03:02,133] {taskinstance.py:1376} INFO - 
--------------------------------------------------------------------------------
[2023-07-25 19:03:02,134] {taskinstance.py:1377} INFO - Starting attempt 1 of 1
[2023-07-25 19:03:02,134] {taskinstance.py:1378} INFO - 
--------------------------------------------------------------------------------
[2023-07-25 19:03:02,144] {taskinstance.py:1397} INFO - Executing <Task(BashOperator): bash_task> on 2023-07-25 19:03:00.821706+00:00
[2023-07-25 19:03:02,148] {standard_task_runner.py:52} INFO - Started process 4111 to run task
[2023-07-25 19:03:02,151] {standard_task_runner.py:79} INFO - Running: ['***', 'tasks', 'run', 'calc-rates', 'bash_task', 'manual__2023-07-25T19:03:00.821706+00:00', '--job-id', '12', '--raw', '--subdir', 'DAGS_FOLDER/calc_rates.py', '--cfg-path', '/tmp/tmpehwr5hqd', '--error-file', '/tmp/tmpnfy4g5hy']
[2023-07-25 19:03:02,151] {standard_task_runner.py:80} INFO - Job 12: Subtask bash_task
[2023-07-25 19:03:02,210] {task_command.py:371} INFO - Running <TaskInstance: calc-rates.bash_task manual__2023-07-25T19:03:00.821706+00:00 [running]> on host 661c8d62a693
[2023-07-25 19:03:02,256] {taskinstance.py:1591} INFO - Exporting the following env vars:
AIRFLOW_CTX_DAG_OWNER=***
AIRFLOW_CTX_DAG_ID=calc-rates
AIRFLOW_CTX_TASK_ID=bash_task
AIRFLOW_CTX_EXECUTION_DATE=2023-07-25T19:03:00.821706+00:00
AIRFLOW_CTX_TRY_NUMBER=1
AIRFLOW_CTX_DAG_RUN_ID=manual__2023-07-25T19:03:00.821706+00:00
[2023-07-25 19:03:02,258] {subprocess.py:62} INFO - Tmp dir root location: 
 /tmp
[2023-07-25 19:03:02,260] {subprocess.py:74} INFO - Running command: ['bash', '-c', "echo 'Hello, World!'"]
[2023-07-25 19:03:02,268] {subprocess.py:85} INFO - Output:
[2023-07-25 19:03:02,269] {subprocess.py:92} INFO - Hello, World!
[2023-07-25 19:03:02,269] {subprocess.py:96} INFO - Command exited with return code 0
[2023-07-25 19:03:02,293] {taskinstance.py:1420} INFO - Marking task as SUCCESS. dag_id=calc-rates, task_id=bash_task, execution_date=20230725T190300, start_date=20230725T190302, end_date=20230725T190302
[2023-07-25 19:03:02,323] {local_task_job.py:156} INFO - Task exited with return code 0
[2023-07-25 19:03:02,353] {local_task_job.py:273} INFO - 1 downstream tasks scheduled from follow-on schedule check
