[2023-07-26 23:53:52,881] {taskinstance.py:1179} INFO - Dependencies all met for <TaskInstance: fetch_exchange_rates_dag.fetch_exchange_rates_task scheduled__2023-07-25T00:40:00+00:00 [queued]>
[2023-07-26 23:53:52,968] {taskinstance.py:1179} INFO - Dependencies all met for <TaskInstance: fetch_exchange_rates_dag.fetch_exchange_rates_task scheduled__2023-07-25T00:40:00+00:00 [queued]>
[2023-07-26 23:53:52,975] {taskinstance.py:1376} INFO - 
--------------------------------------------------------------------------------
[2023-07-26 23:53:52,976] {taskinstance.py:1377} INFO - Starting attempt 1 of 1
[2023-07-26 23:53:52,977] {taskinstance.py:1378} INFO - 
--------------------------------------------------------------------------------
[2023-07-26 23:53:53,031] {taskinstance.py:1397} INFO - Executing <Task(PythonOperator): fetch_exchange_rates_task> on 2023-07-25 00:40:00+00:00
[2023-07-26 23:53:53,038] {standard_task_runner.py:52} INFO - Started process 361 to run task
[2023-07-26 23:53:53,051] {standard_task_runner.py:79} INFO - Running: ['***', 'tasks', 'run', 'fetch_exchange_rates_dag', 'fetch_exchange_rates_task', 'scheduled__2023-07-25T00:40:00+00:00', '--job-id', '23', '--raw', '--subdir', 'DAGS_FOLDER/my_calc_rates.py', '--cfg-path', '/tmp/tmpun8797al', '--error-file', '/tmp/tmpseqai5e1']
[2023-07-26 23:53:53,054] {standard_task_runner.py:80} INFO - Job 23: Subtask fetch_exchange_rates_task
[2023-07-26 23:53:53,411] {task_command.py:371} INFO - Running <TaskInstance: fetch_exchange_rates_dag.fetch_exchange_rates_task scheduled__2023-07-25T00:40:00+00:00 [running]> on host 43d0198bb36a
[2023-07-26 23:53:53,795] {taskinstance.py:1591} INFO - Exporting the following env vars:
AIRFLOW_CTX_DAG_OWNER=marina_z
AIRFLOW_CTX_DAG_ID=fetch_exchange_rates_dag
AIRFLOW_CTX_TASK_ID=fetch_exchange_rates_task
AIRFLOW_CTX_EXECUTION_DATE=2023-07-25T00:40:00+00:00
AIRFLOW_CTX_TRY_NUMBER=1
AIRFLOW_CTX_DAG_RUN_ID=scheduled__2023-07-25T00:40:00+00:00
[2023-07-26 23:53:54,283] {logging_mixin.py:115} INFO - Save a new file exchange_latest_BTC.csv
[2023-07-26 23:53:54,283] {logging_mixin.py:115} INFO - Create a new table exchange_latest_BTC
[2023-07-26 23:53:54,304] {logging_mixin.py:115} INFO - Insert into table exchange_latest_BTC
[2023-07-26 23:53:54,703] {logging_mixin.py:115} INFO - Save a new file exchange_latest_EUR.csv
[2023-07-26 23:53:54,711] {logging_mixin.py:115} INFO - Create a new table exchange_latest_EUR
[2023-07-26 23:53:54,721] {logging_mixin.py:115} INFO - Insert into table exchange_latest_EUR
[2023-07-26 23:53:55,150] {logging_mixin.py:115} INFO - Save a new file exchange_latest_GBR.csv
[2023-07-26 23:53:55,155] {logging_mixin.py:115} INFO - Create a new table exchange_latest_GBR
[2023-07-26 23:53:55,166] {logging_mixin.py:115} INFO - Insert into table exchange_latest_GBR
[2023-07-26 23:53:55,532] {logging_mixin.py:115} INFO - Save a new file exchange_latest_JPY.csv
[2023-07-26 23:53:55,533] {logging_mixin.py:115} INFO - Create a new table exchange_latest_JPY
[2023-07-26 23:53:55,561] {logging_mixin.py:115} INFO - Insert into table exchange_latest_JPY
[2023-07-26 23:53:55,948] {logging_mixin.py:115} INFO - Save a new file exchange_latest_CNY.csv
[2023-07-26 23:53:55,949] {logging_mixin.py:115} INFO - Create a new table exchange_latest_CNY
[2023-07-26 23:53:55,953] {logging_mixin.py:115} INFO - Insert into table exchange_latest_CNY
[2023-07-26 23:53:55,970] {python.py:173} INFO - Done. Returned value was: None
[2023-07-26 23:53:56,007] {taskinstance.py:1420} INFO - Marking task as SUCCESS. dag_id=fetch_exchange_rates_dag, task_id=fetch_exchange_rates_task, execution_date=20230725T004000, start_date=20230726T235352, end_date=20230726T235356
[2023-07-26 23:53:56,111] {local_task_job.py:156} INFO - Task exited with return code 0
[2023-07-26 23:53:56,207] {local_task_job.py:273} INFO - 1 downstream tasks scheduled from follow-on schedule check
