[2023-07-26 04:30:04,655] {taskinstance.py:1179} INFO - Dependencies all met for <TaskInstance: fetch_exchange_rates_dag.create_total_exchange_rates_table scheduled__2023-07-26T04:20:00+00:00 [queued]>
[2023-07-26 04:30:04,662] {taskinstance.py:1179} INFO - Dependencies all met for <TaskInstance: fetch_exchange_rates_dag.create_total_exchange_rates_table scheduled__2023-07-26T04:20:00+00:00 [queued]>
[2023-07-26 04:30:04,662] {taskinstance.py:1376} INFO - 
--------------------------------------------------------------------------------
[2023-07-26 04:30:04,663] {taskinstance.py:1377} INFO - Starting attempt 1 of 1
[2023-07-26 04:30:04,663] {taskinstance.py:1378} INFO - 
--------------------------------------------------------------------------------
[2023-07-26 04:30:04,674] {taskinstance.py:1397} INFO - Executing <Task(PythonOperator): create_total_exchange_rates_table> on 2023-07-26 04:20:00+00:00
[2023-07-26 04:30:04,679] {standard_task_runner.py:52} INFO - Started process 7846 to run task
[2023-07-26 04:30:04,681] {standard_task_runner.py:79} INFO - Running: ['***', 'tasks', 'run', 'fetch_exchange_rates_dag', 'create_total_exchange_rates_table', 'scheduled__2023-07-26T04:20:00+00:00', '--job-id', '131', '--raw', '--subdir', 'DAGS_FOLDER/my_calc_rates.py', '--cfg-path', '/tmp/tmp2s4hn8v6', '--error-file', '/tmp/tmp5p1nfyl7']
[2023-07-26 04:30:04,682] {standard_task_runner.py:80} INFO - Job 131: Subtask create_total_exchange_rates_table
[2023-07-26 04:30:04,746] {task_command.py:371} INFO - Running <TaskInstance: fetch_exchange_rates_dag.create_total_exchange_rates_table scheduled__2023-07-26T04:20:00+00:00 [running]> on host 6e11a261c833
[2023-07-26 04:30:04,809] {taskinstance.py:1591} INFO - Exporting the following env vars:
AIRFLOW_CTX_DAG_OWNER=marina_z
AIRFLOW_CTX_DAG_ID=fetch_exchange_rates_dag
AIRFLOW_CTX_TASK_ID=create_total_exchange_rates_table
AIRFLOW_CTX_EXECUTION_DATE=2023-07-26T04:20:00+00:00
AIRFLOW_CTX_TRY_NUMBER=1
AIRFLOW_CTX_DAG_RUN_ID=scheduled__2023-07-26T04:20:00+00:00
[2023-07-26 04:30:04,811] {logging_mixin.py:115} INFO - The table total_exchange_rates is created and saved
[2023-07-26 04:30:04,827] {python.py:173} INFO - Done. Returned value was: None
[2023-07-26 04:30:04,838] {taskinstance.py:1420} INFO - Marking task as SUCCESS. dag_id=fetch_exchange_rates_dag, task_id=create_total_exchange_rates_table, execution_date=20230726T042000, start_date=20230726T043004, end_date=20230726T043004
[2023-07-26 04:30:04,894] {local_task_job.py:156} INFO - Task exited with return code 0
[2023-07-26 04:30:04,923] {local_task_job.py:273} INFO - 1 downstream tasks scheduled from follow-on schedule check
[2023-07-26 05:08:23,841] {taskinstance.py:1179} INFO - Dependencies all met for <TaskInstance: fetch_exchange_rates_dag.create_total_exchange_rates_table scheduled__2023-07-26T04:20:00+00:00 [queued]>
[2023-07-26 05:08:23,854] {taskinstance.py:1179} INFO - Dependencies all met for <TaskInstance: fetch_exchange_rates_dag.create_total_exchange_rates_table scheduled__2023-07-26T04:20:00+00:00 [queued]>
[2023-07-26 05:08:23,856] {taskinstance.py:1376} INFO - 
--------------------------------------------------------------------------------
[2023-07-26 05:08:23,857] {taskinstance.py:1377} INFO - Starting attempt 1 of 1
[2023-07-26 05:08:23,858] {taskinstance.py:1378} INFO - 
--------------------------------------------------------------------------------
[2023-07-26 05:08:23,877] {taskinstance.py:1397} INFO - Executing <Task(PythonOperator): create_total_exchange_rates_table> on 2023-07-26 04:20:00+00:00
[2023-07-26 05:08:23,887] {standard_task_runner.py:52} INFO - Started process 2367 to run task
[2023-07-26 05:08:23,891] {standard_task_runner.py:79} INFO - Running: ['***', 'tasks', 'run', 'fetch_exchange_rates_dag', 'create_total_exchange_rates_table', 'scheduled__2023-07-26T04:20:00+00:00', '--job-id', '626', '--raw', '--subdir', 'DAGS_FOLDER/my_calc_rates.py', '--cfg-path', '/tmp/tmpfs_0lqub', '--error-file', '/tmp/tmprwektjmo']
[2023-07-26 05:08:23,901] {standard_task_runner.py:80} INFO - Job 626: Subtask create_total_exchange_rates_table
[2023-07-26 05:08:24,039] {task_command.py:371} INFO - Running <TaskInstance: fetch_exchange_rates_dag.create_total_exchange_rates_table scheduled__2023-07-26T04:20:00+00:00 [running]> on host acb6bca32630
[2023-07-26 05:08:24,199] {taskinstance.py:1591} INFO - Exporting the following env vars:
AIRFLOW_CTX_DAG_OWNER=marina_z
AIRFLOW_CTX_DAG_ID=fetch_exchange_rates_dag
AIRFLOW_CTX_TASK_ID=create_total_exchange_rates_table
AIRFLOW_CTX_EXECUTION_DATE=2023-07-26T04:20:00+00:00
AIRFLOW_CTX_TRY_NUMBER=1
AIRFLOW_CTX_DAG_RUN_ID=scheduled__2023-07-26T04:20:00+00:00
[2023-07-26 05:08:24,210] {logging_mixin.py:115} INFO - The table total_exchange_rates is created and saved
[2023-07-26 05:08:24,257] {python.py:173} INFO - Done. Returned value was: None
[2023-07-26 05:08:24,294] {taskinstance.py:1420} INFO - Marking task as SUCCESS. dag_id=fetch_exchange_rates_dag, task_id=create_total_exchange_rates_table, execution_date=20230726T042000, start_date=20230726T050823, end_date=20230726T050824
[2023-07-26 05:08:24,364] {local_task_job.py:156} INFO - Task exited with return code 0
[2023-07-26 05:08:24,501] {local_task_job.py:273} INFO - 0 downstream tasks scheduled from follow-on schedule check
