[2023-07-25 20:38:13,765] {taskinstance.py:1179} INFO - Dependencies all met for <TaskInstance: fetch_exchange_rates_dag.fetch_exchange_rates_task scheduled__2023-07-25T10:20:00+00:00 [queued]>
[2023-07-25 20:38:13,778] {taskinstance.py:1179} INFO - Dependencies all met for <TaskInstance: fetch_exchange_rates_dag.fetch_exchange_rates_task scheduled__2023-07-25T10:20:00+00:00 [queued]>
[2023-07-25 20:38:13,779] {taskinstance.py:1376} INFO - 
--------------------------------------------------------------------------------
[2023-07-25 20:38:13,781] {taskinstance.py:1377} INFO - Starting attempt 1 of 1
[2023-07-25 20:38:13,782] {taskinstance.py:1378} INFO - 
--------------------------------------------------------------------------------
[2023-07-25 20:38:13,811] {taskinstance.py:1397} INFO - Executing <Task(PythonOperator): fetch_exchange_rates_task> on 2023-07-25 10:20:00+00:00
[2023-07-25 20:38:13,825] {standard_task_runner.py:52} INFO - Started process 9154 to run task
[2023-07-25 20:38:13,831] {standard_task_runner.py:79} INFO - Running: ['***', 'tasks', 'run', 'fetch_exchange_rates_dag', 'fetch_exchange_rates_task', 'scheduled__2023-07-25T10:20:00+00:00', '--job-id', '160', '--raw', '--subdir', 'DAGS_FOLDER/my_calc_rates.py', '--cfg-path', '/tmp/tmp0h3y6cy8', '--error-file', '/tmp/tmpj7e7p64q']
[2023-07-25 20:38:13,833] {standard_task_runner.py:80} INFO - Job 160: Subtask fetch_exchange_rates_task
[2023-07-25 20:38:14,006] {task_command.py:371} INFO - Running <TaskInstance: fetch_exchange_rates_dag.fetch_exchange_rates_task scheduled__2023-07-25T10:20:00+00:00 [running]> on host 661c8d62a693
[2023-07-25 20:38:14,206] {taskinstance.py:1591} INFO - Exporting the following env vars:
AIRFLOW_CTX_DAG_OWNER=marina_z
AIRFLOW_CTX_DAG_ID=fetch_exchange_rates_dag
AIRFLOW_CTX_TASK_ID=fetch_exchange_rates_task
AIRFLOW_CTX_EXECUTION_DATE=2023-07-25T10:20:00+00:00
AIRFLOW_CTX_TRY_NUMBER=1
AIRFLOW_CTX_DAG_RUN_ID=scheduled__2023-07-25T10:20:00+00:00
[2023-07-25 20:38:15,755] {taskinstance.py:1909} ERROR - Task failed with exception
Traceback (most recent call last):
  File "/home/airflow/.local/lib/python3.7/site-packages/airflow/operators/python.py", line 171, in execute
    return_value = self.execute_callable()
  File "/home/airflow/.local/lib/python3.7/site-packages/airflow/operators/python.py", line 189, in execute_callable
    return self.python_callable(*self.op_args, **self.op_kwargs)
  File "/opt/airflow/dags/my_calc_rates.py", line 69, in fetch_exchange_rates
    load_to_postgres = PostgresOperator(
NameError: name 'PostgresOperator' is not defined
[2023-07-25 20:38:15,770] {taskinstance.py:1420} INFO - Marking task as FAILED. dag_id=fetch_exchange_rates_dag, task_id=fetch_exchange_rates_task, execution_date=20230725T102000, start_date=20230725T203813, end_date=20230725T203815
[2023-07-25 20:38:15,880] {standard_task_runner.py:97} ERROR - Failed to execute job 160 for task fetch_exchange_rates_task (name 'PostgresOperator' is not defined; 9154)
[2023-07-25 20:38:15,907] {local_task_job.py:156} INFO - Task exited with return code 1
[2023-07-25 20:38:15,960] {local_task_job.py:273} INFO - 0 downstream tasks scheduled from follow-on schedule check
[2023-07-26 05:04:59,867] {taskinstance.py:1179} INFO - Dependencies all met for <TaskInstance: fetch_exchange_rates_dag.fetch_exchange_rates_task scheduled__2023-07-25T10:20:00+00:00 [queued]>
[2023-07-26 05:04:59,881] {taskinstance.py:1179} INFO - Dependencies all met for <TaskInstance: fetch_exchange_rates_dag.fetch_exchange_rates_task scheduled__2023-07-25T10:20:00+00:00 [queued]>
[2023-07-26 05:04:59,882] {taskinstance.py:1376} INFO - 
--------------------------------------------------------------------------------
[2023-07-26 05:04:59,883] {taskinstance.py:1377} INFO - Starting attempt 1 of 1
[2023-07-26 05:04:59,883] {taskinstance.py:1378} INFO - 
--------------------------------------------------------------------------------
[2023-07-26 05:04:59,905] {taskinstance.py:1397} INFO - Executing <Task(PythonOperator): fetch_exchange_rates_task> on 2023-07-25 10:20:00+00:00
[2023-07-26 05:04:59,919] {standard_task_runner.py:52} INFO - Started process 947 to run task
[2023-07-26 05:04:59,929] {standard_task_runner.py:79} INFO - Running: ['***', 'tasks', 'run', 'fetch_exchange_rates_dag', 'fetch_exchange_rates_task', 'scheduled__2023-07-25T10:20:00+00:00', '--job-id', '222', '--raw', '--subdir', 'DAGS_FOLDER/my_calc_rates.py', '--cfg-path', '/tmp/tmpccg5kbo2', '--error-file', '/tmp/tmpz2dz1yt9']
[2023-07-26 05:04:59,932] {standard_task_runner.py:80} INFO - Job 222: Subtask fetch_exchange_rates_task
[2023-07-26 05:05:00,131] {task_command.py:371} INFO - Running <TaskInstance: fetch_exchange_rates_dag.fetch_exchange_rates_task scheduled__2023-07-25T10:20:00+00:00 [running]> on host acb6bca32630
[2023-07-26 05:05:00,281] {taskinstance.py:1591} INFO - Exporting the following env vars:
AIRFLOW_CTX_DAG_OWNER=marina_z
AIRFLOW_CTX_DAG_ID=fetch_exchange_rates_dag
AIRFLOW_CTX_TASK_ID=fetch_exchange_rates_task
AIRFLOW_CTX_EXECUTION_DATE=2023-07-25T10:20:00+00:00
AIRFLOW_CTX_TRY_NUMBER=1
AIRFLOW_CTX_DAG_RUN_ID=scheduled__2023-07-25T10:20:00+00:00
[2023-07-26 05:05:00,648] {logging_mixin.py:115} INFO - Save a new file exchange_latest_BTC.csv
[2023-07-26 05:05:00,654] {logging_mixin.py:115} INFO - Create a new table exchange_latest_BTC
[2023-07-26 05:05:00,661] {logging_mixin.py:115} INFO - Insert into table exchange_latest_BTC
[2023-07-26 05:05:01,106] {logging_mixin.py:115} INFO - Save a new file exchange_latest_EUR.csv
[2023-07-26 05:05:01,110] {logging_mixin.py:115} INFO - Create a new table exchange_latest_EUR
[2023-07-26 05:05:01,116] {logging_mixin.py:115} INFO - Insert into table exchange_latest_EUR
[2023-07-26 05:05:01,489] {logging_mixin.py:115} INFO - Save a new file exchange_latest_GBR.csv
[2023-07-26 05:05:01,492] {logging_mixin.py:115} INFO - Create a new table exchange_latest_GBR
[2023-07-26 05:05:01,498] {logging_mixin.py:115} INFO - Insert into table exchange_latest_GBR
[2023-07-26 05:05:01,863] {logging_mixin.py:115} INFO - Save a new file exchange_latest_JPY.csv
[2023-07-26 05:05:01,864] {logging_mixin.py:115} INFO - Create a new table exchange_latest_JPY
[2023-07-26 05:05:01,868] {logging_mixin.py:115} INFO - Insert into table exchange_latest_JPY
[2023-07-26 05:05:02,212] {logging_mixin.py:115} INFO - Save a new file exchange_latest_CNY.csv
[2023-07-26 05:05:02,215] {logging_mixin.py:115} INFO - Create a new table exchange_latest_CNY
[2023-07-26 05:05:02,227] {logging_mixin.py:115} INFO - Insert into table exchange_latest_CNY
[2023-07-26 05:05:02,255] {python.py:173} INFO - Done. Returned value was: None
[2023-07-26 05:05:02,295] {taskinstance.py:1420} INFO - Marking task as SUCCESS. dag_id=fetch_exchange_rates_dag, task_id=fetch_exchange_rates_task, execution_date=20230725T102000, start_date=20230726T050459, end_date=20230726T050502
[2023-07-26 05:05:02,373] {local_task_job.py:156} INFO - Task exited with return code 0
[2023-07-26 05:05:02,557] {local_task_job.py:273} INFO - 1 downstream tasks scheduled from follow-on schedule check
