[2023-07-26 05:06:36,503] {taskinstance.py:1179} INFO - Dependencies all met for <TaskInstance: fetch_exchange_rates_dag.create_total_exchange_rates_table scheduled__2023-07-25T19:00:00+00:00 [queued]>
[2023-07-26 05:06:36,558] {taskinstance.py:1179} INFO - Dependencies all met for <TaskInstance: fetch_exchange_rates_dag.create_total_exchange_rates_table scheduled__2023-07-25T19:00:00+00:00 [queued]>
[2023-07-26 05:06:36,559] {taskinstance.py:1376} INFO - 
--------------------------------------------------------------------------------
[2023-07-26 05:06:36,559] {taskinstance.py:1377} INFO - Starting attempt 1 of 1
[2023-07-26 05:06:36,560] {taskinstance.py:1378} INFO - 
--------------------------------------------------------------------------------
[2023-07-26 05:06:36,617] {taskinstance.py:1397} INFO - Executing <Task(PythonOperator): create_total_exchange_rates_table> on 2023-07-25 19:00:00+00:00
[2023-07-26 05:06:36,674] {standard_task_runner.py:52} INFO - Started process 1641 to run task
[2023-07-26 05:06:36,695] {standard_task_runner.py:79} INFO - Running: ['***', 'tasks', 'run', 'fetch_exchange_rates_dag', 'create_total_exchange_rates_table', 'scheduled__2023-07-25T19:00:00+00:00', '--job-id', '418', '--raw', '--subdir', 'DAGS_FOLDER/my_calc_rates.py', '--cfg-path', '/tmp/tmpl_5f4pbi', '--error-file', '/tmp/tmpc2ukpr32']
[2023-07-26 05:06:36,707] {standard_task_runner.py:80} INFO - Job 418: Subtask create_total_exchange_rates_table
[2023-07-26 05:06:36,975] {task_command.py:371} INFO - Running <TaskInstance: fetch_exchange_rates_dag.create_total_exchange_rates_table scheduled__2023-07-25T19:00:00+00:00 [running]> on host acb6bca32630
[2023-07-26 05:06:37,196] {taskinstance.py:1591} INFO - Exporting the following env vars:
AIRFLOW_CTX_DAG_OWNER=marina_z
AIRFLOW_CTX_DAG_ID=fetch_exchange_rates_dag
AIRFLOW_CTX_TASK_ID=create_total_exchange_rates_table
AIRFLOW_CTX_EXECUTION_DATE=2023-07-25T19:00:00+00:00
AIRFLOW_CTX_TRY_NUMBER=1
AIRFLOW_CTX_DAG_RUN_ID=scheduled__2023-07-25T19:00:00+00:00
[2023-07-26 05:06:37,202] {logging_mixin.py:115} INFO - The table total_exchange_rates is created and saved
[2023-07-26 05:06:37,225] {python.py:173} INFO - Done. Returned value was: None
[2023-07-26 05:06:37,247] {taskinstance.py:1420} INFO - Marking task as SUCCESS. dag_id=fetch_exchange_rates_dag, task_id=create_total_exchange_rates_table, execution_date=20230725T190000, start_date=20230726T050636, end_date=20230726T050637
[2023-07-26 05:06:37,353] {local_task_job.py:156} INFO - Task exited with return code 0
[2023-07-26 05:06:37,460] {local_task_job.py:273} INFO - 1 downstream tasks scheduled from follow-on schedule check
