[2023-07-26 04:18:05,738] {taskinstance.py:1179} INFO - Dependencies all met for <TaskInstance: fetch_exchange_rates_dag.bash_task scheduled__2023-07-26T00:40:00+00:00 [queued]>
[2023-07-26 04:18:05,789] {taskinstance.py:1179} INFO - Dependencies all met for <TaskInstance: fetch_exchange_rates_dag.bash_task scheduled__2023-07-26T00:40:00+00:00 [queued]>
[2023-07-26 04:18:05,793] {taskinstance.py:1376} INFO - 
--------------------------------------------------------------------------------
[2023-07-26 04:18:05,795] {taskinstance.py:1377} INFO - Starting attempt 1 of 1
[2023-07-26 04:18:05,797] {taskinstance.py:1378} INFO - 
--------------------------------------------------------------------------------
[2023-07-26 04:18:05,832] {taskinstance.py:1397} INFO - Executing <Task(BashOperator): bash_task> on 2023-07-26 00:40:00+00:00
[2023-07-26 04:18:05,838] {standard_task_runner.py:52} INFO - Started process 6964 to run task
[2023-07-26 04:18:05,890] {standard_task_runner.py:79} INFO - Running: ['***', 'tasks', 'run', 'fetch_exchange_rates_dag', 'bash_task', 'scheduled__2023-07-26T00:40:00+00:00', '--job-id', '33', '--raw', '--subdir', 'DAGS_FOLDER/my_calc_rates.py', '--cfg-path', '/tmp/tmp1x33dylc', '--error-file', '/tmp/tmpjhzfr8jm']
[2023-07-26 04:18:05,893] {standard_task_runner.py:80} INFO - Job 33: Subtask bash_task
[2023-07-26 04:18:06,254] {task_command.py:371} INFO - Running <TaskInstance: fetch_exchange_rates_dag.bash_task scheduled__2023-07-26T00:40:00+00:00 [running]> on host 6e11a261c833
[2023-07-26 04:18:06,819] {taskinstance.py:1591} INFO - Exporting the following env vars:
AIRFLOW_CTX_DAG_OWNER=***
AIRFLOW_CTX_DAG_ID=fetch_exchange_rates_dag
AIRFLOW_CTX_TASK_ID=bash_task
AIRFLOW_CTX_EXECUTION_DATE=2023-07-26T00:40:00+00:00
AIRFLOW_CTX_TRY_NUMBER=1
AIRFLOW_CTX_DAG_RUN_ID=scheduled__2023-07-26T00:40:00+00:00
[2023-07-26 04:18:06,826] {subprocess.py:62} INFO - Tmp dir root location: 
 /tmp
[2023-07-26 04:18:06,829] {subprocess.py:74} INFO - Running command: ['bash', '-c', 'echo "Good morning my diggers!"']
[2023-07-26 04:18:07,020] {subprocess.py:85} INFO - Output:
[2023-07-26 04:18:07,054] {subprocess.py:92} INFO - Good morning my diggers!
[2023-07-26 04:18:07,056] {subprocess.py:96} INFO - Command exited with return code 0
[2023-07-26 04:18:07,184] {taskinstance.py:1420} INFO - Marking task as SUCCESS. dag_id=fetch_exchange_rates_dag, task_id=bash_task, execution_date=20230726T004000, start_date=20230726T041805, end_date=20230726T041807
[2023-07-26 04:18:07,336] {local_task_job.py:156} INFO - Task exited with return code 0
[2023-07-26 04:18:08,064] {local_task_job.py:273} INFO - 0 downstream tasks scheduled from follow-on schedule check
[2023-07-26 05:07:35,980] {taskinstance.py:1179} INFO - Dependencies all met for <TaskInstance: fetch_exchange_rates_dag.bash_task scheduled__2023-07-26T00:40:00+00:00 [queued]>
[2023-07-26 05:07:36,052] {taskinstance.py:1179} INFO - Dependencies all met for <TaskInstance: fetch_exchange_rates_dag.bash_task scheduled__2023-07-26T00:40:00+00:00 [queued]>
[2023-07-26 05:07:36,054] {taskinstance.py:1376} INFO - 
--------------------------------------------------------------------------------
[2023-07-26 05:07:36,055] {taskinstance.py:1377} INFO - Starting attempt 1 of 1
[2023-07-26 05:07:36,056] {taskinstance.py:1378} INFO - 
--------------------------------------------------------------------------------
[2023-07-26 05:07:36,131] {taskinstance.py:1397} INFO - Executing <Task(BashOperator): bash_task> on 2023-07-26 00:40:00+00:00
[2023-07-26 05:07:36,147] {standard_task_runner.py:52} INFO - Started process 2056 to run task
[2023-07-26 05:07:36,176] {standard_task_runner.py:79} INFO - Running: ['***', 'tasks', 'run', 'fetch_exchange_rates_dag', 'bash_task', 'scheduled__2023-07-26T00:40:00+00:00', '--job-id', '536', '--raw', '--subdir', 'DAGS_FOLDER/my_calc_rates.py', '--cfg-path', '/tmp/tmp_jybl7ei', '--error-file', '/tmp/tmpy_di01fv']
[2023-07-26 05:07:36,179] {standard_task_runner.py:80} INFO - Job 536: Subtask bash_task
[2023-07-26 05:07:36,453] {task_command.py:371} INFO - Running <TaskInstance: fetch_exchange_rates_dag.bash_task scheduled__2023-07-26T00:40:00+00:00 [running]> on host acb6bca32630
[2023-07-26 05:07:36,763] {taskinstance.py:1591} INFO - Exporting the following env vars:
AIRFLOW_CTX_DAG_OWNER=***
AIRFLOW_CTX_DAG_ID=fetch_exchange_rates_dag
AIRFLOW_CTX_TASK_ID=bash_task
AIRFLOW_CTX_EXECUTION_DATE=2023-07-26T00:40:00+00:00
AIRFLOW_CTX_TRY_NUMBER=1
AIRFLOW_CTX_DAG_RUN_ID=scheduled__2023-07-26T00:40:00+00:00
[2023-07-26 05:07:36,772] {subprocess.py:62} INFO - Tmp dir root location: 
 /tmp
[2023-07-26 05:07:36,783] {subprocess.py:74} INFO - Running command: ['bash', '-c', 'echo "Good morning my diggers!"']
[2023-07-26 05:07:36,889] {subprocess.py:85} INFO - Output:
[2023-07-26 05:07:36,890] {subprocess.py:92} INFO - Good morning my diggers!
[2023-07-26 05:07:36,891] {subprocess.py:96} INFO - Command exited with return code 0
[2023-07-26 05:07:37,097] {taskinstance.py:1420} INFO - Marking task as SUCCESS. dag_id=fetch_exchange_rates_dag, task_id=bash_task, execution_date=20230726T004000, start_date=20230726T050735, end_date=20230726T050737
[2023-07-26 05:07:37,189] {local_task_job.py:156} INFO - Task exited with return code 0
[2023-07-26 05:07:37,423] {local_task_job.py:273} INFO - 1 downstream tasks scheduled from follow-on schedule check
