[2023-07-25 19:03:04,904] {taskinstance.py:1179} INFO - Dependencies all met for <TaskInstance: calc-rates.insert_data manual__2023-07-25T19:03:00.821706+00:00 [queued]>
[2023-07-25 19:03:04,917] {taskinstance.py:1179} INFO - Dependencies all met for <TaskInstance: calc-rates.insert_data manual__2023-07-25T19:03:00.821706+00:00 [queued]>
[2023-07-25 19:03:04,918] {taskinstance.py:1376} INFO - 
--------------------------------------------------------------------------------
[2023-07-25 19:03:04,919] {taskinstance.py:1377} INFO - Starting attempt 1 of 1
[2023-07-25 19:03:04,919] {taskinstance.py:1378} INFO - 
--------------------------------------------------------------------------------
[2023-07-25 19:03:04,936] {taskinstance.py:1397} INFO - Executing <Task(PythonOperator): insert_data> on 2023-07-25 19:03:00.821706+00:00
[2023-07-25 19:03:04,941] {standard_task_runner.py:52} INFO - Started process 4116 to run task
[2023-07-25 19:03:04,945] {standard_task_runner.py:79} INFO - Running: ['***', 'tasks', 'run', 'calc-rates', 'insert_data', 'manual__2023-07-25T19:03:00.821706+00:00', '--job-id', '14', '--raw', '--subdir', 'DAGS_FOLDER/calc_rates.py', '--cfg-path', '/tmp/tmpzdhbts2j', '--error-file', '/tmp/tmpjmu8zmp3']
[2023-07-25 19:03:04,946] {standard_task_runner.py:80} INFO - Job 14: Subtask insert_data
[2023-07-25 19:03:05,028] {task_command.py:371} INFO - Running <TaskInstance: calc-rates.insert_data manual__2023-07-25T19:03:00.821706+00:00 [running]> on host 661c8d62a693
[2023-07-25 19:03:05,107] {taskinstance.py:1591} INFO - Exporting the following env vars:
AIRFLOW_CTX_DAG_OWNER=***
AIRFLOW_CTX_DAG_ID=calc-rates
AIRFLOW_CTX_TASK_ID=insert_data
AIRFLOW_CTX_EXECUTION_DATE=2023-07-25T19:03:00.821706+00:00
AIRFLOW_CTX_TRY_NUMBER=1
AIRFLOW_CTX_DAG_RUN_ID=manual__2023-07-25T19:03:00.821706+00:00
[2023-07-25 19:03:05,126] {logging_mixin.py:115} INFO - rate_date:  2023-07-25
[2023-07-25 19:03:05,127] {logging_mixin.py:115} INFO - value_:  29150.94736800000100
[2023-07-25 19:03:05,140] {base.py:68} INFO - Using connection ID 'my_db_conn' for task execution.
[2023-07-25 19:03:05,169] {python.py:173} INFO - Done. Returned value was: None
[2023-07-25 19:03:05,185] {taskinstance.py:1420} INFO - Marking task as SUCCESS. dag_id=calc-rates, task_id=insert_data, execution_date=20230725T190300, start_date=20230725T190304, end_date=20230725T190305
[2023-07-25 19:03:05,238] {local_task_job.py:156} INFO - Task exited with return code 0
[2023-07-25 19:03:05,272] {local_task_job.py:273} INFO - 3 downstream tasks scheduled from follow-on schedule check
