[2023-07-26 23:54:20,167] {taskinstance.py:1179} INFO - Dependencies all met for <TaskInstance: fetch_exchange_rates_dag.create_total_exchange_rates_table scheduled__2023-07-25T03:20:00+00:00 [queued]>
[2023-07-26 23:54:20,213] {taskinstance.py:1179} INFO - Dependencies all met for <TaskInstance: fetch_exchange_rates_dag.create_total_exchange_rates_table scheduled__2023-07-25T03:20:00+00:00 [queued]>
[2023-07-26 23:54:20,216] {taskinstance.py:1376} INFO - 
--------------------------------------------------------------------------------
[2023-07-26 23:54:20,219] {taskinstance.py:1377} INFO - Starting attempt 1 of 1
[2023-07-26 23:54:20,220] {taskinstance.py:1378} INFO - 
--------------------------------------------------------------------------------
[2023-07-26 23:54:20,372] {taskinstance.py:1397} INFO - Executing <Task(PythonOperator): create_total_exchange_rates_table> on 2023-07-25 03:20:00+00:00
[2023-07-26 23:54:20,389] {standard_task_runner.py:52} INFO - Started process 586 to run task
[2023-07-26 23:54:20,443] {standard_task_runner.py:79} INFO - Running: ['***', 'tasks', 'run', 'fetch_exchange_rates_dag', 'create_total_exchange_rates_table', 'scheduled__2023-07-25T03:20:00+00:00', '--job-id', '90', '--raw', '--subdir', 'DAGS_FOLDER/my_calc_rates.py', '--cfg-path', '/tmp/tmpcq25wwsg', '--error-file', '/tmp/tmpt02qduxw']
[2023-07-26 23:54:20,450] {standard_task_runner.py:80} INFO - Job 90: Subtask create_total_exchange_rates_table
[2023-07-26 23:54:20,626] {task_command.py:371} INFO - Running <TaskInstance: fetch_exchange_rates_dag.create_total_exchange_rates_table scheduled__2023-07-25T03:20:00+00:00 [running]> on host 43d0198bb36a
[2023-07-26 23:54:20,856] {taskinstance.py:1591} INFO - Exporting the following env vars:
AIRFLOW_CTX_DAG_OWNER=marina_z
AIRFLOW_CTX_DAG_ID=fetch_exchange_rates_dag
AIRFLOW_CTX_TASK_ID=create_total_exchange_rates_table
AIRFLOW_CTX_EXECUTION_DATE=2023-07-25T03:20:00+00:00
AIRFLOW_CTX_TRY_NUMBER=1
AIRFLOW_CTX_DAG_RUN_ID=scheduled__2023-07-25T03:20:00+00:00
[2023-07-26 23:54:20,863] {logging_mixin.py:115} INFO - The table total_exchange_rates is created and saved
[2023-07-26 23:54:20,886] {python.py:173} INFO - Done. Returned value was: None
[2023-07-26 23:54:20,915] {taskinstance.py:1420} INFO - Marking task as SUCCESS. dag_id=fetch_exchange_rates_dag, task_id=create_total_exchange_rates_table, execution_date=20230725T032000, start_date=20230726T235420, end_date=20230726T235420
[2023-07-26 23:54:20,990] {local_task_job.py:156} INFO - Task exited with return code 0
[2023-07-26 23:54:21,103] {local_task_job.py:273} INFO - 1 downstream tasks scheduled from follow-on schedule check
