[2023-07-26 05:05:26,067] {taskinstance.py:1179} INFO - Dependencies all met for <TaskInstance: fetch_exchange_rates_dag.create_total_exchange_rates_table scheduled__2023-07-25T11:50:00+00:00 [queued]>
[2023-07-26 05:05:26,124] {taskinstance.py:1179} INFO - Dependencies all met for <TaskInstance: fetch_exchange_rates_dag.create_total_exchange_rates_table scheduled__2023-07-25T11:50:00+00:00 [queued]>
[2023-07-26 05:05:26,125] {taskinstance.py:1376} INFO - 
--------------------------------------------------------------------------------
[2023-07-26 05:05:26,127] {taskinstance.py:1377} INFO - Starting attempt 1 of 1
[2023-07-26 05:05:26,130] {taskinstance.py:1378} INFO - 
--------------------------------------------------------------------------------
[2023-07-26 05:05:26,202] {taskinstance.py:1397} INFO - Executing <Task(PythonOperator): create_total_exchange_rates_table> on 2023-07-25 11:50:00+00:00
[2023-07-26 05:05:26,225] {standard_task_runner.py:52} INFO - Started process 1146 to run task
[2023-07-26 05:05:26,329] {standard_task_runner.py:79} INFO - Running: ['***', 'tasks', 'run', 'fetch_exchange_rates_dag', 'create_total_exchange_rates_table', 'scheduled__2023-07-25T11:50:00+00:00', '--job-id', '275', '--raw', '--subdir', 'DAGS_FOLDER/my_calc_rates.py', '--cfg-path', '/tmp/tmpoy01sorn', '--error-file', '/tmp/tmplbyhbvw8']
[2023-07-26 05:05:26,339] {standard_task_runner.py:80} INFO - Job 275: Subtask create_total_exchange_rates_table
[2023-07-26 05:05:26,690] {task_command.py:371} INFO - Running <TaskInstance: fetch_exchange_rates_dag.create_total_exchange_rates_table scheduled__2023-07-25T11:50:00+00:00 [running]> on host acb6bca32630
[2023-07-26 05:05:27,192] {taskinstance.py:1591} INFO - Exporting the following env vars:
AIRFLOW_CTX_DAG_OWNER=marina_z
AIRFLOW_CTX_DAG_ID=fetch_exchange_rates_dag
AIRFLOW_CTX_TASK_ID=create_total_exchange_rates_table
AIRFLOW_CTX_EXECUTION_DATE=2023-07-25T11:50:00+00:00
AIRFLOW_CTX_TRY_NUMBER=1
AIRFLOW_CTX_DAG_RUN_ID=scheduled__2023-07-25T11:50:00+00:00
[2023-07-26 05:05:27,203] {logging_mixin.py:115} INFO - The table total_exchange_rates is created and saved
[2023-07-26 05:05:27,231] {python.py:173} INFO - Done. Returned value was: None
[2023-07-26 05:05:27,270] {taskinstance.py:1420} INFO - Marking task as SUCCESS. dag_id=fetch_exchange_rates_dag, task_id=create_total_exchange_rates_table, execution_date=20230725T115000, start_date=20230726T050526, end_date=20230726T050527
[2023-07-26 05:05:27,361] {local_task_job.py:156} INFO - Task exited with return code 0
[2023-07-26 05:05:27,489] {local_task_job.py:273} INFO - 1 downstream tasks scheduled from follow-on schedule check
