[2023-07-26 04:18:40,010] {taskinstance.py:1179} INFO - Dependencies all met for <TaskInstance: fetch_exchange_rates_dag.fetch_exchange_rates_task scheduled__2023-07-26T03:50:00+00:00 [queued]>
[2023-07-26 04:18:40,029] {taskinstance.py:1179} INFO - Dependencies all met for <TaskInstance: fetch_exchange_rates_dag.fetch_exchange_rates_task scheduled__2023-07-26T03:50:00+00:00 [queued]>
[2023-07-26 04:18:40,031] {taskinstance.py:1376} INFO - 
--------------------------------------------------------------------------------
[2023-07-26 04:18:40,032] {taskinstance.py:1377} INFO - Starting attempt 1 of 1
[2023-07-26 04:18:40,033] {taskinstance.py:1378} INFO - 
--------------------------------------------------------------------------------
[2023-07-26 04:18:40,073] {taskinstance.py:1397} INFO - Executing <Task(PythonOperator): fetch_exchange_rates_task> on 2023-07-26 03:50:00+00:00
[2023-07-26 04:18:40,084] {standard_task_runner.py:52} INFO - Started process 7220 to run task
[2023-07-26 04:18:40,108] {standard_task_runner.py:79} INFO - Running: ['***', 'tasks', 'run', 'fetch_exchange_rates_dag', 'fetch_exchange_rates_task', 'scheduled__2023-07-26T03:50:00+00:00', '--job-id', '108', '--raw', '--subdir', 'DAGS_FOLDER/my_calc_rates.py', '--cfg-path', '/tmp/tmpmvfddupw', '--error-file', '/tmp/tmpemut163c']
[2023-07-26 04:18:40,112] {standard_task_runner.py:80} INFO - Job 108: Subtask fetch_exchange_rates_task
[2023-07-26 04:18:40,249] {task_command.py:371} INFO - Running <TaskInstance: fetch_exchange_rates_dag.fetch_exchange_rates_task scheduled__2023-07-26T03:50:00+00:00 [running]> on host 6e11a261c833
[2023-07-26 04:18:40,398] {taskinstance.py:1591} INFO - Exporting the following env vars:
AIRFLOW_CTX_DAG_OWNER=marina_z
AIRFLOW_CTX_DAG_ID=fetch_exchange_rates_dag
AIRFLOW_CTX_TASK_ID=fetch_exchange_rates_task
AIRFLOW_CTX_EXECUTION_DATE=2023-07-26T03:50:00+00:00
AIRFLOW_CTX_TRY_NUMBER=1
AIRFLOW_CTX_DAG_RUN_ID=scheduled__2023-07-26T03:50:00+00:00
[2023-07-26 04:18:40,845] {logging_mixin.py:115} INFO - Save a new table exchange_latest_BTC.csv
[2023-07-26 04:18:40,847] {logging_mixin.py:115} INFO - Create a new table exchange_latest_BTC.csv
[2023-07-26 04:18:40,858] {logging_mixin.py:115} INFO - Insert into table exchange_latest_BTC.csv
[2023-07-26 04:18:41,425] {logging_mixin.py:115} INFO - Save a new table exchange_latest_EUR.csv
[2023-07-26 04:18:41,427] {logging_mixin.py:115} INFO - Create a new table exchange_latest_EUR.csv
[2023-07-26 04:18:41,432] {logging_mixin.py:115} INFO - Insert into table exchange_latest_EUR.csv
[2023-07-26 04:18:41,769] {logging_mixin.py:115} INFO - Save a new table exchange_latest_GBR.csv
[2023-07-26 04:18:41,770] {logging_mixin.py:115} INFO - Create a new table exchange_latest_GBR.csv
[2023-07-26 04:18:41,792] {logging_mixin.py:115} INFO - Insert into table exchange_latest_GBR.csv
[2023-07-26 04:18:42,153] {logging_mixin.py:115} INFO - Save a new table exchange_latest_JPY.csv
[2023-07-26 04:18:42,156] {logging_mixin.py:115} INFO - Create a new table exchange_latest_JPY.csv
[2023-07-26 04:18:42,163] {logging_mixin.py:115} INFO - Insert into table exchange_latest_JPY.csv
[2023-07-26 04:18:42,548] {logging_mixin.py:115} INFO - Save a new table exchange_latest_CNY.csv
[2023-07-26 04:18:42,549] {logging_mixin.py:115} INFO - Create a new table exchange_latest_CNY.csv
[2023-07-26 04:18:42,558] {logging_mixin.py:115} INFO - Insert into table exchange_latest_CNY.csv
[2023-07-26 04:18:42,579] {python.py:173} INFO - Done. Returned value was: None
[2023-07-26 04:18:42,599] {taskinstance.py:1420} INFO - Marking task as SUCCESS. dag_id=fetch_exchange_rates_dag, task_id=fetch_exchange_rates_task, execution_date=20230726T035000, start_date=20230726T041840, end_date=20230726T041842
[2023-07-26 04:18:42,683] {local_task_job.py:156} INFO - Task exited with return code 0
[2023-07-26 04:18:42,799] {local_task_job.py:273} INFO - 1 downstream tasks scheduled from follow-on schedule check
[2023-07-26 05:08:18,813] {taskinstance.py:1179} INFO - Dependencies all met for <TaskInstance: fetch_exchange_rates_dag.fetch_exchange_rates_task scheduled__2023-07-26T03:50:00+00:00 [queued]>
[2023-07-26 05:08:18,840] {taskinstance.py:1179} INFO - Dependencies all met for <TaskInstance: fetch_exchange_rates_dag.fetch_exchange_rates_task scheduled__2023-07-26T03:50:00+00:00 [queued]>
[2023-07-26 05:08:18,841] {taskinstance.py:1376} INFO - 
--------------------------------------------------------------------------------
[2023-07-26 05:08:18,842] {taskinstance.py:1377} INFO - Starting attempt 1 of 1
[2023-07-26 05:08:18,848] {taskinstance.py:1378} INFO - 
--------------------------------------------------------------------------------
[2023-07-26 05:08:18,907] {taskinstance.py:1397} INFO - Executing <Task(PythonOperator): fetch_exchange_rates_task> on 2023-07-26 03:50:00+00:00
[2023-07-26 05:08:18,914] {standard_task_runner.py:52} INFO - Started process 2337 to run task
[2023-07-26 05:08:18,926] {standard_task_runner.py:79} INFO - Running: ['***', 'tasks', 'run', 'fetch_exchange_rates_dag', 'fetch_exchange_rates_task', 'scheduled__2023-07-26T03:50:00+00:00', '--job-id', '613', '--raw', '--subdir', 'DAGS_FOLDER/my_calc_rates.py', '--cfg-path', '/tmp/tmp6wfra479', '--error-file', '/tmp/tmplaycjmpu']
[2023-07-26 05:08:18,928] {standard_task_runner.py:80} INFO - Job 613: Subtask fetch_exchange_rates_task
[2023-07-26 05:08:19,093] {task_command.py:371} INFO - Running <TaskInstance: fetch_exchange_rates_dag.fetch_exchange_rates_task scheduled__2023-07-26T03:50:00+00:00 [running]> on host acb6bca32630
[2023-07-26 05:08:19,388] {taskinstance.py:1591} INFO - Exporting the following env vars:
AIRFLOW_CTX_DAG_OWNER=marina_z
AIRFLOW_CTX_DAG_ID=fetch_exchange_rates_dag
AIRFLOW_CTX_TASK_ID=fetch_exchange_rates_task
AIRFLOW_CTX_EXECUTION_DATE=2023-07-26T03:50:00+00:00
AIRFLOW_CTX_TRY_NUMBER=1
AIRFLOW_CTX_DAG_RUN_ID=scheduled__2023-07-26T03:50:00+00:00
[2023-07-26 05:08:19,818] {logging_mixin.py:115} INFO - Save a new file exchange_latest_BTC.csv
[2023-07-26 05:08:19,820] {logging_mixin.py:115} INFO - Create a new table exchange_latest_BTC
[2023-07-26 05:08:19,828] {logging_mixin.py:115} INFO - Insert into table exchange_latest_BTC
[2023-07-26 05:08:20,230] {logging_mixin.py:115} INFO - Save a new file exchange_latest_EUR.csv
[2023-07-26 05:08:20,231] {logging_mixin.py:115} INFO - Create a new table exchange_latest_EUR
[2023-07-26 05:08:20,255] {logging_mixin.py:115} INFO - Insert into table exchange_latest_EUR
[2023-07-26 05:08:20,588] {logging_mixin.py:115} INFO - Save a new file exchange_latest_GBR.csv
[2023-07-26 05:08:20,589] {logging_mixin.py:115} INFO - Create a new table exchange_latest_GBR
[2023-07-26 05:08:20,597] {logging_mixin.py:115} INFO - Insert into table exchange_latest_GBR
[2023-07-26 05:08:20,964] {logging_mixin.py:115} INFO - Save a new file exchange_latest_JPY.csv
[2023-07-26 05:08:20,965] {logging_mixin.py:115} INFO - Create a new table exchange_latest_JPY
[2023-07-26 05:08:20,972] {logging_mixin.py:115} INFO - Insert into table exchange_latest_JPY
[2023-07-26 05:08:21,275] {logging_mixin.py:115} INFO - Save a new file exchange_latest_CNY.csv
[2023-07-26 05:08:21,276] {logging_mixin.py:115} INFO - Create a new table exchange_latest_CNY
[2023-07-26 05:08:21,283] {logging_mixin.py:115} INFO - Insert into table exchange_latest_CNY
[2023-07-26 05:08:21,300] {python.py:173} INFO - Done. Returned value was: None
[2023-07-26 05:08:21,326] {taskinstance.py:1420} INFO - Marking task as SUCCESS. dag_id=fetch_exchange_rates_dag, task_id=fetch_exchange_rates_task, execution_date=20230726T035000, start_date=20230726T050818, end_date=20230726T050821
[2023-07-26 05:08:21,402] {local_task_job.py:156} INFO - Task exited with return code 0
[2023-07-26 05:08:21,544] {local_task_job.py:273} INFO - 1 downstream tasks scheduled from follow-on schedule check
