[2023-07-25 19:15:02,451] {taskinstance.py:1179} INFO - Dependencies all met for <TaskInstance: calc-rates.import_rates scheduled__2023-07-25T19:10:00+00:00 [queued]>
[2023-07-25 19:15:02,457] {taskinstance.py:1179} INFO - Dependencies all met for <TaskInstance: calc-rates.import_rates scheduled__2023-07-25T19:10:00+00:00 [queued]>
[2023-07-25 19:15:02,458] {taskinstance.py:1376} INFO - 
--------------------------------------------------------------------------------
[2023-07-25 19:15:02,458] {taskinstance.py:1377} INFO - Starting attempt 1 of 1
[2023-07-25 19:15:02,459] {taskinstance.py:1378} INFO - 
--------------------------------------------------------------------------------
[2023-07-25 19:15:02,470] {taskinstance.py:1397} INFO - Executing <Task(PythonOperator): import_rates> on 2023-07-25 19:10:00+00:00
[2023-07-25 19:15:02,474] {standard_task_runner.py:52} INFO - Started process 4723 to run task
[2023-07-25 19:15:02,476] {standard_task_runner.py:79} INFO - Running: ['***', 'tasks', 'run', 'calc-rates', 'import_rates', 'scheduled__2023-07-25T19:10:00+00:00', '--job-id', '25', '--raw', '--subdir', 'DAGS_FOLDER/calc_rates.py', '--cfg-path', '/tmp/tmpdan8a52v', '--error-file', '/tmp/tmp3b6ccdr8']
[2023-07-25 19:15:02,477] {standard_task_runner.py:80} INFO - Job 25: Subtask import_rates
[2023-07-25 19:15:02,538] {task_command.py:371} INFO - Running <TaskInstance: calc-rates.import_rates scheduled__2023-07-25T19:10:00+00:00 [running]> on host 661c8d62a693
[2023-07-25 19:15:02,592] {taskinstance.py:1591} INFO - Exporting the following env vars:
AIRFLOW_CTX_DAG_OWNER=marina_z
AIRFLOW_CTX_DAG_ID=calc-rates
AIRFLOW_CTX_TASK_ID=import_rates
AIRFLOW_CTX_EXECUTION_DATE=2023-07-25T19:10:00+00:00
AIRFLOW_CTX_TRY_NUMBER=1
AIRFLOW_CTX_DAG_RUN_ID=scheduled__2023-07-25T19:10:00+00:00
[2023-07-25 19:15:03,008] {python.py:173} INFO - Done. Returned value was: None
[2023-07-25 19:15:03,021] {taskinstance.py:1420} INFO - Marking task as SUCCESS. dag_id=calc-rates, task_id=import_rates, execution_date=20230725T191000, start_date=20230725T191502, end_date=20230725T191503
[2023-07-25 19:15:03,053] {local_task_job.py:156} INFO - Task exited with return code 0
[2023-07-25 19:15:03,089] {local_task_job.py:273} INFO - 1 downstream tasks scheduled from follow-on schedule check
