[2023-07-25 20:35:02,209] {taskinstance.py:1179} INFO - Dependencies all met for <TaskInstance: fetch_exchange_rates_dag.fetch_exchange_rates_task scheduled__2023-07-25T05:50:00+00:00 [queued]>
[2023-07-25 20:35:02,254] {taskinstance.py:1179} INFO - Dependencies all met for <TaskInstance: fetch_exchange_rates_dag.fetch_exchange_rates_task scheduled__2023-07-25T05:50:00+00:00 [queued]>
[2023-07-25 20:35:02,256] {taskinstance.py:1376} INFO - 
--------------------------------------------------------------------------------
[2023-07-25 20:35:02,258] {taskinstance.py:1377} INFO - Starting attempt 1 of 1
[2023-07-25 20:35:02,261] {taskinstance.py:1378} INFO - 
--------------------------------------------------------------------------------
[2023-07-25 20:35:02,311] {taskinstance.py:1397} INFO - Executing <Task(PythonOperator): fetch_exchange_rates_task> on 2023-07-25 05:50:00+00:00
[2023-07-25 20:35:02,323] {standard_task_runner.py:52} INFO - Started process 8911 to run task
[2023-07-25 20:35:02,340] {standard_task_runner.py:79} INFO - Running: ['***', 'tasks', 'run', 'fetch_exchange_rates_dag', 'fetch_exchange_rates_task', 'scheduled__2023-07-25T05:50:00+00:00', '--job-id', '129', '--raw', '--subdir', 'DAGS_FOLDER/my_calc_rates.py', '--cfg-path', '/tmp/tmp_xjc1ho4', '--error-file', '/tmp/tmp4i53peob']
[2023-07-25 20:35:02,342] {standard_task_runner.py:80} INFO - Job 129: Subtask fetch_exchange_rates_task
[2023-07-25 20:35:02,687] {task_command.py:371} INFO - Running <TaskInstance: fetch_exchange_rates_dag.fetch_exchange_rates_task scheduled__2023-07-25T05:50:00+00:00 [running]> on host 661c8d62a693
[2023-07-25 20:35:03,159] {taskinstance.py:1591} INFO - Exporting the following env vars:
AIRFLOW_CTX_DAG_OWNER=marina_z
AIRFLOW_CTX_DAG_ID=fetch_exchange_rates_dag
AIRFLOW_CTX_TASK_ID=fetch_exchange_rates_task
AIRFLOW_CTX_EXECUTION_DATE=2023-07-25T05:50:00+00:00
AIRFLOW_CTX_TRY_NUMBER=1
AIRFLOW_CTX_DAG_RUN_ID=scheduled__2023-07-25T05:50:00+00:00
[2023-07-25 20:35:04,751] {taskinstance.py:1909} ERROR - Task failed with exception
Traceback (most recent call last):
  File "/home/airflow/.local/lib/python3.7/site-packages/airflow/operators/python.py", line 171, in execute
    return_value = self.execute_callable()
  File "/home/airflow/.local/lib/python3.7/site-packages/airflow/operators/python.py", line 189, in execute_callable
    return self.python_callable(*self.op_args, **self.op_kwargs)
  File "/opt/airflow/dags/my_calc_rates.py", line 69, in fetch_exchange_rates
    load_to_postgres = PostgresOperator(
NameError: name 'PostgresOperator' is not defined
[2023-07-25 20:35:04,767] {taskinstance.py:1420} INFO - Marking task as FAILED. dag_id=fetch_exchange_rates_dag, task_id=fetch_exchange_rates_task, execution_date=20230725T055000, start_date=20230725T203502, end_date=20230725T203504
[2023-07-25 20:35:04,787] {standard_task_runner.py:97} ERROR - Failed to execute job 129 for task fetch_exchange_rates_task (name 'PostgresOperator' is not defined; 8911)
[2023-07-25 20:35:04,847] {local_task_job.py:156} INFO - Task exited with return code 1
[2023-07-25 20:35:04,882] {local_task_job.py:273} INFO - 0 downstream tasks scheduled from follow-on schedule check
[2023-07-26 05:04:16,038] {taskinstance.py:1179} INFO - Dependencies all met for <TaskInstance: fetch_exchange_rates_dag.fetch_exchange_rates_task scheduled__2023-07-25T05:50:00+00:00 [queued]>
[2023-07-26 05:04:16,065] {taskinstance.py:1179} INFO - Dependencies all met for <TaskInstance: fetch_exchange_rates_dag.fetch_exchange_rates_task scheduled__2023-07-25T05:50:00+00:00 [queued]>
[2023-07-26 05:04:16,071] {taskinstance.py:1376} INFO - 
--------------------------------------------------------------------------------
[2023-07-26 05:04:16,075] {taskinstance.py:1377} INFO - Starting attempt 1 of 1
[2023-07-26 05:04:16,084] {taskinstance.py:1378} INFO - 
--------------------------------------------------------------------------------
[2023-07-26 05:04:16,110] {taskinstance.py:1397} INFO - Executing <Task(PythonOperator): fetch_exchange_rates_task> on 2023-07-25 05:50:00+00:00
[2023-07-26 05:04:16,119] {standard_task_runner.py:52} INFO - Started process 629 to run task
[2023-07-26 05:04:16,124] {standard_task_runner.py:79} INFO - Running: ['***', 'tasks', 'run', 'fetch_exchange_rates_dag', 'fetch_exchange_rates_task', 'scheduled__2023-07-25T05:50:00+00:00', '--job-id', '133', '--raw', '--subdir', 'DAGS_FOLDER/my_calc_rates.py', '--cfg-path', '/tmp/tmpgrb47kkb', '--error-file', '/tmp/tmp3odboz7w']
[2023-07-26 05:04:16,132] {standard_task_runner.py:80} INFO - Job 133: Subtask fetch_exchange_rates_task
[2023-07-26 05:04:16,292] {task_command.py:371} INFO - Running <TaskInstance: fetch_exchange_rates_dag.fetch_exchange_rates_task scheduled__2023-07-25T05:50:00+00:00 [running]> on host acb6bca32630
[2023-07-26 05:04:16,505] {taskinstance.py:1591} INFO - Exporting the following env vars:
AIRFLOW_CTX_DAG_OWNER=marina_z
AIRFLOW_CTX_DAG_ID=fetch_exchange_rates_dag
AIRFLOW_CTX_TASK_ID=fetch_exchange_rates_task
AIRFLOW_CTX_EXECUTION_DATE=2023-07-25T05:50:00+00:00
AIRFLOW_CTX_TRY_NUMBER=1
AIRFLOW_CTX_DAG_RUN_ID=scheduled__2023-07-25T05:50:00+00:00
[2023-07-26 05:04:16,885] {logging_mixin.py:115} INFO - Save a new file exchange_latest_BTC.csv
[2023-07-26 05:04:16,886] {logging_mixin.py:115} INFO - Create a new table exchange_latest_BTC
[2023-07-26 05:04:16,896] {logging_mixin.py:115} INFO - Insert into table exchange_latest_BTC
[2023-07-26 05:04:17,226] {logging_mixin.py:115} INFO - Save a new file exchange_latest_EUR.csv
[2023-07-26 05:04:17,227] {logging_mixin.py:115} INFO - Create a new table exchange_latest_EUR
[2023-07-26 05:04:17,234] {logging_mixin.py:115} INFO - Insert into table exchange_latest_EUR
[2023-07-26 05:04:17,556] {logging_mixin.py:115} INFO - Save a new file exchange_latest_GBR.csv
[2023-07-26 05:04:17,556] {logging_mixin.py:115} INFO - Create a new table exchange_latest_GBR
[2023-07-26 05:04:17,564] {logging_mixin.py:115} INFO - Insert into table exchange_latest_GBR
[2023-07-26 05:04:17,963] {logging_mixin.py:115} INFO - Save a new file exchange_latest_JPY.csv
[2023-07-26 05:04:17,966] {logging_mixin.py:115} INFO - Create a new table exchange_latest_JPY
[2023-07-26 05:04:17,976] {logging_mixin.py:115} INFO - Insert into table exchange_latest_JPY
[2023-07-26 05:04:18,342] {logging_mixin.py:115} INFO - Save a new file exchange_latest_CNY.csv
[2023-07-26 05:04:18,343] {logging_mixin.py:115} INFO - Create a new table exchange_latest_CNY
[2023-07-26 05:04:18,348] {logging_mixin.py:115} INFO - Insert into table exchange_latest_CNY
[2023-07-26 05:04:18,360] {python.py:173} INFO - Done. Returned value was: None
[2023-07-26 05:04:18,375] {taskinstance.py:1420} INFO - Marking task as SUCCESS. dag_id=fetch_exchange_rates_dag, task_id=fetch_exchange_rates_task, execution_date=20230725T055000, start_date=20230726T050416, end_date=20230726T050418
[2023-07-26 05:04:18,403] {local_task_job.py:156} INFO - Task exited with return code 0
[2023-07-26 05:04:18,440] {local_task_job.py:273} INFO - 1 downstream tasks scheduled from follow-on schedule check
