[2023-07-26 04:18:17,076] {taskinstance.py:1179} INFO - Dependencies all met for <TaskInstance: fetch_exchange_rates_dag.fetch_exchange_rates_task scheduled__2023-07-26T01:30:00+00:00 [queued]>
[2023-07-26 04:18:17,182] {taskinstance.py:1179} INFO - Dependencies all met for <TaskInstance: fetch_exchange_rates_dag.fetch_exchange_rates_task scheduled__2023-07-26T01:30:00+00:00 [queued]>
[2023-07-26 04:18:17,188] {taskinstance.py:1376} INFO - 
--------------------------------------------------------------------------------
[2023-07-26 04:18:17,189] {taskinstance.py:1377} INFO - Starting attempt 1 of 1
[2023-07-26 04:18:17,190] {taskinstance.py:1378} INFO - 
--------------------------------------------------------------------------------
[2023-07-26 04:18:17,285] {taskinstance.py:1397} INFO - Executing <Task(PythonOperator): fetch_exchange_rates_task> on 2023-07-26 01:30:00+00:00
[2023-07-26 04:18:17,305] {standard_task_runner.py:52} INFO - Started process 7067 to run task
[2023-07-26 04:18:17,312] {standard_task_runner.py:79} INFO - Running: ['***', 'tasks', 'run', 'fetch_exchange_rates_dag', 'fetch_exchange_rates_task', 'scheduled__2023-07-26T01:30:00+00:00', '--job-id', '57', '--raw', '--subdir', 'DAGS_FOLDER/my_calc_rates.py', '--cfg-path', '/tmp/tmp6uc54f1f', '--error-file', '/tmp/tmpikeziksd']
[2023-07-26 04:18:17,319] {standard_task_runner.py:80} INFO - Job 57: Subtask fetch_exchange_rates_task
[2023-07-26 04:18:17,744] {task_command.py:371} INFO - Running <TaskInstance: fetch_exchange_rates_dag.fetch_exchange_rates_task scheduled__2023-07-26T01:30:00+00:00 [running]> on host 6e11a261c833
[2023-07-26 04:18:18,455] {taskinstance.py:1591} INFO - Exporting the following env vars:
AIRFLOW_CTX_DAG_OWNER=marina_z
AIRFLOW_CTX_DAG_ID=fetch_exchange_rates_dag
AIRFLOW_CTX_TASK_ID=fetch_exchange_rates_task
AIRFLOW_CTX_EXECUTION_DATE=2023-07-26T01:30:00+00:00
AIRFLOW_CTX_TRY_NUMBER=1
AIRFLOW_CTX_DAG_RUN_ID=scheduled__2023-07-26T01:30:00+00:00
[2023-07-26 04:18:19,092] {logging_mixin.py:115} INFO - Save a new table exchange_latest_BTC.csv
[2023-07-26 04:18:19,105] {logging_mixin.py:115} INFO - Create a new table exchange_latest_BTC.csv
[2023-07-26 04:18:19,114] {logging_mixin.py:115} INFO - Insert into table exchange_latest_BTC.csv
[2023-07-26 04:18:19,573] {logging_mixin.py:115} INFO - Save a new table exchange_latest_EUR.csv
[2023-07-26 04:18:19,580] {logging_mixin.py:115} INFO - Create a new table exchange_latest_EUR.csv
[2023-07-26 04:18:19,601] {logging_mixin.py:115} INFO - Insert into table exchange_latest_EUR.csv
[2023-07-26 04:18:20,098] {logging_mixin.py:115} INFO - Save a new table exchange_latest_GBR.csv
[2023-07-26 04:18:20,099] {logging_mixin.py:115} INFO - Create a new table exchange_latest_GBR.csv
[2023-07-26 04:18:20,116] {logging_mixin.py:115} INFO - Insert into table exchange_latest_GBR.csv
[2023-07-26 04:18:20,541] {logging_mixin.py:115} INFO - Save a new table exchange_latest_JPY.csv
[2023-07-26 04:18:20,542] {logging_mixin.py:115} INFO - Create a new table exchange_latest_JPY.csv
[2023-07-26 04:18:20,554] {logging_mixin.py:115} INFO - Insert into table exchange_latest_JPY.csv
[2023-07-26 04:18:21,189] {logging_mixin.py:115} INFO - Save a new table exchange_latest_CNY.csv
[2023-07-26 04:18:21,191] {logging_mixin.py:115} INFO - Create a new table exchange_latest_CNY.csv
[2023-07-26 04:18:21,205] {logging_mixin.py:115} INFO - Insert into table exchange_latest_CNY.csv
[2023-07-26 04:18:21,238] {python.py:173} INFO - Done. Returned value was: None
[2023-07-26 04:18:21,280] {taskinstance.py:1420} INFO - Marking task as SUCCESS. dag_id=fetch_exchange_rates_dag, task_id=fetch_exchange_rates_task, execution_date=20230726T013000, start_date=20230726T041817, end_date=20230726T041821
[2023-07-26 04:18:21,506] {local_task_job.py:156} INFO - Task exited with return code 0
[2023-07-26 04:18:21,702] {local_task_job.py:273} INFO - 1 downstream tasks scheduled from follow-on schedule check
[2023-07-26 05:07:42,988] {taskinstance.py:1179} INFO - Dependencies all met for <TaskInstance: fetch_exchange_rates_dag.fetch_exchange_rates_task scheduled__2023-07-26T01:30:00+00:00 [queued]>
[2023-07-26 05:07:43,055] {taskinstance.py:1179} INFO - Dependencies all met for <TaskInstance: fetch_exchange_rates_dag.fetch_exchange_rates_task scheduled__2023-07-26T01:30:00+00:00 [queued]>
[2023-07-26 05:07:43,057] {taskinstance.py:1376} INFO - 
--------------------------------------------------------------------------------
[2023-07-26 05:07:43,067] {taskinstance.py:1377} INFO - Starting attempt 1 of 1
[2023-07-26 05:07:43,069] {taskinstance.py:1378} INFO - 
--------------------------------------------------------------------------------
[2023-07-26 05:07:43,110] {taskinstance.py:1397} INFO - Executing <Task(PythonOperator): fetch_exchange_rates_task> on 2023-07-26 01:30:00+00:00
[2023-07-26 05:07:43,176] {standard_task_runner.py:52} INFO - Started process 2131 to run task
[2023-07-26 05:07:43,217] {standard_task_runner.py:79} INFO - Running: ['***', 'tasks', 'run', 'fetch_exchange_rates_dag', 'fetch_exchange_rates_task', 'scheduled__2023-07-26T01:30:00+00:00', '--job-id', '554', '--raw', '--subdir', 'DAGS_FOLDER/my_calc_rates.py', '--cfg-path', '/tmp/tmpm17jrenk', '--error-file', '/tmp/tmpc8kfzcye']
[2023-07-26 05:07:43,224] {standard_task_runner.py:80} INFO - Job 554: Subtask fetch_exchange_rates_task
[2023-07-26 05:07:43,436] {task_command.py:371} INFO - Running <TaskInstance: fetch_exchange_rates_dag.fetch_exchange_rates_task scheduled__2023-07-26T01:30:00+00:00 [running]> on host acb6bca32630
[2023-07-26 05:07:44,229] {taskinstance.py:1591} INFO - Exporting the following env vars:
AIRFLOW_CTX_DAG_OWNER=marina_z
AIRFLOW_CTX_DAG_ID=fetch_exchange_rates_dag
AIRFLOW_CTX_TASK_ID=fetch_exchange_rates_task
AIRFLOW_CTX_EXECUTION_DATE=2023-07-26T01:30:00+00:00
AIRFLOW_CTX_TRY_NUMBER=1
AIRFLOW_CTX_DAG_RUN_ID=scheduled__2023-07-26T01:30:00+00:00
[2023-07-26 05:07:44,756] {logging_mixin.py:115} INFO - Save a new file exchange_latest_BTC.csv
[2023-07-26 05:07:44,759] {logging_mixin.py:115} INFO - Create a new table exchange_latest_BTC
[2023-07-26 05:07:44,801] {logging_mixin.py:115} INFO - Insert into table exchange_latest_BTC
[2023-07-26 05:07:45,724] {logging_mixin.py:115} INFO - Save a new file exchange_latest_EUR.csv
[2023-07-26 05:07:45,738] {logging_mixin.py:115} INFO - Create a new table exchange_latest_EUR
[2023-07-26 05:07:45,814] {logging_mixin.py:115} INFO - Insert into table exchange_latest_EUR
[2023-07-26 05:07:46,481] {logging_mixin.py:115} INFO - Save a new file exchange_latest_GBR.csv
[2023-07-26 05:07:46,484] {logging_mixin.py:115} INFO - Create a new table exchange_latest_GBR
[2023-07-26 05:07:46,504] {logging_mixin.py:115} INFO - Insert into table exchange_latest_GBR
[2023-07-26 05:07:47,069] {logging_mixin.py:115} INFO - Save a new file exchange_latest_JPY.csv
[2023-07-26 05:07:47,076] {logging_mixin.py:115} INFO - Create a new table exchange_latest_JPY
[2023-07-26 05:07:47,135] {logging_mixin.py:115} INFO - Insert into table exchange_latest_JPY
[2023-07-26 05:07:47,889] {logging_mixin.py:115} INFO - Save a new file exchange_latest_CNY.csv
[2023-07-26 05:07:47,901] {logging_mixin.py:115} INFO - Create a new table exchange_latest_CNY
[2023-07-26 05:07:47,944] {logging_mixin.py:115} INFO - Insert into table exchange_latest_CNY
[2023-07-26 05:07:48,008] {taskinstance.py:1909} ERROR - Task failed with exception
Traceback (most recent call last):
  File "/home/airflow/.local/lib/python3.7/site-packages/airflow/operators/python.py", line 171, in execute
    return_value = self.execute_callable()
  File "/home/airflow/.local/lib/python3.7/site-packages/airflow/operators/python.py", line 189, in execute_callable
    return self.python_callable(*self.op_args, **self.op_kwargs)
  File "/opt/airflow/dags/my_calc_rates.py", line 99, in fetch_exchange_rates
    cur.execute(copy_query)
psycopg2.errors.InvalidTextRepresentation: invalid input syntax for type numeric: "2023-07-26"
CONTEXT:  COPY exchange_rates_cny, line 3, column exchange_rate: "2023-07-26"

[2023-07-26 05:07:48,135] {taskinstance.py:1420} INFO - Marking task as FAILED. dag_id=fetch_exchange_rates_dag, task_id=fetch_exchange_rates_task, execution_date=20230726T013000, start_date=20230726T050742, end_date=20230726T050748
[2023-07-26 05:07:48,454] {standard_task_runner.py:97} ERROR - Failed to execute job 554 for task fetch_exchange_rates_task (invalid input syntax for type numeric: "2023-07-26"
CONTEXT:  COPY exchange_rates_cny, line 3, column exchange_rate: "2023-07-26"
; 2131)
[2023-07-26 05:07:48,602] {local_task_job.py:156} INFO - Task exited with return code 1
[2023-07-26 05:07:48,992] {local_task_job.py:273} INFO - 0 downstream tasks scheduled from follow-on schedule check
