[2023-07-25 20:38:26,413] {taskinstance.py:1179} INFO - Dependencies all met for <TaskInstance: fetch_exchange_rates_dag.fetch_exchange_rates_task scheduled__2023-07-25T13:50:00+00:00 [queued]>
[2023-07-25 20:38:26,424] {taskinstance.py:1179} INFO - Dependencies all met for <TaskInstance: fetch_exchange_rates_dag.fetch_exchange_rates_task scheduled__2023-07-25T13:50:00+00:00 [queued]>
[2023-07-25 20:38:26,425] {taskinstance.py:1376} INFO - 
--------------------------------------------------------------------------------
[2023-07-25 20:38:26,426] {taskinstance.py:1377} INFO - Starting attempt 1 of 1
[2023-07-25 20:38:26,427] {taskinstance.py:1378} INFO - 
--------------------------------------------------------------------------------
[2023-07-25 20:38:26,446] {taskinstance.py:1397} INFO - Executing <Task(PythonOperator): fetch_exchange_rates_task> on 2023-07-25 13:50:00+00:00
[2023-07-25 20:38:26,452] {standard_task_runner.py:52} INFO - Started process 9222 to run task
[2023-07-25 20:38:26,457] {standard_task_runner.py:79} INFO - Running: ['***', 'tasks', 'run', 'fetch_exchange_rates_dag', 'fetch_exchange_rates_task', 'scheduled__2023-07-25T13:50:00+00:00', '--job-id', '181', '--raw', '--subdir', 'DAGS_FOLDER/my_calc_rates.py', '--cfg-path', '/tmp/tmp84km22wz', '--error-file', '/tmp/tmptzzq7ois']
[2023-07-25 20:38:26,460] {standard_task_runner.py:80} INFO - Job 181: Subtask fetch_exchange_rates_task
[2023-07-25 20:38:26,616] {task_command.py:371} INFO - Running <TaskInstance: fetch_exchange_rates_dag.fetch_exchange_rates_task scheduled__2023-07-25T13:50:00+00:00 [running]> on host 661c8d62a693
[2023-07-25 20:38:26,799] {taskinstance.py:1591} INFO - Exporting the following env vars:
AIRFLOW_CTX_DAG_OWNER=marina_z
AIRFLOW_CTX_DAG_ID=fetch_exchange_rates_dag
AIRFLOW_CTX_TASK_ID=fetch_exchange_rates_task
AIRFLOW_CTX_EXECUTION_DATE=2023-07-25T13:50:00+00:00
AIRFLOW_CTX_TRY_NUMBER=1
AIRFLOW_CTX_DAG_RUN_ID=scheduled__2023-07-25T13:50:00+00:00
[2023-07-25 20:38:28,496] {taskinstance.py:1909} ERROR - Task failed with exception
Traceback (most recent call last):
  File "/home/airflow/.local/lib/python3.7/site-packages/airflow/operators/python.py", line 171, in execute
    return_value = self.execute_callable()
  File "/home/airflow/.local/lib/python3.7/site-packages/airflow/operators/python.py", line 189, in execute_callable
    return self.python_callable(*self.op_args, **self.op_kwargs)
  File "/opt/airflow/dags/my_calc_rates.py", line 69, in fetch_exchange_rates
    load_to_postgres = PostgresOperator(
NameError: name 'PostgresOperator' is not defined
[2023-07-25 20:38:28,512] {taskinstance.py:1420} INFO - Marking task as FAILED. dag_id=fetch_exchange_rates_dag, task_id=fetch_exchange_rates_task, execution_date=20230725T135000, start_date=20230725T203826, end_date=20230725T203828
[2023-07-25 20:38:28,532] {standard_task_runner.py:97} ERROR - Failed to execute job 181 for task fetch_exchange_rates_task (name 'PostgresOperator' is not defined; 9222)
[2023-07-25 20:38:28,562] {local_task_job.py:156} INFO - Task exited with return code 1
[2023-07-25 20:38:28,613] {local_task_job.py:273} INFO - 0 downstream tasks scheduled from follow-on schedule check
[2023-07-26 05:05:26,503] {taskinstance.py:1179} INFO - Dependencies all met for <TaskInstance: fetch_exchange_rates_dag.fetch_exchange_rates_task scheduled__2023-07-25T13:50:00+00:00 [queued]>
[2023-07-26 05:05:26,600] {taskinstance.py:1179} INFO - Dependencies all met for <TaskInstance: fetch_exchange_rates_dag.fetch_exchange_rates_task scheduled__2023-07-25T13:50:00+00:00 [queued]>
[2023-07-26 05:05:26,647] {taskinstance.py:1376} INFO - 
--------------------------------------------------------------------------------
[2023-07-26 05:05:26,654] {taskinstance.py:1377} INFO - Starting attempt 1 of 1
[2023-07-26 05:05:26,655] {taskinstance.py:1378} INFO - 
--------------------------------------------------------------------------------
[2023-07-26 05:05:26,800] {taskinstance.py:1397} INFO - Executing <Task(PythonOperator): fetch_exchange_rates_task> on 2023-07-25 13:50:00+00:00
[2023-07-26 05:05:26,826] {standard_task_runner.py:52} INFO - Started process 1150 to run task
[2023-07-26 05:05:26,854] {standard_task_runner.py:79} INFO - Running: ['***', 'tasks', 'run', 'fetch_exchange_rates_dag', 'fetch_exchange_rates_task', 'scheduled__2023-07-25T13:50:00+00:00', '--job-id', '276', '--raw', '--subdir', 'DAGS_FOLDER/my_calc_rates.py', '--cfg-path', '/tmp/tmp_dil5i9g', '--error-file', '/tmp/tmpx3rwz8qo']
[2023-07-26 05:05:26,878] {standard_task_runner.py:80} INFO - Job 276: Subtask fetch_exchange_rates_task
[2023-07-26 05:05:27,283] {task_command.py:371} INFO - Running <TaskInstance: fetch_exchange_rates_dag.fetch_exchange_rates_task scheduled__2023-07-25T13:50:00+00:00 [running]> on host acb6bca32630
[2023-07-26 05:05:27,778] {taskinstance.py:1591} INFO - Exporting the following env vars:
AIRFLOW_CTX_DAG_OWNER=marina_z
AIRFLOW_CTX_DAG_ID=fetch_exchange_rates_dag
AIRFLOW_CTX_TASK_ID=fetch_exchange_rates_task
AIRFLOW_CTX_EXECUTION_DATE=2023-07-25T13:50:00+00:00
AIRFLOW_CTX_TRY_NUMBER=1
AIRFLOW_CTX_DAG_RUN_ID=scheduled__2023-07-25T13:50:00+00:00
[2023-07-26 05:05:28,167] {logging_mixin.py:115} INFO - Save a new file exchange_latest_BTC.csv
[2023-07-26 05:05:28,169] {logging_mixin.py:115} INFO - Create a new table exchange_latest_BTC
[2023-07-26 05:05:28,179] {logging_mixin.py:115} INFO - Insert into table exchange_latest_BTC
[2023-07-26 05:05:28,702] {logging_mixin.py:115} INFO - Save a new file exchange_latest_EUR.csv
[2023-07-26 05:05:28,705] {logging_mixin.py:115} INFO - Create a new table exchange_latest_EUR
[2023-07-26 05:05:28,714] {logging_mixin.py:115} INFO - Insert into table exchange_latest_EUR
[2023-07-26 05:05:29,119] {logging_mixin.py:115} INFO - Save a new file exchange_latest_GBR.csv
[2023-07-26 05:05:29,122] {logging_mixin.py:115} INFO - Create a new table exchange_latest_GBR
[2023-07-26 05:05:29,132] {logging_mixin.py:115} INFO - Insert into table exchange_latest_GBR
[2023-07-26 05:05:29,676] {logging_mixin.py:115} INFO - Save a new file exchange_latest_JPY.csv
[2023-07-26 05:05:29,681] {logging_mixin.py:115} INFO - Create a new table exchange_latest_JPY
[2023-07-26 05:05:29,693] {logging_mixin.py:115} INFO - Insert into table exchange_latest_JPY
[2023-07-26 05:05:30,143] {logging_mixin.py:115} INFO - Save a new file exchange_latest_CNY.csv
[2023-07-26 05:05:30,145] {logging_mixin.py:115} INFO - Create a new table exchange_latest_CNY
[2023-07-26 05:05:30,159] {logging_mixin.py:115} INFO - Insert into table exchange_latest_CNY
[2023-07-26 05:05:30,183] {python.py:173} INFO - Done. Returned value was: None
[2023-07-26 05:05:30,413] {taskinstance.py:1420} INFO - Marking task as SUCCESS. dag_id=fetch_exchange_rates_dag, task_id=fetch_exchange_rates_task, execution_date=20230725T135000, start_date=20230726T050526, end_date=20230726T050530
[2023-07-26 05:05:30,564] {local_task_job.py:156} INFO - Task exited with return code 0
[2023-07-26 05:05:30,765] {local_task_job.py:273} INFO - 1 downstream tasks scheduled from follow-on schedule check
