[2023-07-26 05:06:39,863] {taskinstance.py:1179} INFO - Dependencies all met for <TaskInstance: fetch_exchange_rates_dag.print_csv_table scheduled__2023-07-25T18:20:00+00:00 [queued]>
[2023-07-26 05:06:39,898] {taskinstance.py:1179} INFO - Dependencies all met for <TaskInstance: fetch_exchange_rates_dag.print_csv_table scheduled__2023-07-25T18:20:00+00:00 [queued]>
[2023-07-26 05:06:39,906] {taskinstance.py:1376} INFO - 
--------------------------------------------------------------------------------
[2023-07-26 05:06:39,907] {taskinstance.py:1377} INFO - Starting attempt 1 of 1
[2023-07-26 05:06:39,908] {taskinstance.py:1378} INFO - 
--------------------------------------------------------------------------------
[2023-07-26 05:06:39,951] {taskinstance.py:1397} INFO - Executing <Task(PythonOperator): print_csv_table> on 2023-07-25 18:20:00+00:00
[2023-07-26 05:06:39,966] {standard_task_runner.py:52} INFO - Started process 1664 to run task
[2023-07-26 05:06:39,982] {standard_task_runner.py:79} INFO - Running: ['***', 'tasks', 'run', 'fetch_exchange_rates_dag', 'print_csv_table', 'scheduled__2023-07-25T18:20:00+00:00', '--job-id', '426', '--raw', '--subdir', 'DAGS_FOLDER/my_calc_rates.py', '--cfg-path', '/tmp/tmpaonplhxd', '--error-file', '/tmp/tmphmhj4ag5']
[2023-07-26 05:06:39,986] {standard_task_runner.py:80} INFO - Job 426: Subtask print_csv_table
[2023-07-26 05:06:40,189] {task_command.py:371} INFO - Running <TaskInstance: fetch_exchange_rates_dag.print_csv_table scheduled__2023-07-25T18:20:00+00:00 [running]> on host acb6bca32630
[2023-07-26 05:06:40,421] {taskinstance.py:1591} INFO - Exporting the following env vars:
AIRFLOW_CTX_DAG_OWNER=marina_z
AIRFLOW_CTX_DAG_ID=fetch_exchange_rates_dag
AIRFLOW_CTX_TASK_ID=print_csv_table
AIRFLOW_CTX_EXECUTION_DATE=2023-07-25T18:20:00+00:00
AIRFLOW_CTX_TRY_NUMBER=1
AIRFLOW_CTX_DAG_RUN_ID=scheduled__2023-07-25T18:20:00+00:00
[2023-07-26 05:06:40,445] {logging_mixin.py:115} INFO -   exchange_id  exchange_rate base_exchange        date
0         RUB     2622163.50           BTC  2023-07-26
1         RUB          99.60           EUR  2023-07-26
2         RUB          99.64           EUR  2023-07-26
3         RUB           0.64           JPY  2023-07-26
4         RUB          12.64           CNY  2023-07-26
[2023-07-26 05:06:40,457] {python.py:173} INFO - Done. Returned value was: None
[2023-07-26 05:06:40,492] {taskinstance.py:1420} INFO - Marking task as SUCCESS. dag_id=fetch_exchange_rates_dag, task_id=print_csv_table, execution_date=20230725T182000, start_date=20230726T050639, end_date=20230726T050640
[2023-07-26 05:06:40,572] {local_task_job.py:156} INFO - Task exited with return code 0
[2023-07-26 05:06:40,637] {local_task_job.py:273} INFO - 0 downstream tasks scheduled from follow-on schedule check
