[2023-07-25 20:38:41,769] {taskinstance.py:1179} INFO - Dependencies all met for <TaskInstance: fetch_exchange_rates_dag.fetch_exchange_rates_task scheduled__2023-07-25T16:30:00+00:00 [queued]>
[2023-07-25 20:38:41,796] {taskinstance.py:1179} INFO - Dependencies all met for <TaskInstance: fetch_exchange_rates_dag.fetch_exchange_rates_task scheduled__2023-07-25T16:30:00+00:00 [queued]>
[2023-07-25 20:38:41,797] {taskinstance.py:1376} INFO - 
--------------------------------------------------------------------------------
[2023-07-25 20:38:41,798] {taskinstance.py:1377} INFO - Starting attempt 1 of 1
[2023-07-25 20:38:41,799] {taskinstance.py:1378} INFO - 
--------------------------------------------------------------------------------
[2023-07-25 20:38:41,858] {taskinstance.py:1397} INFO - Executing <Task(PythonOperator): fetch_exchange_rates_task> on 2023-07-25 16:30:00+00:00
[2023-07-25 20:38:41,873] {standard_task_runner.py:52} INFO - Started process 9293 to run task
[2023-07-25 20:38:41,879] {standard_task_runner.py:79} INFO - Running: ['***', 'tasks', 'run', 'fetch_exchange_rates_dag', 'fetch_exchange_rates_task', 'scheduled__2023-07-25T16:30:00+00:00', '--job-id', '197', '--raw', '--subdir', 'DAGS_FOLDER/my_calc_rates.py', '--cfg-path', '/tmp/tmp786ail2s', '--error-file', '/tmp/tmp0mbnky8t']
[2023-07-25 20:38:41,892] {standard_task_runner.py:80} INFO - Job 197: Subtask fetch_exchange_rates_task
[2023-07-25 20:38:42,182] {task_command.py:371} INFO - Running <TaskInstance: fetch_exchange_rates_dag.fetch_exchange_rates_task scheduled__2023-07-25T16:30:00+00:00 [running]> on host 661c8d62a693
[2023-07-25 20:38:42,363] {taskinstance.py:1591} INFO - Exporting the following env vars:
AIRFLOW_CTX_DAG_OWNER=marina_z
AIRFLOW_CTX_DAG_ID=fetch_exchange_rates_dag
AIRFLOW_CTX_TASK_ID=fetch_exchange_rates_task
AIRFLOW_CTX_EXECUTION_DATE=2023-07-25T16:30:00+00:00
AIRFLOW_CTX_TRY_NUMBER=1
AIRFLOW_CTX_DAG_RUN_ID=scheduled__2023-07-25T16:30:00+00:00
[2023-07-25 20:38:44,014] {taskinstance.py:1909} ERROR - Task failed with exception
Traceback (most recent call last):
  File "/home/airflow/.local/lib/python3.7/site-packages/airflow/operators/python.py", line 171, in execute
    return_value = self.execute_callable()
  File "/home/airflow/.local/lib/python3.7/site-packages/airflow/operators/python.py", line 189, in execute_callable
    return self.python_callable(*self.op_args, **self.op_kwargs)
  File "/opt/airflow/dags/my_calc_rates.py", line 69, in fetch_exchange_rates
    load_to_postgres = PostgresOperator(
NameError: name 'PostgresOperator' is not defined
[2023-07-25 20:38:44,028] {taskinstance.py:1420} INFO - Marking task as FAILED. dag_id=fetch_exchange_rates_dag, task_id=fetch_exchange_rates_task, execution_date=20230725T163000, start_date=20230725T203841, end_date=20230725T203844
[2023-07-25 20:38:44,046] {standard_task_runner.py:97} ERROR - Failed to execute job 197 for task fetch_exchange_rates_task (name 'PostgresOperator' is not defined; 9293)
[2023-07-25 20:38:44,081] {local_task_job.py:156} INFO - Task exited with return code 1
[2023-07-25 20:38:44,109] {local_task_job.py:273} INFO - 0 downstream tasks scheduled from follow-on schedule check
[2023-07-26 05:05:58,846] {taskinstance.py:1179} INFO - Dependencies all met for <TaskInstance: fetch_exchange_rates_dag.fetch_exchange_rates_task scheduled__2023-07-25T16:30:00+00:00 [queued]>
[2023-07-26 05:05:58,894] {taskinstance.py:1179} INFO - Dependencies all met for <TaskInstance: fetch_exchange_rates_dag.fetch_exchange_rates_task scheduled__2023-07-25T16:30:00+00:00 [queued]>
[2023-07-26 05:05:58,903] {taskinstance.py:1376} INFO - 
--------------------------------------------------------------------------------
[2023-07-26 05:05:58,904] {taskinstance.py:1377} INFO - Starting attempt 1 of 1
[2023-07-26 05:05:58,908] {taskinstance.py:1378} INFO - 
--------------------------------------------------------------------------------
[2023-07-26 05:05:59,141] {taskinstance.py:1397} INFO - Executing <Task(PythonOperator): fetch_exchange_rates_task> on 2023-07-25 16:30:00+00:00
[2023-07-26 05:05:59,254] {standard_task_runner.py:52} INFO - Started process 1390 to run task
[2023-07-26 05:05:59,311] {standard_task_runner.py:79} INFO - Running: ['***', 'tasks', 'run', 'fetch_exchange_rates_dag', 'fetch_exchange_rates_task', 'scheduled__2023-07-25T16:30:00+00:00', '--job-id', '341', '--raw', '--subdir', 'DAGS_FOLDER/my_calc_rates.py', '--cfg-path', '/tmp/tmplqg825pl', '--error-file', '/tmp/tmp7cjdart1']
[2023-07-26 05:05:59,335] {standard_task_runner.py:80} INFO - Job 341: Subtask fetch_exchange_rates_task
[2023-07-26 05:05:59,575] {task_command.py:371} INFO - Running <TaskInstance: fetch_exchange_rates_dag.fetch_exchange_rates_task scheduled__2023-07-25T16:30:00+00:00 [running]> on host acb6bca32630
[2023-07-26 05:06:00,207] {taskinstance.py:1591} INFO - Exporting the following env vars:
AIRFLOW_CTX_DAG_OWNER=marina_z
AIRFLOW_CTX_DAG_ID=fetch_exchange_rates_dag
AIRFLOW_CTX_TASK_ID=fetch_exchange_rates_task
AIRFLOW_CTX_EXECUTION_DATE=2023-07-25T16:30:00+00:00
AIRFLOW_CTX_TRY_NUMBER=1
AIRFLOW_CTX_DAG_RUN_ID=scheduled__2023-07-25T16:30:00+00:00
[2023-07-26 05:06:00,834] {logging_mixin.py:115} INFO - Save a new file exchange_latest_BTC.csv
[2023-07-26 05:06:00,835] {logging_mixin.py:115} INFO - Create a new table exchange_latest_BTC
[2023-07-26 05:06:00,851] {logging_mixin.py:115} INFO - Insert into table exchange_latest_BTC
[2023-07-26 05:06:01,293] {logging_mixin.py:115} INFO - Save a new file exchange_latest_EUR.csv
[2023-07-26 05:06:01,294] {logging_mixin.py:115} INFO - Create a new table exchange_latest_EUR
[2023-07-26 05:06:01,308] {logging_mixin.py:115} INFO - Insert into table exchange_latest_EUR
[2023-07-26 05:06:01,725] {logging_mixin.py:115} INFO - Save a new file exchange_latest_GBR.csv
[2023-07-26 05:06:01,726] {logging_mixin.py:115} INFO - Create a new table exchange_latest_GBR
[2023-07-26 05:06:01,734] {logging_mixin.py:115} INFO - Insert into table exchange_latest_GBR
[2023-07-26 05:06:02,173] {logging_mixin.py:115} INFO - Save a new file exchange_latest_JPY.csv
[2023-07-26 05:06:02,175] {logging_mixin.py:115} INFO - Create a new table exchange_latest_JPY
[2023-07-26 05:06:02,191] {logging_mixin.py:115} INFO - Insert into table exchange_latest_JPY
[2023-07-26 05:06:02,584] {logging_mixin.py:115} INFO - Save a new file exchange_latest_CNY.csv
[2023-07-26 05:06:02,586] {logging_mixin.py:115} INFO - Create a new table exchange_latest_CNY
[2023-07-26 05:06:02,599] {logging_mixin.py:115} INFO - Insert into table exchange_latest_CNY
[2023-07-26 05:06:02,627] {python.py:173} INFO - Done. Returned value was: None
[2023-07-26 05:06:02,692] {taskinstance.py:1420} INFO - Marking task as SUCCESS. dag_id=fetch_exchange_rates_dag, task_id=fetch_exchange_rates_task, execution_date=20230725T163000, start_date=20230726T050558, end_date=20230726T050602
[2023-07-26 05:06:02,826] {local_task_job.py:156} INFO - Task exited with return code 0
[2023-07-26 05:06:03,242] {local_task_job.py:273} INFO - 0 downstream tasks scheduled from follow-on schedule check
