[2023-07-25 19:05:00,782] {taskinstance.py:1179} INFO - Dependencies all met for <TaskInstance: calc-rates.bash_task scheduled__2023-07-25T19:00:00+00:00 [queued]>
[2023-07-25 19:05:00,790] {taskinstance.py:1179} INFO - Dependencies all met for <TaskInstance: calc-rates.bash_task scheduled__2023-07-25T19:00:00+00:00 [queued]>
[2023-07-25 19:05:00,790] {taskinstance.py:1376} INFO - 
--------------------------------------------------------------------------------
[2023-07-25 19:05:00,791] {taskinstance.py:1377} INFO - Starting attempt 1 of 1
[2023-07-25 19:05:00,792] {taskinstance.py:1378} INFO - 
--------------------------------------------------------------------------------
[2023-07-25 19:05:00,804] {taskinstance.py:1397} INFO - Executing <Task(BashOperator): bash_task> on 2023-07-25 19:00:00+00:00
[2023-07-25 19:05:00,808] {standard_task_runner.py:52} INFO - Started process 4220 to run task
[2023-07-25 19:05:00,811] {standard_task_runner.py:79} INFO - Running: ['***', 'tasks', 'run', 'calc-rates', 'bash_task', 'scheduled__2023-07-25T19:00:00+00:00', '--job-id', '16', '--raw', '--subdir', 'DAGS_FOLDER/calc_rates.py', '--cfg-path', '/tmp/tmpr8j3bmg0', '--error-file', '/tmp/tmptow412r3']
[2023-07-25 19:05:00,812] {standard_task_runner.py:80} INFO - Job 16: Subtask bash_task
[2023-07-25 19:05:00,889] {task_command.py:371} INFO - Running <TaskInstance: calc-rates.bash_task scheduled__2023-07-25T19:00:00+00:00 [running]> on host 661c8d62a693
[2023-07-25 19:05:00,957] {taskinstance.py:1591} INFO - Exporting the following env vars:
AIRFLOW_CTX_DAG_OWNER=***
AIRFLOW_CTX_DAG_ID=calc-rates
AIRFLOW_CTX_TASK_ID=bash_task
AIRFLOW_CTX_EXECUTION_DATE=2023-07-25T19:00:00+00:00
AIRFLOW_CTX_TRY_NUMBER=1
AIRFLOW_CTX_DAG_RUN_ID=scheduled__2023-07-25T19:00:00+00:00
[2023-07-25 19:05:00,958] {subprocess.py:62} INFO - Tmp dir root location: 
 /tmp
[2023-07-25 19:05:00,959] {subprocess.py:74} INFO - Running command: ['bash', '-c', "echo 'Hello, World!'"]
[2023-07-25 19:05:00,968] {subprocess.py:85} INFO - Output:
[2023-07-25 19:05:00,969] {subprocess.py:92} INFO - Hello, World!
[2023-07-25 19:05:00,970] {subprocess.py:96} INFO - Command exited with return code 0
[2023-07-25 19:05:00,996] {taskinstance.py:1420} INFO - Marking task as SUCCESS. dag_id=calc-rates, task_id=bash_task, execution_date=20230725T190000, start_date=20230725T190500, end_date=20230725T190500
[2023-07-25 19:05:01,024] {local_task_job.py:156} INFO - Task exited with return code 0
[2023-07-25 19:05:01,057] {local_task_job.py:273} INFO - 1 downstream tasks scheduled from follow-on schedule check
