[2023-07-26 05:07:19,691] {taskinstance.py:1179} INFO - Dependencies all met for <TaskInstance: fetch_exchange_rates_dag.fetch_exchange_rates_task scheduled__2023-07-25T23:30:00+00:00 [queued]>
[2023-07-26 05:07:19,724] {taskinstance.py:1179} INFO - Dependencies all met for <TaskInstance: fetch_exchange_rates_dag.fetch_exchange_rates_task scheduled__2023-07-25T23:30:00+00:00 [queued]>
[2023-07-26 05:07:19,727] {taskinstance.py:1376} INFO - 
--------------------------------------------------------------------------------
[2023-07-26 05:07:19,737] {taskinstance.py:1377} INFO - Starting attempt 1 of 1
[2023-07-26 05:07:19,738] {taskinstance.py:1378} INFO - 
--------------------------------------------------------------------------------
[2023-07-26 05:07:19,779] {taskinstance.py:1397} INFO - Executing <Task(PythonOperator): fetch_exchange_rates_task> on 2023-07-25 23:30:00+00:00
[2023-07-26 05:07:19,803] {standard_task_runner.py:52} INFO - Started process 1958 to run task
[2023-07-26 05:07:19,817] {standard_task_runner.py:79} INFO - Running: ['***', 'tasks', 'run', 'fetch_exchange_rates_dag', 'fetch_exchange_rates_task', 'scheduled__2023-07-25T23:30:00+00:00', '--job-id', '511', '--raw', '--subdir', 'DAGS_FOLDER/my_calc_rates.py', '--cfg-path', '/tmp/tmpgh1gjucw', '--error-file', '/tmp/tmp7i8483p0']
[2023-07-26 05:07:19,821] {standard_task_runner.py:80} INFO - Job 511: Subtask fetch_exchange_rates_task
[2023-07-26 05:07:20,033] {task_command.py:371} INFO - Running <TaskInstance: fetch_exchange_rates_dag.fetch_exchange_rates_task scheduled__2023-07-25T23:30:00+00:00 [running]> on host acb6bca32630
[2023-07-26 05:07:20,195] {taskinstance.py:1591} INFO - Exporting the following env vars:
AIRFLOW_CTX_DAG_OWNER=marina_z
AIRFLOW_CTX_DAG_ID=fetch_exchange_rates_dag
AIRFLOW_CTX_TASK_ID=fetch_exchange_rates_task
AIRFLOW_CTX_EXECUTION_DATE=2023-07-25T23:30:00+00:00
AIRFLOW_CTX_TRY_NUMBER=1
AIRFLOW_CTX_DAG_RUN_ID=scheduled__2023-07-25T23:30:00+00:00
[2023-07-26 05:07:20,695] {logging_mixin.py:115} INFO - Save a new file exchange_latest_BTC.csv
[2023-07-26 05:07:20,706] {logging_mixin.py:115} INFO - Create a new table exchange_latest_BTC
[2023-07-26 05:07:20,715] {logging_mixin.py:115} INFO - Insert into table exchange_latest_BTC
[2023-07-26 05:07:21,211] {logging_mixin.py:115} INFO - Save a new file exchange_latest_EUR.csv
[2023-07-26 05:07:21,211] {logging_mixin.py:115} INFO - Create a new table exchange_latest_EUR
[2023-07-26 05:07:21,220] {logging_mixin.py:115} INFO - Insert into table exchange_latest_EUR
[2023-07-26 05:07:21,623] {logging_mixin.py:115} INFO - Save a new file exchange_latest_GBR.csv
[2023-07-26 05:07:21,624] {logging_mixin.py:115} INFO - Create a new table exchange_latest_GBR
[2023-07-26 05:07:21,638] {logging_mixin.py:115} INFO - Insert into table exchange_latest_GBR
[2023-07-26 05:07:21,992] {logging_mixin.py:115} INFO - Save a new file exchange_latest_JPY.csv
[2023-07-26 05:07:21,993] {logging_mixin.py:115} INFO - Create a new table exchange_latest_JPY
[2023-07-26 05:07:22,001] {logging_mixin.py:115} INFO - Insert into table exchange_latest_JPY
[2023-07-26 05:07:22,461] {logging_mixin.py:115} INFO - Save a new file exchange_latest_CNY.csv
[2023-07-26 05:07:22,462] {logging_mixin.py:115} INFO - Create a new table exchange_latest_CNY
[2023-07-26 05:07:22,478] {logging_mixin.py:115} INFO - Insert into table exchange_latest_CNY
[2023-07-26 05:07:22,512] {python.py:173} INFO - Done. Returned value was: None
[2023-07-26 05:07:22,638] {taskinstance.py:1420} INFO - Marking task as SUCCESS. dag_id=fetch_exchange_rates_dag, task_id=fetch_exchange_rates_task, execution_date=20230725T233000, start_date=20230726T050719, end_date=20230726T050722
[2023-07-26 05:07:22,862] {local_task_job.py:156} INFO - Task exited with return code 0
[2023-07-26 05:07:23,118] {local_task_job.py:273} INFO - 1 downstream tasks scheduled from follow-on schedule check
