[2023-07-26 05:07:07,251] {taskinstance.py:1179} INFO - Dependencies all met for <TaskInstance: fetch_exchange_rates_dag.create_total_exchange_rates_table scheduled__2023-07-25T21:40:00+00:00 [queued]>
[2023-07-26 05:07:07,303] {taskinstance.py:1179} INFO - Dependencies all met for <TaskInstance: fetch_exchange_rates_dag.create_total_exchange_rates_table scheduled__2023-07-25T21:40:00+00:00 [queued]>
[2023-07-26 05:07:07,304] {taskinstance.py:1376} INFO - 
--------------------------------------------------------------------------------
[2023-07-26 05:07:07,307] {taskinstance.py:1377} INFO - Starting attempt 1 of 1
[2023-07-26 05:07:07,309] {taskinstance.py:1378} INFO - 
--------------------------------------------------------------------------------
[2023-07-26 05:07:07,424] {taskinstance.py:1397} INFO - Executing <Task(PythonOperator): create_total_exchange_rates_table> on 2023-07-25 21:40:00+00:00
[2023-07-26 05:07:07,488] {standard_task_runner.py:52} INFO - Started process 1856 to run task
[2023-07-26 05:07:07,507] {standard_task_runner.py:79} INFO - Running: ['***', 'tasks', 'run', 'fetch_exchange_rates_dag', 'create_total_exchange_rates_table', 'scheduled__2023-07-25T21:40:00+00:00', '--job-id', '480', '--raw', '--subdir', 'DAGS_FOLDER/my_calc_rates.py', '--cfg-path', '/tmp/tmpwa3n_xyw', '--error-file', '/tmp/tmptf3xb_40']
[2023-07-26 05:07:07,522] {standard_task_runner.py:80} INFO - Job 480: Subtask create_total_exchange_rates_table
[2023-07-26 05:07:07,807] {task_command.py:371} INFO - Running <TaskInstance: fetch_exchange_rates_dag.create_total_exchange_rates_table scheduled__2023-07-25T21:40:00+00:00 [running]> on host acb6bca32630
[2023-07-26 05:07:08,176] {taskinstance.py:1591} INFO - Exporting the following env vars:
AIRFLOW_CTX_DAG_OWNER=marina_z
AIRFLOW_CTX_DAG_ID=fetch_exchange_rates_dag
AIRFLOW_CTX_TASK_ID=create_total_exchange_rates_table
AIRFLOW_CTX_EXECUTION_DATE=2023-07-25T21:40:00+00:00
AIRFLOW_CTX_TRY_NUMBER=1
AIRFLOW_CTX_DAG_RUN_ID=scheduled__2023-07-25T21:40:00+00:00
[2023-07-26 05:07:08,179] {logging_mixin.py:115} INFO - The table total_exchange_rates is created and saved
[2023-07-26 05:07:08,216] {python.py:173} INFO - Done. Returned value was: None
[2023-07-26 05:07:08,263] {taskinstance.py:1420} INFO - Marking task as SUCCESS. dag_id=fetch_exchange_rates_dag, task_id=create_total_exchange_rates_table, execution_date=20230725T214000, start_date=20230726T050707, end_date=20230726T050708
[2023-07-26 05:07:08,384] {local_task_job.py:156} INFO - Task exited with return code 0
[2023-07-26 05:07:08,519] {local_task_job.py:273} INFO - 1 downstream tasks scheduled from follow-on schedule check
