[2023-07-25 20:38:12,523] {taskinstance.py:1179} INFO - Dependencies all met for <TaskInstance: fetch_exchange_rates_dag.fetch_exchange_rates_task scheduled__2023-07-25T09:30:00+00:00 [queued]>
[2023-07-25 20:38:12,535] {taskinstance.py:1179} INFO - Dependencies all met for <TaskInstance: fetch_exchange_rates_dag.fetch_exchange_rates_task scheduled__2023-07-25T09:30:00+00:00 [queued]>
[2023-07-25 20:38:12,552] {taskinstance.py:1376} INFO - 
--------------------------------------------------------------------------------
[2023-07-25 20:38:12,553] {taskinstance.py:1377} INFO - Starting attempt 1 of 1
[2023-07-25 20:38:12,553] {taskinstance.py:1378} INFO - 
--------------------------------------------------------------------------------
[2023-07-25 20:38:12,598] {taskinstance.py:1397} INFO - Executing <Task(PythonOperator): fetch_exchange_rates_task> on 2023-07-25 09:30:00+00:00
[2023-07-25 20:38:12,604] {standard_task_runner.py:52} INFO - Started process 9139 to run task
[2023-07-25 20:38:12,615] {standard_task_runner.py:79} INFO - Running: ['***', 'tasks', 'run', 'fetch_exchange_rates_dag', 'fetch_exchange_rates_task', 'scheduled__2023-07-25T09:30:00+00:00', '--job-id', '155', '--raw', '--subdir', 'DAGS_FOLDER/my_calc_rates.py', '--cfg-path', '/tmp/tmph8pn3p84', '--error-file', '/tmp/tmpj5511eaj']
[2023-07-25 20:38:12,617] {standard_task_runner.py:80} INFO - Job 155: Subtask fetch_exchange_rates_task
[2023-07-25 20:38:12,816] {task_command.py:371} INFO - Running <TaskInstance: fetch_exchange_rates_dag.fetch_exchange_rates_task scheduled__2023-07-25T09:30:00+00:00 [running]> on host 661c8d62a693
[2023-07-25 20:38:12,967] {taskinstance.py:1591} INFO - Exporting the following env vars:
AIRFLOW_CTX_DAG_OWNER=marina_z
AIRFLOW_CTX_DAG_ID=fetch_exchange_rates_dag
AIRFLOW_CTX_TASK_ID=fetch_exchange_rates_task
AIRFLOW_CTX_EXECUTION_DATE=2023-07-25T09:30:00+00:00
AIRFLOW_CTX_TRY_NUMBER=1
AIRFLOW_CTX_DAG_RUN_ID=scheduled__2023-07-25T09:30:00+00:00
[2023-07-25 20:38:14,602] {taskinstance.py:1909} ERROR - Task failed with exception
Traceback (most recent call last):
  File "/home/airflow/.local/lib/python3.7/site-packages/airflow/operators/python.py", line 171, in execute
    return_value = self.execute_callable()
  File "/home/airflow/.local/lib/python3.7/site-packages/airflow/operators/python.py", line 189, in execute_callable
    return self.python_callable(*self.op_args, **self.op_kwargs)
  File "/opt/airflow/dags/my_calc_rates.py", line 69, in fetch_exchange_rates
    load_to_postgres = PostgresOperator(
NameError: name 'PostgresOperator' is not defined
[2023-07-25 20:38:14,639] {taskinstance.py:1420} INFO - Marking task as FAILED. dag_id=fetch_exchange_rates_dag, task_id=fetch_exchange_rates_task, execution_date=20230725T093000, start_date=20230725T203812, end_date=20230725T203814
[2023-07-25 20:38:14,667] {standard_task_runner.py:97} ERROR - Failed to execute job 155 for task fetch_exchange_rates_task (name 'PostgresOperator' is not defined; 9139)
[2023-07-25 20:38:14,716] {local_task_job.py:156} INFO - Task exited with return code 1
[2023-07-25 20:38:14,897] {local_task_job.py:273} INFO - 0 downstream tasks scheduled from follow-on schedule check
[2023-07-26 05:04:47,645] {taskinstance.py:1179} INFO - Dependencies all met for <TaskInstance: fetch_exchange_rates_dag.fetch_exchange_rates_task scheduled__2023-07-25T09:30:00+00:00 [queued]>
[2023-07-26 05:04:47,658] {taskinstance.py:1179} INFO - Dependencies all met for <TaskInstance: fetch_exchange_rates_dag.fetch_exchange_rates_task scheduled__2023-07-25T09:30:00+00:00 [queued]>
[2023-07-26 05:04:47,659] {taskinstance.py:1376} INFO - 
--------------------------------------------------------------------------------
[2023-07-26 05:04:47,660] {taskinstance.py:1377} INFO - Starting attempt 1 of 1
[2023-07-26 05:04:47,662] {taskinstance.py:1378} INFO - 
--------------------------------------------------------------------------------
[2023-07-26 05:04:47,687] {taskinstance.py:1397} INFO - Executing <Task(PythonOperator): fetch_exchange_rates_task> on 2023-07-25 09:30:00+00:00
[2023-07-26 05:04:47,698] {standard_task_runner.py:52} INFO - Started process 860 to run task
[2023-07-26 05:04:47,702] {standard_task_runner.py:79} INFO - Running: ['***', 'tasks', 'run', 'fetch_exchange_rates_dag', 'fetch_exchange_rates_task', 'scheduled__2023-07-25T09:30:00+00:00', '--job-id', '200', '--raw', '--subdir', 'DAGS_FOLDER/my_calc_rates.py', '--cfg-path', '/tmp/tmp3p6wtgbc', '--error-file', '/tmp/tmpjare5x_i']
[2023-07-26 05:04:47,705] {standard_task_runner.py:80} INFO - Job 200: Subtask fetch_exchange_rates_task
[2023-07-26 05:04:47,823] {task_command.py:371} INFO - Running <TaskInstance: fetch_exchange_rates_dag.fetch_exchange_rates_task scheduled__2023-07-25T09:30:00+00:00 [running]> on host acb6bca32630
[2023-07-26 05:04:47,951] {taskinstance.py:1591} INFO - Exporting the following env vars:
AIRFLOW_CTX_DAG_OWNER=marina_z
AIRFLOW_CTX_DAG_ID=fetch_exchange_rates_dag
AIRFLOW_CTX_TASK_ID=fetch_exchange_rates_task
AIRFLOW_CTX_EXECUTION_DATE=2023-07-25T09:30:00+00:00
AIRFLOW_CTX_TRY_NUMBER=1
AIRFLOW_CTX_DAG_RUN_ID=scheduled__2023-07-25T09:30:00+00:00
[2023-07-26 05:04:48,328] {logging_mixin.py:115} INFO - Save a new file exchange_latest_BTC.csv
[2023-07-26 05:04:48,329] {logging_mixin.py:115} INFO - Create a new table exchange_latest_BTC
[2023-07-26 05:04:48,336] {logging_mixin.py:115} INFO - Insert into table exchange_latest_BTC
[2023-07-26 05:04:48,650] {logging_mixin.py:115} INFO - Save a new file exchange_latest_EUR.csv
[2023-07-26 05:04:48,652] {logging_mixin.py:115} INFO - Create a new table exchange_latest_EUR
[2023-07-26 05:04:48,660] {logging_mixin.py:115} INFO - Insert into table exchange_latest_EUR
[2023-07-26 05:04:48,970] {logging_mixin.py:115} INFO - Save a new file exchange_latest_GBR.csv
[2023-07-26 05:04:48,971] {logging_mixin.py:115} INFO - Create a new table exchange_latest_GBR
[2023-07-26 05:04:48,979] {logging_mixin.py:115} INFO - Insert into table exchange_latest_GBR
[2023-07-26 05:04:49,272] {logging_mixin.py:115} INFO - Save a new file exchange_latest_JPY.csv
[2023-07-26 05:04:49,273] {logging_mixin.py:115} INFO - Create a new table exchange_latest_JPY
[2023-07-26 05:04:49,281] {logging_mixin.py:115} INFO - Insert into table exchange_latest_JPY
[2023-07-26 05:04:49,746] {logging_mixin.py:115} INFO - Save a new file exchange_latest_CNY.csv
[2023-07-26 05:04:49,747] {logging_mixin.py:115} INFO - Create a new table exchange_latest_CNY
[2023-07-26 05:04:49,753] {logging_mixin.py:115} INFO - Insert into table exchange_latest_CNY
[2023-07-26 05:04:49,770] {python.py:173} INFO - Done. Returned value was: None
[2023-07-26 05:04:49,789] {taskinstance.py:1420} INFO - Marking task as SUCCESS. dag_id=fetch_exchange_rates_dag, task_id=fetch_exchange_rates_task, execution_date=20230725T093000, start_date=20230726T050447, end_date=20230726T050449
[2023-07-26 05:04:49,850] {local_task_job.py:156} INFO - Task exited with return code 0
[2023-07-26 05:04:49,931] {local_task_job.py:273} INFO - 0 downstream tasks scheduled from follow-on schedule check
