[2023-07-26 04:18:39,608] {taskinstance.py:1179} INFO - Dependencies all met for <TaskInstance: fetch_exchange_rates_dag.fetch_exchange_rates_task scheduled__2023-07-26T03:20:00+00:00 [queued]>
[2023-07-26 04:18:39,635] {taskinstance.py:1179} INFO - Dependencies all met for <TaskInstance: fetch_exchange_rates_dag.fetch_exchange_rates_task scheduled__2023-07-26T03:20:00+00:00 [queued]>
[2023-07-26 04:18:39,636] {taskinstance.py:1376} INFO - 
--------------------------------------------------------------------------------
[2023-07-26 04:18:39,641] {taskinstance.py:1377} INFO - Starting attempt 1 of 1
[2023-07-26 04:18:39,642] {taskinstance.py:1378} INFO - 
--------------------------------------------------------------------------------
[2023-07-26 04:18:39,685] {taskinstance.py:1397} INFO - Executing <Task(PythonOperator): fetch_exchange_rates_task> on 2023-07-26 03:20:00+00:00
[2023-07-26 04:18:39,712] {standard_task_runner.py:52} INFO - Started process 7219 to run task
[2023-07-26 04:18:39,729] {standard_task_runner.py:79} INFO - Running: ['***', 'tasks', 'run', 'fetch_exchange_rates_dag', 'fetch_exchange_rates_task', 'scheduled__2023-07-26T03:20:00+00:00', '--job-id', '107', '--raw', '--subdir', 'DAGS_FOLDER/my_calc_rates.py', '--cfg-path', '/tmp/tmp6tcsp7k8', '--error-file', '/tmp/tmp4if8u6ue']
[2023-07-26 04:18:39,732] {standard_task_runner.py:80} INFO - Job 107: Subtask fetch_exchange_rates_task
[2023-07-26 04:18:39,924] {task_command.py:371} INFO - Running <TaskInstance: fetch_exchange_rates_dag.fetch_exchange_rates_task scheduled__2023-07-26T03:20:00+00:00 [running]> on host 6e11a261c833
[2023-07-26 04:18:40,096] {taskinstance.py:1591} INFO - Exporting the following env vars:
AIRFLOW_CTX_DAG_OWNER=marina_z
AIRFLOW_CTX_DAG_ID=fetch_exchange_rates_dag
AIRFLOW_CTX_TASK_ID=fetch_exchange_rates_task
AIRFLOW_CTX_EXECUTION_DATE=2023-07-26T03:20:00+00:00
AIRFLOW_CTX_TRY_NUMBER=1
AIRFLOW_CTX_DAG_RUN_ID=scheduled__2023-07-26T03:20:00+00:00
[2023-07-26 04:18:40,513] {logging_mixin.py:115} INFO - Save a new table exchange_latest_BTC.csv
[2023-07-26 04:18:40,515] {logging_mixin.py:115} INFO - Create a new table exchange_latest_BTC.csv
[2023-07-26 04:18:40,526] {logging_mixin.py:115} INFO - Insert into table exchange_latest_BTC.csv
[2023-07-26 04:18:40,962] {logging_mixin.py:115} INFO - Save a new table exchange_latest_EUR.csv
[2023-07-26 04:18:40,963] {logging_mixin.py:115} INFO - Create a new table exchange_latest_EUR.csv
[2023-07-26 04:18:40,977] {logging_mixin.py:115} INFO - Insert into table exchange_latest_EUR.csv
[2023-07-26 04:18:41,352] {logging_mixin.py:115} INFO - Save a new table exchange_latest_GBR.csv
[2023-07-26 04:18:41,352] {logging_mixin.py:115} INFO - Create a new table exchange_latest_GBR.csv
[2023-07-26 04:18:41,365] {logging_mixin.py:115} INFO - Insert into table exchange_latest_GBR.csv
[2023-07-26 04:18:41,756] {logging_mixin.py:115} INFO - Save a new table exchange_latest_JPY.csv
[2023-07-26 04:18:41,757] {logging_mixin.py:115} INFO - Create a new table exchange_latest_JPY.csv
[2023-07-26 04:18:41,776] {logging_mixin.py:115} INFO - Insert into table exchange_latest_JPY.csv
[2023-07-26 04:18:42,168] {logging_mixin.py:115} INFO - Save a new table exchange_latest_CNY.csv
[2023-07-26 04:18:42,170] {logging_mixin.py:115} INFO - Create a new table exchange_latest_CNY.csv
[2023-07-26 04:18:42,179] {logging_mixin.py:115} INFO - Insert into table exchange_latest_CNY.csv
[2023-07-26 04:18:42,199] {python.py:173} INFO - Done. Returned value was: None
[2023-07-26 04:18:42,218] {taskinstance.py:1420} INFO - Marking task as SUCCESS. dag_id=fetch_exchange_rates_dag, task_id=fetch_exchange_rates_task, execution_date=20230726T032000, start_date=20230726T041839, end_date=20230726T041842
[2023-07-26 04:18:42,261] {local_task_job.py:156} INFO - Task exited with return code 0
[2023-07-26 04:18:42,308] {local_task_job.py:273} INFO - 1 downstream tasks scheduled from follow-on schedule check
[2023-07-26 05:08:09,566] {taskinstance.py:1179} INFO - Dependencies all met for <TaskInstance: fetch_exchange_rates_dag.fetch_exchange_rates_task scheduled__2023-07-26T03:20:00+00:00 [queued]>
[2023-07-26 05:08:09,578] {taskinstance.py:1179} INFO - Dependencies all met for <TaskInstance: fetch_exchange_rates_dag.fetch_exchange_rates_task scheduled__2023-07-26T03:20:00+00:00 [queued]>
[2023-07-26 05:08:09,580] {taskinstance.py:1376} INFO - 
--------------------------------------------------------------------------------
[2023-07-26 05:08:09,580] {taskinstance.py:1377} INFO - Starting attempt 1 of 1
[2023-07-26 05:08:09,581] {taskinstance.py:1378} INFO - 
--------------------------------------------------------------------------------
[2023-07-26 05:08:09,595] {taskinstance.py:1397} INFO - Executing <Task(PythonOperator): fetch_exchange_rates_task> on 2023-07-26 03:20:00+00:00
[2023-07-26 05:08:09,601] {standard_task_runner.py:52} INFO - Started process 2263 to run task
[2023-07-26 05:08:09,605] {standard_task_runner.py:79} INFO - Running: ['***', 'tasks', 'run', 'fetch_exchange_rates_dag', 'fetch_exchange_rates_task', 'scheduled__2023-07-26T03:20:00+00:00', '--job-id', '597', '--raw', '--subdir', 'DAGS_FOLDER/my_calc_rates.py', '--cfg-path', '/tmp/tmp5dp31be3', '--error-file', '/tmp/tmpdzlppgtx']
[2023-07-26 05:08:09,607] {standard_task_runner.py:80} INFO - Job 597: Subtask fetch_exchange_rates_task
[2023-07-26 05:08:09,686] {task_command.py:371} INFO - Running <TaskInstance: fetch_exchange_rates_dag.fetch_exchange_rates_task scheduled__2023-07-26T03:20:00+00:00 [running]> on host acb6bca32630
[2023-07-26 05:08:09,746] {taskinstance.py:1591} INFO - Exporting the following env vars:
AIRFLOW_CTX_DAG_OWNER=marina_z
AIRFLOW_CTX_DAG_ID=fetch_exchange_rates_dag
AIRFLOW_CTX_TASK_ID=fetch_exchange_rates_task
AIRFLOW_CTX_EXECUTION_DATE=2023-07-26T03:20:00+00:00
AIRFLOW_CTX_TRY_NUMBER=1
AIRFLOW_CTX_DAG_RUN_ID=scheduled__2023-07-26T03:20:00+00:00
[2023-07-26 05:08:10,217] {logging_mixin.py:115} INFO - Save a new file exchange_latest_BTC.csv
[2023-07-26 05:08:10,218] {logging_mixin.py:115} INFO - Create a new table exchange_latest_BTC
[2023-07-26 05:08:10,226] {logging_mixin.py:115} INFO - Insert into table exchange_latest_BTC
[2023-07-26 05:08:10,616] {logging_mixin.py:115} INFO - Save a new file exchange_latest_EUR.csv
[2023-07-26 05:08:10,617] {logging_mixin.py:115} INFO - Create a new table exchange_latest_EUR
[2023-07-26 05:08:10,625] {logging_mixin.py:115} INFO - Insert into table exchange_latest_EUR
[2023-07-26 05:08:10,964] {logging_mixin.py:115} INFO - Save a new file exchange_latest_GBR.csv
[2023-07-26 05:08:10,965] {logging_mixin.py:115} INFO - Create a new table exchange_latest_GBR
[2023-07-26 05:08:10,974] {logging_mixin.py:115} INFO - Insert into table exchange_latest_GBR
[2023-07-26 05:08:11,319] {logging_mixin.py:115} INFO - Save a new file exchange_latest_JPY.csv
[2023-07-26 05:08:11,319] {logging_mixin.py:115} INFO - Create a new table exchange_latest_JPY
[2023-07-26 05:08:11,328] {logging_mixin.py:115} INFO - Insert into table exchange_latest_JPY
[2023-07-26 05:08:11,695] {logging_mixin.py:115} INFO - Save a new file exchange_latest_CNY.csv
[2023-07-26 05:08:11,697] {logging_mixin.py:115} INFO - Create a new table exchange_latest_CNY
[2023-07-26 05:08:11,705] {logging_mixin.py:115} INFO - Insert into table exchange_latest_CNY
[2023-07-26 05:08:11,717] {python.py:173} INFO - Done. Returned value was: None
[2023-07-26 05:08:11,750] {taskinstance.py:1420} INFO - Marking task as SUCCESS. dag_id=fetch_exchange_rates_dag, task_id=fetch_exchange_rates_task, execution_date=20230726T032000, start_date=20230726T050809, end_date=20230726T050811
[2023-07-26 05:08:11,788] {local_task_job.py:156} INFO - Task exited with return code 0
[2023-07-26 05:08:11,846] {local_task_job.py:273} INFO - 1 downstream tasks scheduled from follow-on schedule check
