[2023-07-25 20:38:05,642] {taskinstance.py:1179} INFO - Dependencies all met for <TaskInstance: fetch_exchange_rates_dag.fetch_exchange_rates_task scheduled__2023-07-25T08:30:00+00:00 [queued]>
[2023-07-25 20:38:05,667] {taskinstance.py:1179} INFO - Dependencies all met for <TaskInstance: fetch_exchange_rates_dag.fetch_exchange_rates_task scheduled__2023-07-25T08:30:00+00:00 [queued]>
[2023-07-25 20:38:05,668] {taskinstance.py:1376} INFO - 
--------------------------------------------------------------------------------
[2023-07-25 20:38:05,672] {taskinstance.py:1377} INFO - Starting attempt 1 of 1
[2023-07-25 20:38:05,674] {taskinstance.py:1378} INFO - 
--------------------------------------------------------------------------------
[2023-07-25 20:38:05,714] {taskinstance.py:1397} INFO - Executing <Task(PythonOperator): fetch_exchange_rates_task> on 2023-07-25 08:30:00+00:00
[2023-07-25 20:38:05,723] {standard_task_runner.py:79} INFO - Running: ['***', 'tasks', 'run', 'fetch_exchange_rates_dag', 'fetch_exchange_rates_task', 'scheduled__2023-07-25T08:30:00+00:00', '--job-id', '149', '--raw', '--subdir', 'DAGS_FOLDER/my_calc_rates.py', '--cfg-path', '/tmp/tmpd33dhscv', '--error-file', '/tmp/tmpmdj1m3y0']
[2023-07-25 20:38:05,719] {standard_task_runner.py:52} INFO - Started process 9120 to run task
[2023-07-25 20:38:05,726] {standard_task_runner.py:80} INFO - Job 149: Subtask fetch_exchange_rates_task
[2023-07-25 20:38:05,934] {task_command.py:371} INFO - Running <TaskInstance: fetch_exchange_rates_dag.fetch_exchange_rates_task scheduled__2023-07-25T08:30:00+00:00 [running]> on host 661c8d62a693
[2023-07-25 20:38:06,103] {taskinstance.py:1591} INFO - Exporting the following env vars:
AIRFLOW_CTX_DAG_OWNER=marina_z
AIRFLOW_CTX_DAG_ID=fetch_exchange_rates_dag
AIRFLOW_CTX_TASK_ID=fetch_exchange_rates_task
AIRFLOW_CTX_EXECUTION_DATE=2023-07-25T08:30:00+00:00
AIRFLOW_CTX_TRY_NUMBER=1
AIRFLOW_CTX_DAG_RUN_ID=scheduled__2023-07-25T08:30:00+00:00
[2023-07-25 20:38:07,679] {taskinstance.py:1909} ERROR - Task failed with exception
Traceback (most recent call last):
  File "/home/airflow/.local/lib/python3.7/site-packages/airflow/operators/python.py", line 171, in execute
    return_value = self.execute_callable()
  File "/home/airflow/.local/lib/python3.7/site-packages/airflow/operators/python.py", line 189, in execute_callable
    return self.python_callable(*self.op_args, **self.op_kwargs)
  File "/opt/airflow/dags/my_calc_rates.py", line 69, in fetch_exchange_rates
    load_to_postgres = PostgresOperator(
NameError: name 'PostgresOperator' is not defined
[2023-07-25 20:38:07,691] {taskinstance.py:1420} INFO - Marking task as FAILED. dag_id=fetch_exchange_rates_dag, task_id=fetch_exchange_rates_task, execution_date=20230725T083000, start_date=20230725T203805, end_date=20230725T203807
[2023-07-25 20:38:07,706] {standard_task_runner.py:97} ERROR - Failed to execute job 149 for task fetch_exchange_rates_task (name 'PostgresOperator' is not defined; 9120)
[2023-07-25 20:38:07,720] {local_task_job.py:156} INFO - Task exited with return code 1
[2023-07-25 20:38:07,753] {local_task_job.py:273} INFO - 0 downstream tasks scheduled from follow-on schedule check
[2023-07-26 05:04:38,908] {taskinstance.py:1179} INFO - Dependencies all met for <TaskInstance: fetch_exchange_rates_dag.fetch_exchange_rates_task scheduled__2023-07-25T08:30:00+00:00 [queued]>
[2023-07-26 05:04:38,921] {taskinstance.py:1179} INFO - Dependencies all met for <TaskInstance: fetch_exchange_rates_dag.fetch_exchange_rates_task scheduled__2023-07-25T08:30:00+00:00 [queued]>
[2023-07-26 05:04:38,924] {taskinstance.py:1376} INFO - 
--------------------------------------------------------------------------------
[2023-07-26 05:04:38,926] {taskinstance.py:1377} INFO - Starting attempt 1 of 1
[2023-07-26 05:04:38,927] {taskinstance.py:1378} INFO - 
--------------------------------------------------------------------------------
[2023-07-26 05:04:38,957] {taskinstance.py:1397} INFO - Executing <Task(PythonOperator): fetch_exchange_rates_task> on 2023-07-25 08:30:00+00:00
[2023-07-26 05:04:38,965] {standard_task_runner.py:52} INFO - Started process 792 to run task
[2023-07-26 05:04:38,971] {standard_task_runner.py:79} INFO - Running: ['***', 'tasks', 'run', 'fetch_exchange_rates_dag', 'fetch_exchange_rates_task', 'scheduled__2023-07-25T08:30:00+00:00', '--job-id', '184', '--raw', '--subdir', 'DAGS_FOLDER/my_calc_rates.py', '--cfg-path', '/tmp/tmpgw721rcj', '--error-file', '/tmp/tmpq859grph']
[2023-07-26 05:04:38,973] {standard_task_runner.py:80} INFO - Job 184: Subtask fetch_exchange_rates_task
[2023-07-26 05:04:39,107] {task_command.py:371} INFO - Running <TaskInstance: fetch_exchange_rates_dag.fetch_exchange_rates_task scheduled__2023-07-25T08:30:00+00:00 [running]> on host acb6bca32630
[2023-07-26 05:04:39,199] {taskinstance.py:1591} INFO - Exporting the following env vars:
AIRFLOW_CTX_DAG_OWNER=marina_z
AIRFLOW_CTX_DAG_ID=fetch_exchange_rates_dag
AIRFLOW_CTX_TASK_ID=fetch_exchange_rates_task
AIRFLOW_CTX_EXECUTION_DATE=2023-07-25T08:30:00+00:00
AIRFLOW_CTX_TRY_NUMBER=1
AIRFLOW_CTX_DAG_RUN_ID=scheduled__2023-07-25T08:30:00+00:00
[2023-07-26 05:04:39,558] {logging_mixin.py:115} INFO - Save a new file exchange_latest_BTC.csv
[2023-07-26 05:04:39,559] {logging_mixin.py:115} INFO - Create a new table exchange_latest_BTC
[2023-07-26 05:04:39,566] {logging_mixin.py:115} INFO - Insert into table exchange_latest_BTC
[2023-07-26 05:04:39,903] {logging_mixin.py:115} INFO - Save a new file exchange_latest_EUR.csv
[2023-07-26 05:04:39,904] {logging_mixin.py:115} INFO - Create a new table exchange_latest_EUR
[2023-07-26 05:04:39,910] {logging_mixin.py:115} INFO - Insert into table exchange_latest_EUR
[2023-07-26 05:04:40,286] {logging_mixin.py:115} INFO - Save a new file exchange_latest_GBR.csv
[2023-07-26 05:04:40,287] {logging_mixin.py:115} INFO - Create a new table exchange_latest_GBR
[2023-07-26 05:04:40,294] {logging_mixin.py:115} INFO - Insert into table exchange_latest_GBR
[2023-07-26 05:04:40,670] {logging_mixin.py:115} INFO - Save a new file exchange_latest_JPY.csv
[2023-07-26 05:04:40,670] {logging_mixin.py:115} INFO - Create a new table exchange_latest_JPY
[2023-07-26 05:04:40,677] {logging_mixin.py:115} INFO - Insert into table exchange_latest_JPY
[2023-07-26 05:04:41,016] {logging_mixin.py:115} INFO - Save a new file exchange_latest_CNY.csv
[2023-07-26 05:04:41,017] {logging_mixin.py:115} INFO - Create a new table exchange_latest_CNY
[2023-07-26 05:04:41,022] {logging_mixin.py:115} INFO - Insert into table exchange_latest_CNY
[2023-07-26 05:04:41,036] {python.py:173} INFO - Done. Returned value was: None
[2023-07-26 05:04:41,053] {taskinstance.py:1420} INFO - Marking task as SUCCESS. dag_id=fetch_exchange_rates_dag, task_id=fetch_exchange_rates_task, execution_date=20230725T083000, start_date=20230726T050438, end_date=20230726T050441
[2023-07-26 05:04:41,110] {local_task_job.py:156} INFO - Task exited with return code 0
[2023-07-26 05:04:41,152] {local_task_job.py:273} INFO - 1 downstream tasks scheduled from follow-on schedule check
