[2023-07-26 04:18:26,527] {taskinstance.py:1179} INFO - Dependencies all met for <TaskInstance: fetch_exchange_rates_dag.print_csv_table scheduled__2023-07-26T01:10:00+00:00 [queued]>
[2023-07-26 04:18:26,605] {taskinstance.py:1179} INFO - Dependencies all met for <TaskInstance: fetch_exchange_rates_dag.print_csv_table scheduled__2023-07-26T01:10:00+00:00 [queued]>
[2023-07-26 04:18:26,607] {taskinstance.py:1376} INFO - 
--------------------------------------------------------------------------------
[2023-07-26 04:18:26,608] {taskinstance.py:1377} INFO - Starting attempt 1 of 1
[2023-07-26 04:18:26,609] {taskinstance.py:1378} INFO - 
--------------------------------------------------------------------------------
[2023-07-26 04:18:26,634] {taskinstance.py:1397} INFO - Executing <Task(PythonOperator): print_csv_table> on 2023-07-26 01:10:00+00:00
[2023-07-26 04:18:26,645] {standard_task_runner.py:52} INFO - Started process 7122 to run task
[2023-07-26 04:18:26,653] {standard_task_runner.py:79} INFO - Running: ['***', 'tasks', 'run', 'fetch_exchange_rates_dag', 'print_csv_table', 'scheduled__2023-07-26T01:10:00+00:00', '--job-id', '80', '--raw', '--subdir', 'DAGS_FOLDER/my_calc_rates.py', '--cfg-path', '/tmp/tmpxj30hs5r', '--error-file', '/tmp/tmphw772dry']
[2023-07-26 04:18:26,664] {standard_task_runner.py:80} INFO - Job 80: Subtask print_csv_table
[2023-07-26 04:18:26,864] {task_command.py:371} INFO - Running <TaskInstance: fetch_exchange_rates_dag.print_csv_table scheduled__2023-07-26T01:10:00+00:00 [running]> on host 6e11a261c833
[2023-07-26 04:18:27,100] {taskinstance.py:1591} INFO - Exporting the following env vars:
AIRFLOW_CTX_DAG_OWNER=marina_z
AIRFLOW_CTX_DAG_ID=fetch_exchange_rates_dag
AIRFLOW_CTX_TASK_ID=print_csv_table
AIRFLOW_CTX_EXECUTION_DATE=2023-07-26T01:10:00+00:00
AIRFLOW_CTX_TRY_NUMBER=1
AIRFLOW_CTX_DAG_RUN_ID=scheduled__2023-07-26T01:10:00+00:00
[2023-07-26 04:18:27,172] {logging_mixin.py:115} INFO -   exchange_id  exchange_rate base_exchange        date
0         RUB   2.622164e+06           BTC  2023-07-26
1         RUB   9.960367e+01           EUR  2023-07-26
2         RUB   9.964221e+01           EUR  2023-07-26
3         RUB   6.397940e-01           JPY  2023-07-26
4         RUB   1.263880e+01           CNY  2023-07-26
[2023-07-26 04:18:27,173] {python.py:173} INFO - Done. Returned value was: None
[2023-07-26 04:18:27,223] {taskinstance.py:1420} INFO - Marking task as SUCCESS. dag_id=fetch_exchange_rates_dag, task_id=print_csv_table, execution_date=20230726T011000, start_date=20230726T041826, end_date=20230726T041827
[2023-07-26 04:18:27,286] {local_task_job.py:156} INFO - Task exited with return code 0
[2023-07-26 04:18:27,546] {local_task_job.py:273} INFO - 0 downstream tasks scheduled from follow-on schedule check
[2023-07-26 05:08:02,532] {taskinstance.py:1179} INFO - Dependencies all met for <TaskInstance: fetch_exchange_rates_dag.print_csv_table scheduled__2023-07-26T01:10:00+00:00 [queued]>
[2023-07-26 05:08:02,593] {taskinstance.py:1179} INFO - Dependencies all met for <TaskInstance: fetch_exchange_rates_dag.print_csv_table scheduled__2023-07-26T01:10:00+00:00 [queued]>
[2023-07-26 05:08:02,599] {taskinstance.py:1376} INFO - 
--------------------------------------------------------------------------------
[2023-07-26 05:08:02,600] {taskinstance.py:1377} INFO - Starting attempt 1 of 1
[2023-07-26 05:08:02,601] {taskinstance.py:1378} INFO - 
--------------------------------------------------------------------------------
[2023-07-26 05:08:02,711] {taskinstance.py:1397} INFO - Executing <Task(PythonOperator): print_csv_table> on 2023-07-26 01:10:00+00:00
[2023-07-26 05:08:02,743] {standard_task_runner.py:52} INFO - Started process 2220 to run task
[2023-07-26 05:08:02,761] {standard_task_runner.py:79} INFO - Running: ['***', 'tasks', 'run', 'fetch_exchange_rates_dag', 'print_csv_table', 'scheduled__2023-07-26T01:10:00+00:00', '--job-id', '581', '--raw', '--subdir', 'DAGS_FOLDER/my_calc_rates.py', '--cfg-path', '/tmp/tmp4a8qvv5h', '--error-file', '/tmp/tmp6vpzzyk1']
[2023-07-26 05:08:02,768] {standard_task_runner.py:80} INFO - Job 581: Subtask print_csv_table
[2023-07-26 05:08:03,057] {task_command.py:371} INFO - Running <TaskInstance: fetch_exchange_rates_dag.print_csv_table scheduled__2023-07-26T01:10:00+00:00 [running]> on host acb6bca32630
[2023-07-26 05:08:03,285] {taskinstance.py:1591} INFO - Exporting the following env vars:
AIRFLOW_CTX_DAG_OWNER=marina_z
AIRFLOW_CTX_DAG_ID=fetch_exchange_rates_dag
AIRFLOW_CTX_TASK_ID=print_csv_table
AIRFLOW_CTX_EXECUTION_DATE=2023-07-26T01:10:00+00:00
AIRFLOW_CTX_TRY_NUMBER=1
AIRFLOW_CTX_DAG_RUN_ID=scheduled__2023-07-26T01:10:00+00:00
[2023-07-26 05:08:03,355] {logging_mixin.py:115} INFO -   exchange_id  exchange_rate base_exchange        date
0         RUB     2622163.50           BTC  2023-07-26
1         RUB          99.60           EUR  2023-07-26
2         RUB          99.64           EUR  2023-07-26
3         RUB           0.64           JPY  2023-07-26
4         RUB          12.64           CNY  2023-07-26
[2023-07-26 05:08:03,356] {python.py:173} INFO - Done. Returned value was: None
[2023-07-26 05:08:03,381] {taskinstance.py:1420} INFO - Marking task as SUCCESS. dag_id=fetch_exchange_rates_dag, task_id=print_csv_table, execution_date=20230726T011000, start_date=20230726T050802, end_date=20230726T050803
[2023-07-26 05:08:03,420] {local_task_job.py:156} INFO - Task exited with return code 0
[2023-07-26 05:08:03,507] {local_task_job.py:273} INFO - 0 downstream tasks scheduled from follow-on schedule check
