[2023-07-26 04:30:01,850] {taskinstance.py:1179} INFO - Dependencies all met for <TaskInstance: fetch_exchange_rates_dag.fetch_exchange_rates_task scheduled__2023-07-26T04:20:00+00:00 [queued]>
[2023-07-26 04:30:01,857] {taskinstance.py:1179} INFO - Dependencies all met for <TaskInstance: fetch_exchange_rates_dag.fetch_exchange_rates_task scheduled__2023-07-26T04:20:00+00:00 [queued]>
[2023-07-26 04:30:01,858] {taskinstance.py:1376} INFO - 
--------------------------------------------------------------------------------
[2023-07-26 04:30:01,858] {taskinstance.py:1377} INFO - Starting attempt 1 of 1
[2023-07-26 04:30:01,859] {taskinstance.py:1378} INFO - 
--------------------------------------------------------------------------------
[2023-07-26 04:30:01,869] {taskinstance.py:1397} INFO - Executing <Task(PythonOperator): fetch_exchange_rates_task> on 2023-07-26 04:20:00+00:00
[2023-07-26 04:30:01,874] {standard_task_runner.py:52} INFO - Started process 7834 to run task
[2023-07-26 04:30:01,877] {standard_task_runner.py:79} INFO - Running: ['***', 'tasks', 'run', 'fetch_exchange_rates_dag', 'fetch_exchange_rates_task', 'scheduled__2023-07-26T04:20:00+00:00', '--job-id', '130', '--raw', '--subdir', 'DAGS_FOLDER/my_calc_rates.py', '--cfg-path', '/tmp/tmp8j1f8xp4', '--error-file', '/tmp/tmpx2874byr']
[2023-07-26 04:30:01,878] {standard_task_runner.py:80} INFO - Job 130: Subtask fetch_exchange_rates_task
[2023-07-26 04:30:01,936] {task_command.py:371} INFO - Running <TaskInstance: fetch_exchange_rates_dag.fetch_exchange_rates_task scheduled__2023-07-26T04:20:00+00:00 [running]> on host 6e11a261c833
[2023-07-26 04:30:01,988] {taskinstance.py:1591} INFO - Exporting the following env vars:
AIRFLOW_CTX_DAG_OWNER=marina_z
AIRFLOW_CTX_DAG_ID=fetch_exchange_rates_dag
AIRFLOW_CTX_TASK_ID=fetch_exchange_rates_task
AIRFLOW_CTX_EXECUTION_DATE=2023-07-26T04:20:00+00:00
AIRFLOW_CTX_TRY_NUMBER=1
AIRFLOW_CTX_DAG_RUN_ID=scheduled__2023-07-26T04:20:00+00:00
[2023-07-26 04:30:02,383] {logging_mixin.py:115} INFO - Save a new table exchange_latest_BTC.csv
[2023-07-26 04:30:02,384] {logging_mixin.py:115} INFO - Create a new table exchange_latest_BTC.csv
[2023-07-26 04:30:02,389] {logging_mixin.py:115} INFO - Insert into table exchange_latest_BTC.csv
[2023-07-26 04:30:02,787] {logging_mixin.py:115} INFO - Save a new table exchange_latest_EUR.csv
[2023-07-26 04:30:02,787] {logging_mixin.py:115} INFO - Create a new table exchange_latest_EUR.csv
[2023-07-26 04:30:02,793] {logging_mixin.py:115} INFO - Insert into table exchange_latest_EUR.csv
[2023-07-26 04:30:03,142] {logging_mixin.py:115} INFO - Save a new table exchange_latest_GBR.csv
[2023-07-26 04:30:03,142] {logging_mixin.py:115} INFO - Create a new table exchange_latest_GBR.csv
[2023-07-26 04:30:03,151] {logging_mixin.py:115} INFO - Insert into table exchange_latest_GBR.csv
[2023-07-26 04:30:03,612] {logging_mixin.py:115} INFO - Save a new table exchange_latest_JPY.csv
[2023-07-26 04:30:03,612] {logging_mixin.py:115} INFO - Create a new table exchange_latest_JPY.csv
[2023-07-26 04:30:03,619] {logging_mixin.py:115} INFO - Insert into table exchange_latest_JPY.csv
[2023-07-26 04:30:03,964] {logging_mixin.py:115} INFO - Save a new table exchange_latest_CNY.csv
[2023-07-26 04:30:03,966] {logging_mixin.py:115} INFO - Create a new table exchange_latest_CNY.csv
[2023-07-26 04:30:03,974] {logging_mixin.py:115} INFO - Insert into table exchange_latest_CNY.csv
[2023-07-26 04:30:04,017] {python.py:173} INFO - Done. Returned value was: None
[2023-07-26 04:30:04,030] {taskinstance.py:1420} INFO - Marking task as SUCCESS. dag_id=fetch_exchange_rates_dag, task_id=fetch_exchange_rates_task, execution_date=20230726T042000, start_date=20230726T043001, end_date=20230726T043004
[2023-07-26 04:30:04,059] {local_task_job.py:156} INFO - Task exited with return code 0
[2023-07-26 04:30:04,092] {local_task_job.py:273} INFO - 1 downstream tasks scheduled from follow-on schedule check
[2023-07-26 05:08:19,337] {taskinstance.py:1179} INFO - Dependencies all met for <TaskInstance: fetch_exchange_rates_dag.fetch_exchange_rates_task scheduled__2023-07-26T04:20:00+00:00 [queued]>
[2023-07-26 05:08:19,387] {taskinstance.py:1179} INFO - Dependencies all met for <TaskInstance: fetch_exchange_rates_dag.fetch_exchange_rates_task scheduled__2023-07-26T04:20:00+00:00 [queued]>
[2023-07-26 05:08:19,388] {taskinstance.py:1376} INFO - 
--------------------------------------------------------------------------------
[2023-07-26 05:08:19,396] {taskinstance.py:1377} INFO - Starting attempt 1 of 1
[2023-07-26 05:08:19,397] {taskinstance.py:1378} INFO - 
--------------------------------------------------------------------------------
[2023-07-26 05:08:19,450] {taskinstance.py:1397} INFO - Executing <Task(PythonOperator): fetch_exchange_rates_task> on 2023-07-26 04:20:00+00:00
[2023-07-26 05:08:19,477] {standard_task_runner.py:52} INFO - Started process 2341 to run task
[2023-07-26 05:08:19,505] {standard_task_runner.py:79} INFO - Running: ['***', 'tasks', 'run', 'fetch_exchange_rates_dag', 'fetch_exchange_rates_task', 'scheduled__2023-07-26T04:20:00+00:00', '--job-id', '616', '--raw', '--subdir', 'DAGS_FOLDER/my_calc_rates.py', '--cfg-path', '/tmp/tmpf27dksxq', '--error-file', '/tmp/tmpu1k_tyjo']
[2023-07-26 05:08:19,518] {standard_task_runner.py:80} INFO - Job 616: Subtask fetch_exchange_rates_task
[2023-07-26 05:08:19,724] {task_command.py:371} INFO - Running <TaskInstance: fetch_exchange_rates_dag.fetch_exchange_rates_task scheduled__2023-07-26T04:20:00+00:00 [running]> on host acb6bca32630
[2023-07-26 05:08:19,922] {taskinstance.py:1591} INFO - Exporting the following env vars:
AIRFLOW_CTX_DAG_OWNER=marina_z
AIRFLOW_CTX_DAG_ID=fetch_exchange_rates_dag
AIRFLOW_CTX_TASK_ID=fetch_exchange_rates_task
AIRFLOW_CTX_EXECUTION_DATE=2023-07-26T04:20:00+00:00
AIRFLOW_CTX_TRY_NUMBER=1
AIRFLOW_CTX_DAG_RUN_ID=scheduled__2023-07-26T04:20:00+00:00
[2023-07-26 05:08:20,367] {logging_mixin.py:115} INFO - Save a new file exchange_latest_BTC.csv
[2023-07-26 05:08:20,369] {logging_mixin.py:115} INFO - Create a new table exchange_latest_BTC
[2023-07-26 05:08:20,387] {logging_mixin.py:115} INFO - Insert into table exchange_latest_BTC
[2023-07-26 05:08:20,822] {logging_mixin.py:115} INFO - Save a new file exchange_latest_EUR.csv
[2023-07-26 05:08:20,823] {logging_mixin.py:115} INFO - Create a new table exchange_latest_EUR
[2023-07-26 05:08:20,830] {logging_mixin.py:115} INFO - Insert into table exchange_latest_EUR
[2023-07-26 05:08:21,214] {logging_mixin.py:115} INFO - Save a new file exchange_latest_GBR.csv
[2023-07-26 05:08:21,215] {logging_mixin.py:115} INFO - Create a new table exchange_latest_GBR
[2023-07-26 05:08:21,223] {logging_mixin.py:115} INFO - Insert into table exchange_latest_GBR
[2023-07-26 05:08:21,602] {logging_mixin.py:115} INFO - Save a new file exchange_latest_JPY.csv
[2023-07-26 05:08:21,603] {logging_mixin.py:115} INFO - Create a new table exchange_latest_JPY
[2023-07-26 05:08:21,609] {logging_mixin.py:115} INFO - Insert into table exchange_latest_JPY
[2023-07-26 05:08:21,957] {logging_mixin.py:115} INFO - Save a new file exchange_latest_CNY.csv
[2023-07-26 05:08:21,958] {logging_mixin.py:115} INFO - Create a new table exchange_latest_CNY
[2023-07-26 05:08:21,966] {logging_mixin.py:115} INFO - Insert into table exchange_latest_CNY
[2023-07-26 05:08:21,993] {python.py:173} INFO - Done. Returned value was: None
[2023-07-26 05:08:22,087] {taskinstance.py:1420} INFO - Marking task as SUCCESS. dag_id=fetch_exchange_rates_dag, task_id=fetch_exchange_rates_task, execution_date=20230726T042000, start_date=20230726T050819, end_date=20230726T050822
[2023-07-26 05:08:22,149] {local_task_job.py:156} INFO - Task exited with return code 0
[2023-07-26 05:08:22,264] {local_task_job.py:273} INFO - 1 downstream tasks scheduled from follow-on schedule check
