[2023-07-25 20:38:49,317] {taskinstance.py:1179} INFO - Dependencies all met for <TaskInstance: fetch_exchange_rates_dag.fetch_exchange_rates_task scheduled__2023-07-25T19:00:00+00:00 [queued]>
[2023-07-25 20:38:49,354] {taskinstance.py:1179} INFO - Dependencies all met for <TaskInstance: fetch_exchange_rates_dag.fetch_exchange_rates_task scheduled__2023-07-25T19:00:00+00:00 [queued]>
[2023-07-25 20:38:49,355] {taskinstance.py:1376} INFO - 
--------------------------------------------------------------------------------
[2023-07-25 20:38:49,356] {taskinstance.py:1377} INFO - Starting attempt 1 of 1
[2023-07-25 20:38:49,357] {taskinstance.py:1378} INFO - 
--------------------------------------------------------------------------------
[2023-07-25 20:38:49,415] {taskinstance.py:1397} INFO - Executing <Task(PythonOperator): fetch_exchange_rates_task> on 2023-07-25 19:00:00+00:00
[2023-07-25 20:38:49,442] {standard_task_runner.py:52} INFO - Started process 9337 to run task
[2023-07-25 20:38:49,452] {standard_task_runner.py:79} INFO - Running: ['***', 'tasks', 'run', 'fetch_exchange_rates_dag', 'fetch_exchange_rates_task', 'scheduled__2023-07-25T19:00:00+00:00', '--job-id', '212', '--raw', '--subdir', 'DAGS_FOLDER/my_calc_rates.py', '--cfg-path', '/tmp/tmpddfgmskt', '--error-file', '/tmp/tmplzrj9k9m']
[2023-07-25 20:38:49,455] {standard_task_runner.py:80} INFO - Job 212: Subtask fetch_exchange_rates_task
[2023-07-25 20:38:49,634] {task_command.py:371} INFO - Running <TaskInstance: fetch_exchange_rates_dag.fetch_exchange_rates_task scheduled__2023-07-25T19:00:00+00:00 [running]> on host 661c8d62a693
[2023-07-25 20:38:49,844] {taskinstance.py:1591} INFO - Exporting the following env vars:
AIRFLOW_CTX_DAG_OWNER=marina_z
AIRFLOW_CTX_DAG_ID=fetch_exchange_rates_dag
AIRFLOW_CTX_TASK_ID=fetch_exchange_rates_task
AIRFLOW_CTX_EXECUTION_DATE=2023-07-25T19:00:00+00:00
AIRFLOW_CTX_TRY_NUMBER=1
AIRFLOW_CTX_DAG_RUN_ID=scheduled__2023-07-25T19:00:00+00:00
[2023-07-25 20:38:51,554] {taskinstance.py:1909} ERROR - Task failed with exception
Traceback (most recent call last):
  File "/home/airflow/.local/lib/python3.7/site-packages/airflow/operators/python.py", line 171, in execute
    return_value = self.execute_callable()
  File "/home/airflow/.local/lib/python3.7/site-packages/airflow/operators/python.py", line 189, in execute_callable
    return self.python_callable(*self.op_args, **self.op_kwargs)
  File "/opt/airflow/dags/my_calc_rates.py", line 69, in fetch_exchange_rates
    load_to_postgres = PostgresOperator(
NameError: name 'PostgresOperator' is not defined
[2023-07-25 20:38:51,568] {taskinstance.py:1420} INFO - Marking task as FAILED. dag_id=fetch_exchange_rates_dag, task_id=fetch_exchange_rates_task, execution_date=20230725T190000, start_date=20230725T203849, end_date=20230725T203851
[2023-07-25 20:38:51,582] {standard_task_runner.py:97} ERROR - Failed to execute job 212 for task fetch_exchange_rates_task (name 'PostgresOperator' is not defined; 9337)
[2023-07-25 20:38:51,625] {local_task_job.py:156} INFO - Task exited with return code 1
[2023-07-25 20:38:51,660] {local_task_job.py:273} INFO - 0 downstream tasks scheduled from follow-on schedule check
[2023-07-26 05:06:28,490] {taskinstance.py:1179} INFO - Dependencies all met for <TaskInstance: fetch_exchange_rates_dag.fetch_exchange_rates_task scheduled__2023-07-25T19:00:00+00:00 [queued]>
[2023-07-26 05:06:28,675] {taskinstance.py:1179} INFO - Dependencies all met for <TaskInstance: fetch_exchange_rates_dag.fetch_exchange_rates_task scheduled__2023-07-25T19:00:00+00:00 [queued]>
[2023-07-26 05:06:28,702] {taskinstance.py:1376} INFO - 
--------------------------------------------------------------------------------
[2023-07-26 05:06:28,705] {taskinstance.py:1377} INFO - Starting attempt 1 of 1
[2023-07-26 05:06:28,707] {taskinstance.py:1378} INFO - 
--------------------------------------------------------------------------------
[2023-07-26 05:06:28,765] {taskinstance.py:1397} INFO - Executing <Task(PythonOperator): fetch_exchange_rates_task> on 2023-07-25 19:00:00+00:00
[2023-07-26 05:06:28,776] {standard_task_runner.py:52} INFO - Started process 1590 to run task
[2023-07-26 05:06:28,789] {standard_task_runner.py:79} INFO - Running: ['***', 'tasks', 'run', 'fetch_exchange_rates_dag', 'fetch_exchange_rates_task', 'scheduled__2023-07-25T19:00:00+00:00', '--job-id', '403', '--raw', '--subdir', 'DAGS_FOLDER/my_calc_rates.py', '--cfg-path', '/tmp/tmpcqcsy9hr', '--error-file', '/tmp/tmpfou7fppr']
[2023-07-26 05:06:28,792] {standard_task_runner.py:80} INFO - Job 403: Subtask fetch_exchange_rates_task
[2023-07-26 05:06:29,190] {task_command.py:371} INFO - Running <TaskInstance: fetch_exchange_rates_dag.fetch_exchange_rates_task scheduled__2023-07-25T19:00:00+00:00 [running]> on host acb6bca32630
[2023-07-26 05:06:29,829] {taskinstance.py:1591} INFO - Exporting the following env vars:
AIRFLOW_CTX_DAG_OWNER=marina_z
AIRFLOW_CTX_DAG_ID=fetch_exchange_rates_dag
AIRFLOW_CTX_TASK_ID=fetch_exchange_rates_task
AIRFLOW_CTX_EXECUTION_DATE=2023-07-25T19:00:00+00:00
AIRFLOW_CTX_TRY_NUMBER=1
AIRFLOW_CTX_DAG_RUN_ID=scheduled__2023-07-25T19:00:00+00:00
[2023-07-26 05:06:30,650] {logging_mixin.py:115} INFO - Save a new file exchange_latest_BTC.csv
[2023-07-26 05:06:30,661] {logging_mixin.py:115} INFO - Create a new table exchange_latest_BTC
[2023-07-26 05:06:30,690] {logging_mixin.py:115} INFO - Insert into table exchange_latest_BTC
[2023-07-26 05:06:31,097] {logging_mixin.py:115} INFO - Save a new file exchange_latest_EUR.csv
[2023-07-26 05:06:31,100] {logging_mixin.py:115} INFO - Create a new table exchange_latest_EUR
[2023-07-26 05:06:31,110] {logging_mixin.py:115} INFO - Insert into table exchange_latest_EUR
[2023-07-26 05:06:31,608] {logging_mixin.py:115} INFO - Save a new file exchange_latest_GBR.csv
[2023-07-26 05:06:31,616] {logging_mixin.py:115} INFO - Create a new table exchange_latest_GBR
[2023-07-26 05:06:31,637] {logging_mixin.py:115} INFO - Insert into table exchange_latest_GBR
[2023-07-26 05:06:32,068] {logging_mixin.py:115} INFO - Save a new file exchange_latest_JPY.csv
[2023-07-26 05:06:32,069] {logging_mixin.py:115} INFO - Create a new table exchange_latest_JPY
[2023-07-26 05:06:32,078] {logging_mixin.py:115} INFO - Insert into table exchange_latest_JPY
[2023-07-26 05:06:32,453] {logging_mixin.py:115} INFO - Save a new file exchange_latest_CNY.csv
[2023-07-26 05:06:32,455] {logging_mixin.py:115} INFO - Create a new table exchange_latest_CNY
[2023-07-26 05:06:32,462] {logging_mixin.py:115} INFO - Insert into table exchange_latest_CNY
[2023-07-26 05:06:32,484] {python.py:173} INFO - Done. Returned value was: None
[2023-07-26 05:06:32,521] {taskinstance.py:1420} INFO - Marking task as SUCCESS. dag_id=fetch_exchange_rates_dag, task_id=fetch_exchange_rates_task, execution_date=20230725T190000, start_date=20230726T050628, end_date=20230726T050632
[2023-07-26 05:06:32,622] {local_task_job.py:156} INFO - Task exited with return code 0
[2023-07-26 05:06:32,925] {local_task_job.py:273} INFO - 1 downstream tasks scheduled from follow-on schedule check
