[2023-07-26 04:18:20,287] {taskinstance.py:1179} INFO - Dependencies all met for <TaskInstance: fetch_exchange_rates_dag.create_total_exchange_rates_table scheduled__2023-07-26T00:50:00+00:00 [queued]>
[2023-07-26 04:18:20,392] {taskinstance.py:1179} INFO - Dependencies all met for <TaskInstance: fetch_exchange_rates_dag.create_total_exchange_rates_table scheduled__2023-07-26T00:50:00+00:00 [queued]>
[2023-07-26 04:18:20,395] {taskinstance.py:1376} INFO - 
--------------------------------------------------------------------------------
[2023-07-26 04:18:20,396] {taskinstance.py:1377} INFO - Starting attempt 1 of 1
[2023-07-26 04:18:20,432] {taskinstance.py:1378} INFO - 
--------------------------------------------------------------------------------
[2023-07-26 04:18:20,609] {taskinstance.py:1397} INFO - Executing <Task(PythonOperator): create_total_exchange_rates_table> on 2023-07-26 00:50:00+00:00
[2023-07-26 04:18:20,719] {standard_task_runner.py:79} INFO - Running: ['***', 'tasks', 'run', 'fetch_exchange_rates_dag', 'create_total_exchange_rates_table', 'scheduled__2023-07-26T00:50:00+00:00', '--job-id', '67', '--raw', '--subdir', 'DAGS_FOLDER/my_calc_rates.py', '--cfg-path', '/tmp/tmpd2ph9e1w', '--error-file', '/tmp/tmp254mjhyr']
[2023-07-26 04:18:20,722] {standard_task_runner.py:80} INFO - Job 67: Subtask create_total_exchange_rates_table
[2023-07-26 04:18:20,758] {standard_task_runner.py:52} INFO - Started process 7082 to run task
[2023-07-26 04:18:21,322] {task_command.py:371} INFO - Running <TaskInstance: fetch_exchange_rates_dag.create_total_exchange_rates_table scheduled__2023-07-26T00:50:00+00:00 [running]> on host 6e11a261c833
[2023-07-26 04:18:21,831] {taskinstance.py:1591} INFO - Exporting the following env vars:
AIRFLOW_CTX_DAG_OWNER=marina_z
AIRFLOW_CTX_DAG_ID=fetch_exchange_rates_dag
AIRFLOW_CTX_TASK_ID=create_total_exchange_rates_table
AIRFLOW_CTX_EXECUTION_DATE=2023-07-26T00:50:00+00:00
AIRFLOW_CTX_TRY_NUMBER=1
AIRFLOW_CTX_DAG_RUN_ID=scheduled__2023-07-26T00:50:00+00:00
[2023-07-26 04:18:21,840] {logging_mixin.py:115} INFO - The table total_exchange_rates is created and saved
[2023-07-26 04:18:21,872] {python.py:173} INFO - Done. Returned value was: None
[2023-07-26 04:18:22,045] {taskinstance.py:1420} INFO - Marking task as SUCCESS. dag_id=fetch_exchange_rates_dag, task_id=create_total_exchange_rates_table, execution_date=20230726T005000, start_date=20230726T041820, end_date=20230726T041822
[2023-07-26 04:18:22,159] {local_task_job.py:156} INFO - Task exited with return code 0
[2023-07-26 04:18:22,307] {local_task_job.py:273} INFO - 1 downstream tasks scheduled from follow-on schedule check
[2023-07-26 05:07:54,368] {taskinstance.py:1179} INFO - Dependencies all met for <TaskInstance: fetch_exchange_rates_dag.create_total_exchange_rates_table scheduled__2023-07-26T00:50:00+00:00 [queued]>
[2023-07-26 05:07:54,502] {taskinstance.py:1179} INFO - Dependencies all met for <TaskInstance: fetch_exchange_rates_dag.create_total_exchange_rates_table scheduled__2023-07-26T00:50:00+00:00 [queued]>
[2023-07-26 05:07:54,504] {taskinstance.py:1376} INFO - 
--------------------------------------------------------------------------------
[2023-07-26 05:07:54,506] {taskinstance.py:1377} INFO - Starting attempt 1 of 1
[2023-07-26 05:07:54,507] {taskinstance.py:1378} INFO - 
--------------------------------------------------------------------------------
[2023-07-26 05:07:54,660] {taskinstance.py:1397} INFO - Executing <Task(PythonOperator): create_total_exchange_rates_table> on 2023-07-26 00:50:00+00:00
[2023-07-26 05:07:54,672] {standard_task_runner.py:52} INFO - Started process 2170 to run task
[2023-07-26 05:07:54,730] {standard_task_runner.py:79} INFO - Running: ['***', 'tasks', 'run', 'fetch_exchange_rates_dag', 'create_total_exchange_rates_table', 'scheduled__2023-07-26T00:50:00+00:00', '--job-id', '567', '--raw', '--subdir', 'DAGS_FOLDER/my_calc_rates.py', '--cfg-path', '/tmp/tmp7ty36fux', '--error-file', '/tmp/tmpkuoovv7_']
[2023-07-26 05:07:54,733] {standard_task_runner.py:80} INFO - Job 567: Subtask create_total_exchange_rates_table
[2023-07-26 05:07:55,224] {task_command.py:371} INFO - Running <TaskInstance: fetch_exchange_rates_dag.create_total_exchange_rates_table scheduled__2023-07-26T00:50:00+00:00 [running]> on host acb6bca32630
[2023-07-26 05:07:55,815] {taskinstance.py:1591} INFO - Exporting the following env vars:
AIRFLOW_CTX_DAG_OWNER=marina_z
AIRFLOW_CTX_DAG_ID=fetch_exchange_rates_dag
AIRFLOW_CTX_TASK_ID=create_total_exchange_rates_table
AIRFLOW_CTX_EXECUTION_DATE=2023-07-26T00:50:00+00:00
AIRFLOW_CTX_TRY_NUMBER=1
AIRFLOW_CTX_DAG_RUN_ID=scheduled__2023-07-26T00:50:00+00:00
[2023-07-26 05:07:55,818] {logging_mixin.py:115} INFO - The table total_exchange_rates is created and saved
[2023-07-26 05:07:55,891] {python.py:173} INFO - Done. Returned value was: None
[2023-07-26 05:07:55,989] {taskinstance.py:1420} INFO - Marking task as SUCCESS. dag_id=fetch_exchange_rates_dag, task_id=create_total_exchange_rates_table, execution_date=20230726T005000, start_date=20230726T050754, end_date=20230726T050755
[2023-07-26 05:07:56,058] {local_task_job.py:156} INFO - Task exited with return code 0
[2023-07-26 05:07:56,217] {local_task_job.py:273} INFO - 1 downstream tasks scheduled from follow-on schedule check
