[2023-07-25 20:38:04,932] {taskinstance.py:1179} INFO - Dependencies all met for <TaskInstance: fetch_exchange_rates_dag.fetch_exchange_rates_task scheduled__2023-07-25T08:20:00+00:00 [queued]>
[2023-07-25 20:38:04,996] {taskinstance.py:1179} INFO - Dependencies all met for <TaskInstance: fetch_exchange_rates_dag.fetch_exchange_rates_task scheduled__2023-07-25T08:20:00+00:00 [queued]>
[2023-07-25 20:38:04,998] {taskinstance.py:1376} INFO - 
--------------------------------------------------------------------------------
[2023-07-25 20:38:05,000] {taskinstance.py:1377} INFO - Starting attempt 1 of 1
[2023-07-25 20:38:05,000] {taskinstance.py:1378} INFO - 
--------------------------------------------------------------------------------
[2023-07-25 20:38:05,149] {taskinstance.py:1397} INFO - Executing <Task(PythonOperator): fetch_exchange_rates_task> on 2023-07-25 08:20:00+00:00
[2023-07-25 20:38:05,181] {standard_task_runner.py:52} INFO - Started process 9118 to run task
[2023-07-25 20:38:05,206] {standard_task_runner.py:79} INFO - Running: ['***', 'tasks', 'run', 'fetch_exchange_rates_dag', 'fetch_exchange_rates_task', 'scheduled__2023-07-25T08:20:00+00:00', '--job-id', '148', '--raw', '--subdir', 'DAGS_FOLDER/my_calc_rates.py', '--cfg-path', '/tmp/tmpn3bzggni', '--error-file', '/tmp/tmp3i0ibc2l']
[2023-07-25 20:38:05,213] {standard_task_runner.py:80} INFO - Job 148: Subtask fetch_exchange_rates_task
[2023-07-25 20:38:05,528] {task_command.py:371} INFO - Running <TaskInstance: fetch_exchange_rates_dag.fetch_exchange_rates_task scheduled__2023-07-25T08:20:00+00:00 [running]> on host 661c8d62a693
[2023-07-25 20:38:05,707] {taskinstance.py:1591} INFO - Exporting the following env vars:
AIRFLOW_CTX_DAG_OWNER=marina_z
AIRFLOW_CTX_DAG_ID=fetch_exchange_rates_dag
AIRFLOW_CTX_TASK_ID=fetch_exchange_rates_task
AIRFLOW_CTX_EXECUTION_DATE=2023-07-25T08:20:00+00:00
AIRFLOW_CTX_TRY_NUMBER=1
AIRFLOW_CTX_DAG_RUN_ID=scheduled__2023-07-25T08:20:00+00:00
[2023-07-25 20:38:07,253] {taskinstance.py:1909} ERROR - Task failed with exception
Traceback (most recent call last):
  File "/home/airflow/.local/lib/python3.7/site-packages/airflow/operators/python.py", line 171, in execute
    return_value = self.execute_callable()
  File "/home/airflow/.local/lib/python3.7/site-packages/airflow/operators/python.py", line 189, in execute_callable
    return self.python_callable(*self.op_args, **self.op_kwargs)
  File "/opt/airflow/dags/my_calc_rates.py", line 69, in fetch_exchange_rates
    load_to_postgres = PostgresOperator(
NameError: name 'PostgresOperator' is not defined
[2023-07-25 20:38:07,269] {taskinstance.py:1420} INFO - Marking task as FAILED. dag_id=fetch_exchange_rates_dag, task_id=fetch_exchange_rates_task, execution_date=20230725T082000, start_date=20230725T203804, end_date=20230725T203807
[2023-07-25 20:38:07,284] {standard_task_runner.py:97} ERROR - Failed to execute job 148 for task fetch_exchange_rates_task (name 'PostgresOperator' is not defined; 9118)
[2023-07-25 20:38:07,309] {local_task_job.py:156} INFO - Task exited with return code 1
[2023-07-25 20:38:07,337] {local_task_job.py:273} INFO - 0 downstream tasks scheduled from follow-on schedule check
[2023-07-26 05:04:38,717] {taskinstance.py:1179} INFO - Dependencies all met for <TaskInstance: fetch_exchange_rates_dag.fetch_exchange_rates_task scheduled__2023-07-25T08:20:00+00:00 [queued]>
[2023-07-26 05:04:38,739] {taskinstance.py:1179} INFO - Dependencies all met for <TaskInstance: fetch_exchange_rates_dag.fetch_exchange_rates_task scheduled__2023-07-25T08:20:00+00:00 [queued]>
[2023-07-26 05:04:38,748] {taskinstance.py:1376} INFO - 
--------------------------------------------------------------------------------
[2023-07-26 05:04:38,754] {taskinstance.py:1377} INFO - Starting attempt 1 of 1
[2023-07-26 05:04:38,756] {taskinstance.py:1378} INFO - 
--------------------------------------------------------------------------------
[2023-07-26 05:04:38,785] {taskinstance.py:1397} INFO - Executing <Task(PythonOperator): fetch_exchange_rates_task> on 2023-07-25 08:20:00+00:00
[2023-07-26 05:04:38,797] {standard_task_runner.py:52} INFO - Started process 791 to run task
[2023-07-26 05:04:38,808] {standard_task_runner.py:79} INFO - Running: ['***', 'tasks', 'run', 'fetch_exchange_rates_dag', 'fetch_exchange_rates_task', 'scheduled__2023-07-25T08:20:00+00:00', '--job-id', '183', '--raw', '--subdir', 'DAGS_FOLDER/my_calc_rates.py', '--cfg-path', '/tmp/tmpuvb9326p', '--error-file', '/tmp/tmp90ha7afd']
[2023-07-26 05:04:38,811] {standard_task_runner.py:80} INFO - Job 183: Subtask fetch_exchange_rates_task
[2023-07-26 05:04:38,949] {task_command.py:371} INFO - Running <TaskInstance: fetch_exchange_rates_dag.fetch_exchange_rates_task scheduled__2023-07-25T08:20:00+00:00 [running]> on host acb6bca32630
[2023-07-26 05:04:39,069] {taskinstance.py:1591} INFO - Exporting the following env vars:
AIRFLOW_CTX_DAG_OWNER=marina_z
AIRFLOW_CTX_DAG_ID=fetch_exchange_rates_dag
AIRFLOW_CTX_TASK_ID=fetch_exchange_rates_task
AIRFLOW_CTX_EXECUTION_DATE=2023-07-25T08:20:00+00:00
AIRFLOW_CTX_TRY_NUMBER=1
AIRFLOW_CTX_DAG_RUN_ID=scheduled__2023-07-25T08:20:00+00:00
[2023-07-26 05:04:39,392] {logging_mixin.py:115} INFO - Save a new file exchange_latest_BTC.csv
[2023-07-26 05:04:39,393] {logging_mixin.py:115} INFO - Create a new table exchange_latest_BTC
[2023-07-26 05:04:39,399] {logging_mixin.py:115} INFO - Insert into table exchange_latest_BTC
[2023-07-26 05:04:39,793] {logging_mixin.py:115} INFO - Save a new file exchange_latest_EUR.csv
[2023-07-26 05:04:39,794] {logging_mixin.py:115} INFO - Create a new table exchange_latest_EUR
[2023-07-26 05:04:39,803] {logging_mixin.py:115} INFO - Insert into table exchange_latest_EUR
[2023-07-26 05:04:40,257] {logging_mixin.py:115} INFO - Save a new file exchange_latest_GBR.csv
[2023-07-26 05:04:40,258] {logging_mixin.py:115} INFO - Create a new table exchange_latest_GBR
[2023-07-26 05:04:40,266] {logging_mixin.py:115} INFO - Insert into table exchange_latest_GBR
[2023-07-26 05:04:40,278] {taskinstance.py:1909} ERROR - Task failed with exception
Traceback (most recent call last):
  File "/home/airflow/.local/lib/python3.7/site-packages/airflow/operators/python.py", line 171, in execute
    return_value = self.execute_callable()
  File "/home/airflow/.local/lib/python3.7/site-packages/airflow/operators/python.py", line 189, in execute_callable
    return self.python_callable(*self.op_args, **self.op_kwargs)
  File "/opt/airflow/dags/my_calc_rates.py", line 99, in fetch_exchange_rates
    cur.execute(copy_query)
psycopg2.errors.InvalidTextRepresentation: invalid input syntax for type numeric: "99,642213"
CONTEXT:  COPY exchange_rates_gbr, line 2, column exchange_rate: "99,642213"

[2023-07-26 05:04:40,294] {taskinstance.py:1420} INFO - Marking task as FAILED. dag_id=fetch_exchange_rates_dag, task_id=fetch_exchange_rates_task, execution_date=20230725T082000, start_date=20230726T050438, end_date=20230726T050440
[2023-07-26 05:04:40,326] {standard_task_runner.py:97} ERROR - Failed to execute job 183 for task fetch_exchange_rates_task (invalid input syntax for type numeric: "99,642213"
CONTEXT:  COPY exchange_rates_gbr, line 2, column exchange_rate: "99,642213"
; 791)
[2023-07-26 05:04:40,346] {local_task_job.py:156} INFO - Task exited with return code 1
[2023-07-26 05:04:40,381] {local_task_job.py:273} INFO - 0 downstream tasks scheduled from follow-on schedule check
