[2023-07-26 04:18:20,268] {taskinstance.py:1179} INFO - Dependencies all met for <TaskInstance: fetch_exchange_rates_dag.create_total_exchange_rates_table scheduled__2023-07-26T01:10:00+00:00 [queued]>
[2023-07-26 04:18:20,359] {taskinstance.py:1179} INFO - Dependencies all met for <TaskInstance: fetch_exchange_rates_dag.create_total_exchange_rates_table scheduled__2023-07-26T01:10:00+00:00 [queued]>
[2023-07-26 04:18:20,360] {taskinstance.py:1376} INFO - 
--------------------------------------------------------------------------------
[2023-07-26 04:18:20,361] {taskinstance.py:1377} INFO - Starting attempt 1 of 1
[2023-07-26 04:18:20,362] {taskinstance.py:1378} INFO - 
--------------------------------------------------------------------------------
[2023-07-26 04:18:20,523] {taskinstance.py:1397} INFO - Executing <Task(PythonOperator): create_total_exchange_rates_table> on 2023-07-26 01:10:00+00:00
[2023-07-26 04:18:20,603] {standard_task_runner.py:52} INFO - Started process 7080 to run task
[2023-07-26 04:18:20,629] {standard_task_runner.py:79} INFO - Running: ['***', 'tasks', 'run', 'fetch_exchange_rates_dag', 'create_total_exchange_rates_table', 'scheduled__2023-07-26T01:10:00+00:00', '--job-id', '66', '--raw', '--subdir', 'DAGS_FOLDER/my_calc_rates.py', '--cfg-path', '/tmp/tmp2nj77rc8', '--error-file', '/tmp/tmpni6x0_dy']
[2023-07-26 04:18:20,644] {standard_task_runner.py:80} INFO - Job 66: Subtask create_total_exchange_rates_table
[2023-07-26 04:18:21,138] {task_command.py:371} INFO - Running <TaskInstance: fetch_exchange_rates_dag.create_total_exchange_rates_table scheduled__2023-07-26T01:10:00+00:00 [running]> on host 6e11a261c833
[2023-07-26 04:18:21,964] {taskinstance.py:1591} INFO - Exporting the following env vars:
AIRFLOW_CTX_DAG_OWNER=marina_z
AIRFLOW_CTX_DAG_ID=fetch_exchange_rates_dag
AIRFLOW_CTX_TASK_ID=create_total_exchange_rates_table
AIRFLOW_CTX_EXECUTION_DATE=2023-07-26T01:10:00+00:00
AIRFLOW_CTX_TRY_NUMBER=1
AIRFLOW_CTX_DAG_RUN_ID=scheduled__2023-07-26T01:10:00+00:00
[2023-07-26 04:18:21,994] {logging_mixin.py:115} INFO - The table total_exchange_rates is created and saved
[2023-07-26 04:18:22,030] {python.py:173} INFO - Done. Returned value was: None
[2023-07-26 04:18:22,110] {taskinstance.py:1420} INFO - Marking task as SUCCESS. dag_id=fetch_exchange_rates_dag, task_id=create_total_exchange_rates_table, execution_date=20230726T011000, start_date=20230726T041820, end_date=20230726T041822
[2023-07-26 04:18:22,366] {local_task_job.py:156} INFO - Task exited with return code 0
[2023-07-26 04:18:22,776] {local_task_job.py:273} INFO - 0 downstream tasks scheduled from follow-on schedule check
[2023-07-26 05:07:55,964] {taskinstance.py:1179} INFO - Dependencies all met for <TaskInstance: fetch_exchange_rates_dag.create_total_exchange_rates_table scheduled__2023-07-26T01:10:00+00:00 [queued]>
[2023-07-26 05:07:56,095] {taskinstance.py:1179} INFO - Dependencies all met for <TaskInstance: fetch_exchange_rates_dag.create_total_exchange_rates_table scheduled__2023-07-26T01:10:00+00:00 [queued]>
[2023-07-26 05:07:56,108] {taskinstance.py:1376} INFO - 
--------------------------------------------------------------------------------
[2023-07-26 05:07:56,109] {taskinstance.py:1377} INFO - Starting attempt 1 of 1
[2023-07-26 05:07:56,110] {taskinstance.py:1378} INFO - 
--------------------------------------------------------------------------------
[2023-07-26 05:07:56,255] {taskinstance.py:1397} INFO - Executing <Task(PythonOperator): create_total_exchange_rates_table> on 2023-07-26 01:10:00+00:00
[2023-07-26 05:07:56,462] {standard_task_runner.py:52} INFO - Started process 2176 to run task
[2023-07-26 05:07:56,494] {standard_task_runner.py:79} INFO - Running: ['***', 'tasks', 'run', 'fetch_exchange_rates_dag', 'create_total_exchange_rates_table', 'scheduled__2023-07-26T01:10:00+00:00', '--job-id', '570', '--raw', '--subdir', 'DAGS_FOLDER/my_calc_rates.py', '--cfg-path', '/tmp/tmpwn6y73a2', '--error-file', '/tmp/tmpx9aaakjr']
[2023-07-26 05:07:56,524] {standard_task_runner.py:80} INFO - Job 570: Subtask create_total_exchange_rates_table
[2023-07-26 05:07:57,252] {task_command.py:371} INFO - Running <TaskInstance: fetch_exchange_rates_dag.create_total_exchange_rates_table scheduled__2023-07-26T01:10:00+00:00 [running]> on host acb6bca32630
[2023-07-26 05:07:57,804] {taskinstance.py:1591} INFO - Exporting the following env vars:
AIRFLOW_CTX_DAG_OWNER=marina_z
AIRFLOW_CTX_DAG_ID=fetch_exchange_rates_dag
AIRFLOW_CTX_TASK_ID=create_total_exchange_rates_table
AIRFLOW_CTX_EXECUTION_DATE=2023-07-26T01:10:00+00:00
AIRFLOW_CTX_TRY_NUMBER=1
AIRFLOW_CTX_DAG_RUN_ID=scheduled__2023-07-26T01:10:00+00:00
[2023-07-26 05:07:57,832] {logging_mixin.py:115} INFO - The table total_exchange_rates is created and saved
[2023-07-26 05:07:57,900] {python.py:173} INFO - Done. Returned value was: None
[2023-07-26 05:07:58,437] {taskinstance.py:1420} INFO - Marking task as SUCCESS. dag_id=fetch_exchange_rates_dag, task_id=create_total_exchange_rates_table, execution_date=20230726T011000, start_date=20230726T050755, end_date=20230726T050758
[2023-07-26 05:07:58,676] {local_task_job.py:156} INFO - Task exited with return code 0
[2023-07-26 05:07:58,988] {local_task_job.py:273} INFO - 0 downstream tasks scheduled from follow-on schedule check
