[2023-07-26 04:40:05,430] {taskinstance.py:1179} INFO - Dependencies all met for <TaskInstance: fetch_exchange_rates_dag.create_total_exchange_rates_table scheduled__2023-07-26T04:30:00+00:00 [queued]>
[2023-07-26 04:40:05,436] {taskinstance.py:1179} INFO - Dependencies all met for <TaskInstance: fetch_exchange_rates_dag.create_total_exchange_rates_table scheduled__2023-07-26T04:30:00+00:00 [queued]>
[2023-07-26 04:40:05,436] {taskinstance.py:1376} INFO - 
--------------------------------------------------------------------------------
[2023-07-26 04:40:05,437] {taskinstance.py:1377} INFO - Starting attempt 1 of 1
[2023-07-26 04:40:05,437] {taskinstance.py:1378} INFO - 
--------------------------------------------------------------------------------
[2023-07-26 04:40:05,448] {taskinstance.py:1397} INFO - Executing <Task(PythonOperator): create_total_exchange_rates_table> on 2023-07-26 04:30:00+00:00
[2023-07-26 04:40:05,452] {standard_task_runner.py:52} INFO - Started process 8349 to run task
[2023-07-26 04:40:05,454] {standard_task_runner.py:79} INFO - Running: ['***', 'tasks', 'run', 'fetch_exchange_rates_dag', 'create_total_exchange_rates_table', 'scheduled__2023-07-26T04:30:00+00:00', '--job-id', '135', '--raw', '--subdir', 'DAGS_FOLDER/my_calc_rates.py', '--cfg-path', '/tmp/tmp3i_70qu0', '--error-file', '/tmp/tmpu8m0_wex']
[2023-07-26 04:40:05,456] {standard_task_runner.py:80} INFO - Job 135: Subtask create_total_exchange_rates_table
[2023-07-26 04:40:05,518] {task_command.py:371} INFO - Running <TaskInstance: fetch_exchange_rates_dag.create_total_exchange_rates_table scheduled__2023-07-26T04:30:00+00:00 [running]> on host 6e11a261c833
[2023-07-26 04:40:05,574] {taskinstance.py:1591} INFO - Exporting the following env vars:
AIRFLOW_CTX_DAG_OWNER=marina_z
AIRFLOW_CTX_DAG_ID=fetch_exchange_rates_dag
AIRFLOW_CTX_TASK_ID=create_total_exchange_rates_table
AIRFLOW_CTX_EXECUTION_DATE=2023-07-26T04:30:00+00:00
AIRFLOW_CTX_TRY_NUMBER=1
AIRFLOW_CTX_DAG_RUN_ID=scheduled__2023-07-26T04:30:00+00:00
[2023-07-26 04:40:05,576] {logging_mixin.py:115} INFO - The table total_exchange_rates is created and saved
[2023-07-26 04:40:05,594] {python.py:173} INFO - Done. Returned value was: None
[2023-07-26 04:40:05,604] {taskinstance.py:1420} INFO - Marking task as SUCCESS. dag_id=fetch_exchange_rates_dag, task_id=create_total_exchange_rates_table, execution_date=20230726T043000, start_date=20230726T044005, end_date=20230726T044005
[2023-07-26 04:40:05,627] {local_task_job.py:156} INFO - Task exited with return code 0
[2023-07-26 04:40:05,656] {local_task_job.py:273} INFO - 1 downstream tasks scheduled from follow-on schedule check
[2023-07-26 05:08:23,644] {taskinstance.py:1179} INFO - Dependencies all met for <TaskInstance: fetch_exchange_rates_dag.create_total_exchange_rates_table scheduled__2023-07-26T04:30:00+00:00 [queued]>
[2023-07-26 05:08:23,661] {taskinstance.py:1179} INFO - Dependencies all met for <TaskInstance: fetch_exchange_rates_dag.create_total_exchange_rates_table scheduled__2023-07-26T04:30:00+00:00 [queued]>
[2023-07-26 05:08:23,662] {taskinstance.py:1376} INFO - 
--------------------------------------------------------------------------------
[2023-07-26 05:08:23,663] {taskinstance.py:1377} INFO - Starting attempt 1 of 1
[2023-07-26 05:08:23,664] {taskinstance.py:1378} INFO - 
--------------------------------------------------------------------------------
[2023-07-26 05:08:23,698] {taskinstance.py:1397} INFO - Executing <Task(PythonOperator): create_total_exchange_rates_table> on 2023-07-26 04:30:00+00:00
[2023-07-26 05:08:23,706] {standard_task_runner.py:52} INFO - Started process 2365 to run task
[2023-07-26 05:08:23,716] {standard_task_runner.py:79} INFO - Running: ['***', 'tasks', 'run', 'fetch_exchange_rates_dag', 'create_total_exchange_rates_table', 'scheduled__2023-07-26T04:30:00+00:00', '--job-id', '624', '--raw', '--subdir', 'DAGS_FOLDER/my_calc_rates.py', '--cfg-path', '/tmp/tmp2gitlerf', '--error-file', '/tmp/tmpn2o0e040']
[2023-07-26 05:08:23,722] {standard_task_runner.py:80} INFO - Job 624: Subtask create_total_exchange_rates_table
[2023-07-26 05:08:23,859] {task_command.py:371} INFO - Running <TaskInstance: fetch_exchange_rates_dag.create_total_exchange_rates_table scheduled__2023-07-26T04:30:00+00:00 [running]> on host acb6bca32630
[2023-07-26 05:08:23,997] {taskinstance.py:1591} INFO - Exporting the following env vars:
AIRFLOW_CTX_DAG_OWNER=marina_z
AIRFLOW_CTX_DAG_ID=fetch_exchange_rates_dag
AIRFLOW_CTX_TASK_ID=create_total_exchange_rates_table
AIRFLOW_CTX_EXECUTION_DATE=2023-07-26T04:30:00+00:00
AIRFLOW_CTX_TRY_NUMBER=1
AIRFLOW_CTX_DAG_RUN_ID=scheduled__2023-07-26T04:30:00+00:00
[2023-07-26 05:08:23,999] {logging_mixin.py:115} INFO - The table total_exchange_rates is created and saved
[2023-07-26 05:08:24,027] {python.py:173} INFO - Done. Returned value was: None
[2023-07-26 05:08:24,048] {taskinstance.py:1420} INFO - Marking task as SUCCESS. dag_id=fetch_exchange_rates_dag, task_id=create_total_exchange_rates_table, execution_date=20230726T043000, start_date=20230726T050823, end_date=20230726T050824
[2023-07-26 05:08:24,129] {local_task_job.py:156} INFO - Task exited with return code 0
[2023-07-26 05:08:24,236] {local_task_job.py:273} INFO - 1 downstream tasks scheduled from follow-on schedule check
