[2023-07-25 20:38:30,143] {taskinstance.py:1179} INFO - Dependencies all met for <TaskInstance: fetch_exchange_rates_dag.fetch_exchange_rates_task scheduled__2023-07-25T14:10:00+00:00 [queued]>
[2023-07-25 20:38:30,153] {taskinstance.py:1179} INFO - Dependencies all met for <TaskInstance: fetch_exchange_rates_dag.fetch_exchange_rates_task scheduled__2023-07-25T14:10:00+00:00 [queued]>
[2023-07-25 20:38:30,154] {taskinstance.py:1376} INFO - 
--------------------------------------------------------------------------------
[2023-07-25 20:38:30,155] {taskinstance.py:1377} INFO - Starting attempt 1 of 1
[2023-07-25 20:38:30,156] {taskinstance.py:1378} INFO - 
--------------------------------------------------------------------------------
[2023-07-25 20:38:30,166] {taskinstance.py:1397} INFO - Executing <Task(PythonOperator): fetch_exchange_rates_task> on 2023-07-25 14:10:00+00:00
[2023-07-25 20:38:30,170] {standard_task_runner.py:52} INFO - Started process 9235 to run task
[2023-07-25 20:38:30,174] {standard_task_runner.py:79} INFO - Running: ['***', 'tasks', 'run', 'fetch_exchange_rates_dag', 'fetch_exchange_rates_task', 'scheduled__2023-07-25T14:10:00+00:00', '--job-id', '183', '--raw', '--subdir', 'DAGS_FOLDER/my_calc_rates.py', '--cfg-path', '/tmp/tmpgdsnz5oc', '--error-file', '/tmp/tmpmynp3n4i']
[2023-07-25 20:38:30,176] {standard_task_runner.py:80} INFO - Job 183: Subtask fetch_exchange_rates_task
[2023-07-25 20:38:30,244] {task_command.py:371} INFO - Running <TaskInstance: fetch_exchange_rates_dag.fetch_exchange_rates_task scheduled__2023-07-25T14:10:00+00:00 [running]> on host 661c8d62a693
[2023-07-25 20:38:30,300] {taskinstance.py:1591} INFO - Exporting the following env vars:
AIRFLOW_CTX_DAG_OWNER=marina_z
AIRFLOW_CTX_DAG_ID=fetch_exchange_rates_dag
AIRFLOW_CTX_TASK_ID=fetch_exchange_rates_task
AIRFLOW_CTX_EXECUTION_DATE=2023-07-25T14:10:00+00:00
AIRFLOW_CTX_TRY_NUMBER=1
AIRFLOW_CTX_DAG_RUN_ID=scheduled__2023-07-25T14:10:00+00:00
[2023-07-25 20:38:31,928] {taskinstance.py:1909} ERROR - Task failed with exception
Traceback (most recent call last):
  File "/home/airflow/.local/lib/python3.7/site-packages/airflow/operators/python.py", line 171, in execute
    return_value = self.execute_callable()
  File "/home/airflow/.local/lib/python3.7/site-packages/airflow/operators/python.py", line 189, in execute_callable
    return self.python_callable(*self.op_args, **self.op_kwargs)
  File "/opt/airflow/dags/my_calc_rates.py", line 69, in fetch_exchange_rates
    load_to_postgres = PostgresOperator(
NameError: name 'PostgresOperator' is not defined
[2023-07-25 20:38:31,952] {taskinstance.py:1420} INFO - Marking task as FAILED. dag_id=fetch_exchange_rates_dag, task_id=fetch_exchange_rates_task, execution_date=20230725T141000, start_date=20230725T203830, end_date=20230725T203831
[2023-07-25 20:38:31,984] {standard_task_runner.py:97} ERROR - Failed to execute job 183 for task fetch_exchange_rates_task (name 'PostgresOperator' is not defined; 9235)
[2023-07-25 20:38:32,032] {local_task_job.py:156} INFO - Task exited with return code 1
[2023-07-25 20:38:32,102] {local_task_job.py:273} INFO - 0 downstream tasks scheduled from follow-on schedule check
[2023-07-26 05:05:36,884] {taskinstance.py:1179} INFO - Dependencies all met for <TaskInstance: fetch_exchange_rates_dag.fetch_exchange_rates_task scheduled__2023-07-25T14:10:00+00:00 [queued]>
[2023-07-26 05:05:36,957] {taskinstance.py:1179} INFO - Dependencies all met for <TaskInstance: fetch_exchange_rates_dag.fetch_exchange_rates_task scheduled__2023-07-25T14:10:00+00:00 [queued]>
[2023-07-26 05:05:36,959] {taskinstance.py:1376} INFO - 
--------------------------------------------------------------------------------
[2023-07-26 05:05:36,961] {taskinstance.py:1377} INFO - Starting attempt 1 of 1
[2023-07-26 05:05:36,965] {taskinstance.py:1378} INFO - 
--------------------------------------------------------------------------------
[2023-07-26 05:05:37,013] {taskinstance.py:1397} INFO - Executing <Task(PythonOperator): fetch_exchange_rates_task> on 2023-07-25 14:10:00+00:00
[2023-07-26 05:05:37,023] {standard_task_runner.py:52} INFO - Started process 1224 to run task
[2023-07-26 05:05:37,053] {standard_task_runner.py:79} INFO - Running: ['***', 'tasks', 'run', 'fetch_exchange_rates_dag', 'fetch_exchange_rates_task', 'scheduled__2023-07-25T14:10:00+00:00', '--job-id', '302', '--raw', '--subdir', 'DAGS_FOLDER/my_calc_rates.py', '--cfg-path', '/tmp/tmpcf1jkbxs', '--error-file', '/tmp/tmprtsu859f']
[2023-07-26 05:05:37,056] {standard_task_runner.py:80} INFO - Job 302: Subtask fetch_exchange_rates_task
[2023-07-26 05:05:37,281] {task_command.py:371} INFO - Running <TaskInstance: fetch_exchange_rates_dag.fetch_exchange_rates_task scheduled__2023-07-25T14:10:00+00:00 [running]> on host acb6bca32630
[2023-07-26 05:05:37,536] {taskinstance.py:1591} INFO - Exporting the following env vars:
AIRFLOW_CTX_DAG_OWNER=marina_z
AIRFLOW_CTX_DAG_ID=fetch_exchange_rates_dag
AIRFLOW_CTX_TASK_ID=fetch_exchange_rates_task
AIRFLOW_CTX_EXECUTION_DATE=2023-07-25T14:10:00+00:00
AIRFLOW_CTX_TRY_NUMBER=1
AIRFLOW_CTX_DAG_RUN_ID=scheduled__2023-07-25T14:10:00+00:00
[2023-07-26 05:05:37,974] {logging_mixin.py:115} INFO - Save a new file exchange_latest_BTC.csv
[2023-07-26 05:05:37,976] {logging_mixin.py:115} INFO - Create a new table exchange_latest_BTC
[2023-07-26 05:05:37,983] {logging_mixin.py:115} INFO - Insert into table exchange_latest_BTC
[2023-07-26 05:05:38,341] {logging_mixin.py:115} INFO - Save a new file exchange_latest_EUR.csv
[2023-07-26 05:05:38,342] {logging_mixin.py:115} INFO - Create a new table exchange_latest_EUR
[2023-07-26 05:05:38,350] {logging_mixin.py:115} INFO - Insert into table exchange_latest_EUR
[2023-07-26 05:05:38,664] {logging_mixin.py:115} INFO - Save a new file exchange_latest_GBR.csv
[2023-07-26 05:05:38,665] {logging_mixin.py:115} INFO - Create a new table exchange_latest_GBR
[2023-07-26 05:05:38,671] {logging_mixin.py:115} INFO - Insert into table exchange_latest_GBR
[2023-07-26 05:05:39,091] {logging_mixin.py:115} INFO - Save a new file exchange_latest_JPY.csv
[2023-07-26 05:05:39,093] {logging_mixin.py:115} INFO - Create a new table exchange_latest_JPY
[2023-07-26 05:05:39,099] {logging_mixin.py:115} INFO - Insert into table exchange_latest_JPY
[2023-07-26 05:05:39,469] {logging_mixin.py:115} INFO - Save a new file exchange_latest_CNY.csv
[2023-07-26 05:05:39,469] {logging_mixin.py:115} INFO - Create a new table exchange_latest_CNY
[2023-07-26 05:05:39,485] {logging_mixin.py:115} INFO - Insert into table exchange_latest_CNY
[2023-07-26 05:05:39,517] {python.py:173} INFO - Done. Returned value was: None
[2023-07-26 05:05:39,543] {taskinstance.py:1420} INFO - Marking task as SUCCESS. dag_id=fetch_exchange_rates_dag, task_id=fetch_exchange_rates_task, execution_date=20230725T141000, start_date=20230726T050536, end_date=20230726T050539
[2023-07-26 05:05:39,582] {local_task_job.py:156} INFO - Task exited with return code 0
[2023-07-26 05:05:39,636] {local_task_job.py:273} INFO - 1 downstream tasks scheduled from follow-on schedule check
