[2023-07-26 05:06:07,481] {taskinstance.py:1179} INFO - Dependencies all met for <TaskInstance: fetch_exchange_rates_dag.create_total_exchange_rates_table scheduled__2023-07-25T16:20:00+00:00 [queued]>
[2023-07-26 05:06:07,514] {taskinstance.py:1179} INFO - Dependencies all met for <TaskInstance: fetch_exchange_rates_dag.create_total_exchange_rates_table scheduled__2023-07-25T16:20:00+00:00 [queued]>
[2023-07-26 05:06:07,531] {taskinstance.py:1376} INFO - 
--------------------------------------------------------------------------------
[2023-07-26 05:06:07,532] {taskinstance.py:1377} INFO - Starting attempt 1 of 1
[2023-07-26 05:06:07,534] {taskinstance.py:1378} INFO - 
--------------------------------------------------------------------------------
[2023-07-26 05:06:07,601] {taskinstance.py:1397} INFO - Executing <Task(PythonOperator): create_total_exchange_rates_table> on 2023-07-25 16:20:00+00:00
[2023-07-26 05:06:07,631] {standard_task_runner.py:52} INFO - Started process 1441 to run task
[2023-07-26 05:06:07,641] {standard_task_runner.py:79} INFO - Running: ['***', 'tasks', 'run', 'fetch_exchange_rates_dag', 'create_total_exchange_rates_table', 'scheduled__2023-07-25T16:20:00+00:00', '--job-id', '361', '--raw', '--subdir', 'DAGS_FOLDER/my_calc_rates.py', '--cfg-path', '/tmp/tmpcylx_xiw', '--error-file', '/tmp/tmp5xn5lta8']
[2023-07-26 05:06:07,651] {standard_task_runner.py:80} INFO - Job 361: Subtask create_total_exchange_rates_table
[2023-07-26 05:06:07,932] {task_command.py:371} INFO - Running <TaskInstance: fetch_exchange_rates_dag.create_total_exchange_rates_table scheduled__2023-07-25T16:20:00+00:00 [running]> on host acb6bca32630
[2023-07-26 05:06:08,164] {taskinstance.py:1591} INFO - Exporting the following env vars:
AIRFLOW_CTX_DAG_OWNER=marina_z
AIRFLOW_CTX_DAG_ID=fetch_exchange_rates_dag
AIRFLOW_CTX_TASK_ID=create_total_exchange_rates_table
AIRFLOW_CTX_EXECUTION_DATE=2023-07-25T16:20:00+00:00
AIRFLOW_CTX_TRY_NUMBER=1
AIRFLOW_CTX_DAG_RUN_ID=scheduled__2023-07-25T16:20:00+00:00
[2023-07-26 05:06:08,169] {logging_mixin.py:115} INFO - The table total_exchange_rates is created and saved
[2023-07-26 05:06:08,195] {python.py:173} INFO - Done. Returned value was: None
[2023-07-26 05:06:08,227] {taskinstance.py:1420} INFO - Marking task as SUCCESS. dag_id=fetch_exchange_rates_dag, task_id=create_total_exchange_rates_table, execution_date=20230725T162000, start_date=20230726T050607, end_date=20230726T050608
[2023-07-26 05:06:08,305] {local_task_job.py:156} INFO - Task exited with return code 0
[2023-07-26 05:06:08,484] {local_task_job.py:273} INFO - 0 downstream tasks scheduled from follow-on schedule check
