[2023-07-25 19:10:03,086] {taskinstance.py:1179} INFO - Dependencies all met for <TaskInstance: calc-rates.insert_data scheduled__2023-07-25T19:05:00+00:00 [queued]>
[2023-07-25 19:10:03,093] {taskinstance.py:1179} INFO - Dependencies all met for <TaskInstance: calc-rates.insert_data scheduled__2023-07-25T19:05:00+00:00 [queued]>
[2023-07-25 19:10:03,094] {taskinstance.py:1376} INFO - 
--------------------------------------------------------------------------------
[2023-07-25 19:10:03,094] {taskinstance.py:1377} INFO - Starting attempt 1 of 1
[2023-07-25 19:10:03,095] {taskinstance.py:1378} INFO - 
--------------------------------------------------------------------------------
[2023-07-25 19:10:03,108] {taskinstance.py:1397} INFO - Executing <Task(PythonOperator): insert_data> on 2023-07-25 19:05:00+00:00
[2023-07-25 19:10:03,112] {standard_task_runner.py:52} INFO - Started process 4478 to run task
[2023-07-25 19:10:03,115] {standard_task_runner.py:79} INFO - Running: ['***', 'tasks', 'run', 'calc-rates', 'insert_data', 'scheduled__2023-07-25T19:05:00+00:00', '--job-id', '22', '--raw', '--subdir', 'DAGS_FOLDER/calc_rates.py', '--cfg-path', '/tmp/tmpdhpzjk2c', '--error-file', '/tmp/tmpz81cbpic']
[2023-07-25 19:10:03,115] {standard_task_runner.py:80} INFO - Job 22: Subtask insert_data
[2023-07-25 19:10:03,182] {task_command.py:371} INFO - Running <TaskInstance: calc-rates.insert_data scheduled__2023-07-25T19:05:00+00:00 [running]> on host 661c8d62a693
[2023-07-25 19:10:03,243] {taskinstance.py:1591} INFO - Exporting the following env vars:
AIRFLOW_CTX_DAG_OWNER=marina_z
AIRFLOW_CTX_DAG_ID=calc-rates
AIRFLOW_CTX_TASK_ID=insert_data
AIRFLOW_CTX_EXECUTION_DATE=2023-07-25T19:05:00+00:00
AIRFLOW_CTX_TRY_NUMBER=1
AIRFLOW_CTX_DAG_RUN_ID=scheduled__2023-07-25T19:05:00+00:00
[2023-07-25 19:10:03,255] {logging_mixin.py:115} INFO - rate_date:  2023-07-25
[2023-07-25 19:10:03,256] {logging_mixin.py:115} INFO - value_:  29150.94736800000100
[2023-07-25 19:10:03,263] {base.py:68} INFO - Using connection ID 'my_db_conn' for task execution.
[2023-07-25 19:10:03,282] {python.py:173} INFO - Done. Returned value was: None
[2023-07-25 19:10:03,292] {taskinstance.py:1420} INFO - Marking task as SUCCESS. dag_id=calc-rates, task_id=insert_data, execution_date=20230725T190500, start_date=20230725T191003, end_date=20230725T191003
[2023-07-25 19:10:03,327] {local_task_job.py:156} INFO - Task exited with return code 0
[2023-07-25 19:10:03,359] {local_task_job.py:273} INFO - 3 downstream tasks scheduled from follow-on schedule check
