[2023-07-26 23:53:46,543] {taskinstance.py:1179} INFO - Dependencies all met for <TaskInstance: fetch_exchange_rates_dag.bash_task scheduled__2023-07-25T00:40:00+00:00 [queued]>
[2023-07-26 23:53:46,650] {taskinstance.py:1179} INFO - Dependencies all met for <TaskInstance: fetch_exchange_rates_dag.bash_task scheduled__2023-07-25T00:40:00+00:00 [queued]>
[2023-07-26 23:53:46,651] {taskinstance.py:1376} INFO - 
--------------------------------------------------------------------------------
[2023-07-26 23:53:46,661] {taskinstance.py:1377} INFO - Starting attempt 1 of 1
[2023-07-26 23:53:46,668] {taskinstance.py:1378} INFO - 
--------------------------------------------------------------------------------
[2023-07-26 23:53:46,907] {taskinstance.py:1397} INFO - Executing <Task(BashOperator): bash_task> on 2023-07-25 00:40:00+00:00
[2023-07-26 23:53:46,977] {standard_task_runner.py:52} INFO - Started process 305 to run task
[2023-07-26 23:53:47,007] {standard_task_runner.py:79} INFO - Running: ['***', 'tasks', 'run', 'fetch_exchange_rates_dag', 'bash_task', 'scheduled__2023-07-25T00:40:00+00:00', '--job-id', '10', '--raw', '--subdir', 'DAGS_FOLDER/my_calc_rates.py', '--cfg-path', '/tmp/tmppxe2pru9', '--error-file', '/tmp/tmp3fi_xeaj']
[2023-07-26 23:53:47,053] {standard_task_runner.py:80} INFO - Job 10: Subtask bash_task
[2023-07-26 23:53:47,306] {task_command.py:371} INFO - Running <TaskInstance: fetch_exchange_rates_dag.bash_task scheduled__2023-07-25T00:40:00+00:00 [running]> on host 43d0198bb36a
[2023-07-26 23:53:47,962] {taskinstance.py:1591} INFO - Exporting the following env vars:
AIRFLOW_CTX_DAG_OWNER=***
AIRFLOW_CTX_DAG_ID=fetch_exchange_rates_dag
AIRFLOW_CTX_TASK_ID=bash_task
AIRFLOW_CTX_EXECUTION_DATE=2023-07-25T00:40:00+00:00
AIRFLOW_CTX_TRY_NUMBER=1
AIRFLOW_CTX_DAG_RUN_ID=scheduled__2023-07-25T00:40:00+00:00
[2023-07-26 23:53:47,987] {subprocess.py:62} INFO - Tmp dir root location: 
 /tmp
[2023-07-26 23:53:47,995] {subprocess.py:74} INFO - Running command: ['bash', '-c', 'echo "Good morning my diggers!"']
[2023-07-26 23:53:48,145] {subprocess.py:85} INFO - Output:
[2023-07-26 23:53:48,148] {subprocess.py:92} INFO - Good morning my diggers!
[2023-07-26 23:53:48,149] {subprocess.py:96} INFO - Command exited with return code 0
[2023-07-26 23:53:48,306] {taskinstance.py:1420} INFO - Marking task as SUCCESS. dag_id=fetch_exchange_rates_dag, task_id=bash_task, execution_date=20230725T004000, start_date=20230726T235346, end_date=20230726T235348
[2023-07-26 23:53:48,492] {local_task_job.py:156} INFO - Task exited with return code 0
[2023-07-26 23:53:48,662] {local_task_job.py:273} INFO - 1 downstream tasks scheduled from follow-on schedule check
[2023-07-27 05:23:04,667] {taskinstance.py:1179} INFO - Dependencies all met for <TaskInstance: fetch_exchange_rates_dag.bash_task scheduled__2023-07-25T00:40:00+00:00 [queued]>
[2023-07-27 05:23:04,734] {taskinstance.py:1179} INFO - Dependencies all met for <TaskInstance: fetch_exchange_rates_dag.bash_task scheduled__2023-07-25T00:40:00+00:00 [queued]>
[2023-07-27 05:23:04,736] {taskinstance.py:1376} INFO - 
--------------------------------------------------------------------------------
[2023-07-27 05:23:04,737] {taskinstance.py:1377} INFO - Starting attempt 1 of 1
[2023-07-27 05:23:04,738] {taskinstance.py:1378} INFO - 
--------------------------------------------------------------------------------
[2023-07-27 05:23:04,849] {taskinstance.py:1397} INFO - Executing <Task(BashOperator): bash_task> on 2023-07-25 00:40:00+00:00
[2023-07-27 05:23:04,859] {standard_task_runner.py:52} INFO - Started process 109 to run task
[2023-07-27 05:23:04,872] {standard_task_runner.py:79} INFO - Running: ['***', 'tasks', 'run', 'fetch_exchange_rates_dag', 'bash_task', 'scheduled__2023-07-25T00:40:00+00:00', '--job-id', '6', '--raw', '--subdir', 'DAGS_FOLDER/my_calc_rates.py', '--cfg-path', '/tmp/tmpbuow6iwt', '--error-file', '/tmp/tmprozdn9mg']
[2023-07-27 05:23:04,875] {standard_task_runner.py:80} INFO - Job 6: Subtask bash_task
[2023-07-27 05:23:05,198] {task_command.py:371} INFO - Running <TaskInstance: fetch_exchange_rates_dag.bash_task scheduled__2023-07-25T00:40:00+00:00 [running]> on host 947ec32f6ac5
[2023-07-27 05:23:05,686] {taskinstance.py:1591} INFO - Exporting the following env vars:
AIRFLOW_CTX_DAG_OWNER=***
AIRFLOW_CTX_DAG_ID=fetch_exchange_rates_dag
AIRFLOW_CTX_TASK_ID=bash_task
AIRFLOW_CTX_EXECUTION_DATE=2023-07-25T00:40:00+00:00
AIRFLOW_CTX_TRY_NUMBER=1
AIRFLOW_CTX_DAG_RUN_ID=scheduled__2023-07-25T00:40:00+00:00
[2023-07-27 05:23:05,690] {subprocess.py:62} INFO - Tmp dir root location: 
 /tmp
[2023-07-27 05:23:05,693] {subprocess.py:74} INFO - Running command: ['bash', '-c', 'echo "Good morning my diggers!"']
[2023-07-27 05:23:05,742] {subprocess.py:85} INFO - Output:
[2023-07-27 05:23:05,744] {subprocess.py:92} INFO - Good morning my diggers!
[2023-07-27 05:23:05,745] {subprocess.py:96} INFO - Command exited with return code 0
[2023-07-27 05:23:05,893] {taskinstance.py:1420} INFO - Marking task as SUCCESS. dag_id=fetch_exchange_rates_dag, task_id=bash_task, execution_date=20230725T004000, start_date=20230727T052304, end_date=20230727T052305
[2023-07-27 05:23:06,023] {local_task_job.py:156} INFO - Task exited with return code 0
[2023-07-27 05:23:06,112] {local_task_job.py:273} INFO - 0 downstream tasks scheduled from follow-on schedule check
