[2023-07-26 23:54:15,043] {taskinstance.py:1179} INFO - Dependencies all met for <TaskInstance: fetch_exchange_rates_dag.fetch_exchange_rates_task scheduled__2023-07-25T03:50:00+00:00 [queued]>
[2023-07-26 23:54:15,127] {taskinstance.py:1179} INFO - Dependencies all met for <TaskInstance: fetch_exchange_rates_dag.fetch_exchange_rates_task scheduled__2023-07-25T03:50:00+00:00 [queued]>
[2023-07-26 23:54:15,139] {taskinstance.py:1376} INFO - 
--------------------------------------------------------------------------------
[2023-07-26 23:54:15,141] {taskinstance.py:1377} INFO - Starting attempt 1 of 1
[2023-07-26 23:54:15,142] {taskinstance.py:1378} INFO - 
--------------------------------------------------------------------------------
[2023-07-26 23:54:15,247] {taskinstance.py:1397} INFO - Executing <Task(PythonOperator): fetch_exchange_rates_task> on 2023-07-25 03:50:00+00:00
[2023-07-26 23:54:15,254] {standard_task_runner.py:52} INFO - Started process 545 to run task
[2023-07-26 23:54:15,261] {standard_task_runner.py:79} INFO - Running: ['***', 'tasks', 'run', 'fetch_exchange_rates_dag', 'fetch_exchange_rates_task', 'scheduled__2023-07-25T03:50:00+00:00', '--job-id', '79', '--raw', '--subdir', 'DAGS_FOLDER/my_calc_rates.py', '--cfg-path', '/tmp/tmp8v7bmyu5', '--error-file', '/tmp/tmpnlintr5k']
[2023-07-26 23:54:15,263] {standard_task_runner.py:80} INFO - Job 79: Subtask fetch_exchange_rates_task
[2023-07-26 23:54:15,572] {task_command.py:371} INFO - Running <TaskInstance: fetch_exchange_rates_dag.fetch_exchange_rates_task scheduled__2023-07-25T03:50:00+00:00 [running]> on host 43d0198bb36a
[2023-07-26 23:54:16,174] {taskinstance.py:1591} INFO - Exporting the following env vars:
AIRFLOW_CTX_DAG_OWNER=marina_z
AIRFLOW_CTX_DAG_ID=fetch_exchange_rates_dag
AIRFLOW_CTX_TASK_ID=fetch_exchange_rates_task
AIRFLOW_CTX_EXECUTION_DATE=2023-07-25T03:50:00+00:00
AIRFLOW_CTX_TRY_NUMBER=1
AIRFLOW_CTX_DAG_RUN_ID=scheduled__2023-07-25T03:50:00+00:00
[2023-07-26 23:54:16,631] {logging_mixin.py:115} INFO - Save a new file exchange_latest_BTC.csv
[2023-07-26 23:54:16,632] {logging_mixin.py:115} INFO - Create a new table exchange_latest_BTC
[2023-07-26 23:54:16,637] {logging_mixin.py:115} INFO - Insert into table exchange_latest_BTC
[2023-07-26 23:54:17,018] {logging_mixin.py:115} INFO - Save a new file exchange_latest_EUR.csv
[2023-07-26 23:54:17,024] {logging_mixin.py:115} INFO - Create a new table exchange_latest_EUR
[2023-07-26 23:54:17,034] {logging_mixin.py:115} INFO - Insert into table exchange_latest_EUR
[2023-07-26 23:54:17,439] {logging_mixin.py:115} INFO - Save a new file exchange_latest_GBR.csv
[2023-07-26 23:54:17,440] {logging_mixin.py:115} INFO - Create a new table exchange_latest_GBR
[2023-07-26 23:54:17,444] {logging_mixin.py:115} INFO - Insert into table exchange_latest_GBR
[2023-07-26 23:54:17,773] {logging_mixin.py:115} INFO - Save a new file exchange_latest_JPY.csv
[2023-07-26 23:54:17,774] {logging_mixin.py:115} INFO - Create a new table exchange_latest_JPY
[2023-07-26 23:54:17,780] {logging_mixin.py:115} INFO - Insert into table exchange_latest_JPY
[2023-07-26 23:54:18,140] {logging_mixin.py:115} INFO - Save a new file exchange_latest_CNY.csv
[2023-07-26 23:54:18,141] {logging_mixin.py:115} INFO - Create a new table exchange_latest_CNY
[2023-07-26 23:54:18,145] {logging_mixin.py:115} INFO - Insert into table exchange_latest_CNY
[2023-07-26 23:54:18,161] {python.py:173} INFO - Done. Returned value was: None
[2023-07-26 23:54:18,183] {taskinstance.py:1420} INFO - Marking task as SUCCESS. dag_id=fetch_exchange_rates_dag, task_id=fetch_exchange_rates_task, execution_date=20230725T035000, start_date=20230726T235415, end_date=20230726T235418
[2023-07-26 23:54:18,249] {local_task_job.py:156} INFO - Task exited with return code 0
[2023-07-26 23:54:18,417] {local_task_job.py:273} INFO - 1 downstream tasks scheduled from follow-on schedule check
