[2023-07-25 20:38:25,609] {taskinstance.py:1179} INFO - Dependencies all met for <TaskInstance: fetch_exchange_rates_dag.fetch_exchange_rates_task scheduled__2023-07-25T13:30:00+00:00 [queued]>
[2023-07-25 20:38:25,632] {taskinstance.py:1179} INFO - Dependencies all met for <TaskInstance: fetch_exchange_rates_dag.fetch_exchange_rates_task scheduled__2023-07-25T13:30:00+00:00 [queued]>
[2023-07-25 20:38:25,633] {taskinstance.py:1376} INFO - 
--------------------------------------------------------------------------------
[2023-07-25 20:38:25,636] {taskinstance.py:1377} INFO - Starting attempt 1 of 1
[2023-07-25 20:38:25,636] {taskinstance.py:1378} INFO - 
--------------------------------------------------------------------------------
[2023-07-25 20:38:25,659] {taskinstance.py:1397} INFO - Executing <Task(PythonOperator): fetch_exchange_rates_task> on 2023-07-25 13:30:00+00:00
[2023-07-25 20:38:25,670] {standard_task_runner.py:52} INFO - Started process 9219 to run task
[2023-07-25 20:38:25,690] {standard_task_runner.py:79} INFO - Running: ['***', 'tasks', 'run', 'fetch_exchange_rates_dag', 'fetch_exchange_rates_task', 'scheduled__2023-07-25T13:30:00+00:00', '--job-id', '179', '--raw', '--subdir', 'DAGS_FOLDER/my_calc_rates.py', '--cfg-path', '/tmp/tmpx6e181_m', '--error-file', '/tmp/tmprqe5z96j']
[2023-07-25 20:38:25,704] {standard_task_runner.py:80} INFO - Job 179: Subtask fetch_exchange_rates_task
[2023-07-25 20:38:25,853] {task_command.py:371} INFO - Running <TaskInstance: fetch_exchange_rates_dag.fetch_exchange_rates_task scheduled__2023-07-25T13:30:00+00:00 [running]> on host 661c8d62a693
[2023-07-25 20:38:26,073] {taskinstance.py:1591} INFO - Exporting the following env vars:
AIRFLOW_CTX_DAG_OWNER=marina_z
AIRFLOW_CTX_DAG_ID=fetch_exchange_rates_dag
AIRFLOW_CTX_TASK_ID=fetch_exchange_rates_task
AIRFLOW_CTX_EXECUTION_DATE=2023-07-25T13:30:00+00:00
AIRFLOW_CTX_TRY_NUMBER=1
AIRFLOW_CTX_DAG_RUN_ID=scheduled__2023-07-25T13:30:00+00:00
[2023-07-25 20:38:27,726] {taskinstance.py:1909} ERROR - Task failed with exception
Traceback (most recent call last):
  File "/home/airflow/.local/lib/python3.7/site-packages/airflow/operators/python.py", line 171, in execute
    return_value = self.execute_callable()
  File "/home/airflow/.local/lib/python3.7/site-packages/airflow/operators/python.py", line 189, in execute_callable
    return self.python_callable(*self.op_args, **self.op_kwargs)
  File "/opt/airflow/dags/my_calc_rates.py", line 69, in fetch_exchange_rates
    load_to_postgres = PostgresOperator(
NameError: name 'PostgresOperator' is not defined
[2023-07-25 20:38:27,741] {taskinstance.py:1420} INFO - Marking task as FAILED. dag_id=fetch_exchange_rates_dag, task_id=fetch_exchange_rates_task, execution_date=20230725T133000, start_date=20230725T203825, end_date=20230725T203827
[2023-07-25 20:38:27,757] {standard_task_runner.py:97} ERROR - Failed to execute job 179 for task fetch_exchange_rates_task (name 'PostgresOperator' is not defined; 9219)
[2023-07-25 20:38:27,769] {local_task_job.py:156} INFO - Task exited with return code 1
[2023-07-25 20:38:27,805] {local_task_job.py:273} INFO - 0 downstream tasks scheduled from follow-on schedule check
[2023-07-26 05:05:26,800] {taskinstance.py:1179} INFO - Dependencies all met for <TaskInstance: fetch_exchange_rates_dag.fetch_exchange_rates_task scheduled__2023-07-25T13:30:00+00:00 [queued]>
[2023-07-26 05:05:26,837] {taskinstance.py:1179} INFO - Dependencies all met for <TaskInstance: fetch_exchange_rates_dag.fetch_exchange_rates_task scheduled__2023-07-25T13:30:00+00:00 [queued]>
[2023-07-26 05:05:26,839] {taskinstance.py:1376} INFO - 
--------------------------------------------------------------------------------
[2023-07-26 05:05:26,847] {taskinstance.py:1377} INFO - Starting attempt 1 of 1
[2023-07-26 05:05:26,852] {taskinstance.py:1378} INFO - 
--------------------------------------------------------------------------------
[2023-07-26 05:05:26,947] {taskinstance.py:1397} INFO - Executing <Task(PythonOperator): fetch_exchange_rates_task> on 2023-07-25 13:30:00+00:00
[2023-07-26 05:05:26,980] {standard_task_runner.py:52} INFO - Started process 1152 to run task
[2023-07-26 05:05:27,044] {standard_task_runner.py:79} INFO - Running: ['***', 'tasks', 'run', 'fetch_exchange_rates_dag', 'fetch_exchange_rates_task', 'scheduled__2023-07-25T13:30:00+00:00', '--job-id', '277', '--raw', '--subdir', 'DAGS_FOLDER/my_calc_rates.py', '--cfg-path', '/tmp/tmpwrd_tqrg', '--error-file', '/tmp/tmp6gmww0e6']
[2023-07-26 05:05:27,052] {standard_task_runner.py:80} INFO - Job 277: Subtask fetch_exchange_rates_task
[2023-07-26 05:05:27,355] {task_command.py:371} INFO - Running <TaskInstance: fetch_exchange_rates_dag.fetch_exchange_rates_task scheduled__2023-07-25T13:30:00+00:00 [running]> on host acb6bca32630
[2023-07-26 05:05:28,187] {taskinstance.py:1591} INFO - Exporting the following env vars:
AIRFLOW_CTX_DAG_OWNER=marina_z
AIRFLOW_CTX_DAG_ID=fetch_exchange_rates_dag
AIRFLOW_CTX_TASK_ID=fetch_exchange_rates_task
AIRFLOW_CTX_EXECUTION_DATE=2023-07-25T13:30:00+00:00
AIRFLOW_CTX_TRY_NUMBER=1
AIRFLOW_CTX_DAG_RUN_ID=scheduled__2023-07-25T13:30:00+00:00
[2023-07-26 05:05:28,735] {logging_mixin.py:115} INFO - Save a new file exchange_latest_BTC.csv
[2023-07-26 05:05:28,737] {logging_mixin.py:115} INFO - Create a new table exchange_latest_BTC
[2023-07-26 05:05:28,752] {logging_mixin.py:115} INFO - Insert into table exchange_latest_BTC
[2023-07-26 05:05:29,171] {logging_mixin.py:115} INFO - Save a new file exchange_latest_EUR.csv
[2023-07-26 05:05:29,172] {logging_mixin.py:115} INFO - Create a new table exchange_latest_EUR
[2023-07-26 05:05:29,187] {logging_mixin.py:115} INFO - Insert into table exchange_latest_EUR
[2023-07-26 05:05:29,715] {logging_mixin.py:115} INFO - Save a new file exchange_latest_GBR.csv
[2023-07-26 05:05:29,716] {logging_mixin.py:115} INFO - Create a new table exchange_latest_GBR
[2023-07-26 05:05:29,738] {logging_mixin.py:115} INFO - Insert into table exchange_latest_GBR
[2023-07-26 05:05:30,215] {logging_mixin.py:115} INFO - Save a new file exchange_latest_JPY.csv
[2023-07-26 05:05:30,218] {logging_mixin.py:115} INFO - Create a new table exchange_latest_JPY
[2023-07-26 05:05:30,226] {logging_mixin.py:115} INFO - Insert into table exchange_latest_JPY
[2023-07-26 05:05:30,689] {logging_mixin.py:115} INFO - Save a new file exchange_latest_CNY.csv
[2023-07-26 05:05:30,690] {logging_mixin.py:115} INFO - Create a new table exchange_latest_CNY
[2023-07-26 05:05:30,698] {logging_mixin.py:115} INFO - Insert into table exchange_latest_CNY
[2023-07-26 05:05:30,721] {python.py:173} INFO - Done. Returned value was: None
[2023-07-26 05:05:30,768] {taskinstance.py:1420} INFO - Marking task as SUCCESS. dag_id=fetch_exchange_rates_dag, task_id=fetch_exchange_rates_task, execution_date=20230725T133000, start_date=20230726T050526, end_date=20230726T050530
[2023-07-26 05:05:30,892] {local_task_job.py:156} INFO - Task exited with return code 0
[2023-07-26 05:05:31,025] {local_task_job.py:273} INFO - 1 downstream tasks scheduled from follow-on schedule check
