[2023-07-26 23:54:10,233] {taskinstance.py:1179} INFO - Dependencies all met for <TaskInstance: fetch_exchange_rates_dag.fetch_exchange_rates_task scheduled__2023-07-25T02:30:00+00:00 [queued]>
[2023-07-26 23:54:10,276] {taskinstance.py:1179} INFO - Dependencies all met for <TaskInstance: fetch_exchange_rates_dag.fetch_exchange_rates_task scheduled__2023-07-25T02:30:00+00:00 [queued]>
[2023-07-26 23:54:10,277] {taskinstance.py:1376} INFO - 
--------------------------------------------------------------------------------
[2023-07-26 23:54:10,278] {taskinstance.py:1377} INFO - Starting attempt 1 of 1
[2023-07-26 23:54:10,279] {taskinstance.py:1378} INFO - 
--------------------------------------------------------------------------------
[2023-07-26 23:54:10,358] {taskinstance.py:1397} INFO - Executing <Task(PythonOperator): fetch_exchange_rates_task> on 2023-07-25 02:30:00+00:00
[2023-07-26 23:54:10,394] {standard_task_runner.py:52} INFO - Started process 492 to run task
[2023-07-26 23:54:10,404] {standard_task_runner.py:79} INFO - Running: ['***', 'tasks', 'run', 'fetch_exchange_rates_dag', 'fetch_exchange_rates_task', 'scheduled__2023-07-25T02:30:00+00:00', '--job-id', '64', '--raw', '--subdir', 'DAGS_FOLDER/my_calc_rates.py', '--cfg-path', '/tmp/tmpw_qkg8t1', '--error-file', '/tmp/tmpb3dn8pa0']
[2023-07-26 23:54:10,408] {standard_task_runner.py:80} INFO - Job 64: Subtask fetch_exchange_rates_task
[2023-07-26 23:54:10,623] {task_command.py:371} INFO - Running <TaskInstance: fetch_exchange_rates_dag.fetch_exchange_rates_task scheduled__2023-07-25T02:30:00+00:00 [running]> on host 43d0198bb36a
[2023-07-26 23:54:10,802] {taskinstance.py:1591} INFO - Exporting the following env vars:
AIRFLOW_CTX_DAG_OWNER=marina_z
AIRFLOW_CTX_DAG_ID=fetch_exchange_rates_dag
AIRFLOW_CTX_TASK_ID=fetch_exchange_rates_task
AIRFLOW_CTX_EXECUTION_DATE=2023-07-25T02:30:00+00:00
AIRFLOW_CTX_TRY_NUMBER=1
AIRFLOW_CTX_DAG_RUN_ID=scheduled__2023-07-25T02:30:00+00:00
[2023-07-26 23:54:11,246] {logging_mixin.py:115} INFO - Save a new file exchange_latest_BTC.csv
[2023-07-26 23:54:11,247] {logging_mixin.py:115} INFO - Create a new table exchange_latest_BTC
[2023-07-26 23:54:11,253] {logging_mixin.py:115} INFO - Insert into table exchange_latest_BTC
[2023-07-26 23:54:11,628] {logging_mixin.py:115} INFO - Save a new file exchange_latest_EUR.csv
[2023-07-26 23:54:11,629] {logging_mixin.py:115} INFO - Create a new table exchange_latest_EUR
[2023-07-26 23:54:11,637] {logging_mixin.py:115} INFO - Insert into table exchange_latest_EUR
[2023-07-26 23:54:11,965] {logging_mixin.py:115} INFO - Save a new file exchange_latest_GBR.csv
[2023-07-26 23:54:11,966] {logging_mixin.py:115} INFO - Create a new table exchange_latest_GBR
[2023-07-26 23:54:11,979] {logging_mixin.py:115} INFO - Insert into table exchange_latest_GBR
[2023-07-26 23:54:12,328] {logging_mixin.py:115} INFO - Save a new file exchange_latest_JPY.csv
[2023-07-26 23:54:12,329] {logging_mixin.py:115} INFO - Create a new table exchange_latest_JPY
[2023-07-26 23:54:12,333] {logging_mixin.py:115} INFO - Insert into table exchange_latest_JPY
[2023-07-26 23:54:12,714] {logging_mixin.py:115} INFO - Save a new file exchange_latest_CNY.csv
[2023-07-26 23:54:12,718] {logging_mixin.py:115} INFO - Create a new table exchange_latest_CNY
[2023-07-26 23:54:12,725] {logging_mixin.py:115} INFO - Insert into table exchange_latest_CNY
[2023-07-26 23:54:12,741] {python.py:173} INFO - Done. Returned value was: None
[2023-07-26 23:54:12,792] {taskinstance.py:1420} INFO - Marking task as SUCCESS. dag_id=fetch_exchange_rates_dag, task_id=fetch_exchange_rates_task, execution_date=20230725T023000, start_date=20230726T235410, end_date=20230726T235412
[2023-07-26 23:54:12,925] {local_task_job.py:156} INFO - Task exited with return code 0
[2023-07-26 23:54:13,094] {local_task_job.py:273} INFO - 1 downstream tasks scheduled from follow-on schedule check
