[2023-07-25 22:55:51,160] {taskinstance.py:1179} INFO - Dependencies all met for <TaskInstance: fetch_exchange_rates_dag.fetch_exchange_rates_task manual__2023-07-25T22:55:50.046404+00:00 [queued]>
[2023-07-25 22:55:51,166] {taskinstance.py:1179} INFO - Dependencies all met for <TaskInstance: fetch_exchange_rates_dag.fetch_exchange_rates_task manual__2023-07-25T22:55:50.046404+00:00 [queued]>
[2023-07-25 22:55:51,167] {taskinstance.py:1376} INFO - 
--------------------------------------------------------------------------------
[2023-07-25 22:55:51,167] {taskinstance.py:1377} INFO - Starting attempt 1 of 1
[2023-07-25 22:55:51,168] {taskinstance.py:1378} INFO - 
--------------------------------------------------------------------------------
[2023-07-25 22:55:51,179] {taskinstance.py:1397} INFO - Executing <Task(PythonOperator): fetch_exchange_rates_task> on 2023-07-25 22:55:50.046404+00:00
[2023-07-25 22:55:51,183] {standard_task_runner.py:52} INFO - Started process 204 to run task
[2023-07-25 22:55:51,185] {standard_task_runner.py:79} INFO - Running: ['***', 'tasks', 'run', 'fetch_exchange_rates_dag', 'fetch_exchange_rates_task', 'manual__2023-07-25T22:55:50.046404+00:00', '--job-id', '327', '--raw', '--subdir', 'DAGS_FOLDER/my_calc_rates.py', '--cfg-path', '/tmp/tmpc4nyes0i', '--error-file', '/tmp/tmpeintsk2w']
[2023-07-25 22:55:51,187] {standard_task_runner.py:80} INFO - Job 327: Subtask fetch_exchange_rates_task
[2023-07-25 22:55:51,256] {task_command.py:371} INFO - Running <TaskInstance: fetch_exchange_rates_dag.fetch_exchange_rates_task manual__2023-07-25T22:55:50.046404+00:00 [running]> on host 661c8d62a693
[2023-07-25 22:55:51,319] {taskinstance.py:1591} INFO - Exporting the following env vars:
AIRFLOW_CTX_DAG_OWNER=marina_z
AIRFLOW_CTX_DAG_ID=fetch_exchange_rates_dag
AIRFLOW_CTX_TASK_ID=fetch_exchange_rates_task
AIRFLOW_CTX_EXECUTION_DATE=2023-07-25T22:55:50.046404+00:00
AIRFLOW_CTX_TRY_NUMBER=1
AIRFLOW_CTX_DAG_RUN_ID=manual__2023-07-25T22:55:50.046404+00:00
[2023-07-25 22:55:51,697] {taskinstance.py:1909} ERROR - Task failed with exception
Traceback (most recent call last):
  File "/home/airflow/.local/lib/python3.7/site-packages/airflow/operators/python.py", line 171, in execute
    return_value = self.execute_callable()
  File "/home/airflow/.local/lib/python3.7/site-packages/airflow/operators/python.py", line 189, in execute_callable
    return self.python_callable(*self.op_args, **self.op_kwargs)
  File "/opt/airflow/dags/my_calc_rates.py", line 86, in fetch_exchange_rates
    cur.execute(copy_query)
psycopg2.errors.UndefinedFile: could not open file "exchange_latest_BTC.csv" for reading: No such file or directory
HINT:  COPY FROM instructs the PostgreSQL server process to read a file. You may want a client-side facility such as psql's \copy.

[2023-07-25 22:55:51,705] {taskinstance.py:1420} INFO - Marking task as FAILED. dag_id=fetch_exchange_rates_dag, task_id=fetch_exchange_rates_task, execution_date=20230725T225550, start_date=20230725T225551, end_date=20230725T225551
[2023-07-25 22:55:51,713] {standard_task_runner.py:97} ERROR - Failed to execute job 327 for task fetch_exchange_rates_task (could not open file "exchange_latest_BTC.csv" for reading: No such file or directory
HINT:  COPY FROM instructs the PostgreSQL server process to read a file. You may want a client-side facility such as psql's \copy.
; 204)
[2023-07-25 22:55:51,721] {local_task_job.py:156} INFO - Task exited with return code 1
[2023-07-25 22:55:51,745] {local_task_job.py:273} INFO - 0 downstream tasks scheduled from follow-on schedule check
