[2023-07-25 20:38:38,648] {taskinstance.py:1179} INFO - Dependencies all met for <TaskInstance: fetch_exchange_rates_dag.fetch_exchange_rates_task scheduled__2023-07-25T15:40:00+00:00 [queued]>
[2023-07-25 20:38:38,668] {taskinstance.py:1179} INFO - Dependencies all met for <TaskInstance: fetch_exchange_rates_dag.fetch_exchange_rates_task scheduled__2023-07-25T15:40:00+00:00 [queued]>
[2023-07-25 20:38:38,668] {taskinstance.py:1376} INFO - 
--------------------------------------------------------------------------------
[2023-07-25 20:38:38,669] {taskinstance.py:1377} INFO - Starting attempt 1 of 1
[2023-07-25 20:38:38,670] {taskinstance.py:1378} INFO - 
--------------------------------------------------------------------------------
[2023-07-25 20:38:38,709] {taskinstance.py:1397} INFO - Executing <Task(PythonOperator): fetch_exchange_rates_task> on 2023-07-25 15:40:00+00:00
[2023-07-25 20:38:38,721] {standard_task_runner.py:52} INFO - Started process 9269 to run task
[2023-07-25 20:38:38,729] {standard_task_runner.py:79} INFO - Running: ['***', 'tasks', 'run', 'fetch_exchange_rates_dag', 'fetch_exchange_rates_task', 'scheduled__2023-07-25T15:40:00+00:00', '--job-id', '192', '--raw', '--subdir', 'DAGS_FOLDER/my_calc_rates.py', '--cfg-path', '/tmp/tmpzl3g2wd7', '--error-file', '/tmp/tmpcwoie0ec']
[2023-07-25 20:38:38,732] {standard_task_runner.py:80} INFO - Job 192: Subtask fetch_exchange_rates_task
[2023-07-25 20:38:38,899] {task_command.py:371} INFO - Running <TaskInstance: fetch_exchange_rates_dag.fetch_exchange_rates_task scheduled__2023-07-25T15:40:00+00:00 [running]> on host 661c8d62a693
[2023-07-25 20:38:39,108] {taskinstance.py:1591} INFO - Exporting the following env vars:
AIRFLOW_CTX_DAG_OWNER=marina_z
AIRFLOW_CTX_DAG_ID=fetch_exchange_rates_dag
AIRFLOW_CTX_TASK_ID=fetch_exchange_rates_task
AIRFLOW_CTX_EXECUTION_DATE=2023-07-25T15:40:00+00:00
AIRFLOW_CTX_TRY_NUMBER=1
AIRFLOW_CTX_DAG_RUN_ID=scheduled__2023-07-25T15:40:00+00:00
[2023-07-25 20:38:40,990] {taskinstance.py:1909} ERROR - Task failed with exception
Traceback (most recent call last):
  File "/home/airflow/.local/lib/python3.7/site-packages/airflow/operators/python.py", line 171, in execute
    return_value = self.execute_callable()
  File "/home/airflow/.local/lib/python3.7/site-packages/airflow/operators/python.py", line 189, in execute_callable
    return self.python_callable(*self.op_args, **self.op_kwargs)
  File "/opt/airflow/dags/my_calc_rates.py", line 69, in fetch_exchange_rates
    load_to_postgres = PostgresOperator(
NameError: name 'PostgresOperator' is not defined
[2023-07-25 20:38:41,035] {taskinstance.py:1420} INFO - Marking task as FAILED. dag_id=fetch_exchange_rates_dag, task_id=fetch_exchange_rates_task, execution_date=20230725T154000, start_date=20230725T203838, end_date=20230725T203841
[2023-07-25 20:38:41,109] {standard_task_runner.py:97} ERROR - Failed to execute job 192 for task fetch_exchange_rates_task (name 'PostgresOperator' is not defined; 9269)
[2023-07-25 20:38:41,183] {local_task_job.py:156} INFO - Task exited with return code 1
[2023-07-25 20:38:41,323] {local_task_job.py:273} INFO - 0 downstream tasks scheduled from follow-on schedule check
[2023-07-26 05:05:54,340] {taskinstance.py:1179} INFO - Dependencies all met for <TaskInstance: fetch_exchange_rates_dag.fetch_exchange_rates_task scheduled__2023-07-25T15:40:00+00:00 [queued]>
[2023-07-26 05:05:54,387] {taskinstance.py:1179} INFO - Dependencies all met for <TaskInstance: fetch_exchange_rates_dag.fetch_exchange_rates_task scheduled__2023-07-25T15:40:00+00:00 [queued]>
[2023-07-26 05:05:54,393] {taskinstance.py:1376} INFO - 
--------------------------------------------------------------------------------
[2023-07-26 05:05:54,398] {taskinstance.py:1377} INFO - Starting attempt 1 of 1
[2023-07-26 05:05:54,400] {taskinstance.py:1378} INFO - 
--------------------------------------------------------------------------------
[2023-07-26 05:05:54,448] {taskinstance.py:1397} INFO - Executing <Task(PythonOperator): fetch_exchange_rates_task> on 2023-07-25 15:40:00+00:00
[2023-07-26 05:05:54,464] {standard_task_runner.py:52} INFO - Started process 1359 to run task
[2023-07-26 05:05:54,509] {standard_task_runner.py:79} INFO - Running: ['***', 'tasks', 'run', 'fetch_exchange_rates_dag', 'fetch_exchange_rates_task', 'scheduled__2023-07-25T15:40:00+00:00', '--job-id', '335', '--raw', '--subdir', 'DAGS_FOLDER/my_calc_rates.py', '--cfg-path', '/tmp/tmpsapt7ax4', '--error-file', '/tmp/tmpq4kptdwo']
[2023-07-26 05:05:54,541] {standard_task_runner.py:80} INFO - Job 335: Subtask fetch_exchange_rates_task
[2023-07-26 05:05:55,474] {task_command.py:371} INFO - Running <TaskInstance: fetch_exchange_rates_dag.fetch_exchange_rates_task scheduled__2023-07-25T15:40:00+00:00 [running]> on host acb6bca32630
[2023-07-26 05:05:55,973] {taskinstance.py:1591} INFO - Exporting the following env vars:
AIRFLOW_CTX_DAG_OWNER=marina_z
AIRFLOW_CTX_DAG_ID=fetch_exchange_rates_dag
AIRFLOW_CTX_TASK_ID=fetch_exchange_rates_task
AIRFLOW_CTX_EXECUTION_DATE=2023-07-25T15:40:00+00:00
AIRFLOW_CTX_TRY_NUMBER=1
AIRFLOW_CTX_DAG_RUN_ID=scheduled__2023-07-25T15:40:00+00:00
[2023-07-26 05:05:56,520] {logging_mixin.py:115} INFO - Save a new file exchange_latest_BTC.csv
[2023-07-26 05:05:56,521] {logging_mixin.py:115} INFO - Create a new table exchange_latest_BTC
[2023-07-26 05:05:56,526] {logging_mixin.py:115} INFO - Insert into table exchange_latest_BTC
[2023-07-26 05:05:56,946] {logging_mixin.py:115} INFO - Save a new file exchange_latest_EUR.csv
[2023-07-26 05:05:56,953] {logging_mixin.py:115} INFO - Create a new table exchange_latest_EUR
[2023-07-26 05:05:56,964] {logging_mixin.py:115} INFO - Insert into table exchange_latest_EUR
[2023-07-26 05:05:57,338] {logging_mixin.py:115} INFO - Save a new file exchange_latest_GBR.csv
[2023-07-26 05:05:57,340] {logging_mixin.py:115} INFO - Create a new table exchange_latest_GBR
[2023-07-26 05:05:57,345] {logging_mixin.py:115} INFO - Insert into table exchange_latest_GBR
[2023-07-26 05:05:57,715] {logging_mixin.py:115} INFO - Save a new file exchange_latest_JPY.csv
[2023-07-26 05:05:57,720] {logging_mixin.py:115} INFO - Create a new table exchange_latest_JPY
[2023-07-26 05:05:57,729] {logging_mixin.py:115} INFO - Insert into table exchange_latest_JPY
[2023-07-26 05:05:58,155] {logging_mixin.py:115} INFO - Save a new file exchange_latest_CNY.csv
[2023-07-26 05:05:58,156] {logging_mixin.py:115} INFO - Create a new table exchange_latest_CNY
[2023-07-26 05:05:58,165] {logging_mixin.py:115} INFO - Insert into table exchange_latest_CNY
[2023-07-26 05:05:58,185] {python.py:173} INFO - Done. Returned value was: None
[2023-07-26 05:05:58,240] {taskinstance.py:1420} INFO - Marking task as SUCCESS. dag_id=fetch_exchange_rates_dag, task_id=fetch_exchange_rates_task, execution_date=20230725T154000, start_date=20230726T050554, end_date=20230726T050558
[2023-07-26 05:05:58,433] {local_task_job.py:156} INFO - Task exited with return code 0
[2023-07-26 05:05:58,901] {local_task_job.py:273} INFO - 0 downstream tasks scheduled from follow-on schedule check
