[2023-07-26 05:07:10,606] {taskinstance.py:1179} INFO - Dependencies all met for <TaskInstance: fetch_exchange_rates_dag.print_csv_table scheduled__2023-07-25T22:00:00+00:00 [queued]>
[2023-07-26 05:07:10,620] {taskinstance.py:1179} INFO - Dependencies all met for <TaskInstance: fetch_exchange_rates_dag.print_csv_table scheduled__2023-07-25T22:00:00+00:00 [queued]>
[2023-07-26 05:07:10,621] {taskinstance.py:1376} INFO - 
--------------------------------------------------------------------------------
[2023-07-26 05:07:10,622] {taskinstance.py:1377} INFO - Starting attempt 1 of 1
[2023-07-26 05:07:10,623] {taskinstance.py:1378} INFO - 
--------------------------------------------------------------------------------
[2023-07-26 05:07:10,641] {taskinstance.py:1397} INFO - Executing <Task(PythonOperator): print_csv_table> on 2023-07-25 22:00:00+00:00
[2023-07-26 05:07:10,651] {standard_task_runner.py:52} INFO - Started process 1878 to run task
[2023-07-26 05:07:10,655] {standard_task_runner.py:79} INFO - Running: ['***', 'tasks', 'run', 'fetch_exchange_rates_dag', 'print_csv_table', 'scheduled__2023-07-25T22:00:00+00:00', '--job-id', '489', '--raw', '--subdir', 'DAGS_FOLDER/my_calc_rates.py', '--cfg-path', '/tmp/tmpoddvvqt8', '--error-file', '/tmp/tmp5ybha9qs']
[2023-07-26 05:07:10,657] {standard_task_runner.py:80} INFO - Job 489: Subtask print_csv_table
[2023-07-26 05:07:10,762] {task_command.py:371} INFO - Running <TaskInstance: fetch_exchange_rates_dag.print_csv_table scheduled__2023-07-25T22:00:00+00:00 [running]> on host acb6bca32630
[2023-07-26 05:07:10,892] {taskinstance.py:1591} INFO - Exporting the following env vars:
AIRFLOW_CTX_DAG_OWNER=marina_z
AIRFLOW_CTX_DAG_ID=fetch_exchange_rates_dag
AIRFLOW_CTX_TASK_ID=print_csv_table
AIRFLOW_CTX_EXECUTION_DATE=2023-07-25T22:00:00+00:00
AIRFLOW_CTX_TRY_NUMBER=1
AIRFLOW_CTX_DAG_RUN_ID=scheduled__2023-07-25T22:00:00+00:00
[2023-07-26 05:07:10,911] {logging_mixin.py:115} INFO -   exchange_id  exchange_rate base_exchange        date
0         RUB     2622163.50           BTC  2023-07-26
1         RUB          99.60           EUR  2023-07-26
2         RUB          99.64           EUR  2023-07-26
3         RUB           0.64           JPY  2023-07-26
4         RUB          12.64           CNY  2023-07-26
[2023-07-26 05:07:10,912] {python.py:173} INFO - Done. Returned value was: None
[2023-07-26 05:07:10,938] {taskinstance.py:1420} INFO - Marking task as SUCCESS. dag_id=fetch_exchange_rates_dag, task_id=print_csv_table, execution_date=20230725T220000, start_date=20230726T050710, end_date=20230726T050710
[2023-07-26 05:07:10,990] {local_task_job.py:156} INFO - Task exited with return code 0
[2023-07-26 05:07:11,031] {local_task_job.py:273} INFO - 0 downstream tasks scheduled from follow-on schedule check
