[2023-07-25 20:45:01,393] {taskinstance.py:1179} INFO - Dependencies all met for <TaskInstance: calc-rates.import_rates scheduled__2023-07-25T20:40:00+00:00 [queued]>
[2023-07-25 20:45:01,401] {taskinstance.py:1179} INFO - Dependencies all met for <TaskInstance: calc-rates.import_rates scheduled__2023-07-25T20:40:00+00:00 [queued]>
[2023-07-25 20:45:01,402] {taskinstance.py:1376} INFO - 
--------------------------------------------------------------------------------
[2023-07-25 20:45:01,403] {taskinstance.py:1377} INFO - Starting attempt 1 of 1
[2023-07-25 20:45:01,403] {taskinstance.py:1378} INFO - 
--------------------------------------------------------------------------------
[2023-07-25 20:45:01,415] {taskinstance.py:1397} INFO - Executing <Task(PythonOperator): import_rates> on 2023-07-25 20:40:00+00:00
[2023-07-25 20:45:01,419] {standard_task_runner.py:52} INFO - Started process 9678 to run task
[2023-07-25 20:45:01,421] {standard_task_runner.py:79} INFO - Running: ['***', 'tasks', 'run', 'calc-rates', 'import_rates', 'scheduled__2023-07-25T20:40:00+00:00', '--job-id', '227', '--raw', '--subdir', 'DAGS_FOLDER/calc_rates.py', '--cfg-path', '/tmp/tmprs558sh3', '--error-file', '/tmp/tmp86j_wst9']
[2023-07-25 20:45:01,422] {standard_task_runner.py:80} INFO - Job 227: Subtask import_rates
[2023-07-25 20:45:01,487] {task_command.py:371} INFO - Running <TaskInstance: calc-rates.import_rates scheduled__2023-07-25T20:40:00+00:00 [running]> on host 661c8d62a693
[2023-07-25 20:45:01,547] {taskinstance.py:1591} INFO - Exporting the following env vars:
AIRFLOW_CTX_DAG_OWNER=marina_z
AIRFLOW_CTX_DAG_ID=calc-rates
AIRFLOW_CTX_TASK_ID=import_rates
AIRFLOW_CTX_EXECUTION_DATE=2023-07-25T20:40:00+00:00
AIRFLOW_CTX_TRY_NUMBER=1
AIRFLOW_CTX_DAG_RUN_ID=scheduled__2023-07-25T20:40:00+00:00
[2023-07-25 20:45:01,907] {python.py:173} INFO - Done. Returned value was: None
[2023-07-25 20:45:01,917] {taskinstance.py:1420} INFO - Marking task as SUCCESS. dag_id=calc-rates, task_id=import_rates, execution_date=20230725T204000, start_date=20230725T204501, end_date=20230725T204501
[2023-07-25 20:45:01,955] {local_task_job.py:156} INFO - Task exited with return code 0
[2023-07-25 20:45:01,995] {local_task_job.py:273} INFO - 1 downstream tasks scheduled from follow-on schedule check
