[2023-07-26 23:53:43,618] {taskinstance.py:1179} INFO - Dependencies all met for <TaskInstance: fetch_exchange_rates_dag.bash_task scheduled__2023-07-25T00:00:00+00:00 [queued]>
[2023-07-26 23:53:43,670] {taskinstance.py:1179} INFO - Dependencies all met for <TaskInstance: fetch_exchange_rates_dag.bash_task scheduled__2023-07-25T00:00:00+00:00 [queued]>
[2023-07-26 23:53:43,671] {taskinstance.py:1376} INFO - 
--------------------------------------------------------------------------------
[2023-07-26 23:53:43,672] {taskinstance.py:1377} INFO - Starting attempt 1 of 1
[2023-07-26 23:53:43,674] {taskinstance.py:1378} INFO - 
--------------------------------------------------------------------------------
[2023-07-26 23:53:43,768] {taskinstance.py:1397} INFO - Executing <Task(BashOperator): bash_task> on 2023-07-25 00:00:00+00:00
[2023-07-26 23:53:43,783] {standard_task_runner.py:52} INFO - Started process 267 to run task
[2023-07-26 23:53:43,797] {standard_task_runner.py:79} INFO - Running: ['***', 'tasks', 'run', 'fetch_exchange_rates_dag', 'bash_task', 'scheduled__2023-07-25T00:00:00+00:00', '--job-id', '3', '--raw', '--subdir', 'DAGS_FOLDER/my_calc_rates.py', '--cfg-path', '/tmp/tmpmpguleny', '--error-file', '/tmp/tmp5r7csuy7']
[2023-07-26 23:53:43,806] {standard_task_runner.py:80} INFO - Job 3: Subtask bash_task
[2023-07-26 23:53:44,005] {task_command.py:371} INFO - Running <TaskInstance: fetch_exchange_rates_dag.bash_task scheduled__2023-07-25T00:00:00+00:00 [running]> on host 43d0198bb36a
[2023-07-26 23:53:44,246] {taskinstance.py:1591} INFO - Exporting the following env vars:
AIRFLOW_CTX_DAG_OWNER=***
AIRFLOW_CTX_DAG_ID=fetch_exchange_rates_dag
AIRFLOW_CTX_TASK_ID=bash_task
AIRFLOW_CTX_EXECUTION_DATE=2023-07-25T00:00:00+00:00
AIRFLOW_CTX_TRY_NUMBER=1
AIRFLOW_CTX_DAG_RUN_ID=scheduled__2023-07-25T00:00:00+00:00
[2023-07-26 23:53:44,249] {subprocess.py:62} INFO - Tmp dir root location: 
 /tmp
[2023-07-26 23:53:44,259] {subprocess.py:74} INFO - Running command: ['bash', '-c', 'echo "Good morning my diggers!"']
[2023-07-26 23:53:44,365] {subprocess.py:85} INFO - Output:
[2023-07-26 23:53:44,375] {subprocess.py:92} INFO - Good morning my diggers!
[2023-07-26 23:53:44,377] {subprocess.py:96} INFO - Command exited with return code 0
[2023-07-26 23:53:44,593] {taskinstance.py:1420} INFO - Marking task as SUCCESS. dag_id=fetch_exchange_rates_dag, task_id=bash_task, execution_date=20230725T000000, start_date=20230726T235343, end_date=20230726T235344
[2023-07-26 23:53:44,678] {local_task_job.py:156} INFO - Task exited with return code 0
[2023-07-26 23:53:44,887] {local_task_job.py:273} INFO - 1 downstream tasks scheduled from follow-on schedule check
[2023-07-27 05:23:03,846] {taskinstance.py:1179} INFO - Dependencies all met for <TaskInstance: fetch_exchange_rates_dag.bash_task scheduled__2023-07-25T00:00:00+00:00 [queued]>
[2023-07-27 05:23:04,066] {taskinstance.py:1179} INFO - Dependencies all met for <TaskInstance: fetch_exchange_rates_dag.bash_task scheduled__2023-07-25T00:00:00+00:00 [queued]>
[2023-07-27 05:23:04,135] {taskinstance.py:1376} INFO - 
--------------------------------------------------------------------------------
[2023-07-27 05:23:04,137] {taskinstance.py:1377} INFO - Starting attempt 1 of 1
[2023-07-27 05:23:04,169] {taskinstance.py:1378} INFO - 
--------------------------------------------------------------------------------
[2023-07-27 05:23:04,222] {taskinstance.py:1397} INFO - Executing <Task(BashOperator): bash_task> on 2023-07-25 00:00:00+00:00
[2023-07-27 05:23:04,274] {standard_task_runner.py:52} INFO - Started process 100 to run task
[2023-07-27 05:23:04,344] {standard_task_runner.py:79} INFO - Running: ['***', 'tasks', 'run', 'fetch_exchange_rates_dag', 'bash_task', 'scheduled__2023-07-25T00:00:00+00:00', '--job-id', '3', '--raw', '--subdir', 'DAGS_FOLDER/my_calc_rates.py', '--cfg-path', '/tmp/tmpkyu_bxji', '--error-file', '/tmp/tmpfq5q_kx7']
[2023-07-27 05:23:04,355] {standard_task_runner.py:80} INFO - Job 3: Subtask bash_task
[2023-07-27 05:23:04,562] {task_command.py:371} INFO - Running <TaskInstance: fetch_exchange_rates_dag.bash_task scheduled__2023-07-25T00:00:00+00:00 [running]> on host 947ec32f6ac5
[2023-07-27 05:23:04,945] {taskinstance.py:1591} INFO - Exporting the following env vars:
AIRFLOW_CTX_DAG_OWNER=***
AIRFLOW_CTX_DAG_ID=fetch_exchange_rates_dag
AIRFLOW_CTX_TASK_ID=bash_task
AIRFLOW_CTX_EXECUTION_DATE=2023-07-25T00:00:00+00:00
AIRFLOW_CTX_TRY_NUMBER=1
AIRFLOW_CTX_DAG_RUN_ID=scheduled__2023-07-25T00:00:00+00:00
[2023-07-27 05:23:04,958] {subprocess.py:62} INFO - Tmp dir root location: 
 /tmp
[2023-07-27 05:23:04,961] {subprocess.py:74} INFO - Running command: ['bash', '-c', 'echo "Good morning my diggers!"']
[2023-07-27 05:23:05,054] {subprocess.py:85} INFO - Output:
[2023-07-27 05:23:05,063] {subprocess.py:92} INFO - Good morning my diggers!
[2023-07-27 05:23:05,064] {subprocess.py:96} INFO - Command exited with return code 0
[2023-07-27 05:23:05,342] {taskinstance.py:1420} INFO - Marking task as SUCCESS. dag_id=fetch_exchange_rates_dag, task_id=bash_task, execution_date=20230725T000000, start_date=20230727T052303, end_date=20230727T052305
[2023-07-27 05:23:05,466] {local_task_job.py:156} INFO - Task exited with return code 0
[2023-07-27 05:23:05,552] {local_task_job.py:273} INFO - 0 downstream tasks scheduled from follow-on schedule check
