[2023-07-25 20:38:38,232] {taskinstance.py:1179} INFO - Dependencies all met for <TaskInstance: fetch_exchange_rates_dag.fetch_exchange_rates_task scheduled__2023-07-25T15:20:00+00:00 [queued]>
[2023-07-25 20:38:38,246] {taskinstance.py:1179} INFO - Dependencies all met for <TaskInstance: fetch_exchange_rates_dag.fetch_exchange_rates_task scheduled__2023-07-25T15:20:00+00:00 [queued]>
[2023-07-25 20:38:38,247] {taskinstance.py:1376} INFO - 
--------------------------------------------------------------------------------
[2023-07-25 20:38:38,248] {taskinstance.py:1377} INFO - Starting attempt 1 of 1
[2023-07-25 20:38:38,249] {taskinstance.py:1378} INFO - 
--------------------------------------------------------------------------------
[2023-07-25 20:38:38,272] {taskinstance.py:1397} INFO - Executing <Task(PythonOperator): fetch_exchange_rates_task> on 2023-07-25 15:20:00+00:00
[2023-07-25 20:38:38,278] {standard_task_runner.py:52} INFO - Started process 9262 to run task
[2023-07-25 20:38:38,287] {standard_task_runner.py:79} INFO - Running: ['***', 'tasks', 'run', 'fetch_exchange_rates_dag', 'fetch_exchange_rates_task', 'scheduled__2023-07-25T15:20:00+00:00', '--job-id', '190', '--raw', '--subdir', 'DAGS_FOLDER/my_calc_rates.py', '--cfg-path', '/tmp/tmpxe5fnv6p', '--error-file', '/tmp/tmpqg2sptjk']
[2023-07-25 20:38:38,289] {standard_task_runner.py:80} INFO - Job 190: Subtask fetch_exchange_rates_task
[2023-07-25 20:38:38,398] {task_command.py:371} INFO - Running <TaskInstance: fetch_exchange_rates_dag.fetch_exchange_rates_task scheduled__2023-07-25T15:20:00+00:00 [running]> on host 661c8d62a693
[2023-07-25 20:38:38,503] {taskinstance.py:1591} INFO - Exporting the following env vars:
AIRFLOW_CTX_DAG_OWNER=marina_z
AIRFLOW_CTX_DAG_ID=fetch_exchange_rates_dag
AIRFLOW_CTX_TASK_ID=fetch_exchange_rates_task
AIRFLOW_CTX_EXECUTION_DATE=2023-07-25T15:20:00+00:00
AIRFLOW_CTX_TRY_NUMBER=1
AIRFLOW_CTX_DAG_RUN_ID=scheduled__2023-07-25T15:20:00+00:00
[2023-07-25 20:38:40,263] {taskinstance.py:1909} ERROR - Task failed with exception
Traceback (most recent call last):
  File "/home/airflow/.local/lib/python3.7/site-packages/airflow/operators/python.py", line 171, in execute
    return_value = self.execute_callable()
  File "/home/airflow/.local/lib/python3.7/site-packages/airflow/operators/python.py", line 189, in execute_callable
    return self.python_callable(*self.op_args, **self.op_kwargs)
  File "/opt/airflow/dags/my_calc_rates.py", line 69, in fetch_exchange_rates
    load_to_postgres = PostgresOperator(
NameError: name 'PostgresOperator' is not defined
[2023-07-25 20:38:40,292] {taskinstance.py:1420} INFO - Marking task as FAILED. dag_id=fetch_exchange_rates_dag, task_id=fetch_exchange_rates_task, execution_date=20230725T152000, start_date=20230725T203838, end_date=20230725T203840
[2023-07-25 20:38:40,583] {standard_task_runner.py:97} ERROR - Failed to execute job 190 for task fetch_exchange_rates_task (name 'PostgresOperator' is not defined; 9262)
[2023-07-25 20:38:40,737] {local_task_job.py:156} INFO - Task exited with return code 1
[2023-07-25 20:38:40,903] {local_task_job.py:273} INFO - 0 downstream tasks scheduled from follow-on schedule check
[2023-07-26 05:05:51,458] {taskinstance.py:1179} INFO - Dependencies all met for <TaskInstance: fetch_exchange_rates_dag.fetch_exchange_rates_task scheduled__2023-07-25T15:20:00+00:00 [queued]>
[2023-07-26 05:05:51,539] {taskinstance.py:1179} INFO - Dependencies all met for <TaskInstance: fetch_exchange_rates_dag.fetch_exchange_rates_task scheduled__2023-07-25T15:20:00+00:00 [queued]>
[2023-07-26 05:05:51,541] {taskinstance.py:1376} INFO - 
--------------------------------------------------------------------------------
[2023-07-26 05:05:51,545] {taskinstance.py:1377} INFO - Starting attempt 1 of 1
[2023-07-26 05:05:51,546] {taskinstance.py:1378} INFO - 
--------------------------------------------------------------------------------
[2023-07-26 05:05:51,602] {taskinstance.py:1397} INFO - Executing <Task(PythonOperator): fetch_exchange_rates_task> on 2023-07-25 15:20:00+00:00
[2023-07-26 05:05:51,618] {standard_task_runner.py:52} INFO - Started process 1335 to run task
[2023-07-26 05:05:51,706] {standard_task_runner.py:79} INFO - Running: ['***', 'tasks', 'run', 'fetch_exchange_rates_dag', 'fetch_exchange_rates_task', 'scheduled__2023-07-25T15:20:00+00:00', '--job-id', '328', '--raw', '--subdir', 'DAGS_FOLDER/my_calc_rates.py', '--cfg-path', '/tmp/tmpn3xbuvwe', '--error-file', '/tmp/tmpsna77ssd']
[2023-07-26 05:05:51,729] {standard_task_runner.py:80} INFO - Job 328: Subtask fetch_exchange_rates_task
[2023-07-26 05:05:52,302] {task_command.py:371} INFO - Running <TaskInstance: fetch_exchange_rates_dag.fetch_exchange_rates_task scheduled__2023-07-25T15:20:00+00:00 [running]> on host acb6bca32630
[2023-07-26 05:05:52,855] {taskinstance.py:1591} INFO - Exporting the following env vars:
AIRFLOW_CTX_DAG_OWNER=marina_z
AIRFLOW_CTX_DAG_ID=fetch_exchange_rates_dag
AIRFLOW_CTX_TASK_ID=fetch_exchange_rates_task
AIRFLOW_CTX_EXECUTION_DATE=2023-07-25T15:20:00+00:00
AIRFLOW_CTX_TRY_NUMBER=1
AIRFLOW_CTX_DAG_RUN_ID=scheduled__2023-07-25T15:20:00+00:00
[2023-07-26 05:05:53,468] {logging_mixin.py:115} INFO - Save a new file exchange_latest_BTC.csv
[2023-07-26 05:05:53,471] {logging_mixin.py:115} INFO - Create a new table exchange_latest_BTC
[2023-07-26 05:05:53,503] {logging_mixin.py:115} INFO - Insert into table exchange_latest_BTC
[2023-07-26 05:05:54,965] {logging_mixin.py:115} INFO - Save a new file exchange_latest_EUR.csv
[2023-07-26 05:05:54,971] {logging_mixin.py:115} INFO - Create a new table exchange_latest_EUR
[2023-07-26 05:05:54,991] {logging_mixin.py:115} INFO - Insert into table exchange_latest_EUR
[2023-07-26 05:05:55,557] {logging_mixin.py:115} INFO - Save a new file exchange_latest_GBR.csv
[2023-07-26 05:05:55,562] {logging_mixin.py:115} INFO - Create a new table exchange_latest_GBR
[2023-07-26 05:05:55,574] {logging_mixin.py:115} INFO - Insert into table exchange_latest_GBR
[2023-07-26 05:05:56,022] {logging_mixin.py:115} INFO - Save a new file exchange_latest_JPY.csv
[2023-07-26 05:05:56,027] {logging_mixin.py:115} INFO - Create a new table exchange_latest_JPY
[2023-07-26 05:05:56,034] {logging_mixin.py:115} INFO - Insert into table exchange_latest_JPY
[2023-07-26 05:05:56,442] {logging_mixin.py:115} INFO - Save a new file exchange_latest_CNY.csv
[2023-07-26 05:05:56,445] {logging_mixin.py:115} INFO - Create a new table exchange_latest_CNY
[2023-07-26 05:05:56,454] {logging_mixin.py:115} INFO - Insert into table exchange_latest_CNY
[2023-07-26 05:05:56,478] {python.py:173} INFO - Done. Returned value was: None
[2023-07-26 05:05:56,523] {taskinstance.py:1420} INFO - Marking task as SUCCESS. dag_id=fetch_exchange_rates_dag, task_id=fetch_exchange_rates_task, execution_date=20230725T152000, start_date=20230726T050551, end_date=20230726T050556
[2023-07-26 05:05:56,653] {local_task_job.py:156} INFO - Task exited with return code 0
[2023-07-26 05:05:56,824] {local_task_job.py:273} INFO - 1 downstream tasks scheduled from follow-on schedule check
