[2023-07-25 20:38:15,023] {taskinstance.py:1179} INFO - Dependencies all met for <TaskInstance: fetch_exchange_rates_dag.fetch_exchange_rates_task scheduled__2023-07-25T11:00:00+00:00 [queued]>
[2023-07-25 20:38:15,070] {taskinstance.py:1179} INFO - Dependencies all met for <TaskInstance: fetch_exchange_rates_dag.fetch_exchange_rates_task scheduled__2023-07-25T11:00:00+00:00 [queued]>
[2023-07-25 20:38:15,071] {taskinstance.py:1376} INFO - 
--------------------------------------------------------------------------------
[2023-07-25 20:38:15,074] {taskinstance.py:1377} INFO - Starting attempt 1 of 1
[2023-07-25 20:38:15,076] {taskinstance.py:1378} INFO - 
--------------------------------------------------------------------------------
[2023-07-25 20:38:15,129] {taskinstance.py:1397} INFO - Executing <Task(PythonOperator): fetch_exchange_rates_task> on 2023-07-25 11:00:00+00:00
[2023-07-25 20:38:15,151] {standard_task_runner.py:79} INFO - Running: ['***', 'tasks', 'run', 'fetch_exchange_rates_dag', 'fetch_exchange_rates_task', 'scheduled__2023-07-25T11:00:00+00:00', '--job-id', '164', '--raw', '--subdir', 'DAGS_FOLDER/my_calc_rates.py', '--cfg-path', '/tmp/tmp3ax8bfk8', '--error-file', '/tmp/tmp0zy6rfzw']
[2023-07-25 20:38:15,152] {standard_task_runner.py:52} INFO - Started process 9166 to run task
[2023-07-25 20:38:15,153] {standard_task_runner.py:80} INFO - Job 164: Subtask fetch_exchange_rates_task
[2023-07-25 20:38:15,503] {task_command.py:371} INFO - Running <TaskInstance: fetch_exchange_rates_dag.fetch_exchange_rates_task scheduled__2023-07-25T11:00:00+00:00 [running]> on host 661c8d62a693
[2023-07-25 20:38:15,676] {taskinstance.py:1591} INFO - Exporting the following env vars:
AIRFLOW_CTX_DAG_OWNER=marina_z
AIRFLOW_CTX_DAG_ID=fetch_exchange_rates_dag
AIRFLOW_CTX_TASK_ID=fetch_exchange_rates_task
AIRFLOW_CTX_EXECUTION_DATE=2023-07-25T11:00:00+00:00
AIRFLOW_CTX_TRY_NUMBER=1
AIRFLOW_CTX_DAG_RUN_ID=scheduled__2023-07-25T11:00:00+00:00
[2023-07-25 20:38:18,014] {taskinstance.py:1909} ERROR - Task failed with exception
Traceback (most recent call last):
  File "/home/airflow/.local/lib/python3.7/site-packages/airflow/operators/python.py", line 171, in execute
    return_value = self.execute_callable()
  File "/home/airflow/.local/lib/python3.7/site-packages/airflow/operators/python.py", line 189, in execute_callable
    return self.python_callable(*self.op_args, **self.op_kwargs)
  File "/opt/airflow/dags/my_calc_rates.py", line 69, in fetch_exchange_rates
    load_to_postgres = PostgresOperator(
NameError: name 'PostgresOperator' is not defined
[2023-07-25 20:38:18,029] {taskinstance.py:1420} INFO - Marking task as FAILED. dag_id=fetch_exchange_rates_dag, task_id=fetch_exchange_rates_task, execution_date=20230725T110000, start_date=20230725T203815, end_date=20230725T203818
[2023-07-25 20:38:18,048] {standard_task_runner.py:97} ERROR - Failed to execute job 164 for task fetch_exchange_rates_task (name 'PostgresOperator' is not defined; 9166)
[2023-07-25 20:38:18,089] {local_task_job.py:156} INFO - Task exited with return code 1
[2023-07-25 20:38:18,118] {local_task_job.py:273} INFO - 0 downstream tasks scheduled from follow-on schedule check
[2023-07-26 05:05:02,273] {taskinstance.py:1179} INFO - Dependencies all met for <TaskInstance: fetch_exchange_rates_dag.fetch_exchange_rates_task scheduled__2023-07-25T11:00:00+00:00 [queued]>
[2023-07-26 05:05:02,293] {taskinstance.py:1179} INFO - Dependencies all met for <TaskInstance: fetch_exchange_rates_dag.fetch_exchange_rates_task scheduled__2023-07-25T11:00:00+00:00 [queued]>
[2023-07-26 05:05:02,295] {taskinstance.py:1376} INFO - 
--------------------------------------------------------------------------------
[2023-07-26 05:05:02,296] {taskinstance.py:1377} INFO - Starting attempt 1 of 1
[2023-07-26 05:05:02,297] {taskinstance.py:1378} INFO - 
--------------------------------------------------------------------------------
[2023-07-26 05:05:02,344] {taskinstance.py:1397} INFO - Executing <Task(PythonOperator): fetch_exchange_rates_task> on 2023-07-25 11:00:00+00:00
[2023-07-26 05:05:02,397] {standard_task_runner.py:52} INFO - Started process 965 to run task
[2023-07-26 05:05:02,403] {standard_task_runner.py:79} INFO - Running: ['***', 'tasks', 'run', 'fetch_exchange_rates_dag', 'fetch_exchange_rates_task', 'scheduled__2023-07-25T11:00:00+00:00', '--job-id', '229', '--raw', '--subdir', 'DAGS_FOLDER/my_calc_rates.py', '--cfg-path', '/tmp/tmp37zdaiyy', '--error-file', '/tmp/tmpuskyi0iu']
[2023-07-26 05:05:02,410] {standard_task_runner.py:80} INFO - Job 229: Subtask fetch_exchange_rates_task
[2023-07-26 05:05:02,667] {task_command.py:371} INFO - Running <TaskInstance: fetch_exchange_rates_dag.fetch_exchange_rates_task scheduled__2023-07-25T11:00:00+00:00 [running]> on host acb6bca32630
[2023-07-26 05:05:02,880] {taskinstance.py:1591} INFO - Exporting the following env vars:
AIRFLOW_CTX_DAG_OWNER=marina_z
AIRFLOW_CTX_DAG_ID=fetch_exchange_rates_dag
AIRFLOW_CTX_TASK_ID=fetch_exchange_rates_task
AIRFLOW_CTX_EXECUTION_DATE=2023-07-25T11:00:00+00:00
AIRFLOW_CTX_TRY_NUMBER=1
AIRFLOW_CTX_DAG_RUN_ID=scheduled__2023-07-25T11:00:00+00:00
[2023-07-26 05:05:03,302] {logging_mixin.py:115} INFO - Save a new file exchange_latest_BTC.csv
[2023-07-26 05:05:03,303] {logging_mixin.py:115} INFO - Create a new table exchange_latest_BTC
[2023-07-26 05:05:03,310] {logging_mixin.py:115} INFO - Insert into table exchange_latest_BTC
[2023-07-26 05:05:03,672] {logging_mixin.py:115} INFO - Save a new file exchange_latest_EUR.csv
[2023-07-26 05:05:03,681] {logging_mixin.py:115} INFO - Create a new table exchange_latest_EUR
[2023-07-26 05:05:03,696] {logging_mixin.py:115} INFO - Insert into table exchange_latest_EUR
[2023-07-26 05:05:04,116] {logging_mixin.py:115} INFO - Save a new file exchange_latest_GBR.csv
[2023-07-26 05:05:04,125] {logging_mixin.py:115} INFO - Create a new table exchange_latest_GBR
[2023-07-26 05:05:04,136] {logging_mixin.py:115} INFO - Insert into table exchange_latest_GBR
[2023-07-26 05:05:04,497] {logging_mixin.py:115} INFO - Save a new file exchange_latest_JPY.csv
[2023-07-26 05:05:04,499] {logging_mixin.py:115} INFO - Create a new table exchange_latest_JPY
[2023-07-26 05:05:04,506] {logging_mixin.py:115} INFO - Insert into table exchange_latest_JPY
[2023-07-26 05:05:04,863] {logging_mixin.py:115} INFO - Save a new file exchange_latest_CNY.csv
[2023-07-26 05:05:04,864] {logging_mixin.py:115} INFO - Create a new table exchange_latest_CNY
[2023-07-26 05:05:04,870] {logging_mixin.py:115} INFO - Insert into table exchange_latest_CNY
[2023-07-26 05:05:04,885] {python.py:173} INFO - Done. Returned value was: None
[2023-07-26 05:05:04,903] {taskinstance.py:1420} INFO - Marking task as SUCCESS. dag_id=fetch_exchange_rates_dag, task_id=fetch_exchange_rates_task, execution_date=20230725T110000, start_date=20230726T050502, end_date=20230726T050504
[2023-07-26 05:05:04,929] {local_task_job.py:156} INFO - Task exited with return code 0
[2023-07-26 05:05:04,969] {local_task_job.py:273} INFO - 1 downstream tasks scheduled from follow-on schedule check
