[2023-07-26 04:18:08,619] {taskinstance.py:1179} INFO - Dependencies all met for <TaskInstance: fetch_exchange_rates_dag.bash_task scheduled__2023-07-26T01:20:00+00:00 [queued]>
[2023-07-26 04:18:08,769] {taskinstance.py:1179} INFO - Dependencies all met for <TaskInstance: fetch_exchange_rates_dag.bash_task scheduled__2023-07-26T01:20:00+00:00 [queued]>
[2023-07-26 04:18:08,773] {taskinstance.py:1376} INFO - 
--------------------------------------------------------------------------------
[2023-07-26 04:18:08,774] {taskinstance.py:1377} INFO - Starting attempt 1 of 1
[2023-07-26 04:18:08,789] {taskinstance.py:1378} INFO - 
--------------------------------------------------------------------------------
[2023-07-26 04:18:08,989] {taskinstance.py:1397} INFO - Executing <Task(BashOperator): bash_task> on 2023-07-26 01:20:00+00:00
[2023-07-26 04:18:09,058] {standard_task_runner.py:52} INFO - Started process 6985 to run task
[2023-07-26 04:18:09,076] {standard_task_runner.py:79} INFO - Running: ['***', 'tasks', 'run', 'fetch_exchange_rates_dag', 'bash_task', 'scheduled__2023-07-26T01:20:00+00:00', '--job-id', '38', '--raw', '--subdir', 'DAGS_FOLDER/my_calc_rates.py', '--cfg-path', '/tmp/tmprgufuy2k', '--error-file', '/tmp/tmp5z6w6kpz']
[2023-07-26 04:18:09,083] {standard_task_runner.py:80} INFO - Job 38: Subtask bash_task
[2023-07-26 04:18:09,428] {task_command.py:371} INFO - Running <TaskInstance: fetch_exchange_rates_dag.bash_task scheduled__2023-07-26T01:20:00+00:00 [running]> on host 6e11a261c833
[2023-07-26 04:18:09,713] {taskinstance.py:1591} INFO - Exporting the following env vars:
AIRFLOW_CTX_DAG_OWNER=***
AIRFLOW_CTX_DAG_ID=fetch_exchange_rates_dag
AIRFLOW_CTX_TASK_ID=bash_task
AIRFLOW_CTX_EXECUTION_DATE=2023-07-26T01:20:00+00:00
AIRFLOW_CTX_TRY_NUMBER=1
AIRFLOW_CTX_DAG_RUN_ID=scheduled__2023-07-26T01:20:00+00:00
[2023-07-26 04:18:09,716] {subprocess.py:62} INFO - Tmp dir root location: 
 /tmp
[2023-07-26 04:18:09,718] {subprocess.py:74} INFO - Running command: ['bash', '-c', 'echo "Good morning my diggers!"']
[2023-07-26 04:18:09,760] {subprocess.py:85} INFO - Output:
[2023-07-26 04:18:09,764] {subprocess.py:92} INFO - Good morning my diggers!
[2023-07-26 04:18:09,765] {subprocess.py:96} INFO - Command exited with return code 0
[2023-07-26 04:18:09,896] {taskinstance.py:1420} INFO - Marking task as SUCCESS. dag_id=fetch_exchange_rates_dag, task_id=bash_task, execution_date=20230726T012000, start_date=20230726T041808, end_date=20230726T041809
[2023-07-26 04:18:10,040] {local_task_job.py:156} INFO - Task exited with return code 0
[2023-07-26 04:18:10,238] {local_task_job.py:273} INFO - 1 downstream tasks scheduled from follow-on schedule check
[2023-07-26 05:07:37,609] {taskinstance.py:1179} INFO - Dependencies all met for <TaskInstance: fetch_exchange_rates_dag.bash_task scheduled__2023-07-26T01:20:00+00:00 [queued]>
[2023-07-26 05:07:37,657] {taskinstance.py:1179} INFO - Dependencies all met for <TaskInstance: fetch_exchange_rates_dag.bash_task scheduled__2023-07-26T01:20:00+00:00 [queued]>
[2023-07-26 05:07:37,658] {taskinstance.py:1376} INFO - 
--------------------------------------------------------------------------------
[2023-07-26 05:07:37,659] {taskinstance.py:1377} INFO - Starting attempt 1 of 1
[2023-07-26 05:07:37,659] {taskinstance.py:1378} INFO - 
--------------------------------------------------------------------------------
[2023-07-26 05:07:37,752] {taskinstance.py:1397} INFO - Executing <Task(BashOperator): bash_task> on 2023-07-26 01:20:00+00:00
[2023-07-26 05:07:37,768] {standard_task_runner.py:52} INFO - Started process 2073 to run task
[2023-07-26 05:07:37,799] {standard_task_runner.py:79} INFO - Running: ['***', 'tasks', 'run', 'fetch_exchange_rates_dag', 'bash_task', 'scheduled__2023-07-26T01:20:00+00:00', '--job-id', '540', '--raw', '--subdir', 'DAGS_FOLDER/my_calc_rates.py', '--cfg-path', '/tmp/tmpp1tc2xf_', '--error-file', '/tmp/tmpqy5_d16t']
[2023-07-26 05:07:37,808] {standard_task_runner.py:80} INFO - Job 540: Subtask bash_task
[2023-07-26 05:07:38,003] {task_command.py:371} INFO - Running <TaskInstance: fetch_exchange_rates_dag.bash_task scheduled__2023-07-26T01:20:00+00:00 [running]> on host acb6bca32630
[2023-07-26 05:07:38,244] {taskinstance.py:1591} INFO - Exporting the following env vars:
AIRFLOW_CTX_DAG_OWNER=***
AIRFLOW_CTX_DAG_ID=fetch_exchange_rates_dag
AIRFLOW_CTX_TASK_ID=bash_task
AIRFLOW_CTX_EXECUTION_DATE=2023-07-26T01:20:00+00:00
AIRFLOW_CTX_TRY_NUMBER=1
AIRFLOW_CTX_DAG_RUN_ID=scheduled__2023-07-26T01:20:00+00:00
[2023-07-26 05:07:38,247] {subprocess.py:62} INFO - Tmp dir root location: 
 /tmp
[2023-07-26 05:07:38,250] {subprocess.py:74} INFO - Running command: ['bash', '-c', 'echo "Good morning my diggers!"']
[2023-07-26 05:07:38,296] {subprocess.py:85} INFO - Output:
[2023-07-26 05:07:38,308] {subprocess.py:92} INFO - Good morning my diggers!
[2023-07-26 05:07:38,309] {subprocess.py:96} INFO - Command exited with return code 0
[2023-07-26 05:07:38,392] {taskinstance.py:1420} INFO - Marking task as SUCCESS. dag_id=fetch_exchange_rates_dag, task_id=bash_task, execution_date=20230726T012000, start_date=20230726T050737, end_date=20230726T050738
[2023-07-26 05:07:38,479] {local_task_job.py:156} INFO - Task exited with return code 0
[2023-07-26 05:07:38,721] {local_task_job.py:273} INFO - 0 downstream tasks scheduled from follow-on schedule check
