[2023-07-26 05:04:06,159] {taskinstance.py:1179} INFO - Dependencies all met for <TaskInstance: fetch_exchange_rates_dag.print_csv_table scheduled__2023-07-25T04:30:00+00:00 [queued]>
[2023-07-26 05:04:06,227] {taskinstance.py:1179} INFO - Dependencies all met for <TaskInstance: fetch_exchange_rates_dag.print_csv_table scheduled__2023-07-25T04:30:00+00:00 [queued]>
[2023-07-26 05:04:06,230] {taskinstance.py:1376} INFO - 
--------------------------------------------------------------------------------
[2023-07-26 05:04:06,231] {taskinstance.py:1377} INFO - Starting attempt 1 of 1
[2023-07-26 05:04:06,236] {taskinstance.py:1378} INFO - 
--------------------------------------------------------------------------------
[2023-07-26 05:04:06,274] {taskinstance.py:1397} INFO - Executing <Task(PythonOperator): print_csv_table> on 2023-07-25 04:30:00+00:00
[2023-07-26 05:04:06,284] {standard_task_runner.py:52} INFO - Started process 554 to run task
[2023-07-26 05:04:06,301] {standard_task_runner.py:79} INFO - Running: ['***', 'tasks', 'run', 'fetch_exchange_rates_dag', 'print_csv_table', 'scheduled__2023-07-25T04:30:00+00:00', '--job-id', '114', '--raw', '--subdir', 'DAGS_FOLDER/my_calc_rates.py', '--cfg-path', '/tmp/tmp7fzc1bzv', '--error-file', '/tmp/tmpcptnigkm']
[2023-07-26 05:04:06,321] {standard_task_runner.py:80} INFO - Job 114: Subtask print_csv_table
[2023-07-26 05:04:06,542] {task_command.py:371} INFO - Running <TaskInstance: fetch_exchange_rates_dag.print_csv_table scheduled__2023-07-25T04:30:00+00:00 [running]> on host acb6bca32630
[2023-07-26 05:04:06,784] {taskinstance.py:1591} INFO - Exporting the following env vars:
AIRFLOW_CTX_DAG_OWNER=marina_z
AIRFLOW_CTX_DAG_ID=fetch_exchange_rates_dag
AIRFLOW_CTX_TASK_ID=print_csv_table
AIRFLOW_CTX_EXECUTION_DATE=2023-07-25T04:30:00+00:00
AIRFLOW_CTX_TRY_NUMBER=1
AIRFLOW_CTX_DAG_RUN_ID=scheduled__2023-07-25T04:30:00+00:00
[2023-07-26 05:04:06,841] {logging_mixin.py:115} INFO -   exchange_id  exchange_rate base_exchange        date
0         RUB     2622163.50           BTC  2023-07-26
1         RUB          99.60           EUR  2023-07-26
2         RUB          99.64           EUR  2023-07-26
3         RUB           0.64           JPY  2023-07-26
4         RUB          12.64           CNY  2023-07-26
[2023-07-26 05:04:06,842] {python.py:173} INFO - Done. Returned value was: None
[2023-07-26 05:04:06,865] {taskinstance.py:1420} INFO - Marking task as SUCCESS. dag_id=fetch_exchange_rates_dag, task_id=print_csv_table, execution_date=20230725T043000, start_date=20230726T050406, end_date=20230726T050406
[2023-07-26 05:04:06,920] {local_task_job.py:156} INFO - Task exited with return code 0
[2023-07-26 05:04:06,987] {local_task_job.py:273} INFO - 0 downstream tasks scheduled from follow-on schedule check
