[2023-07-26 04:18:32,719] {taskinstance.py:1179} INFO - Dependencies all met for <TaskInstance: fetch_exchange_rates_dag.bash_task scheduled__2023-07-26T02:40:00+00:00 [queued]>
[2023-07-26 04:18:32,732] {taskinstance.py:1179} INFO - Dependencies all met for <TaskInstance: fetch_exchange_rates_dag.bash_task scheduled__2023-07-26T02:40:00+00:00 [queued]>
[2023-07-26 04:18:32,734] {taskinstance.py:1376} INFO - 
--------------------------------------------------------------------------------
[2023-07-26 04:18:32,735] {taskinstance.py:1377} INFO - Starting attempt 1 of 1
[2023-07-26 04:18:32,736] {taskinstance.py:1378} INFO - 
--------------------------------------------------------------------------------
[2023-07-26 04:18:32,753] {taskinstance.py:1397} INFO - Executing <Task(BashOperator): bash_task> on 2023-07-26 02:40:00+00:00
[2023-07-26 04:18:32,759] {standard_task_runner.py:52} INFO - Started process 7162 to run task
[2023-07-26 04:18:32,762] {standard_task_runner.py:79} INFO - Running: ['***', 'tasks', 'run', 'fetch_exchange_rates_dag', 'bash_task', 'scheduled__2023-07-26T02:40:00+00:00', '--job-id', '93', '--raw', '--subdir', 'DAGS_FOLDER/my_calc_rates.py', '--cfg-path', '/tmp/tmpqfx7ygts', '--error-file', '/tmp/tmpc8d2rd3v']
[2023-07-26 04:18:32,763] {standard_task_runner.py:80} INFO - Job 93: Subtask bash_task
[2023-07-26 04:18:32,844] {task_command.py:371} INFO - Running <TaskInstance: fetch_exchange_rates_dag.bash_task scheduled__2023-07-26T02:40:00+00:00 [running]> on host 6e11a261c833
[2023-07-26 04:18:32,917] {taskinstance.py:1591} INFO - Exporting the following env vars:
AIRFLOW_CTX_DAG_OWNER=***
AIRFLOW_CTX_DAG_ID=fetch_exchange_rates_dag
AIRFLOW_CTX_TASK_ID=bash_task
AIRFLOW_CTX_EXECUTION_DATE=2023-07-26T02:40:00+00:00
AIRFLOW_CTX_TRY_NUMBER=1
AIRFLOW_CTX_DAG_RUN_ID=scheduled__2023-07-26T02:40:00+00:00
[2023-07-26 04:18:32,919] {subprocess.py:62} INFO - Tmp dir root location: 
 /tmp
[2023-07-26 04:18:32,921] {subprocess.py:74} INFO - Running command: ['bash', '-c', 'echo "Good morning my diggers!"']
[2023-07-26 04:18:32,935] {subprocess.py:85} INFO - Output:
[2023-07-26 04:18:32,941] {subprocess.py:92} INFO - Good morning my diggers!
[2023-07-26 04:18:32,942] {subprocess.py:96} INFO - Command exited with return code 0
[2023-07-26 04:18:32,971] {taskinstance.py:1420} INFO - Marking task as SUCCESS. dag_id=fetch_exchange_rates_dag, task_id=bash_task, execution_date=20230726T024000, start_date=20230726T041832, end_date=20230726T041832
[2023-07-26 04:18:33,015] {local_task_job.py:156} INFO - Task exited with return code 0
[2023-07-26 04:18:33,057] {local_task_job.py:273} INFO - 1 downstream tasks scheduled from follow-on schedule check
[2023-07-26 05:07:44,672] {taskinstance.py:1179} INFO - Dependencies all met for <TaskInstance: fetch_exchange_rates_dag.bash_task scheduled__2023-07-26T02:40:00+00:00 [queued]>
[2023-07-26 05:07:44,920] {taskinstance.py:1179} INFO - Dependencies all met for <TaskInstance: fetch_exchange_rates_dag.bash_task scheduled__2023-07-26T02:40:00+00:00 [queued]>
[2023-07-26 05:07:44,927] {taskinstance.py:1376} INFO - 
--------------------------------------------------------------------------------
[2023-07-26 05:07:44,931] {taskinstance.py:1377} INFO - Starting attempt 1 of 1
[2023-07-26 05:07:44,933] {taskinstance.py:1378} INFO - 
--------------------------------------------------------------------------------
[2023-07-26 05:07:45,064] {taskinstance.py:1397} INFO - Executing <Task(BashOperator): bash_task> on 2023-07-26 02:40:00+00:00
[2023-07-26 05:07:45,088] {standard_task_runner.py:52} INFO - Started process 2141 to run task
[2023-07-26 05:07:45,129] {standard_task_runner.py:79} INFO - Running: ['***', 'tasks', 'run', 'fetch_exchange_rates_dag', 'bash_task', 'scheduled__2023-07-26T02:40:00+00:00', '--job-id', '558', '--raw', '--subdir', 'DAGS_FOLDER/my_calc_rates.py', '--cfg-path', '/tmp/tmpcu_8zd31', '--error-file', '/tmp/tmp7cxgdxp5']
[2023-07-26 05:07:45,151] {standard_task_runner.py:80} INFO - Job 558: Subtask bash_task
[2023-07-26 05:07:46,099] {task_command.py:371} INFO - Running <TaskInstance: fetch_exchange_rates_dag.bash_task scheduled__2023-07-26T02:40:00+00:00 [running]> on host acb6bca32630
[2023-07-26 05:07:46,869] {taskinstance.py:1591} INFO - Exporting the following env vars:
AIRFLOW_CTX_DAG_OWNER=***
AIRFLOW_CTX_DAG_ID=fetch_exchange_rates_dag
AIRFLOW_CTX_TASK_ID=bash_task
AIRFLOW_CTX_EXECUTION_DATE=2023-07-26T02:40:00+00:00
AIRFLOW_CTX_TRY_NUMBER=1
AIRFLOW_CTX_DAG_RUN_ID=scheduled__2023-07-26T02:40:00+00:00
[2023-07-26 05:07:46,886] {subprocess.py:62} INFO - Tmp dir root location: 
 /tmp
[2023-07-26 05:07:46,901] {subprocess.py:74} INFO - Running command: ['bash', '-c', 'echo "Good morning my diggers!"']
[2023-07-26 05:07:47,161] {subprocess.py:85} INFO - Output:
[2023-07-26 05:07:47,187] {subprocess.py:92} INFO - Good morning my diggers!
[2023-07-26 05:07:47,258] {subprocess.py:96} INFO - Command exited with return code 0
[2023-07-26 05:07:47,816] {taskinstance.py:1420} INFO - Marking task as SUCCESS. dag_id=fetch_exchange_rates_dag, task_id=bash_task, execution_date=20230726T024000, start_date=20230726T050744, end_date=20230726T050747
[2023-07-26 05:07:47,966] {local_task_job.py:156} INFO - Task exited with return code 0
[2023-07-26 05:07:48,452] {local_task_job.py:273} INFO - 1 downstream tasks scheduled from follow-on schedule check
