[2023-07-26 23:54:12,805] {taskinstance.py:1179} INFO - Dependencies all met for <TaskInstance: fetch_exchange_rates_dag.bash_task scheduled__2023-07-25T04:20:00+00:00 [queued]>
[2023-07-26 23:54:12,894] {taskinstance.py:1179} INFO - Dependencies all met for <TaskInstance: fetch_exchange_rates_dag.bash_task scheduled__2023-07-25T04:20:00+00:00 [queued]>
[2023-07-26 23:54:12,899] {taskinstance.py:1376} INFO - 
--------------------------------------------------------------------------------
[2023-07-26 23:54:12,907] {taskinstance.py:1377} INFO - Starting attempt 1 of 1
[2023-07-26 23:54:12,907] {taskinstance.py:1378} INFO - 
--------------------------------------------------------------------------------
[2023-07-26 23:54:12,969] {taskinstance.py:1397} INFO - Executing <Task(BashOperator): bash_task> on 2023-07-25 04:20:00+00:00
[2023-07-26 23:54:12,976] {standard_task_runner.py:52} INFO - Started process 521 to run task
[2023-07-26 23:54:13,050] {standard_task_runner.py:79} INFO - Running: ['***', 'tasks', 'run', 'fetch_exchange_rates_dag', 'bash_task', 'scheduled__2023-07-25T04:20:00+00:00', '--job-id', '73', '--raw', '--subdir', 'DAGS_FOLDER/my_calc_rates.py', '--cfg-path', '/tmp/tmpp818vjt8', '--error-file', '/tmp/tmp95w7fjqo']
[2023-07-26 23:54:13,055] {standard_task_runner.py:80} INFO - Job 73: Subtask bash_task
[2023-07-26 23:54:13,345] {task_command.py:371} INFO - Running <TaskInstance: fetch_exchange_rates_dag.bash_task scheduled__2023-07-25T04:20:00+00:00 [running]> on host 43d0198bb36a
[2023-07-26 23:54:13,506] {taskinstance.py:1591} INFO - Exporting the following env vars:
AIRFLOW_CTX_DAG_OWNER=***
AIRFLOW_CTX_DAG_ID=fetch_exchange_rates_dag
AIRFLOW_CTX_TASK_ID=bash_task
AIRFLOW_CTX_EXECUTION_DATE=2023-07-25T04:20:00+00:00
AIRFLOW_CTX_TRY_NUMBER=1
AIRFLOW_CTX_DAG_RUN_ID=scheduled__2023-07-25T04:20:00+00:00
[2023-07-26 23:54:13,508] {subprocess.py:62} INFO - Tmp dir root location: 
 /tmp
[2023-07-26 23:54:13,512] {subprocess.py:74} INFO - Running command: ['bash', '-c', 'echo "Good morning my diggers!"']
[2023-07-26 23:54:13,593] {subprocess.py:85} INFO - Output:
[2023-07-26 23:54:13,596] {subprocess.py:92} INFO - Good morning my diggers!
[2023-07-26 23:54:13,598] {subprocess.py:96} INFO - Command exited with return code 0
[2023-07-26 23:54:13,729] {taskinstance.py:1420} INFO - Marking task as SUCCESS. dag_id=fetch_exchange_rates_dag, task_id=bash_task, execution_date=20230725T042000, start_date=20230726T235412, end_date=20230726T235413
[2023-07-26 23:54:13,784] {local_task_job.py:156} INFO - Task exited with return code 0
[2023-07-26 23:54:13,961] {local_task_job.py:273} INFO - 1 downstream tasks scheduled from follow-on schedule check
[2023-07-27 05:23:18,749] {taskinstance.py:1179} INFO - Dependencies all met for <TaskInstance: fetch_exchange_rates_dag.bash_task scheduled__2023-07-25T04:20:00+00:00 [queued]>
[2023-07-27 05:23:18,762] {taskinstance.py:1179} INFO - Dependencies all met for <TaskInstance: fetch_exchange_rates_dag.bash_task scheduled__2023-07-25T04:20:00+00:00 [queued]>
[2023-07-27 05:23:18,763] {taskinstance.py:1376} INFO - 
--------------------------------------------------------------------------------
[2023-07-27 05:23:18,764] {taskinstance.py:1377} INFO - Starting attempt 1 of 1
[2023-07-27 05:23:18,764] {taskinstance.py:1378} INFO - 
--------------------------------------------------------------------------------
[2023-07-27 05:23:18,793] {taskinstance.py:1397} INFO - Executing <Task(BashOperator): bash_task> on 2023-07-25 04:20:00+00:00
[2023-07-27 05:23:18,803] {standard_task_runner.py:52} INFO - Started process 214 to run task
[2023-07-27 05:23:18,819] {standard_task_runner.py:79} INFO - Running: ['***', 'tasks', 'run', 'fetch_exchange_rates_dag', 'bash_task', 'scheduled__2023-07-25T04:20:00+00:00', '--job-id', '33', '--raw', '--subdir', 'DAGS_FOLDER/my_calc_rates.py', '--cfg-path', '/tmp/tmpe7h53kmm', '--error-file', '/tmp/tmpozxd3o9k']
[2023-07-27 05:23:18,833] {standard_task_runner.py:80} INFO - Job 33: Subtask bash_task
[2023-07-27 05:23:18,980] {task_command.py:371} INFO - Running <TaskInstance: fetch_exchange_rates_dag.bash_task scheduled__2023-07-25T04:20:00+00:00 [running]> on host 947ec32f6ac5
[2023-07-27 05:23:19,164] {taskinstance.py:1591} INFO - Exporting the following env vars:
AIRFLOW_CTX_DAG_OWNER=***
AIRFLOW_CTX_DAG_ID=fetch_exchange_rates_dag
AIRFLOW_CTX_TASK_ID=bash_task
AIRFLOW_CTX_EXECUTION_DATE=2023-07-25T04:20:00+00:00
AIRFLOW_CTX_TRY_NUMBER=1
AIRFLOW_CTX_DAG_RUN_ID=scheduled__2023-07-25T04:20:00+00:00
[2023-07-27 05:23:19,166] {subprocess.py:62} INFO - Tmp dir root location: 
 /tmp
[2023-07-27 05:23:19,170] {subprocess.py:74} INFO - Running command: ['bash', '-c', 'echo "Good morning my diggers!"']
[2023-07-27 05:23:19,205] {subprocess.py:85} INFO - Output:
[2023-07-27 05:23:19,216] {subprocess.py:92} INFO - Good morning my diggers!
[2023-07-27 05:23:19,218] {subprocess.py:96} INFO - Command exited with return code 0
[2023-07-27 05:23:19,296] {taskinstance.py:1420} INFO - Marking task as SUCCESS. dag_id=fetch_exchange_rates_dag, task_id=bash_task, execution_date=20230725T042000, start_date=20230727T052318, end_date=20230727T052319
[2023-07-27 05:23:19,353] {local_task_job.py:156} INFO - Task exited with return code 0
[2023-07-27 05:23:19,433] {local_task_job.py:273} INFO - 0 downstream tasks scheduled from follow-on schedule check
