[2023-07-25 20:38:42,847] {taskinstance.py:1179} INFO - Dependencies all met for <TaskInstance: fetch_exchange_rates_dag.fetch_exchange_rates_task scheduled__2023-07-25T17:20:00+00:00 [queued]>
[2023-07-25 20:38:42,867] {taskinstance.py:1179} INFO - Dependencies all met for <TaskInstance: fetch_exchange_rates_dag.fetch_exchange_rates_task scheduled__2023-07-25T17:20:00+00:00 [queued]>
[2023-07-25 20:38:42,868] {taskinstance.py:1376} INFO - 
--------------------------------------------------------------------------------
[2023-07-25 20:38:42,869] {taskinstance.py:1377} INFO - Starting attempt 1 of 1
[2023-07-25 20:38:42,870] {taskinstance.py:1378} INFO - 
--------------------------------------------------------------------------------
[2023-07-25 20:38:42,888] {taskinstance.py:1397} INFO - Executing <Task(PythonOperator): fetch_exchange_rates_task> on 2023-07-25 17:20:00+00:00
[2023-07-25 20:38:42,896] {standard_task_runner.py:52} INFO - Started process 9300 to run task
[2023-07-25 20:38:42,908] {standard_task_runner.py:79} INFO - Running: ['***', 'tasks', 'run', 'fetch_exchange_rates_dag', 'fetch_exchange_rates_task', 'scheduled__2023-07-25T17:20:00+00:00', '--job-id', '202', '--raw', '--subdir', 'DAGS_FOLDER/my_calc_rates.py', '--cfg-path', '/tmp/tmpdvt6bv2w', '--error-file', '/tmp/tmpa8nttlus']
[2023-07-25 20:38:42,909] {standard_task_runner.py:80} INFO - Job 202: Subtask fetch_exchange_rates_task
[2023-07-25 20:38:43,058] {task_command.py:371} INFO - Running <TaskInstance: fetch_exchange_rates_dag.fetch_exchange_rates_task scheduled__2023-07-25T17:20:00+00:00 [running]> on host 661c8d62a693
[2023-07-25 20:38:43,173] {taskinstance.py:1591} INFO - Exporting the following env vars:
AIRFLOW_CTX_DAG_OWNER=marina_z
AIRFLOW_CTX_DAG_ID=fetch_exchange_rates_dag
AIRFLOW_CTX_TASK_ID=fetch_exchange_rates_task
AIRFLOW_CTX_EXECUTION_DATE=2023-07-25T17:20:00+00:00
AIRFLOW_CTX_TRY_NUMBER=1
AIRFLOW_CTX_DAG_RUN_ID=scheduled__2023-07-25T17:20:00+00:00
[2023-07-25 20:38:44,824] {taskinstance.py:1909} ERROR - Task failed with exception
Traceback (most recent call last):
  File "/home/airflow/.local/lib/python3.7/site-packages/airflow/operators/python.py", line 171, in execute
    return_value = self.execute_callable()
  File "/home/airflow/.local/lib/python3.7/site-packages/airflow/operators/python.py", line 189, in execute_callable
    return self.python_callable(*self.op_args, **self.op_kwargs)
  File "/opt/airflow/dags/my_calc_rates.py", line 69, in fetch_exchange_rates
    load_to_postgres = PostgresOperator(
NameError: name 'PostgresOperator' is not defined
[2023-07-25 20:38:44,847] {taskinstance.py:1420} INFO - Marking task as FAILED. dag_id=fetch_exchange_rates_dag, task_id=fetch_exchange_rates_task, execution_date=20230725T172000, start_date=20230725T203842, end_date=20230725T203844
[2023-07-25 20:38:44,858] {standard_task_runner.py:97} ERROR - Failed to execute job 202 for task fetch_exchange_rates_task (name 'PostgresOperator' is not defined; 9300)
[2023-07-25 20:38:44,887] {local_task_job.py:156} INFO - Task exited with return code 1
[2023-07-25 20:38:44,912] {local_task_job.py:273} INFO - 0 downstream tasks scheduled from follow-on schedule check
[2023-07-26 05:06:17,954] {taskinstance.py:1179} INFO - Dependencies all met for <TaskInstance: fetch_exchange_rates_dag.fetch_exchange_rates_task scheduled__2023-07-25T17:20:00+00:00 [queued]>
[2023-07-26 05:06:18,019] {taskinstance.py:1179} INFO - Dependencies all met for <TaskInstance: fetch_exchange_rates_dag.fetch_exchange_rates_task scheduled__2023-07-25T17:20:00+00:00 [queued]>
[2023-07-26 05:06:18,028] {taskinstance.py:1376} INFO - 
--------------------------------------------------------------------------------
[2023-07-26 05:06:18,030] {taskinstance.py:1377} INFO - Starting attempt 1 of 1
[2023-07-26 05:06:18,032] {taskinstance.py:1378} INFO - 
--------------------------------------------------------------------------------
[2023-07-26 05:06:18,085] {taskinstance.py:1397} INFO - Executing <Task(PythonOperator): fetch_exchange_rates_task> on 2023-07-25 17:20:00+00:00
[2023-07-26 05:06:18,094] {standard_task_runner.py:52} INFO - Started process 1532 to run task
[2023-07-26 05:06:18,114] {standard_task_runner.py:79} INFO - Running: ['***', 'tasks', 'run', 'fetch_exchange_rates_dag', 'fetch_exchange_rates_task', 'scheduled__2023-07-25T17:20:00+00:00', '--job-id', '382', '--raw', '--subdir', 'DAGS_FOLDER/my_calc_rates.py', '--cfg-path', '/tmp/tmpy8lquf8z', '--error-file', '/tmp/tmppf5uwl6p']
[2023-07-26 05:06:18,124] {standard_task_runner.py:80} INFO - Job 382: Subtask fetch_exchange_rates_task
[2023-07-26 05:06:18,405] {task_command.py:371} INFO - Running <TaskInstance: fetch_exchange_rates_dag.fetch_exchange_rates_task scheduled__2023-07-25T17:20:00+00:00 [running]> on host acb6bca32630
[2023-07-26 05:06:18,746] {taskinstance.py:1591} INFO - Exporting the following env vars:
AIRFLOW_CTX_DAG_OWNER=marina_z
AIRFLOW_CTX_DAG_ID=fetch_exchange_rates_dag
AIRFLOW_CTX_TASK_ID=fetch_exchange_rates_task
AIRFLOW_CTX_EXECUTION_DATE=2023-07-25T17:20:00+00:00
AIRFLOW_CTX_TRY_NUMBER=1
AIRFLOW_CTX_DAG_RUN_ID=scheduled__2023-07-25T17:20:00+00:00
[2023-07-26 05:06:19,157] {logging_mixin.py:115} INFO - Save a new file exchange_latest_BTC.csv
[2023-07-26 05:06:19,158] {logging_mixin.py:115} INFO - Create a new table exchange_latest_BTC
[2023-07-26 05:06:19,170] {logging_mixin.py:115} INFO - Insert into table exchange_latest_BTC
[2023-07-26 05:06:19,604] {logging_mixin.py:115} INFO - Save a new file exchange_latest_EUR.csv
[2023-07-26 05:06:19,605] {logging_mixin.py:115} INFO - Create a new table exchange_latest_EUR
[2023-07-26 05:06:19,624] {logging_mixin.py:115} INFO - Insert into table exchange_latest_EUR
[2023-07-26 05:06:20,093] {logging_mixin.py:115} INFO - Save a new file exchange_latest_GBR.csv
[2023-07-26 05:06:20,094] {logging_mixin.py:115} INFO - Create a new table exchange_latest_GBR
[2023-07-26 05:06:20,133] {logging_mixin.py:115} INFO - Insert into table exchange_latest_GBR
[2023-07-26 05:06:20,487] {logging_mixin.py:115} INFO - Save a new file exchange_latest_JPY.csv
[2023-07-26 05:06:20,488] {logging_mixin.py:115} INFO - Create a new table exchange_latest_JPY
[2023-07-26 05:06:20,493] {logging_mixin.py:115} INFO - Insert into table exchange_latest_JPY
[2023-07-26 05:06:20,886] {logging_mixin.py:115} INFO - Save a new file exchange_latest_CNY.csv
[2023-07-26 05:06:20,887] {logging_mixin.py:115} INFO - Create a new table exchange_latest_CNY
[2023-07-26 05:06:20,893] {logging_mixin.py:115} INFO - Insert into table exchange_latest_CNY
[2023-07-26 05:06:20,914] {python.py:173} INFO - Done. Returned value was: None
[2023-07-26 05:06:20,963] {taskinstance.py:1420} INFO - Marking task as SUCCESS. dag_id=fetch_exchange_rates_dag, task_id=fetch_exchange_rates_task, execution_date=20230725T172000, start_date=20230726T050617, end_date=20230726T050620
[2023-07-26 05:06:21,074] {local_task_job.py:156} INFO - Task exited with return code 0
[2023-07-26 05:06:21,753] {local_task_job.py:273} INFO - 0 downstream tasks scheduled from follow-on schedule check
