[2023-07-25 19:45:01,630] {taskinstance.py:1179} INFO - Dependencies all met for <TaskInstance: calc-rates.import_rates scheduled__2023-07-25T19:40:00+00:00 [queued]>
[2023-07-25 19:45:01,636] {taskinstance.py:1179} INFO - Dependencies all met for <TaskInstance: calc-rates.import_rates scheduled__2023-07-25T19:40:00+00:00 [queued]>
[2023-07-25 19:45:01,637] {taskinstance.py:1376} INFO - 
--------------------------------------------------------------------------------
[2023-07-25 19:45:01,638] {taskinstance.py:1377} INFO - Starting attempt 1 of 1
[2023-07-25 19:45:01,638] {taskinstance.py:1378} INFO - 
--------------------------------------------------------------------------------
[2023-07-25 19:45:01,648] {taskinstance.py:1397} INFO - Executing <Task(PythonOperator): import_rates> on 2023-07-25 19:40:00+00:00
[2023-07-25 19:45:01,652] {standard_task_runner.py:52} INFO - Started process 6251 to run task
[2023-07-25 19:45:01,655] {standard_task_runner.py:79} INFO - Running: ['***', 'tasks', 'run', 'calc-rates', 'import_rates', 'scheduled__2023-07-25T19:40:00+00:00', '--job-id', '51', '--raw', '--subdir', 'DAGS_FOLDER/calc_rates.py', '--cfg-path', '/tmp/tmphcfx2c8u', '--error-file', '/tmp/tmpqd3gwq69']
[2023-07-25 19:45:01,655] {standard_task_runner.py:80} INFO - Job 51: Subtask import_rates
[2023-07-25 19:45:01,717] {task_command.py:371} INFO - Running <TaskInstance: calc-rates.import_rates scheduled__2023-07-25T19:40:00+00:00 [running]> on host 661c8d62a693
[2023-07-25 19:45:01,770] {taskinstance.py:1591} INFO - Exporting the following env vars:
AIRFLOW_CTX_DAG_OWNER=marina_z
AIRFLOW_CTX_DAG_ID=calc-rates
AIRFLOW_CTX_TASK_ID=import_rates
AIRFLOW_CTX_EXECUTION_DATE=2023-07-25T19:40:00+00:00
AIRFLOW_CTX_TRY_NUMBER=1
AIRFLOW_CTX_DAG_RUN_ID=scheduled__2023-07-25T19:40:00+00:00
[2023-07-25 19:45:02,091] {python.py:173} INFO - Done. Returned value was: None
[2023-07-25 19:45:02,118] {taskinstance.py:1420} INFO - Marking task as SUCCESS. dag_id=calc-rates, task_id=import_rates, execution_date=20230725T194000, start_date=20230725T194501, end_date=20230725T194502
[2023-07-25 19:45:02,149] {local_task_job.py:156} INFO - Task exited with return code 0
[2023-07-25 19:45:02,181] {local_task_job.py:273} INFO - 1 downstream tasks scheduled from follow-on schedule check
