[2023-07-25 20:35:00,698] {taskinstance.py:1179} INFO - Dependencies all met for <TaskInstance: fetch_exchange_rates_dag.fetch_exchange_rates_task scheduled__2023-07-25T05:10:00+00:00 [queued]>
[2023-07-25 20:35:00,724] {taskinstance.py:1179} INFO - Dependencies all met for <TaskInstance: fetch_exchange_rates_dag.fetch_exchange_rates_task scheduled__2023-07-25T05:10:00+00:00 [queued]>
[2023-07-25 20:35:00,724] {taskinstance.py:1376} INFO - 
--------------------------------------------------------------------------------
[2023-07-25 20:35:00,725] {taskinstance.py:1377} INFO - Starting attempt 1 of 1
[2023-07-25 20:35:00,726] {taskinstance.py:1378} INFO - 
--------------------------------------------------------------------------------
[2023-07-25 20:35:00,784] {taskinstance.py:1397} INFO - Executing <Task(PythonOperator): fetch_exchange_rates_task> on 2023-07-25 05:10:00+00:00
[2023-07-25 20:35:00,801] {standard_task_runner.py:52} INFO - Started process 8897 to run task
[2023-07-25 20:35:00,814] {standard_task_runner.py:79} INFO - Running: ['***', 'tasks', 'run', 'fetch_exchange_rates_dag', 'fetch_exchange_rates_task', 'scheduled__2023-07-25T05:10:00+00:00', '--job-id', '124', '--raw', '--subdir', 'DAGS_FOLDER/my_calc_rates.py', '--cfg-path', '/tmp/tmppizc38u9', '--error-file', '/tmp/tmpv05onnky']
[2023-07-25 20:35:00,816] {standard_task_runner.py:80} INFO - Job 124: Subtask fetch_exchange_rates_task
[2023-07-25 20:35:01,008] {task_command.py:371} INFO - Running <TaskInstance: fetch_exchange_rates_dag.fetch_exchange_rates_task scheduled__2023-07-25T05:10:00+00:00 [running]> on host 661c8d62a693
[2023-07-25 20:35:01,239] {taskinstance.py:1591} INFO - Exporting the following env vars:
AIRFLOW_CTX_DAG_OWNER=marina_z
AIRFLOW_CTX_DAG_ID=fetch_exchange_rates_dag
AIRFLOW_CTX_TASK_ID=fetch_exchange_rates_task
AIRFLOW_CTX_EXECUTION_DATE=2023-07-25T05:10:00+00:00
AIRFLOW_CTX_TRY_NUMBER=1
AIRFLOW_CTX_DAG_RUN_ID=scheduled__2023-07-25T05:10:00+00:00
[2023-07-25 20:35:02,961] {taskinstance.py:1909} ERROR - Task failed with exception
Traceback (most recent call last):
  File "/home/airflow/.local/lib/python3.7/site-packages/airflow/operators/python.py", line 171, in execute
    return_value = self.execute_callable()
  File "/home/airflow/.local/lib/python3.7/site-packages/airflow/operators/python.py", line 189, in execute_callable
    return self.python_callable(*self.op_args, **self.op_kwargs)
  File "/opt/airflow/dags/my_calc_rates.py", line 69, in fetch_exchange_rates
    load_to_postgres = PostgresOperator(
NameError: name 'PostgresOperator' is not defined
[2023-07-25 20:35:02,987] {taskinstance.py:1420} INFO - Marking task as FAILED. dag_id=fetch_exchange_rates_dag, task_id=fetch_exchange_rates_task, execution_date=20230725T051000, start_date=20230725T203500, end_date=20230725T203502
[2023-07-25 20:35:03,016] {standard_task_runner.py:97} ERROR - Failed to execute job 124 for task fetch_exchange_rates_task (name 'PostgresOperator' is not defined; 8897)
[2023-07-25 20:35:03,144] {local_task_job.py:156} INFO - Task exited with return code 1
[2023-07-25 20:35:03,382] {local_task_job.py:273} INFO - 0 downstream tasks scheduled from follow-on schedule check
[2023-07-26 05:04:04,732] {taskinstance.py:1179} INFO - Dependencies all met for <TaskInstance: fetch_exchange_rates_dag.fetch_exchange_rates_task scheduled__2023-07-25T05:10:00+00:00 [queued]>
[2023-07-26 05:04:04,768] {taskinstance.py:1179} INFO - Dependencies all met for <TaskInstance: fetch_exchange_rates_dag.fetch_exchange_rates_task scheduled__2023-07-25T05:10:00+00:00 [queued]>
[2023-07-26 05:04:04,775] {taskinstance.py:1376} INFO - 
--------------------------------------------------------------------------------
[2023-07-26 05:04:04,777] {taskinstance.py:1377} INFO - Starting attempt 1 of 1
[2023-07-26 05:04:04,778] {taskinstance.py:1378} INFO - 
--------------------------------------------------------------------------------
[2023-07-26 05:04:04,811] {taskinstance.py:1397} INFO - Executing <Task(PythonOperator): fetch_exchange_rates_task> on 2023-07-25 05:10:00+00:00
[2023-07-26 05:04:04,836] {standard_task_runner.py:52} INFO - Started process 546 to run task
[2023-07-26 05:04:04,854] {standard_task_runner.py:79} INFO - Running: ['***', 'tasks', 'run', 'fetch_exchange_rates_dag', 'fetch_exchange_rates_task', 'scheduled__2023-07-25T05:10:00+00:00', '--job-id', '109', '--raw', '--subdir', 'DAGS_FOLDER/my_calc_rates.py', '--cfg-path', '/tmp/tmpgiwn0z5y', '--error-file', '/tmp/tmpsg6wuttu']
[2023-07-26 05:04:04,862] {standard_task_runner.py:80} INFO - Job 109: Subtask fetch_exchange_rates_task
[2023-07-26 05:04:05,113] {task_command.py:371} INFO - Running <TaskInstance: fetch_exchange_rates_dag.fetch_exchange_rates_task scheduled__2023-07-25T05:10:00+00:00 [running]> on host acb6bca32630
[2023-07-26 05:04:05,301] {taskinstance.py:1591} INFO - Exporting the following env vars:
AIRFLOW_CTX_DAG_OWNER=marina_z
AIRFLOW_CTX_DAG_ID=fetch_exchange_rates_dag
AIRFLOW_CTX_TASK_ID=fetch_exchange_rates_task
AIRFLOW_CTX_EXECUTION_DATE=2023-07-25T05:10:00+00:00
AIRFLOW_CTX_TRY_NUMBER=1
AIRFLOW_CTX_DAG_RUN_ID=scheduled__2023-07-25T05:10:00+00:00
[2023-07-26 05:04:05,767] {logging_mixin.py:115} INFO - Save a new file exchange_latest_BTC.csv
[2023-07-26 05:04:05,771] {logging_mixin.py:115} INFO - Create a new table exchange_latest_BTC
[2023-07-26 05:04:05,783] {logging_mixin.py:115} INFO - Insert into table exchange_latest_BTC
[2023-07-26 05:04:06,161] {logging_mixin.py:115} INFO - Save a new file exchange_latest_EUR.csv
[2023-07-26 05:04:06,162] {logging_mixin.py:115} INFO - Create a new table exchange_latest_EUR
[2023-07-26 05:04:06,169] {logging_mixin.py:115} INFO - Insert into table exchange_latest_EUR
[2023-07-26 05:04:06,620] {logging_mixin.py:115} INFO - Save a new file exchange_latest_GBR.csv
[2023-07-26 05:04:06,622] {logging_mixin.py:115} INFO - Create a new table exchange_latest_GBR
[2023-07-26 05:04:06,642] {logging_mixin.py:115} INFO - Insert into table exchange_latest_GBR
[2023-07-26 05:04:07,032] {logging_mixin.py:115} INFO - Save a new file exchange_latest_JPY.csv
[2023-07-26 05:04:07,033] {logging_mixin.py:115} INFO - Create a new table exchange_latest_JPY
[2023-07-26 05:04:07,051] {logging_mixin.py:115} INFO - Insert into table exchange_latest_JPY
[2023-07-26 05:04:07,393] {logging_mixin.py:115} INFO - Save a new file exchange_latest_CNY.csv
[2023-07-26 05:04:07,394] {logging_mixin.py:115} INFO - Create a new table exchange_latest_CNY
[2023-07-26 05:04:07,400] {logging_mixin.py:115} INFO - Insert into table exchange_latest_CNY
[2023-07-26 05:04:07,417] {python.py:173} INFO - Done. Returned value was: None
[2023-07-26 05:04:07,516] {taskinstance.py:1420} INFO - Marking task as SUCCESS. dag_id=fetch_exchange_rates_dag, task_id=fetch_exchange_rates_task, execution_date=20230725T051000, start_date=20230726T050404, end_date=20230726T050407
[2023-07-26 05:04:07,541] {local_task_job.py:156} INFO - Task exited with return code 0
[2023-07-26 05:04:07,589] {local_task_job.py:273} INFO - 1 downstream tasks scheduled from follow-on schedule check
