[2023-07-25 23:10:01,167] {taskinstance.py:1179} INFO - Dependencies all met for <TaskInstance: calc-rates.bash_task scheduled__2023-07-25T23:05:00+00:00 [queued]>
[2023-07-25 23:10:01,179] {taskinstance.py:1179} INFO - Dependencies all met for <TaskInstance: calc-rates.bash_task scheduled__2023-07-25T23:05:00+00:00 [queued]>
[2023-07-25 23:10:01,180] {taskinstance.py:1376} INFO - 
--------------------------------------------------------------------------------
[2023-07-25 23:10:01,181] {taskinstance.py:1377} INFO - Starting attempt 1 of 1
[2023-07-25 23:10:01,181] {taskinstance.py:1378} INFO - 
--------------------------------------------------------------------------------
[2023-07-25 23:10:01,198] {taskinstance.py:1397} INFO - Executing <Task(BashOperator): bash_task> on 2023-07-25 23:05:00+00:00
[2023-07-25 23:10:01,205] {standard_task_runner.py:52} INFO - Started process 735 to run task
[2023-07-25 23:10:01,209] {standard_task_runner.py:79} INFO - Running: ['***', 'tasks', 'run', 'calc-rates', 'bash_task', 'scheduled__2023-07-25T23:05:00+00:00', '--job-id', '334', '--raw', '--subdir', 'DAGS_FOLDER/calc_rates.py', '--cfg-path', '/tmp/tmpb1wzb6d0', '--error-file', '/tmp/tmp7w5cslhb']
[2023-07-25 23:10:01,210] {standard_task_runner.py:80} INFO - Job 334: Subtask bash_task
[2023-07-25 23:10:01,295] {task_command.py:371} INFO - Running <TaskInstance: calc-rates.bash_task scheduled__2023-07-25T23:05:00+00:00 [running]> on host 661c8d62a693
[2023-07-25 23:10:01,360] {taskinstance.py:1591} INFO - Exporting the following env vars:
AIRFLOW_CTX_DAG_OWNER=marina_z
AIRFLOW_CTX_DAG_ID=calc-rates
AIRFLOW_CTX_TASK_ID=bash_task
AIRFLOW_CTX_EXECUTION_DATE=2023-07-25T23:05:00+00:00
AIRFLOW_CTX_TRY_NUMBER=1
AIRFLOW_CTX_DAG_RUN_ID=scheduled__2023-07-25T23:05:00+00:00
[2023-07-25 23:10:01,361] {subprocess.py:62} INFO - Tmp dir root location: 
 /tmp
[2023-07-25 23:10:01,362] {subprocess.py:74} INFO - Running command: ['bash', '-c', "echo 'Hello, World!'"]
[2023-07-25 23:10:01,371] {subprocess.py:85} INFO - Output:
[2023-07-25 23:10:01,372] {subprocess.py:92} INFO - Hello, World!
[2023-07-25 23:10:01,373] {subprocess.py:96} INFO - Command exited with return code 0
[2023-07-25 23:10:01,402] {taskinstance.py:1420} INFO - Marking task as SUCCESS. dag_id=calc-rates, task_id=bash_task, execution_date=20230725T230500, start_date=20230725T231001, end_date=20230725T231001
[2023-07-25 23:10:01,421] {local_task_job.py:156} INFO - Task exited with return code 0
[2023-07-25 23:10:01,459] {local_task_job.py:273} INFO - 1 downstream tasks scheduled from follow-on schedule check
