[2023-07-25 20:50:04,040] {taskinstance.py:1179} INFO - Dependencies all met for <TaskInstance: calc-rates.choose_best_model scheduled__2023-07-25T20:45:00+00:00 [queued]>
[2023-07-25 20:50:04,048] {taskinstance.py:1179} INFO - Dependencies all met for <TaskInstance: calc-rates.choose_best_model scheduled__2023-07-25T20:45:00+00:00 [queued]>
[2023-07-25 20:50:04,049] {taskinstance.py:1376} INFO - 
--------------------------------------------------------------------------------
[2023-07-25 20:50:04,049] {taskinstance.py:1377} INFO - Starting attempt 1 of 1
[2023-07-25 20:50:04,049] {taskinstance.py:1378} INFO - 
--------------------------------------------------------------------------------
[2023-07-25 20:50:04,065] {taskinstance.py:1397} INFO - Executing <Task(BranchPythonOperator): choose_best_model> on 2023-07-25 20:45:00+00:00
[2023-07-25 20:50:04,070] {standard_task_runner.py:52} INFO - Started process 9936 to run task
[2023-07-25 20:50:04,074] {standard_task_runner.py:79} INFO - Running: ['***', 'tasks', 'run', 'calc-rates', 'choose_best_model', 'scheduled__2023-07-25T20:45:00+00:00', '--job-id', '233', '--raw', '--subdir', 'DAGS_FOLDER/calc_rates.py', '--cfg-path', '/tmp/tmp29gibgzq', '--error-file', '/tmp/tmppqnhfyzr']
[2023-07-25 20:50:04,075] {standard_task_runner.py:80} INFO - Job 233: Subtask choose_best_model
[2023-07-25 20:50:04,149] {task_command.py:371} INFO - Running <TaskInstance: calc-rates.choose_best_model scheduled__2023-07-25T20:45:00+00:00 [running]> on host 661c8d62a693
[2023-07-25 20:50:04,216] {taskinstance.py:1591} INFO - Exporting the following env vars:
AIRFLOW_CTX_DAG_OWNER=marina_z
AIRFLOW_CTX_DAG_ID=calc-rates
AIRFLOW_CTX_TASK_ID=choose_best_model
AIRFLOW_CTX_EXECUTION_DATE=2023-07-25T20:45:00+00:00
AIRFLOW_CTX_TRY_NUMBER=1
AIRFLOW_CTX_DAG_RUN_ID=scheduled__2023-07-25T20:45:00+00:00
[2023-07-25 20:50:04,218] {python.py:173} INFO - Done. Returned value was: accurate
[2023-07-25 20:50:04,219] {skipmixin.py:140} INFO - Following branch accurate
[2023-07-25 20:50:04,220] {skipmixin.py:175} INFO - Skipping tasks ['inaccurate']
[2023-07-25 20:50:04,274] {taskinstance.py:1420} INFO - Marking task as SUCCESS. dag_id=calc-rates, task_id=choose_best_model, execution_date=20230725T204500, start_date=20230725T205004, end_date=20230725T205004
[2023-07-25 20:50:04,326] {local_task_job.py:156} INFO - Task exited with return code 0
[2023-07-25 20:50:04,355] {local_task_job.py:273} INFO - 0 downstream tasks scheduled from follow-on schedule check
