[2023-07-26 23:53:46,018] {taskinstance.py:1179} INFO - Dependencies all met for <TaskInstance: fetch_exchange_rates_dag.bash_task scheduled__2023-07-25T01:20:00+00:00 [queued]>
[2023-07-26 23:53:46,087] {taskinstance.py:1179} INFO - Dependencies all met for <TaskInstance: fetch_exchange_rates_dag.bash_task scheduled__2023-07-25T01:20:00+00:00 [queued]>
[2023-07-26 23:53:46,099] {taskinstance.py:1376} INFO - 
--------------------------------------------------------------------------------
[2023-07-26 23:53:46,100] {taskinstance.py:1377} INFO - Starting attempt 1 of 1
[2023-07-26 23:53:46,101] {taskinstance.py:1378} INFO - 
--------------------------------------------------------------------------------
[2023-07-26 23:53:46,185] {taskinstance.py:1397} INFO - Executing <Task(BashOperator): bash_task> on 2023-07-25 01:20:00+00:00
[2023-07-26 23:53:46,219] {standard_task_runner.py:52} INFO - Started process 297 to run task
[2023-07-26 23:53:46,251] {standard_task_runner.py:79} INFO - Running: ['***', 'tasks', 'run', 'fetch_exchange_rates_dag', 'bash_task', 'scheduled__2023-07-25T01:20:00+00:00', '--job-id', '8', '--raw', '--subdir', 'DAGS_FOLDER/my_calc_rates.py', '--cfg-path', '/tmp/tmpybu4vu5q', '--error-file', '/tmp/tmp36ezlvtl']
[2023-07-26 23:53:46,263] {standard_task_runner.py:80} INFO - Job 8: Subtask bash_task
[2023-07-26 23:53:46,509] {task_command.py:371} INFO - Running <TaskInstance: fetch_exchange_rates_dag.bash_task scheduled__2023-07-25T01:20:00+00:00 [running]> on host 43d0198bb36a
[2023-07-26 23:53:46,864] {taskinstance.py:1591} INFO - Exporting the following env vars:
AIRFLOW_CTX_DAG_OWNER=***
AIRFLOW_CTX_DAG_ID=fetch_exchange_rates_dag
AIRFLOW_CTX_TASK_ID=bash_task
AIRFLOW_CTX_EXECUTION_DATE=2023-07-25T01:20:00+00:00
AIRFLOW_CTX_TRY_NUMBER=1
AIRFLOW_CTX_DAG_RUN_ID=scheduled__2023-07-25T01:20:00+00:00
[2023-07-26 23:53:46,872] {subprocess.py:62} INFO - Tmp dir root location: 
 /tmp
[2023-07-26 23:53:46,874] {subprocess.py:74} INFO - Running command: ['bash', '-c', 'echo "Good morning my diggers!"']
[2023-07-26 23:53:46,987] {subprocess.py:85} INFO - Output:
[2023-07-26 23:53:47,032] {subprocess.py:92} INFO - Good morning my diggers!
[2023-07-26 23:53:47,037] {subprocess.py:96} INFO - Command exited with return code 0
[2023-07-26 23:53:47,292] {taskinstance.py:1420} INFO - Marking task as SUCCESS. dag_id=fetch_exchange_rates_dag, task_id=bash_task, execution_date=20230725T012000, start_date=20230726T235346, end_date=20230726T235347
[2023-07-26 23:53:47,406] {local_task_job.py:156} INFO - Task exited with return code 0
[2023-07-26 23:53:47,668] {local_task_job.py:273} INFO - 1 downstream tasks scheduled from follow-on schedule check
