[2023-07-25 20:38:51,183] {taskinstance.py:1179} INFO - Dependencies all met for <TaskInstance: fetch_exchange_rates_dag.fetch_exchange_rates_task scheduled__2023-07-25T19:50:00+00:00 [queued]>
[2023-07-25 20:38:51,196] {taskinstance.py:1179} INFO - Dependencies all met for <TaskInstance: fetch_exchange_rates_dag.fetch_exchange_rates_task scheduled__2023-07-25T19:50:00+00:00 [queued]>
[2023-07-25 20:38:51,197] {taskinstance.py:1376} INFO - 
--------------------------------------------------------------------------------
[2023-07-25 20:38:51,198] {taskinstance.py:1377} INFO - Starting attempt 1 of 1
[2023-07-25 20:38:51,199] {taskinstance.py:1378} INFO - 
--------------------------------------------------------------------------------
[2023-07-25 20:38:51,218] {taskinstance.py:1397} INFO - Executing <Task(PythonOperator): fetch_exchange_rates_task> on 2023-07-25 19:50:00+00:00
[2023-07-25 20:38:51,225] {standard_task_runner.py:52} INFO - Started process 9346 to run task
[2023-07-25 20:38:51,233] {standard_task_runner.py:79} INFO - Running: ['***', 'tasks', 'run', 'fetch_exchange_rates_dag', 'fetch_exchange_rates_task', 'scheduled__2023-07-25T19:50:00+00:00', '--job-id', '217', '--raw', '--subdir', 'DAGS_FOLDER/my_calc_rates.py', '--cfg-path', '/tmp/tmpzuf7ne07', '--error-file', '/tmp/tmpkchzizlx']
[2023-07-25 20:38:51,235] {standard_task_runner.py:80} INFO - Job 217: Subtask fetch_exchange_rates_task
[2023-07-25 20:38:51,366] {task_command.py:371} INFO - Running <TaskInstance: fetch_exchange_rates_dag.fetch_exchange_rates_task scheduled__2023-07-25T19:50:00+00:00 [running]> on host 661c8d62a693
[2023-07-25 20:38:51,483] {taskinstance.py:1591} INFO - Exporting the following env vars:
AIRFLOW_CTX_DAG_OWNER=marina_z
AIRFLOW_CTX_DAG_ID=fetch_exchange_rates_dag
AIRFLOW_CTX_TASK_ID=fetch_exchange_rates_task
AIRFLOW_CTX_EXECUTION_DATE=2023-07-25T19:50:00+00:00
AIRFLOW_CTX_TRY_NUMBER=1
AIRFLOW_CTX_DAG_RUN_ID=scheduled__2023-07-25T19:50:00+00:00
[2023-07-25 20:38:53,085] {taskinstance.py:1909} ERROR - Task failed with exception
Traceback (most recent call last):
  File "/home/airflow/.local/lib/python3.7/site-packages/airflow/operators/python.py", line 171, in execute
    return_value = self.execute_callable()
  File "/home/airflow/.local/lib/python3.7/site-packages/airflow/operators/python.py", line 189, in execute_callable
    return self.python_callable(*self.op_args, **self.op_kwargs)
  File "/opt/airflow/dags/my_calc_rates.py", line 69, in fetch_exchange_rates
    load_to_postgres = PostgresOperator(
NameError: name 'PostgresOperator' is not defined
[2023-07-25 20:38:53,100] {taskinstance.py:1420} INFO - Marking task as FAILED. dag_id=fetch_exchange_rates_dag, task_id=fetch_exchange_rates_task, execution_date=20230725T195000, start_date=20230725T203851, end_date=20230725T203853
[2023-07-25 20:38:53,113] {standard_task_runner.py:97} ERROR - Failed to execute job 217 for task fetch_exchange_rates_task (name 'PostgresOperator' is not defined; 9346)
[2023-07-25 20:38:53,129] {local_task_job.py:156} INFO - Task exited with return code 1
[2023-07-25 20:38:53,171] {local_task_job.py:273} INFO - 0 downstream tasks scheduled from follow-on schedule check
[2023-07-26 05:06:47,693] {taskinstance.py:1179} INFO - Dependencies all met for <TaskInstance: fetch_exchange_rates_dag.fetch_exchange_rates_task scheduled__2023-07-25T19:50:00+00:00 [queued]>
[2023-07-26 05:06:47,737] {taskinstance.py:1179} INFO - Dependencies all met for <TaskInstance: fetch_exchange_rates_dag.fetch_exchange_rates_task scheduled__2023-07-25T19:50:00+00:00 [queued]>
[2023-07-26 05:06:47,741] {taskinstance.py:1376} INFO - 
--------------------------------------------------------------------------------
[2023-07-26 05:06:47,744] {taskinstance.py:1377} INFO - Starting attempt 1 of 1
[2023-07-26 05:06:47,745] {taskinstance.py:1378} INFO - 
--------------------------------------------------------------------------------
[2023-07-26 05:06:47,790] {taskinstance.py:1397} INFO - Executing <Task(PythonOperator): fetch_exchange_rates_task> on 2023-07-25 19:50:00+00:00
[2023-07-26 05:06:47,805] {standard_task_runner.py:52} INFO - Started process 1721 to run task
[2023-07-26 05:06:47,827] {standard_task_runner.py:79} INFO - Running: ['***', 'tasks', 'run', 'fetch_exchange_rates_dag', 'fetch_exchange_rates_task', 'scheduled__2023-07-25T19:50:00+00:00', '--job-id', '439', '--raw', '--subdir', 'DAGS_FOLDER/my_calc_rates.py', '--cfg-path', '/tmp/tmpg4akde_x', '--error-file', '/tmp/tmp1pug4bb6']
[2023-07-26 05:06:47,829] {standard_task_runner.py:80} INFO - Job 439: Subtask fetch_exchange_rates_task
[2023-07-26 05:06:48,112] {task_command.py:371} INFO - Running <TaskInstance: fetch_exchange_rates_dag.fetch_exchange_rates_task scheduled__2023-07-25T19:50:00+00:00 [running]> on host acb6bca32630
[2023-07-26 05:06:48,378] {taskinstance.py:1591} INFO - Exporting the following env vars:
AIRFLOW_CTX_DAG_OWNER=marina_z
AIRFLOW_CTX_DAG_ID=fetch_exchange_rates_dag
AIRFLOW_CTX_TASK_ID=fetch_exchange_rates_task
AIRFLOW_CTX_EXECUTION_DATE=2023-07-25T19:50:00+00:00
AIRFLOW_CTX_TRY_NUMBER=1
AIRFLOW_CTX_DAG_RUN_ID=scheduled__2023-07-25T19:50:00+00:00
[2023-07-26 05:06:48,839] {logging_mixin.py:115} INFO - Save a new file exchange_latest_BTC.csv
[2023-07-26 05:06:48,841] {logging_mixin.py:115} INFO - Create a new table exchange_latest_BTC
[2023-07-26 05:06:48,855] {logging_mixin.py:115} INFO - Insert into table exchange_latest_BTC
[2023-07-26 05:06:49,198] {logging_mixin.py:115} INFO - Save a new file exchange_latest_EUR.csv
[2023-07-26 05:06:49,199] {logging_mixin.py:115} INFO - Create a new table exchange_latest_EUR
[2023-07-26 05:06:49,209] {logging_mixin.py:115} INFO - Insert into table exchange_latest_EUR
[2023-07-26 05:06:49,621] {logging_mixin.py:115} INFO - Save a new file exchange_latest_GBR.csv
[2023-07-26 05:06:49,627] {logging_mixin.py:115} INFO - Create a new table exchange_latest_GBR
[2023-07-26 05:06:49,635] {logging_mixin.py:115} INFO - Insert into table exchange_latest_GBR
[2023-07-26 05:06:50,003] {logging_mixin.py:115} INFO - Save a new file exchange_latest_JPY.csv
[2023-07-26 05:06:50,006] {logging_mixin.py:115} INFO - Create a new table exchange_latest_JPY
[2023-07-26 05:06:50,012] {logging_mixin.py:115} INFO - Insert into table exchange_latest_JPY
[2023-07-26 05:06:50,443] {logging_mixin.py:115} INFO - Save a new file exchange_latest_CNY.csv
[2023-07-26 05:06:50,444] {logging_mixin.py:115} INFO - Create a new table exchange_latest_CNY
[2023-07-26 05:06:50,458] {logging_mixin.py:115} INFO - Insert into table exchange_latest_CNY
[2023-07-26 05:06:50,481] {python.py:173} INFO - Done. Returned value was: None
[2023-07-26 05:06:50,760] {taskinstance.py:1420} INFO - Marking task as SUCCESS. dag_id=fetch_exchange_rates_dag, task_id=fetch_exchange_rates_task, execution_date=20230725T195000, start_date=20230726T050647, end_date=20230726T050650
[2023-07-26 05:06:50,835] {local_task_job.py:156} INFO - Task exited with return code 0
[2023-07-26 05:06:51,370] {local_task_job.py:273} INFO - 0 downstream tasks scheduled from follow-on schedule check
