[2023-07-26 04:18:34,768] {taskinstance.py:1179} INFO - Dependencies all met for <TaskInstance: fetch_exchange_rates_dag.bash_task scheduled__2023-07-26T03:00:00+00:00 [queued]>
[2023-07-26 04:18:34,805] {taskinstance.py:1179} INFO - Dependencies all met for <TaskInstance: fetch_exchange_rates_dag.bash_task scheduled__2023-07-26T03:00:00+00:00 [queued]>
[2023-07-26 04:18:34,806] {taskinstance.py:1376} INFO - 
--------------------------------------------------------------------------------
[2023-07-26 04:18:34,807] {taskinstance.py:1377} INFO - Starting attempt 1 of 1
[2023-07-26 04:18:34,808] {taskinstance.py:1378} INFO - 
--------------------------------------------------------------------------------
[2023-07-26 04:18:34,846] {taskinstance.py:1397} INFO - Executing <Task(BashOperator): bash_task> on 2023-07-26 03:00:00+00:00
[2023-07-26 04:18:34,859] {standard_task_runner.py:52} INFO - Started process 7179 to run task
[2023-07-26 04:18:34,863] {standard_task_runner.py:79} INFO - Running: ['***', 'tasks', 'run', 'fetch_exchange_rates_dag', 'bash_task', 'scheduled__2023-07-26T03:00:00+00:00', '--job-id', '96', '--raw', '--subdir', 'DAGS_FOLDER/my_calc_rates.py', '--cfg-path', '/tmp/tmpc8ouimsr', '--error-file', '/tmp/tmph851gdt2']
[2023-07-26 04:18:34,880] {standard_task_runner.py:80} INFO - Job 96: Subtask bash_task
[2023-07-26 04:18:35,097] {task_command.py:371} INFO - Running <TaskInstance: fetch_exchange_rates_dag.bash_task scheduled__2023-07-26T03:00:00+00:00 [running]> on host 6e11a261c833
[2023-07-26 04:18:35,412] {taskinstance.py:1591} INFO - Exporting the following env vars:
AIRFLOW_CTX_DAG_OWNER=***
AIRFLOW_CTX_DAG_ID=fetch_exchange_rates_dag
AIRFLOW_CTX_TASK_ID=bash_task
AIRFLOW_CTX_EXECUTION_DATE=2023-07-26T03:00:00+00:00
AIRFLOW_CTX_TRY_NUMBER=1
AIRFLOW_CTX_DAG_RUN_ID=scheduled__2023-07-26T03:00:00+00:00
[2023-07-26 04:18:35,414] {subprocess.py:62} INFO - Tmp dir root location: 
 /tmp
[2023-07-26 04:18:35,416] {subprocess.py:74} INFO - Running command: ['bash', '-c', 'echo "Good morning my diggers!"']
[2023-07-26 04:18:35,451] {subprocess.py:85} INFO - Output:
[2023-07-26 04:18:35,463] {subprocess.py:92} INFO - Good morning my diggers!
[2023-07-26 04:18:35,464] {subprocess.py:96} INFO - Command exited with return code 0
[2023-07-26 04:18:35,604] {taskinstance.py:1420} INFO - Marking task as SUCCESS. dag_id=fetch_exchange_rates_dag, task_id=bash_task, execution_date=20230726T030000, start_date=20230726T041834, end_date=20230726T041835
[2023-07-26 04:18:35,749] {local_task_job.py:156} INFO - Task exited with return code 0
[2023-07-26 04:18:35,917] {local_task_job.py:273} INFO - 1 downstream tasks scheduled from follow-on schedule check
[2023-07-26 05:08:07,887] {taskinstance.py:1179} INFO - Dependencies all met for <TaskInstance: fetch_exchange_rates_dag.bash_task scheduled__2023-07-26T03:00:00+00:00 [queued]>
[2023-07-26 05:08:07,907] {taskinstance.py:1179} INFO - Dependencies all met for <TaskInstance: fetch_exchange_rates_dag.bash_task scheduled__2023-07-26T03:00:00+00:00 [queued]>
[2023-07-26 05:08:07,908] {taskinstance.py:1376} INFO - 
--------------------------------------------------------------------------------
[2023-07-26 05:08:07,909] {taskinstance.py:1377} INFO - Starting attempt 1 of 1
[2023-07-26 05:08:07,911] {taskinstance.py:1378} INFO - 
--------------------------------------------------------------------------------
[2023-07-26 05:08:07,947] {taskinstance.py:1397} INFO - Executing <Task(BashOperator): bash_task> on 2023-07-26 03:00:00+00:00
[2023-07-26 05:08:07,953] {standard_task_runner.py:52} INFO - Started process 2248 to run task
[2023-07-26 05:08:07,968] {standard_task_runner.py:79} INFO - Running: ['***', 'tasks', 'run', 'fetch_exchange_rates_dag', 'bash_task', 'scheduled__2023-07-26T03:00:00+00:00', '--job-id', '591', '--raw', '--subdir', 'DAGS_FOLDER/my_calc_rates.py', '--cfg-path', '/tmp/tmp39196p_j', '--error-file', '/tmp/tmpksw3g53l']
[2023-07-26 05:08:07,970] {standard_task_runner.py:80} INFO - Job 591: Subtask bash_task
[2023-07-26 05:08:08,117] {task_command.py:371} INFO - Running <TaskInstance: fetch_exchange_rates_dag.bash_task scheduled__2023-07-26T03:00:00+00:00 [running]> on host acb6bca32630
[2023-07-26 05:08:08,250] {taskinstance.py:1591} INFO - Exporting the following env vars:
AIRFLOW_CTX_DAG_OWNER=***
AIRFLOW_CTX_DAG_ID=fetch_exchange_rates_dag
AIRFLOW_CTX_TASK_ID=bash_task
AIRFLOW_CTX_EXECUTION_DATE=2023-07-26T03:00:00+00:00
AIRFLOW_CTX_TRY_NUMBER=1
AIRFLOW_CTX_DAG_RUN_ID=scheduled__2023-07-26T03:00:00+00:00
[2023-07-26 05:08:08,258] {subprocess.py:62} INFO - Tmp dir root location: 
 /tmp
[2023-07-26 05:08:08,260] {subprocess.py:74} INFO - Running command: ['bash', '-c', 'echo "Good morning my diggers!"']
[2023-07-26 05:08:08,289] {subprocess.py:85} INFO - Output:
[2023-07-26 05:08:08,304] {subprocess.py:92} INFO - Good morning my diggers!
[2023-07-26 05:08:08,306] {subprocess.py:96} INFO - Command exited with return code 0
[2023-07-26 05:08:08,357] {taskinstance.py:1420} INFO - Marking task as SUCCESS. dag_id=fetch_exchange_rates_dag, task_id=bash_task, execution_date=20230726T030000, start_date=20230726T050807, end_date=20230726T050808
[2023-07-26 05:08:08,418] {local_task_job.py:156} INFO - Task exited with return code 0
[2023-07-26 05:08:08,505] {local_task_job.py:273} INFO - 1 downstream tasks scheduled from follow-on schedule check
