[2023-07-25 20:35:08,855] {taskinstance.py:1179} INFO - Dependencies all met for <TaskInstance: fetch_exchange_rates_dag.fetch_exchange_rates_task scheduled__2023-07-25T07:00:00+00:00 [queued]>
[2023-07-25 20:35:08,865] {taskinstance.py:1179} INFO - Dependencies all met for <TaskInstance: fetch_exchange_rates_dag.fetch_exchange_rates_task scheduled__2023-07-25T07:00:00+00:00 [queued]>
[2023-07-25 20:35:08,866] {taskinstance.py:1376} INFO - 
--------------------------------------------------------------------------------
[2023-07-25 20:35:08,867] {taskinstance.py:1377} INFO - Starting attempt 1 of 1
[2023-07-25 20:35:08,868] {taskinstance.py:1378} INFO - 
--------------------------------------------------------------------------------
[2023-07-25 20:35:08,881] {taskinstance.py:1397} INFO - Executing <Task(PythonOperator): fetch_exchange_rates_task> on 2023-07-25 07:00:00+00:00
[2023-07-25 20:35:08,886] {standard_task_runner.py:52} INFO - Started process 8940 to run task
[2023-07-25 20:35:08,890] {standard_task_runner.py:79} INFO - Running: ['***', 'tasks', 'run', 'fetch_exchange_rates_dag', 'fetch_exchange_rates_task', 'scheduled__2023-07-25T07:00:00+00:00', '--job-id', '139', '--raw', '--subdir', 'DAGS_FOLDER/my_calc_rates.py', '--cfg-path', '/tmp/tmplxi5zb5j', '--error-file', '/tmp/tmp0_28p7cl']
[2023-07-25 20:35:08,891] {standard_task_runner.py:80} INFO - Job 139: Subtask fetch_exchange_rates_task
[2023-07-25 20:35:08,977] {task_command.py:371} INFO - Running <TaskInstance: fetch_exchange_rates_dag.fetch_exchange_rates_task scheduled__2023-07-25T07:00:00+00:00 [running]> on host 661c8d62a693
[2023-07-25 20:35:09,072] {taskinstance.py:1591} INFO - Exporting the following env vars:
AIRFLOW_CTX_DAG_OWNER=marina_z
AIRFLOW_CTX_DAG_ID=fetch_exchange_rates_dag
AIRFLOW_CTX_TASK_ID=fetch_exchange_rates_task
AIRFLOW_CTX_EXECUTION_DATE=2023-07-25T07:00:00+00:00
AIRFLOW_CTX_TRY_NUMBER=1
AIRFLOW_CTX_DAG_RUN_ID=scheduled__2023-07-25T07:00:00+00:00
[2023-07-25 20:35:10,637] {taskinstance.py:1909} ERROR - Task failed with exception
Traceback (most recent call last):
  File "/home/airflow/.local/lib/python3.7/site-packages/airflow/operators/python.py", line 171, in execute
    return_value = self.execute_callable()
  File "/home/airflow/.local/lib/python3.7/site-packages/airflow/operators/python.py", line 189, in execute_callable
    return self.python_callable(*self.op_args, **self.op_kwargs)
  File "/opt/airflow/dags/my_calc_rates.py", line 69, in fetch_exchange_rates
    load_to_postgres = PostgresOperator(
NameError: name 'PostgresOperator' is not defined
[2023-07-25 20:35:10,649] {taskinstance.py:1420} INFO - Marking task as FAILED. dag_id=fetch_exchange_rates_dag, task_id=fetch_exchange_rates_task, execution_date=20230725T070000, start_date=20230725T203508, end_date=20230725T203510
[2023-07-25 20:35:10,661] {standard_task_runner.py:97} ERROR - Failed to execute job 139 for task fetch_exchange_rates_task (name 'PostgresOperator' is not defined; 8940)
[2023-07-25 20:35:10,712] {local_task_job.py:156} INFO - Task exited with return code 1
[2023-07-25 20:35:10,740] {local_task_job.py:273} INFO - 0 downstream tasks scheduled from follow-on schedule check
[2023-07-25 20:35:10,760] {dagrun.py:549} ERROR - Marking run <DagRun fetch_exchange_rates_dag @ 2023-07-25 07:00:00+00:00: scheduled__2023-07-25T07:00:00+00:00, externally triggered: False> failed
[2023-07-25 20:35:10,763] {dagrun.py:624} INFO - DagRun Finished: dag_id=fetch_exchange_rates_dag, execution_date=2023-07-25 07:00:00+00:00, run_id=scheduled__2023-07-25T07:00:00+00:00, run_start_date=2023-07-25 20:35:08.170329+00:00, run_end_date=2023-07-25 20:35:10.763411+00:00, run_duration=2.593082, state=failed, external_trigger=False, run_type=scheduled, data_interval_start=2023-07-25 07:00:00+00:00, data_interval_end=2023-07-25 07:10:00+00:00, dag_hash=f21fa080e5a621e4314bd316e3cdd0d8
[2023-07-26 05:04:28,417] {taskinstance.py:1179} INFO - Dependencies all met for <TaskInstance: fetch_exchange_rates_dag.fetch_exchange_rates_task scheduled__2023-07-25T07:00:00+00:00 [queued]>
[2023-07-26 05:04:28,437] {taskinstance.py:1179} INFO - Dependencies all met for <TaskInstance: fetch_exchange_rates_dag.fetch_exchange_rates_task scheduled__2023-07-25T07:00:00+00:00 [queued]>
[2023-07-26 05:04:28,438] {taskinstance.py:1376} INFO - 
--------------------------------------------------------------------------------
[2023-07-26 05:04:28,439] {taskinstance.py:1377} INFO - Starting attempt 1 of 1
[2023-07-26 05:04:28,440] {taskinstance.py:1378} INFO - 
--------------------------------------------------------------------------------
[2023-07-26 05:04:28,464] {taskinstance.py:1397} INFO - Executing <Task(PythonOperator): fetch_exchange_rates_task> on 2023-07-25 07:00:00+00:00
[2023-07-26 05:04:28,472] {standard_task_runner.py:52} INFO - Started process 717 to run task
[2023-07-26 05:04:28,498] {standard_task_runner.py:79} INFO - Running: ['***', 'tasks', 'run', 'fetch_exchange_rates_dag', 'fetch_exchange_rates_task', 'scheduled__2023-07-25T07:00:00+00:00', '--job-id', '158', '--raw', '--subdir', 'DAGS_FOLDER/my_calc_rates.py', '--cfg-path', '/tmp/tmplgteirqp', '--error-file', '/tmp/tmpm485v4p2']
[2023-07-26 05:04:28,501] {standard_task_runner.py:80} INFO - Job 158: Subtask fetch_exchange_rates_task
[2023-07-26 05:04:28,707] {task_command.py:371} INFO - Running <TaskInstance: fetch_exchange_rates_dag.fetch_exchange_rates_task scheduled__2023-07-25T07:00:00+00:00 [running]> on host acb6bca32630
[2023-07-26 05:04:28,869] {taskinstance.py:1591} INFO - Exporting the following env vars:
AIRFLOW_CTX_DAG_OWNER=marina_z
AIRFLOW_CTX_DAG_ID=fetch_exchange_rates_dag
AIRFLOW_CTX_TASK_ID=fetch_exchange_rates_task
AIRFLOW_CTX_EXECUTION_DATE=2023-07-25T07:00:00+00:00
AIRFLOW_CTX_TRY_NUMBER=1
AIRFLOW_CTX_DAG_RUN_ID=scheduled__2023-07-25T07:00:00+00:00
[2023-07-26 05:04:29,229] {logging_mixin.py:115} INFO - Save a new file exchange_latest_BTC.csv
[2023-07-26 05:04:29,229] {logging_mixin.py:115} INFO - Create a new table exchange_latest_BTC
[2023-07-26 05:04:29,238] {logging_mixin.py:115} INFO - Insert into table exchange_latest_BTC
[2023-07-26 05:04:29,634] {logging_mixin.py:115} INFO - Save a new file exchange_latest_EUR.csv
[2023-07-26 05:04:29,637] {logging_mixin.py:115} INFO - Create a new table exchange_latest_EUR
[2023-07-26 05:04:29,650] {logging_mixin.py:115} INFO - Insert into table exchange_latest_EUR
[2023-07-26 05:04:30,040] {logging_mixin.py:115} INFO - Save a new file exchange_latest_GBR.csv
[2023-07-26 05:04:30,041] {logging_mixin.py:115} INFO - Create a new table exchange_latest_GBR
[2023-07-26 05:04:30,051] {logging_mixin.py:115} INFO - Insert into table exchange_latest_GBR
[2023-07-26 05:04:30,409] {logging_mixin.py:115} INFO - Save a new file exchange_latest_JPY.csv
[2023-07-26 05:04:30,410] {logging_mixin.py:115} INFO - Create a new table exchange_latest_JPY
[2023-07-26 05:04:30,419] {logging_mixin.py:115} INFO - Insert into table exchange_latest_JPY
[2023-07-26 05:04:30,811] {logging_mixin.py:115} INFO - Save a new file exchange_latest_CNY.csv
[2023-07-26 05:04:30,815] {logging_mixin.py:115} INFO - Create a new table exchange_latest_CNY
[2023-07-26 05:04:30,822] {logging_mixin.py:115} INFO - Insert into table exchange_latest_CNY
[2023-07-26 05:04:30,843] {python.py:173} INFO - Done. Returned value was: None
[2023-07-26 05:04:30,871] {taskinstance.py:1420} INFO - Marking task as SUCCESS. dag_id=fetch_exchange_rates_dag, task_id=fetch_exchange_rates_task, execution_date=20230725T070000, start_date=20230726T050428, end_date=20230726T050430
[2023-07-26 05:04:30,915] {local_task_job.py:156} INFO - Task exited with return code 0
[2023-07-26 05:04:30,985] {local_task_job.py:273} INFO - 1 downstream tasks scheduled from follow-on schedule check
