[2023-07-26 04:18:29,599] {taskinstance.py:1179} INFO - Dependencies all met for <TaskInstance: fetch_exchange_rates_dag.print_csv_table scheduled__2023-07-26T02:00:00+00:00 [queued]>
[2023-07-26 04:18:29,627] {taskinstance.py:1179} INFO - Dependencies all met for <TaskInstance: fetch_exchange_rates_dag.print_csv_table scheduled__2023-07-26T02:00:00+00:00 [queued]>
[2023-07-26 04:18:29,630] {taskinstance.py:1376} INFO - 
--------------------------------------------------------------------------------
[2023-07-26 04:18:29,635] {taskinstance.py:1377} INFO - Starting attempt 1 of 1
[2023-07-26 04:18:29,636] {taskinstance.py:1378} INFO - 
--------------------------------------------------------------------------------
[2023-07-26 04:18:29,690] {taskinstance.py:1397} INFO - Executing <Task(PythonOperator): print_csv_table> on 2023-07-26 02:00:00+00:00
[2023-07-26 04:18:29,706] {standard_task_runner.py:52} INFO - Started process 7143 to run task
[2023-07-26 04:18:29,719] {standard_task_runner.py:79} INFO - Running: ['***', 'tasks', 'run', 'fetch_exchange_rates_dag', 'print_csv_table', 'scheduled__2023-07-26T02:00:00+00:00', '--job-id', '89', '--raw', '--subdir', 'DAGS_FOLDER/my_calc_rates.py', '--cfg-path', '/tmp/tmp8hdtb9g2', '--error-file', '/tmp/tmpci77w1g7']
[2023-07-26 04:18:29,721] {standard_task_runner.py:80} INFO - Job 89: Subtask print_csv_table
[2023-07-26 04:18:29,904] {task_command.py:371} INFO - Running <TaskInstance: fetch_exchange_rates_dag.print_csv_table scheduled__2023-07-26T02:00:00+00:00 [running]> on host 6e11a261c833
[2023-07-26 04:18:30,037] {taskinstance.py:1591} INFO - Exporting the following env vars:
AIRFLOW_CTX_DAG_OWNER=marina_z
AIRFLOW_CTX_DAG_ID=fetch_exchange_rates_dag
AIRFLOW_CTX_TASK_ID=print_csv_table
AIRFLOW_CTX_EXECUTION_DATE=2023-07-26T02:00:00+00:00
AIRFLOW_CTX_TRY_NUMBER=1
AIRFLOW_CTX_DAG_RUN_ID=scheduled__2023-07-26T02:00:00+00:00
[2023-07-26 04:18:30,063] {logging_mixin.py:115} INFO -   exchange_id  exchange_rate base_exchange        date
0         RUB   2.622164e+06           BTC  2023-07-26
1         RUB   9.960367e+01           EUR  2023-07-26
2         RUB   9.964221e+01           EUR  2023-07-26
3         RUB   6.397940e-01           JPY  2023-07-26
4         RUB   1.263880e+01           CNY  2023-07-26
[2023-07-26 04:18:30,065] {python.py:173} INFO - Done. Returned value was: None
[2023-07-26 04:18:30,086] {taskinstance.py:1420} INFO - Marking task as SUCCESS. dag_id=fetch_exchange_rates_dag, task_id=print_csv_table, execution_date=20230726T020000, start_date=20230726T041829, end_date=20230726T041830
[2023-07-26 04:18:30,129] {local_task_job.py:156} INFO - Task exited with return code 0
[2023-07-26 04:18:30,171] {local_task_job.py:273} INFO - 0 downstream tasks scheduled from follow-on schedule check
[2023-07-26 05:08:06,133] {taskinstance.py:1179} INFO - Dependencies all met for <TaskInstance: fetch_exchange_rates_dag.print_csv_table scheduled__2023-07-26T02:00:00+00:00 [queued]>
[2023-07-26 05:08:06,144] {taskinstance.py:1179} INFO - Dependencies all met for <TaskInstance: fetch_exchange_rates_dag.print_csv_table scheduled__2023-07-26T02:00:00+00:00 [queued]>
[2023-07-26 05:08:06,145] {taskinstance.py:1376} INFO - 
--------------------------------------------------------------------------------
[2023-07-26 05:08:06,146] {taskinstance.py:1377} INFO - Starting attempt 1 of 1
[2023-07-26 05:08:06,147] {taskinstance.py:1378} INFO - 
--------------------------------------------------------------------------------
[2023-07-26 05:08:06,194] {taskinstance.py:1397} INFO - Executing <Task(PythonOperator): print_csv_table> on 2023-07-26 02:00:00+00:00
[2023-07-26 05:08:06,205] {standard_task_runner.py:52} INFO - Started process 2239 to run task
[2023-07-26 05:08:06,215] {standard_task_runner.py:79} INFO - Running: ['***', 'tasks', 'run', 'fetch_exchange_rates_dag', 'print_csv_table', 'scheduled__2023-07-26T02:00:00+00:00', '--job-id', '590', '--raw', '--subdir', 'DAGS_FOLDER/my_calc_rates.py', '--cfg-path', '/tmp/tmp_i8g4jsi', '--error-file', '/tmp/tmp63sgte8r']
[2023-07-26 05:08:06,217] {standard_task_runner.py:80} INFO - Job 590: Subtask print_csv_table
[2023-07-26 05:08:06,532] {task_command.py:371} INFO - Running <TaskInstance: fetch_exchange_rates_dag.print_csv_table scheduled__2023-07-26T02:00:00+00:00 [running]> on host acb6bca32630
[2023-07-26 05:08:06,952] {taskinstance.py:1591} INFO - Exporting the following env vars:
AIRFLOW_CTX_DAG_OWNER=marina_z
AIRFLOW_CTX_DAG_ID=fetch_exchange_rates_dag
AIRFLOW_CTX_TASK_ID=print_csv_table
AIRFLOW_CTX_EXECUTION_DATE=2023-07-26T02:00:00+00:00
AIRFLOW_CTX_TRY_NUMBER=1
AIRFLOW_CTX_DAG_RUN_ID=scheduled__2023-07-26T02:00:00+00:00
[2023-07-26 05:08:07,059] {logging_mixin.py:115} INFO -   exchange_id  exchange_rate base_exchange        date
0         RUB     2622163.50           BTC  2023-07-26
1         RUB          99.60           EUR  2023-07-26
2         RUB          99.64           EUR  2023-07-26
3         RUB           0.64           JPY  2023-07-26
4         RUB          12.64           CNY  2023-07-26
[2023-07-26 05:08:07,062] {python.py:173} INFO - Done. Returned value was: None
[2023-07-26 05:08:07,089] {taskinstance.py:1420} INFO - Marking task as SUCCESS. dag_id=fetch_exchange_rates_dag, task_id=print_csv_table, execution_date=20230726T020000, start_date=20230726T050806, end_date=20230726T050807
[2023-07-26 05:08:07,143] {local_task_job.py:156} INFO - Task exited with return code 0
[2023-07-26 05:08:07,282] {local_task_job.py:273} INFO - 0 downstream tasks scheduled from follow-on schedule check
