[2023-07-25 20:38:50,507] {taskinstance.py:1179} INFO - Dependencies all met for <TaskInstance: fetch_exchange_rates_dag.fetch_exchange_rates_task scheduled__2023-07-25T19:30:00+00:00 [queued]>
[2023-07-25 20:38:50,525] {taskinstance.py:1179} INFO - Dependencies all met for <TaskInstance: fetch_exchange_rates_dag.fetch_exchange_rates_task scheduled__2023-07-25T19:30:00+00:00 [queued]>
[2023-07-25 20:38:50,528] {taskinstance.py:1376} INFO - 
--------------------------------------------------------------------------------
[2023-07-25 20:38:50,529] {taskinstance.py:1377} INFO - Starting attempt 1 of 1
[2023-07-25 20:38:50,532] {taskinstance.py:1378} INFO - 
--------------------------------------------------------------------------------
[2023-07-25 20:38:50,555] {taskinstance.py:1397} INFO - Executing <Task(PythonOperator): fetch_exchange_rates_task> on 2023-07-25 19:30:00+00:00
[2023-07-25 20:38:50,570] {standard_task_runner.py:52} INFO - Started process 9345 to run task
[2023-07-25 20:38:50,577] {standard_task_runner.py:79} INFO - Running: ['***', 'tasks', 'run', 'fetch_exchange_rates_dag', 'fetch_exchange_rates_task', 'scheduled__2023-07-25T19:30:00+00:00', '--job-id', '215', '--raw', '--subdir', 'DAGS_FOLDER/my_calc_rates.py', '--cfg-path', '/tmp/tmpr3dld6l6', '--error-file', '/tmp/tmpb2bpc4vg']
[2023-07-25 20:38:50,586] {standard_task_runner.py:80} INFO - Job 215: Subtask fetch_exchange_rates_task
[2023-07-25 20:38:50,730] {task_command.py:371} INFO - Running <TaskInstance: fetch_exchange_rates_dag.fetch_exchange_rates_task scheduled__2023-07-25T19:30:00+00:00 [running]> on host 661c8d62a693
[2023-07-25 20:38:50,861] {taskinstance.py:1591} INFO - Exporting the following env vars:
AIRFLOW_CTX_DAG_OWNER=marina_z
AIRFLOW_CTX_DAG_ID=fetch_exchange_rates_dag
AIRFLOW_CTX_TASK_ID=fetch_exchange_rates_task
AIRFLOW_CTX_EXECUTION_DATE=2023-07-25T19:30:00+00:00
AIRFLOW_CTX_TRY_NUMBER=1
AIRFLOW_CTX_DAG_RUN_ID=scheduled__2023-07-25T19:30:00+00:00
[2023-07-25 20:38:52,521] {taskinstance.py:1909} ERROR - Task failed with exception
Traceback (most recent call last):
  File "/home/airflow/.local/lib/python3.7/site-packages/airflow/operators/python.py", line 171, in execute
    return_value = self.execute_callable()
  File "/home/airflow/.local/lib/python3.7/site-packages/airflow/operators/python.py", line 189, in execute_callable
    return self.python_callable(*self.op_args, **self.op_kwargs)
  File "/opt/airflow/dags/my_calc_rates.py", line 69, in fetch_exchange_rates
    load_to_postgres = PostgresOperator(
NameError: name 'PostgresOperator' is not defined
[2023-07-25 20:38:52,535] {taskinstance.py:1420} INFO - Marking task as FAILED. dag_id=fetch_exchange_rates_dag, task_id=fetch_exchange_rates_task, execution_date=20230725T193000, start_date=20230725T203850, end_date=20230725T203852
[2023-07-25 20:38:52,550] {standard_task_runner.py:97} ERROR - Failed to execute job 215 for task fetch_exchange_rates_task (name 'PostgresOperator' is not defined; 9345)
[2023-07-25 20:38:52,562] {local_task_job.py:156} INFO - Task exited with return code 1
[2023-07-25 20:38:52,596] {local_task_job.py:273} INFO - 0 downstream tasks scheduled from follow-on schedule check
[2023-07-26 05:06:28,374] {taskinstance.py:1179} INFO - Dependencies all met for <TaskInstance: fetch_exchange_rates_dag.fetch_exchange_rates_task scheduled__2023-07-25T19:30:00+00:00 [queued]>
[2023-07-26 05:06:28,487] {taskinstance.py:1179} INFO - Dependencies all met for <TaskInstance: fetch_exchange_rates_dag.fetch_exchange_rates_task scheduled__2023-07-25T19:30:00+00:00 [queued]>
[2023-07-26 05:06:28,498] {taskinstance.py:1376} INFO - 
--------------------------------------------------------------------------------
[2023-07-26 05:06:28,511] {taskinstance.py:1377} INFO - Starting attempt 1 of 1
[2023-07-26 05:06:28,512] {taskinstance.py:1378} INFO - 
--------------------------------------------------------------------------------
[2023-07-26 05:06:28,698] {taskinstance.py:1397} INFO - Executing <Task(PythonOperator): fetch_exchange_rates_task> on 2023-07-25 19:30:00+00:00
[2023-07-26 05:06:28,837] {standard_task_runner.py:52} INFO - Started process 1591 to run task
[2023-07-26 05:06:28,959] {standard_task_runner.py:79} INFO - Running: ['***', 'tasks', 'run', 'fetch_exchange_rates_dag', 'fetch_exchange_rates_task', 'scheduled__2023-07-25T19:30:00+00:00', '--job-id', '402', '--raw', '--subdir', 'DAGS_FOLDER/my_calc_rates.py', '--cfg-path', '/tmp/tmpv9uyvifj', '--error-file', '/tmp/tmphm20ht08']
[2023-07-26 05:06:28,977] {standard_task_runner.py:80} INFO - Job 402: Subtask fetch_exchange_rates_task
[2023-07-26 05:06:29,587] {task_command.py:371} INFO - Running <TaskInstance: fetch_exchange_rates_dag.fetch_exchange_rates_task scheduled__2023-07-25T19:30:00+00:00 [running]> on host acb6bca32630
[2023-07-26 05:06:30,267] {taskinstance.py:1591} INFO - Exporting the following env vars:
AIRFLOW_CTX_DAG_OWNER=marina_z
AIRFLOW_CTX_DAG_ID=fetch_exchange_rates_dag
AIRFLOW_CTX_TASK_ID=fetch_exchange_rates_task
AIRFLOW_CTX_EXECUTION_DATE=2023-07-25T19:30:00+00:00
AIRFLOW_CTX_TRY_NUMBER=1
AIRFLOW_CTX_DAG_RUN_ID=scheduled__2023-07-25T19:30:00+00:00
[2023-07-26 05:06:30,835] {logging_mixin.py:115} INFO - Save a new file exchange_latest_BTC.csv
[2023-07-26 05:06:30,836] {logging_mixin.py:115} INFO - Create a new table exchange_latest_BTC
[2023-07-26 05:06:30,902] {logging_mixin.py:115} INFO - Insert into table exchange_latest_BTC
[2023-07-26 05:06:31,416] {logging_mixin.py:115} INFO - Save a new file exchange_latest_EUR.csv
[2023-07-26 05:06:31,417] {logging_mixin.py:115} INFO - Create a new table exchange_latest_EUR
[2023-07-26 05:06:31,456] {logging_mixin.py:115} INFO - Insert into table exchange_latest_EUR
[2023-07-26 05:06:31,818] {logging_mixin.py:115} INFO - Save a new file exchange_latest_GBR.csv
[2023-07-26 05:06:31,821] {logging_mixin.py:115} INFO - Create a new table exchange_latest_GBR
[2023-07-26 05:06:31,827] {logging_mixin.py:115} INFO - Insert into table exchange_latest_GBR
[2023-07-26 05:06:32,176] {logging_mixin.py:115} INFO - Save a new file exchange_latest_JPY.csv
[2023-07-26 05:06:32,177] {logging_mixin.py:115} INFO - Create a new table exchange_latest_JPY
[2023-07-26 05:06:32,193] {logging_mixin.py:115} INFO - Insert into table exchange_latest_JPY
[2023-07-26 05:06:32,659] {logging_mixin.py:115} INFO - Save a new file exchange_latest_CNY.csv
[2023-07-26 05:06:32,660] {logging_mixin.py:115} INFO - Create a new table exchange_latest_CNY
[2023-07-26 05:06:32,668] {logging_mixin.py:115} INFO - Insert into table exchange_latest_CNY
[2023-07-26 05:06:32,683] {python.py:173} INFO - Done. Returned value was: None
[2023-07-26 05:06:32,765] {taskinstance.py:1420} INFO - Marking task as SUCCESS. dag_id=fetch_exchange_rates_dag, task_id=fetch_exchange_rates_task, execution_date=20230725T193000, start_date=20230726T050628, end_date=20230726T050632
[2023-07-26 05:06:32,926] {local_task_job.py:156} INFO - Task exited with return code 0
[2023-07-26 05:06:33,233] {local_task_job.py:273} INFO - 0 downstream tasks scheduled from follow-on schedule check
