[2023-07-26 03:28:16,880] {taskinstance.py:1179} INFO - Dependencies all met for <TaskInstance: fetch_exchange_rates_dag.fetch_exchange_rates_task manual__2023-07-26T03:28:14.157380+00:00 [queued]>
[2023-07-26 03:28:16,887] {taskinstance.py:1179} INFO - Dependencies all met for <TaskInstance: fetch_exchange_rates_dag.fetch_exchange_rates_task manual__2023-07-26T03:28:14.157380+00:00 [queued]>
[2023-07-26 03:28:16,887] {taskinstance.py:1376} INFO - 
--------------------------------------------------------------------------------
[2023-07-26 03:28:16,888] {taskinstance.py:1377} INFO - Starting attempt 1 of 1
[2023-07-26 03:28:16,888] {taskinstance.py:1378} INFO - 
--------------------------------------------------------------------------------
[2023-07-26 03:28:16,901] {taskinstance.py:1397} INFO - Executing <Task(PythonOperator): fetch_exchange_rates_task> on 2023-07-26 03:28:14.157380+00:00
[2023-07-26 03:28:16,907] {standard_task_runner.py:52} INFO - Started process 4452 to run task
[2023-07-26 03:28:16,910] {standard_task_runner.py:79} INFO - Running: ['***', 'tasks', 'run', 'fetch_exchange_rates_dag', 'fetch_exchange_rates_task', 'manual__2023-07-26T03:28:14.157380+00:00', '--job-id', '16', '--raw', '--subdir', 'DAGS_FOLDER/my_calc_rates.py', '--cfg-path', '/tmp/tmpj4_hnr2o', '--error-file', '/tmp/tmpm6tv_s28']
[2023-07-26 03:28:16,912] {standard_task_runner.py:80} INFO - Job 16: Subtask fetch_exchange_rates_task
[2023-07-26 03:28:16,968] {task_command.py:371} INFO - Running <TaskInstance: fetch_exchange_rates_dag.fetch_exchange_rates_task manual__2023-07-26T03:28:14.157380+00:00 [running]> on host 6e11a261c833
[2023-07-26 03:28:17,024] {taskinstance.py:1591} INFO - Exporting the following env vars:
AIRFLOW_CTX_DAG_OWNER=marina_z
AIRFLOW_CTX_DAG_ID=fetch_exchange_rates_dag
AIRFLOW_CTX_TASK_ID=fetch_exchange_rates_task
AIRFLOW_CTX_EXECUTION_DATE=2023-07-26T03:28:14.157380+00:00
AIRFLOW_CTX_TRY_NUMBER=1
AIRFLOW_CTX_DAG_RUN_ID=manual__2023-07-26T03:28:14.157380+00:00
[2023-07-26 03:28:17,335] {logging_mixin.py:115} INFO - Save a new table exchange_latest_BTC.csv
[2023-07-26 03:28:17,336] {logging_mixin.py:115} INFO - Create a new table exchange_latest_BTC.csv
[2023-07-26 03:28:17,343] {logging_mixin.py:115} INFO - Insert into table exchange_latest_BTC.csv
[2023-07-26 03:28:17,696] {logging_mixin.py:115} INFO - Save a new table exchange_latest_EUR.csv
[2023-07-26 03:28:17,698] {logging_mixin.py:115} INFO - Create a new table exchange_latest_EUR.csv
[2023-07-26 03:28:17,705] {logging_mixin.py:115} INFO - Insert into table exchange_latest_EUR.csv
[2023-07-26 03:28:18,093] {logging_mixin.py:115} INFO - Save a new table exchange_latest_GBR.csv
[2023-07-26 03:28:18,094] {logging_mixin.py:115} INFO - Create a new table exchange_latest_GBR.csv
[2023-07-26 03:28:18,099] {logging_mixin.py:115} INFO - Insert into table exchange_latest_GBR.csv
[2023-07-26 03:28:18,433] {logging_mixin.py:115} INFO - Save a new table exchange_latest_JPY.csv
[2023-07-26 03:28:18,434] {logging_mixin.py:115} INFO - Create a new table exchange_latest_JPY.csv
[2023-07-26 03:28:18,439] {logging_mixin.py:115} INFO - Insert into table exchange_latest_JPY.csv
[2023-07-26 03:28:18,800] {logging_mixin.py:115} INFO - Save a new table exchange_latest_CNY.csv
[2023-07-26 03:28:18,800] {logging_mixin.py:115} INFO - Create a new table exchange_latest_CNY.csv
[2023-07-26 03:28:18,806] {logging_mixin.py:115} INFO - Insert into table exchange_latest_CNY.csv
[2023-07-26 03:28:18,837] {python.py:173} INFO - Done. Returned value was: None
[2023-07-26 03:28:18,850] {taskinstance.py:1420} INFO - Marking task as SUCCESS. dag_id=fetch_exchange_rates_dag, task_id=fetch_exchange_rates_task, execution_date=20230726T032814, start_date=20230726T032816, end_date=20230726T032818
[2023-07-26 03:28:18,894] {local_task_job.py:156} INFO - Task exited with return code 0
[2023-07-26 03:28:18,925] {local_task_job.py:273} INFO - 1 downstream tasks scheduled from follow-on schedule check
