[2023-07-26 04:18:35,202] {taskinstance.py:1179} INFO - Dependencies all met for <TaskInstance: fetch_exchange_rates_dag.bash_task scheduled__2023-07-26T03:10:00+00:00 [queued]>
[2023-07-26 04:18:35,272] {taskinstance.py:1179} INFO - Dependencies all met for <TaskInstance: fetch_exchange_rates_dag.bash_task scheduled__2023-07-26T03:10:00+00:00 [queued]>
[2023-07-26 04:18:35,281] {taskinstance.py:1376} INFO - 
--------------------------------------------------------------------------------
[2023-07-26 04:18:35,282] {taskinstance.py:1377} INFO - Starting attempt 1 of 1
[2023-07-26 04:18:35,286] {taskinstance.py:1378} INFO - 
--------------------------------------------------------------------------------
[2023-07-26 04:18:35,356] {taskinstance.py:1397} INFO - Executing <Task(BashOperator): bash_task> on 2023-07-26 03:10:00+00:00
[2023-07-26 04:18:35,376] {standard_task_runner.py:52} INFO - Started process 7183 to run task
[2023-07-26 04:18:35,394] {standard_task_runner.py:79} INFO - Running: ['***', 'tasks', 'run', 'fetch_exchange_rates_dag', 'bash_task', 'scheduled__2023-07-26T03:10:00+00:00', '--job-id', '97', '--raw', '--subdir', 'DAGS_FOLDER/my_calc_rates.py', '--cfg-path', '/tmp/tmp1b1drpwt', '--error-file', '/tmp/tmp208ph5_w']
[2023-07-26 04:18:35,406] {standard_task_runner.py:80} INFO - Job 97: Subtask bash_task
[2023-07-26 04:18:35,674] {task_command.py:371} INFO - Running <TaskInstance: fetch_exchange_rates_dag.bash_task scheduled__2023-07-26T03:10:00+00:00 [running]> on host 6e11a261c833
[2023-07-26 04:18:35,973] {taskinstance.py:1591} INFO - Exporting the following env vars:
AIRFLOW_CTX_DAG_OWNER=***
AIRFLOW_CTX_DAG_ID=fetch_exchange_rates_dag
AIRFLOW_CTX_TASK_ID=bash_task
AIRFLOW_CTX_EXECUTION_DATE=2023-07-26T03:10:00+00:00
AIRFLOW_CTX_TRY_NUMBER=1
AIRFLOW_CTX_DAG_RUN_ID=scheduled__2023-07-26T03:10:00+00:00
[2023-07-26 04:18:35,975] {subprocess.py:62} INFO - Tmp dir root location: 
 /tmp
[2023-07-26 04:18:35,977] {subprocess.py:74} INFO - Running command: ['bash', '-c', 'echo "Good morning my diggers!"']
[2023-07-26 04:18:36,023] {subprocess.py:85} INFO - Output:
[2023-07-26 04:18:36,024] {subprocess.py:92} INFO - Good morning my diggers!
[2023-07-26 04:18:36,025] {subprocess.py:96} INFO - Command exited with return code 0
[2023-07-26 04:18:36,160] {taskinstance.py:1420} INFO - Marking task as SUCCESS. dag_id=fetch_exchange_rates_dag, task_id=bash_task, execution_date=20230726T031000, start_date=20230726T041835, end_date=20230726T041836
[2023-07-26 04:18:36,241] {local_task_job.py:156} INFO - Task exited with return code 0
[2023-07-26 04:18:36,407] {local_task_job.py:273} INFO - 0 downstream tasks scheduled from follow-on schedule check
[2023-07-26 05:08:08,021] {taskinstance.py:1179} INFO - Dependencies all met for <TaskInstance: fetch_exchange_rates_dag.bash_task scheduled__2023-07-26T03:10:00+00:00 [queued]>
[2023-07-26 05:08:08,036] {taskinstance.py:1179} INFO - Dependencies all met for <TaskInstance: fetch_exchange_rates_dag.bash_task scheduled__2023-07-26T03:10:00+00:00 [queued]>
[2023-07-26 05:08:08,037] {taskinstance.py:1376} INFO - 
--------------------------------------------------------------------------------
[2023-07-26 05:08:08,038] {taskinstance.py:1377} INFO - Starting attempt 1 of 1
[2023-07-26 05:08:08,039] {taskinstance.py:1378} INFO - 
--------------------------------------------------------------------------------
[2023-07-26 05:08:08,063] {taskinstance.py:1397} INFO - Executing <Task(BashOperator): bash_task> on 2023-07-26 03:10:00+00:00
[2023-07-26 05:08:08,070] {standard_task_runner.py:52} INFO - Started process 2249 to run task
[2023-07-26 05:08:08,080] {standard_task_runner.py:79} INFO - Running: ['***', 'tasks', 'run', 'fetch_exchange_rates_dag', 'bash_task', 'scheduled__2023-07-26T03:10:00+00:00', '--job-id', '593', '--raw', '--subdir', 'DAGS_FOLDER/my_calc_rates.py', '--cfg-path', '/tmp/tmpkhqc3632', '--error-file', '/tmp/tmp60wdzev8']
[2023-07-26 05:08:08,083] {standard_task_runner.py:80} INFO - Job 593: Subtask bash_task
[2023-07-26 05:08:08,206] {task_command.py:371} INFO - Running <TaskInstance: fetch_exchange_rates_dag.bash_task scheduled__2023-07-26T03:10:00+00:00 [running]> on host acb6bca32630
[2023-07-26 05:08:08,361] {taskinstance.py:1591} INFO - Exporting the following env vars:
AIRFLOW_CTX_DAG_OWNER=***
AIRFLOW_CTX_DAG_ID=fetch_exchange_rates_dag
AIRFLOW_CTX_TASK_ID=bash_task
AIRFLOW_CTX_EXECUTION_DATE=2023-07-26T03:10:00+00:00
AIRFLOW_CTX_TRY_NUMBER=1
AIRFLOW_CTX_DAG_RUN_ID=scheduled__2023-07-26T03:10:00+00:00
[2023-07-26 05:08:08,363] {subprocess.py:62} INFO - Tmp dir root location: 
 /tmp
[2023-07-26 05:08:08,366] {subprocess.py:74} INFO - Running command: ['bash', '-c', 'echo "Good morning my diggers!"']
[2023-07-26 05:08:08,388] {subprocess.py:85} INFO - Output:
[2023-07-26 05:08:08,392] {subprocess.py:92} INFO - Good morning my diggers!
[2023-07-26 05:08:08,393] {subprocess.py:96} INFO - Command exited with return code 0
[2023-07-26 05:08:08,450] {taskinstance.py:1420} INFO - Marking task as SUCCESS. dag_id=fetch_exchange_rates_dag, task_id=bash_task, execution_date=20230726T031000, start_date=20230726T050808, end_date=20230726T050808
[2023-07-26 05:08:08,494] {local_task_job.py:156} INFO - Task exited with return code 0
[2023-07-26 05:08:08,618] {local_task_job.py:273} INFO - 0 downstream tasks scheduled from follow-on schedule check
