[2023-07-26 05:05:51,504] {taskinstance.py:1179} INFO - Dependencies all met for <TaskInstance: fetch_exchange_rates_dag.bash_task scheduled__2023-07-25T16:10:00+00:00 [queued]>
[2023-07-26 05:05:51,590] {taskinstance.py:1179} INFO - Dependencies all met for <TaskInstance: fetch_exchange_rates_dag.bash_task scheduled__2023-07-25T16:10:00+00:00 [queued]>
[2023-07-26 05:05:51,591] {taskinstance.py:1376} INFO - 
--------------------------------------------------------------------------------
[2023-07-26 05:05:51,593] {taskinstance.py:1377} INFO - Starting attempt 1 of 1
[2023-07-26 05:05:51,594] {taskinstance.py:1378} INFO - 
--------------------------------------------------------------------------------
[2023-07-26 05:05:51,694] {taskinstance.py:1397} INFO - Executing <Task(BashOperator): bash_task> on 2023-07-25 16:10:00+00:00
[2023-07-26 05:05:51,737] {standard_task_runner.py:52} INFO - Started process 1339 to run task
[2023-07-26 05:05:51,747] {standard_task_runner.py:79} INFO - Running: ['***', 'tasks', 'run', 'fetch_exchange_rates_dag', 'bash_task', 'scheduled__2023-07-25T16:10:00+00:00', '--job-id', '330', '--raw', '--subdir', 'DAGS_FOLDER/my_calc_rates.py', '--cfg-path', '/tmp/tmp3x7mv2la', '--error-file', '/tmp/tmplwxkn3iu']
[2023-07-26 05:05:51,759] {standard_task_runner.py:80} INFO - Job 330: Subtask bash_task
[2023-07-26 05:05:52,338] {task_command.py:371} INFO - Running <TaskInstance: fetch_exchange_rates_dag.bash_task scheduled__2023-07-25T16:10:00+00:00 [running]> on host acb6bca32630
[2023-07-26 05:05:52,992] {taskinstance.py:1591} INFO - Exporting the following env vars:
AIRFLOW_CTX_DAG_OWNER=***
AIRFLOW_CTX_DAG_ID=fetch_exchange_rates_dag
AIRFLOW_CTX_TASK_ID=bash_task
AIRFLOW_CTX_EXECUTION_DATE=2023-07-25T16:10:00+00:00
AIRFLOW_CTX_TRY_NUMBER=1
AIRFLOW_CTX_DAG_RUN_ID=scheduled__2023-07-25T16:10:00+00:00
[2023-07-26 05:05:53,008] {subprocess.py:62} INFO - Tmp dir root location: 
 /tmp
[2023-07-26 05:05:53,017] {subprocess.py:74} INFO - Running command: ['bash', '-c', 'echo "Good morning my diggers!"']
[2023-07-26 05:05:53,092] {subprocess.py:85} INFO - Output:
[2023-07-26 05:05:53,134] {subprocess.py:92} INFO - Good morning my diggers!
[2023-07-26 05:05:53,137] {subprocess.py:96} INFO - Command exited with return code 0
[2023-07-26 05:05:53,346] {taskinstance.py:1420} INFO - Marking task as SUCCESS. dag_id=fetch_exchange_rates_dag, task_id=bash_task, execution_date=20230725T161000, start_date=20230726T050551, end_date=20230726T050553
[2023-07-26 05:05:53,534] {local_task_job.py:156} INFO - Task exited with return code 0
[2023-07-26 05:05:53,700] {local_task_job.py:273} INFO - 1 downstream tasks scheduled from follow-on schedule check
