[2023-07-26 04:18:11,410] {taskinstance.py:1179} INFO - Dependencies all met for <TaskInstance: fetch_exchange_rates_dag.bash_task scheduled__2023-07-26T00:20:00+00:00 [queued]>
[2023-07-26 04:18:11,514] {taskinstance.py:1179} INFO - Dependencies all met for <TaskInstance: fetch_exchange_rates_dag.bash_task scheduled__2023-07-26T00:20:00+00:00 [queued]>
[2023-07-26 04:18:11,515] {taskinstance.py:1376} INFO - 
--------------------------------------------------------------------------------
[2023-07-26 04:18:11,530] {taskinstance.py:1377} INFO - Starting attempt 1 of 1
[2023-07-26 04:18:11,530] {taskinstance.py:1378} INFO - 
--------------------------------------------------------------------------------
[2023-07-26 04:18:11,689] {taskinstance.py:1397} INFO - Executing <Task(BashOperator): bash_task> on 2023-07-26 00:20:00+00:00
[2023-07-26 04:18:11,721] {standard_task_runner.py:52} INFO - Started process 7016 to run task
[2023-07-26 04:18:11,724] {standard_task_runner.py:79} INFO - Running: ['***', 'tasks', 'run', 'fetch_exchange_rates_dag', 'bash_task', 'scheduled__2023-07-26T00:20:00+00:00', '--job-id', '44', '--raw', '--subdir', 'DAGS_FOLDER/my_calc_rates.py', '--cfg-path', '/tmp/tmp1yzexvdm', '--error-file', '/tmp/tmpex1x8a7g']
[2023-07-26 04:18:11,727] {standard_task_runner.py:80} INFO - Job 44: Subtask bash_task
[2023-07-26 04:18:12,081] {task_command.py:371} INFO - Running <TaskInstance: fetch_exchange_rates_dag.bash_task scheduled__2023-07-26T00:20:00+00:00 [running]> on host 6e11a261c833
[2023-07-26 04:18:12,575] {taskinstance.py:1591} INFO - Exporting the following env vars:
AIRFLOW_CTX_DAG_OWNER=***
AIRFLOW_CTX_DAG_ID=fetch_exchange_rates_dag
AIRFLOW_CTX_TASK_ID=bash_task
AIRFLOW_CTX_EXECUTION_DATE=2023-07-26T00:20:00+00:00
AIRFLOW_CTX_TRY_NUMBER=1
AIRFLOW_CTX_DAG_RUN_ID=scheduled__2023-07-26T00:20:00+00:00
[2023-07-26 04:18:12,608] {subprocess.py:62} INFO - Tmp dir root location: 
 /tmp
[2023-07-26 04:18:12,612] {subprocess.py:74} INFO - Running command: ['bash', '-c', 'echo "Good morning my diggers!"']
[2023-07-26 04:18:12,730] {subprocess.py:85} INFO - Output:
[2023-07-26 04:18:12,739] {subprocess.py:92} INFO - Good morning my diggers!
[2023-07-26 04:18:12,741] {subprocess.py:96} INFO - Command exited with return code 0
[2023-07-26 04:18:12,929] {taskinstance.py:1420} INFO - Marking task as SUCCESS. dag_id=fetch_exchange_rates_dag, task_id=bash_task, execution_date=20230726T002000, start_date=20230726T041811, end_date=20230726T041812
[2023-07-26 04:18:13,104] {local_task_job.py:156} INFO - Task exited with return code 0
[2023-07-26 04:18:13,224] {local_task_job.py:273} INFO - 1 downstream tasks scheduled from follow-on schedule check
[2023-07-26 05:07:34,953] {taskinstance.py:1179} INFO - Dependencies all met for <TaskInstance: fetch_exchange_rates_dag.bash_task scheduled__2023-07-26T00:20:00+00:00 [queued]>
[2023-07-26 05:07:34,979] {taskinstance.py:1179} INFO - Dependencies all met for <TaskInstance: fetch_exchange_rates_dag.bash_task scheduled__2023-07-26T00:20:00+00:00 [queued]>
[2023-07-26 05:07:34,981] {taskinstance.py:1376} INFO - 
--------------------------------------------------------------------------------
[2023-07-26 05:07:34,982] {taskinstance.py:1377} INFO - Starting attempt 1 of 1
[2023-07-26 05:07:34,984] {taskinstance.py:1378} INFO - 
--------------------------------------------------------------------------------
[2023-07-26 05:07:35,021] {taskinstance.py:1397} INFO - Executing <Task(BashOperator): bash_task> on 2023-07-26 00:20:00+00:00
[2023-07-26 05:07:35,028] {standard_task_runner.py:52} INFO - Started process 2045 to run task
[2023-07-26 05:07:35,038] {standard_task_runner.py:79} INFO - Running: ['***', 'tasks', 'run', 'fetch_exchange_rates_dag', 'bash_task', 'scheduled__2023-07-26T00:20:00+00:00', '--job-id', '534', '--raw', '--subdir', 'DAGS_FOLDER/my_calc_rates.py', '--cfg-path', '/tmp/tmp0bop7a47', '--error-file', '/tmp/tmpk0315auq']
[2023-07-26 05:07:35,052] {standard_task_runner.py:80} INFO - Job 534: Subtask bash_task
[2023-07-26 05:07:35,260] {task_command.py:371} INFO - Running <TaskInstance: fetch_exchange_rates_dag.bash_task scheduled__2023-07-26T00:20:00+00:00 [running]> on host acb6bca32630
[2023-07-26 05:07:35,515] {taskinstance.py:1591} INFO - Exporting the following env vars:
AIRFLOW_CTX_DAG_OWNER=***
AIRFLOW_CTX_DAG_ID=fetch_exchange_rates_dag
AIRFLOW_CTX_TASK_ID=bash_task
AIRFLOW_CTX_EXECUTION_DATE=2023-07-26T00:20:00+00:00
AIRFLOW_CTX_TRY_NUMBER=1
AIRFLOW_CTX_DAG_RUN_ID=scheduled__2023-07-26T00:20:00+00:00
[2023-07-26 05:07:35,518] {subprocess.py:62} INFO - Tmp dir root location: 
 /tmp
[2023-07-26 05:07:35,519] {subprocess.py:74} INFO - Running command: ['bash', '-c', 'echo "Good morning my diggers!"']
[2023-07-26 05:07:35,558] {subprocess.py:85} INFO - Output:
[2023-07-26 05:07:35,563] {subprocess.py:92} INFO - Good morning my diggers!
[2023-07-26 05:07:35,566] {subprocess.py:96} INFO - Command exited with return code 0
[2023-07-26 05:07:35,633] {taskinstance.py:1420} INFO - Marking task as SUCCESS. dag_id=fetch_exchange_rates_dag, task_id=bash_task, execution_date=20230726T002000, start_date=20230726T050734, end_date=20230726T050735
[2023-07-26 05:07:35,750] {local_task_job.py:156} INFO - Task exited with return code 0
[2023-07-26 05:07:36,013] {local_task_job.py:273} INFO - 0 downstream tasks scheduled from follow-on schedule check
