[2023-07-25 20:38:24,321] {taskinstance.py:1179} INFO - Dependencies all met for <TaskInstance: fetch_exchange_rates_dag.fetch_exchange_rates_task scheduled__2023-07-25T12:40:00+00:00 [queued]>
[2023-07-25 20:38:24,335] {taskinstance.py:1179} INFO - Dependencies all met for <TaskInstance: fetch_exchange_rates_dag.fetch_exchange_rates_task scheduled__2023-07-25T12:40:00+00:00 [queued]>
[2023-07-25 20:38:24,337] {taskinstance.py:1376} INFO - 
--------------------------------------------------------------------------------
[2023-07-25 20:38:24,339] {taskinstance.py:1377} INFO - Starting attempt 1 of 1
[2023-07-25 20:38:24,339] {taskinstance.py:1378} INFO - 
--------------------------------------------------------------------------------
[2023-07-25 20:38:24,375] {taskinstance.py:1397} INFO - Executing <Task(PythonOperator): fetch_exchange_rates_task> on 2023-07-25 12:40:00+00:00
[2023-07-25 20:38:24,383] {standard_task_runner.py:52} INFO - Started process 9206 to run task
[2023-07-25 20:38:24,392] {standard_task_runner.py:79} INFO - Running: ['***', 'tasks', 'run', 'fetch_exchange_rates_dag', 'fetch_exchange_rates_task', 'scheduled__2023-07-25T12:40:00+00:00', '--job-id', '174', '--raw', '--subdir', 'DAGS_FOLDER/my_calc_rates.py', '--cfg-path', '/tmp/tmpb_j08qrm', '--error-file', '/tmp/tmpf4dcccrg']
[2023-07-25 20:38:24,394] {standard_task_runner.py:80} INFO - Job 174: Subtask fetch_exchange_rates_task
[2023-07-25 20:38:24,535] {task_command.py:371} INFO - Running <TaskInstance: fetch_exchange_rates_dag.fetch_exchange_rates_task scheduled__2023-07-25T12:40:00+00:00 [running]> on host 661c8d62a693
[2023-07-25 20:38:24,687] {taskinstance.py:1591} INFO - Exporting the following env vars:
AIRFLOW_CTX_DAG_OWNER=marina_z
AIRFLOW_CTX_DAG_ID=fetch_exchange_rates_dag
AIRFLOW_CTX_TASK_ID=fetch_exchange_rates_task
AIRFLOW_CTX_EXECUTION_DATE=2023-07-25T12:40:00+00:00
AIRFLOW_CTX_TRY_NUMBER=1
AIRFLOW_CTX_DAG_RUN_ID=scheduled__2023-07-25T12:40:00+00:00
[2023-07-25 20:38:26,432] {taskinstance.py:1909} ERROR - Task failed with exception
Traceback (most recent call last):
  File "/home/airflow/.local/lib/python3.7/site-packages/airflow/operators/python.py", line 171, in execute
    return_value = self.execute_callable()
  File "/home/airflow/.local/lib/python3.7/site-packages/airflow/operators/python.py", line 189, in execute_callable
    return self.python_callable(*self.op_args, **self.op_kwargs)
  File "/opt/airflow/dags/my_calc_rates.py", line 69, in fetch_exchange_rates
    load_to_postgres = PostgresOperator(
NameError: name 'PostgresOperator' is not defined
[2023-07-25 20:38:26,447] {taskinstance.py:1420} INFO - Marking task as FAILED. dag_id=fetch_exchange_rates_dag, task_id=fetch_exchange_rates_task, execution_date=20230725T124000, start_date=20230725T203824, end_date=20230725T203826
[2023-07-25 20:38:26,464] {standard_task_runner.py:97} ERROR - Failed to execute job 174 for task fetch_exchange_rates_task (name 'PostgresOperator' is not defined; 9206)
[2023-07-25 20:38:26,500] {local_task_job.py:156} INFO - Task exited with return code 1
[2023-07-25 20:38:26,555] {local_task_job.py:273} INFO - 0 downstream tasks scheduled from follow-on schedule check
[2023-07-26 05:05:21,477] {taskinstance.py:1179} INFO - Dependencies all met for <TaskInstance: fetch_exchange_rates_dag.fetch_exchange_rates_task scheduled__2023-07-25T12:40:00+00:00 [queued]>
[2023-07-26 05:05:21,499] {taskinstance.py:1179} INFO - Dependencies all met for <TaskInstance: fetch_exchange_rates_dag.fetch_exchange_rates_task scheduled__2023-07-25T12:40:00+00:00 [queued]>
[2023-07-26 05:05:21,501] {taskinstance.py:1376} INFO - 
--------------------------------------------------------------------------------
[2023-07-26 05:05:21,507] {taskinstance.py:1377} INFO - Starting attempt 1 of 1
[2023-07-26 05:05:21,508] {taskinstance.py:1378} INFO - 
--------------------------------------------------------------------------------
[2023-07-26 05:05:21,567] {taskinstance.py:1397} INFO - Executing <Task(PythonOperator): fetch_exchange_rates_task> on 2023-07-25 12:40:00+00:00
[2023-07-26 05:05:21,588] {standard_task_runner.py:52} INFO - Started process 1123 to run task
[2023-07-26 05:05:21,597] {standard_task_runner.py:79} INFO - Running: ['***', 'tasks', 'run', 'fetch_exchange_rates_dag', 'fetch_exchange_rates_task', 'scheduled__2023-07-25T12:40:00+00:00', '--job-id', '269', '--raw', '--subdir', 'DAGS_FOLDER/my_calc_rates.py', '--cfg-path', '/tmp/tmpuh11u0v3', '--error-file', '/tmp/tmp43bl0vt4']
[2023-07-26 05:05:21,600] {standard_task_runner.py:80} INFO - Job 269: Subtask fetch_exchange_rates_task
[2023-07-26 05:05:21,853] {task_command.py:371} INFO - Running <TaskInstance: fetch_exchange_rates_dag.fetch_exchange_rates_task scheduled__2023-07-25T12:40:00+00:00 [running]> on host acb6bca32630
[2023-07-26 05:05:22,210] {taskinstance.py:1591} INFO - Exporting the following env vars:
AIRFLOW_CTX_DAG_OWNER=marina_z
AIRFLOW_CTX_DAG_ID=fetch_exchange_rates_dag
AIRFLOW_CTX_TASK_ID=fetch_exchange_rates_task
AIRFLOW_CTX_EXECUTION_DATE=2023-07-25T12:40:00+00:00
AIRFLOW_CTX_TRY_NUMBER=1
AIRFLOW_CTX_DAG_RUN_ID=scheduled__2023-07-25T12:40:00+00:00
[2023-07-26 05:05:22,683] {logging_mixin.py:115} INFO - Save a new file exchange_latest_BTC.csv
[2023-07-26 05:05:22,684] {logging_mixin.py:115} INFO - Create a new table exchange_latest_BTC
[2023-07-26 05:05:22,705] {logging_mixin.py:115} INFO - Insert into table exchange_latest_BTC
[2023-07-26 05:05:23,184] {logging_mixin.py:115} INFO - Save a new file exchange_latest_EUR.csv
[2023-07-26 05:05:23,186] {logging_mixin.py:115} INFO - Create a new table exchange_latest_EUR
[2023-07-26 05:05:23,193] {logging_mixin.py:115} INFO - Insert into table exchange_latest_EUR
[2023-07-26 05:05:23,758] {logging_mixin.py:115} INFO - Save a new file exchange_latest_GBR.csv
[2023-07-26 05:05:23,760] {logging_mixin.py:115} INFO - Create a new table exchange_latest_GBR
[2023-07-26 05:05:23,792] {logging_mixin.py:115} INFO - Insert into table exchange_latest_GBR
[2023-07-26 05:05:24,234] {logging_mixin.py:115} INFO - Save a new file exchange_latest_JPY.csv
[2023-07-26 05:05:24,235] {logging_mixin.py:115} INFO - Create a new table exchange_latest_JPY
[2023-07-26 05:05:24,244] {logging_mixin.py:115} INFO - Insert into table exchange_latest_JPY
[2023-07-26 05:05:24,639] {logging_mixin.py:115} INFO - Save a new file exchange_latest_CNY.csv
[2023-07-26 05:05:24,643] {logging_mixin.py:115} INFO - Create a new table exchange_latest_CNY
[2023-07-26 05:05:24,650] {logging_mixin.py:115} INFO - Insert into table exchange_latest_CNY
[2023-07-26 05:05:24,682] {python.py:173} INFO - Done. Returned value was: None
[2023-07-26 05:05:24,713] {taskinstance.py:1420} INFO - Marking task as SUCCESS. dag_id=fetch_exchange_rates_dag, task_id=fetch_exchange_rates_task, execution_date=20230725T124000, start_date=20230726T050521, end_date=20230726T050524
[2023-07-26 05:05:24,798] {local_task_job.py:156} INFO - Task exited with return code 0
[2023-07-26 05:05:25,036] {local_task_job.py:273} INFO - 1 downstream tasks scheduled from follow-on schedule check
