[2023-07-26 00:35:01,156] {taskinstance.py:1179} INFO - Dependencies all met for <TaskInstance: calc-rates.bash_task scheduled__2023-07-26T00:30:00+00:00 [queued]>
[2023-07-26 00:35:01,175] {taskinstance.py:1179} INFO - Dependencies all met for <TaskInstance: calc-rates.bash_task scheduled__2023-07-26T00:30:00+00:00 [queued]>
[2023-07-26 00:35:01,176] {taskinstance.py:1376} INFO - 
--------------------------------------------------------------------------------
[2023-07-26 00:35:01,177] {taskinstance.py:1377} INFO - Starting attempt 1 of 1
[2023-07-26 00:35:01,184] {taskinstance.py:1378} INFO - 
--------------------------------------------------------------------------------
[2023-07-26 00:35:01,239] {taskinstance.py:1397} INFO - Executing <Task(BashOperator): bash_task> on 2023-07-26 00:30:00+00:00
[2023-07-26 00:35:01,247] {standard_task_runner.py:52} INFO - Started process 2938 to run task
[2023-07-26 00:35:01,252] {standard_task_runner.py:79} INFO - Running: ['***', 'tasks', 'run', 'calc-rates', 'bash_task', 'scheduled__2023-07-26T00:30:00+00:00', '--job-id', '389', '--raw', '--subdir', 'DAGS_FOLDER/calc_rates.py', '--cfg-path', '/tmp/tmp19gajgy0', '--error-file', '/tmp/tmp0t6fe_u0']
[2023-07-26 00:35:01,255] {standard_task_runner.py:80} INFO - Job 389: Subtask bash_task
[2023-07-26 00:35:01,694] {task_command.py:371} INFO - Running <TaskInstance: calc-rates.bash_task scheduled__2023-07-26T00:30:00+00:00 [running]> on host 661c8d62a693
[2023-07-26 00:35:01,784] {taskinstance.py:1591} INFO - Exporting the following env vars:
AIRFLOW_CTX_DAG_OWNER=marina_z
AIRFLOW_CTX_DAG_ID=calc-rates
AIRFLOW_CTX_TASK_ID=bash_task
AIRFLOW_CTX_EXECUTION_DATE=2023-07-26T00:30:00+00:00
AIRFLOW_CTX_TRY_NUMBER=1
AIRFLOW_CTX_DAG_RUN_ID=scheduled__2023-07-26T00:30:00+00:00
[2023-07-26 00:35:01,786] {subprocess.py:62} INFO - Tmp dir root location: 
 /tmp
[2023-07-26 00:35:01,788] {subprocess.py:74} INFO - Running command: ['bash', '-c', "echo 'Hello, World!'"]
[2023-07-26 00:35:01,799] {subprocess.py:85} INFO - Output:
[2023-07-26 00:35:01,803] {subprocess.py:92} INFO - Hello, World!
[2023-07-26 00:35:01,805] {subprocess.py:96} INFO - Command exited with return code 0
[2023-07-26 00:35:01,836] {taskinstance.py:1420} INFO - Marking task as SUCCESS. dag_id=calc-rates, task_id=bash_task, execution_date=20230726T003000, start_date=20230726T003501, end_date=20230726T003501
[2023-07-26 00:35:01,867] {local_task_job.py:156} INFO - Task exited with return code 0
[2023-07-26 00:35:01,910] {local_task_job.py:273} INFO - 1 downstream tasks scheduled from follow-on schedule check
