[2023-07-26 01:56:59,299] {taskinstance.py:1179} INFO - Dependencies all met for <TaskInstance: fetch_exchange_rates_dag.fetch_exchange_rates_task manual__2023-07-26T01:56:57.829758+00:00 [queued]>
[2023-07-26 01:56:59,308] {taskinstance.py:1179} INFO - Dependencies all met for <TaskInstance: fetch_exchange_rates_dag.fetch_exchange_rates_task manual__2023-07-26T01:56:57.829758+00:00 [queued]>
[2023-07-26 01:56:59,309] {taskinstance.py:1376} INFO - 
--------------------------------------------------------------------------------
[2023-07-26 01:56:59,310] {taskinstance.py:1377} INFO - Starting attempt 1 of 1
[2023-07-26 01:56:59,310] {taskinstance.py:1378} INFO - 
--------------------------------------------------------------------------------
[2023-07-26 01:56:59,322] {taskinstance.py:1397} INFO - Executing <Task(PythonOperator): fetch_exchange_rates_task> on 2023-07-26 01:56:57.829758+00:00
[2023-07-26 01:56:59,328] {standard_task_runner.py:52} INFO - Started process 467 to run task
[2023-07-26 01:56:59,331] {standard_task_runner.py:79} INFO - Running: ['***', 'tasks', 'run', 'fetch_exchange_rates_dag', 'fetch_exchange_rates_task', 'manual__2023-07-26T01:56:57.829758+00:00', '--job-id', '8', '--raw', '--subdir', 'DAGS_FOLDER/my_calc_rates.py', '--cfg-path', '/tmp/tmpy_0mxftb', '--error-file', '/tmp/tmpzxcu12ya']
[2023-07-26 01:56:59,333] {standard_task_runner.py:80} INFO - Job 8: Subtask fetch_exchange_rates_task
[2023-07-26 01:56:59,393] {task_command.py:371} INFO - Running <TaskInstance: fetch_exchange_rates_dag.fetch_exchange_rates_task manual__2023-07-26T01:56:57.829758+00:00 [running]> on host 6e11a261c833
[2023-07-26 01:56:59,445] {taskinstance.py:1591} INFO - Exporting the following env vars:
AIRFLOW_CTX_DAG_OWNER=marina_z
AIRFLOW_CTX_DAG_ID=fetch_exchange_rates_dag
AIRFLOW_CTX_TASK_ID=fetch_exchange_rates_task
AIRFLOW_CTX_EXECUTION_DATE=2023-07-26T01:56:57.829758+00:00
AIRFLOW_CTX_TRY_NUMBER=1
AIRFLOW_CTX_DAG_RUN_ID=manual__2023-07-26T01:56:57.829758+00:00
[2023-07-26 01:56:59,817] {logging_mixin.py:115} INFO - Save a new table exchange_latest_BTC.csv
[2023-07-26 01:56:59,818] {logging_mixin.py:115} INFO - Create a new table exchange_latest_BTC.csv
[2023-07-26 01:56:59,823] {logging_mixin.py:115} INFO - Insert into table exchange_latest_BTC.csv
[2023-07-26 01:57:00,181] {logging_mixin.py:115} INFO - Save a new table exchange_latest_EUR.csv
[2023-07-26 01:57:00,182] {logging_mixin.py:115} INFO - Create a new table exchange_latest_EUR.csv
[2023-07-26 01:57:00,197] {logging_mixin.py:115} INFO - Insert into table exchange_latest_EUR.csv
[2023-07-26 01:57:00,584] {logging_mixin.py:115} INFO - Save a new table exchange_latest_GBR.csv
[2023-07-26 01:57:00,585] {logging_mixin.py:115} INFO - Create a new table exchange_latest_GBR.csv
[2023-07-26 01:57:00,591] {logging_mixin.py:115} INFO - Insert into table exchange_latest_GBR.csv
[2023-07-26 01:57:00,972] {logging_mixin.py:115} INFO - Save a new table exchange_latest_JPY.csv
[2023-07-26 01:57:00,974] {logging_mixin.py:115} INFO - Create a new table exchange_latest_JPY.csv
[2023-07-26 01:57:00,979] {logging_mixin.py:115} INFO - Insert into table exchange_latest_JPY.csv
[2023-07-26 01:57:01,335] {logging_mixin.py:115} INFO - Save a new table exchange_latest_CNY.csv
[2023-07-26 01:57:01,335] {logging_mixin.py:115} INFO - Create a new table exchange_latest_CNY.csv
[2023-07-26 01:57:01,341] {logging_mixin.py:115} INFO - Insert into table exchange_latest_CNY.csv
[2023-07-26 01:57:01,353] {python.py:173} INFO - Done. Returned value was: None
[2023-07-26 01:57:01,363] {taskinstance.py:1420} INFO - Marking task as SUCCESS. dag_id=fetch_exchange_rates_dag, task_id=fetch_exchange_rates_task, execution_date=20230726T015657, start_date=20230726T015659, end_date=20230726T015701
[2023-07-26 01:57:01,394] {local_task_job.py:156} INFO - Task exited with return code 0
[2023-07-26 01:57:01,420] {local_task_job.py:273} INFO - 0 downstream tasks scheduled from follow-on schedule check
