[2023-07-25 20:15:02,894] {taskinstance.py:1179} INFO - Dependencies all met for <TaskInstance: calc-rates.insert_data scheduled__2023-07-25T20:10:00+00:00 [queued]>
[2023-07-25 20:15:02,901] {taskinstance.py:1179} INFO - Dependencies all met for <TaskInstance: calc-rates.insert_data scheduled__2023-07-25T20:10:00+00:00 [queued]>
[2023-07-25 20:15:02,901] {taskinstance.py:1376} INFO - 
--------------------------------------------------------------------------------
[2023-07-25 20:15:02,902] {taskinstance.py:1377} INFO - Starting attempt 1 of 1
[2023-07-25 20:15:02,902] {taskinstance.py:1378} INFO - 
--------------------------------------------------------------------------------
[2023-07-25 20:15:02,912] {taskinstance.py:1397} INFO - Executing <Task(PythonOperator): insert_data> on 2023-07-25 20:10:00+00:00
[2023-07-25 20:15:02,918] {standard_task_runner.py:52} INFO - Started process 7786 to run task
[2023-07-25 20:15:02,922] {standard_task_runner.py:79} INFO - Running: ['***', 'tasks', 'run', 'calc-rates', 'insert_data', 'scheduled__2023-07-25T20:10:00+00:00', '--job-id', '78', '--raw', '--subdir', 'DAGS_FOLDER/calc_rates.py', '--cfg-path', '/tmp/tmp43js_5_2', '--error-file', '/tmp/tmp0iymiit_']
[2023-07-25 20:15:02,923] {standard_task_runner.py:80} INFO - Job 78: Subtask insert_data
[2023-07-25 20:15:02,985] {task_command.py:371} INFO - Running <TaskInstance: calc-rates.insert_data scheduled__2023-07-25T20:10:00+00:00 [running]> on host 661c8d62a693
[2023-07-25 20:15:03,043] {taskinstance.py:1591} INFO - Exporting the following env vars:
AIRFLOW_CTX_DAG_OWNER=marina_z
AIRFLOW_CTX_DAG_ID=calc-rates
AIRFLOW_CTX_TASK_ID=insert_data
AIRFLOW_CTX_EXECUTION_DATE=2023-07-25T20:10:00+00:00
AIRFLOW_CTX_TRY_NUMBER=1
AIRFLOW_CTX_DAG_RUN_ID=scheduled__2023-07-25T20:10:00+00:00
[2023-07-25 20:15:03,056] {logging_mixin.py:115} INFO - rate_date:  2023-07-25
[2023-07-25 20:15:03,057] {logging_mixin.py:115} INFO - value_:  29150.94736800000100
[2023-07-25 20:15:03,065] {base.py:68} INFO - Using connection ID 'my_db_conn' for task execution.
[2023-07-25 20:15:03,085] {python.py:173} INFO - Done. Returned value was: None
[2023-07-25 20:15:03,100] {taskinstance.py:1420} INFO - Marking task as SUCCESS. dag_id=calc-rates, task_id=insert_data, execution_date=20230725T201000, start_date=20230725T201502, end_date=20230725T201503
[2023-07-25 20:15:03,134] {local_task_job.py:156} INFO - Task exited with return code 0
[2023-07-25 20:15:03,183] {local_task_job.py:273} INFO - 3 downstream tasks scheduled from follow-on schedule check
