[2023-07-25 20:38:15,875] {taskinstance.py:1179} INFO - Dependencies all met for <TaskInstance: fetch_exchange_rates_dag.fetch_exchange_rates_task scheduled__2023-07-25T11:20:00+00:00 [queued]>
[2023-07-25 20:38:15,917] {taskinstance.py:1179} INFO - Dependencies all met for <TaskInstance: fetch_exchange_rates_dag.fetch_exchange_rates_task scheduled__2023-07-25T11:20:00+00:00 [queued]>
[2023-07-25 20:38:15,925] {taskinstance.py:1376} INFO - 
--------------------------------------------------------------------------------
[2023-07-25 20:38:15,928] {taskinstance.py:1377} INFO - Starting attempt 1 of 1
[2023-07-25 20:38:15,929] {taskinstance.py:1378} INFO - 
--------------------------------------------------------------------------------
[2023-07-25 20:38:15,966] {taskinstance.py:1397} INFO - Executing <Task(PythonOperator): fetch_exchange_rates_task> on 2023-07-25 11:20:00+00:00
[2023-07-25 20:38:15,979] {standard_task_runner.py:52} INFO - Started process 9170 to run task
[2023-07-25 20:38:15,984] {standard_task_runner.py:79} INFO - Running: ['***', 'tasks', 'run', 'fetch_exchange_rates_dag', 'fetch_exchange_rates_task', 'scheduled__2023-07-25T11:20:00+00:00', '--job-id', '165', '--raw', '--subdir', 'DAGS_FOLDER/my_calc_rates.py', '--cfg-path', '/tmp/tmptlhk7omf', '--error-file', '/tmp/tmpe3i875xp']
[2023-07-25 20:38:15,990] {standard_task_runner.py:80} INFO - Job 165: Subtask fetch_exchange_rates_task
[2023-07-25 20:38:16,189] {task_command.py:371} INFO - Running <TaskInstance: fetch_exchange_rates_dag.fetch_exchange_rates_task scheduled__2023-07-25T11:20:00+00:00 [running]> on host 661c8d62a693
[2023-07-25 20:38:16,363] {taskinstance.py:1591} INFO - Exporting the following env vars:
AIRFLOW_CTX_DAG_OWNER=marina_z
AIRFLOW_CTX_DAG_ID=fetch_exchange_rates_dag
AIRFLOW_CTX_TASK_ID=fetch_exchange_rates_task
AIRFLOW_CTX_EXECUTION_DATE=2023-07-25T11:20:00+00:00
AIRFLOW_CTX_TRY_NUMBER=1
AIRFLOW_CTX_DAG_RUN_ID=scheduled__2023-07-25T11:20:00+00:00
[2023-07-25 20:38:17,920] {taskinstance.py:1909} ERROR - Task failed with exception
Traceback (most recent call last):
  File "/home/airflow/.local/lib/python3.7/site-packages/airflow/operators/python.py", line 171, in execute
    return_value = self.execute_callable()
  File "/home/airflow/.local/lib/python3.7/site-packages/airflow/operators/python.py", line 189, in execute_callable
    return self.python_callable(*self.op_args, **self.op_kwargs)
  File "/opt/airflow/dags/my_calc_rates.py", line 69, in fetch_exchange_rates
    load_to_postgres = PostgresOperator(
NameError: name 'PostgresOperator' is not defined
[2023-07-25 20:38:17,934] {taskinstance.py:1420} INFO - Marking task as FAILED. dag_id=fetch_exchange_rates_dag, task_id=fetch_exchange_rates_task, execution_date=20230725T112000, start_date=20230725T203815, end_date=20230725T203817
[2023-07-25 20:38:17,944] {standard_task_runner.py:97} ERROR - Failed to execute job 165 for task fetch_exchange_rates_task (name 'PostgresOperator' is not defined; 9170)
[2023-07-25 20:38:17,973] {local_task_job.py:156} INFO - Task exited with return code 1
[2023-07-25 20:38:18,003] {local_task_job.py:273} INFO - 0 downstream tasks scheduled from follow-on schedule check
[2023-07-26 05:05:01,913] {taskinstance.py:1179} INFO - Dependencies all met for <TaskInstance: fetch_exchange_rates_dag.fetch_exchange_rates_task scheduled__2023-07-25T11:20:00+00:00 [queued]>
[2023-07-26 05:05:01,953] {taskinstance.py:1179} INFO - Dependencies all met for <TaskInstance: fetch_exchange_rates_dag.fetch_exchange_rates_task scheduled__2023-07-25T11:20:00+00:00 [queued]>
[2023-07-26 05:05:01,954] {taskinstance.py:1376} INFO - 
--------------------------------------------------------------------------------
[2023-07-26 05:05:01,955] {taskinstance.py:1377} INFO - Starting attempt 1 of 1
[2023-07-26 05:05:01,956] {taskinstance.py:1378} INFO - 
--------------------------------------------------------------------------------
[2023-07-26 05:05:01,986] {taskinstance.py:1397} INFO - Executing <Task(PythonOperator): fetch_exchange_rates_task> on 2023-07-25 11:20:00+00:00
[2023-07-26 05:05:01,994] {standard_task_runner.py:52} INFO - Started process 963 to run task
[2023-07-26 05:05:02,017] {standard_task_runner.py:79} INFO - Running: ['***', 'tasks', 'run', 'fetch_exchange_rates_dag', 'fetch_exchange_rates_task', 'scheduled__2023-07-25T11:20:00+00:00', '--job-id', '226', '--raw', '--subdir', 'DAGS_FOLDER/my_calc_rates.py', '--cfg-path', '/tmp/tmpp73w1870', '--error-file', '/tmp/tmp_tice20r']
[2023-07-26 05:05:02,030] {standard_task_runner.py:80} INFO - Job 226: Subtask fetch_exchange_rates_task
[2023-07-26 05:05:02,245] {task_command.py:371} INFO - Running <TaskInstance: fetch_exchange_rates_dag.fetch_exchange_rates_task scheduled__2023-07-25T11:20:00+00:00 [running]> on host acb6bca32630
[2023-07-26 05:05:02,584] {taskinstance.py:1591} INFO - Exporting the following env vars:
AIRFLOW_CTX_DAG_OWNER=marina_z
AIRFLOW_CTX_DAG_ID=fetch_exchange_rates_dag
AIRFLOW_CTX_TASK_ID=fetch_exchange_rates_task
AIRFLOW_CTX_EXECUTION_DATE=2023-07-25T11:20:00+00:00
AIRFLOW_CTX_TRY_NUMBER=1
AIRFLOW_CTX_DAG_RUN_ID=scheduled__2023-07-25T11:20:00+00:00
[2023-07-26 05:05:02,963] {logging_mixin.py:115} INFO - Save a new file exchange_latest_BTC.csv
[2023-07-26 05:05:02,966] {logging_mixin.py:115} INFO - Create a new table exchange_latest_BTC
[2023-07-26 05:05:02,976] {logging_mixin.py:115} INFO - Insert into table exchange_latest_BTC
[2023-07-26 05:05:03,321] {logging_mixin.py:115} INFO - Save a new file exchange_latest_EUR.csv
[2023-07-26 05:05:03,322] {logging_mixin.py:115} INFO - Create a new table exchange_latest_EUR
[2023-07-26 05:05:03,328] {logging_mixin.py:115} INFO - Insert into table exchange_latest_EUR
[2023-07-26 05:05:03,719] {logging_mixin.py:115} INFO - Save a new file exchange_latest_GBR.csv
[2023-07-26 05:05:03,723] {logging_mixin.py:115} INFO - Create a new table exchange_latest_GBR
[2023-07-26 05:05:03,732] {logging_mixin.py:115} INFO - Insert into table exchange_latest_GBR
[2023-07-26 05:05:04,049] {logging_mixin.py:115} INFO - Save a new file exchange_latest_JPY.csv
[2023-07-26 05:05:04,049] {logging_mixin.py:115} INFO - Create a new table exchange_latest_JPY
[2023-07-26 05:05:04,055] {logging_mixin.py:115} INFO - Insert into table exchange_latest_JPY
[2023-07-26 05:05:04,382] {logging_mixin.py:115} INFO - Save a new file exchange_latest_CNY.csv
[2023-07-26 05:05:04,383] {logging_mixin.py:115} INFO - Create a new table exchange_latest_CNY
[2023-07-26 05:05:04,389] {logging_mixin.py:115} INFO - Insert into table exchange_latest_CNY
[2023-07-26 05:05:04,405] {python.py:173} INFO - Done. Returned value was: None
[2023-07-26 05:05:04,431] {taskinstance.py:1420} INFO - Marking task as SUCCESS. dag_id=fetch_exchange_rates_dag, task_id=fetch_exchange_rates_task, execution_date=20230725T112000, start_date=20230726T050501, end_date=20230726T050504
[2023-07-26 05:05:04,493] {local_task_job.py:156} INFO - Task exited with return code 0
[2023-07-26 05:05:04,585] {local_task_job.py:273} INFO - 1 downstream tasks scheduled from follow-on schedule check
