[2023-07-25 19:44:40,539] {taskinstance.py:1179} INFO - Dependencies all met for <TaskInstance: fetch_exchange_rates_dag.fetch_exchange_rates_task manual__2023-07-25T19:44:39.715209+00:00 [queued]>
[2023-07-25 19:44:40,554] {taskinstance.py:1179} INFO - Dependencies all met for <TaskInstance: fetch_exchange_rates_dag.fetch_exchange_rates_task manual__2023-07-25T19:44:39.715209+00:00 [queued]>
[2023-07-25 19:44:40,555] {taskinstance.py:1376} INFO - 
--------------------------------------------------------------------------------
[2023-07-25 19:44:40,556] {taskinstance.py:1377} INFO - Starting attempt 1 of 1
[2023-07-25 19:44:40,557] {taskinstance.py:1378} INFO - 
--------------------------------------------------------------------------------
[2023-07-25 19:44:40,576] {taskinstance.py:1397} INFO - Executing <Task(PythonOperator): fetch_exchange_rates_task> on 2023-07-25 19:44:39.715209+00:00
[2023-07-25 19:44:40,581] {standard_task_runner.py:52} INFO - Started process 6228 to run task
[2023-07-25 19:44:40,584] {standard_task_runner.py:79} INFO - Running: ['***', 'tasks', 'run', 'fetch_exchange_rates_dag', 'fetch_exchange_rates_task', 'manual__2023-07-25T19:44:39.715209+00:00', '--job-id', '49', '--raw', '--subdir', 'DAGS_FOLDER/my_calc_rates.py', '--cfg-path', '/tmp/tmplk4zoz0r', '--error-file', '/tmp/tmpqh9gvdv6']
[2023-07-25 19:44:40,585] {standard_task_runner.py:80} INFO - Job 49: Subtask fetch_exchange_rates_task
[2023-07-25 19:44:40,670] {task_command.py:371} INFO - Running <TaskInstance: fetch_exchange_rates_dag.fetch_exchange_rates_task manual__2023-07-25T19:44:39.715209+00:00 [running]> on host 661c8d62a693
[2023-07-25 19:44:40,757] {taskinstance.py:1591} INFO - Exporting the following env vars:
AIRFLOW_CTX_DAG_OWNER=***
AIRFLOW_CTX_DAG_ID=fetch_exchange_rates_dag
AIRFLOW_CTX_TASK_ID=fetch_exchange_rates_task
AIRFLOW_CTX_EXECUTION_DATE=2023-07-25T19:44:39.715209+00:00
AIRFLOW_CTX_TRY_NUMBER=1
AIRFLOW_CTX_DAG_RUN_ID=manual__2023-07-25T19:44:39.715209+00:00
[2023-07-25 19:44:42,829] {python.py:173} INFO - Done. Returned value was: None
[2023-07-25 19:44:42,848] {taskinstance.py:1420} INFO - Marking task as SUCCESS. dag_id=fetch_exchange_rates_dag, task_id=fetch_exchange_rates_task, execution_date=20230725T194439, start_date=20230725T194440, end_date=20230725T194442
[2023-07-25 19:44:42,890] {local_task_job.py:156} INFO - Task exited with return code 0
[2023-07-25 19:44:42,922] {local_task_job.py:273} INFO - 0 downstream tasks scheduled from follow-on schedule check
