[2023-07-26 00:45:02,494] {taskinstance.py:1179} INFO - Dependencies all met for <TaskInstance: calc-rates.import_rates scheduled__2023-07-26T00:40:00+00:00 [queued]>
[2023-07-26 00:45:02,514] {taskinstance.py:1179} INFO - Dependencies all met for <TaskInstance: calc-rates.import_rates scheduled__2023-07-26T00:40:00+00:00 [queued]>
[2023-07-26 00:45:02,515] {taskinstance.py:1376} INFO - 
--------------------------------------------------------------------------------
[2023-07-26 00:45:02,516] {taskinstance.py:1377} INFO - Starting attempt 1 of 1
[2023-07-26 00:45:02,517] {taskinstance.py:1378} INFO - 
--------------------------------------------------------------------------------
[2023-07-26 00:45:02,545] {taskinstance.py:1397} INFO - Executing <Task(PythonOperator): import_rates> on 2023-07-26 00:40:00+00:00
[2023-07-26 00:45:02,560] {standard_task_runner.py:52} INFO - Started process 3409 to run task
[2023-07-26 00:45:02,572] {standard_task_runner.py:79} INFO - Running: ['***', 'tasks', 'run', 'calc-rates', 'import_rates', 'scheduled__2023-07-26T00:40:00+00:00', '--job-id', '396', '--raw', '--subdir', 'DAGS_FOLDER/calc_rates.py', '--cfg-path', '/tmp/tmp4_2tcw57', '--error-file', '/tmp/tmpshe3oh0f']
[2023-07-26 00:45:02,574] {standard_task_runner.py:80} INFO - Job 396: Subtask import_rates
[2023-07-26 00:45:02,744] {task_command.py:371} INFO - Running <TaskInstance: calc-rates.import_rates scheduled__2023-07-26T00:40:00+00:00 [running]> on host 661c8d62a693
[2023-07-26 00:45:02,866] {taskinstance.py:1591} INFO - Exporting the following env vars:
AIRFLOW_CTX_DAG_OWNER=marina_z
AIRFLOW_CTX_DAG_ID=calc-rates
AIRFLOW_CTX_TASK_ID=import_rates
AIRFLOW_CTX_EXECUTION_DATE=2023-07-26T00:40:00+00:00
AIRFLOW_CTX_TRY_NUMBER=1
AIRFLOW_CTX_DAG_RUN_ID=scheduled__2023-07-26T00:40:00+00:00
[2023-07-26 00:45:03,267] {python.py:173} INFO - Done. Returned value was: None
[2023-07-26 00:45:03,311] {taskinstance.py:1420} INFO - Marking task as SUCCESS. dag_id=calc-rates, task_id=import_rates, execution_date=20230726T004000, start_date=20230726T004502, end_date=20230726T004503
[2023-07-26 00:45:03,374] {local_task_job.py:156} INFO - Task exited with return code 0
[2023-07-26 00:45:03,500] {local_task_job.py:273} INFO - 1 downstream tasks scheduled from follow-on schedule check
