[2023-07-26 23:53:49,676] {taskinstance.py:1179} INFO - Dependencies all met for <TaskInstance: fetch_exchange_rates_dag.bash_task scheduled__2023-07-25T00:20:00+00:00 [queued]>
[2023-07-26 23:53:49,769] {taskinstance.py:1179} INFO - Dependencies all met for <TaskInstance: fetch_exchange_rates_dag.bash_task scheduled__2023-07-25T00:20:00+00:00 [queued]>
[2023-07-26 23:53:49,770] {taskinstance.py:1376} INFO - 
--------------------------------------------------------------------------------
[2023-07-26 23:53:49,770] {taskinstance.py:1377} INFO - Starting attempt 1 of 1
[2023-07-26 23:53:49,771] {taskinstance.py:1378} INFO - 
--------------------------------------------------------------------------------
[2023-07-26 23:53:49,853] {taskinstance.py:1397} INFO - Executing <Task(BashOperator): bash_task> on 2023-07-25 00:20:00+00:00
[2023-07-26 23:53:49,866] {standard_task_runner.py:52} INFO - Started process 328 to run task
[2023-07-26 23:53:49,877] {standard_task_runner.py:79} INFO - Running: ['***', 'tasks', 'run', 'fetch_exchange_rates_dag', 'bash_task', 'scheduled__2023-07-25T00:20:00+00:00', '--job-id', '17', '--raw', '--subdir', 'DAGS_FOLDER/my_calc_rates.py', '--cfg-path', '/tmp/tmpd_ksttco', '--error-file', '/tmp/tmp16qa_z5a']
[2023-07-26 23:53:49,884] {standard_task_runner.py:80} INFO - Job 17: Subtask bash_task
[2023-07-26 23:53:50,362] {task_command.py:371} INFO - Running <TaskInstance: fetch_exchange_rates_dag.bash_task scheduled__2023-07-25T00:20:00+00:00 [running]> on host 43d0198bb36a
[2023-07-26 23:53:50,813] {taskinstance.py:1591} INFO - Exporting the following env vars:
AIRFLOW_CTX_DAG_OWNER=***
AIRFLOW_CTX_DAG_ID=fetch_exchange_rates_dag
AIRFLOW_CTX_TASK_ID=bash_task
AIRFLOW_CTX_EXECUTION_DATE=2023-07-25T00:20:00+00:00
AIRFLOW_CTX_TRY_NUMBER=1
AIRFLOW_CTX_DAG_RUN_ID=scheduled__2023-07-25T00:20:00+00:00
[2023-07-26 23:53:50,819] {subprocess.py:62} INFO - Tmp dir root location: 
 /tmp
[2023-07-26 23:53:50,823] {subprocess.py:74} INFO - Running command: ['bash', '-c', 'echo "Good morning my diggers!"']
[2023-07-26 23:53:50,868] {subprocess.py:85} INFO - Output:
[2023-07-26 23:53:50,875] {subprocess.py:92} INFO - Good morning my diggers!
[2023-07-26 23:53:50,886] {subprocess.py:96} INFO - Command exited with return code 0
[2023-07-26 23:53:51,029] {taskinstance.py:1420} INFO - Marking task as SUCCESS. dag_id=fetch_exchange_rates_dag, task_id=bash_task, execution_date=20230725T002000, start_date=20230726T235349, end_date=20230726T235351
[2023-07-26 23:53:51,122] {local_task_job.py:156} INFO - Task exited with return code 0
[2023-07-26 23:53:51,289] {local_task_job.py:273} INFO - 1 downstream tasks scheduled from follow-on schedule check
