[2023-07-26 04:18:24,002] {taskinstance.py:1179} INFO - Dependencies all met for <TaskInstance: fetch_exchange_rates_dag.create_total_exchange_rates_table scheduled__2023-07-26T01:50:00+00:00 [queued]>
[2023-07-26 04:18:24,024] {taskinstance.py:1179} INFO - Dependencies all met for <TaskInstance: fetch_exchange_rates_dag.create_total_exchange_rates_table scheduled__2023-07-26T01:50:00+00:00 [queued]>
[2023-07-26 04:18:24,029] {taskinstance.py:1376} INFO - 
--------------------------------------------------------------------------------
[2023-07-26 04:18:24,030] {taskinstance.py:1377} INFO - Starting attempt 1 of 1
[2023-07-26 04:18:24,032] {taskinstance.py:1378} INFO - 
--------------------------------------------------------------------------------
[2023-07-26 04:18:24,111] {taskinstance.py:1397} INFO - Executing <Task(PythonOperator): create_total_exchange_rates_table> on 2023-07-26 01:50:00+00:00
[2023-07-26 04:18:24,156] {standard_task_runner.py:52} INFO - Started process 7105 to run task
[2023-07-26 04:18:24,167] {standard_task_runner.py:79} INFO - Running: ['***', 'tasks', 'run', 'fetch_exchange_rates_dag', 'create_total_exchange_rates_table', 'scheduled__2023-07-26T01:50:00+00:00', '--job-id', '70', '--raw', '--subdir', 'DAGS_FOLDER/my_calc_rates.py', '--cfg-path', '/tmp/tmpfrorbast', '--error-file', '/tmp/tmp0e9vg2yz']
[2023-07-26 04:18:24,182] {standard_task_runner.py:80} INFO - Job 70: Subtask create_total_exchange_rates_table
[2023-07-26 04:18:24,479] {task_command.py:371} INFO - Running <TaskInstance: fetch_exchange_rates_dag.create_total_exchange_rates_table scheduled__2023-07-26T01:50:00+00:00 [running]> on host 6e11a261c833
[2023-07-26 04:18:24,804] {taskinstance.py:1591} INFO - Exporting the following env vars:
AIRFLOW_CTX_DAG_OWNER=marina_z
AIRFLOW_CTX_DAG_ID=fetch_exchange_rates_dag
AIRFLOW_CTX_TASK_ID=create_total_exchange_rates_table
AIRFLOW_CTX_EXECUTION_DATE=2023-07-26T01:50:00+00:00
AIRFLOW_CTX_TRY_NUMBER=1
AIRFLOW_CTX_DAG_RUN_ID=scheduled__2023-07-26T01:50:00+00:00
[2023-07-26 04:18:24,809] {logging_mixin.py:115} INFO - The table total_exchange_rates is created and saved
[2023-07-26 04:18:24,844] {python.py:173} INFO - Done. Returned value was: None
[2023-07-26 04:18:24,880] {taskinstance.py:1420} INFO - Marking task as SUCCESS. dag_id=fetch_exchange_rates_dag, task_id=create_total_exchange_rates_table, execution_date=20230726T015000, start_date=20230726T041824, end_date=20230726T041824
[2023-07-26 04:18:25,068] {local_task_job.py:156} INFO - Task exited with return code 0
[2023-07-26 04:18:25,223] {local_task_job.py:273} INFO - 1 downstream tasks scheduled from follow-on schedule check
[2023-07-26 05:08:01,038] {taskinstance.py:1179} INFO - Dependencies all met for <TaskInstance: fetch_exchange_rates_dag.create_total_exchange_rates_table scheduled__2023-07-26T01:50:00+00:00 [queued]>
[2023-07-26 05:08:01,074] {taskinstance.py:1179} INFO - Dependencies all met for <TaskInstance: fetch_exchange_rates_dag.create_total_exchange_rates_table scheduled__2023-07-26T01:50:00+00:00 [queued]>
[2023-07-26 05:08:01,075] {taskinstance.py:1376} INFO - 
--------------------------------------------------------------------------------
[2023-07-26 05:08:01,076] {taskinstance.py:1377} INFO - Starting attempt 1 of 1
[2023-07-26 05:08:01,077] {taskinstance.py:1378} INFO - 
--------------------------------------------------------------------------------
[2023-07-26 05:08:01,134] {taskinstance.py:1397} INFO - Executing <Task(PythonOperator): create_total_exchange_rates_table> on 2023-07-26 01:50:00+00:00
[2023-07-26 05:08:01,146] {standard_task_runner.py:52} INFO - Started process 2206 to run task
[2023-07-26 05:08:01,154] {standard_task_runner.py:79} INFO - Running: ['***', 'tasks', 'run', 'fetch_exchange_rates_dag', 'create_total_exchange_rates_table', 'scheduled__2023-07-26T01:50:00+00:00', '--job-id', '575', '--raw', '--subdir', 'DAGS_FOLDER/my_calc_rates.py', '--cfg-path', '/tmp/tmp6zalnwcu', '--error-file', '/tmp/tmpe6ts28w1']
[2023-07-26 05:08:01,157] {standard_task_runner.py:80} INFO - Job 575: Subtask create_total_exchange_rates_table
[2023-07-26 05:08:01,335] {task_command.py:371} INFO - Running <TaskInstance: fetch_exchange_rates_dag.create_total_exchange_rates_table scheduled__2023-07-26T01:50:00+00:00 [running]> on host acb6bca32630
[2023-07-26 05:08:01,583] {taskinstance.py:1591} INFO - Exporting the following env vars:
AIRFLOW_CTX_DAG_OWNER=marina_z
AIRFLOW_CTX_DAG_ID=fetch_exchange_rates_dag
AIRFLOW_CTX_TASK_ID=create_total_exchange_rates_table
AIRFLOW_CTX_EXECUTION_DATE=2023-07-26T01:50:00+00:00
AIRFLOW_CTX_TRY_NUMBER=1
AIRFLOW_CTX_DAG_RUN_ID=scheduled__2023-07-26T01:50:00+00:00
[2023-07-26 05:08:01,585] {logging_mixin.py:115} INFO - The table total_exchange_rates is created and saved
[2023-07-26 05:08:01,616] {python.py:173} INFO - Done. Returned value was: None
[2023-07-26 05:08:01,649] {taskinstance.py:1420} INFO - Marking task as SUCCESS. dag_id=fetch_exchange_rates_dag, task_id=create_total_exchange_rates_table, execution_date=20230726T015000, start_date=20230726T050801, end_date=20230726T050801
[2023-07-26 05:08:01,703] {local_task_job.py:156} INFO - Task exited with return code 0
[2023-07-26 05:08:01,812] {local_task_job.py:273} INFO - 1 downstream tasks scheduled from follow-on schedule check
