[2023-07-25 18:59:34,902] {taskinstance.py:1179} INFO - Dependencies all met for <TaskInstance: calc-rates.insert_data manual__2023-07-25T18:59:31.270662+00:00 [queued]>
[2023-07-25 18:59:34,912] {taskinstance.py:1179} INFO - Dependencies all met for <TaskInstance: calc-rates.insert_data manual__2023-07-25T18:59:31.270662+00:00 [queued]>
[2023-07-25 18:59:34,913] {taskinstance.py:1376} INFO - 
--------------------------------------------------------------------------------
[2023-07-25 18:59:34,914] {taskinstance.py:1377} INFO - Starting attempt 1 of 1
[2023-07-25 18:59:34,915] {taskinstance.py:1378} INFO - 
--------------------------------------------------------------------------------
[2023-07-25 18:59:34,928] {taskinstance.py:1397} INFO - Executing <Task(PythonOperator): insert_data> on 2023-07-25 18:59:31.270662+00:00
[2023-07-25 18:59:34,933] {standard_task_runner.py:52} INFO - Started process 3929 to run task
[2023-07-25 18:59:34,936] {standard_task_runner.py:79} INFO - Running: ['***', 'tasks', 'run', 'calc-rates', 'insert_data', 'manual__2023-07-25T18:59:31.270662+00:00', '--job-id', '8', '--raw', '--subdir', 'DAGS_FOLDER/calc_rates.py', '--cfg-path', '/tmp/tmpge5i5r9t', '--error-file', '/tmp/tmpfd2we0ui']
[2023-07-25 18:59:34,937] {standard_task_runner.py:80} INFO - Job 8: Subtask insert_data
[2023-07-25 18:59:34,995] {task_command.py:371} INFO - Running <TaskInstance: calc-rates.insert_data manual__2023-07-25T18:59:31.270662+00:00 [running]> on host 661c8d62a693
[2023-07-25 18:59:35,044] {taskinstance.py:1591} INFO - Exporting the following env vars:
AIRFLOW_CTX_DAG_OWNER=***
AIRFLOW_CTX_DAG_ID=calc-rates
AIRFLOW_CTX_TASK_ID=insert_data
AIRFLOW_CTX_EXECUTION_DATE=2023-07-25T18:59:31.270662+00:00
AIRFLOW_CTX_TRY_NUMBER=1
AIRFLOW_CTX_DAG_RUN_ID=manual__2023-07-25T18:59:31.270662+00:00
[2023-07-25 18:59:35,054] {logging_mixin.py:115} INFO - rate_date:  2023-07-25
[2023-07-25 18:59:35,055] {logging_mixin.py:115} INFO - value_:  29150.94736800000100
[2023-07-25 18:59:35,062] {base.py:68} INFO - Using connection ID 'my_db_conn' for task execution.
[2023-07-25 18:59:35,082] {taskinstance.py:1909} ERROR - Task failed with exception
Traceback (most recent call last):
  File "/home/airflow/.local/lib/python3.7/site-packages/airflow/operators/python.py", line 171, in execute
    return_value = self.execute_callable()
  File "/home/airflow/.local/lib/python3.7/site-packages/airflow/operators/python.py", line 189, in execute_callable
    return self.python_callable(*self.op_args, **self.op_kwargs)
  File "/opt/airflow/dags/calc_rates.py", line 93, in insert_data
    cursor.execute(f"INSERT INTO {dag_variables.get('table_name')} (ingest_datetime, rate_date, rate_base, rate_target, value_ ) valueS('{ingest_datetime}','{results['rate_date']}', '{dag_variables.get('rate_base')}', '{dag_variables.get('rate_target')}', '{results['value_']}');")
psycopg2.errors.UndefinedTable: relation "rates" does not exist
LINE 1: INSERT INTO rates (ingest_datetime, rate_date, rate_base, ra...
                    ^

[2023-07-25 18:59:35,090] {taskinstance.py:1420} INFO - Marking task as FAILED. dag_id=calc-rates, task_id=insert_data, execution_date=20230725T185931, start_date=20230725T185934, end_date=20230725T185935
[2023-07-25 18:59:35,100] {standard_task_runner.py:97} ERROR - Failed to execute job 8 for task insert_data (relation "rates" does not exist
LINE 1: INSERT INTO rates (ingest_datetime, rate_date, rate_base, ra...
                    ^
; 3929)
[2023-07-25 18:59:35,108] {local_task_job.py:156} INFO - Task exited with return code 1
[2023-07-25 18:59:35,143] {local_task_job.py:273} INFO - 0 downstream tasks scheduled from follow-on schedule check
