[2023-07-26 03:54:00,608] {taskinstance.py:1179} INFO - Dependencies all met for <TaskInstance: fetch_exchange_rates_dag.bash_task manual__2023-07-26T03:53:59.319594+00:00 [queued]>
[2023-07-26 03:54:00,615] {taskinstance.py:1179} INFO - Dependencies all met for <TaskInstance: fetch_exchange_rates_dag.bash_task manual__2023-07-26T03:53:59.319594+00:00 [queued]>
[2023-07-26 03:54:00,616] {taskinstance.py:1376} INFO - 
--------------------------------------------------------------------------------
[2023-07-26 03:54:00,617] {taskinstance.py:1377} INFO - Starting attempt 1 of 1
[2023-07-26 03:54:00,617] {taskinstance.py:1378} INFO - 
--------------------------------------------------------------------------------
[2023-07-26 03:54:00,627] {taskinstance.py:1397} INFO - Executing <Task(BashOperator): bash_task> on 2023-07-26 03:53:59.319594+00:00
[2023-07-26 03:54:00,633] {standard_task_runner.py:52} INFO - Started process 5728 to run task
[2023-07-26 03:54:00,636] {standard_task_runner.py:79} INFO - Running: ['***', 'tasks', 'run', 'fetch_exchange_rates_dag', 'bash_task', 'manual__2023-07-26T03:53:59.319594+00:00', '--job-id', '21', '--raw', '--subdir', 'DAGS_FOLDER/my_calc_rates.py', '--cfg-path', '/tmp/tmpijskiio_', '--error-file', '/tmp/tmpxyuagnjw']
[2023-07-26 03:54:00,637] {standard_task_runner.py:80} INFO - Job 21: Subtask bash_task
[2023-07-26 03:54:00,695] {task_command.py:371} INFO - Running <TaskInstance: fetch_exchange_rates_dag.bash_task manual__2023-07-26T03:53:59.319594+00:00 [running]> on host 6e11a261c833
[2023-07-26 03:54:00,752] {taskinstance.py:1591} INFO - Exporting the following env vars:
AIRFLOW_CTX_DAG_OWNER=***
AIRFLOW_CTX_DAG_ID=fetch_exchange_rates_dag
AIRFLOW_CTX_TASK_ID=bash_task
AIRFLOW_CTX_EXECUTION_DATE=2023-07-26T03:53:59.319594+00:00
AIRFLOW_CTX_TRY_NUMBER=1
AIRFLOW_CTX_DAG_RUN_ID=manual__2023-07-26T03:53:59.319594+00:00
[2023-07-26 03:54:00,754] {subprocess.py:62} INFO - Tmp dir root location: 
 /tmp
[2023-07-26 03:54:00,755] {subprocess.py:74} INFO - Running command: ['bash', '-c', 'echo "Good morning my diggers!"']
[2023-07-26 03:54:00,764] {subprocess.py:85} INFO - Output:
[2023-07-26 03:54:00,766] {subprocess.py:92} INFO - Good morning my diggers!
[2023-07-26 03:54:00,767] {subprocess.py:96} INFO - Command exited with return code 0
[2023-07-26 03:54:00,791] {taskinstance.py:1420} INFO - Marking task as SUCCESS. dag_id=fetch_exchange_rates_dag, task_id=bash_task, execution_date=20230726T035359, start_date=20230726T035400, end_date=20230726T035400
[2023-07-26 03:54:00,808] {local_task_job.py:156} INFO - Task exited with return code 0
[2023-07-26 03:54:00,839] {local_task_job.py:273} INFO - 1 downstream tasks scheduled from follow-on schedule check
