[2023-07-26 04:18:25,211] {taskinstance.py:1179} INFO - Dependencies all met for <TaskInstance: fetch_exchange_rates_dag.print_csv_table scheduled__2023-07-26T01:00:00+00:00 [queued]>
[2023-07-26 04:18:25,275] {taskinstance.py:1179} INFO - Dependencies all met for <TaskInstance: fetch_exchange_rates_dag.print_csv_table scheduled__2023-07-26T01:00:00+00:00 [queued]>
[2023-07-26 04:18:25,277] {taskinstance.py:1376} INFO - 
--------------------------------------------------------------------------------
[2023-07-26 04:18:25,277] {taskinstance.py:1377} INFO - Starting attempt 1 of 1
[2023-07-26 04:18:25,283] {taskinstance.py:1378} INFO - 
--------------------------------------------------------------------------------
[2023-07-26 04:18:25,409] {taskinstance.py:1397} INFO - Executing <Task(PythonOperator): print_csv_table> on 2023-07-26 01:00:00+00:00
[2023-07-26 04:18:25,451] {standard_task_runner.py:52} INFO - Started process 7113 to run task
[2023-07-26 04:18:25,463] {standard_task_runner.py:79} INFO - Running: ['***', 'tasks', 'run', 'fetch_exchange_rates_dag', 'print_csv_table', 'scheduled__2023-07-26T01:00:00+00:00', '--job-id', '74', '--raw', '--subdir', 'DAGS_FOLDER/my_calc_rates.py', '--cfg-path', '/tmp/tmp9c17_has', '--error-file', '/tmp/tmp67397ubn']
[2023-07-26 04:18:25,468] {standard_task_runner.py:80} INFO - Job 74: Subtask print_csv_table
[2023-07-26 04:18:25,827] {task_command.py:371} INFO - Running <TaskInstance: fetch_exchange_rates_dag.print_csv_table scheduled__2023-07-26T01:00:00+00:00 [running]> on host 6e11a261c833
[2023-07-26 04:18:26,076] {taskinstance.py:1591} INFO - Exporting the following env vars:
AIRFLOW_CTX_DAG_OWNER=marina_z
AIRFLOW_CTX_DAG_ID=fetch_exchange_rates_dag
AIRFLOW_CTX_TASK_ID=print_csv_table
AIRFLOW_CTX_EXECUTION_DATE=2023-07-26T01:00:00+00:00
AIRFLOW_CTX_TRY_NUMBER=1
AIRFLOW_CTX_DAG_RUN_ID=scheduled__2023-07-26T01:00:00+00:00
[2023-07-26 04:18:26,172] {logging_mixin.py:115} INFO -   exchange_id  exchange_rate base_exchange        date
0         RUB   2.622164e+06           BTC  2023-07-26
1         RUB   9.960367e+01           EUR  2023-07-26
2         RUB   9.964221e+01           EUR  2023-07-26
3         RUB   6.397940e-01           JPY  2023-07-26
4         RUB   1.263880e+01           CNY  2023-07-26
[2023-07-26 04:18:26,178] {python.py:173} INFO - Done. Returned value was: None
[2023-07-26 04:18:26,232] {taskinstance.py:1420} INFO - Marking task as SUCCESS. dag_id=fetch_exchange_rates_dag, task_id=print_csv_table, execution_date=20230726T010000, start_date=20230726T041825, end_date=20230726T041826
[2023-07-26 04:18:26,333] {local_task_job.py:156} INFO - Task exited with return code 0
[2023-07-26 04:18:26,433] {local_task_job.py:273} INFO - 0 downstream tasks scheduled from follow-on schedule check
