[2023-07-26 00:40:02,026] {taskinstance.py:1179} INFO - Dependencies all met for <TaskInstance: calc-rates.import_rates scheduled__2023-07-26T00:35:00+00:00 [queued]>
[2023-07-26 00:40:02,039] {taskinstance.py:1179} INFO - Dependencies all met for <TaskInstance: calc-rates.import_rates scheduled__2023-07-26T00:35:00+00:00 [queued]>
[2023-07-26 00:40:02,040] {taskinstance.py:1376} INFO - 
--------------------------------------------------------------------------------
[2023-07-26 00:40:02,041] {taskinstance.py:1377} INFO - Starting attempt 1 of 1
[2023-07-26 00:40:02,042] {taskinstance.py:1378} INFO - 
--------------------------------------------------------------------------------
[2023-07-26 00:40:02,057] {taskinstance.py:1397} INFO - Executing <Task(PythonOperator): import_rates> on 2023-07-26 00:35:00+00:00
[2023-07-26 00:40:02,062] {standard_task_runner.py:52} INFO - Started process 3184 to run task
[2023-07-26 00:40:02,065] {standard_task_runner.py:79} INFO - Running: ['***', 'tasks', 'run', 'calc-rates', 'import_rates', 'scheduled__2023-07-26T00:35:00+00:00', '--job-id', '393', '--raw', '--subdir', 'DAGS_FOLDER/calc_rates.py', '--cfg-path', '/tmp/tmp9nbrb7mn', '--error-file', '/tmp/tmpr4ktnzlw']
[2023-07-26 00:40:02,066] {standard_task_runner.py:80} INFO - Job 393: Subtask import_rates
[2023-07-26 00:40:02,134] {task_command.py:371} INFO - Running <TaskInstance: calc-rates.import_rates scheduled__2023-07-26T00:35:00+00:00 [running]> on host 661c8d62a693
[2023-07-26 00:40:02,228] {taskinstance.py:1591} INFO - Exporting the following env vars:
AIRFLOW_CTX_DAG_OWNER=marina_z
AIRFLOW_CTX_DAG_ID=calc-rates
AIRFLOW_CTX_TASK_ID=import_rates
AIRFLOW_CTX_EXECUTION_DATE=2023-07-26T00:35:00+00:00
AIRFLOW_CTX_TRY_NUMBER=1
AIRFLOW_CTX_DAG_RUN_ID=scheduled__2023-07-26T00:35:00+00:00
[2023-07-26 00:40:03,341] {python.py:173} INFO - Done. Returned value was: None
[2023-07-26 00:40:03,359] {taskinstance.py:1420} INFO - Marking task as SUCCESS. dag_id=calc-rates, task_id=import_rates, execution_date=20230726T003500, start_date=20230726T004002, end_date=20230726T004003
[2023-07-26 00:40:03,405] {local_task_job.py:156} INFO - Task exited with return code 0
[2023-07-26 00:40:03,453] {local_task_job.py:273} INFO - 1 downstream tasks scheduled from follow-on schedule check
