[2023-07-26 04:18:25,191] {taskinstance.py:1179} INFO - Dependencies all met for <TaskInstance: fetch_exchange_rates_dag.create_total_exchange_rates_table scheduled__2023-07-26T00:20:00+00:00 [queued]>
[2023-07-26 04:18:25,256] {taskinstance.py:1179} INFO - Dependencies all met for <TaskInstance: fetch_exchange_rates_dag.create_total_exchange_rates_table scheduled__2023-07-26T00:20:00+00:00 [queued]>
[2023-07-26 04:18:25,260] {taskinstance.py:1376} INFO - 
--------------------------------------------------------------------------------
[2023-07-26 04:18:25,262] {taskinstance.py:1377} INFO - Starting attempt 1 of 1
[2023-07-26 04:18:25,264] {taskinstance.py:1378} INFO - 
--------------------------------------------------------------------------------
[2023-07-26 04:18:25,358] {taskinstance.py:1397} INFO - Executing <Task(PythonOperator): create_total_exchange_rates_table> on 2023-07-26 00:20:00+00:00
[2023-07-26 04:18:25,428] {standard_task_runner.py:79} INFO - Running: ['***', 'tasks', 'run', 'fetch_exchange_rates_dag', 'create_total_exchange_rates_table', 'scheduled__2023-07-26T00:20:00+00:00', '--job-id', '75', '--raw', '--subdir', 'DAGS_FOLDER/my_calc_rates.py', '--cfg-path', '/tmp/tmpwbsw7fy6', '--error-file', '/tmp/tmpqukabpwl']
[2023-07-26 04:18:25,437] {standard_task_runner.py:52} INFO - Started process 7111 to run task
[2023-07-26 04:18:25,438] {standard_task_runner.py:80} INFO - Job 75: Subtask create_total_exchange_rates_table
[2023-07-26 04:18:25,689] {task_command.py:371} INFO - Running <TaskInstance: fetch_exchange_rates_dag.create_total_exchange_rates_table scheduled__2023-07-26T00:20:00+00:00 [running]> on host 6e11a261c833
[2023-07-26 04:18:25,973] {taskinstance.py:1591} INFO - Exporting the following env vars:
AIRFLOW_CTX_DAG_OWNER=marina_z
AIRFLOW_CTX_DAG_ID=fetch_exchange_rates_dag
AIRFLOW_CTX_TASK_ID=create_total_exchange_rates_table
AIRFLOW_CTX_EXECUTION_DATE=2023-07-26T00:20:00+00:00
AIRFLOW_CTX_TRY_NUMBER=1
AIRFLOW_CTX_DAG_RUN_ID=scheduled__2023-07-26T00:20:00+00:00
[2023-07-26 04:18:25,977] {logging_mixin.py:115} INFO - The table total_exchange_rates is created and saved
[2023-07-26 04:18:26,000] {python.py:173} INFO - Done. Returned value was: None
[2023-07-26 04:18:26,036] {taskinstance.py:1420} INFO - Marking task as SUCCESS. dag_id=fetch_exchange_rates_dag, task_id=create_total_exchange_rates_table, execution_date=20230726T002000, start_date=20230726T041825, end_date=20230726T041826
[2023-07-26 04:18:26,075] {local_task_job.py:156} INFO - Task exited with return code 0
[2023-07-26 04:18:26,203] {local_task_job.py:273} INFO - 1 downstream tasks scheduled from follow-on schedule check
[2023-07-26 05:07:50,244] {taskinstance.py:1179} INFO - Dependencies all met for <TaskInstance: fetch_exchange_rates_dag.create_total_exchange_rates_table scheduled__2023-07-26T00:20:00+00:00 [queued]>
[2023-07-26 05:07:50,306] {taskinstance.py:1179} INFO - Dependencies all met for <TaskInstance: fetch_exchange_rates_dag.create_total_exchange_rates_table scheduled__2023-07-26T00:20:00+00:00 [queued]>
[2023-07-26 05:07:50,324] {taskinstance.py:1376} INFO - 
--------------------------------------------------------------------------------
[2023-07-26 05:07:50,328] {taskinstance.py:1377} INFO - Starting attempt 1 of 1
[2023-07-26 05:07:50,348] {taskinstance.py:1378} INFO - 
--------------------------------------------------------------------------------
[2023-07-26 05:07:50,453] {taskinstance.py:1397} INFO - Executing <Task(PythonOperator): create_total_exchange_rates_table> on 2023-07-26 00:20:00+00:00
[2023-07-26 05:07:50,505] {standard_task_runner.py:52} INFO - Started process 2158 to run task
[2023-07-26 05:07:50,538] {standard_task_runner.py:79} INFO - Running: ['***', 'tasks', 'run', 'fetch_exchange_rates_dag', 'create_total_exchange_rates_table', 'scheduled__2023-07-26T00:20:00+00:00', '--job-id', '561', '--raw', '--subdir', 'DAGS_FOLDER/my_calc_rates.py', '--cfg-path', '/tmp/tmpqt3h8dms', '--error-file', '/tmp/tmp0mke82xc']
[2023-07-26 05:07:50,541] {standard_task_runner.py:80} INFO - Job 561: Subtask create_total_exchange_rates_table
[2023-07-26 05:07:51,200] {task_command.py:371} INFO - Running <TaskInstance: fetch_exchange_rates_dag.create_total_exchange_rates_table scheduled__2023-07-26T00:20:00+00:00 [running]> on host acb6bca32630
[2023-07-26 05:07:51,688] {taskinstance.py:1591} INFO - Exporting the following env vars:
AIRFLOW_CTX_DAG_OWNER=marina_z
AIRFLOW_CTX_DAG_ID=fetch_exchange_rates_dag
AIRFLOW_CTX_TASK_ID=create_total_exchange_rates_table
AIRFLOW_CTX_EXECUTION_DATE=2023-07-26T00:20:00+00:00
AIRFLOW_CTX_TRY_NUMBER=1
AIRFLOW_CTX_DAG_RUN_ID=scheduled__2023-07-26T00:20:00+00:00
[2023-07-26 05:07:51,708] {logging_mixin.py:115} INFO - The table total_exchange_rates is created and saved
[2023-07-26 05:07:51,947] {python.py:173} INFO - Done. Returned value was: None
[2023-07-26 05:07:52,228] {taskinstance.py:1420} INFO - Marking task as SUCCESS. dag_id=fetch_exchange_rates_dag, task_id=create_total_exchange_rates_table, execution_date=20230726T002000, start_date=20230726T050750, end_date=20230726T050752
[2023-07-26 05:07:52,501] {local_task_job.py:156} INFO - Task exited with return code 0
[2023-07-26 05:07:52,874] {local_task_job.py:273} INFO - 1 downstream tasks scheduled from follow-on schedule check
