[2023-07-25 20:34:50,682] {taskinstance.py:1179} INFO - Dependencies all met for <TaskInstance: fetch_exchange_rates_dag.fetch_exchange_rates_task scheduled__2023-07-25T03:20:00+00:00 [queued]>
[2023-07-25 20:34:50,704] {taskinstance.py:1179} INFO - Dependencies all met for <TaskInstance: fetch_exchange_rates_dag.fetch_exchange_rates_task scheduled__2023-07-25T03:20:00+00:00 [queued]>
[2023-07-25 20:34:50,705] {taskinstance.py:1376} INFO - 
--------------------------------------------------------------------------------
[2023-07-25 20:34:50,705] {taskinstance.py:1377} INFO - Starting attempt 1 of 1
[2023-07-25 20:34:50,706] {taskinstance.py:1378} INFO - 
--------------------------------------------------------------------------------
[2023-07-25 20:34:50,747] {taskinstance.py:1397} INFO - Executing <Task(PythonOperator): fetch_exchange_rates_task> on 2023-07-25 03:20:00+00:00
[2023-07-25 20:34:50,758] {standard_task_runner.py:52} INFO - Started process 8851 to run task
[2023-07-25 20:34:50,770] {standard_task_runner.py:79} INFO - Running: ['***', 'tasks', 'run', 'fetch_exchange_rates_dag', 'fetch_exchange_rates_task', 'scheduled__2023-07-25T03:20:00+00:00', '--job-id', '112', '--raw', '--subdir', 'DAGS_FOLDER/my_calc_rates.py', '--cfg-path', '/tmp/tmpf2jlw_16', '--error-file', '/tmp/tmpy6l90ie5']
[2023-07-25 20:34:50,781] {standard_task_runner.py:80} INFO - Job 112: Subtask fetch_exchange_rates_task
[2023-07-25 20:34:50,911] {task_command.py:371} INFO - Running <TaskInstance: fetch_exchange_rates_dag.fetch_exchange_rates_task scheduled__2023-07-25T03:20:00+00:00 [running]> on host 661c8d62a693
[2023-07-25 20:34:51,223] {taskinstance.py:1591} INFO - Exporting the following env vars:
AIRFLOW_CTX_DAG_OWNER=marina_z
AIRFLOW_CTX_DAG_ID=fetch_exchange_rates_dag
AIRFLOW_CTX_TASK_ID=fetch_exchange_rates_task
AIRFLOW_CTX_EXECUTION_DATE=2023-07-25T03:20:00+00:00
AIRFLOW_CTX_TRY_NUMBER=1
AIRFLOW_CTX_DAG_RUN_ID=scheduled__2023-07-25T03:20:00+00:00
[2023-07-25 20:34:53,094] {taskinstance.py:1909} ERROR - Task failed with exception
Traceback (most recent call last):
  File "/home/airflow/.local/lib/python3.7/site-packages/airflow/operators/python.py", line 171, in execute
    return_value = self.execute_callable()
  File "/home/airflow/.local/lib/python3.7/site-packages/airflow/operators/python.py", line 189, in execute_callable
    return self.python_callable(*self.op_args, **self.op_kwargs)
  File "/opt/airflow/dags/my_calc_rates.py", line 69, in fetch_exchange_rates
    load_to_postgres = PostgresOperator(
NameError: name 'PostgresOperator' is not defined
[2023-07-25 20:34:53,199] {taskinstance.py:1420} INFO - Marking task as FAILED. dag_id=fetch_exchange_rates_dag, task_id=fetch_exchange_rates_task, execution_date=20230725T032000, start_date=20230725T203450, end_date=20230725T203453
[2023-07-25 20:34:53,245] {standard_task_runner.py:97} ERROR - Failed to execute job 112 for task fetch_exchange_rates_task (name 'PostgresOperator' is not defined; 8851)
[2023-07-25 20:34:53,323] {local_task_job.py:156} INFO - Task exited with return code 1
[2023-07-25 20:34:53,417] {local_task_job.py:273} INFO - 0 downstream tasks scheduled from follow-on schedule check
[2023-07-26 05:03:46,879] {taskinstance.py:1179} INFO - Dependencies all met for <TaskInstance: fetch_exchange_rates_dag.fetch_exchange_rates_task scheduled__2023-07-25T03:20:00+00:00 [queued]>
[2023-07-26 05:03:46,983] {taskinstance.py:1179} INFO - Dependencies all met for <TaskInstance: fetch_exchange_rates_dag.fetch_exchange_rates_task scheduled__2023-07-25T03:20:00+00:00 [queued]>
[2023-07-26 05:03:46,985] {taskinstance.py:1376} INFO - 
--------------------------------------------------------------------------------
[2023-07-26 05:03:46,985] {taskinstance.py:1377} INFO - Starting attempt 1 of 1
[2023-07-26 05:03:46,986] {taskinstance.py:1378} INFO - 
--------------------------------------------------------------------------------
[2023-07-26 05:03:47,158] {taskinstance.py:1397} INFO - Executing <Task(PythonOperator): fetch_exchange_rates_task> on 2023-07-25 03:20:00+00:00
[2023-07-26 05:03:47,227] {standard_task_runner.py:52} INFO - Started process 416 to run task
[2023-07-26 05:03:47,300] {standard_task_runner.py:79} INFO - Running: ['***', 'tasks', 'run', 'fetch_exchange_rates_dag', 'fetch_exchange_rates_task', 'scheduled__2023-07-25T03:20:00+00:00', '--job-id', '72', '--raw', '--subdir', 'DAGS_FOLDER/my_calc_rates.py', '--cfg-path', '/tmp/tmpby2oqxif', '--error-file', '/tmp/tmpt7amanv9']
[2023-07-26 05:03:47,303] {standard_task_runner.py:80} INFO - Job 72: Subtask fetch_exchange_rates_task
[2023-07-26 05:03:47,691] {task_command.py:371} INFO - Running <TaskInstance: fetch_exchange_rates_dag.fetch_exchange_rates_task scheduled__2023-07-25T03:20:00+00:00 [running]> on host acb6bca32630
[2023-07-26 05:03:47,920] {taskinstance.py:1591} INFO - Exporting the following env vars:
AIRFLOW_CTX_DAG_OWNER=marina_z
AIRFLOW_CTX_DAG_ID=fetch_exchange_rates_dag
AIRFLOW_CTX_TASK_ID=fetch_exchange_rates_task
AIRFLOW_CTX_EXECUTION_DATE=2023-07-25T03:20:00+00:00
AIRFLOW_CTX_TRY_NUMBER=1
AIRFLOW_CTX_DAG_RUN_ID=scheduled__2023-07-25T03:20:00+00:00
[2023-07-26 05:03:48,331] {logging_mixin.py:115} INFO - Save a new file exchange_latest_BTC.csv
[2023-07-26 05:03:48,333] {logging_mixin.py:115} INFO - Create a new table exchange_latest_BTC
[2023-07-26 05:03:48,348] {logging_mixin.py:115} INFO - Insert into table exchange_latest_BTC
[2023-07-26 05:03:48,708] {logging_mixin.py:115} INFO - Save a new file exchange_latest_EUR.csv
[2023-07-26 05:03:48,709] {logging_mixin.py:115} INFO - Create a new table exchange_latest_EUR
[2023-07-26 05:03:48,715] {logging_mixin.py:115} INFO - Insert into table exchange_latest_EUR
[2023-07-26 05:03:49,106] {logging_mixin.py:115} INFO - Save a new file exchange_latest_GBR.csv
[2023-07-26 05:03:49,107] {logging_mixin.py:115} INFO - Create a new table exchange_latest_GBR
[2023-07-26 05:03:49,114] {logging_mixin.py:115} INFO - Insert into table exchange_latest_GBR
[2023-07-26 05:03:49,555] {logging_mixin.py:115} INFO - Save a new file exchange_latest_JPY.csv
[2023-07-26 05:03:49,556] {logging_mixin.py:115} INFO - Create a new table exchange_latest_JPY
[2023-07-26 05:03:49,562] {logging_mixin.py:115} INFO - Insert into table exchange_latest_JPY
[2023-07-26 05:03:50,004] {logging_mixin.py:115} INFO - Save a new file exchange_latest_CNY.csv
[2023-07-26 05:03:50,006] {logging_mixin.py:115} INFO - Create a new table exchange_latest_CNY
[2023-07-26 05:03:50,032] {logging_mixin.py:115} INFO - Insert into table exchange_latest_CNY
[2023-07-26 05:03:50,055] {python.py:173} INFO - Done. Returned value was: None
[2023-07-26 05:03:50,158] {taskinstance.py:1420} INFO - Marking task as SUCCESS. dag_id=fetch_exchange_rates_dag, task_id=fetch_exchange_rates_task, execution_date=20230725T032000, start_date=20230726T050346, end_date=20230726T050350
[2023-07-26 05:03:50,421] {local_task_job.py:156} INFO - Task exited with return code 0
[2023-07-26 05:03:50,578] {local_task_job.py:273} INFO - 1 downstream tasks scheduled from follow-on schedule check
