[2023-07-25 20:38:03,724] {taskinstance.py:1179} INFO - Dependencies all met for <TaskInstance: fetch_exchange_rates_dag.fetch_exchange_rates_task scheduled__2023-07-25T08:10:00+00:00 [queued]>
[2023-07-25 20:38:03,844] {taskinstance.py:1179} INFO - Dependencies all met for <TaskInstance: fetch_exchange_rates_dag.fetch_exchange_rates_task scheduled__2023-07-25T08:10:00+00:00 [queued]>
[2023-07-25 20:38:03,844] {taskinstance.py:1376} INFO - 
--------------------------------------------------------------------------------
[2023-07-25 20:38:03,847] {taskinstance.py:1377} INFO - Starting attempt 1 of 1
[2023-07-25 20:38:03,849] {taskinstance.py:1378} INFO - 
--------------------------------------------------------------------------------
[2023-07-25 20:38:03,918] {taskinstance.py:1397} INFO - Executing <Task(PythonOperator): fetch_exchange_rates_task> on 2023-07-25 08:10:00+00:00
[2023-07-25 20:38:03,942] {standard_task_runner.py:52} INFO - Started process 9106 to run task
[2023-07-25 20:38:03,951] {standard_task_runner.py:79} INFO - Running: ['***', 'tasks', 'run', 'fetch_exchange_rates_dag', 'fetch_exchange_rates_task', 'scheduled__2023-07-25T08:10:00+00:00', '--job-id', '147', '--raw', '--subdir', 'DAGS_FOLDER/my_calc_rates.py', '--cfg-path', '/tmp/tmpeh7ritzc', '--error-file', '/tmp/tmput0hi_i5']
[2023-07-25 20:38:03,958] {standard_task_runner.py:80} INFO - Job 147: Subtask fetch_exchange_rates_task
[2023-07-25 20:38:04,134] {task_command.py:371} INFO - Running <TaskInstance: fetch_exchange_rates_dag.fetch_exchange_rates_task scheduled__2023-07-25T08:10:00+00:00 [running]> on host 661c8d62a693
[2023-07-25 20:38:04,365] {taskinstance.py:1591} INFO - Exporting the following env vars:
AIRFLOW_CTX_DAG_OWNER=marina_z
AIRFLOW_CTX_DAG_ID=fetch_exchange_rates_dag
AIRFLOW_CTX_TASK_ID=fetch_exchange_rates_task
AIRFLOW_CTX_EXECUTION_DATE=2023-07-25T08:10:00+00:00
AIRFLOW_CTX_TRY_NUMBER=1
AIRFLOW_CTX_DAG_RUN_ID=scheduled__2023-07-25T08:10:00+00:00
[2023-07-25 20:38:06,032] {taskinstance.py:1909} ERROR - Task failed with exception
Traceback (most recent call last):
  File "/home/airflow/.local/lib/python3.7/site-packages/airflow/operators/python.py", line 171, in execute
    return_value = self.execute_callable()
  File "/home/airflow/.local/lib/python3.7/site-packages/airflow/operators/python.py", line 189, in execute_callable
    return self.python_callable(*self.op_args, **self.op_kwargs)
  File "/opt/airflow/dags/my_calc_rates.py", line 69, in fetch_exchange_rates
    load_to_postgres = PostgresOperator(
NameError: name 'PostgresOperator' is not defined
[2023-07-25 20:38:06,057] {taskinstance.py:1420} INFO - Marking task as FAILED. dag_id=fetch_exchange_rates_dag, task_id=fetch_exchange_rates_task, execution_date=20230725T081000, start_date=20230725T203803, end_date=20230725T203806
[2023-07-25 20:38:06,089] {standard_task_runner.py:97} ERROR - Failed to execute job 147 for task fetch_exchange_rates_task (name 'PostgresOperator' is not defined; 9106)
[2023-07-25 20:38:06,127] {local_task_job.py:156} INFO - Task exited with return code 1
[2023-07-25 20:38:06,174] {local_task_job.py:273} INFO - 0 downstream tasks scheduled from follow-on schedule check
[2023-07-26 05:04:38,313] {taskinstance.py:1179} INFO - Dependencies all met for <TaskInstance: fetch_exchange_rates_dag.fetch_exchange_rates_task scheduled__2023-07-25T08:10:00+00:00 [queued]>
[2023-07-26 05:04:38,325] {taskinstance.py:1179} INFO - Dependencies all met for <TaskInstance: fetch_exchange_rates_dag.fetch_exchange_rates_task scheduled__2023-07-25T08:10:00+00:00 [queued]>
[2023-07-26 05:04:38,326] {taskinstance.py:1376} INFO - 
--------------------------------------------------------------------------------
[2023-07-26 05:04:38,326] {taskinstance.py:1377} INFO - Starting attempt 1 of 1
[2023-07-26 05:04:38,327] {taskinstance.py:1378} INFO - 
--------------------------------------------------------------------------------
[2023-07-26 05:04:38,349] {taskinstance.py:1397} INFO - Executing <Task(PythonOperator): fetch_exchange_rates_task> on 2023-07-25 08:10:00+00:00
[2023-07-26 05:04:38,360] {standard_task_runner.py:52} INFO - Started process 788 to run task
[2023-07-26 05:04:38,370] {standard_task_runner.py:79} INFO - Running: ['***', 'tasks', 'run', 'fetch_exchange_rates_dag', 'fetch_exchange_rates_task', 'scheduled__2023-07-25T08:10:00+00:00', '--job-id', '180', '--raw', '--subdir', 'DAGS_FOLDER/my_calc_rates.py', '--cfg-path', '/tmp/tmpjyk3ilpt', '--error-file', '/tmp/tmpbi4w2tdb']
[2023-07-26 05:04:38,372] {standard_task_runner.py:80} INFO - Job 180: Subtask fetch_exchange_rates_task
[2023-07-26 05:04:38,552] {task_command.py:371} INFO - Running <TaskInstance: fetch_exchange_rates_dag.fetch_exchange_rates_task scheduled__2023-07-25T08:10:00+00:00 [running]> on host acb6bca32630
[2023-07-26 05:04:38,743] {taskinstance.py:1591} INFO - Exporting the following env vars:
AIRFLOW_CTX_DAG_OWNER=marina_z
AIRFLOW_CTX_DAG_ID=fetch_exchange_rates_dag
AIRFLOW_CTX_TASK_ID=fetch_exchange_rates_task
AIRFLOW_CTX_EXECUTION_DATE=2023-07-25T08:10:00+00:00
AIRFLOW_CTX_TRY_NUMBER=1
AIRFLOW_CTX_DAG_RUN_ID=scheduled__2023-07-25T08:10:00+00:00
[2023-07-26 05:04:39,055] {logging_mixin.py:115} INFO - Save a new file exchange_latest_BTC.csv
[2023-07-26 05:04:39,056] {logging_mixin.py:115} INFO - Create a new table exchange_latest_BTC
[2023-07-26 05:04:39,063] {logging_mixin.py:115} INFO - Insert into table exchange_latest_BTC
[2023-07-26 05:04:39,434] {logging_mixin.py:115} INFO - Save a new file exchange_latest_EUR.csv
[2023-07-26 05:04:39,435] {logging_mixin.py:115} INFO - Create a new table exchange_latest_EUR
[2023-07-26 05:04:39,441] {logging_mixin.py:115} INFO - Insert into table exchange_latest_EUR
[2023-07-26 05:04:39,815] {logging_mixin.py:115} INFO - Save a new file exchange_latest_GBR.csv
[2023-07-26 05:04:39,816] {logging_mixin.py:115} INFO - Create a new table exchange_latest_GBR
[2023-07-26 05:04:39,822] {logging_mixin.py:115} INFO - Insert into table exchange_latest_GBR
[2023-07-26 05:04:40,207] {logging_mixin.py:115} INFO - Save a new file exchange_latest_JPY.csv
[2023-07-26 05:04:40,209] {logging_mixin.py:115} INFO - Create a new table exchange_latest_JPY
[2023-07-26 05:04:40,218] {logging_mixin.py:115} INFO - Insert into table exchange_latest_JPY
[2023-07-26 05:04:40,573] {logging_mixin.py:115} INFO - Save a new file exchange_latest_CNY.csv
[2023-07-26 05:04:40,573] {logging_mixin.py:115} INFO - Create a new table exchange_latest_CNY
[2023-07-26 05:04:40,578] {logging_mixin.py:115} INFO - Insert into table exchange_latest_CNY
[2023-07-26 05:04:40,589] {python.py:173} INFO - Done. Returned value was: None
[2023-07-26 05:04:40,602] {taskinstance.py:1420} INFO - Marking task as SUCCESS. dag_id=fetch_exchange_rates_dag, task_id=fetch_exchange_rates_task, execution_date=20230725T081000, start_date=20230726T050438, end_date=20230726T050440
[2023-07-26 05:04:40,638] {local_task_job.py:156} INFO - Task exited with return code 0
[2023-07-26 05:04:40,685] {local_task_job.py:273} INFO - 1 downstream tasks scheduled from follow-on schedule check
