[2023-07-25 20:38:02,804] {taskinstance.py:1179} INFO - Dependencies all met for <TaskInstance: fetch_exchange_rates_dag.fetch_exchange_rates_task scheduled__2023-07-25T07:40:00+00:00 [queued]>
[2023-07-25 20:38:02,817] {taskinstance.py:1179} INFO - Dependencies all met for <TaskInstance: fetch_exchange_rates_dag.fetch_exchange_rates_task scheduled__2023-07-25T07:40:00+00:00 [queued]>
[2023-07-25 20:38:02,819] {taskinstance.py:1376} INFO - 
--------------------------------------------------------------------------------
[2023-07-25 20:38:02,822] {taskinstance.py:1377} INFO - Starting attempt 1 of 1
[2023-07-25 20:38:02,823] {taskinstance.py:1378} INFO - 
--------------------------------------------------------------------------------
[2023-07-25 20:38:02,864] {taskinstance.py:1397} INFO - Executing <Task(PythonOperator): fetch_exchange_rates_task> on 2023-07-25 07:40:00+00:00
[2023-07-25 20:38:02,875] {standard_task_runner.py:52} INFO - Started process 9098 to run task
[2023-07-25 20:38:02,891] {standard_task_runner.py:79} INFO - Running: ['***', 'tasks', 'run', 'fetch_exchange_rates_dag', 'fetch_exchange_rates_task', 'scheduled__2023-07-25T07:40:00+00:00', '--job-id', '144', '--raw', '--subdir', 'DAGS_FOLDER/my_calc_rates.py', '--cfg-path', '/tmp/tmp2grpnj_h', '--error-file', '/tmp/tmp3f89wj43']
[2023-07-25 20:38:02,895] {standard_task_runner.py:80} INFO - Job 144: Subtask fetch_exchange_rates_task
[2023-07-25 20:38:03,101] {task_command.py:371} INFO - Running <TaskInstance: fetch_exchange_rates_dag.fetch_exchange_rates_task scheduled__2023-07-25T07:40:00+00:00 [running]> on host 661c8d62a693
[2023-07-25 20:38:03,286] {taskinstance.py:1591} INFO - Exporting the following env vars:
AIRFLOW_CTX_DAG_OWNER=marina_z
AIRFLOW_CTX_DAG_ID=fetch_exchange_rates_dag
AIRFLOW_CTX_TASK_ID=fetch_exchange_rates_task
AIRFLOW_CTX_EXECUTION_DATE=2023-07-25T07:40:00+00:00
AIRFLOW_CTX_TRY_NUMBER=1
AIRFLOW_CTX_DAG_RUN_ID=scheduled__2023-07-25T07:40:00+00:00
[2023-07-25 20:38:04,999] {taskinstance.py:1909} ERROR - Task failed with exception
Traceback (most recent call last):
  File "/home/airflow/.local/lib/python3.7/site-packages/airflow/operators/python.py", line 171, in execute
    return_value = self.execute_callable()
  File "/home/airflow/.local/lib/python3.7/site-packages/airflow/operators/python.py", line 189, in execute_callable
    return self.python_callable(*self.op_args, **self.op_kwargs)
  File "/opt/airflow/dags/my_calc_rates.py", line 69, in fetch_exchange_rates
    load_to_postgres = PostgresOperator(
NameError: name 'PostgresOperator' is not defined
[2023-07-25 20:38:05,029] {taskinstance.py:1420} INFO - Marking task as FAILED. dag_id=fetch_exchange_rates_dag, task_id=fetch_exchange_rates_task, execution_date=20230725T074000, start_date=20230725T203802, end_date=20230725T203805
[2023-07-25 20:38:05,125] {standard_task_runner.py:97} ERROR - Failed to execute job 144 for task fetch_exchange_rates_task (name 'PostgresOperator' is not defined; 9098)
[2023-07-25 20:38:05,186] {local_task_job.py:156} INFO - Task exited with return code 1
[2023-07-25 20:38:05,296] {local_task_job.py:273} INFO - 0 downstream tasks scheduled from follow-on schedule check
[2023-07-26 05:04:29,147] {taskinstance.py:1179} INFO - Dependencies all met for <TaskInstance: fetch_exchange_rates_dag.fetch_exchange_rates_task scheduled__2023-07-25T07:40:00+00:00 [queued]>
[2023-07-26 05:04:29,162] {taskinstance.py:1179} INFO - Dependencies all met for <TaskInstance: fetch_exchange_rates_dag.fetch_exchange_rates_task scheduled__2023-07-25T07:40:00+00:00 [queued]>
[2023-07-26 05:04:29,165] {taskinstance.py:1376} INFO - 
--------------------------------------------------------------------------------
[2023-07-26 05:04:29,165] {taskinstance.py:1377} INFO - Starting attempt 1 of 1
[2023-07-26 05:04:29,166] {taskinstance.py:1378} INFO - 
--------------------------------------------------------------------------------
[2023-07-26 05:04:29,194] {taskinstance.py:1397} INFO - Executing <Task(PythonOperator): fetch_exchange_rates_task> on 2023-07-25 07:40:00+00:00
[2023-07-26 05:04:29,203] {standard_task_runner.py:52} INFO - Started process 723 to run task
[2023-07-26 05:04:29,210] {standard_task_runner.py:79} INFO - Running: ['***', 'tasks', 'run', 'fetch_exchange_rates_dag', 'fetch_exchange_rates_task', 'scheduled__2023-07-25T07:40:00+00:00', '--job-id', '162', '--raw', '--subdir', 'DAGS_FOLDER/my_calc_rates.py', '--cfg-path', '/tmp/tmpx1z8vsq0', '--error-file', '/tmp/tmph6l5n3yo']
[2023-07-26 05:04:29,213] {standard_task_runner.py:80} INFO - Job 162: Subtask fetch_exchange_rates_task
[2023-07-26 05:04:29,334] {task_command.py:371} INFO - Running <TaskInstance: fetch_exchange_rates_dag.fetch_exchange_rates_task scheduled__2023-07-25T07:40:00+00:00 [running]> on host acb6bca32630
[2023-07-26 05:04:29,440] {taskinstance.py:1591} INFO - Exporting the following env vars:
AIRFLOW_CTX_DAG_OWNER=marina_z
AIRFLOW_CTX_DAG_ID=fetch_exchange_rates_dag
AIRFLOW_CTX_TASK_ID=fetch_exchange_rates_task
AIRFLOW_CTX_EXECUTION_DATE=2023-07-25T07:40:00+00:00
AIRFLOW_CTX_TRY_NUMBER=1
AIRFLOW_CTX_DAG_RUN_ID=scheduled__2023-07-25T07:40:00+00:00
[2023-07-26 05:04:29,843] {logging_mixin.py:115} INFO - Save a new file exchange_latest_BTC.csv
[2023-07-26 05:04:29,844] {logging_mixin.py:115} INFO - Create a new table exchange_latest_BTC
[2023-07-26 05:04:29,853] {logging_mixin.py:115} INFO - Insert into table exchange_latest_BTC
[2023-07-26 05:04:30,253] {logging_mixin.py:115} INFO - Save a new file exchange_latest_EUR.csv
[2023-07-26 05:04:30,254] {logging_mixin.py:115} INFO - Create a new table exchange_latest_EUR
[2023-07-26 05:04:30,262] {logging_mixin.py:115} INFO - Insert into table exchange_latest_EUR
[2023-07-26 05:04:30,656] {logging_mixin.py:115} INFO - Save a new file exchange_latest_GBR.csv
[2023-07-26 05:04:30,658] {logging_mixin.py:115} INFO - Create a new table exchange_latest_GBR
[2023-07-26 05:04:30,663] {logging_mixin.py:115} INFO - Insert into table exchange_latest_GBR
[2023-07-26 05:04:31,028] {logging_mixin.py:115} INFO - Save a new file exchange_latest_JPY.csv
[2023-07-26 05:04:31,029] {logging_mixin.py:115} INFO - Create a new table exchange_latest_JPY
[2023-07-26 05:04:31,040] {logging_mixin.py:115} INFO - Insert into table exchange_latest_JPY
[2023-07-26 05:04:31,358] {logging_mixin.py:115} INFO - Save a new file exchange_latest_CNY.csv
[2023-07-26 05:04:31,359] {logging_mixin.py:115} INFO - Create a new table exchange_latest_CNY
[2023-07-26 05:04:31,368] {logging_mixin.py:115} INFO - Insert into table exchange_latest_CNY
[2023-07-26 05:04:31,389] {python.py:173} INFO - Done. Returned value was: None
[2023-07-26 05:04:31,408] {taskinstance.py:1420} INFO - Marking task as SUCCESS. dag_id=fetch_exchange_rates_dag, task_id=fetch_exchange_rates_task, execution_date=20230725T074000, start_date=20230726T050429, end_date=20230726T050431
[2023-07-26 05:04:31,455] {local_task_job.py:156} INFO - Task exited with return code 0
[2023-07-26 05:04:31,627] {local_task_job.py:273} INFO - 1 downstream tasks scheduled from follow-on schedule check
