[2023-07-25 19:30:05,479] {taskinstance.py:1179} INFO - Dependencies all met for <TaskInstance: calc-rates.choose_best_model scheduled__2023-07-25T19:25:00+00:00 [queued]>
[2023-07-25 19:30:05,491] {taskinstance.py:1179} INFO - Dependencies all met for <TaskInstance: calc-rates.choose_best_model scheduled__2023-07-25T19:25:00+00:00 [queued]>
[2023-07-25 19:30:05,492] {taskinstance.py:1376} INFO - 
--------------------------------------------------------------------------------
[2023-07-25 19:30:05,492] {taskinstance.py:1377} INFO - Starting attempt 1 of 1
[2023-07-25 19:30:05,493] {taskinstance.py:1378} INFO - 
--------------------------------------------------------------------------------
[2023-07-25 19:30:05,507] {taskinstance.py:1397} INFO - Executing <Task(BranchPythonOperator): choose_best_model> on 2023-07-25 19:25:00+00:00
[2023-07-25 19:30:05,513] {standard_task_runner.py:52} INFO - Started process 5494 to run task
[2023-07-25 19:30:05,516] {standard_task_runner.py:79} INFO - Running: ['***', 'tasks', 'run', 'calc-rates', 'choose_best_model', 'scheduled__2023-07-25T19:25:00+00:00', '--job-id', '39', '--raw', '--subdir', 'DAGS_FOLDER/calc_rates.py', '--cfg-path', '/tmp/tmpxssx86vc', '--error-file', '/tmp/tmpo1uqnavx']
[2023-07-25 19:30:05,517] {standard_task_runner.py:80} INFO - Job 39: Subtask choose_best_model
[2023-07-25 19:30:05,600] {task_command.py:371} INFO - Running <TaskInstance: calc-rates.choose_best_model scheduled__2023-07-25T19:25:00+00:00 [running]> on host 661c8d62a693
[2023-07-25 19:30:05,679] {taskinstance.py:1591} INFO - Exporting the following env vars:
AIRFLOW_CTX_DAG_OWNER=marina_z
AIRFLOW_CTX_DAG_ID=calc-rates
AIRFLOW_CTX_TASK_ID=choose_best_model
AIRFLOW_CTX_EXECUTION_DATE=2023-07-25T19:25:00+00:00
AIRFLOW_CTX_TRY_NUMBER=1
AIRFLOW_CTX_DAG_RUN_ID=scheduled__2023-07-25T19:25:00+00:00
[2023-07-25 19:30:05,680] {python.py:173} INFO - Done. Returned value was: accurate
[2023-07-25 19:30:05,681] {skipmixin.py:140} INFO - Following branch accurate
[2023-07-25 19:30:05,682] {skipmixin.py:175} INFO - Skipping tasks ['inaccurate']
[2023-07-25 19:30:05,726] {taskinstance.py:1420} INFO - Marking task as SUCCESS. dag_id=calc-rates, task_id=choose_best_model, execution_date=20230725T192500, start_date=20230725T193005, end_date=20230725T193005
[2023-07-25 19:30:05,769] {local_task_job.py:156} INFO - Task exited with return code 0
[2023-07-25 19:30:05,813] {local_task_job.py:273} INFO - 1 downstream tasks scheduled from follow-on schedule check
