[2023-07-25 20:38:05,960] {taskinstance.py:1179} INFO - Dependencies all met for <TaskInstance: fetch_exchange_rates_dag.fetch_exchange_rates_task scheduled__2023-07-25T08:50:00+00:00 [queued]>
[2023-07-25 20:38:05,983] {taskinstance.py:1179} INFO - Dependencies all met for <TaskInstance: fetch_exchange_rates_dag.fetch_exchange_rates_task scheduled__2023-07-25T08:50:00+00:00 [queued]>
[2023-07-25 20:38:05,984] {taskinstance.py:1376} INFO - 
--------------------------------------------------------------------------------
[2023-07-25 20:38:05,989] {taskinstance.py:1377} INFO - Starting attempt 1 of 1
[2023-07-25 20:38:05,990] {taskinstance.py:1378} INFO - 
--------------------------------------------------------------------------------
[2023-07-25 20:38:06,045] {taskinstance.py:1397} INFO - Executing <Task(PythonOperator): fetch_exchange_rates_task> on 2023-07-25 08:50:00+00:00
[2023-07-25 20:38:06,060] {standard_task_runner.py:52} INFO - Started process 9121 to run task
[2023-07-25 20:38:06,070] {standard_task_runner.py:79} INFO - Running: ['***', 'tasks', 'run', 'fetch_exchange_rates_dag', 'fetch_exchange_rates_task', 'scheduled__2023-07-25T08:50:00+00:00', '--job-id', '150', '--raw', '--subdir', 'DAGS_FOLDER/my_calc_rates.py', '--cfg-path', '/tmp/tmp23s6asg8', '--error-file', '/tmp/tmpoo7va_f1']
[2023-07-25 20:38:06,071] {standard_task_runner.py:80} INFO - Job 150: Subtask fetch_exchange_rates_task
[2023-07-25 20:38:06,188] {task_command.py:371} INFO - Running <TaskInstance: fetch_exchange_rates_dag.fetch_exchange_rates_task scheduled__2023-07-25T08:50:00+00:00 [running]> on host 661c8d62a693
[2023-07-25 20:38:06,300] {taskinstance.py:1591} INFO - Exporting the following env vars:
AIRFLOW_CTX_DAG_OWNER=marina_z
AIRFLOW_CTX_DAG_ID=fetch_exchange_rates_dag
AIRFLOW_CTX_TASK_ID=fetch_exchange_rates_task
AIRFLOW_CTX_EXECUTION_DATE=2023-07-25T08:50:00+00:00
AIRFLOW_CTX_TRY_NUMBER=1
AIRFLOW_CTX_DAG_RUN_ID=scheduled__2023-07-25T08:50:00+00:00
[2023-07-25 20:38:07,961] {taskinstance.py:1909} ERROR - Task failed with exception
Traceback (most recent call last):
  File "/home/airflow/.local/lib/python3.7/site-packages/airflow/operators/python.py", line 171, in execute
    return_value = self.execute_callable()
  File "/home/airflow/.local/lib/python3.7/site-packages/airflow/operators/python.py", line 189, in execute_callable
    return self.python_callable(*self.op_args, **self.op_kwargs)
  File "/opt/airflow/dags/my_calc_rates.py", line 69, in fetch_exchange_rates
    load_to_postgres = PostgresOperator(
NameError: name 'PostgresOperator' is not defined
[2023-07-25 20:38:07,971] {taskinstance.py:1420} INFO - Marking task as FAILED. dag_id=fetch_exchange_rates_dag, task_id=fetch_exchange_rates_task, execution_date=20230725T085000, start_date=20230725T203805, end_date=20230725T203807
[2023-07-25 20:38:07,983] {standard_task_runner.py:97} ERROR - Failed to execute job 150 for task fetch_exchange_rates_task (name 'PostgresOperator' is not defined; 9121)
[2023-07-25 20:38:08,020] {local_task_job.py:156} INFO - Task exited with return code 1
[2023-07-25 20:38:08,074] {local_task_job.py:273} INFO - 0 downstream tasks scheduled from follow-on schedule check
[2023-07-26 05:04:47,053] {taskinstance.py:1179} INFO - Dependencies all met for <TaskInstance: fetch_exchange_rates_dag.fetch_exchange_rates_task scheduled__2023-07-25T08:50:00+00:00 [queued]>
[2023-07-26 05:04:47,078] {taskinstance.py:1179} INFO - Dependencies all met for <TaskInstance: fetch_exchange_rates_dag.fetch_exchange_rates_task scheduled__2023-07-25T08:50:00+00:00 [queued]>
[2023-07-26 05:04:47,086] {taskinstance.py:1376} INFO - 
--------------------------------------------------------------------------------
[2023-07-26 05:04:47,091] {taskinstance.py:1377} INFO - Starting attempt 1 of 1
[2023-07-26 05:04:47,092] {taskinstance.py:1378} INFO - 
--------------------------------------------------------------------------------
[2023-07-26 05:04:47,125] {taskinstance.py:1397} INFO - Executing <Task(PythonOperator): fetch_exchange_rates_task> on 2023-07-25 08:50:00+00:00
[2023-07-26 05:04:47,134] {standard_task_runner.py:52} INFO - Started process 857 to run task
[2023-07-26 05:04:47,150] {standard_task_runner.py:79} INFO - Running: ['***', 'tasks', 'run', 'fetch_exchange_rates_dag', 'fetch_exchange_rates_task', 'scheduled__2023-07-25T08:50:00+00:00', '--job-id', '197', '--raw', '--subdir', 'DAGS_FOLDER/my_calc_rates.py', '--cfg-path', '/tmp/tmpsc_g8xfv', '--error-file', '/tmp/tmpdbmd887i']
[2023-07-26 05:04:47,153] {standard_task_runner.py:80} INFO - Job 197: Subtask fetch_exchange_rates_task
[2023-07-26 05:04:47,349] {task_command.py:371} INFO - Running <TaskInstance: fetch_exchange_rates_dag.fetch_exchange_rates_task scheduled__2023-07-25T08:50:00+00:00 [running]> on host acb6bca32630
[2023-07-26 05:04:47,499] {taskinstance.py:1591} INFO - Exporting the following env vars:
AIRFLOW_CTX_DAG_OWNER=marina_z
AIRFLOW_CTX_DAG_ID=fetch_exchange_rates_dag
AIRFLOW_CTX_TASK_ID=fetch_exchange_rates_task
AIRFLOW_CTX_EXECUTION_DATE=2023-07-25T08:50:00+00:00
AIRFLOW_CTX_TRY_NUMBER=1
AIRFLOW_CTX_DAG_RUN_ID=scheduled__2023-07-25T08:50:00+00:00
[2023-07-26 05:04:47,879] {logging_mixin.py:115} INFO - Save a new file exchange_latest_BTC.csv
[2023-07-26 05:04:47,880] {logging_mixin.py:115} INFO - Create a new table exchange_latest_BTC
[2023-07-26 05:04:47,887] {logging_mixin.py:115} INFO - Insert into table exchange_latest_BTC
[2023-07-26 05:04:48,228] {logging_mixin.py:115} INFO - Save a new file exchange_latest_EUR.csv
[2023-07-26 05:04:48,229] {logging_mixin.py:115} INFO - Create a new table exchange_latest_EUR
[2023-07-26 05:04:48,235] {logging_mixin.py:115} INFO - Insert into table exchange_latest_EUR
[2023-07-26 05:04:48,580] {logging_mixin.py:115} INFO - Save a new file exchange_latest_GBR.csv
[2023-07-26 05:04:48,581] {logging_mixin.py:115} INFO - Create a new table exchange_latest_GBR
[2023-07-26 05:04:48,586] {logging_mixin.py:115} INFO - Insert into table exchange_latest_GBR
[2023-07-26 05:04:48,894] {logging_mixin.py:115} INFO - Save a new file exchange_latest_JPY.csv
[2023-07-26 05:04:48,895] {logging_mixin.py:115} INFO - Create a new table exchange_latest_JPY
[2023-07-26 05:04:48,899] {logging_mixin.py:115} INFO - Insert into table exchange_latest_JPY
[2023-07-26 05:04:49,255] {logging_mixin.py:115} INFO - Save a new file exchange_latest_CNY.csv
[2023-07-26 05:04:49,256] {logging_mixin.py:115} INFO - Create a new table exchange_latest_CNY
[2023-07-26 05:04:49,264] {logging_mixin.py:115} INFO - Insert into table exchange_latest_CNY
[2023-07-26 05:04:49,283] {python.py:173} INFO - Done. Returned value was: None
[2023-07-26 05:04:49,302] {taskinstance.py:1420} INFO - Marking task as SUCCESS. dag_id=fetch_exchange_rates_dag, task_id=fetch_exchange_rates_task, execution_date=20230725T085000, start_date=20230726T050447, end_date=20230726T050449
[2023-07-26 05:04:49,340] {local_task_job.py:156} INFO - Task exited with return code 0
[2023-07-26 05:04:49,400] {local_task_job.py:273} INFO - 1 downstream tasks scheduled from follow-on schedule check
