[2023-07-26 04:18:15,577] {taskinstance.py:1179} INFO - Dependencies all met for <TaskInstance: fetch_exchange_rates_dag.bash_task scheduled__2023-07-26T02:30:00+00:00 [queued]>
[2023-07-26 04:18:15,697] {taskinstance.py:1179} INFO - Dependencies all met for <TaskInstance: fetch_exchange_rates_dag.bash_task scheduled__2023-07-26T02:30:00+00:00 [queued]>
[2023-07-26 04:18:15,698] {taskinstance.py:1376} INFO - 
--------------------------------------------------------------------------------
[2023-07-26 04:18:15,701] {taskinstance.py:1377} INFO - Starting attempt 1 of 1
[2023-07-26 04:18:15,702] {taskinstance.py:1378} INFO - 
--------------------------------------------------------------------------------
[2023-07-26 04:18:15,785] {taskinstance.py:1397} INFO - Executing <Task(BashOperator): bash_task> on 2023-07-26 02:30:00+00:00
[2023-07-26 04:18:15,800] {standard_task_runner.py:52} INFO - Started process 7051 to run task
[2023-07-26 04:18:15,875] {standard_task_runner.py:79} INFO - Running: ['***', 'tasks', 'run', 'fetch_exchange_rates_dag', 'bash_task', 'scheduled__2023-07-26T02:30:00+00:00', '--job-id', '53', '--raw', '--subdir', 'DAGS_FOLDER/my_calc_rates.py', '--cfg-path', '/tmp/tmpkpy96xcn', '--error-file', '/tmp/tmp74jh2a5n']
[2023-07-26 04:18:15,886] {standard_task_runner.py:80} INFO - Job 53: Subtask bash_task
[2023-07-26 04:18:16,167] {task_command.py:371} INFO - Running <TaskInstance: fetch_exchange_rates_dag.bash_task scheduled__2023-07-26T02:30:00+00:00 [running]> on host 6e11a261c833
[2023-07-26 04:18:16,615] {taskinstance.py:1591} INFO - Exporting the following env vars:
AIRFLOW_CTX_DAG_OWNER=***
AIRFLOW_CTX_DAG_ID=fetch_exchange_rates_dag
AIRFLOW_CTX_TASK_ID=bash_task
AIRFLOW_CTX_EXECUTION_DATE=2023-07-26T02:30:00+00:00
AIRFLOW_CTX_TRY_NUMBER=1
AIRFLOW_CTX_DAG_RUN_ID=scheduled__2023-07-26T02:30:00+00:00
[2023-07-26 04:18:16,627] {subprocess.py:62} INFO - Tmp dir root location: 
 /tmp
[2023-07-26 04:18:16,628] {subprocess.py:74} INFO - Running command: ['bash', '-c', 'echo "Good morning my diggers!"']
[2023-07-26 04:18:16,702] {subprocess.py:85} INFO - Output:
[2023-07-26 04:18:16,708] {subprocess.py:92} INFO - Good morning my diggers!
[2023-07-26 04:18:16,721] {subprocess.py:96} INFO - Command exited with return code 0
[2023-07-26 04:18:16,897] {taskinstance.py:1420} INFO - Marking task as SUCCESS. dag_id=fetch_exchange_rates_dag, task_id=bash_task, execution_date=20230726T023000, start_date=20230726T041815, end_date=20230726T041816
[2023-07-26 04:18:16,977] {local_task_job.py:156} INFO - Task exited with return code 0
[2023-07-26 04:18:17,081] {local_task_job.py:273} INFO - 1 downstream tasks scheduled from follow-on schedule check
[2023-07-26 05:07:42,182] {taskinstance.py:1179} INFO - Dependencies all met for <TaskInstance: fetch_exchange_rates_dag.bash_task scheduled__2023-07-26T02:30:00+00:00 [queued]>
[2023-07-26 05:07:42,256] {taskinstance.py:1179} INFO - Dependencies all met for <TaskInstance: fetch_exchange_rates_dag.bash_task scheduled__2023-07-26T02:30:00+00:00 [queued]>
[2023-07-26 05:07:42,270] {taskinstance.py:1376} INFO - 
--------------------------------------------------------------------------------
[2023-07-26 05:07:42,277] {taskinstance.py:1377} INFO - Starting attempt 1 of 1
[2023-07-26 05:07:42,284] {taskinstance.py:1378} INFO - 
--------------------------------------------------------------------------------
[2023-07-26 05:07:42,481] {taskinstance.py:1397} INFO - Executing <Task(BashOperator): bash_task> on 2023-07-26 02:30:00+00:00
[2023-07-26 05:07:42,557] {standard_task_runner.py:52} INFO - Started process 2127 to run task
[2023-07-26 05:07:42,610] {standard_task_runner.py:79} INFO - Running: ['***', 'tasks', 'run', 'fetch_exchange_rates_dag', 'bash_task', 'scheduled__2023-07-26T02:30:00+00:00', '--job-id', '553', '--raw', '--subdir', 'DAGS_FOLDER/my_calc_rates.py', '--cfg-path', '/tmp/tmpbbchrk8f', '--error-file', '/tmp/tmpp14f_t8_']
[2023-07-26 05:07:42,622] {standard_task_runner.py:80} INFO - Job 553: Subtask bash_task
[2023-07-26 05:07:43,034] {task_command.py:371} INFO - Running <TaskInstance: fetch_exchange_rates_dag.bash_task scheduled__2023-07-26T02:30:00+00:00 [running]> on host acb6bca32630
[2023-07-26 05:07:43,664] {taskinstance.py:1591} INFO - Exporting the following env vars:
AIRFLOW_CTX_DAG_OWNER=***
AIRFLOW_CTX_DAG_ID=fetch_exchange_rates_dag
AIRFLOW_CTX_TASK_ID=bash_task
AIRFLOW_CTX_EXECUTION_DATE=2023-07-26T02:30:00+00:00
AIRFLOW_CTX_TRY_NUMBER=1
AIRFLOW_CTX_DAG_RUN_ID=scheduled__2023-07-26T02:30:00+00:00
[2023-07-26 05:07:43,667] {subprocess.py:62} INFO - Tmp dir root location: 
 /tmp
[2023-07-26 05:07:43,682] {subprocess.py:74} INFO - Running command: ['bash', '-c', 'echo "Good morning my diggers!"']
[2023-07-26 05:07:43,769] {subprocess.py:85} INFO - Output:
[2023-07-26 05:07:43,774] {subprocess.py:92} INFO - Good morning my diggers!
[2023-07-26 05:07:43,778] {subprocess.py:96} INFO - Command exited with return code 0
[2023-07-26 05:07:44,057] {taskinstance.py:1420} INFO - Marking task as SUCCESS. dag_id=fetch_exchange_rates_dag, task_id=bash_task, execution_date=20230726T023000, start_date=20230726T050742, end_date=20230726T050744
[2023-07-26 05:07:44,354] {local_task_job.py:156} INFO - Task exited with return code 0
[2023-07-26 05:07:44,944] {local_task_job.py:273} INFO - 0 downstream tasks scheduled from follow-on schedule check
