[2023-07-25 20:38:13,273] {taskinstance.py:1179} INFO - Dependencies all met for <TaskInstance: fetch_exchange_rates_dag.fetch_exchange_rates_task scheduled__2023-07-25T10:00:00+00:00 [queued]>
[2023-07-25 20:38:13,297] {taskinstance.py:1179} INFO - Dependencies all met for <TaskInstance: fetch_exchange_rates_dag.fetch_exchange_rates_task scheduled__2023-07-25T10:00:00+00:00 [queued]>
[2023-07-25 20:38:13,297] {taskinstance.py:1376} INFO - 
--------------------------------------------------------------------------------
[2023-07-25 20:38:13,299] {taskinstance.py:1377} INFO - Starting attempt 1 of 1
[2023-07-25 20:38:13,300] {taskinstance.py:1378} INFO - 
--------------------------------------------------------------------------------
[2023-07-25 20:38:13,324] {taskinstance.py:1397} INFO - Executing <Task(PythonOperator): fetch_exchange_rates_task> on 2023-07-25 10:00:00+00:00
[2023-07-25 20:38:13,356] {standard_task_runner.py:52} INFO - Started process 9148 to run task
[2023-07-25 20:38:13,369] {standard_task_runner.py:79} INFO - Running: ['***', 'tasks', 'run', 'fetch_exchange_rates_dag', 'fetch_exchange_rates_task', 'scheduled__2023-07-25T10:00:00+00:00', '--job-id', '158', '--raw', '--subdir', 'DAGS_FOLDER/my_calc_rates.py', '--cfg-path', '/tmp/tmppoa3hmu1', '--error-file', '/tmp/tmpyetua7vm']
[2023-07-25 20:38:13,380] {standard_task_runner.py:80} INFO - Job 158: Subtask fetch_exchange_rates_task
[2023-07-25 20:38:13,501] {task_command.py:371} INFO - Running <TaskInstance: fetch_exchange_rates_dag.fetch_exchange_rates_task scheduled__2023-07-25T10:00:00+00:00 [running]> on host 661c8d62a693
[2023-07-25 20:38:13,692] {taskinstance.py:1591} INFO - Exporting the following env vars:
AIRFLOW_CTX_DAG_OWNER=marina_z
AIRFLOW_CTX_DAG_ID=fetch_exchange_rates_dag
AIRFLOW_CTX_TASK_ID=fetch_exchange_rates_task
AIRFLOW_CTX_EXECUTION_DATE=2023-07-25T10:00:00+00:00
AIRFLOW_CTX_TRY_NUMBER=1
AIRFLOW_CTX_DAG_RUN_ID=scheduled__2023-07-25T10:00:00+00:00
[2023-07-25 20:38:15,248] {taskinstance.py:1909} ERROR - Task failed with exception
Traceback (most recent call last):
  File "/home/airflow/.local/lib/python3.7/site-packages/airflow/operators/python.py", line 171, in execute
    return_value = self.execute_callable()
  File "/home/airflow/.local/lib/python3.7/site-packages/airflow/operators/python.py", line 189, in execute_callable
    return self.python_callable(*self.op_args, **self.op_kwargs)
  File "/opt/airflow/dags/my_calc_rates.py", line 69, in fetch_exchange_rates
    load_to_postgres = PostgresOperator(
NameError: name 'PostgresOperator' is not defined
[2023-07-25 20:38:15,295] {taskinstance.py:1420} INFO - Marking task as FAILED. dag_id=fetch_exchange_rates_dag, task_id=fetch_exchange_rates_task, execution_date=20230725T100000, start_date=20230725T203813, end_date=20230725T203815
[2023-07-25 20:38:15,333] {standard_task_runner.py:97} ERROR - Failed to execute job 158 for task fetch_exchange_rates_task (name 'PostgresOperator' is not defined; 9148)
[2023-07-25 20:38:15,374] {local_task_job.py:156} INFO - Task exited with return code 1
[2023-07-25 20:38:15,440] {local_task_job.py:273} INFO - 0 downstream tasks scheduled from follow-on schedule check
[2023-07-26 05:05:00,024] {taskinstance.py:1179} INFO - Dependencies all met for <TaskInstance: fetch_exchange_rates_dag.fetch_exchange_rates_task scheduled__2023-07-25T10:00:00+00:00 [queued]>
[2023-07-26 05:05:00,055] {taskinstance.py:1179} INFO - Dependencies all met for <TaskInstance: fetch_exchange_rates_dag.fetch_exchange_rates_task scheduled__2023-07-25T10:00:00+00:00 [queued]>
[2023-07-26 05:05:00,059] {taskinstance.py:1376} INFO - 
--------------------------------------------------------------------------------
[2023-07-26 05:05:00,060] {taskinstance.py:1377} INFO - Starting attempt 1 of 1
[2023-07-26 05:05:00,061] {taskinstance.py:1378} INFO - 
--------------------------------------------------------------------------------
[2023-07-26 05:05:00,097] {taskinstance.py:1397} INFO - Executing <Task(PythonOperator): fetch_exchange_rates_task> on 2023-07-25 10:00:00+00:00
[2023-07-26 05:05:00,110] {standard_task_runner.py:52} INFO - Started process 949 to run task
[2023-07-26 05:05:00,119] {standard_task_runner.py:79} INFO - Running: ['***', 'tasks', 'run', 'fetch_exchange_rates_dag', 'fetch_exchange_rates_task', 'scheduled__2023-07-25T10:00:00+00:00', '--job-id', '224', '--raw', '--subdir', 'DAGS_FOLDER/my_calc_rates.py', '--cfg-path', '/tmp/tmphus2u5da', '--error-file', '/tmp/tmppmuioau9']
[2023-07-26 05:05:00,122] {standard_task_runner.py:80} INFO - Job 224: Subtask fetch_exchange_rates_task
[2023-07-26 05:05:00,285] {task_command.py:371} INFO - Running <TaskInstance: fetch_exchange_rates_dag.fetch_exchange_rates_task scheduled__2023-07-25T10:00:00+00:00 [running]> on host acb6bca32630
[2023-07-26 05:05:00,395] {taskinstance.py:1591} INFO - Exporting the following env vars:
AIRFLOW_CTX_DAG_OWNER=marina_z
AIRFLOW_CTX_DAG_ID=fetch_exchange_rates_dag
AIRFLOW_CTX_TASK_ID=fetch_exchange_rates_task
AIRFLOW_CTX_EXECUTION_DATE=2023-07-25T10:00:00+00:00
AIRFLOW_CTX_TRY_NUMBER=1
AIRFLOW_CTX_DAG_RUN_ID=scheduled__2023-07-25T10:00:00+00:00
[2023-07-26 05:05:00,835] {logging_mixin.py:115} INFO - Save a new file exchange_latest_BTC.csv
[2023-07-26 05:05:00,836] {logging_mixin.py:115} INFO - Create a new table exchange_latest_BTC
[2023-07-26 05:05:00,842] {logging_mixin.py:115} INFO - Insert into table exchange_latest_BTC
[2023-07-26 05:05:01,194] {logging_mixin.py:115} INFO - Save a new file exchange_latest_EUR.csv
[2023-07-26 05:05:01,195] {logging_mixin.py:115} INFO - Create a new table exchange_latest_EUR
[2023-07-26 05:05:01,200] {logging_mixin.py:115} INFO - Insert into table exchange_latest_EUR
[2023-07-26 05:05:01,528] {logging_mixin.py:115} INFO - Save a new file exchange_latest_GBR.csv
[2023-07-26 05:05:01,530] {logging_mixin.py:115} INFO - Create a new table exchange_latest_GBR
[2023-07-26 05:05:01,538] {logging_mixin.py:115} INFO - Insert into table exchange_latest_GBR
[2023-07-26 05:05:01,914] {logging_mixin.py:115} INFO - Save a new file exchange_latest_JPY.csv
[2023-07-26 05:05:01,915] {logging_mixin.py:115} INFO - Create a new table exchange_latest_JPY
[2023-07-26 05:05:01,920] {logging_mixin.py:115} INFO - Insert into table exchange_latest_JPY
[2023-07-26 05:05:02,332] {logging_mixin.py:115} INFO - Save a new file exchange_latest_CNY.csv
[2023-07-26 05:05:02,333] {logging_mixin.py:115} INFO - Create a new table exchange_latest_CNY
[2023-07-26 05:05:02,343] {logging_mixin.py:115} INFO - Insert into table exchange_latest_CNY
[2023-07-26 05:05:02,363] {python.py:173} INFO - Done. Returned value was: None
[2023-07-26 05:05:02,398] {taskinstance.py:1420} INFO - Marking task as SUCCESS. dag_id=fetch_exchange_rates_dag, task_id=fetch_exchange_rates_task, execution_date=20230725T100000, start_date=20230726T050500, end_date=20230726T050502
[2023-07-26 05:05:02,524] {local_task_job.py:156} INFO - Task exited with return code 0
[2023-07-26 05:05:02,652] {local_task_job.py:273} INFO - 1 downstream tasks scheduled from follow-on schedule check
