[2023-07-25 20:34:53,643] {taskinstance.py:1179} INFO - Dependencies all met for <TaskInstance: fetch_exchange_rates_dag.fetch_exchange_rates_task scheduled__2023-07-25T04:00:00+00:00 [queued]>
[2023-07-25 20:34:53,676] {taskinstance.py:1179} INFO - Dependencies all met for <TaskInstance: fetch_exchange_rates_dag.fetch_exchange_rates_task scheduled__2023-07-25T04:00:00+00:00 [queued]>
[2023-07-25 20:34:53,679] {taskinstance.py:1376} INFO - 
--------------------------------------------------------------------------------
[2023-07-25 20:34:53,680] {taskinstance.py:1377} INFO - Starting attempt 1 of 1
[2023-07-25 20:34:53,680] {taskinstance.py:1378} INFO - 
--------------------------------------------------------------------------------
[2023-07-25 20:34:53,719] {taskinstance.py:1397} INFO - Executing <Task(PythonOperator): fetch_exchange_rates_task> on 2023-07-25 04:00:00+00:00
[2023-07-25 20:34:53,733] {standard_task_runner.py:52} INFO - Started process 8871 to run task
[2023-07-25 20:34:53,746] {standard_task_runner.py:79} INFO - Running: ['***', 'tasks', 'run', 'fetch_exchange_rates_dag', 'fetch_exchange_rates_task', 'scheduled__2023-07-25T04:00:00+00:00', '--job-id', '116', '--raw', '--subdir', 'DAGS_FOLDER/my_calc_rates.py', '--cfg-path', '/tmp/tmp1qlzu_2w', '--error-file', '/tmp/tmpdmrfvp19']
[2023-07-25 20:34:53,749] {standard_task_runner.py:80} INFO - Job 116: Subtask fetch_exchange_rates_task
[2023-07-25 20:34:53,858] {task_command.py:371} INFO - Running <TaskInstance: fetch_exchange_rates_dag.fetch_exchange_rates_task scheduled__2023-07-25T04:00:00+00:00 [running]> on host 661c8d62a693
[2023-07-25 20:34:53,981] {taskinstance.py:1591} INFO - Exporting the following env vars:
AIRFLOW_CTX_DAG_OWNER=marina_z
AIRFLOW_CTX_DAG_ID=fetch_exchange_rates_dag
AIRFLOW_CTX_TASK_ID=fetch_exchange_rates_task
AIRFLOW_CTX_EXECUTION_DATE=2023-07-25T04:00:00+00:00
AIRFLOW_CTX_TRY_NUMBER=1
AIRFLOW_CTX_DAG_RUN_ID=scheduled__2023-07-25T04:00:00+00:00
[2023-07-25 20:34:55,673] {taskinstance.py:1909} ERROR - Task failed with exception
Traceback (most recent call last):
  File "/home/airflow/.local/lib/python3.7/site-packages/airflow/operators/python.py", line 171, in execute
    return_value = self.execute_callable()
  File "/home/airflow/.local/lib/python3.7/site-packages/airflow/operators/python.py", line 189, in execute_callable
    return self.python_callable(*self.op_args, **self.op_kwargs)
  File "/opt/airflow/dags/my_calc_rates.py", line 69, in fetch_exchange_rates
    load_to_postgres = PostgresOperator(
NameError: name 'PostgresOperator' is not defined
[2023-07-25 20:34:55,685] {taskinstance.py:1420} INFO - Marking task as FAILED. dag_id=fetch_exchange_rates_dag, task_id=fetch_exchange_rates_task, execution_date=20230725T040000, start_date=20230725T203453, end_date=20230725T203455
[2023-07-25 20:34:55,699] {standard_task_runner.py:97} ERROR - Failed to execute job 116 for task fetch_exchange_rates_task (name 'PostgresOperator' is not defined; 8871)
[2023-07-25 20:34:55,738] {local_task_job.py:156} INFO - Task exited with return code 1
[2023-07-25 20:34:55,770] {local_task_job.py:273} INFO - 0 downstream tasks scheduled from follow-on schedule check
[2023-07-26 05:03:50,832] {taskinstance.py:1179} INFO - Dependencies all met for <TaskInstance: fetch_exchange_rates_dag.fetch_exchange_rates_task scheduled__2023-07-25T04:00:00+00:00 [queued]>
[2023-07-26 05:03:50,885] {taskinstance.py:1179} INFO - Dependencies all met for <TaskInstance: fetch_exchange_rates_dag.fetch_exchange_rates_task scheduled__2023-07-25T04:00:00+00:00 [queued]>
[2023-07-26 05:03:50,888] {taskinstance.py:1376} INFO - 
--------------------------------------------------------------------------------
[2023-07-26 05:03:50,893] {taskinstance.py:1377} INFO - Starting attempt 1 of 1
[2023-07-26 05:03:50,895] {taskinstance.py:1378} INFO - 
--------------------------------------------------------------------------------
[2023-07-26 05:03:51,034] {taskinstance.py:1397} INFO - Executing <Task(PythonOperator): fetch_exchange_rates_task> on 2023-07-25 04:00:00+00:00
[2023-07-26 05:03:51,068] {standard_task_runner.py:52} INFO - Started process 448 to run task
[2023-07-26 05:03:51,122] {standard_task_runner.py:79} INFO - Running: ['***', 'tasks', 'run', 'fetch_exchange_rates_dag', 'fetch_exchange_rates_task', 'scheduled__2023-07-25T04:00:00+00:00', '--job-id', '79', '--raw', '--subdir', 'DAGS_FOLDER/my_calc_rates.py', '--cfg-path', '/tmp/tmpya3476zx', '--error-file', '/tmp/tmp1avit2qr']
[2023-07-26 05:03:51,174] {standard_task_runner.py:80} INFO - Job 79: Subtask fetch_exchange_rates_task
[2023-07-26 05:03:51,671] {task_command.py:371} INFO - Running <TaskInstance: fetch_exchange_rates_dag.fetch_exchange_rates_task scheduled__2023-07-25T04:00:00+00:00 [running]> on host acb6bca32630
[2023-07-26 05:03:52,150] {taskinstance.py:1591} INFO - Exporting the following env vars:
AIRFLOW_CTX_DAG_OWNER=marina_z
AIRFLOW_CTX_DAG_ID=fetch_exchange_rates_dag
AIRFLOW_CTX_TASK_ID=fetch_exchange_rates_task
AIRFLOW_CTX_EXECUTION_DATE=2023-07-25T04:00:00+00:00
AIRFLOW_CTX_TRY_NUMBER=1
AIRFLOW_CTX_DAG_RUN_ID=scheduled__2023-07-25T04:00:00+00:00
[2023-07-26 05:03:52,670] {logging_mixin.py:115} INFO - Save a new file exchange_latest_BTC.csv
[2023-07-26 05:03:52,671] {logging_mixin.py:115} INFO - Create a new table exchange_latest_BTC
[2023-07-26 05:03:52,693] {logging_mixin.py:115} INFO - Insert into table exchange_latest_BTC
[2023-07-26 05:03:53,136] {logging_mixin.py:115} INFO - Save a new file exchange_latest_EUR.csv
[2023-07-26 05:03:53,137] {logging_mixin.py:115} INFO - Create a new table exchange_latest_EUR
[2023-07-26 05:03:53,145] {logging_mixin.py:115} INFO - Insert into table exchange_latest_EUR
[2023-07-26 05:03:53,650] {logging_mixin.py:115} INFO - Save a new file exchange_latest_GBR.csv
[2023-07-26 05:03:53,652] {logging_mixin.py:115} INFO - Create a new table exchange_latest_GBR
[2023-07-26 05:03:53,658] {logging_mixin.py:115} INFO - Insert into table exchange_latest_GBR
[2023-07-26 05:03:54,098] {logging_mixin.py:115} INFO - Save a new file exchange_latest_JPY.csv
[2023-07-26 05:03:54,102] {logging_mixin.py:115} INFO - Create a new table exchange_latest_JPY
[2023-07-26 05:03:54,109] {logging_mixin.py:115} INFO - Insert into table exchange_latest_JPY
[2023-07-26 05:03:54,490] {logging_mixin.py:115} INFO - Save a new file exchange_latest_CNY.csv
[2023-07-26 05:03:54,493] {logging_mixin.py:115} INFO - Create a new table exchange_latest_CNY
[2023-07-26 05:03:54,503] {logging_mixin.py:115} INFO - Insert into table exchange_latest_CNY
[2023-07-26 05:03:54,522] {python.py:173} INFO - Done. Returned value was: None
[2023-07-26 05:03:55,002] {taskinstance.py:1420} INFO - Marking task as SUCCESS. dag_id=fetch_exchange_rates_dag, task_id=fetch_exchange_rates_task, execution_date=20230725T040000, start_date=20230726T050350, end_date=20230726T050355
[2023-07-26 05:03:55,122] {local_task_job.py:156} INFO - Task exited with return code 0
[2023-07-26 05:03:55,642] {local_task_job.py:273} INFO - 1 downstream tasks scheduled from follow-on schedule check
