[2023-07-26 04:18:19,004] {taskinstance.py:1179} INFO - Dependencies all met for <TaskInstance: fetch_exchange_rates_dag.create_total_exchange_rates_table scheduled__2023-07-26T00:30:00+00:00 [queued]>
[2023-07-26 04:18:19,047] {taskinstance.py:1179} INFO - Dependencies all met for <TaskInstance: fetch_exchange_rates_dag.create_total_exchange_rates_table scheduled__2023-07-26T00:30:00+00:00 [queued]>
[2023-07-26 04:18:19,048] {taskinstance.py:1376} INFO - 
--------------------------------------------------------------------------------
[2023-07-26 04:18:19,048] {taskinstance.py:1377} INFO - Starting attempt 1 of 1
[2023-07-26 04:18:19,052] {taskinstance.py:1378} INFO - 
--------------------------------------------------------------------------------
[2023-07-26 04:18:19,228] {taskinstance.py:1397} INFO - Executing <Task(PythonOperator): create_total_exchange_rates_table> on 2023-07-26 00:30:00+00:00
[2023-07-26 04:18:19,296] {standard_task_runner.py:52} INFO - Started process 7074 to run task
[2023-07-26 04:18:19,351] {standard_task_runner.py:79} INFO - Running: ['***', 'tasks', 'run', 'fetch_exchange_rates_dag', 'create_total_exchange_rates_table', 'scheduled__2023-07-26T00:30:00+00:00', '--job-id', '63', '--raw', '--subdir', 'DAGS_FOLDER/my_calc_rates.py', '--cfg-path', '/tmp/tmpix0zwtyk', '--error-file', '/tmp/tmpbisumcxr']
[2023-07-26 04:18:19,355] {standard_task_runner.py:80} INFO - Job 63: Subtask create_total_exchange_rates_table
[2023-07-26 04:18:19,821] {task_command.py:371} INFO - Running <TaskInstance: fetch_exchange_rates_dag.create_total_exchange_rates_table scheduled__2023-07-26T00:30:00+00:00 [running]> on host 6e11a261c833
[2023-07-26 04:18:20,192] {taskinstance.py:1591} INFO - Exporting the following env vars:
AIRFLOW_CTX_DAG_OWNER=marina_z
AIRFLOW_CTX_DAG_ID=fetch_exchange_rates_dag
AIRFLOW_CTX_TASK_ID=create_total_exchange_rates_table
AIRFLOW_CTX_EXECUTION_DATE=2023-07-26T00:30:00+00:00
AIRFLOW_CTX_TRY_NUMBER=1
AIRFLOW_CTX_DAG_RUN_ID=scheduled__2023-07-26T00:30:00+00:00
[2023-07-26 04:18:20,197] {logging_mixin.py:115} INFO - The table total_exchange_rates is created and saved
[2023-07-26 04:18:20,248] {python.py:173} INFO - Done. Returned value was: None
[2023-07-26 04:18:20,329] {taskinstance.py:1420} INFO - Marking task as SUCCESS. dag_id=fetch_exchange_rates_dag, task_id=create_total_exchange_rates_table, execution_date=20230726T003000, start_date=20230726T041819, end_date=20230726T041820
[2023-07-26 04:18:20,413] {local_task_job.py:156} INFO - Task exited with return code 0
[2023-07-26 04:18:20,750] {local_task_job.py:273} INFO - 1 downstream tasks scheduled from follow-on schedule check
[2023-07-26 05:07:52,295] {taskinstance.py:1179} INFO - Dependencies all met for <TaskInstance: fetch_exchange_rates_dag.create_total_exchange_rates_table scheduled__2023-07-26T00:30:00+00:00 [queued]>
[2023-07-26 05:07:52,400] {taskinstance.py:1179} INFO - Dependencies all met for <TaskInstance: fetch_exchange_rates_dag.create_total_exchange_rates_table scheduled__2023-07-26T00:30:00+00:00 [queued]>
[2023-07-26 05:07:52,410] {taskinstance.py:1376} INFO - 
--------------------------------------------------------------------------------
[2023-07-26 05:07:52,422] {taskinstance.py:1377} INFO - Starting attempt 1 of 1
[2023-07-26 05:07:52,423] {taskinstance.py:1378} INFO - 
--------------------------------------------------------------------------------
[2023-07-26 05:07:52,585] {taskinstance.py:1397} INFO - Executing <Task(PythonOperator): create_total_exchange_rates_table> on 2023-07-26 00:30:00+00:00
[2023-07-26 05:07:52,640] {standard_task_runner.py:52} INFO - Started process 2163 to run task
[2023-07-26 05:07:52,718] {standard_task_runner.py:79} INFO - Running: ['***', 'tasks', 'run', 'fetch_exchange_rates_dag', 'create_total_exchange_rates_table', 'scheduled__2023-07-26T00:30:00+00:00', '--job-id', '562', '--raw', '--subdir', 'DAGS_FOLDER/my_calc_rates.py', '--cfg-path', '/tmp/tmpkgu6ym6t', '--error-file', '/tmp/tmpxjz3a1bg']
[2023-07-26 05:07:52,752] {standard_task_runner.py:80} INFO - Job 562: Subtask create_total_exchange_rates_table
[2023-07-26 05:07:53,376] {task_command.py:371} INFO - Running <TaskInstance: fetch_exchange_rates_dag.create_total_exchange_rates_table scheduled__2023-07-26T00:30:00+00:00 [running]> on host acb6bca32630
[2023-07-26 05:07:54,015] {taskinstance.py:1591} INFO - Exporting the following env vars:
AIRFLOW_CTX_DAG_OWNER=marina_z
AIRFLOW_CTX_DAG_ID=fetch_exchange_rates_dag
AIRFLOW_CTX_TASK_ID=create_total_exchange_rates_table
AIRFLOW_CTX_EXECUTION_DATE=2023-07-26T00:30:00+00:00
AIRFLOW_CTX_TRY_NUMBER=1
AIRFLOW_CTX_DAG_RUN_ID=scheduled__2023-07-26T00:30:00+00:00
[2023-07-26 05:07:54,030] {logging_mixin.py:115} INFO - The table total_exchange_rates is created and saved
[2023-07-26 05:07:54,128] {python.py:173} INFO - Done. Returned value was: None
[2023-07-26 05:07:54,209] {taskinstance.py:1420} INFO - Marking task as SUCCESS. dag_id=fetch_exchange_rates_dag, task_id=create_total_exchange_rates_table, execution_date=20230726T003000, start_date=20230726T050752, end_date=20230726T050754
[2023-07-26 05:07:54,397] {local_task_job.py:156} INFO - Task exited with return code 0
[2023-07-26 05:07:54,766] {local_task_job.py:273} INFO - 0 downstream tasks scheduled from follow-on schedule check
