[2023-07-25 20:35:00,953] {taskinstance.py:1179} INFO - Dependencies all met for <TaskInstance: fetch_exchange_rates_dag.fetch_exchange_rates_task scheduled__2023-07-25T05:20:00+00:00 [queued]>
[2023-07-25 20:35:00,974] {taskinstance.py:1179} INFO - Dependencies all met for <TaskInstance: fetch_exchange_rates_dag.fetch_exchange_rates_task scheduled__2023-07-25T05:20:00+00:00 [queued]>
[2023-07-25 20:35:00,975] {taskinstance.py:1376} INFO - 
--------------------------------------------------------------------------------
[2023-07-25 20:35:00,977] {taskinstance.py:1377} INFO - Starting attempt 1 of 1
[2023-07-25 20:35:00,978] {taskinstance.py:1378} INFO - 
--------------------------------------------------------------------------------
[2023-07-25 20:35:01,025] {taskinstance.py:1397} INFO - Executing <Task(PythonOperator): fetch_exchange_rates_task> on 2023-07-25 05:20:00+00:00
[2023-07-25 20:35:01,038] {standard_task_runner.py:52} INFO - Started process 8900 to run task
[2023-07-25 20:35:01,045] {standard_task_runner.py:79} INFO - Running: ['***', 'tasks', 'run', 'fetch_exchange_rates_dag', 'fetch_exchange_rates_task', 'scheduled__2023-07-25T05:20:00+00:00', '--job-id', '125', '--raw', '--subdir', 'DAGS_FOLDER/my_calc_rates.py', '--cfg-path', '/tmp/tmpfp387per', '--error-file', '/tmp/tmp1n9w6h_x']
[2023-07-25 20:35:01,053] {standard_task_runner.py:80} INFO - Job 125: Subtask fetch_exchange_rates_task
[2023-07-25 20:35:01,266] {task_command.py:371} INFO - Running <TaskInstance: fetch_exchange_rates_dag.fetch_exchange_rates_task scheduled__2023-07-25T05:20:00+00:00 [running]> on host 661c8d62a693
[2023-07-25 20:35:01,474] {taskinstance.py:1591} INFO - Exporting the following env vars:
AIRFLOW_CTX_DAG_OWNER=marina_z
AIRFLOW_CTX_DAG_ID=fetch_exchange_rates_dag
AIRFLOW_CTX_TASK_ID=fetch_exchange_rates_task
AIRFLOW_CTX_EXECUTION_DATE=2023-07-25T05:20:00+00:00
AIRFLOW_CTX_TRY_NUMBER=1
AIRFLOW_CTX_DAG_RUN_ID=scheduled__2023-07-25T05:20:00+00:00
[2023-07-25 20:35:03,238] {taskinstance.py:1909} ERROR - Task failed with exception
Traceback (most recent call last):
  File "/home/airflow/.local/lib/python3.7/site-packages/airflow/operators/python.py", line 171, in execute
    return_value = self.execute_callable()
  File "/home/airflow/.local/lib/python3.7/site-packages/airflow/operators/python.py", line 189, in execute_callable
    return self.python_callable(*self.op_args, **self.op_kwargs)
  File "/opt/airflow/dags/my_calc_rates.py", line 69, in fetch_exchange_rates
    load_to_postgres = PostgresOperator(
NameError: name 'PostgresOperator' is not defined
[2023-07-25 20:35:03,273] {taskinstance.py:1420} INFO - Marking task as FAILED. dag_id=fetch_exchange_rates_dag, task_id=fetch_exchange_rates_task, execution_date=20230725T052000, start_date=20230725T203500, end_date=20230725T203503
[2023-07-25 20:35:03,416] {standard_task_runner.py:97} ERROR - Failed to execute job 125 for task fetch_exchange_rates_task (name 'PostgresOperator' is not defined; 8900)
[2023-07-25 20:35:03,477] {local_task_job.py:156} INFO - Task exited with return code 1
[2023-07-25 20:35:03,552] {local_task_job.py:273} INFO - 0 downstream tasks scheduled from follow-on schedule check
[2023-07-26 05:04:05,288] {taskinstance.py:1179} INFO - Dependencies all met for <TaskInstance: fetch_exchange_rates_dag.fetch_exchange_rates_task scheduled__2023-07-25T05:20:00+00:00 [queued]>
[2023-07-26 05:04:05,316] {taskinstance.py:1179} INFO - Dependencies all met for <TaskInstance: fetch_exchange_rates_dag.fetch_exchange_rates_task scheduled__2023-07-25T05:20:00+00:00 [queued]>
[2023-07-26 05:04:05,317] {taskinstance.py:1376} INFO - 
--------------------------------------------------------------------------------
[2023-07-26 05:04:05,318] {taskinstance.py:1377} INFO - Starting attempt 1 of 1
[2023-07-26 05:04:05,318] {taskinstance.py:1378} INFO - 
--------------------------------------------------------------------------------
[2023-07-26 05:04:05,358] {taskinstance.py:1397} INFO - Executing <Task(PythonOperator): fetch_exchange_rates_task> on 2023-07-25 05:20:00+00:00
[2023-07-26 05:04:05,369] {standard_task_runner.py:52} INFO - Started process 547 to run task
[2023-07-26 05:04:05,374] {standard_task_runner.py:79} INFO - Running: ['***', 'tasks', 'run', 'fetch_exchange_rates_dag', 'fetch_exchange_rates_task', 'scheduled__2023-07-25T05:20:00+00:00', '--job-id', '110', '--raw', '--subdir', 'DAGS_FOLDER/my_calc_rates.py', '--cfg-path', '/tmp/tmpbmht0i28', '--error-file', '/tmp/tmp5pu4htg_']
[2023-07-26 05:04:05,381] {standard_task_runner.py:80} INFO - Job 110: Subtask fetch_exchange_rates_task
[2023-07-26 05:04:05,567] {task_command.py:371} INFO - Running <TaskInstance: fetch_exchange_rates_dag.fetch_exchange_rates_task scheduled__2023-07-25T05:20:00+00:00 [running]> on host acb6bca32630
[2023-07-26 05:04:05,738] {taskinstance.py:1591} INFO - Exporting the following env vars:
AIRFLOW_CTX_DAG_OWNER=marina_z
AIRFLOW_CTX_DAG_ID=fetch_exchange_rates_dag
AIRFLOW_CTX_TASK_ID=fetch_exchange_rates_task
AIRFLOW_CTX_EXECUTION_DATE=2023-07-25T05:20:00+00:00
AIRFLOW_CTX_TRY_NUMBER=1
AIRFLOW_CTX_DAG_RUN_ID=scheduled__2023-07-25T05:20:00+00:00
[2023-07-26 05:04:06,206] {logging_mixin.py:115} INFO - Save a new file exchange_latest_BTC.csv
[2023-07-26 05:04:06,207] {logging_mixin.py:115} INFO - Create a new table exchange_latest_BTC
[2023-07-26 05:04:06,214] {logging_mixin.py:115} INFO - Insert into table exchange_latest_BTC
[2023-07-26 05:04:06,575] {logging_mixin.py:115} INFO - Save a new file exchange_latest_EUR.csv
[2023-07-26 05:04:06,577] {logging_mixin.py:115} INFO - Create a new table exchange_latest_EUR
[2023-07-26 05:04:06,592] {logging_mixin.py:115} INFO - Insert into table exchange_latest_EUR
[2023-07-26 05:04:07,006] {logging_mixin.py:115} INFO - Save a new file exchange_latest_GBR.csv
[2023-07-26 05:04:07,008] {logging_mixin.py:115} INFO - Create a new table exchange_latest_GBR
[2023-07-26 05:04:07,013] {logging_mixin.py:115} INFO - Insert into table exchange_latest_GBR
[2023-07-26 05:04:07,364] {logging_mixin.py:115} INFO - Save a new file exchange_latest_JPY.csv
[2023-07-26 05:04:07,365] {logging_mixin.py:115} INFO - Create a new table exchange_latest_JPY
[2023-07-26 05:04:07,371] {logging_mixin.py:115} INFO - Insert into table exchange_latest_JPY
[2023-07-26 05:04:07,762] {logging_mixin.py:115} INFO - Save a new file exchange_latest_CNY.csv
[2023-07-26 05:04:07,763] {logging_mixin.py:115} INFO - Create a new table exchange_latest_CNY
[2023-07-26 05:04:07,778] {logging_mixin.py:115} INFO - Insert into table exchange_latest_CNY
[2023-07-26 05:04:07,796] {python.py:173} INFO - Done. Returned value was: None
[2023-07-26 05:04:07,812] {taskinstance.py:1420} INFO - Marking task as SUCCESS. dag_id=fetch_exchange_rates_dag, task_id=fetch_exchange_rates_task, execution_date=20230725T052000, start_date=20230726T050405, end_date=20230726T050407
[2023-07-26 05:04:07,863] {local_task_job.py:156} INFO - Task exited with return code 0
[2023-07-26 05:04:07,909] {local_task_job.py:273} INFO - 1 downstream tasks scheduled from follow-on schedule check
