[2023-07-25 22:40:00,763] {taskinstance.py:1179} INFO - Dependencies all met for <TaskInstance: calc-rates.bash_task scheduled__2023-07-25T22:35:00+00:00 [queued]>
[2023-07-25 22:40:00,773] {taskinstance.py:1179} INFO - Dependencies all met for <TaskInstance: calc-rates.bash_task scheduled__2023-07-25T22:35:00+00:00 [queued]>
[2023-07-25 22:40:00,774] {taskinstance.py:1376} INFO - 
--------------------------------------------------------------------------------
[2023-07-25 22:40:00,775] {taskinstance.py:1377} INFO - Starting attempt 1 of 1
[2023-07-25 22:40:00,776] {taskinstance.py:1378} INFO - 
--------------------------------------------------------------------------------
[2023-07-25 22:40:00,788] {taskinstance.py:1397} INFO - Executing <Task(BashOperator): bash_task> on 2023-07-25 22:35:00+00:00
[2023-07-25 22:40:00,794] {standard_task_runner.py:52} INFO - Started process 53 to run task
[2023-07-25 22:40:00,797] {standard_task_runner.py:79} INFO - Running: ['***', 'tasks', 'run', 'calc-rates', 'bash_task', 'scheduled__2023-07-25T22:35:00+00:00', '--job-id', '312', '--raw', '--subdir', 'DAGS_FOLDER/calc_rates.py', '--cfg-path', '/tmp/tmp722h7evh', '--error-file', '/tmp/tmpbgx5h6wk']
[2023-07-25 22:40:00,798] {standard_task_runner.py:80} INFO - Job 312: Subtask bash_task
[2023-07-25 22:40:00,881] {task_command.py:371} INFO - Running <TaskInstance: calc-rates.bash_task scheduled__2023-07-25T22:35:00+00:00 [running]> on host 661c8d62a693
[2023-07-25 22:40:00,956] {taskinstance.py:1591} INFO - Exporting the following env vars:
AIRFLOW_CTX_DAG_OWNER=marina_z
AIRFLOW_CTX_DAG_ID=calc-rates
AIRFLOW_CTX_TASK_ID=bash_task
AIRFLOW_CTX_EXECUTION_DATE=2023-07-25T22:35:00+00:00
AIRFLOW_CTX_TRY_NUMBER=1
AIRFLOW_CTX_DAG_RUN_ID=scheduled__2023-07-25T22:35:00+00:00
[2023-07-25 22:40:00,960] {subprocess.py:62} INFO - Tmp dir root location: 
 /tmp
[2023-07-25 22:40:00,962] {subprocess.py:74} INFO - Running command: ['bash', '-c', "echo 'Hello, World!'"]
[2023-07-25 22:40:00,991] {subprocess.py:85} INFO - Output:
[2023-07-25 22:40:00,995] {subprocess.py:92} INFO - Hello, World!
[2023-07-25 22:40:00,996] {subprocess.py:96} INFO - Command exited with return code 0
[2023-07-25 22:40:01,044] {taskinstance.py:1420} INFO - Marking task as SUCCESS. dag_id=calc-rates, task_id=bash_task, execution_date=20230725T223500, start_date=20230725T224000, end_date=20230725T224001
[2023-07-25 22:40:01,096] {local_task_job.py:156} INFO - Task exited with return code 0
[2023-07-25 22:40:01,130] {local_task_job.py:273} INFO - 1 downstream tasks scheduled from follow-on schedule check
