[2023-07-26 04:18:06,955] {taskinstance.py:1179} INFO - Dependencies all met for <TaskInstance: fetch_exchange_rates_dag.bash_task scheduled__2023-07-26T01:00:00+00:00 [queued]>
[2023-07-26 04:18:07,106] {taskinstance.py:1179} INFO - Dependencies all met for <TaskInstance: fetch_exchange_rates_dag.bash_task scheduled__2023-07-26T01:00:00+00:00 [queued]>
[2023-07-26 04:18:07,115] {taskinstance.py:1376} INFO - 
--------------------------------------------------------------------------------
[2023-07-26 04:18:07,119] {taskinstance.py:1377} INFO - Starting attempt 1 of 1
[2023-07-26 04:18:07,127] {taskinstance.py:1378} INFO - 
--------------------------------------------------------------------------------
[2023-07-26 04:18:07,253] {taskinstance.py:1397} INFO - Executing <Task(BashOperator): bash_task> on 2023-07-26 01:00:00+00:00
[2023-07-26 04:18:07,317] {standard_task_runner.py:52} INFO - Started process 6975 to run task
[2023-07-26 04:18:07,336] {standard_task_runner.py:79} INFO - Running: ['***', 'tasks', 'run', 'fetch_exchange_rates_dag', 'bash_task', 'scheduled__2023-07-26T01:00:00+00:00', '--job-id', '36', '--raw', '--subdir', 'DAGS_FOLDER/my_calc_rates.py', '--cfg-path', '/tmp/tmpuj2vl6yp', '--error-file', '/tmp/tmpkovz7moi']
[2023-07-26 04:18:07,346] {standard_task_runner.py:80} INFO - Job 36: Subtask bash_task
[2023-07-26 04:18:07,910] {task_command.py:371} INFO - Running <TaskInstance: fetch_exchange_rates_dag.bash_task scheduled__2023-07-26T01:00:00+00:00 [running]> on host 6e11a261c833
[2023-07-26 04:18:08,817] {taskinstance.py:1591} INFO - Exporting the following env vars:
AIRFLOW_CTX_DAG_OWNER=***
AIRFLOW_CTX_DAG_ID=fetch_exchange_rates_dag
AIRFLOW_CTX_TASK_ID=bash_task
AIRFLOW_CTX_EXECUTION_DATE=2023-07-26T01:00:00+00:00
AIRFLOW_CTX_TRY_NUMBER=1
AIRFLOW_CTX_DAG_RUN_ID=scheduled__2023-07-26T01:00:00+00:00
[2023-07-26 04:18:08,889] {subprocess.py:62} INFO - Tmp dir root location: 
 /tmp
[2023-07-26 04:18:08,909] {subprocess.py:74} INFO - Running command: ['bash', '-c', 'echo "Good morning my diggers!"']
[2023-07-26 04:18:09,010] {subprocess.py:85} INFO - Output:
[2023-07-26 04:18:09,017] {subprocess.py:92} INFO - Good morning my diggers!
[2023-07-26 04:18:09,020] {subprocess.py:96} INFO - Command exited with return code 0
[2023-07-26 04:18:09,338] {taskinstance.py:1420} INFO - Marking task as SUCCESS. dag_id=fetch_exchange_rates_dag, task_id=bash_task, execution_date=20230726T010000, start_date=20230726T041806, end_date=20230726T041809
[2023-07-26 04:18:09,555] {local_task_job.py:156} INFO - Task exited with return code 0
[2023-07-26 04:18:09,809] {local_task_job.py:273} INFO - 0 downstream tasks scheduled from follow-on schedule check
[2023-07-26 05:07:36,677] {taskinstance.py:1179} INFO - Dependencies all met for <TaskInstance: fetch_exchange_rates_dag.bash_task scheduled__2023-07-26T01:00:00+00:00 [queued]>
[2023-07-26 05:07:36,705] {taskinstance.py:1179} INFO - Dependencies all met for <TaskInstance: fetch_exchange_rates_dag.bash_task scheduled__2023-07-26T01:00:00+00:00 [queued]>
[2023-07-26 05:07:36,707] {taskinstance.py:1376} INFO - 
--------------------------------------------------------------------------------
[2023-07-26 05:07:36,711] {taskinstance.py:1377} INFO - Starting attempt 1 of 1
[2023-07-26 05:07:36,722] {taskinstance.py:1378} INFO - 
--------------------------------------------------------------------------------
[2023-07-26 05:07:36,775] {taskinstance.py:1397} INFO - Executing <Task(BashOperator): bash_task> on 2023-07-26 01:00:00+00:00
[2023-07-26 05:07:36,801] {standard_task_runner.py:52} INFO - Started process 2062 to run task
[2023-07-26 05:07:36,811] {standard_task_runner.py:79} INFO - Running: ['***', 'tasks', 'run', 'fetch_exchange_rates_dag', 'bash_task', 'scheduled__2023-07-26T01:00:00+00:00', '--job-id', '538', '--raw', '--subdir', 'DAGS_FOLDER/my_calc_rates.py', '--cfg-path', '/tmp/tmpzf_ufgmi', '--error-file', '/tmp/tmp4cd00eo5']
[2023-07-26 05:07:36,818] {standard_task_runner.py:80} INFO - Job 538: Subtask bash_task
[2023-07-26 05:07:37,050] {task_command.py:371} INFO - Running <TaskInstance: fetch_exchange_rates_dag.bash_task scheduled__2023-07-26T01:00:00+00:00 [running]> on host acb6bca32630
[2023-07-26 05:07:37,462] {taskinstance.py:1591} INFO - Exporting the following env vars:
AIRFLOW_CTX_DAG_OWNER=***
AIRFLOW_CTX_DAG_ID=fetch_exchange_rates_dag
AIRFLOW_CTX_TASK_ID=bash_task
AIRFLOW_CTX_EXECUTION_DATE=2023-07-26T01:00:00+00:00
AIRFLOW_CTX_TRY_NUMBER=1
AIRFLOW_CTX_DAG_RUN_ID=scheduled__2023-07-26T01:00:00+00:00
[2023-07-26 05:07:37,476] {subprocess.py:62} INFO - Tmp dir root location: 
 /tmp
[2023-07-26 05:07:37,484] {subprocess.py:74} INFO - Running command: ['bash', '-c', 'echo "Good morning my diggers!"']
[2023-07-26 05:07:37,569] {subprocess.py:85} INFO - Output:
[2023-07-26 05:07:37,573] {subprocess.py:92} INFO - Good morning my diggers!
[2023-07-26 05:07:37,574] {subprocess.py:96} INFO - Command exited with return code 0
[2023-07-26 05:07:37,667] {taskinstance.py:1420} INFO - Marking task as SUCCESS. dag_id=fetch_exchange_rates_dag, task_id=bash_task, execution_date=20230726T010000, start_date=20230726T050736, end_date=20230726T050737
[2023-07-26 05:07:37,731] {local_task_job.py:156} INFO - Task exited with return code 0
[2023-07-26 05:07:37,847] {local_task_job.py:273} INFO - 1 downstream tasks scheduled from follow-on schedule check
