[2023-07-25 22:30:00,440] {taskinstance.py:1179} INFO - Dependencies all met for <TaskInstance: calc-rates.bash_task scheduled__2023-07-25T22:25:00+00:00 [queued]>
[2023-07-25 22:30:00,447] {taskinstance.py:1179} INFO - Dependencies all met for <TaskInstance: calc-rates.bash_task scheduled__2023-07-25T22:25:00+00:00 [queued]>
[2023-07-25 22:30:00,449] {taskinstance.py:1376} INFO - 
--------------------------------------------------------------------------------
[2023-07-25 22:30:00,449] {taskinstance.py:1377} INFO - Starting attempt 1 of 1
[2023-07-25 22:30:00,450] {taskinstance.py:1378} INFO - 
--------------------------------------------------------------------------------
[2023-07-25 22:30:00,460] {taskinstance.py:1397} INFO - Executing <Task(BashOperator): bash_task> on 2023-07-25 22:25:00+00:00
[2023-07-25 22:30:00,464] {standard_task_runner.py:52} INFO - Started process 15003 to run task
[2023-07-25 22:30:00,467] {standard_task_runner.py:79} INFO - Running: ['***', 'tasks', 'run', 'calc-rates', 'bash_task', 'scheduled__2023-07-25T22:25:00+00:00', '--job-id', '302', '--raw', '--subdir', 'DAGS_FOLDER/calc_rates.py', '--cfg-path', '/tmp/tmpqvwrpjhz', '--error-file', '/tmp/tmp_3h5g2ho']
[2023-07-25 22:30:00,468] {standard_task_runner.py:80} INFO - Job 302: Subtask bash_task
[2023-07-25 22:30:00,533] {task_command.py:371} INFO - Running <TaskInstance: calc-rates.bash_task scheduled__2023-07-25T22:25:00+00:00 [running]> on host 661c8d62a693
[2023-07-25 22:30:00,594] {taskinstance.py:1591} INFO - Exporting the following env vars:
AIRFLOW_CTX_DAG_OWNER=marina_z
AIRFLOW_CTX_DAG_ID=calc-rates
AIRFLOW_CTX_TASK_ID=bash_task
AIRFLOW_CTX_EXECUTION_DATE=2023-07-25T22:25:00+00:00
AIRFLOW_CTX_TRY_NUMBER=1
AIRFLOW_CTX_DAG_RUN_ID=scheduled__2023-07-25T22:25:00+00:00
[2023-07-25 22:30:00,595] {subprocess.py:62} INFO - Tmp dir root location: 
 /tmp
[2023-07-25 22:30:00,596] {subprocess.py:74} INFO - Running command: ['bash', '-c', "echo 'Hello, World!'"]
[2023-07-25 22:30:00,606] {subprocess.py:85} INFO - Output:
[2023-07-25 22:30:00,607] {subprocess.py:92} INFO - Hello, World!
[2023-07-25 22:30:00,608] {subprocess.py:96} INFO - Command exited with return code 0
[2023-07-25 22:30:00,633] {taskinstance.py:1420} INFO - Marking task as SUCCESS. dag_id=calc-rates, task_id=bash_task, execution_date=20230725T222500, start_date=20230725T223000, end_date=20230725T223000
[2023-07-25 22:30:00,679] {local_task_job.py:156} INFO - Task exited with return code 0
[2023-07-25 22:30:00,715] {local_task_job.py:273} INFO - 1 downstream tasks scheduled from follow-on schedule check
