[2023-07-25 18:55:39,718] {taskinstance.py:1179} INFO - Dependencies all met for <TaskInstance: calc-rates.insert_data manual__2023-07-25T18:55:35.900285+00:00 [queued]>
[2023-07-25 18:55:39,727] {taskinstance.py:1179} INFO - Dependencies all met for <TaskInstance: calc-rates.insert_data manual__2023-07-25T18:55:35.900285+00:00 [queued]>
[2023-07-25 18:55:39,728] {taskinstance.py:1376} INFO - 
--------------------------------------------------------------------------------
[2023-07-25 18:55:39,729] {taskinstance.py:1377} INFO - Starting attempt 1 of 1
[2023-07-25 18:55:39,729] {taskinstance.py:1378} INFO - 
--------------------------------------------------------------------------------
[2023-07-25 18:55:39,739] {taskinstance.py:1397} INFO - Executing <Task(PythonOperator): insert_data> on 2023-07-25 18:55:35.900285+00:00
[2023-07-25 18:55:39,743] {standard_task_runner.py:52} INFO - Started process 3731 to run task
[2023-07-25 18:55:39,746] {standard_task_runner.py:79} INFO - Running: ['***', 'tasks', 'run', 'calc-rates', 'insert_data', 'manual__2023-07-25T18:55:35.900285+00:00', '--job-id', '5', '--raw', '--subdir', 'DAGS_FOLDER/calc_rates.py', '--cfg-path', '/tmp/tmp2tond_lz', '--error-file', '/tmp/tmph2rgube0']
[2023-07-25 18:55:39,746] {standard_task_runner.py:80} INFO - Job 5: Subtask insert_data
[2023-07-25 18:55:39,810] {task_command.py:371} INFO - Running <TaskInstance: calc-rates.insert_data manual__2023-07-25T18:55:35.900285+00:00 [running]> on host 661c8d62a693
[2023-07-25 18:55:39,863] {taskinstance.py:1591} INFO - Exporting the following env vars:
AIRFLOW_CTX_DAG_OWNER=***
AIRFLOW_CTX_DAG_ID=calc-rates
AIRFLOW_CTX_TASK_ID=insert_data
AIRFLOW_CTX_EXECUTION_DATE=2023-07-25T18:55:35.900285+00:00
AIRFLOW_CTX_TRY_NUMBER=1
AIRFLOW_CTX_DAG_RUN_ID=manual__2023-07-25T18:55:35.900285+00:00
[2023-07-25 18:55:39,880] {logging_mixin.py:115} INFO - rate_date:  2023-07-25
[2023-07-25 18:55:39,880] {logging_mixin.py:115} INFO - value_:  29150.94736800000100
[2023-07-25 18:55:39,898] {taskinstance.py:1909} ERROR - Task failed with exception
Traceback (most recent call last):
  File "/home/airflow/.local/lib/python3.7/site-packages/airflow/operators/python.py", line 171, in execute
    return_value = self.execute_callable()
  File "/home/airflow/.local/lib/python3.7/site-packages/airflow/operators/python.py", line 189, in execute_callable
    return self.python_callable(*self.op_args, **self.op_kwargs)
  File "/opt/airflow/dags/calc_rates.py", line 88, in insert_data
    pg_conn = get_conn_credentials(dag_variables.get('connection_name'))
  File "/opt/airflow/dags/calc_rates.py", line 51, in get_conn_credentials
    conn = BaseHook.get_connection(conn_id)
  File "/home/airflow/.local/lib/python3.7/site-packages/airflow/hooks/base.py", line 67, in get_connection
    conn = Connection.get_connection_from_secrets(conn_id)
  File "/home/airflow/.local/lib/python3.7/site-packages/airflow/models/connection.py", line 430, in get_connection_from_secrets
    raise AirflowNotFoundException(f"The conn_id `{conn_id}` isn't defined")
airflow.exceptions.AirflowNotFoundException: The conn_id `my_db_conn` isn't defined
[2023-07-25 18:55:39,905] {taskinstance.py:1420} INFO - Marking task as FAILED. dag_id=calc-rates, task_id=insert_data, execution_date=20230725T185535, start_date=20230725T185539, end_date=20230725T185539
[2023-07-25 18:55:39,914] {standard_task_runner.py:97} ERROR - Failed to execute job 5 for task insert_data (The conn_id `my_db_conn` isn't defined; 3731)
[2023-07-25 18:55:39,958] {local_task_job.py:156} INFO - Task exited with return code 1
[2023-07-25 18:55:39,993] {local_task_job.py:273} INFO - 0 downstream tasks scheduled from follow-on schedule check
