[2023-07-26 23:53:47,966] {taskinstance.py:1179} INFO - Dependencies all met for <TaskInstance: fetch_exchange_rates_dag.fetch_exchange_rates_task manual__2023-07-26T23:53:40.459318+00:00 [queued]>
[2023-07-26 23:53:48,018] {taskinstance.py:1179} INFO - Dependencies all met for <TaskInstance: fetch_exchange_rates_dag.fetch_exchange_rates_task manual__2023-07-26T23:53:40.459318+00:00 [queued]>
[2023-07-26 23:53:48,021] {taskinstance.py:1376} INFO - 
--------------------------------------------------------------------------------
[2023-07-26 23:53:48,023] {taskinstance.py:1377} INFO - Starting attempt 1 of 1
[2023-07-26 23:53:48,024] {taskinstance.py:1378} INFO - 
--------------------------------------------------------------------------------
[2023-07-26 23:53:48,115] {taskinstance.py:1397} INFO - Executing <Task(PythonOperator): fetch_exchange_rates_task> on 2023-07-26 23:53:40.459318+00:00
[2023-07-26 23:53:48,125] {standard_task_runner.py:52} INFO - Started process 315 to run task
[2023-07-26 23:53:48,144] {standard_task_runner.py:79} INFO - Running: ['***', 'tasks', 'run', 'fetch_exchange_rates_dag', 'fetch_exchange_rates_task', 'manual__2023-07-26T23:53:40.459318+00:00', '--job-id', '11', '--raw', '--subdir', 'DAGS_FOLDER/my_calc_rates.py', '--cfg-path', '/tmp/tmp49zysqsa', '--error-file', '/tmp/tmp8a8adchc']
[2023-07-26 23:53:48,170] {standard_task_runner.py:80} INFO - Job 11: Subtask fetch_exchange_rates_task
[2023-07-26 23:53:48,394] {task_command.py:371} INFO - Running <TaskInstance: fetch_exchange_rates_dag.fetch_exchange_rates_task manual__2023-07-26T23:53:40.459318+00:00 [running]> on host 43d0198bb36a
[2023-07-26 23:53:48,744] {taskinstance.py:1591} INFO - Exporting the following env vars:
AIRFLOW_CTX_DAG_OWNER=marina_z
AIRFLOW_CTX_DAG_ID=fetch_exchange_rates_dag
AIRFLOW_CTX_TASK_ID=fetch_exchange_rates_task
AIRFLOW_CTX_EXECUTION_DATE=2023-07-26T23:53:40.459318+00:00
AIRFLOW_CTX_TRY_NUMBER=1
AIRFLOW_CTX_DAG_RUN_ID=manual__2023-07-26T23:53:40.459318+00:00
[2023-07-26 23:53:49,203] {logging_mixin.py:115} INFO - Save a new file exchange_latest_BTC.csv
[2023-07-26 23:53:49,205] {logging_mixin.py:115} INFO - Create a new table exchange_latest_BTC
[2023-07-26 23:53:49,253] {logging_mixin.py:115} INFO - Insert into table exchange_latest_BTC
[2023-07-26 23:53:49,636] {logging_mixin.py:115} INFO - Save a new file exchange_latest_EUR.csv
[2023-07-26 23:53:49,639] {logging_mixin.py:115} INFO - Create a new table exchange_latest_EUR
[2023-07-26 23:53:49,653] {logging_mixin.py:115} INFO - Insert into table exchange_latest_EUR
[2023-07-26 23:53:50,035] {logging_mixin.py:115} INFO - Save a new file exchange_latest_GBR.csv
[2023-07-26 23:53:50,036] {logging_mixin.py:115} INFO - Create a new table exchange_latest_GBR
[2023-07-26 23:53:50,052] {logging_mixin.py:115} INFO - Insert into table exchange_latest_GBR
[2023-07-26 23:53:50,451] {logging_mixin.py:115} INFO - Save a new file exchange_latest_JPY.csv
[2023-07-26 23:53:50,454] {logging_mixin.py:115} INFO - Create a new table exchange_latest_JPY
[2023-07-26 23:53:50,469] {logging_mixin.py:115} INFO - Insert into table exchange_latest_JPY
[2023-07-26 23:53:50,925] {logging_mixin.py:115} INFO - Save a new file exchange_latest_CNY.csv
[2023-07-26 23:53:50,932] {logging_mixin.py:115} INFO - Create a new table exchange_latest_CNY
[2023-07-26 23:53:50,952] {logging_mixin.py:115} INFO - Insert into table exchange_latest_CNY
[2023-07-26 23:53:50,974] {python.py:173} INFO - Done. Returned value was: None
[2023-07-26 23:53:51,006] {taskinstance.py:1420} INFO - Marking task as SUCCESS. dag_id=fetch_exchange_rates_dag, task_id=fetch_exchange_rates_task, execution_date=20230726T235340, start_date=20230726T235347, end_date=20230726T235351
[2023-07-26 23:53:51,134] {local_task_job.py:156} INFO - Task exited with return code 0
[2023-07-26 23:53:51,235] {local_task_job.py:273} INFO - 1 downstream tasks scheduled from follow-on schedule check
