[2023-07-26 05:07:18,340] {taskinstance.py:1179} INFO - Dependencies all met for <TaskInstance: fetch_exchange_rates_dag.fetch_exchange_rates_task scheduled__2023-07-25T23:00:00+00:00 [queued]>
[2023-07-26 05:07:18,389] {taskinstance.py:1179} INFO - Dependencies all met for <TaskInstance: fetch_exchange_rates_dag.fetch_exchange_rates_task scheduled__2023-07-25T23:00:00+00:00 [queued]>
[2023-07-26 05:07:18,396] {taskinstance.py:1376} INFO - 
--------------------------------------------------------------------------------
[2023-07-26 05:07:18,403] {taskinstance.py:1377} INFO - Starting attempt 1 of 1
[2023-07-26 05:07:18,404] {taskinstance.py:1378} INFO - 
--------------------------------------------------------------------------------
[2023-07-26 05:07:18,454] {taskinstance.py:1397} INFO - Executing <Task(PythonOperator): fetch_exchange_rates_task> on 2023-07-25 23:00:00+00:00
[2023-07-26 05:07:18,476] {standard_task_runner.py:52} INFO - Started process 1948 to run task
[2023-07-26 05:07:18,475] {standard_task_runner.py:79} INFO - Running: ['***', 'tasks', 'run', 'fetch_exchange_rates_dag', 'fetch_exchange_rates_task', 'scheduled__2023-07-25T23:00:00+00:00', '--job-id', '504', '--raw', '--subdir', 'DAGS_FOLDER/my_calc_rates.py', '--cfg-path', '/tmp/tmprupc2fu7', '--error-file', '/tmp/tmpa4llmou2']
[2023-07-26 05:07:18,479] {standard_task_runner.py:80} INFO - Job 504: Subtask fetch_exchange_rates_task
[2023-07-26 05:07:18,690] {task_command.py:371} INFO - Running <TaskInstance: fetch_exchange_rates_dag.fetch_exchange_rates_task scheduled__2023-07-25T23:00:00+00:00 [running]> on host acb6bca32630
[2023-07-26 05:07:18,928] {taskinstance.py:1591} INFO - Exporting the following env vars:
AIRFLOW_CTX_DAG_OWNER=marina_z
AIRFLOW_CTX_DAG_ID=fetch_exchange_rates_dag
AIRFLOW_CTX_TASK_ID=fetch_exchange_rates_task
AIRFLOW_CTX_EXECUTION_DATE=2023-07-25T23:00:00+00:00
AIRFLOW_CTX_TRY_NUMBER=1
AIRFLOW_CTX_DAG_RUN_ID=scheduled__2023-07-25T23:00:00+00:00
[2023-07-26 05:07:19,402] {logging_mixin.py:115} INFO - Save a new file exchange_latest_BTC.csv
[2023-07-26 05:07:19,403] {logging_mixin.py:115} INFO - Create a new table exchange_latest_BTC
[2023-07-26 05:07:19,410] {logging_mixin.py:115} INFO - Insert into table exchange_latest_BTC
[2023-07-26 05:07:19,428] {taskinstance.py:1909} ERROR - Task failed with exception
Traceback (most recent call last):
  File "/home/airflow/.local/lib/python3.7/site-packages/airflow/operators/python.py", line 171, in execute
    return_value = self.execute_callable()
  File "/home/airflow/.local/lib/python3.7/site-packages/airflow/operators/python.py", line 189, in execute_callable
    return self.python_callable(*self.op_args, **self.op_kwargs)
  File "/opt/airflow/dags/my_calc_rates.py", line 99, in fetch_exchange_rates
    cur.execute(copy_query)
psycopg2.errors.InvalidTextRepresentation: invalid input syntax for type numeric: "2622163,5"
CONTEXT:  COPY exchange_rates_btc, line 2, column exchange_rate: "2622163,5"

[2023-07-26 05:07:19,466] {taskinstance.py:1420} INFO - Marking task as FAILED. dag_id=fetch_exchange_rates_dag, task_id=fetch_exchange_rates_task, execution_date=20230725T230000, start_date=20230726T050718, end_date=20230726T050719
[2023-07-26 05:07:19,512] {standard_task_runner.py:97} ERROR - Failed to execute job 504 for task fetch_exchange_rates_task (invalid input syntax for type numeric: "2622163,5"
CONTEXT:  COPY exchange_rates_btc, line 2, column exchange_rate: "2622163,5"
; 1948)
[2023-07-26 05:07:19,550] {local_task_job.py:156} INFO - Task exited with return code 1
[2023-07-26 05:07:19,691] {local_task_job.py:273} INFO - 0 downstream tasks scheduled from follow-on schedule check
