[2023-07-26 04:18:29,414] {taskinstance.py:1179} INFO - Dependencies all met for <TaskInstance: fetch_exchange_rates_dag.print_csv_table scheduled__2023-07-26T01:30:00+00:00 [queued]>
[2023-07-26 04:18:29,437] {taskinstance.py:1179} INFO - Dependencies all met for <TaskInstance: fetch_exchange_rates_dag.print_csv_table scheduled__2023-07-26T01:30:00+00:00 [queued]>
[2023-07-26 04:18:29,438] {taskinstance.py:1376} INFO - 
--------------------------------------------------------------------------------
[2023-07-26 04:18:29,439] {taskinstance.py:1377} INFO - Starting attempt 1 of 1
[2023-07-26 04:18:29,440] {taskinstance.py:1378} INFO - 
--------------------------------------------------------------------------------
[2023-07-26 04:18:29,470] {taskinstance.py:1397} INFO - Executing <Task(PythonOperator): print_csv_table> on 2023-07-26 01:30:00+00:00
[2023-07-26 04:18:29,477] {standard_task_runner.py:52} INFO - Started process 7139 to run task
[2023-07-26 04:18:29,487] {standard_task_runner.py:79} INFO - Running: ['***', 'tasks', 'run', 'fetch_exchange_rates_dag', 'print_csv_table', 'scheduled__2023-07-26T01:30:00+00:00', '--job-id', '87', '--raw', '--subdir', 'DAGS_FOLDER/my_calc_rates.py', '--cfg-path', '/tmp/tmpxxbrqun2', '--error-file', '/tmp/tmp8us4tv84']
[2023-07-26 04:18:29,489] {standard_task_runner.py:80} INFO - Job 87: Subtask print_csv_table
[2023-07-26 04:18:29,651] {task_command.py:371} INFO - Running <TaskInstance: fetch_exchange_rates_dag.print_csv_table scheduled__2023-07-26T01:30:00+00:00 [running]> on host 6e11a261c833
[2023-07-26 04:18:29,784] {taskinstance.py:1591} INFO - Exporting the following env vars:
AIRFLOW_CTX_DAG_OWNER=marina_z
AIRFLOW_CTX_DAG_ID=fetch_exchange_rates_dag
AIRFLOW_CTX_TASK_ID=print_csv_table
AIRFLOW_CTX_EXECUTION_DATE=2023-07-26T01:30:00+00:00
AIRFLOW_CTX_TRY_NUMBER=1
AIRFLOW_CTX_DAG_RUN_ID=scheduled__2023-07-26T01:30:00+00:00
[2023-07-26 04:18:29,821] {logging_mixin.py:115} INFO -   exchange_id  exchange_rate base_exchange        date
0         RUB   2.622164e+06           BTC  2023-07-26
1         RUB   9.960367e+01           EUR  2023-07-26
2         RUB   9.964221e+01           EUR  2023-07-26
3         RUB   6.397940e-01           JPY  2023-07-26
4         RUB   1.263880e+01           CNY  2023-07-26
[2023-07-26 04:18:29,822] {python.py:173} INFO - Done. Returned value was: None
[2023-07-26 04:18:29,846] {taskinstance.py:1420} INFO - Marking task as SUCCESS. dag_id=fetch_exchange_rates_dag, task_id=print_csv_table, execution_date=20230726T013000, start_date=20230726T041829, end_date=20230726T041829
[2023-07-26 04:18:29,908] {local_task_job.py:156} INFO - Task exited with return code 0
[2023-07-26 04:18:29,973] {local_task_job.py:273} INFO - 0 downstream tasks scheduled from follow-on schedule check
