[2023-07-25 20:34:49,868] {taskinstance.py:1179} INFO - Dependencies all met for <TaskInstance: fetch_exchange_rates_dag.fetch_exchange_rates_task scheduled__2023-07-25T02:50:00+00:00 [queued]>
[2023-07-25 20:34:49,889] {taskinstance.py:1179} INFO - Dependencies all met for <TaskInstance: fetch_exchange_rates_dag.fetch_exchange_rates_task scheduled__2023-07-25T02:50:00+00:00 [queued]>
[2023-07-25 20:34:49,890] {taskinstance.py:1376} INFO - 
--------------------------------------------------------------------------------
[2023-07-25 20:34:49,892] {taskinstance.py:1377} INFO - Starting attempt 1 of 1
[2023-07-25 20:34:49,894] {taskinstance.py:1378} INFO - 
--------------------------------------------------------------------------------
[2023-07-25 20:34:49,949] {taskinstance.py:1397} INFO - Executing <Task(PythonOperator): fetch_exchange_rates_task> on 2023-07-25 02:50:00+00:00
[2023-07-25 20:34:49,961] {standard_task_runner.py:52} INFO - Started process 8842 to run task
[2023-07-25 20:34:49,970] {standard_task_runner.py:79} INFO - Running: ['***', 'tasks', 'run', 'fetch_exchange_rates_dag', 'fetch_exchange_rates_task', 'scheduled__2023-07-25T02:50:00+00:00', '--job-id', '109', '--raw', '--subdir', 'DAGS_FOLDER/my_calc_rates.py', '--cfg-path', '/tmp/tmpf88vwhza', '--error-file', '/tmp/tmpigt8f_a1']
[2023-07-25 20:34:49,972] {standard_task_runner.py:80} INFO - Job 109: Subtask fetch_exchange_rates_task
[2023-07-25 20:34:50,134] {task_command.py:371} INFO - Running <TaskInstance: fetch_exchange_rates_dag.fetch_exchange_rates_task scheduled__2023-07-25T02:50:00+00:00 [running]> on host 661c8d62a693
[2023-07-25 20:34:50,268] {taskinstance.py:1591} INFO - Exporting the following env vars:
AIRFLOW_CTX_DAG_OWNER=marina_z
AIRFLOW_CTX_DAG_ID=fetch_exchange_rates_dag
AIRFLOW_CTX_TASK_ID=fetch_exchange_rates_task
AIRFLOW_CTX_EXECUTION_DATE=2023-07-25T02:50:00+00:00
AIRFLOW_CTX_TRY_NUMBER=1
AIRFLOW_CTX_DAG_RUN_ID=scheduled__2023-07-25T02:50:00+00:00
[2023-07-25 20:34:52,147] {taskinstance.py:1909} ERROR - Task failed with exception
Traceback (most recent call last):
  File "/home/airflow/.local/lib/python3.7/site-packages/airflow/operators/python.py", line 171, in execute
    return_value = self.execute_callable()
  File "/home/airflow/.local/lib/python3.7/site-packages/airflow/operators/python.py", line 189, in execute_callable
    return self.python_callable(*self.op_args, **self.op_kwargs)
  File "/opt/airflow/dags/my_calc_rates.py", line 69, in fetch_exchange_rates
    load_to_postgres = PostgresOperator(
NameError: name 'PostgresOperator' is not defined
[2023-07-25 20:34:52,191] {taskinstance.py:1420} INFO - Marking task as FAILED. dag_id=fetch_exchange_rates_dag, task_id=fetch_exchange_rates_task, execution_date=20230725T025000, start_date=20230725T203449, end_date=20230725T203452
[2023-07-25 20:34:52,238] {standard_task_runner.py:97} ERROR - Failed to execute job 109 for task fetch_exchange_rates_task (name 'PostgresOperator' is not defined; 8842)
[2023-07-25 20:34:52,454] {local_task_job.py:156} INFO - Task exited with return code 1
[2023-07-25 20:34:52,726] {local_task_job.py:273} INFO - 0 downstream tasks scheduled from follow-on schedule check
[2023-07-26 05:03:45,609] {taskinstance.py:1179} INFO - Dependencies all met for <TaskInstance: fetch_exchange_rates_dag.fetch_exchange_rates_task scheduled__2023-07-25T02:50:00+00:00 [queued]>
[2023-07-26 05:03:45,681] {taskinstance.py:1179} INFO - Dependencies all met for <TaskInstance: fetch_exchange_rates_dag.fetch_exchange_rates_task scheduled__2023-07-25T02:50:00+00:00 [queued]>
[2023-07-26 05:03:45,681] {taskinstance.py:1376} INFO - 
--------------------------------------------------------------------------------
[2023-07-26 05:03:45,682] {taskinstance.py:1377} INFO - Starting attempt 1 of 1
[2023-07-26 05:03:45,683] {taskinstance.py:1378} INFO - 
--------------------------------------------------------------------------------
[2023-07-26 05:03:45,783] {taskinstance.py:1397} INFO - Executing <Task(PythonOperator): fetch_exchange_rates_task> on 2023-07-25 02:50:00+00:00
[2023-07-26 05:03:45,833] {standard_task_runner.py:52} INFO - Started process 409 to run task
[2023-07-26 05:03:45,849] {standard_task_runner.py:79} INFO - Running: ['***', 'tasks', 'run', 'fetch_exchange_rates_dag', 'fetch_exchange_rates_task', 'scheduled__2023-07-25T02:50:00+00:00', '--job-id', '68', '--raw', '--subdir', 'DAGS_FOLDER/my_calc_rates.py', '--cfg-path', '/tmp/tmpjduouccv', '--error-file', '/tmp/tmpmrh3h02l']
[2023-07-26 05:03:45,856] {standard_task_runner.py:80} INFO - Job 68: Subtask fetch_exchange_rates_task
[2023-07-26 05:03:46,225] {task_command.py:371} INFO - Running <TaskInstance: fetch_exchange_rates_dag.fetch_exchange_rates_task scheduled__2023-07-25T02:50:00+00:00 [running]> on host acb6bca32630
[2023-07-26 05:03:46,564] {taskinstance.py:1591} INFO - Exporting the following env vars:
AIRFLOW_CTX_DAG_OWNER=marina_z
AIRFLOW_CTX_DAG_ID=fetch_exchange_rates_dag
AIRFLOW_CTX_TASK_ID=fetch_exchange_rates_task
AIRFLOW_CTX_EXECUTION_DATE=2023-07-25T02:50:00+00:00
AIRFLOW_CTX_TRY_NUMBER=1
AIRFLOW_CTX_DAG_RUN_ID=scheduled__2023-07-25T02:50:00+00:00
[2023-07-26 05:03:47,042] {logging_mixin.py:115} INFO - Save a new file exchange_latest_BTC.csv
[2023-07-26 05:03:47,049] {logging_mixin.py:115} INFO - Create a new table exchange_latest_BTC
[2023-07-26 05:03:47,057] {logging_mixin.py:115} INFO - Insert into table exchange_latest_BTC
[2023-07-26 05:03:47,526] {logging_mixin.py:115} INFO - Save a new file exchange_latest_EUR.csv
[2023-07-26 05:03:47,527] {logging_mixin.py:115} INFO - Create a new table exchange_latest_EUR
[2023-07-26 05:03:47,532] {logging_mixin.py:115} INFO - Insert into table exchange_latest_EUR
[2023-07-26 05:03:47,891] {logging_mixin.py:115} INFO - Save a new file exchange_latest_GBR.csv
[2023-07-26 05:03:47,892] {logging_mixin.py:115} INFO - Create a new table exchange_latest_GBR
[2023-07-26 05:03:47,901] {logging_mixin.py:115} INFO - Insert into table exchange_latest_GBR
[2023-07-26 05:03:48,248] {logging_mixin.py:115} INFO - Save a new file exchange_latest_JPY.csv
[2023-07-26 05:03:48,249] {logging_mixin.py:115} INFO - Create a new table exchange_latest_JPY
[2023-07-26 05:03:48,253] {logging_mixin.py:115} INFO - Insert into table exchange_latest_JPY
[2023-07-26 05:03:48,600] {logging_mixin.py:115} INFO - Save a new file exchange_latest_CNY.csv
[2023-07-26 05:03:48,601] {logging_mixin.py:115} INFO - Create a new table exchange_latest_CNY
[2023-07-26 05:03:48,607] {logging_mixin.py:115} INFO - Insert into table exchange_latest_CNY
[2023-07-26 05:03:48,621] {python.py:173} INFO - Done. Returned value was: None
[2023-07-26 05:03:48,683] {taskinstance.py:1420} INFO - Marking task as SUCCESS. dag_id=fetch_exchange_rates_dag, task_id=fetch_exchange_rates_task, execution_date=20230725T025000, start_date=20230726T050345, end_date=20230726T050348
[2023-07-26 05:03:48,893] {local_task_job.py:156} INFO - Task exited with return code 0
[2023-07-26 05:03:49,241] {local_task_job.py:273} INFO - 1 downstream tasks scheduled from follow-on schedule check
