[2023-07-26 02:15:02,289] {taskinstance.py:1179} INFO - Dependencies all met for <TaskInstance: fetch_exchange_rates_dag.bash_task manual__2023-07-26T02:15:00.945151+00:00 [queued]>
[2023-07-26 02:15:02,297] {taskinstance.py:1179} INFO - Dependencies all met for <TaskInstance: fetch_exchange_rates_dag.bash_task manual__2023-07-26T02:15:00.945151+00:00 [queued]>
[2023-07-26 02:15:02,298] {taskinstance.py:1376} INFO - 
--------------------------------------------------------------------------------
[2023-07-26 02:15:02,299] {taskinstance.py:1377} INFO - Starting attempt 1 of 1
[2023-07-26 02:15:02,300] {taskinstance.py:1378} INFO - 
--------------------------------------------------------------------------------
[2023-07-26 02:15:02,314] {taskinstance.py:1397} INFO - Executing <Task(BashOperator): bash_task> on 2023-07-26 02:15:00.945151+00:00
[2023-07-26 02:15:02,320] {standard_task_runner.py:52} INFO - Started process 832 to run task
[2023-07-26 02:15:02,323] {standard_task_runner.py:79} INFO - Running: ['***', 'tasks', 'run', 'fetch_exchange_rates_dag', 'bash_task', 'manual__2023-07-26T02:15:00.945151+00:00', '--job-id', '9', '--raw', '--subdir', 'DAGS_FOLDER/my_calc_rates.py', '--cfg-path', '/tmp/tmp7hrxk1zo', '--error-file', '/tmp/tmpkdar5sph']
[2023-07-26 02:15:02,325] {standard_task_runner.py:80} INFO - Job 9: Subtask bash_task
[2023-07-26 02:15:02,405] {task_command.py:371} INFO - Running <TaskInstance: fetch_exchange_rates_dag.bash_task manual__2023-07-26T02:15:00.945151+00:00 [running]> on host 6e11a261c833
[2023-07-26 02:15:02,477] {taskinstance.py:1591} INFO - Exporting the following env vars:
AIRFLOW_CTX_DAG_OWNER=***
AIRFLOW_CTX_DAG_ID=fetch_exchange_rates_dag
AIRFLOW_CTX_TASK_ID=bash_task
AIRFLOW_CTX_EXECUTION_DATE=2023-07-26T02:15:00.945151+00:00
AIRFLOW_CTX_TRY_NUMBER=1
AIRFLOW_CTX_DAG_RUN_ID=manual__2023-07-26T02:15:00.945151+00:00
[2023-07-26 02:15:02,479] {subprocess.py:62} INFO - Tmp dir root location: 
 /tmp
[2023-07-26 02:15:02,481] {subprocess.py:74} INFO - Running command: ['bash', '-c', 'Good morning my diggers!']
[2023-07-26 02:15:02,495] {subprocess.py:85} INFO - Output:
[2023-07-26 02:15:02,500] {subprocess.py:92} INFO - bash: line 1: Good: command not found
[2023-07-26 02:15:02,501] {subprocess.py:96} INFO - Command exited with return code 127
[2023-07-26 02:15:02,514] {taskinstance.py:1909} ERROR - Task failed with exception
Traceback (most recent call last):
  File "/home/airflow/.local/lib/python3.7/site-packages/airflow/operators/bash.py", line 195, in execute
    f'Bash command failed. The command returned a non-zero exit code {result.exit_code}.'
airflow.exceptions.AirflowException: Bash command failed. The command returned a non-zero exit code 127.
[2023-07-26 02:15:02,522] {taskinstance.py:1420} INFO - Marking task as FAILED. dag_id=fetch_exchange_rates_dag, task_id=bash_task, execution_date=20230726T021500, start_date=20230726T021502, end_date=20230726T021502
[2023-07-26 02:15:02,536] {standard_task_runner.py:97} ERROR - Failed to execute job 9 for task bash_task (Bash command failed. The command returned a non-zero exit code 127.; 832)
[2023-07-26 02:15:02,576] {local_task_job.py:156} INFO - Task exited with return code 1
[2023-07-26 02:15:02,623] {local_task_job.py:273} INFO - 0 downstream tasks scheduled from follow-on schedule check
