[2023-07-26 04:18:10,120] {taskinstance.py:1179} INFO - Dependencies all met for <TaskInstance: fetch_exchange_rates_dag.bash_task scheduled__2023-07-26T01:30:00+00:00 [queued]>
[2023-07-26 04:18:10,183] {taskinstance.py:1179} INFO - Dependencies all met for <TaskInstance: fetch_exchange_rates_dag.bash_task scheduled__2023-07-26T01:30:00+00:00 [queued]>
[2023-07-26 04:18:10,190] {taskinstance.py:1376} INFO - 
--------------------------------------------------------------------------------
[2023-07-26 04:18:10,192] {taskinstance.py:1377} INFO - Starting attempt 1 of 1
[2023-07-26 04:18:10,194] {taskinstance.py:1378} INFO - 
--------------------------------------------------------------------------------
[2023-07-26 04:18:10,277] {taskinstance.py:1397} INFO - Executing <Task(BashOperator): bash_task> on 2023-07-26 01:30:00+00:00
[2023-07-26 04:18:10,292] {standard_task_runner.py:52} INFO - Started process 7001 to run task
[2023-07-26 04:18:10,327] {standard_task_runner.py:79} INFO - Running: ['***', 'tasks', 'run', 'fetch_exchange_rates_dag', 'bash_task', 'scheduled__2023-07-26T01:30:00+00:00', '--job-id', '40', '--raw', '--subdir', 'DAGS_FOLDER/my_calc_rates.py', '--cfg-path', '/tmp/tmp_mpf8087', '--error-file', '/tmp/tmpilagrhre']
[2023-07-26 04:18:10,335] {standard_task_runner.py:80} INFO - Job 40: Subtask bash_task
[2023-07-26 04:18:10,587] {task_command.py:371} INFO - Running <TaskInstance: fetch_exchange_rates_dag.bash_task scheduled__2023-07-26T01:30:00+00:00 [running]> on host 6e11a261c833
[2023-07-26 04:18:10,793] {taskinstance.py:1591} INFO - Exporting the following env vars:
AIRFLOW_CTX_DAG_OWNER=***
AIRFLOW_CTX_DAG_ID=fetch_exchange_rates_dag
AIRFLOW_CTX_TASK_ID=bash_task
AIRFLOW_CTX_EXECUTION_DATE=2023-07-26T01:30:00+00:00
AIRFLOW_CTX_TRY_NUMBER=1
AIRFLOW_CTX_DAG_RUN_ID=scheduled__2023-07-26T01:30:00+00:00
[2023-07-26 04:18:10,800] {subprocess.py:62} INFO - Tmp dir root location: 
 /tmp
[2023-07-26 04:18:10,803] {subprocess.py:74} INFO - Running command: ['bash', '-c', 'echo "Good morning my diggers!"']
[2023-07-26 04:18:10,920] {subprocess.py:85} INFO - Output:
[2023-07-26 04:18:10,940] {subprocess.py:92} INFO - Good morning my diggers!
[2023-07-26 04:18:10,941] {subprocess.py:96} INFO - Command exited with return code 0
[2023-07-26 04:18:11,081] {taskinstance.py:1420} INFO - Marking task as SUCCESS. dag_id=fetch_exchange_rates_dag, task_id=bash_task, execution_date=20230726T013000, start_date=20230726T041810, end_date=20230726T041811
[2023-07-26 04:18:11,175] {local_task_job.py:156} INFO - Task exited with return code 0
[2023-07-26 04:18:11,265] {local_task_job.py:273} INFO - 1 downstream tasks scheduled from follow-on schedule check
[2023-07-26 05:07:37,833] {taskinstance.py:1179} INFO - Dependencies all met for <TaskInstance: fetch_exchange_rates_dag.bash_task scheduled__2023-07-26T01:30:00+00:00 [queued]>
[2023-07-26 05:07:37,867] {taskinstance.py:1179} INFO - Dependencies all met for <TaskInstance: fetch_exchange_rates_dag.bash_task scheduled__2023-07-26T01:30:00+00:00 [queued]>
[2023-07-26 05:07:37,868] {taskinstance.py:1376} INFO - 
--------------------------------------------------------------------------------
[2023-07-26 05:07:37,869] {taskinstance.py:1377} INFO - Starting attempt 1 of 1
[2023-07-26 05:07:37,869] {taskinstance.py:1378} INFO - 
--------------------------------------------------------------------------------
[2023-07-26 05:07:37,969] {taskinstance.py:1397} INFO - Executing <Task(BashOperator): bash_task> on 2023-07-26 01:30:00+00:00
[2023-07-26 05:07:38,003] {standard_task_runner.py:52} INFO - Started process 2075 to run task
[2023-07-26 05:07:38,018] {standard_task_runner.py:79} INFO - Running: ['***', 'tasks', 'run', 'fetch_exchange_rates_dag', 'bash_task', 'scheduled__2023-07-26T01:30:00+00:00', '--job-id', '541', '--raw', '--subdir', 'DAGS_FOLDER/my_calc_rates.py', '--cfg-path', '/tmp/tmp7h21ooi5', '--error-file', '/tmp/tmpk9da__w2']
[2023-07-26 05:07:38,025] {standard_task_runner.py:80} INFO - Job 541: Subtask bash_task
[2023-07-26 05:07:38,285] {task_command.py:371} INFO - Running <TaskInstance: fetch_exchange_rates_dag.bash_task scheduled__2023-07-26T01:30:00+00:00 [running]> on host acb6bca32630
[2023-07-26 05:07:38,604] {taskinstance.py:1591} INFO - Exporting the following env vars:
AIRFLOW_CTX_DAG_OWNER=***
AIRFLOW_CTX_DAG_ID=fetch_exchange_rates_dag
AIRFLOW_CTX_TASK_ID=bash_task
AIRFLOW_CTX_EXECUTION_DATE=2023-07-26T01:30:00+00:00
AIRFLOW_CTX_TRY_NUMBER=1
AIRFLOW_CTX_DAG_RUN_ID=scheduled__2023-07-26T01:30:00+00:00
[2023-07-26 05:07:38,607] {subprocess.py:62} INFO - Tmp dir root location: 
 /tmp
[2023-07-26 05:07:38,609] {subprocess.py:74} INFO - Running command: ['bash', '-c', 'echo "Good morning my diggers!"']
[2023-07-26 05:07:38,671] {subprocess.py:85} INFO - Output:
[2023-07-26 05:07:38,675] {subprocess.py:92} INFO - Good morning my diggers!
[2023-07-26 05:07:38,693] {subprocess.py:96} INFO - Command exited with return code 0
[2023-07-26 05:07:38,768] {taskinstance.py:1420} INFO - Marking task as SUCCESS. dag_id=fetch_exchange_rates_dag, task_id=bash_task, execution_date=20230726T013000, start_date=20230726T050737, end_date=20230726T050738
[2023-07-26 05:07:38,880] {local_task_job.py:156} INFO - Task exited with return code 0
[2023-07-26 05:07:39,016] {local_task_job.py:273} INFO - 1 downstream tasks scheduled from follow-on schedule check
