[2023-07-26 04:18:04,741] {taskinstance.py:1179} INFO - Dependencies all met for <TaskInstance: fetch_exchange_rates_dag.bash_task scheduled__2023-07-26T00:10:00+00:00 [queued]>
[2023-07-26 04:18:04,790] {taskinstance.py:1179} INFO - Dependencies all met for <TaskInstance: fetch_exchange_rates_dag.bash_task scheduled__2023-07-26T00:10:00+00:00 [queued]>
[2023-07-26 04:18:04,793] {taskinstance.py:1376} INFO - 
--------------------------------------------------------------------------------
[2023-07-26 04:18:04,794] {taskinstance.py:1377} INFO - Starting attempt 1 of 1
[2023-07-26 04:18:04,796] {taskinstance.py:1378} INFO - 
--------------------------------------------------------------------------------
[2023-07-26 04:18:04,827] {taskinstance.py:1397} INFO - Executing <Task(BashOperator): bash_task> on 2023-07-26 00:10:00+00:00
[2023-07-26 04:18:04,834] {standard_task_runner.py:52} INFO - Started process 6952 to run task
[2023-07-26 04:18:04,841] {standard_task_runner.py:79} INFO - Running: ['***', 'tasks', 'run', 'fetch_exchange_rates_dag', 'bash_task', 'scheduled__2023-07-26T00:10:00+00:00', '--job-id', '32', '--raw', '--subdir', 'DAGS_FOLDER/my_calc_rates.py', '--cfg-path', '/tmp/tmp8n2l7c__', '--error-file', '/tmp/tmpamod0deq']
[2023-07-26 04:18:04,845] {standard_task_runner.py:80} INFO - Job 32: Subtask bash_task
[2023-07-26 04:18:05,038] {task_command.py:371} INFO - Running <TaskInstance: fetch_exchange_rates_dag.bash_task scheduled__2023-07-26T00:10:00+00:00 [running]> on host 6e11a261c833
[2023-07-26 04:18:05,196] {taskinstance.py:1591} INFO - Exporting the following env vars:
AIRFLOW_CTX_DAG_OWNER=***
AIRFLOW_CTX_DAG_ID=fetch_exchange_rates_dag
AIRFLOW_CTX_TASK_ID=bash_task
AIRFLOW_CTX_EXECUTION_DATE=2023-07-26T00:10:00+00:00
AIRFLOW_CTX_TRY_NUMBER=1
AIRFLOW_CTX_DAG_RUN_ID=scheduled__2023-07-26T00:10:00+00:00
[2023-07-26 04:18:05,206] {subprocess.py:62} INFO - Tmp dir root location: 
 /tmp
[2023-07-26 04:18:05,209] {subprocess.py:74} INFO - Running command: ['bash', '-c', 'echo "Good morning my diggers!"']
[2023-07-26 04:18:05,252] {subprocess.py:85} INFO - Output:
[2023-07-26 04:18:05,260] {subprocess.py:92} INFO - Good morning my diggers!
[2023-07-26 04:18:05,262] {subprocess.py:96} INFO - Command exited with return code 0
[2023-07-26 04:18:05,329] {taskinstance.py:1420} INFO - Marking task as SUCCESS. dag_id=fetch_exchange_rates_dag, task_id=bash_task, execution_date=20230726T001000, start_date=20230726T041804, end_date=20230726T041805
[2023-07-26 04:18:05,412] {local_task_job.py:156} INFO - Task exited with return code 0
[2023-07-26 04:18:05,497] {local_task_job.py:273} INFO - 1 downstream tasks scheduled from follow-on schedule check
[2023-07-26 05:07:19,617] {taskinstance.py:1179} INFO - Dependencies all met for <TaskInstance: fetch_exchange_rates_dag.bash_task scheduled__2023-07-26T00:10:00+00:00 [queued]>
[2023-07-26 05:07:19,644] {taskinstance.py:1179} INFO - Dependencies all met for <TaskInstance: fetch_exchange_rates_dag.bash_task scheduled__2023-07-26T00:10:00+00:00 [queued]>
[2023-07-26 05:07:19,646] {taskinstance.py:1376} INFO - 
--------------------------------------------------------------------------------
[2023-07-26 05:07:19,648] {taskinstance.py:1377} INFO - Starting attempt 1 of 1
[2023-07-26 05:07:19,649] {taskinstance.py:1378} INFO - 
--------------------------------------------------------------------------------
[2023-07-26 05:07:19,692] {taskinstance.py:1397} INFO - Executing <Task(BashOperator): bash_task> on 2023-07-26 00:10:00+00:00
[2023-07-26 05:07:19,704] {standard_task_runner.py:52} INFO - Started process 1956 to run task
[2023-07-26 05:07:19,726] {standard_task_runner.py:79} INFO - Running: ['***', 'tasks', 'run', 'fetch_exchange_rates_dag', 'bash_task', 'scheduled__2023-07-26T00:10:00+00:00', '--job-id', '509', '--raw', '--subdir', 'DAGS_FOLDER/my_calc_rates.py', '--cfg-path', '/tmp/tmpxf8er0n0', '--error-file', '/tmp/tmp011crb_j']
[2023-07-26 05:07:19,729] {standard_task_runner.py:80} INFO - Job 509: Subtask bash_task
[2023-07-26 05:07:19,922] {task_command.py:371} INFO - Running <TaskInstance: fetch_exchange_rates_dag.bash_task scheduled__2023-07-26T00:10:00+00:00 [running]> on host acb6bca32630
[2023-07-26 05:07:20,104] {taskinstance.py:1591} INFO - Exporting the following env vars:
AIRFLOW_CTX_DAG_OWNER=***
AIRFLOW_CTX_DAG_ID=fetch_exchange_rates_dag
AIRFLOW_CTX_TASK_ID=bash_task
AIRFLOW_CTX_EXECUTION_DATE=2023-07-26T00:10:00+00:00
AIRFLOW_CTX_TRY_NUMBER=1
AIRFLOW_CTX_DAG_RUN_ID=scheduled__2023-07-26T00:10:00+00:00
[2023-07-26 05:07:20,106] {subprocess.py:62} INFO - Tmp dir root location: 
 /tmp
[2023-07-26 05:07:20,108] {subprocess.py:74} INFO - Running command: ['bash', '-c', 'echo "Good morning my diggers!"']
[2023-07-26 05:07:20,133] {subprocess.py:85} INFO - Output:
[2023-07-26 05:07:20,137] {subprocess.py:92} INFO - Good morning my diggers!
[2023-07-26 05:07:20,139] {subprocess.py:96} INFO - Command exited with return code 0
[2023-07-26 05:07:20,254] {taskinstance.py:1420} INFO - Marking task as SUCCESS. dag_id=fetch_exchange_rates_dag, task_id=bash_task, execution_date=20230726T001000, start_date=20230726T050719, end_date=20230726T050720
[2023-07-26 05:07:20,383] {local_task_job.py:156} INFO - Task exited with return code 0
[2023-07-26 05:07:20,603] {local_task_job.py:273} INFO - 1 downstream tasks scheduled from follow-on schedule check
