[2023-07-25 20:38:49,644] {taskinstance.py:1179} INFO - Dependencies all met for <TaskInstance: fetch_exchange_rates_dag.fetch_exchange_rates_task scheduled__2023-07-25T19:10:00+00:00 [queued]>
[2023-07-25 20:38:49,663] {taskinstance.py:1179} INFO - Dependencies all met for <TaskInstance: fetch_exchange_rates_dag.fetch_exchange_rates_task scheduled__2023-07-25T19:10:00+00:00 [queued]>
[2023-07-25 20:38:49,665] {taskinstance.py:1376} INFO - 
--------------------------------------------------------------------------------
[2023-07-25 20:38:49,665] {taskinstance.py:1377} INFO - Starting attempt 1 of 1
[2023-07-25 20:38:49,666] {taskinstance.py:1378} INFO - 
--------------------------------------------------------------------------------
[2023-07-25 20:38:49,693] {taskinstance.py:1397} INFO - Executing <Task(PythonOperator): fetch_exchange_rates_task> on 2023-07-25 19:10:00+00:00
[2023-07-25 20:38:49,700] {standard_task_runner.py:52} INFO - Started process 9340 to run task
[2023-07-25 20:38:49,708] {standard_task_runner.py:79} INFO - Running: ['***', 'tasks', 'run', 'fetch_exchange_rates_dag', 'fetch_exchange_rates_task', 'scheduled__2023-07-25T19:10:00+00:00', '--job-id', '213', '--raw', '--subdir', 'DAGS_FOLDER/my_calc_rates.py', '--cfg-path', '/tmp/tmpbe9ph__k', '--error-file', '/tmp/tmpu398xwd1']
[2023-07-25 20:38:49,713] {standard_task_runner.py:80} INFO - Job 213: Subtask fetch_exchange_rates_task
[2023-07-25 20:38:49,899] {task_command.py:371} INFO - Running <TaskInstance: fetch_exchange_rates_dag.fetch_exchange_rates_task scheduled__2023-07-25T19:10:00+00:00 [running]> on host 661c8d62a693
[2023-07-25 20:38:50,129] {taskinstance.py:1591} INFO - Exporting the following env vars:
AIRFLOW_CTX_DAG_OWNER=marina_z
AIRFLOW_CTX_DAG_ID=fetch_exchange_rates_dag
AIRFLOW_CTX_TASK_ID=fetch_exchange_rates_task
AIRFLOW_CTX_EXECUTION_DATE=2023-07-25T19:10:00+00:00
AIRFLOW_CTX_TRY_NUMBER=1
AIRFLOW_CTX_DAG_RUN_ID=scheduled__2023-07-25T19:10:00+00:00
[2023-07-25 20:38:51,708] {taskinstance.py:1909} ERROR - Task failed with exception
Traceback (most recent call last):
  File "/home/airflow/.local/lib/python3.7/site-packages/airflow/operators/python.py", line 171, in execute
    return_value = self.execute_callable()
  File "/home/airflow/.local/lib/python3.7/site-packages/airflow/operators/python.py", line 189, in execute_callable
    return self.python_callable(*self.op_args, **self.op_kwargs)
  File "/opt/airflow/dags/my_calc_rates.py", line 69, in fetch_exchange_rates
    load_to_postgres = PostgresOperator(
NameError: name 'PostgresOperator' is not defined
[2023-07-25 20:38:51,728] {taskinstance.py:1420} INFO - Marking task as FAILED. dag_id=fetch_exchange_rates_dag, task_id=fetch_exchange_rates_task, execution_date=20230725T191000, start_date=20230725T203849, end_date=20230725T203851
[2023-07-25 20:38:51,740] {standard_task_runner.py:97} ERROR - Failed to execute job 213 for task fetch_exchange_rates_task (name 'PostgresOperator' is not defined; 9340)
[2023-07-25 20:38:51,777] {local_task_job.py:156} INFO - Task exited with return code 1
[2023-07-25 20:38:51,806] {local_task_job.py:273} INFO - 0 downstream tasks scheduled from follow-on schedule check
[2023-07-26 05:06:26,286] {taskinstance.py:1179} INFO - Dependencies all met for <TaskInstance: fetch_exchange_rates_dag.fetch_exchange_rates_task scheduled__2023-07-25T19:10:00+00:00 [queued]>
[2023-07-26 05:06:26,342] {taskinstance.py:1179} INFO - Dependencies all met for <TaskInstance: fetch_exchange_rates_dag.fetch_exchange_rates_task scheduled__2023-07-25T19:10:00+00:00 [queued]>
[2023-07-26 05:06:26,342] {taskinstance.py:1376} INFO - 
--------------------------------------------------------------------------------
[2023-07-26 05:06:26,344] {taskinstance.py:1377} INFO - Starting attempt 1 of 1
[2023-07-26 05:06:26,349] {taskinstance.py:1378} INFO - 
--------------------------------------------------------------------------------
[2023-07-26 05:06:26,427] {taskinstance.py:1397} INFO - Executing <Task(PythonOperator): fetch_exchange_rates_task> on 2023-07-25 19:10:00+00:00
[2023-07-26 05:06:26,471] {standard_task_runner.py:52} INFO - Started process 1585 to run task
[2023-07-26 05:06:26,489] {standard_task_runner.py:79} INFO - Running: ['***', 'tasks', 'run', 'fetch_exchange_rates_dag', 'fetch_exchange_rates_task', 'scheduled__2023-07-25T19:10:00+00:00', '--job-id', '399', '--raw', '--subdir', 'DAGS_FOLDER/my_calc_rates.py', '--cfg-path', '/tmp/tmpix158gmu', '--error-file', '/tmp/tmpoaep11wh']
[2023-07-26 05:06:26,504] {standard_task_runner.py:80} INFO - Job 399: Subtask fetch_exchange_rates_task
[2023-07-26 05:06:27,124] {task_command.py:371} INFO - Running <TaskInstance: fetch_exchange_rates_dag.fetch_exchange_rates_task scheduled__2023-07-25T19:10:00+00:00 [running]> on host acb6bca32630
[2023-07-26 05:06:28,099] {taskinstance.py:1591} INFO - Exporting the following env vars:
AIRFLOW_CTX_DAG_OWNER=marina_z
AIRFLOW_CTX_DAG_ID=fetch_exchange_rates_dag
AIRFLOW_CTX_TASK_ID=fetch_exchange_rates_task
AIRFLOW_CTX_EXECUTION_DATE=2023-07-25T19:10:00+00:00
AIRFLOW_CTX_TRY_NUMBER=1
AIRFLOW_CTX_DAG_RUN_ID=scheduled__2023-07-25T19:10:00+00:00
[2023-07-26 05:06:29,346] {logging_mixin.py:115} INFO - Save a new file exchange_latest_BTC.csv
[2023-07-26 05:06:29,350] {logging_mixin.py:115} INFO - Create a new table exchange_latest_BTC
[2023-07-26 05:06:29,414] {logging_mixin.py:115} INFO - Insert into table exchange_latest_BTC
[2023-07-26 05:06:30,203] {logging_mixin.py:115} INFO - Save a new file exchange_latest_EUR.csv
[2023-07-26 05:06:30,210] {logging_mixin.py:115} INFO - Create a new table exchange_latest_EUR
[2023-07-26 05:06:30,262] {logging_mixin.py:115} INFO - Insert into table exchange_latest_EUR
[2023-07-26 05:06:30,953] {logging_mixin.py:115} INFO - Save a new file exchange_latest_GBR.csv
[2023-07-26 05:06:30,954] {logging_mixin.py:115} INFO - Create a new table exchange_latest_GBR
[2023-07-26 05:06:30,970] {logging_mixin.py:115} INFO - Insert into table exchange_latest_GBR
[2023-07-26 05:06:31,409] {logging_mixin.py:115} INFO - Save a new file exchange_latest_JPY.csv
[2023-07-26 05:06:31,410] {logging_mixin.py:115} INFO - Create a new table exchange_latest_JPY
[2023-07-26 05:06:31,424] {logging_mixin.py:115} INFO - Insert into table exchange_latest_JPY
[2023-07-26 05:06:31,776] {logging_mixin.py:115} INFO - Save a new file exchange_latest_CNY.csv
[2023-07-26 05:06:31,779] {logging_mixin.py:115} INFO - Create a new table exchange_latest_CNY
[2023-07-26 05:06:31,793] {logging_mixin.py:115} INFO - Insert into table exchange_latest_CNY
[2023-07-26 05:06:31,811] {python.py:173} INFO - Done. Returned value was: None
[2023-07-26 05:06:31,903] {taskinstance.py:1420} INFO - Marking task as SUCCESS. dag_id=fetch_exchange_rates_dag, task_id=fetch_exchange_rates_task, execution_date=20230725T191000, start_date=20230726T050626, end_date=20230726T050631
[2023-07-26 05:06:32,035] {local_task_job.py:156} INFO - Task exited with return code 0
[2023-07-26 05:06:32,509] {local_task_job.py:273} INFO - 0 downstream tasks scheduled from follow-on schedule check
