[2023-07-26 04:18:36,911] {taskinstance.py:1179} INFO - Dependencies all met for <TaskInstance: fetch_exchange_rates_dag.bash_task scheduled__2023-07-26T03:30:00+00:00 [queued]>
[2023-07-26 04:18:36,928] {taskinstance.py:1179} INFO - Dependencies all met for <TaskInstance: fetch_exchange_rates_dag.bash_task scheduled__2023-07-26T03:30:00+00:00 [queued]>
[2023-07-26 04:18:36,929] {taskinstance.py:1376} INFO - 
--------------------------------------------------------------------------------
[2023-07-26 04:18:36,930] {taskinstance.py:1377} INFO - Starting attempt 1 of 1
[2023-07-26 04:18:36,945] {taskinstance.py:1378} INFO - 
--------------------------------------------------------------------------------
[2023-07-26 04:18:36,990] {taskinstance.py:1397} INFO - Executing <Task(BashOperator): bash_task> on 2023-07-26 03:30:00+00:00
[2023-07-26 04:18:37,039] {standard_task_runner.py:52} INFO - Started process 7197 to run task
[2023-07-26 04:18:37,036] {standard_task_runner.py:79} INFO - Running: ['***', 'tasks', 'run', 'fetch_exchange_rates_dag', 'bash_task', 'scheduled__2023-07-26T03:30:00+00:00', '--job-id', '99', '--raw', '--subdir', 'DAGS_FOLDER/my_calc_rates.py', '--cfg-path', '/tmp/tmpef7z27nz', '--error-file', '/tmp/tmp5plhj8oi']
[2023-07-26 04:18:37,060] {standard_task_runner.py:80} INFO - Job 99: Subtask bash_task
[2023-07-26 04:18:37,303] {task_command.py:371} INFO - Running <TaskInstance: fetch_exchange_rates_dag.bash_task scheduled__2023-07-26T03:30:00+00:00 [running]> on host 6e11a261c833
[2023-07-26 04:18:37,575] {taskinstance.py:1591} INFO - Exporting the following env vars:
AIRFLOW_CTX_DAG_OWNER=***
AIRFLOW_CTX_DAG_ID=fetch_exchange_rates_dag
AIRFLOW_CTX_TASK_ID=bash_task
AIRFLOW_CTX_EXECUTION_DATE=2023-07-26T03:30:00+00:00
AIRFLOW_CTX_TRY_NUMBER=1
AIRFLOW_CTX_DAG_RUN_ID=scheduled__2023-07-26T03:30:00+00:00
[2023-07-26 04:18:37,577] {subprocess.py:62} INFO - Tmp dir root location: 
 /tmp
[2023-07-26 04:18:37,579] {subprocess.py:74} INFO - Running command: ['bash', '-c', 'echo "Good morning my diggers!"']
[2023-07-26 04:18:37,646] {subprocess.py:85} INFO - Output:
[2023-07-26 04:18:37,660] {subprocess.py:92} INFO - Good morning my diggers!
[2023-07-26 04:18:37,662] {subprocess.py:96} INFO - Command exited with return code 0
[2023-07-26 04:18:37,762] {taskinstance.py:1420} INFO - Marking task as SUCCESS. dag_id=fetch_exchange_rates_dag, task_id=bash_task, execution_date=20230726T033000, start_date=20230726T041836, end_date=20230726T041837
[2023-07-26 04:18:37,914] {local_task_job.py:156} INFO - Task exited with return code 0
[2023-07-26 04:18:38,145] {local_task_job.py:273} INFO - 1 downstream tasks scheduled from follow-on schedule check
[2023-07-26 05:08:12,413] {taskinstance.py:1179} INFO - Dependencies all met for <TaskInstance: fetch_exchange_rates_dag.bash_task scheduled__2023-07-26T03:30:00+00:00 [queued]>
[2023-07-26 05:08:12,428] {taskinstance.py:1179} INFO - Dependencies all met for <TaskInstance: fetch_exchange_rates_dag.bash_task scheduled__2023-07-26T03:30:00+00:00 [queued]>
[2023-07-26 05:08:12,429] {taskinstance.py:1376} INFO - 
--------------------------------------------------------------------------------
[2023-07-26 05:08:12,429] {taskinstance.py:1377} INFO - Starting attempt 1 of 1
[2023-07-26 05:08:12,430] {taskinstance.py:1378} INFO - 
--------------------------------------------------------------------------------
[2023-07-26 05:08:12,448] {taskinstance.py:1397} INFO - Executing <Task(BashOperator): bash_task> on 2023-07-26 03:30:00+00:00
[2023-07-26 05:08:12,455] {standard_task_runner.py:52} INFO - Started process 2270 to run task
[2023-07-26 05:08:12,457] {standard_task_runner.py:79} INFO - Running: ['***', 'tasks', 'run', 'fetch_exchange_rates_dag', 'bash_task', 'scheduled__2023-07-26T03:30:00+00:00', '--job-id', '598', '--raw', '--subdir', 'DAGS_FOLDER/my_calc_rates.py', '--cfg-path', '/tmp/tmpt91456ms', '--error-file', '/tmp/tmpqty749ae']
[2023-07-26 05:08:12,459] {standard_task_runner.py:80} INFO - Job 598: Subtask bash_task
[2023-07-26 05:08:12,560] {task_command.py:371} INFO - Running <TaskInstance: fetch_exchange_rates_dag.bash_task scheduled__2023-07-26T03:30:00+00:00 [running]> on host acb6bca32630
[2023-07-26 05:08:12,646] {taskinstance.py:1591} INFO - Exporting the following env vars:
AIRFLOW_CTX_DAG_OWNER=***
AIRFLOW_CTX_DAG_ID=fetch_exchange_rates_dag
AIRFLOW_CTX_TASK_ID=bash_task
AIRFLOW_CTX_EXECUTION_DATE=2023-07-26T03:30:00+00:00
AIRFLOW_CTX_TRY_NUMBER=1
AIRFLOW_CTX_DAG_RUN_ID=scheduled__2023-07-26T03:30:00+00:00
[2023-07-26 05:08:12,648] {subprocess.py:62} INFO - Tmp dir root location: 
 /tmp
[2023-07-26 05:08:12,649] {subprocess.py:74} INFO - Running command: ['bash', '-c', 'echo "Good morning my diggers!"']
[2023-07-26 05:08:12,663] {subprocess.py:85} INFO - Output:
[2023-07-26 05:08:12,665] {subprocess.py:92} INFO - Good morning my diggers!
[2023-07-26 05:08:12,666] {subprocess.py:96} INFO - Command exited with return code 0
[2023-07-26 05:08:12,700] {taskinstance.py:1420} INFO - Marking task as SUCCESS. dag_id=fetch_exchange_rates_dag, task_id=bash_task, execution_date=20230726T033000, start_date=20230726T050812, end_date=20230726T050812
[2023-07-26 05:08:12,751] {local_task_job.py:156} INFO - Task exited with return code 0
[2023-07-26 05:08:12,799] {local_task_job.py:273} INFO - 1 downstream tasks scheduled from follow-on schedule check
