[2023-07-26 23:54:10,982] {taskinstance.py:1179} INFO - Dependencies all met for <TaskInstance: fetch_exchange_rates_dag.fetch_exchange_rates_task scheduled__2023-07-25T02:40:00+00:00 [queued]>
[2023-07-26 23:54:11,016] {taskinstance.py:1179} INFO - Dependencies all met for <TaskInstance: fetch_exchange_rates_dag.fetch_exchange_rates_task scheduled__2023-07-25T02:40:00+00:00 [queued]>
[2023-07-26 23:54:11,020] {taskinstance.py:1376} INFO - 
--------------------------------------------------------------------------------
[2023-07-26 23:54:11,025] {taskinstance.py:1377} INFO - Starting attempt 1 of 1
[2023-07-26 23:54:11,028] {taskinstance.py:1378} INFO - 
--------------------------------------------------------------------------------
[2023-07-26 23:54:11,103] {taskinstance.py:1397} INFO - Executing <Task(PythonOperator): fetch_exchange_rates_task> on 2023-07-25 02:40:00+00:00
[2023-07-26 23:54:11,122] {standard_task_runner.py:52} INFO - Started process 500 to run task
[2023-07-26 23:54:11,128] {standard_task_runner.py:79} INFO - Running: ['***', 'tasks', 'run', 'fetch_exchange_rates_dag', 'fetch_exchange_rates_task', 'scheduled__2023-07-25T02:40:00+00:00', '--job-id', '67', '--raw', '--subdir', 'DAGS_FOLDER/my_calc_rates.py', '--cfg-path', '/tmp/tmp2h5hsy1o', '--error-file', '/tmp/tmph13lhu82']
[2023-07-26 23:54:11,133] {standard_task_runner.py:80} INFO - Job 67: Subtask fetch_exchange_rates_task
[2023-07-26 23:54:11,376] {task_command.py:371} INFO - Running <TaskInstance: fetch_exchange_rates_dag.fetch_exchange_rates_task scheduled__2023-07-25T02:40:00+00:00 [running]> on host 43d0198bb36a
[2023-07-26 23:54:11,676] {taskinstance.py:1591} INFO - Exporting the following env vars:
AIRFLOW_CTX_DAG_OWNER=marina_z
AIRFLOW_CTX_DAG_ID=fetch_exchange_rates_dag
AIRFLOW_CTX_TASK_ID=fetch_exchange_rates_task
AIRFLOW_CTX_EXECUTION_DATE=2023-07-25T02:40:00+00:00
AIRFLOW_CTX_TRY_NUMBER=1
AIRFLOW_CTX_DAG_RUN_ID=scheduled__2023-07-25T02:40:00+00:00
[2023-07-26 23:54:12,091] {logging_mixin.py:115} INFO - Save a new file exchange_latest_BTC.csv
[2023-07-26 23:54:12,092] {logging_mixin.py:115} INFO - Create a new table exchange_latest_BTC
[2023-07-26 23:54:12,105] {logging_mixin.py:115} INFO - Insert into table exchange_latest_BTC
[2023-07-26 23:54:12,427] {logging_mixin.py:115} INFO - Save a new file exchange_latest_EUR.csv
[2023-07-26 23:54:12,428] {logging_mixin.py:115} INFO - Create a new table exchange_latest_EUR
[2023-07-26 23:54:12,432] {logging_mixin.py:115} INFO - Insert into table exchange_latest_EUR
[2023-07-26 23:54:12,812] {logging_mixin.py:115} INFO - Save a new file exchange_latest_GBR.csv
[2023-07-26 23:54:12,816] {logging_mixin.py:115} INFO - Create a new table exchange_latest_GBR
[2023-07-26 23:54:12,822] {logging_mixin.py:115} INFO - Insert into table exchange_latest_GBR
[2023-07-26 23:54:13,164] {logging_mixin.py:115} INFO - Save a new file exchange_latest_JPY.csv
[2023-07-26 23:54:13,180] {logging_mixin.py:115} INFO - Create a new table exchange_latest_JPY
[2023-07-26 23:54:13,196] {logging_mixin.py:115} INFO - Insert into table exchange_latest_JPY
[2023-07-26 23:54:13,565] {logging_mixin.py:115} INFO - Save a new file exchange_latest_CNY.csv
[2023-07-26 23:54:13,566] {logging_mixin.py:115} INFO - Create a new table exchange_latest_CNY
[2023-07-26 23:54:13,571] {logging_mixin.py:115} INFO - Insert into table exchange_latest_CNY
[2023-07-26 23:54:13,585] {python.py:173} INFO - Done. Returned value was: None
[2023-07-26 23:54:13,623] {taskinstance.py:1420} INFO - Marking task as SUCCESS. dag_id=fetch_exchange_rates_dag, task_id=fetch_exchange_rates_task, execution_date=20230725T024000, start_date=20230726T235410, end_date=20230726T235413
[2023-07-26 23:54:13,747] {local_task_job.py:156} INFO - Task exited with return code 0
[2023-07-26 23:54:13,847] {local_task_job.py:273} INFO - 1 downstream tasks scheduled from follow-on schedule check
