[2023-07-26 23:54:14,486] {taskinstance.py:1179} INFO - Dependencies all met for <TaskInstance: fetch_exchange_rates_dag.bash_task scheduled__2023-07-25T04:50:00+00:00 [queued]>
[2023-07-26 23:54:14,538] {taskinstance.py:1179} INFO - Dependencies all met for <TaskInstance: fetch_exchange_rates_dag.bash_task scheduled__2023-07-25T04:50:00+00:00 [queued]>
[2023-07-26 23:54:14,548] {taskinstance.py:1376} INFO - 
--------------------------------------------------------------------------------
[2023-07-26 23:54:14,556] {taskinstance.py:1377} INFO - Starting attempt 1 of 1
[2023-07-26 23:54:14,561] {taskinstance.py:1378} INFO - 
--------------------------------------------------------------------------------
[2023-07-26 23:54:14,608] {taskinstance.py:1397} INFO - Executing <Task(BashOperator): bash_task> on 2023-07-25 04:50:00+00:00
[2023-07-26 23:54:14,629] {standard_task_runner.py:52} INFO - Started process 535 to run task
[2023-07-26 23:54:14,666] {standard_task_runner.py:79} INFO - Running: ['***', 'tasks', 'run', 'fetch_exchange_rates_dag', 'bash_task', 'scheduled__2023-07-25T04:50:00+00:00', '--job-id', '78', '--raw', '--subdir', 'DAGS_FOLDER/my_calc_rates.py', '--cfg-path', '/tmp/tmp6xexox6p', '--error-file', '/tmp/tmpa0eb4v9a']
[2023-07-26 23:54:14,699] {standard_task_runner.py:80} INFO - Job 78: Subtask bash_task
[2023-07-26 23:54:14,957] {task_command.py:371} INFO - Running <TaskInstance: fetch_exchange_rates_dag.bash_task scheduled__2023-07-25T04:50:00+00:00 [running]> on host 43d0198bb36a
[2023-07-26 23:54:15,330] {taskinstance.py:1591} INFO - Exporting the following env vars:
AIRFLOW_CTX_DAG_OWNER=***
AIRFLOW_CTX_DAG_ID=fetch_exchange_rates_dag
AIRFLOW_CTX_TASK_ID=bash_task
AIRFLOW_CTX_EXECUTION_DATE=2023-07-25T04:50:00+00:00
AIRFLOW_CTX_TRY_NUMBER=1
AIRFLOW_CTX_DAG_RUN_ID=scheduled__2023-07-25T04:50:00+00:00
[2023-07-26 23:54:15,332] {subprocess.py:62} INFO - Tmp dir root location: 
 /tmp
[2023-07-26 23:54:15,345] {subprocess.py:74} INFO - Running command: ['bash', '-c', 'echo "Good morning my diggers!"']
[2023-07-26 23:54:15,511] {subprocess.py:85} INFO - Output:
[2023-07-26 23:54:15,559] {subprocess.py:92} INFO - Good morning my diggers!
[2023-07-26 23:54:15,567] {subprocess.py:96} INFO - Command exited with return code 0
[2023-07-26 23:54:15,735] {taskinstance.py:1420} INFO - Marking task as SUCCESS. dag_id=fetch_exchange_rates_dag, task_id=bash_task, execution_date=20230725T045000, start_date=20230726T235414, end_date=20230726T235415
[2023-07-26 23:54:15,973] {local_task_job.py:156} INFO - Task exited with return code 0
[2023-07-26 23:54:16,368] {local_task_job.py:273} INFO - 0 downstream tasks scheduled from follow-on schedule check
[2023-07-27 05:23:19,357] {taskinstance.py:1179} INFO - Dependencies all met for <TaskInstance: fetch_exchange_rates_dag.bash_task scheduled__2023-07-25T04:50:00+00:00 [queued]>
[2023-07-27 05:23:19,376] {taskinstance.py:1179} INFO - Dependencies all met for <TaskInstance: fetch_exchange_rates_dag.bash_task scheduled__2023-07-25T04:50:00+00:00 [queued]>
[2023-07-27 05:23:19,379] {taskinstance.py:1376} INFO - 
--------------------------------------------------------------------------------
[2023-07-27 05:23:19,381] {taskinstance.py:1377} INFO - Starting attempt 1 of 1
[2023-07-27 05:23:19,383] {taskinstance.py:1378} INFO - 
--------------------------------------------------------------------------------
[2023-07-27 05:23:19,425] {taskinstance.py:1397} INFO - Executing <Task(BashOperator): bash_task> on 2023-07-25 04:50:00+00:00
[2023-07-27 05:23:19,432] {standard_task_runner.py:52} INFO - Started process 225 to run task
[2023-07-27 05:23:19,463] {standard_task_runner.py:79} INFO - Running: ['***', 'tasks', 'run', 'fetch_exchange_rates_dag', 'bash_task', 'scheduled__2023-07-25T04:50:00+00:00', '--job-id', '36', '--raw', '--subdir', 'DAGS_FOLDER/my_calc_rates.py', '--cfg-path', '/tmp/tmp6u0kqi7b', '--error-file', '/tmp/tmpat40mck6']
[2023-07-27 05:23:19,466] {standard_task_runner.py:80} INFO - Job 36: Subtask bash_task
[2023-07-27 05:23:19,653] {task_command.py:371} INFO - Running <TaskInstance: fetch_exchange_rates_dag.bash_task scheduled__2023-07-25T04:50:00+00:00 [running]> on host 947ec32f6ac5
[2023-07-27 05:23:19,822] {taskinstance.py:1591} INFO - Exporting the following env vars:
AIRFLOW_CTX_DAG_OWNER=***
AIRFLOW_CTX_DAG_ID=fetch_exchange_rates_dag
AIRFLOW_CTX_TASK_ID=bash_task
AIRFLOW_CTX_EXECUTION_DATE=2023-07-25T04:50:00+00:00
AIRFLOW_CTX_TRY_NUMBER=1
AIRFLOW_CTX_DAG_RUN_ID=scheduled__2023-07-25T04:50:00+00:00
[2023-07-27 05:23:19,828] {subprocess.py:62} INFO - Tmp dir root location: 
 /tmp
[2023-07-27 05:23:19,831] {subprocess.py:74} INFO - Running command: ['bash', '-c', 'echo "Good morning my diggers!"']
[2023-07-27 05:23:19,847] {subprocess.py:85} INFO - Output:
[2023-07-27 05:23:19,850] {subprocess.py:92} INFO - Good morning my diggers!
[2023-07-27 05:23:19,851] {subprocess.py:96} INFO - Command exited with return code 0
[2023-07-27 05:23:19,911] {taskinstance.py:1420} INFO - Marking task as SUCCESS. dag_id=fetch_exchange_rates_dag, task_id=bash_task, execution_date=20230725T045000, start_date=20230727T052319, end_date=20230727T052319
[2023-07-27 05:23:19,942] {local_task_job.py:156} INFO - Task exited with return code 0
[2023-07-27 05:23:20,016] {local_task_job.py:273} INFO - 0 downstream tasks scheduled from follow-on schedule check
