[2023-07-26 05:06:26,153] {taskinstance.py:1179} INFO - Dependencies all met for <TaskInstance: fetch_exchange_rates_dag.create_total_exchange_rates_table scheduled__2023-07-25T17:10:00+00:00 [queued]>
[2023-07-26 05:06:26,225] {taskinstance.py:1179} INFO - Dependencies all met for <TaskInstance: fetch_exchange_rates_dag.create_total_exchange_rates_table scheduled__2023-07-25T17:10:00+00:00 [queued]>
[2023-07-26 05:06:26,226] {taskinstance.py:1376} INFO - 
--------------------------------------------------------------------------------
[2023-07-26 05:06:26,228] {taskinstance.py:1377} INFO - Starting attempt 1 of 1
[2023-07-26 05:06:26,230] {taskinstance.py:1378} INFO - 
--------------------------------------------------------------------------------
[2023-07-26 05:06:26,327] {taskinstance.py:1397} INFO - Executing <Task(PythonOperator): create_total_exchange_rates_table> on 2023-07-25 17:10:00+00:00
[2023-07-26 05:06:26,338] {standard_task_runner.py:52} INFO - Started process 1584 to run task
[2023-07-26 05:06:26,357] {standard_task_runner.py:79} INFO - Running: ['***', 'tasks', 'run', 'fetch_exchange_rates_dag', 'create_total_exchange_rates_table', 'scheduled__2023-07-25T17:10:00+00:00', '--job-id', '398', '--raw', '--subdir', 'DAGS_FOLDER/my_calc_rates.py', '--cfg-path', '/tmp/tmptnhbgibg', '--error-file', '/tmp/tmpb5a0c866']
[2023-07-26 05:06:26,402] {standard_task_runner.py:80} INFO - Job 398: Subtask create_total_exchange_rates_table
[2023-07-26 05:06:27,032] {task_command.py:371} INFO - Running <TaskInstance: fetch_exchange_rates_dag.create_total_exchange_rates_table scheduled__2023-07-25T17:10:00+00:00 [running]> on host acb6bca32630
[2023-07-26 05:06:27,492] {taskinstance.py:1591} INFO - Exporting the following env vars:
AIRFLOW_CTX_DAG_OWNER=marina_z
AIRFLOW_CTX_DAG_ID=fetch_exchange_rates_dag
AIRFLOW_CTX_TASK_ID=create_total_exchange_rates_table
AIRFLOW_CTX_EXECUTION_DATE=2023-07-25T17:10:00+00:00
AIRFLOW_CTX_TRY_NUMBER=1
AIRFLOW_CTX_DAG_RUN_ID=scheduled__2023-07-25T17:10:00+00:00
[2023-07-26 05:06:27,511] {logging_mixin.py:115} INFO - The table total_exchange_rates is created and saved
[2023-07-26 05:06:27,605] {python.py:173} INFO - Done. Returned value was: None
[2023-07-26 05:06:27,664] {taskinstance.py:1420} INFO - Marking task as SUCCESS. dag_id=fetch_exchange_rates_dag, task_id=create_total_exchange_rates_table, execution_date=20230725T171000, start_date=20230726T050626, end_date=20230726T050627
[2023-07-26 05:06:27,833] {local_task_job.py:156} INFO - Task exited with return code 0
[2023-07-26 05:06:28,482] {local_task_job.py:273} INFO - 1 downstream tasks scheduled from follow-on schedule check
