[2023-07-26 04:18:13,865] {taskinstance.py:1179} INFO - Dependencies all met for <TaskInstance: fetch_exchange_rates_dag.bash_task scheduled__2023-07-26T02:00:00+00:00 [queued]>
[2023-07-26 04:18:13,910] {taskinstance.py:1179} INFO - Dependencies all met for <TaskInstance: fetch_exchange_rates_dag.bash_task scheduled__2023-07-26T02:00:00+00:00 [queued]>
[2023-07-26 04:18:13,913] {taskinstance.py:1376} INFO - 
--------------------------------------------------------------------------------
[2023-07-26 04:18:13,914] {taskinstance.py:1377} INFO - Starting attempt 1 of 1
[2023-07-26 04:18:13,914] {taskinstance.py:1378} INFO - 
--------------------------------------------------------------------------------
[2023-07-26 04:18:13,961] {taskinstance.py:1397} INFO - Executing <Task(BashOperator): bash_task> on 2023-07-26 02:00:00+00:00
[2023-07-26 04:18:13,970] {standard_task_runner.py:52} INFO - Started process 7034 to run task
[2023-07-26 04:18:13,976] {standard_task_runner.py:79} INFO - Running: ['***', 'tasks', 'run', 'fetch_exchange_rates_dag', 'bash_task', 'scheduled__2023-07-26T02:00:00+00:00', '--job-id', '50', '--raw', '--subdir', 'DAGS_FOLDER/my_calc_rates.py', '--cfg-path', '/tmp/tmp6fwjq5i7', '--error-file', '/tmp/tmpgxaae5v4']
[2023-07-26 04:18:13,977] {standard_task_runner.py:80} INFO - Job 50: Subtask bash_task
[2023-07-26 04:18:14,125] {task_command.py:371} INFO - Running <TaskInstance: fetch_exchange_rates_dag.bash_task scheduled__2023-07-26T02:00:00+00:00 [running]> on host 6e11a261c833
[2023-07-26 04:18:14,313] {taskinstance.py:1591} INFO - Exporting the following env vars:
AIRFLOW_CTX_DAG_OWNER=***
AIRFLOW_CTX_DAG_ID=fetch_exchange_rates_dag
AIRFLOW_CTX_TASK_ID=bash_task
AIRFLOW_CTX_EXECUTION_DATE=2023-07-26T02:00:00+00:00
AIRFLOW_CTX_TRY_NUMBER=1
AIRFLOW_CTX_DAG_RUN_ID=scheduled__2023-07-26T02:00:00+00:00
[2023-07-26 04:18:14,320] {subprocess.py:62} INFO - Tmp dir root location: 
 /tmp
[2023-07-26 04:18:14,322] {subprocess.py:74} INFO - Running command: ['bash', '-c', 'echo "Good morning my diggers!"']
[2023-07-26 04:18:14,352] {subprocess.py:85} INFO - Output:
[2023-07-26 04:18:14,375] {subprocess.py:92} INFO - Good morning my diggers!
[2023-07-26 04:18:14,377] {subprocess.py:96} INFO - Command exited with return code 0
[2023-07-26 04:18:14,487] {taskinstance.py:1420} INFO - Marking task as SUCCESS. dag_id=fetch_exchange_rates_dag, task_id=bash_task, execution_date=20230726T020000, start_date=20230726T041813, end_date=20230726T041814
[2023-07-26 04:18:14,605] {local_task_job.py:156} INFO - Task exited with return code 0
[2023-07-26 04:18:14,958] {local_task_job.py:273} INFO - 0 downstream tasks scheduled from follow-on schedule check
[2023-07-26 05:07:40,174] {taskinstance.py:1179} INFO - Dependencies all met for <TaskInstance: fetch_exchange_rates_dag.bash_task scheduled__2023-07-26T02:00:00+00:00 [queued]>
[2023-07-26 05:07:40,275] {taskinstance.py:1179} INFO - Dependencies all met for <TaskInstance: fetch_exchange_rates_dag.bash_task scheduled__2023-07-26T02:00:00+00:00 [queued]>
[2023-07-26 05:07:40,277] {taskinstance.py:1376} INFO - 
--------------------------------------------------------------------------------
[2023-07-26 05:07:40,278] {taskinstance.py:1377} INFO - Starting attempt 1 of 1
[2023-07-26 05:07:40,279] {taskinstance.py:1378} INFO - 
--------------------------------------------------------------------------------
[2023-07-26 05:07:40,444] {taskinstance.py:1397} INFO - Executing <Task(BashOperator): bash_task> on 2023-07-26 02:00:00+00:00
[2023-07-26 05:07:40,460] {standard_task_runner.py:52} INFO - Started process 2109 to run task
[2023-07-26 05:07:40,509] {standard_task_runner.py:79} INFO - Running: ['***', 'tasks', 'run', 'fetch_exchange_rates_dag', 'bash_task', 'scheduled__2023-07-26T02:00:00+00:00', '--job-id', '547', '--raw', '--subdir', 'DAGS_FOLDER/my_calc_rates.py', '--cfg-path', '/tmp/tmp0vfiwi5w', '--error-file', '/tmp/tmp_udd9mc1']
[2023-07-26 05:07:40,514] {standard_task_runner.py:80} INFO - Job 547: Subtask bash_task
[2023-07-26 05:07:40,884] {task_command.py:371} INFO - Running <TaskInstance: fetch_exchange_rates_dag.bash_task scheduled__2023-07-26T02:00:00+00:00 [running]> on host acb6bca32630
[2023-07-26 05:07:41,292] {taskinstance.py:1591} INFO - Exporting the following env vars:
AIRFLOW_CTX_DAG_OWNER=***
AIRFLOW_CTX_DAG_ID=fetch_exchange_rates_dag
AIRFLOW_CTX_TASK_ID=bash_task
AIRFLOW_CTX_EXECUTION_DATE=2023-07-26T02:00:00+00:00
AIRFLOW_CTX_TRY_NUMBER=1
AIRFLOW_CTX_DAG_RUN_ID=scheduled__2023-07-26T02:00:00+00:00
[2023-07-26 05:07:41,294] {subprocess.py:62} INFO - Tmp dir root location: 
 /tmp
[2023-07-26 05:07:41,296] {subprocess.py:74} INFO - Running command: ['bash', '-c', 'echo "Good morning my diggers!"']
[2023-07-26 05:07:41,374] {subprocess.py:85} INFO - Output:
[2023-07-26 05:07:41,393] {subprocess.py:92} INFO - Good morning my diggers!
[2023-07-26 05:07:41,394] {subprocess.py:96} INFO - Command exited with return code 0
[2023-07-26 05:07:41,562] {taskinstance.py:1420} INFO - Marking task as SUCCESS. dag_id=fetch_exchange_rates_dag, task_id=bash_task, execution_date=20230726T020000, start_date=20230726T050740, end_date=20230726T050741
[2023-07-26 05:07:41,652] {local_task_job.py:156} INFO - Task exited with return code 0
[2023-07-26 05:07:41,788] {local_task_job.py:273} INFO - 1 downstream tasks scheduled from follow-on schedule check
