[2023-07-26 02:16:33,090] {taskinstance.py:1179} INFO - Dependencies all met for <TaskInstance: fetch_exchange_rates_dag.bash_task manual__2023-07-26T02:16:32.055311+00:00 [queued]>
[2023-07-26 02:16:33,096] {taskinstance.py:1179} INFO - Dependencies all met for <TaskInstance: fetch_exchange_rates_dag.bash_task manual__2023-07-26T02:16:32.055311+00:00 [queued]>
[2023-07-26 02:16:33,097] {taskinstance.py:1376} INFO - 
--------------------------------------------------------------------------------
[2023-07-26 02:16:33,098] {taskinstance.py:1377} INFO - Starting attempt 1 of 1
[2023-07-26 02:16:33,099] {taskinstance.py:1378} INFO - 
--------------------------------------------------------------------------------
[2023-07-26 02:16:33,110] {taskinstance.py:1397} INFO - Executing <Task(BashOperator): bash_task> on 2023-07-26 02:16:32.055311+00:00
[2023-07-26 02:16:33,117] {standard_task_runner.py:52} INFO - Started process 908 to run task
[2023-07-26 02:16:33,121] {standard_task_runner.py:79} INFO - Running: ['***', 'tasks', 'run', 'fetch_exchange_rates_dag', 'bash_task', 'manual__2023-07-26T02:16:32.055311+00:00', '--job-id', '10', '--raw', '--subdir', 'DAGS_FOLDER/my_calc_rates.py', '--cfg-path', '/tmp/tmp7x3bmr9_', '--error-file', '/tmp/tmpb9x37519']
[2023-07-26 02:16:33,122] {standard_task_runner.py:80} INFO - Job 10: Subtask bash_task
[2023-07-26 02:16:33,186] {task_command.py:371} INFO - Running <TaskInstance: fetch_exchange_rates_dag.bash_task manual__2023-07-26T02:16:32.055311+00:00 [running]> on host 6e11a261c833
[2023-07-26 02:16:33,244] {taskinstance.py:1591} INFO - Exporting the following env vars:
AIRFLOW_CTX_DAG_OWNER=***
AIRFLOW_CTX_DAG_ID=fetch_exchange_rates_dag
AIRFLOW_CTX_TASK_ID=bash_task
AIRFLOW_CTX_EXECUTION_DATE=2023-07-26T02:16:32.055311+00:00
AIRFLOW_CTX_TRY_NUMBER=1
AIRFLOW_CTX_DAG_RUN_ID=manual__2023-07-26T02:16:32.055311+00:00
[2023-07-26 02:16:33,246] {subprocess.py:62} INFO - Tmp dir root location: 
 /tmp
[2023-07-26 02:16:33,247] {subprocess.py:74} INFO - Running command: ['bash', '-c', 'echo "Good morning my diggers!"']
[2023-07-26 02:16:33,260] {subprocess.py:85} INFO - Output:
[2023-07-26 02:16:33,262] {subprocess.py:92} INFO - Good morning my diggers!
[2023-07-26 02:16:33,263] {subprocess.py:96} INFO - Command exited with return code 0
[2023-07-26 02:16:33,288] {taskinstance.py:1420} INFO - Marking task as SUCCESS. dag_id=fetch_exchange_rates_dag, task_id=bash_task, execution_date=20230726T021632, start_date=20230726T021633, end_date=20230726T021633
[2023-07-26 02:16:33,334] {local_task_job.py:156} INFO - Task exited with return code 0
[2023-07-26 02:16:33,368] {local_task_job.py:273} INFO - 1 downstream tasks scheduled from follow-on schedule check
