[2023-07-25 23:40:02,534] {taskinstance.py:1179} INFO - Dependencies all met for <TaskInstance: calc-rates.import_rates scheduled__2023-07-25T23:35:00+00:00 [queued]>
[2023-07-25 23:40:02,543] {taskinstance.py:1179} INFO - Dependencies all met for <TaskInstance: calc-rates.import_rates scheduled__2023-07-25T23:35:00+00:00 [queued]>
[2023-07-25 23:40:02,543] {taskinstance.py:1376} INFO - 
--------------------------------------------------------------------------------
[2023-07-25 23:40:02,544] {taskinstance.py:1377} INFO - Starting attempt 1 of 1
[2023-07-25 23:40:02,544] {taskinstance.py:1378} INFO - 
--------------------------------------------------------------------------------
[2023-07-25 23:40:02,556] {taskinstance.py:1397} INFO - Executing <Task(PythonOperator): import_rates> on 2023-07-25 23:35:00+00:00
[2023-07-25 23:40:02,560] {standard_task_runner.py:52} INFO - Started process 173 to run task
[2023-07-25 23:40:02,562] {standard_task_runner.py:79} INFO - Running: ['***', 'tasks', 'run', 'calc-rates', 'import_rates', 'scheduled__2023-07-25T23:35:00+00:00', '--job-id', '354', '--raw', '--subdir', 'DAGS_FOLDER/calc_rates.py', '--cfg-path', '/tmp/tmptg_8rv0e', '--error-file', '/tmp/tmpzug9pfz7']
[2023-07-25 23:40:02,563] {standard_task_runner.py:80} INFO - Job 354: Subtask import_rates
[2023-07-25 23:40:02,617] {task_command.py:371} INFO - Running <TaskInstance: calc-rates.import_rates scheduled__2023-07-25T23:35:00+00:00 [running]> on host 661c8d62a693
[2023-07-25 23:40:02,669] {taskinstance.py:1591} INFO - Exporting the following env vars:
AIRFLOW_CTX_DAG_OWNER=marina_z
AIRFLOW_CTX_DAG_ID=calc-rates
AIRFLOW_CTX_TASK_ID=import_rates
AIRFLOW_CTX_EXECUTION_DATE=2023-07-25T23:35:00+00:00
AIRFLOW_CTX_TRY_NUMBER=1
AIRFLOW_CTX_DAG_RUN_ID=scheduled__2023-07-25T23:35:00+00:00
[2023-07-25 23:40:03,056] {python.py:173} INFO - Done. Returned value was: None
[2023-07-25 23:40:03,066] {taskinstance.py:1420} INFO - Marking task as SUCCESS. dag_id=calc-rates, task_id=import_rates, execution_date=20230725T233500, start_date=20230725T234002, end_date=20230725T234003
[2023-07-25 23:40:03,097] {local_task_job.py:156} INFO - Task exited with return code 0
[2023-07-25 23:40:03,131] {local_task_job.py:273} INFO - 1 downstream tasks scheduled from follow-on schedule check
