[2023-07-26 04:50:05,803] {taskinstance.py:1179} INFO - Dependencies all met for <TaskInstance: fetch_exchange_rates_dag.print_csv_table scheduled__2023-07-26T04:40:00+00:00 [queued]>
[2023-07-26 04:50:05,810] {taskinstance.py:1179} INFO - Dependencies all met for <TaskInstance: fetch_exchange_rates_dag.print_csv_table scheduled__2023-07-26T04:40:00+00:00 [queued]>
[2023-07-26 04:50:05,811] {taskinstance.py:1376} INFO - 
--------------------------------------------------------------------------------
[2023-07-26 04:50:05,811] {taskinstance.py:1377} INFO - Starting attempt 1 of 1
[2023-07-26 04:50:05,811] {taskinstance.py:1378} INFO - 
--------------------------------------------------------------------------------
[2023-07-26 04:50:05,822] {taskinstance.py:1397} INFO - Executing <Task(PythonOperator): print_csv_table> on 2023-07-26 04:40:00+00:00
[2023-07-26 04:50:05,826] {standard_task_runner.py:52} INFO - Started process 8868 to run task
[2023-07-26 04:50:05,829] {standard_task_runner.py:79} INFO - Running: ['***', 'tasks', 'run', 'fetch_exchange_rates_dag', 'print_csv_table', 'scheduled__2023-07-26T04:40:00+00:00', '--job-id', '144', '--raw', '--subdir', 'DAGS_FOLDER/my_calc_rates.py', '--cfg-path', '/tmp/tmp85apue74', '--error-file', '/tmp/tmpbtgot6lt']
[2023-07-26 04:50:05,830] {standard_task_runner.py:80} INFO - Job 144: Subtask print_csv_table
[2023-07-26 04:50:05,884] {task_command.py:371} INFO - Running <TaskInstance: fetch_exchange_rates_dag.print_csv_table scheduled__2023-07-26T04:40:00+00:00 [running]> on host 6e11a261c833
[2023-07-26 04:50:05,937] {taskinstance.py:1591} INFO - Exporting the following env vars:
AIRFLOW_CTX_DAG_OWNER=marina_z
AIRFLOW_CTX_DAG_ID=fetch_exchange_rates_dag
AIRFLOW_CTX_TASK_ID=print_csv_table
AIRFLOW_CTX_EXECUTION_DATE=2023-07-26T04:40:00+00:00
AIRFLOW_CTX_TRY_NUMBER=1
AIRFLOW_CTX_DAG_RUN_ID=scheduled__2023-07-26T04:40:00+00:00
[2023-07-26 04:50:05,951] {logging_mixin.py:115} INFO -   exchange_id  exchange_rate base_exchange        date
0         RUB     2622163.50           BTC  2023-07-26
1         RUB          99.60           EUR  2023-07-26
2         RUB          99.64           EUR  2023-07-26
3         RUB           0.64           JPY  2023-07-26
4         RUB          12.64           CNY  2023-07-26
[2023-07-26 04:50:05,951] {python.py:173} INFO - Done. Returned value was: None
[2023-07-26 04:50:05,960] {taskinstance.py:1420} INFO - Marking task as SUCCESS. dag_id=fetch_exchange_rates_dag, task_id=print_csv_table, execution_date=20230726T044000, start_date=20230726T045005, end_date=20230726T045005
[2023-07-26 04:50:06,002] {local_task_job.py:156} INFO - Task exited with return code 0
[2023-07-26 04:50:06,029] {local_task_job.py:273} INFO - 0 downstream tasks scheduled from follow-on schedule check
[2023-07-26 05:08:25,234] {taskinstance.py:1179} INFO - Dependencies all met for <TaskInstance: fetch_exchange_rates_dag.print_csv_table scheduled__2023-07-26T04:40:00+00:00 [queued]>
[2023-07-26 05:08:25,254] {taskinstance.py:1179} INFO - Dependencies all met for <TaskInstance: fetch_exchange_rates_dag.print_csv_table scheduled__2023-07-26T04:40:00+00:00 [queued]>
[2023-07-26 05:08:25,265] {taskinstance.py:1376} INFO - 
--------------------------------------------------------------------------------
[2023-07-26 05:08:25,266] {taskinstance.py:1377} INFO - Starting attempt 1 of 1
[2023-07-26 05:08:25,267] {taskinstance.py:1378} INFO - 
--------------------------------------------------------------------------------
[2023-07-26 05:08:25,290] {taskinstance.py:1397} INFO - Executing <Task(PythonOperator): print_csv_table> on 2023-07-26 04:40:00+00:00
[2023-07-26 05:08:25,298] {standard_task_runner.py:52} INFO - Started process 2378 to run task
[2023-07-26 05:08:25,309] {standard_task_runner.py:79} INFO - Running: ['***', 'tasks', 'run', 'fetch_exchange_rates_dag', 'print_csv_table', 'scheduled__2023-07-26T04:40:00+00:00', '--job-id', '627', '--raw', '--subdir', 'DAGS_FOLDER/my_calc_rates.py', '--cfg-path', '/tmp/tmp7j3f2hr2', '--error-file', '/tmp/tmp06yrsr7k']
[2023-07-26 05:08:25,316] {standard_task_runner.py:80} INFO - Job 627: Subtask print_csv_table
[2023-07-26 05:08:25,476] {task_command.py:371} INFO - Running <TaskInstance: fetch_exchange_rates_dag.print_csv_table scheduled__2023-07-26T04:40:00+00:00 [running]> on host acb6bca32630
[2023-07-26 05:08:25,611] {taskinstance.py:1591} INFO - Exporting the following env vars:
AIRFLOW_CTX_DAG_OWNER=marina_z
AIRFLOW_CTX_DAG_ID=fetch_exchange_rates_dag
AIRFLOW_CTX_TASK_ID=print_csv_table
AIRFLOW_CTX_EXECUTION_DATE=2023-07-26T04:40:00+00:00
AIRFLOW_CTX_TRY_NUMBER=1
AIRFLOW_CTX_DAG_RUN_ID=scheduled__2023-07-26T04:40:00+00:00
[2023-07-26 05:08:25,642] {logging_mixin.py:115} INFO -   exchange_id  exchange_rate base_exchange        date
0         RUB     2622163.50           BTC  2023-07-26
1         RUB          99.60           EUR  2023-07-26
2         RUB          99.64           EUR  2023-07-26
3         RUB           0.64           JPY  2023-07-26
4         RUB          12.64           CNY  2023-07-26
[2023-07-26 05:08:25,643] {python.py:173} INFO - Done. Returned value was: None
[2023-07-26 05:08:25,670] {taskinstance.py:1420} INFO - Marking task as SUCCESS. dag_id=fetch_exchange_rates_dag, task_id=print_csv_table, execution_date=20230726T044000, start_date=20230726T050825, end_date=20230726T050825
[2023-07-26 05:08:25,703] {local_task_job.py:156} INFO - Task exited with return code 0
[2023-07-26 05:08:25,781] {local_task_job.py:273} INFO - 0 downstream tasks scheduled from follow-on schedule check
