[2023-07-26 04:20:06,502] {taskinstance.py:1179} INFO - Dependencies all met for <TaskInstance: fetch_exchange_rates_dag.print_csv_table scheduled__2023-07-26T04:10:00+00:00 [queued]>
[2023-07-26 04:20:06,510] {taskinstance.py:1179} INFO - Dependencies all met for <TaskInstance: fetch_exchange_rates_dag.print_csv_table scheduled__2023-07-26T04:10:00+00:00 [queued]>
[2023-07-26 04:20:06,511] {taskinstance.py:1376} INFO - 
--------------------------------------------------------------------------------
[2023-07-26 04:20:06,511] {taskinstance.py:1377} INFO - Starting attempt 1 of 1
[2023-07-26 04:20:06,512] {taskinstance.py:1378} INFO - 
--------------------------------------------------------------------------------
[2023-07-26 04:20:06,524] {taskinstance.py:1397} INFO - Executing <Task(PythonOperator): print_csv_table> on 2023-07-26 04:10:00+00:00
[2023-07-26 04:20:06,529] {standard_task_runner.py:52} INFO - Started process 7348 to run task
[2023-07-26 04:20:06,538] {standard_task_runner.py:79} INFO - Running: ['***', 'tasks', 'run', 'fetch_exchange_rates_dag', 'print_csv_table', 'scheduled__2023-07-26T04:10:00+00:00', '--job-id', '128', '--raw', '--subdir', 'DAGS_FOLDER/my_calc_rates.py', '--cfg-path', '/tmp/tmp05wt_2nz', '--error-file', '/tmp/tmpr7hsl76z']
[2023-07-26 04:20:06,540] {standard_task_runner.py:80} INFO - Job 128: Subtask print_csv_table
[2023-07-26 04:20:06,600] {task_command.py:371} INFO - Running <TaskInstance: fetch_exchange_rates_dag.print_csv_table scheduled__2023-07-26T04:10:00+00:00 [running]> on host 6e11a261c833
[2023-07-26 04:20:06,654] {taskinstance.py:1591} INFO - Exporting the following env vars:
AIRFLOW_CTX_DAG_OWNER=marina_z
AIRFLOW_CTX_DAG_ID=fetch_exchange_rates_dag
AIRFLOW_CTX_TASK_ID=print_csv_table
AIRFLOW_CTX_EXECUTION_DATE=2023-07-26T04:10:00+00:00
AIRFLOW_CTX_TRY_NUMBER=1
AIRFLOW_CTX_DAG_RUN_ID=scheduled__2023-07-26T04:10:00+00:00
[2023-07-26 04:20:06,667] {logging_mixin.py:115} INFO -   exchange_id  exchange_rate base_exchange        date
0         RUB   2.622164e+06           BTC  2023-07-26
1         RUB   9.960367e+01           EUR  2023-07-26
2         RUB   9.964221e+01           EUR  2023-07-26
3         RUB   6.397940e-01           JPY  2023-07-26
4         RUB   1.263880e+01           CNY  2023-07-26
[2023-07-26 04:20:06,668] {python.py:173} INFO - Done. Returned value was: None
[2023-07-26 04:20:06,677] {taskinstance.py:1420} INFO - Marking task as SUCCESS. dag_id=fetch_exchange_rates_dag, task_id=print_csv_table, execution_date=20230726T041000, start_date=20230726T042006, end_date=20230726T042006
[2023-07-26 04:20:06,707] {local_task_job.py:156} INFO - Task exited with return code 0
[2023-07-26 04:20:06,731] {local_task_job.py:273} INFO - 0 downstream tasks scheduled from follow-on schedule check
[2023-07-26 05:08:25,737] {taskinstance.py:1179} INFO - Dependencies all met for <TaskInstance: fetch_exchange_rates_dag.print_csv_table scheduled__2023-07-26T04:10:00+00:00 [queued]>
[2023-07-26 05:08:25,770] {taskinstance.py:1179} INFO - Dependencies all met for <TaskInstance: fetch_exchange_rates_dag.print_csv_table scheduled__2023-07-26T04:10:00+00:00 [queued]>
[2023-07-26 05:08:25,777] {taskinstance.py:1376} INFO - 
--------------------------------------------------------------------------------
[2023-07-26 05:08:25,778] {taskinstance.py:1377} INFO - Starting attempt 1 of 1
[2023-07-26 05:08:25,779] {taskinstance.py:1378} INFO - 
--------------------------------------------------------------------------------
[2023-07-26 05:08:25,814] {taskinstance.py:1397} INFO - Executing <Task(PythonOperator): print_csv_table> on 2023-07-26 04:10:00+00:00
[2023-07-26 05:08:25,826] {standard_task_runner.py:52} INFO - Started process 2382 to run task
[2023-07-26 05:08:25,833] {standard_task_runner.py:79} INFO - Running: ['***', 'tasks', 'run', 'fetch_exchange_rates_dag', 'print_csv_table', 'scheduled__2023-07-26T04:10:00+00:00', '--job-id', '631', '--raw', '--subdir', 'DAGS_FOLDER/my_calc_rates.py', '--cfg-path', '/tmp/tmpll68tuo5', '--error-file', '/tmp/tmpao3iqnbh']
[2023-07-26 05:08:25,838] {standard_task_runner.py:80} INFO - Job 631: Subtask print_csv_table
[2023-07-26 05:08:25,999] {task_command.py:371} INFO - Running <TaskInstance: fetch_exchange_rates_dag.print_csv_table scheduled__2023-07-26T04:10:00+00:00 [running]> on host acb6bca32630
[2023-07-26 05:08:26,112] {taskinstance.py:1591} INFO - Exporting the following env vars:
AIRFLOW_CTX_DAG_OWNER=marina_z
AIRFLOW_CTX_DAG_ID=fetch_exchange_rates_dag
AIRFLOW_CTX_TASK_ID=print_csv_table
AIRFLOW_CTX_EXECUTION_DATE=2023-07-26T04:10:00+00:00
AIRFLOW_CTX_TRY_NUMBER=1
AIRFLOW_CTX_DAG_RUN_ID=scheduled__2023-07-26T04:10:00+00:00
[2023-07-26 05:08:26,136] {logging_mixin.py:115} INFO -   exchange_id  exchange_rate base_exchange        date
0         RUB     2622163.50           BTC  2023-07-26
1         RUB          99.60           EUR  2023-07-26
2         RUB          99.64           EUR  2023-07-26
3         RUB           0.64           JPY  2023-07-26
4         RUB          12.64           CNY  2023-07-26
[2023-07-26 05:08:26,137] {python.py:173} INFO - Done. Returned value was: None
[2023-07-26 05:08:26,151] {taskinstance.py:1420} INFO - Marking task as SUCCESS. dag_id=fetch_exchange_rates_dag, task_id=print_csv_table, execution_date=20230726T041000, start_date=20230726T050825, end_date=20230726T050826
[2023-07-26 05:08:26,175] {local_task_job.py:156} INFO - Task exited with return code 0
[2023-07-26 05:08:26,213] {local_task_job.py:273} INFO - 0 downstream tasks scheduled from follow-on schedule check
