[2023-07-25 20:38:03,410] {taskinstance.py:1179} INFO - Dependencies all met for <TaskInstance: fetch_exchange_rates_dag.fetch_exchange_rates_task scheduled__2023-07-25T08:00:00+00:00 [queued]>
[2023-07-25 20:38:03,436] {taskinstance.py:1179} INFO - Dependencies all met for <TaskInstance: fetch_exchange_rates_dag.fetch_exchange_rates_task scheduled__2023-07-25T08:00:00+00:00 [queued]>
[2023-07-25 20:38:03,437] {taskinstance.py:1376} INFO - 
--------------------------------------------------------------------------------
[2023-07-25 20:38:03,446] {taskinstance.py:1377} INFO - Starting attempt 1 of 1
[2023-07-25 20:38:03,447] {taskinstance.py:1378} INFO - 
--------------------------------------------------------------------------------
[2023-07-25 20:38:03,472] {taskinstance.py:1397} INFO - Executing <Task(PythonOperator): fetch_exchange_rates_task> on 2023-07-25 08:00:00+00:00
[2023-07-25 20:38:03,487] {standard_task_runner.py:52} INFO - Started process 9104 to run task
[2023-07-25 20:38:03,517] {standard_task_runner.py:79} INFO - Running: ['***', 'tasks', 'run', 'fetch_exchange_rates_dag', 'fetch_exchange_rates_task', 'scheduled__2023-07-25T08:00:00+00:00', '--job-id', '146', '--raw', '--subdir', 'DAGS_FOLDER/my_calc_rates.py', '--cfg-path', '/tmp/tmp8nj8mqqs', '--error-file', '/tmp/tmp3v8vox_r']
[2023-07-25 20:38:03,527] {standard_task_runner.py:80} INFO - Job 146: Subtask fetch_exchange_rates_task
[2023-07-25 20:38:03,870] {task_command.py:371} INFO - Running <TaskInstance: fetch_exchange_rates_dag.fetch_exchange_rates_task scheduled__2023-07-25T08:00:00+00:00 [running]> on host 661c8d62a693
[2023-07-25 20:38:04,051] {taskinstance.py:1591} INFO - Exporting the following env vars:
AIRFLOW_CTX_DAG_OWNER=marina_z
AIRFLOW_CTX_DAG_ID=fetch_exchange_rates_dag
AIRFLOW_CTX_TASK_ID=fetch_exchange_rates_task
AIRFLOW_CTX_EXECUTION_DATE=2023-07-25T08:00:00+00:00
AIRFLOW_CTX_TRY_NUMBER=1
AIRFLOW_CTX_DAG_RUN_ID=scheduled__2023-07-25T08:00:00+00:00
[2023-07-25 20:38:05,775] {taskinstance.py:1909} ERROR - Task failed with exception
Traceback (most recent call last):
  File "/home/airflow/.local/lib/python3.7/site-packages/airflow/operators/python.py", line 171, in execute
    return_value = self.execute_callable()
  File "/home/airflow/.local/lib/python3.7/site-packages/airflow/operators/python.py", line 189, in execute_callable
    return self.python_callable(*self.op_args, **self.op_kwargs)
  File "/opt/airflow/dags/my_calc_rates.py", line 69, in fetch_exchange_rates
    load_to_postgres = PostgresOperator(
NameError: name 'PostgresOperator' is not defined
[2023-07-25 20:38:05,800] {taskinstance.py:1420} INFO - Marking task as FAILED. dag_id=fetch_exchange_rates_dag, task_id=fetch_exchange_rates_task, execution_date=20230725T080000, start_date=20230725T203803, end_date=20230725T203805
[2023-07-25 20:38:05,840] {standard_task_runner.py:97} ERROR - Failed to execute job 146 for task fetch_exchange_rates_task (name 'PostgresOperator' is not defined; 9104)
[2023-07-25 20:38:05,871] {local_task_job.py:156} INFO - Task exited with return code 1
[2023-07-25 20:38:05,957] {local_task_job.py:273} INFO - 0 downstream tasks scheduled from follow-on schedule check
[2023-07-26 05:04:30,782] {taskinstance.py:1179} INFO - Dependencies all met for <TaskInstance: fetch_exchange_rates_dag.fetch_exchange_rates_task scheduled__2023-07-25T08:00:00+00:00 [queued]>
[2023-07-26 05:04:30,808] {taskinstance.py:1179} INFO - Dependencies all met for <TaskInstance: fetch_exchange_rates_dag.fetch_exchange_rates_task scheduled__2023-07-25T08:00:00+00:00 [queued]>
[2023-07-26 05:04:30,809] {taskinstance.py:1376} INFO - 
--------------------------------------------------------------------------------
[2023-07-26 05:04:30,810] {taskinstance.py:1377} INFO - Starting attempt 1 of 1
[2023-07-26 05:04:30,815] {taskinstance.py:1378} INFO - 
--------------------------------------------------------------------------------
[2023-07-26 05:04:30,850] {taskinstance.py:1397} INFO - Executing <Task(PythonOperator): fetch_exchange_rates_task> on 2023-07-25 08:00:00+00:00
[2023-07-26 05:04:30,861] {standard_task_runner.py:52} INFO - Started process 731 to run task
[2023-07-26 05:04:30,870] {standard_task_runner.py:79} INFO - Running: ['***', 'tasks', 'run', 'fetch_exchange_rates_dag', 'fetch_exchange_rates_task', 'scheduled__2023-07-25T08:00:00+00:00', '--job-id', '164', '--raw', '--subdir', 'DAGS_FOLDER/my_calc_rates.py', '--cfg-path', '/tmp/tmptvhcxbhu', '--error-file', '/tmp/tmpk6u09xh8']
[2023-07-26 05:04:30,873] {standard_task_runner.py:80} INFO - Job 164: Subtask fetch_exchange_rates_task
[2023-07-26 05:04:31,007] {task_command.py:371} INFO - Running <TaskInstance: fetch_exchange_rates_dag.fetch_exchange_rates_task scheduled__2023-07-25T08:00:00+00:00 [running]> on host acb6bca32630
[2023-07-26 05:04:31,168] {taskinstance.py:1591} INFO - Exporting the following env vars:
AIRFLOW_CTX_DAG_OWNER=marina_z
AIRFLOW_CTX_DAG_ID=fetch_exchange_rates_dag
AIRFLOW_CTX_TASK_ID=fetch_exchange_rates_task
AIRFLOW_CTX_EXECUTION_DATE=2023-07-25T08:00:00+00:00
AIRFLOW_CTX_TRY_NUMBER=1
AIRFLOW_CTX_DAG_RUN_ID=scheduled__2023-07-25T08:00:00+00:00
[2023-07-26 05:04:31,542] {logging_mixin.py:115} INFO - Save a new file exchange_latest_BTC.csv
[2023-07-26 05:04:31,543] {logging_mixin.py:115} INFO - Create a new table exchange_latest_BTC
[2023-07-26 05:04:31,553] {logging_mixin.py:115} INFO - Insert into table exchange_latest_BTC
[2023-07-26 05:04:31,895] {logging_mixin.py:115} INFO - Save a new file exchange_latest_EUR.csv
[2023-07-26 05:04:31,899] {logging_mixin.py:115} INFO - Create a new table exchange_latest_EUR
[2023-07-26 05:04:31,909] {logging_mixin.py:115} INFO - Insert into table exchange_latest_EUR
[2023-07-26 05:04:32,292] {logging_mixin.py:115} INFO - Save a new file exchange_latest_GBR.csv
[2023-07-26 05:04:32,293] {logging_mixin.py:115} INFO - Create a new table exchange_latest_GBR
[2023-07-26 05:04:32,301] {logging_mixin.py:115} INFO - Insert into table exchange_latest_GBR
[2023-07-26 05:04:32,628] {logging_mixin.py:115} INFO - Save a new file exchange_latest_JPY.csv
[2023-07-26 05:04:32,631] {logging_mixin.py:115} INFO - Create a new table exchange_latest_JPY
[2023-07-26 05:04:32,636] {logging_mixin.py:115} INFO - Insert into table exchange_latest_JPY
[2023-07-26 05:04:33,006] {logging_mixin.py:115} INFO - Save a new file exchange_latest_CNY.csv
[2023-07-26 05:04:33,007] {logging_mixin.py:115} INFO - Create a new table exchange_latest_CNY
[2023-07-26 05:04:33,012] {logging_mixin.py:115} INFO - Insert into table exchange_latest_CNY
[2023-07-26 05:04:33,032] {python.py:173} INFO - Done. Returned value was: None
[2023-07-26 05:04:33,052] {taskinstance.py:1420} INFO - Marking task as SUCCESS. dag_id=fetch_exchange_rates_dag, task_id=fetch_exchange_rates_task, execution_date=20230725T080000, start_date=20230726T050430, end_date=20230726T050433
[2023-07-26 05:04:33,107] {local_task_job.py:156} INFO - Task exited with return code 0
[2023-07-26 05:04:33,276] {local_task_job.py:273} INFO - 1 downstream tasks scheduled from follow-on schedule check
