[2023-07-25 20:20:04,245] {taskinstance.py:1179} INFO - Dependencies all met for <TaskInstance: calc-rates.choose_best_model scheduled__2023-07-25T20:15:00+00:00 [queued]>
[2023-07-25 20:20:04,251] {taskinstance.py:1179} INFO - Dependencies all met for <TaskInstance: calc-rates.choose_best_model scheduled__2023-07-25T20:15:00+00:00 [queued]>
[2023-07-25 20:20:04,252] {taskinstance.py:1376} INFO - 
--------------------------------------------------------------------------------
[2023-07-25 20:20:04,252] {taskinstance.py:1377} INFO - Starting attempt 1 of 1
[2023-07-25 20:20:04,253] {taskinstance.py:1378} INFO - 
--------------------------------------------------------------------------------
[2023-07-25 20:20:04,262] {taskinstance.py:1397} INFO - Executing <Task(BranchPythonOperator): choose_best_model> on 2023-07-25 20:15:00+00:00
[2023-07-25 20:20:04,266] {standard_task_runner.py:52} INFO - Started process 8042 to run task
[2023-07-25 20:20:04,268] {standard_task_runner.py:79} INFO - Running: ['***', 'tasks', 'run', 'calc-rates', 'choose_best_model', 'scheduled__2023-07-25T20:15:00+00:00', '--job-id', '83', '--raw', '--subdir', 'DAGS_FOLDER/calc_rates.py', '--cfg-path', '/tmp/tmpk3cc_3bh', '--error-file', '/tmp/tmpl4s6ani4']
[2023-07-25 20:20:04,269] {standard_task_runner.py:80} INFO - Job 83: Subtask choose_best_model
[2023-07-25 20:20:04,331] {task_command.py:371} INFO - Running <TaskInstance: calc-rates.choose_best_model scheduled__2023-07-25T20:15:00+00:00 [running]> on host 661c8d62a693
[2023-07-25 20:20:04,381] {taskinstance.py:1591} INFO - Exporting the following env vars:
AIRFLOW_CTX_DAG_OWNER=marina_z
AIRFLOW_CTX_DAG_ID=calc-rates
AIRFLOW_CTX_TASK_ID=choose_best_model
AIRFLOW_CTX_EXECUTION_DATE=2023-07-25T20:15:00+00:00
AIRFLOW_CTX_TRY_NUMBER=1
AIRFLOW_CTX_DAG_RUN_ID=scheduled__2023-07-25T20:15:00+00:00
[2023-07-25 20:20:04,383] {python.py:173} INFO - Done. Returned value was: accurate
[2023-07-25 20:20:04,383] {skipmixin.py:140} INFO - Following branch accurate
[2023-07-25 20:20:04,384] {skipmixin.py:175} INFO - Skipping tasks ['inaccurate']
[2023-07-25 20:20:04,420] {taskinstance.py:1420} INFO - Marking task as SUCCESS. dag_id=calc-rates, task_id=choose_best_model, execution_date=20230725T201500, start_date=20230725T202004, end_date=20230725T202004
[2023-07-25 20:20:04,441] {local_task_job.py:156} INFO - Task exited with return code 0
[2023-07-25 20:20:04,472] {local_task_job.py:273} INFO - 1 downstream tasks scheduled from follow-on schedule check
