[2023-07-25 20:35:03,946] {taskinstance.py:1179} INFO - Dependencies all met for <TaskInstance: calc-rates.import_rates scheduled__2023-07-25T20:30:00+00:00 [queued]>
[2023-07-25 20:35:03,961] {taskinstance.py:1179} INFO - Dependencies all met for <TaskInstance: calc-rates.import_rates scheduled__2023-07-25T20:30:00+00:00 [queued]>
[2023-07-25 20:35:03,962] {taskinstance.py:1376} INFO - 
--------------------------------------------------------------------------------
[2023-07-25 20:35:03,963] {taskinstance.py:1377} INFO - Starting attempt 1 of 1
[2023-07-25 20:35:03,964] {taskinstance.py:1378} INFO - 
--------------------------------------------------------------------------------
[2023-07-25 20:35:03,990] {taskinstance.py:1397} INFO - Executing <Task(PythonOperator): import_rates> on 2023-07-25 20:30:00+00:00
[2023-07-25 20:35:03,999] {standard_task_runner.py:52} INFO - Started process 8919 to run task
[2023-07-25 20:35:04,004] {standard_task_runner.py:79} INFO - Running: ['***', 'tasks', 'run', 'calc-rates', 'import_rates', 'scheduled__2023-07-25T20:30:00+00:00', '--job-id', '133', '--raw', '--subdir', 'DAGS_FOLDER/calc_rates.py', '--cfg-path', '/tmp/tmp60vy98t_', '--error-file', '/tmp/tmpprfdp80w']
[2023-07-25 20:35:04,006] {standard_task_runner.py:80} INFO - Job 133: Subtask import_rates
[2023-07-25 20:35:04,118] {task_command.py:371} INFO - Running <TaskInstance: calc-rates.import_rates scheduled__2023-07-25T20:30:00+00:00 [running]> on host 661c8d62a693
[2023-07-25 20:35:04,244] {taskinstance.py:1591} INFO - Exporting the following env vars:
AIRFLOW_CTX_DAG_OWNER=marina_z
AIRFLOW_CTX_DAG_ID=calc-rates
AIRFLOW_CTX_TASK_ID=import_rates
AIRFLOW_CTX_EXECUTION_DATE=2023-07-25T20:30:00+00:00
AIRFLOW_CTX_TRY_NUMBER=1
AIRFLOW_CTX_DAG_RUN_ID=scheduled__2023-07-25T20:30:00+00:00
[2023-07-25 20:35:04,620] {python.py:173} INFO - Done. Returned value was: None
[2023-07-25 20:35:04,649] {taskinstance.py:1420} INFO - Marking task as SUCCESS. dag_id=calc-rates, task_id=import_rates, execution_date=20230725T203000, start_date=20230725T203503, end_date=20230725T203504
[2023-07-25 20:35:04,706] {local_task_job.py:156} INFO - Task exited with return code 0
[2023-07-25 20:35:04,767] {local_task_job.py:273} INFO - 1 downstream tasks scheduled from follow-on schedule check
