[2023-07-25 20:34:54,653] {taskinstance.py:1179} INFO - Dependencies all met for <TaskInstance: fetch_exchange_rates_dag.fetch_exchange_rates_task scheduled__2023-07-25T04:20:00+00:00 [queued]>
[2023-07-25 20:34:54,670] {taskinstance.py:1179} INFO - Dependencies all met for <TaskInstance: fetch_exchange_rates_dag.fetch_exchange_rates_task scheduled__2023-07-25T04:20:00+00:00 [queued]>
[2023-07-25 20:34:54,672] {taskinstance.py:1376} INFO - 
--------------------------------------------------------------------------------
[2023-07-25 20:34:54,673] {taskinstance.py:1377} INFO - Starting attempt 1 of 1
[2023-07-25 20:34:54,674] {taskinstance.py:1378} INFO - 
--------------------------------------------------------------------------------
[2023-07-25 20:34:54,700] {taskinstance.py:1397} INFO - Executing <Task(PythonOperator): fetch_exchange_rates_task> on 2023-07-25 04:20:00+00:00
[2023-07-25 20:34:54,710] {standard_task_runner.py:52} INFO - Started process 8876 to run task
[2023-07-25 20:34:54,719] {standard_task_runner.py:79} INFO - Running: ['***', 'tasks', 'run', 'fetch_exchange_rates_dag', 'fetch_exchange_rates_task', 'scheduled__2023-07-25T04:20:00+00:00', '--job-id', '119', '--raw', '--subdir', 'DAGS_FOLDER/my_calc_rates.py', '--cfg-path', '/tmp/tmp26m0o_3m', '--error-file', '/tmp/tmpiv12n4yf']
[2023-07-25 20:34:54,726] {standard_task_runner.py:80} INFO - Job 119: Subtask fetch_exchange_rates_task
[2023-07-25 20:34:54,961] {task_command.py:371} INFO - Running <TaskInstance: fetch_exchange_rates_dag.fetch_exchange_rates_task scheduled__2023-07-25T04:20:00+00:00 [running]> on host 661c8d62a693
[2023-07-25 20:34:55,089] {taskinstance.py:1591} INFO - Exporting the following env vars:
AIRFLOW_CTX_DAG_OWNER=marina_z
AIRFLOW_CTX_DAG_ID=fetch_exchange_rates_dag
AIRFLOW_CTX_TASK_ID=fetch_exchange_rates_task
AIRFLOW_CTX_EXECUTION_DATE=2023-07-25T04:20:00+00:00
AIRFLOW_CTX_TRY_NUMBER=1
AIRFLOW_CTX_DAG_RUN_ID=scheduled__2023-07-25T04:20:00+00:00
[2023-07-25 20:34:56,675] {taskinstance.py:1909} ERROR - Task failed with exception
Traceback (most recent call last):
  File "/home/airflow/.local/lib/python3.7/site-packages/airflow/operators/python.py", line 171, in execute
    return_value = self.execute_callable()
  File "/home/airflow/.local/lib/python3.7/site-packages/airflow/operators/python.py", line 189, in execute_callable
    return self.python_callable(*self.op_args, **self.op_kwargs)
  File "/opt/airflow/dags/my_calc_rates.py", line 69, in fetch_exchange_rates
    load_to_postgres = PostgresOperator(
NameError: name 'PostgresOperator' is not defined
[2023-07-25 20:34:56,687] {taskinstance.py:1420} INFO - Marking task as FAILED. dag_id=fetch_exchange_rates_dag, task_id=fetch_exchange_rates_task, execution_date=20230725T042000, start_date=20230725T203454, end_date=20230725T203456
[2023-07-25 20:34:56,733] {standard_task_runner.py:97} ERROR - Failed to execute job 119 for task fetch_exchange_rates_task (name 'PostgresOperator' is not defined; 8876)
[2023-07-25 20:34:56,778] {local_task_job.py:156} INFO - Task exited with return code 1
[2023-07-25 20:34:56,821] {local_task_job.py:273} INFO - 0 downstream tasks scheduled from follow-on schedule check
[2023-07-26 05:03:52,520] {taskinstance.py:1179} INFO - Dependencies all met for <TaskInstance: fetch_exchange_rates_dag.fetch_exchange_rates_task scheduled__2023-07-25T04:20:00+00:00 [queued]>
[2023-07-26 05:03:52,666] {taskinstance.py:1179} INFO - Dependencies all met for <TaskInstance: fetch_exchange_rates_dag.fetch_exchange_rates_task scheduled__2023-07-25T04:20:00+00:00 [queued]>
[2023-07-26 05:03:52,671] {taskinstance.py:1376} INFO - 
--------------------------------------------------------------------------------
[2023-07-26 05:03:52,672] {taskinstance.py:1377} INFO - Starting attempt 1 of 1
[2023-07-26 05:03:52,674] {taskinstance.py:1378} INFO - 
--------------------------------------------------------------------------------
[2023-07-26 05:03:52,821] {taskinstance.py:1397} INFO - Executing <Task(PythonOperator): fetch_exchange_rates_task> on 2023-07-25 04:20:00+00:00
[2023-07-26 05:03:52,852] {standard_task_runner.py:52} INFO - Started process 457 to run task
[2023-07-26 05:03:52,904] {standard_task_runner.py:79} INFO - Running: ['***', 'tasks', 'run', 'fetch_exchange_rates_dag', 'fetch_exchange_rates_task', 'scheduled__2023-07-25T04:20:00+00:00', '--job-id', '84', '--raw', '--subdir', 'DAGS_FOLDER/my_calc_rates.py', '--cfg-path', '/tmp/tmpn9_qg8ic', '--error-file', '/tmp/tmpsuam6num']
[2023-07-26 05:03:52,917] {standard_task_runner.py:80} INFO - Job 84: Subtask fetch_exchange_rates_task
[2023-07-26 05:03:53,367] {task_command.py:371} INFO - Running <TaskInstance: fetch_exchange_rates_dag.fetch_exchange_rates_task scheduled__2023-07-25T04:20:00+00:00 [running]> on host acb6bca32630
[2023-07-26 05:03:53,994] {taskinstance.py:1591} INFO - Exporting the following env vars:
AIRFLOW_CTX_DAG_OWNER=marina_z
AIRFLOW_CTX_DAG_ID=fetch_exchange_rates_dag
AIRFLOW_CTX_TASK_ID=fetch_exchange_rates_task
AIRFLOW_CTX_EXECUTION_DATE=2023-07-25T04:20:00+00:00
AIRFLOW_CTX_TRY_NUMBER=1
AIRFLOW_CTX_DAG_RUN_ID=scheduled__2023-07-25T04:20:00+00:00
[2023-07-26 05:03:54,556] {logging_mixin.py:115} INFO - Save a new file exchange_latest_BTC.csv
[2023-07-26 05:03:54,557] {logging_mixin.py:115} INFO - Create a new table exchange_latest_BTC
[2023-07-26 05:03:54,564] {logging_mixin.py:115} INFO - Insert into table exchange_latest_BTC
[2023-07-26 05:03:54,958] {logging_mixin.py:115} INFO - Save a new file exchange_latest_EUR.csv
[2023-07-26 05:03:54,959] {logging_mixin.py:115} INFO - Create a new table exchange_latest_EUR
[2023-07-26 05:03:54,988] {logging_mixin.py:115} INFO - Insert into table exchange_latest_EUR
[2023-07-26 05:03:55,715] {logging_mixin.py:115} INFO - Save a new file exchange_latest_GBR.csv
[2023-07-26 05:03:55,723] {logging_mixin.py:115} INFO - Create a new table exchange_latest_GBR
[2023-07-26 05:03:55,738] {logging_mixin.py:115} INFO - Insert into table exchange_latest_GBR
[2023-07-26 05:03:56,163] {logging_mixin.py:115} INFO - Save a new file exchange_latest_JPY.csv
[2023-07-26 05:03:56,165] {logging_mixin.py:115} INFO - Create a new table exchange_latest_JPY
[2023-07-26 05:03:56,172] {logging_mixin.py:115} INFO - Insert into table exchange_latest_JPY
[2023-07-26 05:03:56,558] {logging_mixin.py:115} INFO - Save a new file exchange_latest_CNY.csv
[2023-07-26 05:03:56,559] {logging_mixin.py:115} INFO - Create a new table exchange_latest_CNY
[2023-07-26 05:03:56,580] {logging_mixin.py:115} INFO - Insert into table exchange_latest_CNY
[2023-07-26 05:03:56,614] {python.py:173} INFO - Done. Returned value was: None
[2023-07-26 05:03:56,907] {taskinstance.py:1420} INFO - Marking task as SUCCESS. dag_id=fetch_exchange_rates_dag, task_id=fetch_exchange_rates_task, execution_date=20230725T042000, start_date=20230726T050352, end_date=20230726T050356
[2023-07-26 05:03:57,093] {local_task_job.py:156} INFO - Task exited with return code 0
[2023-07-26 05:03:57,186] {local_task_job.py:273} INFO - 1 downstream tasks scheduled from follow-on schedule check
