[2023-07-26 05:07:16,643] {taskinstance.py:1179} INFO - Dependencies all met for <TaskInstance: fetch_exchange_rates_dag.bash_task scheduled__2023-07-25T23:30:00+00:00 [queued]>
[2023-07-26 05:07:16,687] {taskinstance.py:1179} INFO - Dependencies all met for <TaskInstance: fetch_exchange_rates_dag.bash_task scheduled__2023-07-25T23:30:00+00:00 [queued]>
[2023-07-26 05:07:16,693] {taskinstance.py:1376} INFO - 
--------------------------------------------------------------------------------
[2023-07-26 05:07:16,693] {taskinstance.py:1377} INFO - Starting attempt 1 of 1
[2023-07-26 05:07:16,699] {taskinstance.py:1378} INFO - 
--------------------------------------------------------------------------------
[2023-07-26 05:07:16,744] {taskinstance.py:1397} INFO - Executing <Task(BashOperator): bash_task> on 2023-07-25 23:30:00+00:00
[2023-07-26 05:07:16,769] {standard_task_runner.py:52} INFO - Started process 1930 to run task
[2023-07-26 05:07:16,791] {standard_task_runner.py:79} INFO - Running: ['***', 'tasks', 'run', 'fetch_exchange_rates_dag', 'bash_task', 'scheduled__2023-07-25T23:30:00+00:00', '--job-id', '500', '--raw', '--subdir', 'DAGS_FOLDER/my_calc_rates.py', '--cfg-path', '/tmp/tmpdgpe1ifq', '--error-file', '/tmp/tmp99c77nfy']
[2023-07-26 05:07:16,801] {standard_task_runner.py:80} INFO - Job 500: Subtask bash_task
[2023-07-26 05:07:17,070] {task_command.py:371} INFO - Running <TaskInstance: fetch_exchange_rates_dag.bash_task scheduled__2023-07-25T23:30:00+00:00 [running]> on host acb6bca32630
[2023-07-26 05:07:17,382] {taskinstance.py:1591} INFO - Exporting the following env vars:
AIRFLOW_CTX_DAG_OWNER=***
AIRFLOW_CTX_DAG_ID=fetch_exchange_rates_dag
AIRFLOW_CTX_TASK_ID=bash_task
AIRFLOW_CTX_EXECUTION_DATE=2023-07-25T23:30:00+00:00
AIRFLOW_CTX_TRY_NUMBER=1
AIRFLOW_CTX_DAG_RUN_ID=scheduled__2023-07-25T23:30:00+00:00
[2023-07-26 05:07:17,390] {subprocess.py:62} INFO - Tmp dir root location: 
 /tmp
[2023-07-26 05:07:17,392] {subprocess.py:74} INFO - Running command: ['bash', '-c', 'echo "Good morning my diggers!"']
[2023-07-26 05:07:17,474] {subprocess.py:85} INFO - Output:
[2023-07-26 05:07:17,488] {subprocess.py:92} INFO - Good morning my diggers!
[2023-07-26 05:07:17,490] {subprocess.py:96} INFO - Command exited with return code 0
[2023-07-26 05:07:17,579] {taskinstance.py:1420} INFO - Marking task as SUCCESS. dag_id=fetch_exchange_rates_dag, task_id=bash_task, execution_date=20230725T233000, start_date=20230726T050716, end_date=20230726T050717
[2023-07-26 05:07:17,660] {local_task_job.py:156} INFO - Task exited with return code 0
[2023-07-26 05:07:17,765] {local_task_job.py:273} INFO - 1 downstream tasks scheduled from follow-on schedule check
