[2023-07-26 04:18:26,068] {taskinstance.py:1179} INFO - Dependencies all met for <TaskInstance: fetch_exchange_rates_dag.print_csv_table scheduled__2023-07-26T00:10:00+00:00 [queued]>
[2023-07-26 04:18:26,131] {taskinstance.py:1179} INFO - Dependencies all met for <TaskInstance: fetch_exchange_rates_dag.print_csv_table scheduled__2023-07-26T00:10:00+00:00 [queued]>
[2023-07-26 04:18:26,136] {taskinstance.py:1376} INFO - 
--------------------------------------------------------------------------------
[2023-07-26 04:18:26,137] {taskinstance.py:1377} INFO - Starting attempt 1 of 1
[2023-07-26 04:18:26,140] {taskinstance.py:1378} INFO - 
--------------------------------------------------------------------------------
[2023-07-26 04:18:26,213] {taskinstance.py:1397} INFO - Executing <Task(PythonOperator): print_csv_table> on 2023-07-26 00:10:00+00:00
[2023-07-26 04:18:26,237] {standard_task_runner.py:52} INFO - Started process 7120 to run task
[2023-07-26 04:18:26,259] {standard_task_runner.py:79} INFO - Running: ['***', 'tasks', 'run', 'fetch_exchange_rates_dag', 'print_csv_table', 'scheduled__2023-07-26T00:10:00+00:00', '--job-id', '78', '--raw', '--subdir', 'DAGS_FOLDER/my_calc_rates.py', '--cfg-path', '/tmp/tmpdu5j1okj', '--error-file', '/tmp/tmpj7y3etsk']
[2023-07-26 04:18:26,275] {standard_task_runner.py:80} INFO - Job 78: Subtask print_csv_table
[2023-07-26 04:18:26,540] {task_command.py:371} INFO - Running <TaskInstance: fetch_exchange_rates_dag.print_csv_table scheduled__2023-07-26T00:10:00+00:00 [running]> on host 6e11a261c833
[2023-07-26 04:18:26,733] {taskinstance.py:1591} INFO - Exporting the following env vars:
AIRFLOW_CTX_DAG_OWNER=marina_z
AIRFLOW_CTX_DAG_ID=fetch_exchange_rates_dag
AIRFLOW_CTX_TASK_ID=print_csv_table
AIRFLOW_CTX_EXECUTION_DATE=2023-07-26T00:10:00+00:00
AIRFLOW_CTX_TRY_NUMBER=1
AIRFLOW_CTX_DAG_RUN_ID=scheduled__2023-07-26T00:10:00+00:00
[2023-07-26 04:18:26,786] {logging_mixin.py:115} INFO -   exchange_id  exchange_rate base_exchange        date
0         RUB   2.622164e+06           BTC  2023-07-26
1         RUB   9.960367e+01           EUR  2023-07-26
2         RUB   9.964221e+01           EUR  2023-07-26
3         RUB   6.397940e-01           JPY  2023-07-26
4         RUB   1.263880e+01           CNY  2023-07-26
[2023-07-26 04:18:26,788] {python.py:173} INFO - Done. Returned value was: None
[2023-07-26 04:18:26,883] {taskinstance.py:1420} INFO - Marking task as SUCCESS. dag_id=fetch_exchange_rates_dag, task_id=print_csv_table, execution_date=20230726T001000, start_date=20230726T041826, end_date=20230726T041826
[2023-07-26 04:18:26,963] {local_task_job.py:156} INFO - Task exited with return code 0
[2023-07-26 04:18:27,064] {local_task_job.py:273} INFO - 0 downstream tasks scheduled from follow-on schedule check
[2023-07-26 05:07:31,104] {taskinstance.py:1179} INFO - Dependencies all met for <TaskInstance: fetch_exchange_rates_dag.print_csv_table scheduled__2023-07-26T00:10:00+00:00 [queued]>
[2023-07-26 05:07:31,119] {taskinstance.py:1179} INFO - Dependencies all met for <TaskInstance: fetch_exchange_rates_dag.print_csv_table scheduled__2023-07-26T00:10:00+00:00 [queued]>
[2023-07-26 05:07:31,120] {taskinstance.py:1376} INFO - 
--------------------------------------------------------------------------------
[2023-07-26 05:07:31,121] {taskinstance.py:1377} INFO - Starting attempt 1 of 1
[2023-07-26 05:07:31,122] {taskinstance.py:1378} INFO - 
--------------------------------------------------------------------------------
[2023-07-26 05:07:31,141] {taskinstance.py:1397} INFO - Executing <Task(PythonOperator): print_csv_table> on 2023-07-26 00:10:00+00:00
[2023-07-26 05:07:31,148] {standard_task_runner.py:52} INFO - Started process 2033 to run task
[2023-07-26 05:07:31,152] {standard_task_runner.py:79} INFO - Running: ['***', 'tasks', 'run', 'fetch_exchange_rates_dag', 'print_csv_table', 'scheduled__2023-07-26T00:10:00+00:00', '--job-id', '531', '--raw', '--subdir', 'DAGS_FOLDER/my_calc_rates.py', '--cfg-path', '/tmp/tmplmymixj2', '--error-file', '/tmp/tmpggf3mlq1']
[2023-07-26 05:07:31,155] {standard_task_runner.py:80} INFO - Job 531: Subtask print_csv_table
[2023-07-26 05:07:31,287] {task_command.py:371} INFO - Running <TaskInstance: fetch_exchange_rates_dag.print_csv_table scheduled__2023-07-26T00:10:00+00:00 [running]> on host acb6bca32630
[2023-07-26 05:07:31,421] {taskinstance.py:1591} INFO - Exporting the following env vars:
AIRFLOW_CTX_DAG_OWNER=marina_z
AIRFLOW_CTX_DAG_ID=fetch_exchange_rates_dag
AIRFLOW_CTX_TASK_ID=print_csv_table
AIRFLOW_CTX_EXECUTION_DATE=2023-07-26T00:10:00+00:00
AIRFLOW_CTX_TRY_NUMBER=1
AIRFLOW_CTX_DAG_RUN_ID=scheduled__2023-07-26T00:10:00+00:00
[2023-07-26 05:07:31,451] {logging_mixin.py:115} INFO -   exchange_id  exchange_rate base_exchange        date
0         RUB     2622163.50           BTC  2023-07-26
1         RUB          99.60           EUR  2023-07-26
2         RUB          99.64           EUR  2023-07-26
3         RUB           0.64           JPY  2023-07-26
4         RUB          12.64           CNY  2023-07-26
[2023-07-26 05:07:31,452] {python.py:173} INFO - Done. Returned value was: None
[2023-07-26 05:07:31,469] {taskinstance.py:1420} INFO - Marking task as SUCCESS. dag_id=fetch_exchange_rates_dag, task_id=print_csv_table, execution_date=20230726T001000, start_date=20230726T050731, end_date=20230726T050731
[2023-07-26 05:07:31,534] {local_task_job.py:156} INFO - Task exited with return code 0
[2023-07-26 05:07:31,568] {local_task_job.py:273} INFO - 0 downstream tasks scheduled from follow-on schedule check
