[2023-07-26 05:20:01,933] {taskinstance.py:1179} INFO - Dependencies all met for <TaskInstance: fetch_exchange_rates_dag.fetch_exchange_rates_task scheduled__2023-07-26T05:10:00+00:00 [queued]>
[2023-07-26 05:20:01,941] {taskinstance.py:1179} INFO - Dependencies all met for <TaskInstance: fetch_exchange_rates_dag.fetch_exchange_rates_task scheduled__2023-07-26T05:10:00+00:00 [queued]>
[2023-07-26 05:20:01,942] {taskinstance.py:1376} INFO - 
--------------------------------------------------------------------------------
[2023-07-26 05:20:01,942] {taskinstance.py:1377} INFO - Starting attempt 1 of 1
[2023-07-26 05:20:01,943] {taskinstance.py:1378} INFO - 
--------------------------------------------------------------------------------
[2023-07-26 05:20:01,955] {taskinstance.py:1397} INFO - Executing <Task(PythonOperator): fetch_exchange_rates_task> on 2023-07-26 05:10:00+00:00
[2023-07-26 05:20:01,960] {standard_task_runner.py:52} INFO - Started process 2977 to run task
[2023-07-26 05:20:01,963] {standard_task_runner.py:79} INFO - Running: ['***', 'tasks', 'run', 'fetch_exchange_rates_dag', 'fetch_exchange_rates_task', 'scheduled__2023-07-26T05:10:00+00:00', '--job-id', '641', '--raw', '--subdir', 'DAGS_FOLDER/my_calc_rates.py', '--cfg-path', '/tmp/tmphi21ckam', '--error-file', '/tmp/tmpwjyc926v']
[2023-07-26 05:20:01,964] {standard_task_runner.py:80} INFO - Job 641: Subtask fetch_exchange_rates_task
[2023-07-26 05:20:02,032] {task_command.py:371} INFO - Running <TaskInstance: fetch_exchange_rates_dag.fetch_exchange_rates_task scheduled__2023-07-26T05:10:00+00:00 [running]> on host acb6bca32630
[2023-07-26 05:20:02,095] {taskinstance.py:1591} INFO - Exporting the following env vars:
AIRFLOW_CTX_DAG_OWNER=marina_z
AIRFLOW_CTX_DAG_ID=fetch_exchange_rates_dag
AIRFLOW_CTX_TASK_ID=fetch_exchange_rates_task
AIRFLOW_CTX_EXECUTION_DATE=2023-07-26T05:10:00+00:00
AIRFLOW_CTX_TRY_NUMBER=1
AIRFLOW_CTX_DAG_RUN_ID=scheduled__2023-07-26T05:10:00+00:00
[2023-07-26 05:20:02,459] {logging_mixin.py:115} INFO - Save a new file exchange_latest_BTC.csv
[2023-07-26 05:20:02,460] {logging_mixin.py:115} INFO - Create a new table exchange_latest_BTC
[2023-07-26 05:20:02,467] {logging_mixin.py:115} INFO - Insert into table exchange_latest_BTC
[2023-07-26 05:20:02,869] {logging_mixin.py:115} INFO - Save a new file exchange_latest_EUR.csv
[2023-07-26 05:20:02,871] {logging_mixin.py:115} INFO - Create a new table exchange_latest_EUR
[2023-07-26 05:20:02,882] {logging_mixin.py:115} INFO - Insert into table exchange_latest_EUR
[2023-07-26 05:20:03,282] {logging_mixin.py:115} INFO - Save a new file exchange_latest_GBR.csv
[2023-07-26 05:20:03,283] {logging_mixin.py:115} INFO - Create a new table exchange_latest_GBR
[2023-07-26 05:20:03,289] {logging_mixin.py:115} INFO - Insert into table exchange_latest_GBR
[2023-07-26 05:20:03,605] {logging_mixin.py:115} INFO - Save a new file exchange_latest_JPY.csv
[2023-07-26 05:20:03,606] {logging_mixin.py:115} INFO - Create a new table exchange_latest_JPY
[2023-07-26 05:20:03,613] {logging_mixin.py:115} INFO - Insert into table exchange_latest_JPY
[2023-07-26 05:20:03,947] {logging_mixin.py:115} INFO - Save a new file exchange_latest_CNY.csv
[2023-07-26 05:20:03,948] {logging_mixin.py:115} INFO - Create a new table exchange_latest_CNY
[2023-07-26 05:20:03,958] {logging_mixin.py:115} INFO - Insert into table exchange_latest_CNY
[2023-07-26 05:20:04,005] {python.py:173} INFO - Done. Returned value was: None
[2023-07-26 05:20:04,033] {taskinstance.py:1420} INFO - Marking task as SUCCESS. dag_id=fetch_exchange_rates_dag, task_id=fetch_exchange_rates_task, execution_date=20230726T051000, start_date=20230726T052001, end_date=20230726T052004
[2023-07-26 05:20:04,065] {local_task_job.py:156} INFO - Task exited with return code 0
[2023-07-26 05:20:04,099] {local_task_job.py:273} INFO - 1 downstream tasks scheduled from follow-on schedule check
