[2023-07-25 20:38:48,991] {taskinstance.py:1179} INFO - Dependencies all met for <TaskInstance: fetch_exchange_rates_dag.fetch_exchange_rates_task scheduled__2023-07-25T18:50:00+00:00 [queued]>
[2023-07-25 20:38:49,006] {taskinstance.py:1179} INFO - Dependencies all met for <TaskInstance: fetch_exchange_rates_dag.fetch_exchange_rates_task scheduled__2023-07-25T18:50:00+00:00 [queued]>
[2023-07-25 20:38:49,007] {taskinstance.py:1376} INFO - 
--------------------------------------------------------------------------------
[2023-07-25 20:38:49,008] {taskinstance.py:1377} INFO - Starting attempt 1 of 1
[2023-07-25 20:38:49,009] {taskinstance.py:1378} INFO - 
--------------------------------------------------------------------------------
[2023-07-25 20:38:49,039] {taskinstance.py:1397} INFO - Executing <Task(PythonOperator): fetch_exchange_rates_task> on 2023-07-25 18:50:00+00:00
[2023-07-25 20:38:49,052] {standard_task_runner.py:52} INFO - Started process 9334 to run task
[2023-07-25 20:38:49,061] {standard_task_runner.py:79} INFO - Running: ['***', 'tasks', 'run', 'fetch_exchange_rates_dag', 'fetch_exchange_rates_task', 'scheduled__2023-07-25T18:50:00+00:00', '--job-id', '211', '--raw', '--subdir', 'DAGS_FOLDER/my_calc_rates.py', '--cfg-path', '/tmp/tmp2fu1t4mi', '--error-file', '/tmp/tmp9d7quy42']
[2023-07-25 20:38:49,063] {standard_task_runner.py:80} INFO - Job 211: Subtask fetch_exchange_rates_task
[2023-07-25 20:38:49,201] {task_command.py:371} INFO - Running <TaskInstance: fetch_exchange_rates_dag.fetch_exchange_rates_task scheduled__2023-07-25T18:50:00+00:00 [running]> on host 661c8d62a693
[2023-07-25 20:38:49,365] {taskinstance.py:1591} INFO - Exporting the following env vars:
AIRFLOW_CTX_DAG_OWNER=marina_z
AIRFLOW_CTX_DAG_ID=fetch_exchange_rates_dag
AIRFLOW_CTX_TASK_ID=fetch_exchange_rates_task
AIRFLOW_CTX_EXECUTION_DATE=2023-07-25T18:50:00+00:00
AIRFLOW_CTX_TRY_NUMBER=1
AIRFLOW_CTX_DAG_RUN_ID=scheduled__2023-07-25T18:50:00+00:00
[2023-07-25 20:38:51,091] {taskinstance.py:1909} ERROR - Task failed with exception
Traceback (most recent call last):
  File "/home/airflow/.local/lib/python3.7/site-packages/airflow/operators/python.py", line 171, in execute
    return_value = self.execute_callable()
  File "/home/airflow/.local/lib/python3.7/site-packages/airflow/operators/python.py", line 189, in execute_callable
    return self.python_callable(*self.op_args, **self.op_kwargs)
  File "/opt/airflow/dags/my_calc_rates.py", line 69, in fetch_exchange_rates
    load_to_postgres = PostgresOperator(
NameError: name 'PostgresOperator' is not defined
[2023-07-25 20:38:51,109] {taskinstance.py:1420} INFO - Marking task as FAILED. dag_id=fetch_exchange_rates_dag, task_id=fetch_exchange_rates_task, execution_date=20230725T185000, start_date=20230725T203848, end_date=20230725T203851
[2023-07-25 20:38:51,131] {standard_task_runner.py:97} ERROR - Failed to execute job 211 for task fetch_exchange_rates_task (name 'PostgresOperator' is not defined; 9334)
[2023-07-25 20:38:51,181] {local_task_job.py:156} INFO - Task exited with return code 1
[2023-07-25 20:38:51,225] {local_task_job.py:273} INFO - 0 downstream tasks scheduled from follow-on schedule check
[2023-07-26 05:06:25,343] {taskinstance.py:1179} INFO - Dependencies all met for <TaskInstance: fetch_exchange_rates_dag.fetch_exchange_rates_task scheduled__2023-07-25T18:50:00+00:00 [queued]>
[2023-07-26 05:06:25,434] {taskinstance.py:1179} INFO - Dependencies all met for <TaskInstance: fetch_exchange_rates_dag.fetch_exchange_rates_task scheduled__2023-07-25T18:50:00+00:00 [queued]>
[2023-07-26 05:06:25,438] {taskinstance.py:1376} INFO - 
--------------------------------------------------------------------------------
[2023-07-26 05:06:25,440] {taskinstance.py:1377} INFO - Starting attempt 1 of 1
[2023-07-26 05:06:25,442] {taskinstance.py:1378} INFO - 
--------------------------------------------------------------------------------
[2023-07-26 05:06:25,576] {taskinstance.py:1397} INFO - Executing <Task(PythonOperator): fetch_exchange_rates_task> on 2023-07-25 18:50:00+00:00
[2023-07-26 05:06:25,635] {standard_task_runner.py:52} INFO - Started process 1580 to run task
[2023-07-26 05:06:25,709] {standard_task_runner.py:79} INFO - Running: ['***', 'tasks', 'run', 'fetch_exchange_rates_dag', 'fetch_exchange_rates_task', 'scheduled__2023-07-25T18:50:00+00:00', '--job-id', '394', '--raw', '--subdir', 'DAGS_FOLDER/my_calc_rates.py', '--cfg-path', '/tmp/tmp_8zi0a58', '--error-file', '/tmp/tmpkoaqqd8g']
[2023-07-26 05:06:25,726] {standard_task_runner.py:80} INFO - Job 394: Subtask fetch_exchange_rates_task
[2023-07-26 05:06:26,139] {task_command.py:371} INFO - Running <TaskInstance: fetch_exchange_rates_dag.fetch_exchange_rates_task scheduled__2023-07-25T18:50:00+00:00 [running]> on host acb6bca32630
[2023-07-26 05:06:26,460] {taskinstance.py:1591} INFO - Exporting the following env vars:
AIRFLOW_CTX_DAG_OWNER=marina_z
AIRFLOW_CTX_DAG_ID=fetch_exchange_rates_dag
AIRFLOW_CTX_TASK_ID=fetch_exchange_rates_task
AIRFLOW_CTX_EXECUTION_DATE=2023-07-25T18:50:00+00:00
AIRFLOW_CTX_TRY_NUMBER=1
AIRFLOW_CTX_DAG_RUN_ID=scheduled__2023-07-25T18:50:00+00:00
[2023-07-26 05:06:26,990] {logging_mixin.py:115} INFO - Save a new file exchange_latest_BTC.csv
[2023-07-26 05:06:26,994] {logging_mixin.py:115} INFO - Create a new table exchange_latest_BTC
[2023-07-26 05:06:27,006] {logging_mixin.py:115} INFO - Insert into table exchange_latest_BTC
[2023-07-26 05:06:27,588] {logging_mixin.py:115} INFO - Save a new file exchange_latest_EUR.csv
[2023-07-26 05:06:27,589] {logging_mixin.py:115} INFO - Create a new table exchange_latest_EUR
[2023-07-26 05:06:27,598] {logging_mixin.py:115} INFO - Insert into table exchange_latest_EUR
[2023-07-26 05:06:28,735] {logging_mixin.py:115} INFO - Save a new file exchange_latest_GBR.csv
[2023-07-26 05:06:28,736] {logging_mixin.py:115} INFO - Create a new table exchange_latest_GBR
[2023-07-26 05:06:28,798] {logging_mixin.py:115} INFO - Insert into table exchange_latest_GBR
[2023-07-26 05:06:29,434] {logging_mixin.py:115} INFO - Save a new file exchange_latest_JPY.csv
[2023-07-26 05:06:29,436] {logging_mixin.py:115} INFO - Create a new table exchange_latest_JPY
[2023-07-26 05:06:29,460] {logging_mixin.py:115} INFO - Insert into table exchange_latest_JPY
[2023-07-26 05:06:30,228] {logging_mixin.py:115} INFO - Save a new file exchange_latest_CNY.csv
[2023-07-26 05:06:30,236] {logging_mixin.py:115} INFO - Create a new table exchange_latest_CNY
[2023-07-26 05:06:30,273] {logging_mixin.py:115} INFO - Insert into table exchange_latest_CNY
[2023-07-26 05:06:30,358] {python.py:173} INFO - Done. Returned value was: None
[2023-07-26 05:06:30,557] {taskinstance.py:1420} INFO - Marking task as SUCCESS. dag_id=fetch_exchange_rates_dag, task_id=fetch_exchange_rates_task, execution_date=20230725T185000, start_date=20230726T050625, end_date=20230726T050630
[2023-07-26 05:06:30,663] {local_task_job.py:156} INFO - Task exited with return code 0
[2023-07-26 05:06:31,233] {local_task_job.py:273} INFO - 0 downstream tasks scheduled from follow-on schedule check
