[2023-07-26 05:05:33,310] {taskinstance.py:1179} INFO - Dependencies all met for <TaskInstance: fetch_exchange_rates_dag.create_total_exchange_rates_table scheduled__2023-07-25T13:10:00+00:00 [queued]>
[2023-07-26 05:05:33,410] {taskinstance.py:1179} INFO - Dependencies all met for <TaskInstance: fetch_exchange_rates_dag.create_total_exchange_rates_table scheduled__2023-07-25T13:10:00+00:00 [queued]>
[2023-07-26 05:05:33,420] {taskinstance.py:1376} INFO - 
--------------------------------------------------------------------------------
[2023-07-26 05:05:33,421] {taskinstance.py:1377} INFO - Starting attempt 1 of 1
[2023-07-26 05:05:33,422] {taskinstance.py:1378} INFO - 
--------------------------------------------------------------------------------
[2023-07-26 05:05:33,648] {taskinstance.py:1397} INFO - Executing <Task(PythonOperator): create_total_exchange_rates_table> on 2023-07-25 13:10:00+00:00
[2023-07-26 05:05:33,693] {standard_task_runner.py:52} INFO - Started process 1205 to run task
[2023-07-26 05:05:33,698] {standard_task_runner.py:79} INFO - Running: ['***', 'tasks', 'run', 'fetch_exchange_rates_dag', 'create_total_exchange_rates_table', 'scheduled__2023-07-25T13:10:00+00:00', '--job-id', '291', '--raw', '--subdir', 'DAGS_FOLDER/my_calc_rates.py', '--cfg-path', '/tmp/tmpnl0077tk', '--error-file', '/tmp/tmp24g6oiph']
[2023-07-26 05:05:33,705] {standard_task_runner.py:80} INFO - Job 291: Subtask create_total_exchange_rates_table
[2023-07-26 05:05:33,956] {task_command.py:371} INFO - Running <TaskInstance: fetch_exchange_rates_dag.create_total_exchange_rates_table scheduled__2023-07-25T13:10:00+00:00 [running]> on host acb6bca32630
[2023-07-26 05:05:34,403] {taskinstance.py:1591} INFO - Exporting the following env vars:
AIRFLOW_CTX_DAG_OWNER=marina_z
AIRFLOW_CTX_DAG_ID=fetch_exchange_rates_dag
AIRFLOW_CTX_TASK_ID=create_total_exchange_rates_table
AIRFLOW_CTX_EXECUTION_DATE=2023-07-25T13:10:00+00:00
AIRFLOW_CTX_TRY_NUMBER=1
AIRFLOW_CTX_DAG_RUN_ID=scheduled__2023-07-25T13:10:00+00:00
[2023-07-26 05:05:34,405] {logging_mixin.py:115} INFO - The table total_exchange_rates is created and saved
[2023-07-26 05:05:34,432] {python.py:173} INFO - Done. Returned value was: None
[2023-07-26 05:05:34,469] {taskinstance.py:1420} INFO - Marking task as SUCCESS. dag_id=fetch_exchange_rates_dag, task_id=create_total_exchange_rates_table, execution_date=20230725T131000, start_date=20230726T050533, end_date=20230726T050534
[2023-07-26 05:05:34,575] {local_task_job.py:156} INFO - Task exited with return code 0
[2023-07-26 05:05:34,713] {local_task_job.py:273} INFO - 1 downstream tasks scheduled from follow-on schedule check
