[2023-07-26 04:18:04,434] {taskinstance.py:1179} INFO - Dependencies all met for <TaskInstance: fetch_exchange_rates_dag.bash_task scheduled__2023-07-26T00:00:00+00:00 [queued]>
[2023-07-26 04:18:04,450] {taskinstance.py:1179} INFO - Dependencies all met for <TaskInstance: fetch_exchange_rates_dag.bash_task scheduled__2023-07-26T00:00:00+00:00 [queued]>
[2023-07-26 04:18:04,456] {taskinstance.py:1376} INFO - 
--------------------------------------------------------------------------------
[2023-07-26 04:18:04,463] {taskinstance.py:1377} INFO - Starting attempt 1 of 1
[2023-07-26 04:18:04,464] {taskinstance.py:1378} INFO - 
--------------------------------------------------------------------------------
[2023-07-26 04:18:04,507] {taskinstance.py:1397} INFO - Executing <Task(BashOperator): bash_task> on 2023-07-26 00:00:00+00:00
[2023-07-26 04:18:04,515] {standard_task_runner.py:52} INFO - Started process 6948 to run task
[2023-07-26 04:18:04,530] {standard_task_runner.py:79} INFO - Running: ['***', 'tasks', 'run', 'fetch_exchange_rates_dag', 'bash_task', 'scheduled__2023-07-26T00:00:00+00:00', '--job-id', '31', '--raw', '--subdir', 'DAGS_FOLDER/my_calc_rates.py', '--cfg-path', '/tmp/tmptl0sj3k0', '--error-file', '/tmp/tmp6crb8t1c']
[2023-07-26 04:18:04,532] {standard_task_runner.py:80} INFO - Job 31: Subtask bash_task
[2023-07-26 04:18:04,731] {task_command.py:371} INFO - Running <TaskInstance: fetch_exchange_rates_dag.bash_task scheduled__2023-07-26T00:00:00+00:00 [running]> on host 6e11a261c833
[2023-07-26 04:18:04,882] {taskinstance.py:1591} INFO - Exporting the following env vars:
AIRFLOW_CTX_DAG_OWNER=***
AIRFLOW_CTX_DAG_ID=fetch_exchange_rates_dag
AIRFLOW_CTX_TASK_ID=bash_task
AIRFLOW_CTX_EXECUTION_DATE=2023-07-26T00:00:00+00:00
AIRFLOW_CTX_TRY_NUMBER=1
AIRFLOW_CTX_DAG_RUN_ID=scheduled__2023-07-26T00:00:00+00:00
[2023-07-26 04:18:04,888] {subprocess.py:62} INFO - Tmp dir root location: 
 /tmp
[2023-07-26 04:18:04,892] {subprocess.py:74} INFO - Running command: ['bash', '-c', 'echo "Good morning my diggers!"']
[2023-07-26 04:18:04,928] {subprocess.py:85} INFO - Output:
[2023-07-26 04:18:04,954] {subprocess.py:92} INFO - Good morning my diggers!
[2023-07-26 04:18:04,956] {subprocess.py:96} INFO - Command exited with return code 0
[2023-07-26 04:18:05,068] {taskinstance.py:1420} INFO - Marking task as SUCCESS. dag_id=fetch_exchange_rates_dag, task_id=bash_task, execution_date=20230726T000000, start_date=20230726T041804, end_date=20230726T041805
[2023-07-26 04:18:05,156] {local_task_job.py:156} INFO - Task exited with return code 0
[2023-07-26 04:18:05,226] {local_task_job.py:273} INFO - 1 downstream tasks scheduled from follow-on schedule check
[2023-07-26 05:07:19,271] {taskinstance.py:1179} INFO - Dependencies all met for <TaskInstance: fetch_exchange_rates_dag.bash_task scheduled__2023-07-26T00:00:00+00:00 [queued]>
[2023-07-26 05:07:19,294] {taskinstance.py:1179} INFO - Dependencies all met for <TaskInstance: fetch_exchange_rates_dag.bash_task scheduled__2023-07-26T00:00:00+00:00 [queued]>
[2023-07-26 05:07:19,295] {taskinstance.py:1376} INFO - 
--------------------------------------------------------------------------------
[2023-07-26 05:07:19,296] {taskinstance.py:1377} INFO - Starting attempt 1 of 1
[2023-07-26 05:07:19,296] {taskinstance.py:1378} INFO - 
--------------------------------------------------------------------------------
[2023-07-26 05:07:19,343] {taskinstance.py:1397} INFO - Executing <Task(BashOperator): bash_task> on 2023-07-26 00:00:00+00:00
[2023-07-26 05:07:19,354] {standard_task_runner.py:52} INFO - Started process 1954 to run task
[2023-07-26 05:07:19,367] {standard_task_runner.py:79} INFO - Running: ['***', 'tasks', 'run', 'fetch_exchange_rates_dag', 'bash_task', 'scheduled__2023-07-26T00:00:00+00:00', '--job-id', '508', '--raw', '--subdir', 'DAGS_FOLDER/my_calc_rates.py', '--cfg-path', '/tmp/tmpi0xg5lka', '--error-file', '/tmp/tmpk8zrf5vb']
[2023-07-26 05:07:19,394] {standard_task_runner.py:80} INFO - Job 508: Subtask bash_task
[2023-07-26 05:07:19,628] {task_command.py:371} INFO - Running <TaskInstance: fetch_exchange_rates_dag.bash_task scheduled__2023-07-26T00:00:00+00:00 [running]> on host acb6bca32630
[2023-07-26 05:07:19,857] {taskinstance.py:1591} INFO - Exporting the following env vars:
AIRFLOW_CTX_DAG_OWNER=***
AIRFLOW_CTX_DAG_ID=fetch_exchange_rates_dag
AIRFLOW_CTX_TASK_ID=bash_task
AIRFLOW_CTX_EXECUTION_DATE=2023-07-26T00:00:00+00:00
AIRFLOW_CTX_TRY_NUMBER=1
AIRFLOW_CTX_DAG_RUN_ID=scheduled__2023-07-26T00:00:00+00:00
[2023-07-26 05:07:19,862] {subprocess.py:62} INFO - Tmp dir root location: 
 /tmp
[2023-07-26 05:07:19,863] {subprocess.py:74} INFO - Running command: ['bash', '-c', 'echo "Good morning my diggers!"']
[2023-07-26 05:07:19,895] {subprocess.py:85} INFO - Output:
[2023-07-26 05:07:19,902] {subprocess.py:92} INFO - Good morning my diggers!
[2023-07-26 05:07:19,910] {subprocess.py:96} INFO - Command exited with return code 0
[2023-07-26 05:07:20,142] {taskinstance.py:1420} INFO - Marking task as SUCCESS. dag_id=fetch_exchange_rates_dag, task_id=bash_task, execution_date=20230726T000000, start_date=20230726T050719, end_date=20230726T050720
[2023-07-26 05:07:20,194] {local_task_job.py:156} INFO - Task exited with return code 0
[2023-07-26 05:07:20,424] {local_task_job.py:273} INFO - 1 downstream tasks scheduled from follow-on schedule check
