[2023-07-26 04:18:14,550] {taskinstance.py:1179} INFO - Dependencies all met for <TaskInstance: fetch_exchange_rates_dag.bash_task scheduled__2023-07-26T02:20:00+00:00 [queued]>
[2023-07-26 04:18:14,620] {taskinstance.py:1179} INFO - Dependencies all met for <TaskInstance: fetch_exchange_rates_dag.bash_task scheduled__2023-07-26T02:20:00+00:00 [queued]>
[2023-07-26 04:18:14,621] {taskinstance.py:1376} INFO - 
--------------------------------------------------------------------------------
[2023-07-26 04:18:14,623] {taskinstance.py:1377} INFO - Starting attempt 1 of 1
[2023-07-26 04:18:14,624] {taskinstance.py:1378} INFO - 
--------------------------------------------------------------------------------
[2023-07-26 04:18:14,669] {taskinstance.py:1397} INFO - Executing <Task(BashOperator): bash_task> on 2023-07-26 02:20:00+00:00
[2023-07-26 04:18:14,689] {standard_task_runner.py:52} INFO - Started process 7040 to run task
[2023-07-26 04:18:14,706] {standard_task_runner.py:79} INFO - Running: ['***', 'tasks', 'run', 'fetch_exchange_rates_dag', 'bash_task', 'scheduled__2023-07-26T02:20:00+00:00', '--job-id', '52', '--raw', '--subdir', 'DAGS_FOLDER/my_calc_rates.py', '--cfg-path', '/tmp/tmpo7ta5xv7', '--error-file', '/tmp/tmpigg0gest']
[2023-07-26 04:18:14,711] {standard_task_runner.py:80} INFO - Job 52: Subtask bash_task
[2023-07-26 04:18:15,134] {task_command.py:371} INFO - Running <TaskInstance: fetch_exchange_rates_dag.bash_task scheduled__2023-07-26T02:20:00+00:00 [running]> on host 6e11a261c833
[2023-07-26 04:18:15,494] {taskinstance.py:1591} INFO - Exporting the following env vars:
AIRFLOW_CTX_DAG_OWNER=***
AIRFLOW_CTX_DAG_ID=fetch_exchange_rates_dag
AIRFLOW_CTX_TASK_ID=bash_task
AIRFLOW_CTX_EXECUTION_DATE=2023-07-26T02:20:00+00:00
AIRFLOW_CTX_TRY_NUMBER=1
AIRFLOW_CTX_DAG_RUN_ID=scheduled__2023-07-26T02:20:00+00:00
[2023-07-26 04:18:15,512] {subprocess.py:62} INFO - Tmp dir root location: 
 /tmp
[2023-07-26 04:18:15,513] {subprocess.py:74} INFO - Running command: ['bash', '-c', 'echo "Good morning my diggers!"']
[2023-07-26 04:18:15,662] {subprocess.py:85} INFO - Output:
[2023-07-26 04:18:15,674] {subprocess.py:92} INFO - Good morning my diggers!
[2023-07-26 04:18:15,690] {subprocess.py:96} INFO - Command exited with return code 0
[2023-07-26 04:18:15,767] {taskinstance.py:1420} INFO - Marking task as SUCCESS. dag_id=fetch_exchange_rates_dag, task_id=bash_task, execution_date=20230726T022000, start_date=20230726T041814, end_date=20230726T041815
[2023-07-26 04:18:15,856] {local_task_job.py:156} INFO - Task exited with return code 0
[2023-07-26 04:18:16,227] {local_task_job.py:273} INFO - 0 downstream tasks scheduled from follow-on schedule check
[2023-07-26 05:07:42,178] {taskinstance.py:1179} INFO - Dependencies all met for <TaskInstance: fetch_exchange_rates_dag.bash_task scheduled__2023-07-26T02:20:00+00:00 [queued]>
[2023-07-26 05:07:42,281] {taskinstance.py:1179} INFO - Dependencies all met for <TaskInstance: fetch_exchange_rates_dag.bash_task scheduled__2023-07-26T02:20:00+00:00 [queued]>
[2023-07-26 05:07:42,288] {taskinstance.py:1376} INFO - 
--------------------------------------------------------------------------------
[2023-07-26 05:07:42,289] {taskinstance.py:1377} INFO - Starting attempt 1 of 1
[2023-07-26 05:07:42,291] {taskinstance.py:1378} INFO - 
--------------------------------------------------------------------------------
[2023-07-26 05:07:42,449] {taskinstance.py:1397} INFO - Executing <Task(BashOperator): bash_task> on 2023-07-26 02:20:00+00:00
[2023-07-26 05:07:42,517] {standard_task_runner.py:52} INFO - Started process 2125 to run task
[2023-07-26 05:07:42,576] {standard_task_runner.py:79} INFO - Running: ['***', 'tasks', 'run', 'fetch_exchange_rates_dag', 'bash_task', 'scheduled__2023-07-26T02:20:00+00:00', '--job-id', '552', '--raw', '--subdir', 'DAGS_FOLDER/my_calc_rates.py', '--cfg-path', '/tmp/tmp__cuoncy', '--error-file', '/tmp/tmpdr6kk3r5']
[2023-07-26 05:07:42,614] {standard_task_runner.py:80} INFO - Job 552: Subtask bash_task
[2023-07-26 05:07:43,121] {task_command.py:371} INFO - Running <TaskInstance: fetch_exchange_rates_dag.bash_task scheduled__2023-07-26T02:20:00+00:00 [running]> on host acb6bca32630
[2023-07-26 05:07:43,624] {taskinstance.py:1591} INFO - Exporting the following env vars:
AIRFLOW_CTX_DAG_OWNER=***
AIRFLOW_CTX_DAG_ID=fetch_exchange_rates_dag
AIRFLOW_CTX_TASK_ID=bash_task
AIRFLOW_CTX_EXECUTION_DATE=2023-07-26T02:20:00+00:00
AIRFLOW_CTX_TRY_NUMBER=1
AIRFLOW_CTX_DAG_RUN_ID=scheduled__2023-07-26T02:20:00+00:00
[2023-07-26 05:07:43,627] {subprocess.py:62} INFO - Tmp dir root location: 
 /tmp
[2023-07-26 05:07:43,632] {subprocess.py:74} INFO - Running command: ['bash', '-c', 'echo "Good morning my diggers!"']
[2023-07-26 05:07:43,656] {subprocess.py:85} INFO - Output:
[2023-07-26 05:07:43,700] {subprocess.py:92} INFO - Good morning my diggers!
[2023-07-26 05:07:43,702] {subprocess.py:96} INFO - Command exited with return code 0
[2023-07-26 05:07:43,820] {taskinstance.py:1420} INFO - Marking task as SUCCESS. dag_id=fetch_exchange_rates_dag, task_id=bash_task, execution_date=20230726T022000, start_date=20230726T050742, end_date=20230726T050743
[2023-07-26 05:07:44,034] {local_task_job.py:156} INFO - Task exited with return code 0
[2023-07-26 05:07:44,908] {local_task_job.py:273} INFO - 0 downstream tasks scheduled from follow-on schedule check
