[2023-07-26 04:18:23,981] {taskinstance.py:1179} INFO - Dependencies all met for <TaskInstance: fetch_exchange_rates_dag.print_csv_table scheduled__2023-07-26T00:30:00+00:00 [queued]>
[2023-07-26 04:18:24,084] {taskinstance.py:1179} INFO - Dependencies all met for <TaskInstance: fetch_exchange_rates_dag.print_csv_table scheduled__2023-07-26T00:30:00+00:00 [queued]>
[2023-07-26 04:18:24,090] {taskinstance.py:1376} INFO - 
--------------------------------------------------------------------------------
[2023-07-26 04:18:24,092] {taskinstance.py:1377} INFO - Starting attempt 1 of 1
[2023-07-26 04:18:24,094] {taskinstance.py:1378} INFO - 
--------------------------------------------------------------------------------
[2023-07-26 04:18:24,158] {taskinstance.py:1397} INFO - Executing <Task(PythonOperator): print_csv_table> on 2023-07-26 00:30:00+00:00
[2023-07-26 04:18:24,203] {standard_task_runner.py:52} INFO - Started process 7106 to run task
[2023-07-26 04:18:24,210] {standard_task_runner.py:79} INFO - Running: ['***', 'tasks', 'run', 'fetch_exchange_rates_dag', 'print_csv_table', 'scheduled__2023-07-26T00:30:00+00:00', '--job-id', '69', '--raw', '--subdir', 'DAGS_FOLDER/my_calc_rates.py', '--cfg-path', '/tmp/tmpghsvprex', '--error-file', '/tmp/tmpjwefgrq8']
[2023-07-26 04:18:24,218] {standard_task_runner.py:80} INFO - Job 69: Subtask print_csv_table
[2023-07-26 04:18:24,471] {task_command.py:371} INFO - Running <TaskInstance: fetch_exchange_rates_dag.print_csv_table scheduled__2023-07-26T00:30:00+00:00 [running]> on host 6e11a261c833
[2023-07-26 04:18:24,782] {taskinstance.py:1591} INFO - Exporting the following env vars:
AIRFLOW_CTX_DAG_OWNER=marina_z
AIRFLOW_CTX_DAG_ID=fetch_exchange_rates_dag
AIRFLOW_CTX_TASK_ID=print_csv_table
AIRFLOW_CTX_EXECUTION_DATE=2023-07-26T00:30:00+00:00
AIRFLOW_CTX_TRY_NUMBER=1
AIRFLOW_CTX_DAG_RUN_ID=scheduled__2023-07-26T00:30:00+00:00
[2023-07-26 04:18:24,931] {logging_mixin.py:115} INFO -   exchange_id  exchange_rate base_exchange        date
0         RUB   2.622164e+06           BTC  2023-07-26
1         RUB   9.960367e+01           EUR  2023-07-26
2         RUB   9.964221e+01           EUR  2023-07-26
3         RUB   6.397940e-01           JPY  2023-07-26
4         RUB   1.263880e+01           CNY  2023-07-26
[2023-07-26 04:18:24,936] {python.py:173} INFO - Done. Returned value was: None
[2023-07-26 04:18:25,011] {taskinstance.py:1420} INFO - Marking task as SUCCESS. dag_id=fetch_exchange_rates_dag, task_id=print_csv_table, execution_date=20230726T003000, start_date=20230726T041824, end_date=20230726T041825
[2023-07-26 04:18:25,158] {local_task_job.py:156} INFO - Task exited with return code 0
[2023-07-26 04:18:25,261] {local_task_job.py:273} INFO - 0 downstream tasks scheduled from follow-on schedule check
[2023-07-26 05:08:00,626] {taskinstance.py:1179} INFO - Dependencies all met for <TaskInstance: fetch_exchange_rates_dag.print_csv_table scheduled__2023-07-26T00:30:00+00:00 [queued]>
[2023-07-26 05:08:00,691] {taskinstance.py:1179} INFO - Dependencies all met for <TaskInstance: fetch_exchange_rates_dag.print_csv_table scheduled__2023-07-26T00:30:00+00:00 [queued]>
[2023-07-26 05:08:00,698] {taskinstance.py:1376} INFO - 
--------------------------------------------------------------------------------
[2023-07-26 05:08:00,699] {taskinstance.py:1377} INFO - Starting attempt 1 of 1
[2023-07-26 05:08:00,704] {taskinstance.py:1378} INFO - 
--------------------------------------------------------------------------------
[2023-07-26 05:08:00,787] {taskinstance.py:1397} INFO - Executing <Task(PythonOperator): print_csv_table> on 2023-07-26 00:30:00+00:00
[2023-07-26 05:08:00,823] {standard_task_runner.py:52} INFO - Started process 2205 to run task
[2023-07-26 05:08:00,859] {standard_task_runner.py:79} INFO - Running: ['***', 'tasks', 'run', 'fetch_exchange_rates_dag', 'print_csv_table', 'scheduled__2023-07-26T00:30:00+00:00', '--job-id', '574', '--raw', '--subdir', 'DAGS_FOLDER/my_calc_rates.py', '--cfg-path', '/tmp/tmpwb1ag9qt', '--error-file', '/tmp/tmpp8faksrm']
[2023-07-26 05:08:00,885] {standard_task_runner.py:80} INFO - Job 574: Subtask print_csv_table
[2023-07-26 05:08:01,201] {task_command.py:371} INFO - Running <TaskInstance: fetch_exchange_rates_dag.print_csv_table scheduled__2023-07-26T00:30:00+00:00 [running]> on host acb6bca32630
[2023-07-26 05:08:01,370] {taskinstance.py:1591} INFO - Exporting the following env vars:
AIRFLOW_CTX_DAG_OWNER=marina_z
AIRFLOW_CTX_DAG_ID=fetch_exchange_rates_dag
AIRFLOW_CTX_TASK_ID=print_csv_table
AIRFLOW_CTX_EXECUTION_DATE=2023-07-26T00:30:00+00:00
AIRFLOW_CTX_TRY_NUMBER=1
AIRFLOW_CTX_DAG_RUN_ID=scheduled__2023-07-26T00:30:00+00:00
[2023-07-26 05:08:01,428] {logging_mixin.py:115} INFO -   exchange_id  exchange_rate base_exchange        date
0         RUB     2622163.50           BTC  2023-07-26
1         RUB          99.60           EUR  2023-07-26
2         RUB          99.64           EUR  2023-07-26
3         RUB           0.64           JPY  2023-07-26
4         RUB          12.64           CNY  2023-07-26
[2023-07-26 05:08:01,432] {python.py:173} INFO - Done. Returned value was: None
[2023-07-26 05:08:01,519] {taskinstance.py:1420} INFO - Marking task as SUCCESS. dag_id=fetch_exchange_rates_dag, task_id=print_csv_table, execution_date=20230726T003000, start_date=20230726T050800, end_date=20230726T050801
[2023-07-26 05:08:01,637] {local_task_job.py:156} INFO - Task exited with return code 0
[2023-07-26 05:08:01,847] {local_task_job.py:273} INFO - 0 downstream tasks scheduled from follow-on schedule check
