[2023-07-26 03:56:48,879] {taskinstance.py:1179} INFO - Dependencies all met for <TaskInstance: fetch_exchange_rates_dag.create_total_exchange_rates_table manual__2023-07-26T03:56:43.001897+00:00 [queued]>
[2023-07-26 03:56:48,886] {taskinstance.py:1179} INFO - Dependencies all met for <TaskInstance: fetch_exchange_rates_dag.create_total_exchange_rates_table manual__2023-07-26T03:56:43.001897+00:00 [queued]>
[2023-07-26 03:56:48,887] {taskinstance.py:1376} INFO - 
--------------------------------------------------------------------------------
[2023-07-26 03:56:48,888] {taskinstance.py:1377} INFO - Starting attempt 1 of 1
[2023-07-26 03:56:48,889] {taskinstance.py:1378} INFO - 
--------------------------------------------------------------------------------
[2023-07-26 03:56:48,899] {taskinstance.py:1397} INFO - Executing <Task(PythonOperator): create_total_exchange_rates_table> on 2023-07-26 03:56:43.001897+00:00
[2023-07-26 03:56:48,903] {standard_task_runner.py:52} INFO - Started process 5881 to run task
[2023-07-26 03:56:48,906] {standard_task_runner.py:79} INFO - Running: ['***', 'tasks', 'run', 'fetch_exchange_rates_dag', 'create_total_exchange_rates_table', 'manual__2023-07-26T03:56:43.001897+00:00', '--job-id', '26', '--raw', '--subdir', 'DAGS_FOLDER/my_calc_rates.py', '--cfg-path', '/tmp/tmpw75p3el_', '--error-file', '/tmp/tmpiqybfu5c']
[2023-07-26 03:56:48,908] {standard_task_runner.py:80} INFO - Job 26: Subtask create_total_exchange_rates_table
[2023-07-26 03:56:48,968] {task_command.py:371} INFO - Running <TaskInstance: fetch_exchange_rates_dag.create_total_exchange_rates_table manual__2023-07-26T03:56:43.001897+00:00 [running]> on host 6e11a261c833
[2023-07-26 03:56:49,023] {taskinstance.py:1591} INFO - Exporting the following env vars:
AIRFLOW_CTX_DAG_OWNER=marina_z
AIRFLOW_CTX_DAG_ID=fetch_exchange_rates_dag
AIRFLOW_CTX_TASK_ID=create_total_exchange_rates_table
AIRFLOW_CTX_EXECUTION_DATE=2023-07-26T03:56:43.001897+00:00
AIRFLOW_CTX_TRY_NUMBER=1
AIRFLOW_CTX_DAG_RUN_ID=manual__2023-07-26T03:56:43.001897+00:00
[2023-07-26 03:56:49,043] {python.py:173} INFO - Done. Returned value was: None
[2023-07-26 03:56:49,054] {taskinstance.py:1420} INFO - Marking task as SUCCESS. dag_id=fetch_exchange_rates_dag, task_id=create_total_exchange_rates_table, execution_date=20230726T035643, start_date=20230726T035648, end_date=20230726T035649
[2023-07-26 03:56:49,079] {local_task_job.py:156} INFO - Task exited with return code 0
[2023-07-26 03:56:49,103] {local_task_job.py:273} INFO - 0 downstream tasks scheduled from follow-on schedule check
