[2023-07-25 20:38:48,054] {taskinstance.py:1179} INFO - Dependencies all met for <TaskInstance: fetch_exchange_rates_dag.fetch_exchange_rates_task scheduled__2023-07-25T18:10:00+00:00 [queued]>
[2023-07-25 20:38:48,068] {taskinstance.py:1179} INFO - Dependencies all met for <TaskInstance: fetch_exchange_rates_dag.fetch_exchange_rates_task scheduled__2023-07-25T18:10:00+00:00 [queued]>
[2023-07-25 20:38:48,071] {taskinstance.py:1376} INFO - 
--------------------------------------------------------------------------------
[2023-07-25 20:38:48,072] {taskinstance.py:1377} INFO - Starting attempt 1 of 1
[2023-07-25 20:38:48,072] {taskinstance.py:1378} INFO - 
--------------------------------------------------------------------------------
[2023-07-25 20:38:48,098] {taskinstance.py:1397} INFO - Executing <Task(PythonOperator): fetch_exchange_rates_task> on 2023-07-25 18:10:00+00:00
[2023-07-25 20:38:48,105] {standard_task_runner.py:52} INFO - Started process 9322 to run task
[2023-07-25 20:38:48,118] {standard_task_runner.py:79} INFO - Running: ['***', 'tasks', 'run', 'fetch_exchange_rates_dag', 'fetch_exchange_rates_task', 'scheduled__2023-07-25T18:10:00+00:00', '--job-id', '207', '--raw', '--subdir', 'DAGS_FOLDER/my_calc_rates.py', '--cfg-path', '/tmp/tmprcoz62j5', '--error-file', '/tmp/tmp8_3xqik8']
[2023-07-25 20:38:48,126] {standard_task_runner.py:80} INFO - Job 207: Subtask fetch_exchange_rates_task
[2023-07-25 20:38:48,297] {task_command.py:371} INFO - Running <TaskInstance: fetch_exchange_rates_dag.fetch_exchange_rates_task scheduled__2023-07-25T18:10:00+00:00 [running]> on host 661c8d62a693
[2023-07-25 20:38:48,423] {taskinstance.py:1591} INFO - Exporting the following env vars:
AIRFLOW_CTX_DAG_OWNER=marina_z
AIRFLOW_CTX_DAG_ID=fetch_exchange_rates_dag
AIRFLOW_CTX_TASK_ID=fetch_exchange_rates_task
AIRFLOW_CTX_EXECUTION_DATE=2023-07-25T18:10:00+00:00
AIRFLOW_CTX_TRY_NUMBER=1
AIRFLOW_CTX_DAG_RUN_ID=scheduled__2023-07-25T18:10:00+00:00
[2023-07-25 20:38:50,297] {taskinstance.py:1909} ERROR - Task failed with exception
Traceback (most recent call last):
  File "/home/airflow/.local/lib/python3.7/site-packages/airflow/operators/python.py", line 171, in execute
    return_value = self.execute_callable()
  File "/home/airflow/.local/lib/python3.7/site-packages/airflow/operators/python.py", line 189, in execute_callable
    return self.python_callable(*self.op_args, **self.op_kwargs)
  File "/opt/airflow/dags/my_calc_rates.py", line 69, in fetch_exchange_rates
    load_to_postgres = PostgresOperator(
NameError: name 'PostgresOperator' is not defined
[2023-07-25 20:38:50,325] {taskinstance.py:1420} INFO - Marking task as FAILED. dag_id=fetch_exchange_rates_dag, task_id=fetch_exchange_rates_task, execution_date=20230725T181000, start_date=20230725T203848, end_date=20230725T203850
[2023-07-25 20:38:50,349] {standard_task_runner.py:97} ERROR - Failed to execute job 207 for task fetch_exchange_rates_task (name 'PostgresOperator' is not defined; 9322)
[2023-07-25 20:38:50,448] {local_task_job.py:156} INFO - Task exited with return code 1
[2023-07-25 20:38:50,524] {local_task_job.py:273} INFO - 0 downstream tasks scheduled from follow-on schedule check
[2023-07-26 05:06:21,223] {taskinstance.py:1179} INFO - Dependencies all met for <TaskInstance: fetch_exchange_rates_dag.fetch_exchange_rates_task scheduled__2023-07-25T18:10:00+00:00 [queued]>
[2023-07-26 05:06:21,242] {taskinstance.py:1179} INFO - Dependencies all met for <TaskInstance: fetch_exchange_rates_dag.fetch_exchange_rates_task scheduled__2023-07-25T18:10:00+00:00 [queued]>
[2023-07-26 05:06:21,252] {taskinstance.py:1376} INFO - 
--------------------------------------------------------------------------------
[2023-07-26 05:06:21,253] {taskinstance.py:1377} INFO - Starting attempt 1 of 1
[2023-07-26 05:06:21,257] {taskinstance.py:1378} INFO - 
--------------------------------------------------------------------------------
[2023-07-26 05:06:21,393] {taskinstance.py:1397} INFO - Executing <Task(PythonOperator): fetch_exchange_rates_task> on 2023-07-25 18:10:00+00:00
[2023-07-26 05:06:21,422] {standard_task_runner.py:52} INFO - Started process 1553 to run task
[2023-07-26 05:06:21,433] {standard_task_runner.py:79} INFO - Running: ['***', 'tasks', 'run', 'fetch_exchange_rates_dag', 'fetch_exchange_rates_task', 'scheduled__2023-07-25T18:10:00+00:00', '--job-id', '393', '--raw', '--subdir', 'DAGS_FOLDER/my_calc_rates.py', '--cfg-path', '/tmp/tmp5tvl211r', '--error-file', '/tmp/tmpvo3i81lq']
[2023-07-26 05:06:21,472] {standard_task_runner.py:80} INFO - Job 393: Subtask fetch_exchange_rates_task
[2023-07-26 05:06:22,017] {task_command.py:371} INFO - Running <TaskInstance: fetch_exchange_rates_dag.fetch_exchange_rates_task scheduled__2023-07-25T18:10:00+00:00 [running]> on host acb6bca32630
[2023-07-26 05:06:22,608] {taskinstance.py:1591} INFO - Exporting the following env vars:
AIRFLOW_CTX_DAG_OWNER=marina_z
AIRFLOW_CTX_DAG_ID=fetch_exchange_rates_dag
AIRFLOW_CTX_TASK_ID=fetch_exchange_rates_task
AIRFLOW_CTX_EXECUTION_DATE=2023-07-25T18:10:00+00:00
AIRFLOW_CTX_TRY_NUMBER=1
AIRFLOW_CTX_DAG_RUN_ID=scheduled__2023-07-25T18:10:00+00:00
[2023-07-26 05:06:23,140] {logging_mixin.py:115} INFO - Save a new file exchange_latest_BTC.csv
[2023-07-26 05:06:23,141] {logging_mixin.py:115} INFO - Create a new table exchange_latest_BTC
[2023-07-26 05:06:23,146] {logging_mixin.py:115} INFO - Insert into table exchange_latest_BTC
[2023-07-26 05:06:23,525] {logging_mixin.py:115} INFO - Save a new file exchange_latest_EUR.csv
[2023-07-26 05:06:23,527] {logging_mixin.py:115} INFO - Create a new table exchange_latest_EUR
[2023-07-26 05:06:23,533] {logging_mixin.py:115} INFO - Insert into table exchange_latest_EUR
[2023-07-26 05:06:23,966] {logging_mixin.py:115} INFO - Save a new file exchange_latest_GBR.csv
[2023-07-26 05:06:23,968] {logging_mixin.py:115} INFO - Create a new table exchange_latest_GBR
[2023-07-26 05:06:23,984] {logging_mixin.py:115} INFO - Insert into table exchange_latest_GBR
[2023-07-26 05:06:24,342] {logging_mixin.py:115} INFO - Save a new file exchange_latest_JPY.csv
[2023-07-26 05:06:24,342] {logging_mixin.py:115} INFO - Create a new table exchange_latest_JPY
[2023-07-26 05:06:24,356] {logging_mixin.py:115} INFO - Insert into table exchange_latest_JPY
[2023-07-26 05:06:24,745] {logging_mixin.py:115} INFO - Save a new file exchange_latest_CNY.csv
[2023-07-26 05:06:24,753] {logging_mixin.py:115} INFO - Create a new table exchange_latest_CNY
[2023-07-26 05:06:24,766] {logging_mixin.py:115} INFO - Insert into table exchange_latest_CNY
[2023-07-26 05:06:24,790] {python.py:173} INFO - Done. Returned value was: None
[2023-07-26 05:06:24,898] {taskinstance.py:1420} INFO - Marking task as SUCCESS. dag_id=fetch_exchange_rates_dag, task_id=fetch_exchange_rates_task, execution_date=20230725T181000, start_date=20230726T050621, end_date=20230726T050624
[2023-07-26 05:06:25,156] {local_task_job.py:156} INFO - Task exited with return code 0
[2023-07-26 05:06:25,375] {local_task_job.py:273} INFO - 1 downstream tasks scheduled from follow-on schedule check
