[2023-07-25 20:38:14,022] {taskinstance.py:1179} INFO - Dependencies all met for <TaskInstance: fetch_exchange_rates_dag.fetch_exchange_rates_task scheduled__2023-07-25T10:30:00+00:00 [queued]>
[2023-07-25 20:38:14,053] {taskinstance.py:1179} INFO - Dependencies all met for <TaskInstance: fetch_exchange_rates_dag.fetch_exchange_rates_task scheduled__2023-07-25T10:30:00+00:00 [queued]>
[2023-07-25 20:38:14,056] {taskinstance.py:1376} INFO - 
--------------------------------------------------------------------------------
[2023-07-25 20:38:14,056] {taskinstance.py:1377} INFO - Starting attempt 1 of 1
[2023-07-25 20:38:14,057] {taskinstance.py:1378} INFO - 
--------------------------------------------------------------------------------
[2023-07-25 20:38:14,109] {taskinstance.py:1397} INFO - Executing <Task(PythonOperator): fetch_exchange_rates_task> on 2023-07-25 10:30:00+00:00
[2023-07-25 20:38:14,119] {standard_task_runner.py:52} INFO - Started process 9157 to run task
[2023-07-25 20:38:14,124] {standard_task_runner.py:79} INFO - Running: ['***', 'tasks', 'run', 'fetch_exchange_rates_dag', 'fetch_exchange_rates_task', 'scheduled__2023-07-25T10:30:00+00:00', '--job-id', '161', '--raw', '--subdir', 'DAGS_FOLDER/my_calc_rates.py', '--cfg-path', '/tmp/tmppkx0r_vl', '--error-file', '/tmp/tmp826algci']
[2023-07-25 20:38:14,126] {standard_task_runner.py:80} INFO - Job 161: Subtask fetch_exchange_rates_task
[2023-07-25 20:38:14,308] {task_command.py:371} INFO - Running <TaskInstance: fetch_exchange_rates_dag.fetch_exchange_rates_task scheduled__2023-07-25T10:30:00+00:00 [running]> on host 661c8d62a693
[2023-07-25 20:38:14,515] {taskinstance.py:1591} INFO - Exporting the following env vars:
AIRFLOW_CTX_DAG_OWNER=marina_z
AIRFLOW_CTX_DAG_ID=fetch_exchange_rates_dag
AIRFLOW_CTX_TASK_ID=fetch_exchange_rates_task
AIRFLOW_CTX_EXECUTION_DATE=2023-07-25T10:30:00+00:00
AIRFLOW_CTX_TRY_NUMBER=1
AIRFLOW_CTX_DAG_RUN_ID=scheduled__2023-07-25T10:30:00+00:00
[2023-07-25 20:38:16,162] {taskinstance.py:1909} ERROR - Task failed with exception
Traceback (most recent call last):
  File "/home/airflow/.local/lib/python3.7/site-packages/airflow/operators/python.py", line 171, in execute
    return_value = self.execute_callable()
  File "/home/airflow/.local/lib/python3.7/site-packages/airflow/operators/python.py", line 189, in execute_callable
    return self.python_callable(*self.op_args, **self.op_kwargs)
  File "/opt/airflow/dags/my_calc_rates.py", line 69, in fetch_exchange_rates
    load_to_postgres = PostgresOperator(
NameError: name 'PostgresOperator' is not defined
[2023-07-25 20:38:16,207] {taskinstance.py:1420} INFO - Marking task as FAILED. dag_id=fetch_exchange_rates_dag, task_id=fetch_exchange_rates_task, execution_date=20230725T103000, start_date=20230725T203814, end_date=20230725T203816
[2023-07-25 20:38:16,242] {standard_task_runner.py:97} ERROR - Failed to execute job 161 for task fetch_exchange_rates_task (name 'PostgresOperator' is not defined; 9157)
[2023-07-25 20:38:16,293] {local_task_job.py:156} INFO - Task exited with return code 1
[2023-07-25 20:38:16,351] {local_task_job.py:273} INFO - 0 downstream tasks scheduled from follow-on schedule check
[2023-07-26 05:05:00,364] {taskinstance.py:1179} INFO - Dependencies all met for <TaskInstance: fetch_exchange_rates_dag.fetch_exchange_rates_task scheduled__2023-07-25T10:30:00+00:00 [queued]>
[2023-07-26 05:05:00,380] {taskinstance.py:1179} INFO - Dependencies all met for <TaskInstance: fetch_exchange_rates_dag.fetch_exchange_rates_task scheduled__2023-07-25T10:30:00+00:00 [queued]>
[2023-07-26 05:05:00,381] {taskinstance.py:1376} INFO - 
--------------------------------------------------------------------------------
[2023-07-26 05:05:00,381] {taskinstance.py:1377} INFO - Starting attempt 1 of 1
[2023-07-26 05:05:00,382] {taskinstance.py:1378} INFO - 
--------------------------------------------------------------------------------
[2023-07-26 05:05:00,412] {taskinstance.py:1397} INFO - Executing <Task(PythonOperator): fetch_exchange_rates_task> on 2023-07-25 10:30:00+00:00
[2023-07-26 05:05:00,420] {standard_task_runner.py:52} INFO - Started process 950 to run task
[2023-07-26 05:05:00,425] {standard_task_runner.py:79} INFO - Running: ['***', 'tasks', 'run', 'fetch_exchange_rates_dag', 'fetch_exchange_rates_task', 'scheduled__2023-07-25T10:30:00+00:00', '--job-id', '225', '--raw', '--subdir', 'DAGS_FOLDER/my_calc_rates.py', '--cfg-path', '/tmp/tmp5f_bisb9', '--error-file', '/tmp/tmp9ybnm2o0']
[2023-07-26 05:05:00,429] {standard_task_runner.py:80} INFO - Job 225: Subtask fetch_exchange_rates_task
[2023-07-26 05:05:00,596] {task_command.py:371} INFO - Running <TaskInstance: fetch_exchange_rates_dag.fetch_exchange_rates_task scheduled__2023-07-25T10:30:00+00:00 [running]> on host acb6bca32630
[2023-07-26 05:05:00,920] {taskinstance.py:1591} INFO - Exporting the following env vars:
AIRFLOW_CTX_DAG_OWNER=marina_z
AIRFLOW_CTX_DAG_ID=fetch_exchange_rates_dag
AIRFLOW_CTX_TASK_ID=fetch_exchange_rates_task
AIRFLOW_CTX_EXECUTION_DATE=2023-07-25T10:30:00+00:00
AIRFLOW_CTX_TRY_NUMBER=1
AIRFLOW_CTX_DAG_RUN_ID=scheduled__2023-07-25T10:30:00+00:00
[2023-07-26 05:05:01,296] {logging_mixin.py:115} INFO - Save a new file exchange_latest_BTC.csv
[2023-07-26 05:05:01,297] {logging_mixin.py:115} INFO - Create a new table exchange_latest_BTC
[2023-07-26 05:05:01,304] {logging_mixin.py:115} INFO - Insert into table exchange_latest_BTC
[2023-07-26 05:05:01,633] {logging_mixin.py:115} INFO - Save a new file exchange_latest_EUR.csv
[2023-07-26 05:05:01,636] {logging_mixin.py:115} INFO - Create a new table exchange_latest_EUR
[2023-07-26 05:05:01,642] {logging_mixin.py:115} INFO - Insert into table exchange_latest_EUR
[2023-07-26 05:05:02,016] {logging_mixin.py:115} INFO - Save a new file exchange_latest_GBR.csv
[2023-07-26 05:05:02,017] {logging_mixin.py:115} INFO - Create a new table exchange_latest_GBR
[2023-07-26 05:05:02,023] {logging_mixin.py:115} INFO - Insert into table exchange_latest_GBR
[2023-07-26 05:05:02,361] {logging_mixin.py:115} INFO - Save a new file exchange_latest_JPY.csv
[2023-07-26 05:05:02,362] {logging_mixin.py:115} INFO - Create a new table exchange_latest_JPY
[2023-07-26 05:05:02,368] {logging_mixin.py:115} INFO - Insert into table exchange_latest_JPY
[2023-07-26 05:05:02,795] {logging_mixin.py:115} INFO - Save a new file exchange_latest_CNY.csv
[2023-07-26 05:05:02,796] {logging_mixin.py:115} INFO - Create a new table exchange_latest_CNY
[2023-07-26 05:05:02,807] {logging_mixin.py:115} INFO - Insert into table exchange_latest_CNY
[2023-07-26 05:05:02,822] {python.py:173} INFO - Done. Returned value was: None
[2023-07-26 05:05:02,920] {taskinstance.py:1420} INFO - Marking task as SUCCESS. dag_id=fetch_exchange_rates_dag, task_id=fetch_exchange_rates_task, execution_date=20230725T103000, start_date=20230726T050500, end_date=20230726T050502
[2023-07-26 05:05:02,996] {local_task_job.py:156} INFO - Task exited with return code 0
[2023-07-26 05:05:03,078] {local_task_job.py:273} INFO - 1 downstream tasks scheduled from follow-on schedule check
