[2023-07-26 04:30:00,786] {taskinstance.py:1179} INFO - Dependencies all met for <TaskInstance: fetch_exchange_rates_dag.bash_task scheduled__2023-07-26T04:20:00+00:00 [queued]>
[2023-07-26 04:30:00,794] {taskinstance.py:1179} INFO - Dependencies all met for <TaskInstance: fetch_exchange_rates_dag.bash_task scheduled__2023-07-26T04:20:00+00:00 [queued]>
[2023-07-26 04:30:00,794] {taskinstance.py:1376} INFO - 
--------------------------------------------------------------------------------
[2023-07-26 04:30:00,795] {taskinstance.py:1377} INFO - Starting attempt 1 of 1
[2023-07-26 04:30:00,795] {taskinstance.py:1378} INFO - 
--------------------------------------------------------------------------------
[2023-07-26 04:30:00,806] {taskinstance.py:1397} INFO - Executing <Task(BashOperator): bash_task> on 2023-07-26 04:20:00+00:00
[2023-07-26 04:30:00,811] {standard_task_runner.py:52} INFO - Started process 7830 to run task
[2023-07-26 04:30:00,813] {standard_task_runner.py:79} INFO - Running: ['***', 'tasks', 'run', 'fetch_exchange_rates_dag', 'bash_task', 'scheduled__2023-07-26T04:20:00+00:00', '--job-id', '129', '--raw', '--subdir', 'DAGS_FOLDER/my_calc_rates.py', '--cfg-path', '/tmp/tmpopvg5jnc', '--error-file', '/tmp/tmpnn4v610z']
[2023-07-26 04:30:00,814] {standard_task_runner.py:80} INFO - Job 129: Subtask bash_task
[2023-07-26 04:30:00,875] {task_command.py:371} INFO - Running <TaskInstance: fetch_exchange_rates_dag.bash_task scheduled__2023-07-26T04:20:00+00:00 [running]> on host 6e11a261c833
[2023-07-26 04:30:00,930] {taskinstance.py:1591} INFO - Exporting the following env vars:
AIRFLOW_CTX_DAG_OWNER=***
AIRFLOW_CTX_DAG_ID=fetch_exchange_rates_dag
AIRFLOW_CTX_TASK_ID=bash_task
AIRFLOW_CTX_EXECUTION_DATE=2023-07-26T04:20:00+00:00
AIRFLOW_CTX_TRY_NUMBER=1
AIRFLOW_CTX_DAG_RUN_ID=scheduled__2023-07-26T04:20:00+00:00
[2023-07-26 04:30:00,931] {subprocess.py:62} INFO - Tmp dir root location: 
 /tmp
[2023-07-26 04:30:00,932] {subprocess.py:74} INFO - Running command: ['bash', '-c', 'echo "Good morning my diggers!"']
[2023-07-26 04:30:00,942] {subprocess.py:85} INFO - Output:
[2023-07-26 04:30:00,943] {subprocess.py:92} INFO - Good morning my diggers!
[2023-07-26 04:30:00,944] {subprocess.py:96} INFO - Command exited with return code 0
[2023-07-26 04:30:00,967] {taskinstance.py:1420} INFO - Marking task as SUCCESS. dag_id=fetch_exchange_rates_dag, task_id=bash_task, execution_date=20230726T042000, start_date=20230726T043000, end_date=20230726T043000
[2023-07-26 04:30:00,985] {local_task_job.py:156} INFO - Task exited with return code 0
[2023-07-26 04:30:01,023] {local_task_job.py:273} INFO - 1 downstream tasks scheduled from follow-on schedule check
[2023-07-26 05:08:16,005] {taskinstance.py:1179} INFO - Dependencies all met for <TaskInstance: fetch_exchange_rates_dag.bash_task scheduled__2023-07-26T04:20:00+00:00 [queued]>
[2023-07-26 05:08:16,036] {taskinstance.py:1179} INFO - Dependencies all met for <TaskInstance: fetch_exchange_rates_dag.bash_task scheduled__2023-07-26T04:20:00+00:00 [queued]>
[2023-07-26 05:08:16,039] {taskinstance.py:1376} INFO - 
--------------------------------------------------------------------------------
[2023-07-26 05:08:16,040] {taskinstance.py:1377} INFO - Starting attempt 1 of 1
[2023-07-26 05:08:16,040] {taskinstance.py:1378} INFO - 
--------------------------------------------------------------------------------
[2023-07-26 05:08:16,059] {taskinstance.py:1397} INFO - Executing <Task(BashOperator): bash_task> on 2023-07-26 04:20:00+00:00
[2023-07-26 05:08:16,069] {standard_task_runner.py:52} INFO - Started process 2307 to run task
[2023-07-26 05:08:16,079] {standard_task_runner.py:79} INFO - Running: ['***', 'tasks', 'run', 'fetch_exchange_rates_dag', 'bash_task', 'scheduled__2023-07-26T04:20:00+00:00', '--job-id', '608', '--raw', '--subdir', 'DAGS_FOLDER/my_calc_rates.py', '--cfg-path', '/tmp/tmp8ngb886i', '--error-file', '/tmp/tmp95jxhrn2']
[2023-07-26 05:08:16,088] {standard_task_runner.py:80} INFO - Job 608: Subtask bash_task
[2023-07-26 05:08:16,276] {task_command.py:371} INFO - Running <TaskInstance: fetch_exchange_rates_dag.bash_task scheduled__2023-07-26T04:20:00+00:00 [running]> on host acb6bca32630
[2023-07-26 05:08:16,407] {taskinstance.py:1591} INFO - Exporting the following env vars:
AIRFLOW_CTX_DAG_OWNER=***
AIRFLOW_CTX_DAG_ID=fetch_exchange_rates_dag
AIRFLOW_CTX_TASK_ID=bash_task
AIRFLOW_CTX_EXECUTION_DATE=2023-07-26T04:20:00+00:00
AIRFLOW_CTX_TRY_NUMBER=1
AIRFLOW_CTX_DAG_RUN_ID=scheduled__2023-07-26T04:20:00+00:00
[2023-07-26 05:08:16,409] {subprocess.py:62} INFO - Tmp dir root location: 
 /tmp
[2023-07-26 05:08:16,411] {subprocess.py:74} INFO - Running command: ['bash', '-c', 'echo "Good morning my diggers!"']
[2023-07-26 05:08:16,426] {subprocess.py:85} INFO - Output:
[2023-07-26 05:08:16,429] {subprocess.py:92} INFO - Good morning my diggers!
[2023-07-26 05:08:16,430] {subprocess.py:96} INFO - Command exited with return code 0
[2023-07-26 05:08:16,472] {taskinstance.py:1420} INFO - Marking task as SUCCESS. dag_id=fetch_exchange_rates_dag, task_id=bash_task, execution_date=20230726T042000, start_date=20230726T050816, end_date=20230726T050816
[2023-07-26 05:08:16,549] {local_task_job.py:156} INFO - Task exited with return code 0
[2023-07-26 05:08:16,612] {local_task_job.py:273} INFO - 1 downstream tasks scheduled from follow-on schedule check
