[2023-07-26 04:50:00,699] {taskinstance.py:1179} INFO - Dependencies all met for <TaskInstance: fetch_exchange_rates_dag.bash_task scheduled__2023-07-26T04:40:00+00:00 [queued]>
[2023-07-26 04:50:00,708] {taskinstance.py:1179} INFO - Dependencies all met for <TaskInstance: fetch_exchange_rates_dag.bash_task scheduled__2023-07-26T04:40:00+00:00 [queued]>
[2023-07-26 04:50:00,709] {taskinstance.py:1376} INFO - 
--------------------------------------------------------------------------------
[2023-07-26 04:50:00,709] {taskinstance.py:1377} INFO - Starting attempt 1 of 1
[2023-07-26 04:50:00,710] {taskinstance.py:1378} INFO - 
--------------------------------------------------------------------------------
[2023-07-26 04:50:00,723] {taskinstance.py:1397} INFO - Executing <Task(BashOperator): bash_task> on 2023-07-26 04:40:00+00:00
[2023-07-26 04:50:00,728] {standard_task_runner.py:52} INFO - Started process 8849 to run task
[2023-07-26 04:50:00,731] {standard_task_runner.py:79} INFO - Running: ['***', 'tasks', 'run', 'fetch_exchange_rates_dag', 'bash_task', 'scheduled__2023-07-26T04:40:00+00:00', '--job-id', '141', '--raw', '--subdir', 'DAGS_FOLDER/my_calc_rates.py', '--cfg-path', '/tmp/tmplx1j0pbr', '--error-file', '/tmp/tmp6_d6c2lp']
[2023-07-26 04:50:00,733] {standard_task_runner.py:80} INFO - Job 141: Subtask bash_task
[2023-07-26 04:50:00,809] {task_command.py:371} INFO - Running <TaskInstance: fetch_exchange_rates_dag.bash_task scheduled__2023-07-26T04:40:00+00:00 [running]> on host 6e11a261c833
[2023-07-26 04:50:00,872] {taskinstance.py:1591} INFO - Exporting the following env vars:
AIRFLOW_CTX_DAG_OWNER=***
AIRFLOW_CTX_DAG_ID=fetch_exchange_rates_dag
AIRFLOW_CTX_TASK_ID=bash_task
AIRFLOW_CTX_EXECUTION_DATE=2023-07-26T04:40:00+00:00
AIRFLOW_CTX_TRY_NUMBER=1
AIRFLOW_CTX_DAG_RUN_ID=scheduled__2023-07-26T04:40:00+00:00
[2023-07-26 04:50:00,875] {subprocess.py:62} INFO - Tmp dir root location: 
 /tmp
[2023-07-26 04:50:00,876] {subprocess.py:74} INFO - Running command: ['bash', '-c', 'echo "Good morning my diggers!"']
[2023-07-26 04:50:00,887] {subprocess.py:85} INFO - Output:
[2023-07-26 04:50:00,888] {subprocess.py:92} INFO - Good morning my diggers!
[2023-07-26 04:50:00,889] {subprocess.py:96} INFO - Command exited with return code 0
[2023-07-26 04:50:00,918] {taskinstance.py:1420} INFO - Marking task as SUCCESS. dag_id=fetch_exchange_rates_dag, task_id=bash_task, execution_date=20230726T044000, start_date=20230726T045000, end_date=20230726T045000
[2023-07-26 04:50:00,943] {local_task_job.py:156} INFO - Task exited with return code 0
[2023-07-26 04:50:00,991] {local_task_job.py:273} INFO - 1 downstream tasks scheduled from follow-on schedule check
[2023-07-26 05:08:16,364] {taskinstance.py:1179} INFO - Dependencies all met for <TaskInstance: fetch_exchange_rates_dag.bash_task scheduled__2023-07-26T04:40:00+00:00 [queued]>
[2023-07-26 05:08:16,380] {taskinstance.py:1179} INFO - Dependencies all met for <TaskInstance: fetch_exchange_rates_dag.bash_task scheduled__2023-07-26T04:40:00+00:00 [queued]>
[2023-07-26 05:08:16,381] {taskinstance.py:1376} INFO - 
--------------------------------------------------------------------------------
[2023-07-26 05:08:16,381] {taskinstance.py:1377} INFO - Starting attempt 1 of 1
[2023-07-26 05:08:16,382] {taskinstance.py:1378} INFO - 
--------------------------------------------------------------------------------
[2023-07-26 05:08:16,399] {taskinstance.py:1397} INFO - Executing <Task(BashOperator): bash_task> on 2023-07-26 04:40:00+00:00
[2023-07-26 05:08:16,406] {standard_task_runner.py:52} INFO - Started process 2309 to run task
[2023-07-26 05:08:16,411] {standard_task_runner.py:79} INFO - Running: ['***', 'tasks', 'run', 'fetch_exchange_rates_dag', 'bash_task', 'scheduled__2023-07-26T04:40:00+00:00', '--job-id', '610', '--raw', '--subdir', 'DAGS_FOLDER/my_calc_rates.py', '--cfg-path', '/tmp/tmpp0uvjnoi', '--error-file', '/tmp/tmpwbjm109g']
[2023-07-26 05:08:16,414] {standard_task_runner.py:80} INFO - Job 610: Subtask bash_task
[2023-07-26 05:08:16,542] {task_command.py:371} INFO - Running <TaskInstance: fetch_exchange_rates_dag.bash_task scheduled__2023-07-26T04:40:00+00:00 [running]> on host acb6bca32630
[2023-07-26 05:08:16,647] {taskinstance.py:1591} INFO - Exporting the following env vars:
AIRFLOW_CTX_DAG_OWNER=***
AIRFLOW_CTX_DAG_ID=fetch_exchange_rates_dag
AIRFLOW_CTX_TASK_ID=bash_task
AIRFLOW_CTX_EXECUTION_DATE=2023-07-26T04:40:00+00:00
AIRFLOW_CTX_TRY_NUMBER=1
AIRFLOW_CTX_DAG_RUN_ID=scheduled__2023-07-26T04:40:00+00:00
[2023-07-26 05:08:16,649] {subprocess.py:62} INFO - Tmp dir root location: 
 /tmp
[2023-07-26 05:08:16,653] {subprocess.py:74} INFO - Running command: ['bash', '-c', 'echo "Good morning my diggers!"']
[2023-07-26 05:08:16,676] {subprocess.py:85} INFO - Output:
[2023-07-26 05:08:16,679] {subprocess.py:92} INFO - Good morning my diggers!
[2023-07-26 05:08:16,680] {subprocess.py:96} INFO - Command exited with return code 0
[2023-07-26 05:08:16,726] {taskinstance.py:1420} INFO - Marking task as SUCCESS. dag_id=fetch_exchange_rates_dag, task_id=bash_task, execution_date=20230726T044000, start_date=20230726T050816, end_date=20230726T050816
[2023-07-26 05:08:16,787] {local_task_job.py:156} INFO - Task exited with return code 0
[2023-07-26 05:08:16,928] {local_task_job.py:273} INFO - 0 downstream tasks scheduled from follow-on schedule check
