[2023-07-26 04:18:06,701] {taskinstance.py:1179} INFO - Dependencies all met for <TaskInstance: fetch_exchange_rates_dag.bash_task scheduled__2023-07-26T00:50:00+00:00 [queued]>
[2023-07-26 04:18:06,796] {taskinstance.py:1179} INFO - Dependencies all met for <TaskInstance: fetch_exchange_rates_dag.bash_task scheduled__2023-07-26T00:50:00+00:00 [queued]>
[2023-07-26 04:18:06,798] {taskinstance.py:1376} INFO - 
--------------------------------------------------------------------------------
[2023-07-26 04:18:06,799] {taskinstance.py:1377} INFO - Starting attempt 1 of 1
[2023-07-26 04:18:06,799] {taskinstance.py:1378} INFO - 
--------------------------------------------------------------------------------
[2023-07-26 04:18:06,918] {taskinstance.py:1397} INFO - Executing <Task(BashOperator): bash_task> on 2023-07-26 00:50:00+00:00
[2023-07-26 04:18:07,001] {standard_task_runner.py:52} INFO - Started process 6973 to run task
[2023-07-26 04:18:07,039] {standard_task_runner.py:79} INFO - Running: ['***', 'tasks', 'run', 'fetch_exchange_rates_dag', 'bash_task', 'scheduled__2023-07-26T00:50:00+00:00', '--job-id', '35', '--raw', '--subdir', 'DAGS_FOLDER/my_calc_rates.py', '--cfg-path', '/tmp/tmpe_6tp_9o', '--error-file', '/tmp/tmpwwmb8nx8']
[2023-07-26 04:18:07,052] {standard_task_runner.py:80} INFO - Job 35: Subtask bash_task
[2023-07-26 04:18:07,778] {task_command.py:371} INFO - Running <TaskInstance: fetch_exchange_rates_dag.bash_task scheduled__2023-07-26T00:50:00+00:00 [running]> on host 6e11a261c833
[2023-07-26 04:18:08,915] {taskinstance.py:1591} INFO - Exporting the following env vars:
AIRFLOW_CTX_DAG_OWNER=***
AIRFLOW_CTX_DAG_ID=fetch_exchange_rates_dag
AIRFLOW_CTX_TASK_ID=bash_task
AIRFLOW_CTX_EXECUTION_DATE=2023-07-26T00:50:00+00:00
AIRFLOW_CTX_TRY_NUMBER=1
AIRFLOW_CTX_DAG_RUN_ID=scheduled__2023-07-26T00:50:00+00:00
[2023-07-26 04:18:08,923] {subprocess.py:62} INFO - Tmp dir root location: 
 /tmp
[2023-07-26 04:18:08,934] {subprocess.py:74} INFO - Running command: ['bash', '-c', 'echo "Good morning my diggers!"']
[2023-07-26 04:18:09,097] {subprocess.py:85} INFO - Output:
[2023-07-26 04:18:09,106] {subprocess.py:92} INFO - Good morning my diggers!
[2023-07-26 04:18:09,107] {subprocess.py:96} INFO - Command exited with return code 0
[2023-07-26 04:18:09,336] {taskinstance.py:1420} INFO - Marking task as SUCCESS. dag_id=fetch_exchange_rates_dag, task_id=bash_task, execution_date=20230726T005000, start_date=20230726T041806, end_date=20230726T041809
[2023-07-26 04:18:09,493] {local_task_job.py:156} INFO - Task exited with return code 0
[2023-07-26 04:18:09,610] {local_task_job.py:273} INFO - 1 downstream tasks scheduled from follow-on schedule check
[2023-07-26 05:07:36,493] {taskinstance.py:1179} INFO - Dependencies all met for <TaskInstance: fetch_exchange_rates_dag.bash_task scheduled__2023-07-26T00:50:00+00:00 [queued]>
[2023-07-26 05:07:36,520] {taskinstance.py:1179} INFO - Dependencies all met for <TaskInstance: fetch_exchange_rates_dag.bash_task scheduled__2023-07-26T00:50:00+00:00 [queued]>
[2023-07-26 05:07:36,527] {taskinstance.py:1376} INFO - 
--------------------------------------------------------------------------------
[2023-07-26 05:07:36,527] {taskinstance.py:1377} INFO - Starting attempt 1 of 1
[2023-07-26 05:07:36,528] {taskinstance.py:1378} INFO - 
--------------------------------------------------------------------------------
[2023-07-26 05:07:36,614] {taskinstance.py:1397} INFO - Executing <Task(BashOperator): bash_task> on 2023-07-26 00:50:00+00:00
[2023-07-26 05:07:36,651] {standard_task_runner.py:52} INFO - Started process 2061 to run task
[2023-07-26 05:07:36,684] {standard_task_runner.py:79} INFO - Running: ['***', 'tasks', 'run', 'fetch_exchange_rates_dag', 'bash_task', 'scheduled__2023-07-26T00:50:00+00:00', '--job-id', '537', '--raw', '--subdir', 'DAGS_FOLDER/my_calc_rates.py', '--cfg-path', '/tmp/tmp8m6sfoby', '--error-file', '/tmp/tmp_8vj_awy']
[2023-07-26 05:07:36,691] {standard_task_runner.py:80} INFO - Job 537: Subtask bash_task
[2023-07-26 05:07:36,930] {task_command.py:371} INFO - Running <TaskInstance: fetch_exchange_rates_dag.bash_task scheduled__2023-07-26T00:50:00+00:00 [running]> on host acb6bca32630
[2023-07-26 05:07:37,296] {taskinstance.py:1591} INFO - Exporting the following env vars:
AIRFLOW_CTX_DAG_OWNER=***
AIRFLOW_CTX_DAG_ID=fetch_exchange_rates_dag
AIRFLOW_CTX_TASK_ID=bash_task
AIRFLOW_CTX_EXECUTION_DATE=2023-07-26T00:50:00+00:00
AIRFLOW_CTX_TRY_NUMBER=1
AIRFLOW_CTX_DAG_RUN_ID=scheduled__2023-07-26T00:50:00+00:00
[2023-07-26 05:07:37,299] {subprocess.py:62} INFO - Tmp dir root location: 
 /tmp
[2023-07-26 05:07:37,301] {subprocess.py:74} INFO - Running command: ['bash', '-c', 'echo "Good morning my diggers!"']
[2023-07-26 05:07:37,357] {subprocess.py:85} INFO - Output:
[2023-07-26 05:07:37,367] {subprocess.py:92} INFO - Good morning my diggers!
[2023-07-26 05:07:37,368] {subprocess.py:96} INFO - Command exited with return code 0
[2023-07-26 05:07:37,459] {taskinstance.py:1420} INFO - Marking task as SUCCESS. dag_id=fetch_exchange_rates_dag, task_id=bash_task, execution_date=20230726T005000, start_date=20230726T050736, end_date=20230726T050737
[2023-07-26 05:07:37,593] {local_task_job.py:156} INFO - Task exited with return code 0
[2023-07-26 05:07:37,700] {local_task_job.py:273} INFO - 1 downstream tasks scheduled from follow-on schedule check
