[2023-07-25 20:34:53,681] {taskinstance.py:1179} INFO - Dependencies all met for <TaskInstance: fetch_exchange_rates_dag.fetch_exchange_rates_task scheduled__2023-07-25T04:10:00+00:00 [queued]>
[2023-07-25 20:34:53,706] {taskinstance.py:1179} INFO - Dependencies all met for <TaskInstance: fetch_exchange_rates_dag.fetch_exchange_rates_task scheduled__2023-07-25T04:10:00+00:00 [queued]>
[2023-07-25 20:34:53,707] {taskinstance.py:1376} INFO - 
--------------------------------------------------------------------------------
[2023-07-25 20:34:53,708] {taskinstance.py:1377} INFO - Starting attempt 1 of 1
[2023-07-25 20:34:53,709] {taskinstance.py:1378} INFO - 
--------------------------------------------------------------------------------
[2023-07-25 20:34:53,735] {taskinstance.py:1397} INFO - Executing <Task(PythonOperator): fetch_exchange_rates_task> on 2023-07-25 04:10:00+00:00
[2023-07-25 20:34:53,770] {standard_task_runner.py:52} INFO - Started process 8872 to run task
[2023-07-25 20:34:53,809] {standard_task_runner.py:79} INFO - Running: ['***', 'tasks', 'run', 'fetch_exchange_rates_dag', 'fetch_exchange_rates_task', 'scheduled__2023-07-25T04:10:00+00:00', '--job-id', '117', '--raw', '--subdir', 'DAGS_FOLDER/my_calc_rates.py', '--cfg-path', '/tmp/tmpqkxjc1uj', '--error-file', '/tmp/tmp63nkqaes']
[2023-07-25 20:34:53,812] {standard_task_runner.py:80} INFO - Job 117: Subtask fetch_exchange_rates_task
[2023-07-25 20:34:54,010] {task_command.py:371} INFO - Running <TaskInstance: fetch_exchange_rates_dag.fetch_exchange_rates_task scheduled__2023-07-25T04:10:00+00:00 [running]> on host 661c8d62a693
[2023-07-25 20:34:54,198] {taskinstance.py:1591} INFO - Exporting the following env vars:
AIRFLOW_CTX_DAG_OWNER=marina_z
AIRFLOW_CTX_DAG_ID=fetch_exchange_rates_dag
AIRFLOW_CTX_TASK_ID=fetch_exchange_rates_task
AIRFLOW_CTX_EXECUTION_DATE=2023-07-25T04:10:00+00:00
AIRFLOW_CTX_TRY_NUMBER=1
AIRFLOW_CTX_DAG_RUN_ID=scheduled__2023-07-25T04:10:00+00:00
[2023-07-25 20:34:55,829] {taskinstance.py:1909} ERROR - Task failed with exception
Traceback (most recent call last):
  File "/home/airflow/.local/lib/python3.7/site-packages/airflow/operators/python.py", line 171, in execute
    return_value = self.execute_callable()
  File "/home/airflow/.local/lib/python3.7/site-packages/airflow/operators/python.py", line 189, in execute_callable
    return self.python_callable(*self.op_args, **self.op_kwargs)
  File "/opt/airflow/dags/my_calc_rates.py", line 69, in fetch_exchange_rates
    load_to_postgres = PostgresOperator(
NameError: name 'PostgresOperator' is not defined
[2023-07-25 20:34:55,839] {taskinstance.py:1420} INFO - Marking task as FAILED. dag_id=fetch_exchange_rates_dag, task_id=fetch_exchange_rates_task, execution_date=20230725T041000, start_date=20230725T203453, end_date=20230725T203455
[2023-07-25 20:34:55,856] {standard_task_runner.py:97} ERROR - Failed to execute job 117 for task fetch_exchange_rates_task (name 'PostgresOperator' is not defined; 8872)
[2023-07-25 20:34:55,895] {local_task_job.py:156} INFO - Task exited with return code 1
[2023-07-25 20:34:55,922] {local_task_job.py:273} INFO - 0 downstream tasks scheduled from follow-on schedule check
[2023-07-26 05:03:55,835] {taskinstance.py:1179} INFO - Dependencies all met for <TaskInstance: fetch_exchange_rates_dag.fetch_exchange_rates_task scheduled__2023-07-25T04:10:00+00:00 [queued]>
[2023-07-26 05:03:55,873] {taskinstance.py:1179} INFO - Dependencies all met for <TaskInstance: fetch_exchange_rates_dag.fetch_exchange_rates_task scheduled__2023-07-25T04:10:00+00:00 [queued]>
[2023-07-26 05:03:55,874] {taskinstance.py:1376} INFO - 
--------------------------------------------------------------------------------
[2023-07-26 05:03:55,879] {taskinstance.py:1377} INFO - Starting attempt 1 of 1
[2023-07-26 05:03:55,883] {taskinstance.py:1378} INFO - 
--------------------------------------------------------------------------------
[2023-07-26 05:03:55,987] {taskinstance.py:1397} INFO - Executing <Task(PythonOperator): fetch_exchange_rates_task> on 2023-07-25 04:10:00+00:00
[2023-07-26 05:03:56,026] {standard_task_runner.py:52} INFO - Started process 478 to run task
[2023-07-26 05:03:56,044] {standard_task_runner.py:79} INFO - Running: ['***', 'tasks', 'run', 'fetch_exchange_rates_dag', 'fetch_exchange_rates_task', 'scheduled__2023-07-25T04:10:00+00:00', '--job-id', '88', '--raw', '--subdir', 'DAGS_FOLDER/my_calc_rates.py', '--cfg-path', '/tmp/tmpz2vp9xtp', '--error-file', '/tmp/tmpp8tq2d1b']
[2023-07-26 05:03:56,047] {standard_task_runner.py:80} INFO - Job 88: Subtask fetch_exchange_rates_task
[2023-07-26 05:03:56,322] {task_command.py:371} INFO - Running <TaskInstance: fetch_exchange_rates_dag.fetch_exchange_rates_task scheduled__2023-07-25T04:10:00+00:00 [running]> on host acb6bca32630
[2023-07-26 05:03:56,761] {taskinstance.py:1591} INFO - Exporting the following env vars:
AIRFLOW_CTX_DAG_OWNER=marina_z
AIRFLOW_CTX_DAG_ID=fetch_exchange_rates_dag
AIRFLOW_CTX_TASK_ID=fetch_exchange_rates_task
AIRFLOW_CTX_EXECUTION_DATE=2023-07-25T04:10:00+00:00
AIRFLOW_CTX_TRY_NUMBER=1
AIRFLOW_CTX_DAG_RUN_ID=scheduled__2023-07-25T04:10:00+00:00
[2023-07-26 05:03:57,433] {logging_mixin.py:115} INFO - Save a new file exchange_latest_BTC.csv
[2023-07-26 05:03:57,440] {logging_mixin.py:115} INFO - Create a new table exchange_latest_BTC
[2023-07-26 05:03:57,459] {logging_mixin.py:115} INFO - Insert into table exchange_latest_BTC
[2023-07-26 05:03:57,892] {logging_mixin.py:115} INFO - Save a new file exchange_latest_EUR.csv
[2023-07-26 05:03:57,901] {logging_mixin.py:115} INFO - Create a new table exchange_latest_EUR
[2023-07-26 05:03:57,909] {logging_mixin.py:115} INFO - Insert into table exchange_latest_EUR
[2023-07-26 05:03:58,302] {logging_mixin.py:115} INFO - Save a new file exchange_latest_GBR.csv
[2023-07-26 05:03:58,305] {logging_mixin.py:115} INFO - Create a new table exchange_latest_GBR
[2023-07-26 05:03:58,322] {logging_mixin.py:115} INFO - Insert into table exchange_latest_GBR
[2023-07-26 05:03:58,756] {logging_mixin.py:115} INFO - Save a new file exchange_latest_JPY.csv
[2023-07-26 05:03:58,757] {logging_mixin.py:115} INFO - Create a new table exchange_latest_JPY
[2023-07-26 05:03:58,768] {logging_mixin.py:115} INFO - Insert into table exchange_latest_JPY
[2023-07-26 05:03:59,159] {logging_mixin.py:115} INFO - Save a new file exchange_latest_CNY.csv
[2023-07-26 05:03:59,160] {logging_mixin.py:115} INFO - Create a new table exchange_latest_CNY
[2023-07-26 05:03:59,167] {logging_mixin.py:115} INFO - Insert into table exchange_latest_CNY
[2023-07-26 05:03:59,188] {python.py:173} INFO - Done. Returned value was: None
[2023-07-26 05:03:59,209] {taskinstance.py:1420} INFO - Marking task as SUCCESS. dag_id=fetch_exchange_rates_dag, task_id=fetch_exchange_rates_task, execution_date=20230725T041000, start_date=20230726T050355, end_date=20230726T050359
[2023-07-26 05:03:59,304] {local_task_job.py:156} INFO - Task exited with return code 0
[2023-07-26 05:03:59,830] {local_task_job.py:273} INFO - 0 downstream tasks scheduled from follow-on schedule check
