[2023-07-26 04:08:53,605] {taskinstance.py:1179} INFO - Dependencies all met for <TaskInstance: fetch_exchange_rates_dag.create_total_exchange_rates_table manual__2023-07-26T04:08:47.196610+00:00 [queued]>
[2023-07-26 04:08:53,612] {taskinstance.py:1179} INFO - Dependencies all met for <TaskInstance: fetch_exchange_rates_dag.create_total_exchange_rates_table manual__2023-07-26T04:08:47.196610+00:00 [queued]>
[2023-07-26 04:08:53,613] {taskinstance.py:1376} INFO - 
--------------------------------------------------------------------------------
[2023-07-26 04:08:53,613] {taskinstance.py:1377} INFO - Starting attempt 1 of 1
[2023-07-26 04:08:53,613] {taskinstance.py:1378} INFO - 
--------------------------------------------------------------------------------
[2023-07-26 04:08:53,626] {taskinstance.py:1397} INFO - Executing <Task(PythonOperator): create_total_exchange_rates_table> on 2023-07-26 04:08:47.196610+00:00
[2023-07-26 04:08:53,636] {standard_task_runner.py:52} INFO - Started process 6483 to run task
[2023-07-26 04:08:53,640] {standard_task_runner.py:79} INFO - Running: ['***', 'tasks', 'run', 'fetch_exchange_rates_dag', 'create_total_exchange_rates_table', 'manual__2023-07-26T04:08:47.196610+00:00', '--job-id', '29', '--raw', '--subdir', 'DAGS_FOLDER/my_calc_rates.py', '--cfg-path', '/tmp/tmpqtf_1l5_', '--error-file', '/tmp/tmprh9mg1jz']
[2023-07-26 04:08:53,642] {standard_task_runner.py:80} INFO - Job 29: Subtask create_total_exchange_rates_table
[2023-07-26 04:08:53,716] {task_command.py:371} INFO - Running <TaskInstance: fetch_exchange_rates_dag.create_total_exchange_rates_table manual__2023-07-26T04:08:47.196610+00:00 [running]> on host 6e11a261c833
[2023-07-26 04:08:53,818] {taskinstance.py:1591} INFO - Exporting the following env vars:
AIRFLOW_CTX_DAG_OWNER=marina_z
AIRFLOW_CTX_DAG_ID=fetch_exchange_rates_dag
AIRFLOW_CTX_TASK_ID=create_total_exchange_rates_table
AIRFLOW_CTX_EXECUTION_DATE=2023-07-26T04:08:47.196610+00:00
AIRFLOW_CTX_TRY_NUMBER=1
AIRFLOW_CTX_DAG_RUN_ID=manual__2023-07-26T04:08:47.196610+00:00
[2023-07-26 04:08:53,845] {python.py:173} INFO - Done. Returned value was: None
[2023-07-26 04:08:53,863] {taskinstance.py:1420} INFO - Marking task as SUCCESS. dag_id=fetch_exchange_rates_dag, task_id=create_total_exchange_rates_table, execution_date=20230726T040847, start_date=20230726T040853, end_date=20230726T040853
[2023-07-26 04:08:53,893] {local_task_job.py:156} INFO - Task exited with return code 0
[2023-07-26 04:08:53,935] {local_task_job.py:273} INFO - 0 downstream tasks scheduled from follow-on schedule check
