[2023-07-25 20:34:51,285] {taskinstance.py:1179} INFO - Dependencies all met for <TaskInstance: fetch_exchange_rates_dag.fetch_exchange_rates_task scheduled__2023-07-25T03:40:00+00:00 [queued]>
[2023-07-25 20:34:51,333] {taskinstance.py:1179} INFO - Dependencies all met for <TaskInstance: fetch_exchange_rates_dag.fetch_exchange_rates_task scheduled__2023-07-25T03:40:00+00:00 [queued]>
[2023-07-25 20:34:51,334] {taskinstance.py:1376} INFO - 
--------------------------------------------------------------------------------
[2023-07-25 20:34:51,334] {taskinstance.py:1377} INFO - Starting attempt 1 of 1
[2023-07-25 20:34:51,335] {taskinstance.py:1378} INFO - 
--------------------------------------------------------------------------------
[2023-07-25 20:34:51,429] {taskinstance.py:1397} INFO - Executing <Task(PythonOperator): fetch_exchange_rates_task> on 2023-07-25 03:40:00+00:00
[2023-07-25 20:34:51,450] {standard_task_runner.py:52} INFO - Started process 8855 to run task
[2023-07-25 20:34:51,492] {standard_task_runner.py:79} INFO - Running: ['***', 'tasks', 'run', 'fetch_exchange_rates_dag', 'fetch_exchange_rates_task', 'scheduled__2023-07-25T03:40:00+00:00', '--job-id', '114', '--raw', '--subdir', 'DAGS_FOLDER/my_calc_rates.py', '--cfg-path', '/tmp/tmpmhwdnli9', '--error-file', '/tmp/tmpfz95sxen']
[2023-07-25 20:34:51,520] {standard_task_runner.py:80} INFO - Job 114: Subtask fetch_exchange_rates_task
[2023-07-25 20:34:51,837] {task_command.py:371} INFO - Running <TaskInstance: fetch_exchange_rates_dag.fetch_exchange_rates_task scheduled__2023-07-25T03:40:00+00:00 [running]> on host 661c8d62a693
[2023-07-25 20:34:52,400] {taskinstance.py:1591} INFO - Exporting the following env vars:
AIRFLOW_CTX_DAG_OWNER=marina_z
AIRFLOW_CTX_DAG_ID=fetch_exchange_rates_dag
AIRFLOW_CTX_TASK_ID=fetch_exchange_rates_task
AIRFLOW_CTX_EXECUTION_DATE=2023-07-25T03:40:00+00:00
AIRFLOW_CTX_TRY_NUMBER=1
AIRFLOW_CTX_DAG_RUN_ID=scheduled__2023-07-25T03:40:00+00:00
[2023-07-25 20:34:54,227] {taskinstance.py:1909} ERROR - Task failed with exception
Traceback (most recent call last):
  File "/home/airflow/.local/lib/python3.7/site-packages/airflow/operators/python.py", line 171, in execute
    return_value = self.execute_callable()
  File "/home/airflow/.local/lib/python3.7/site-packages/airflow/operators/python.py", line 189, in execute_callable
    return self.python_callable(*self.op_args, **self.op_kwargs)
  File "/opt/airflow/dags/my_calc_rates.py", line 69, in fetch_exchange_rates
    load_to_postgres = PostgresOperator(
NameError: name 'PostgresOperator' is not defined
[2023-07-25 20:34:54,262] {taskinstance.py:1420} INFO - Marking task as FAILED. dag_id=fetch_exchange_rates_dag, task_id=fetch_exchange_rates_task, execution_date=20230725T034000, start_date=20230725T203451, end_date=20230725T203454
[2023-07-25 20:34:54,287] {standard_task_runner.py:97} ERROR - Failed to execute job 114 for task fetch_exchange_rates_task (name 'PostgresOperator' is not defined; 8855)
[2023-07-25 20:34:54,315] {local_task_job.py:156} INFO - Task exited with return code 1
[2023-07-25 20:34:54,469] {local_task_job.py:273} INFO - 0 downstream tasks scheduled from follow-on schedule check
[2023-07-26 05:03:48,281] {taskinstance.py:1179} INFO - Dependencies all met for <TaskInstance: fetch_exchange_rates_dag.fetch_exchange_rates_task scheduled__2023-07-25T03:40:00+00:00 [queued]>
[2023-07-26 05:03:48,312] {taskinstance.py:1179} INFO - Dependencies all met for <TaskInstance: fetch_exchange_rates_dag.fetch_exchange_rates_task scheduled__2023-07-25T03:40:00+00:00 [queued]>
[2023-07-26 05:03:48,314] {taskinstance.py:1376} INFO - 
--------------------------------------------------------------------------------
[2023-07-26 05:03:48,316] {taskinstance.py:1377} INFO - Starting attempt 1 of 1
[2023-07-26 05:03:48,316] {taskinstance.py:1378} INFO - 
--------------------------------------------------------------------------------
[2023-07-26 05:03:48,347] {taskinstance.py:1397} INFO - Executing <Task(PythonOperator): fetch_exchange_rates_task> on 2023-07-25 03:40:00+00:00
[2023-07-26 05:03:48,364] {standard_task_runner.py:52} INFO - Started process 429 to run task
[2023-07-26 05:03:48,400] {standard_task_runner.py:79} INFO - Running: ['***', 'tasks', 'run', 'fetch_exchange_rates_dag', 'fetch_exchange_rates_task', 'scheduled__2023-07-25T03:40:00+00:00', '--job-id', '78', '--raw', '--subdir', 'DAGS_FOLDER/my_calc_rates.py', '--cfg-path', '/tmp/tmpz2c34a_c', '--error-file', '/tmp/tmpxnrntphh']
[2023-07-26 05:03:48,415] {standard_task_runner.py:80} INFO - Job 78: Subtask fetch_exchange_rates_task
[2023-07-26 05:03:48,816] {task_command.py:371} INFO - Running <TaskInstance: fetch_exchange_rates_dag.fetch_exchange_rates_task scheduled__2023-07-25T03:40:00+00:00 [running]> on host acb6bca32630
[2023-07-26 05:03:49,349] {taskinstance.py:1591} INFO - Exporting the following env vars:
AIRFLOW_CTX_DAG_OWNER=marina_z
AIRFLOW_CTX_DAG_ID=fetch_exchange_rates_dag
AIRFLOW_CTX_TASK_ID=fetch_exchange_rates_task
AIRFLOW_CTX_EXECUTION_DATE=2023-07-25T03:40:00+00:00
AIRFLOW_CTX_TRY_NUMBER=1
AIRFLOW_CTX_DAG_RUN_ID=scheduled__2023-07-25T03:40:00+00:00
[2023-07-26 05:03:49,880] {logging_mixin.py:115} INFO - Save a new file exchange_latest_BTC.csv
[2023-07-26 05:03:49,883] {logging_mixin.py:115} INFO - Create a new table exchange_latest_BTC
[2023-07-26 05:03:49,892] {logging_mixin.py:115} INFO - Insert into table exchange_latest_BTC
[2023-07-26 05:03:50,387] {logging_mixin.py:115} INFO - Save a new file exchange_latest_EUR.csv
[2023-07-26 05:03:50,389] {logging_mixin.py:115} INFO - Create a new table exchange_latest_EUR
[2023-07-26 05:03:50,403] {logging_mixin.py:115} INFO - Insert into table exchange_latest_EUR
[2023-07-26 05:03:50,995] {logging_mixin.py:115} INFO - Save a new file exchange_latest_GBR.csv
[2023-07-26 05:03:50,999] {logging_mixin.py:115} INFO - Create a new table exchange_latest_GBR
[2023-07-26 05:03:51,005] {logging_mixin.py:115} INFO - Insert into table exchange_latest_GBR
[2023-07-26 05:03:51,358] {logging_mixin.py:115} INFO - Save a new file exchange_latest_JPY.csv
[2023-07-26 05:03:51,359] {logging_mixin.py:115} INFO - Create a new table exchange_latest_JPY
[2023-07-26 05:03:51,370] {logging_mixin.py:115} INFO - Insert into table exchange_latest_JPY
[2023-07-26 05:03:51,808] {logging_mixin.py:115} INFO - Save a new file exchange_latest_CNY.csv
[2023-07-26 05:03:51,811] {logging_mixin.py:115} INFO - Create a new table exchange_latest_CNY
[2023-07-26 05:03:51,823] {logging_mixin.py:115} INFO - Insert into table exchange_latest_CNY
[2023-07-26 05:03:51,838] {python.py:173} INFO - Done. Returned value was: None
[2023-07-26 05:03:51,889] {taskinstance.py:1420} INFO - Marking task as SUCCESS. dag_id=fetch_exchange_rates_dag, task_id=fetch_exchange_rates_task, execution_date=20230725T034000, start_date=20230726T050348, end_date=20230726T050351
[2023-07-26 05:03:51,983] {local_task_job.py:156} INFO - Task exited with return code 0
[2023-07-26 05:03:52,565] {local_task_job.py:273} INFO - 0 downstream tasks scheduled from follow-on schedule check
