[2023-07-26 05:07:14,843] {taskinstance.py:1179} INFO - Dependencies all met for <TaskInstance: fetch_exchange_rates_dag.bash_task scheduled__2023-07-25T22:50:00+00:00 [queued]>
[2023-07-26 05:07:14,867] {taskinstance.py:1179} INFO - Dependencies all met for <TaskInstance: fetch_exchange_rates_dag.bash_task scheduled__2023-07-25T22:50:00+00:00 [queued]>
[2023-07-26 05:07:14,868] {taskinstance.py:1376} INFO - 
--------------------------------------------------------------------------------
[2023-07-26 05:07:14,869] {taskinstance.py:1377} INFO - Starting attempt 1 of 1
[2023-07-26 05:07:14,870] {taskinstance.py:1378} INFO - 
--------------------------------------------------------------------------------
[2023-07-26 05:07:14,903] {taskinstance.py:1397} INFO - Executing <Task(BashOperator): bash_task> on 2023-07-25 22:50:00+00:00
[2023-07-26 05:07:14,920] {standard_task_runner.py:52} INFO - Started process 1910 to run task
[2023-07-26 05:07:14,927] {standard_task_runner.py:79} INFO - Running: ['***', 'tasks', 'run', 'fetch_exchange_rates_dag', 'bash_task', 'scheduled__2023-07-25T22:50:00+00:00', '--job-id', '495', '--raw', '--subdir', 'DAGS_FOLDER/my_calc_rates.py', '--cfg-path', '/tmp/tmp7a11pzpz', '--error-file', '/tmp/tmp79fv25cw']
[2023-07-26 05:07:14,940] {standard_task_runner.py:80} INFO - Job 495: Subtask bash_task
[2023-07-26 05:07:15,144] {task_command.py:371} INFO - Running <TaskInstance: fetch_exchange_rates_dag.bash_task scheduled__2023-07-25T22:50:00+00:00 [running]> on host acb6bca32630
[2023-07-26 05:07:15,362] {taskinstance.py:1591} INFO - Exporting the following env vars:
AIRFLOW_CTX_DAG_OWNER=***
AIRFLOW_CTX_DAG_ID=fetch_exchange_rates_dag
AIRFLOW_CTX_TASK_ID=bash_task
AIRFLOW_CTX_EXECUTION_DATE=2023-07-25T22:50:00+00:00
AIRFLOW_CTX_TRY_NUMBER=1
AIRFLOW_CTX_DAG_RUN_ID=scheduled__2023-07-25T22:50:00+00:00
[2023-07-26 05:07:15,371] {subprocess.py:62} INFO - Tmp dir root location: 
 /tmp
[2023-07-26 05:07:15,372] {subprocess.py:74} INFO - Running command: ['bash', '-c', 'echo "Good morning my diggers!"']
[2023-07-26 05:07:15,442] {subprocess.py:85} INFO - Output:
[2023-07-26 05:07:15,458] {subprocess.py:92} INFO - Good morning my diggers!
[2023-07-26 05:07:15,465] {subprocess.py:96} INFO - Command exited with return code 0
[2023-07-26 05:07:15,690] {taskinstance.py:1420} INFO - Marking task as SUCCESS. dag_id=fetch_exchange_rates_dag, task_id=bash_task, execution_date=20230725T225000, start_date=20230726T050714, end_date=20230726T050715
[2023-07-26 05:07:15,758] {local_task_job.py:156} INFO - Task exited with return code 0
[2023-07-26 05:07:15,868] {local_task_job.py:273} INFO - 1 downstream tasks scheduled from follow-on schedule check
