[2023-07-25 22:10:01,409] {taskinstance.py:1179} INFO - Dependencies all met for <TaskInstance: calc-rates.bash_task scheduled__2023-07-25T22:05:00+00:00 [queued]>
[2023-07-25 22:10:01,415] {taskinstance.py:1179} INFO - Dependencies all met for <TaskInstance: calc-rates.bash_task scheduled__2023-07-25T22:05:00+00:00 [queued]>
[2023-07-25 22:10:01,416] {taskinstance.py:1376} INFO - 
--------------------------------------------------------------------------------
[2023-07-25 22:10:01,416] {taskinstance.py:1377} INFO - Starting attempt 1 of 1
[2023-07-25 22:10:01,417] {taskinstance.py:1378} INFO - 
--------------------------------------------------------------------------------
[2023-07-25 22:10:01,426] {taskinstance.py:1397} INFO - Executing <Task(BashOperator): bash_task> on 2023-07-25 22:05:00+00:00
[2023-07-25 22:10:01,430] {standard_task_runner.py:52} INFO - Started process 13985 to run task
[2023-07-25 22:10:01,432] {standard_task_runner.py:79} INFO - Running: ['***', 'tasks', 'run', 'calc-rates', 'bash_task', 'scheduled__2023-07-25T22:05:00+00:00', '--job-id', '287', '--raw', '--subdir', 'DAGS_FOLDER/calc_rates.py', '--cfg-path', '/tmp/tmpx4i6pq56', '--error-file', '/tmp/tmpmm6rnz9s']
[2023-07-25 22:10:01,433] {standard_task_runner.py:80} INFO - Job 287: Subtask bash_task
[2023-07-25 22:10:01,501] {task_command.py:371} INFO - Running <TaskInstance: calc-rates.bash_task scheduled__2023-07-25T22:05:00+00:00 [running]> on host 661c8d62a693
[2023-07-25 22:10:01,556] {taskinstance.py:1591} INFO - Exporting the following env vars:
AIRFLOW_CTX_DAG_OWNER=marina_z
AIRFLOW_CTX_DAG_ID=calc-rates
AIRFLOW_CTX_TASK_ID=bash_task
AIRFLOW_CTX_EXECUTION_DATE=2023-07-25T22:05:00+00:00
AIRFLOW_CTX_TRY_NUMBER=1
AIRFLOW_CTX_DAG_RUN_ID=scheduled__2023-07-25T22:05:00+00:00
[2023-07-25 22:10:01,558] {subprocess.py:62} INFO - Tmp dir root location: 
 /tmp
[2023-07-25 22:10:01,559] {subprocess.py:74} INFO - Running command: ['bash', '-c', "echo 'Hello, World!'"]
[2023-07-25 22:10:01,567] {subprocess.py:85} INFO - Output:
[2023-07-25 22:10:01,568] {subprocess.py:92} INFO - Hello, World!
[2023-07-25 22:10:01,569] {subprocess.py:96} INFO - Command exited with return code 0
[2023-07-25 22:10:01,592] {taskinstance.py:1420} INFO - Marking task as SUCCESS. dag_id=calc-rates, task_id=bash_task, execution_date=20230725T220500, start_date=20230725T221001, end_date=20230725T221001
[2023-07-25 22:10:01,645] {local_task_job.py:156} INFO - Task exited with return code 0
[2023-07-25 22:10:01,684] {local_task_job.py:273} INFO - 1 downstream tasks scheduled from follow-on schedule check
