[2023-07-25 20:38:32,568] {taskinstance.py:1179} INFO - Dependencies all met for <TaskInstance: fetch_exchange_rates_dag.fetch_exchange_rates_task scheduled__2023-07-25T14:40:00+00:00 [queued]>
[2023-07-25 20:38:32,594] {taskinstance.py:1179} INFO - Dependencies all met for <TaskInstance: fetch_exchange_rates_dag.fetch_exchange_rates_task scheduled__2023-07-25T14:40:00+00:00 [queued]>
[2023-07-25 20:38:32,595] {taskinstance.py:1376} INFO - 
--------------------------------------------------------------------------------
[2023-07-25 20:38:32,596] {taskinstance.py:1377} INFO - Starting attempt 1 of 1
[2023-07-25 20:38:32,597] {taskinstance.py:1378} INFO - 
--------------------------------------------------------------------------------
[2023-07-25 20:38:32,623] {taskinstance.py:1397} INFO - Executing <Task(PythonOperator): fetch_exchange_rates_task> on 2023-07-25 14:40:00+00:00
[2023-07-25 20:38:32,632] {standard_task_runner.py:52} INFO - Started process 9250 to run task
[2023-07-25 20:38:32,643] {standard_task_runner.py:79} INFO - Running: ['***', 'tasks', 'run', 'fetch_exchange_rates_dag', 'fetch_exchange_rates_task', 'scheduled__2023-07-25T14:40:00+00:00', '--job-id', '186', '--raw', '--subdir', 'DAGS_FOLDER/my_calc_rates.py', '--cfg-path', '/tmp/tmpr9caf9h5', '--error-file', '/tmp/tmpgfxdkyey']
[2023-07-25 20:38:32,645] {standard_task_runner.py:80} INFO - Job 186: Subtask fetch_exchange_rates_task
[2023-07-25 20:38:32,769] {task_command.py:371} INFO - Running <TaskInstance: fetch_exchange_rates_dag.fetch_exchange_rates_task scheduled__2023-07-25T14:40:00+00:00 [running]> on host 661c8d62a693
[2023-07-25 20:38:32,873] {taskinstance.py:1591} INFO - Exporting the following env vars:
AIRFLOW_CTX_DAG_OWNER=marina_z
AIRFLOW_CTX_DAG_ID=fetch_exchange_rates_dag
AIRFLOW_CTX_TASK_ID=fetch_exchange_rates_task
AIRFLOW_CTX_EXECUTION_DATE=2023-07-25T14:40:00+00:00
AIRFLOW_CTX_TRY_NUMBER=1
AIRFLOW_CTX_DAG_RUN_ID=scheduled__2023-07-25T14:40:00+00:00
[2023-07-25 20:38:34,462] {taskinstance.py:1909} ERROR - Task failed with exception
Traceback (most recent call last):
  File "/home/airflow/.local/lib/python3.7/site-packages/airflow/operators/python.py", line 171, in execute
    return_value = self.execute_callable()
  File "/home/airflow/.local/lib/python3.7/site-packages/airflow/operators/python.py", line 189, in execute_callable
    return self.python_callable(*self.op_args, **self.op_kwargs)
  File "/opt/airflow/dags/my_calc_rates.py", line 69, in fetch_exchange_rates
    load_to_postgres = PostgresOperator(
NameError: name 'PostgresOperator' is not defined
[2023-07-25 20:38:34,477] {taskinstance.py:1420} INFO - Marking task as FAILED. dag_id=fetch_exchange_rates_dag, task_id=fetch_exchange_rates_task, execution_date=20230725T144000, start_date=20230725T203832, end_date=20230725T203834
[2023-07-25 20:38:34,489] {standard_task_runner.py:97} ERROR - Failed to execute job 186 for task fetch_exchange_rates_task (name 'PostgresOperator' is not defined; 9250)
[2023-07-25 20:38:34,504] {local_task_job.py:156} INFO - Task exited with return code 1
[2023-07-25 20:38:34,529] {local_task_job.py:273} INFO - 0 downstream tasks scheduled from follow-on schedule check
[2023-07-26 05:05:49,101] {taskinstance.py:1179} INFO - Dependencies all met for <TaskInstance: fetch_exchange_rates_dag.fetch_exchange_rates_task scheduled__2023-07-25T14:40:00+00:00 [queued]>
[2023-07-26 05:05:49,181] {taskinstance.py:1179} INFO - Dependencies all met for <TaskInstance: fetch_exchange_rates_dag.fetch_exchange_rates_task scheduled__2023-07-25T14:40:00+00:00 [queued]>
[2023-07-26 05:05:49,183] {taskinstance.py:1376} INFO - 
--------------------------------------------------------------------------------
[2023-07-26 05:05:49,190] {taskinstance.py:1377} INFO - Starting attempt 1 of 1
[2023-07-26 05:05:49,193] {taskinstance.py:1378} INFO - 
--------------------------------------------------------------------------------
[2023-07-26 05:05:49,252] {taskinstance.py:1397} INFO - Executing <Task(PythonOperator): fetch_exchange_rates_task> on 2023-07-25 14:40:00+00:00
[2023-07-26 05:05:49,272] {standard_task_runner.py:79} INFO - Running: ['***', 'tasks', 'run', 'fetch_exchange_rates_dag', 'fetch_exchange_rates_task', 'scheduled__2023-07-25T14:40:00+00:00', '--job-id', '323', '--raw', '--subdir', 'DAGS_FOLDER/my_calc_rates.py', '--cfg-path', '/tmp/tmpem85r9fp', '--error-file', '/tmp/tmpca621vmp']
[2023-07-26 05:05:49,283] {standard_task_runner.py:80} INFO - Job 323: Subtask fetch_exchange_rates_task
[2023-07-26 05:05:49,272] {standard_task_runner.py:52} INFO - Started process 1319 to run task
[2023-07-26 05:05:49,620] {task_command.py:371} INFO - Running <TaskInstance: fetch_exchange_rates_dag.fetch_exchange_rates_task scheduled__2023-07-25T14:40:00+00:00 [running]> on host acb6bca32630
[2023-07-26 05:05:49,920] {taskinstance.py:1591} INFO - Exporting the following env vars:
AIRFLOW_CTX_DAG_OWNER=marina_z
AIRFLOW_CTX_DAG_ID=fetch_exchange_rates_dag
AIRFLOW_CTX_TASK_ID=fetch_exchange_rates_task
AIRFLOW_CTX_EXECUTION_DATE=2023-07-25T14:40:00+00:00
AIRFLOW_CTX_TRY_NUMBER=1
AIRFLOW_CTX_DAG_RUN_ID=scheduled__2023-07-25T14:40:00+00:00
[2023-07-26 05:05:50,397] {logging_mixin.py:115} INFO - Save a new file exchange_latest_BTC.csv
[2023-07-26 05:05:50,401] {logging_mixin.py:115} INFO - Create a new table exchange_latest_BTC
[2023-07-26 05:05:50,410] {logging_mixin.py:115} INFO - Insert into table exchange_latest_BTC
[2023-07-26 05:05:50,861] {logging_mixin.py:115} INFO - Save a new file exchange_latest_EUR.csv
[2023-07-26 05:05:50,863] {logging_mixin.py:115} INFO - Create a new table exchange_latest_EUR
[2023-07-26 05:05:50,875] {logging_mixin.py:115} INFO - Insert into table exchange_latest_EUR
[2023-07-26 05:05:51,352] {logging_mixin.py:115} INFO - Save a new file exchange_latest_GBR.csv
[2023-07-26 05:05:51,353] {logging_mixin.py:115} INFO - Create a new table exchange_latest_GBR
[2023-07-26 05:05:51,359] {logging_mixin.py:115} INFO - Insert into table exchange_latest_GBR
[2023-07-26 05:05:51,853] {logging_mixin.py:115} INFO - Save a new file exchange_latest_JPY.csv
[2023-07-26 05:05:51,854] {logging_mixin.py:115} INFO - Create a new table exchange_latest_JPY
[2023-07-26 05:05:51,868] {logging_mixin.py:115} INFO - Insert into table exchange_latest_JPY
[2023-07-26 05:05:52,286] {logging_mixin.py:115} INFO - Save a new file exchange_latest_CNY.csv
[2023-07-26 05:05:52,289] {logging_mixin.py:115} INFO - Create a new table exchange_latest_CNY
[2023-07-26 05:05:52,304] {logging_mixin.py:115} INFO - Insert into table exchange_latest_CNY
[2023-07-26 05:05:52,335] {python.py:173} INFO - Done. Returned value was: None
[2023-07-26 05:05:52,403] {taskinstance.py:1420} INFO - Marking task as SUCCESS. dag_id=fetch_exchange_rates_dag, task_id=fetch_exchange_rates_task, execution_date=20230725T144000, start_date=20230726T050549, end_date=20230726T050552
[2023-07-26 05:05:52,682] {local_task_job.py:156} INFO - Task exited with return code 0
[2023-07-26 05:05:52,993] {local_task_job.py:273} INFO - 1 downstream tasks scheduled from follow-on schedule check
