[2023-07-25 20:38:24,718] {taskinstance.py:1179} INFO - Dependencies all met for <TaskInstance: fetch_exchange_rates_dag.fetch_exchange_rates_task scheduled__2023-07-25T13:00:00+00:00 [queued]>
[2023-07-25 20:38:24,734] {taskinstance.py:1179} INFO - Dependencies all met for <TaskInstance: fetch_exchange_rates_dag.fetch_exchange_rates_task scheduled__2023-07-25T13:00:00+00:00 [queued]>
[2023-07-25 20:38:24,735] {taskinstance.py:1376} INFO - 
--------------------------------------------------------------------------------
[2023-07-25 20:38:24,736] {taskinstance.py:1377} INFO - Starting attempt 1 of 1
[2023-07-25 20:38:24,737] {taskinstance.py:1378} INFO - 
--------------------------------------------------------------------------------
[2023-07-25 20:38:24,784] {taskinstance.py:1397} INFO - Executing <Task(PythonOperator): fetch_exchange_rates_task> on 2023-07-25 13:00:00+00:00
[2023-07-25 20:38:24,802] {standard_task_runner.py:52} INFO - Started process 9212 to run task
[2023-07-25 20:38:24,828] {standard_task_runner.py:79} INFO - Running: ['***', 'tasks', 'run', 'fetch_exchange_rates_dag', 'fetch_exchange_rates_task', 'scheduled__2023-07-25T13:00:00+00:00', '--job-id', '176', '--raw', '--subdir', 'DAGS_FOLDER/my_calc_rates.py', '--cfg-path', '/tmp/tmpxxeat8jp', '--error-file', '/tmp/tmp5xvpy_dx']
[2023-07-25 20:38:24,831] {standard_task_runner.py:80} INFO - Job 176: Subtask fetch_exchange_rates_task
[2023-07-25 20:38:24,981] {task_command.py:371} INFO - Running <TaskInstance: fetch_exchange_rates_dag.fetch_exchange_rates_task scheduled__2023-07-25T13:00:00+00:00 [running]> on host 661c8d62a693
[2023-07-25 20:38:25,173] {taskinstance.py:1591} INFO - Exporting the following env vars:
AIRFLOW_CTX_DAG_OWNER=marina_z
AIRFLOW_CTX_DAG_ID=fetch_exchange_rates_dag
AIRFLOW_CTX_TASK_ID=fetch_exchange_rates_task
AIRFLOW_CTX_EXECUTION_DATE=2023-07-25T13:00:00+00:00
AIRFLOW_CTX_TRY_NUMBER=1
AIRFLOW_CTX_DAG_RUN_ID=scheduled__2023-07-25T13:00:00+00:00
[2023-07-25 20:38:26,809] {taskinstance.py:1909} ERROR - Task failed with exception
Traceback (most recent call last):
  File "/home/airflow/.local/lib/python3.7/site-packages/airflow/operators/python.py", line 171, in execute
    return_value = self.execute_callable()
  File "/home/airflow/.local/lib/python3.7/site-packages/airflow/operators/python.py", line 189, in execute_callable
    return self.python_callable(*self.op_args, **self.op_kwargs)
  File "/opt/airflow/dags/my_calc_rates.py", line 69, in fetch_exchange_rates
    load_to_postgres = PostgresOperator(
NameError: name 'PostgresOperator' is not defined
[2023-07-25 20:38:26,833] {taskinstance.py:1420} INFO - Marking task as FAILED. dag_id=fetch_exchange_rates_dag, task_id=fetch_exchange_rates_task, execution_date=20230725T130000, start_date=20230725T203824, end_date=20230725T203826
[2023-07-25 20:38:26,849] {standard_task_runner.py:97} ERROR - Failed to execute job 176 for task fetch_exchange_rates_task (name 'PostgresOperator' is not defined; 9212)
[2023-07-25 20:38:26,889] {local_task_job.py:156} INFO - Task exited with return code 1
[2023-07-25 20:38:26,930] {local_task_job.py:273} INFO - 0 downstream tasks scheduled from follow-on schedule check
[2023-07-26 05:05:21,954] {taskinstance.py:1179} INFO - Dependencies all met for <TaskInstance: fetch_exchange_rates_dag.fetch_exchange_rates_task scheduled__2023-07-25T13:00:00+00:00 [queued]>
[2023-07-26 05:05:22,000] {taskinstance.py:1179} INFO - Dependencies all met for <TaskInstance: fetch_exchange_rates_dag.fetch_exchange_rates_task scheduled__2023-07-25T13:00:00+00:00 [queued]>
[2023-07-26 05:05:22,002] {taskinstance.py:1376} INFO - 
--------------------------------------------------------------------------------
[2023-07-26 05:05:22,002] {taskinstance.py:1377} INFO - Starting attempt 1 of 1
[2023-07-26 05:05:22,003] {taskinstance.py:1378} INFO - 
--------------------------------------------------------------------------------
[2023-07-26 05:05:22,133] {taskinstance.py:1397} INFO - Executing <Task(PythonOperator): fetch_exchange_rates_task> on 2023-07-25 13:00:00+00:00
[2023-07-26 05:05:22,173] {standard_task_runner.py:52} INFO - Started process 1125 to run task
[2023-07-26 05:05:22,178] {standard_task_runner.py:79} INFO - Running: ['***', 'tasks', 'run', 'fetch_exchange_rates_dag', 'fetch_exchange_rates_task', 'scheduled__2023-07-25T13:00:00+00:00', '--job-id', '270', '--raw', '--subdir', 'DAGS_FOLDER/my_calc_rates.py', '--cfg-path', '/tmp/tmpav3ewpjs', '--error-file', '/tmp/tmp4r5_xsnm']
[2023-07-26 05:05:22,183] {standard_task_runner.py:80} INFO - Job 270: Subtask fetch_exchange_rates_task
[2023-07-26 05:05:22,576] {task_command.py:371} INFO - Running <TaskInstance: fetch_exchange_rates_dag.fetch_exchange_rates_task scheduled__2023-07-25T13:00:00+00:00 [running]> on host acb6bca32630
[2023-07-26 05:05:23,213] {taskinstance.py:1591} INFO - Exporting the following env vars:
AIRFLOW_CTX_DAG_OWNER=marina_z
AIRFLOW_CTX_DAG_ID=fetch_exchange_rates_dag
AIRFLOW_CTX_TASK_ID=fetch_exchange_rates_task
AIRFLOW_CTX_EXECUTION_DATE=2023-07-25T13:00:00+00:00
AIRFLOW_CTX_TRY_NUMBER=1
AIRFLOW_CTX_DAG_RUN_ID=scheduled__2023-07-25T13:00:00+00:00
[2023-07-26 05:05:23,830] {logging_mixin.py:115} INFO - Save a new file exchange_latest_BTC.csv
[2023-07-26 05:05:23,835] {logging_mixin.py:115} INFO - Create a new table exchange_latest_BTC
[2023-07-26 05:05:23,846] {logging_mixin.py:115} INFO - Insert into table exchange_latest_BTC
[2023-07-26 05:05:24,396] {logging_mixin.py:115} INFO - Save a new file exchange_latest_EUR.csv
[2023-07-26 05:05:24,402] {logging_mixin.py:115} INFO - Create a new table exchange_latest_EUR
[2023-07-26 05:05:24,411] {logging_mixin.py:115} INFO - Insert into table exchange_latest_EUR
[2023-07-26 05:05:24,796] {logging_mixin.py:115} INFO - Save a new file exchange_latest_GBR.csv
[2023-07-26 05:05:24,796] {logging_mixin.py:115} INFO - Create a new table exchange_latest_GBR
[2023-07-26 05:05:24,804] {logging_mixin.py:115} INFO - Insert into table exchange_latest_GBR
[2023-07-26 05:05:25,195] {logging_mixin.py:115} INFO - Save a new file exchange_latest_JPY.csv
[2023-07-26 05:05:25,196] {logging_mixin.py:115} INFO - Create a new table exchange_latest_JPY
[2023-07-26 05:05:25,206] {logging_mixin.py:115} INFO - Insert into table exchange_latest_JPY
[2023-07-26 05:05:25,630] {logging_mixin.py:115} INFO - Save a new file exchange_latest_CNY.csv
[2023-07-26 05:05:25,632] {logging_mixin.py:115} INFO - Create a new table exchange_latest_CNY
[2023-07-26 05:05:25,637] {logging_mixin.py:115} INFO - Insert into table exchange_latest_CNY
[2023-07-26 05:05:25,653] {python.py:173} INFO - Done. Returned value was: None
[2023-07-26 05:05:25,763] {taskinstance.py:1420} INFO - Marking task as SUCCESS. dag_id=fetch_exchange_rates_dag, task_id=fetch_exchange_rates_task, execution_date=20230725T130000, start_date=20230726T050521, end_date=20230726T050525
[2023-07-26 05:05:25,955] {local_task_job.py:156} INFO - Task exited with return code 0
[2023-07-26 05:05:26,233] {local_task_job.py:273} INFO - 1 downstream tasks scheduled from follow-on schedule check
