[2023-07-25 20:38:51,436] {taskinstance.py:1179} INFO - Dependencies all met for <TaskInstance: fetch_exchange_rates_dag.fetch_exchange_rates_task scheduled__2023-07-25T20:00:00+00:00 [queued]>
[2023-07-25 20:38:51,450] {taskinstance.py:1179} INFO - Dependencies all met for <TaskInstance: fetch_exchange_rates_dag.fetch_exchange_rates_task scheduled__2023-07-25T20:00:00+00:00 [queued]>
[2023-07-25 20:38:51,452] {taskinstance.py:1376} INFO - 
--------------------------------------------------------------------------------
[2023-07-25 20:38:51,453] {taskinstance.py:1377} INFO - Starting attempt 1 of 1
[2023-07-25 20:38:51,454] {taskinstance.py:1378} INFO - 
--------------------------------------------------------------------------------
[2023-07-25 20:38:51,470] {taskinstance.py:1397} INFO - Executing <Task(PythonOperator): fetch_exchange_rates_task> on 2023-07-25 20:00:00+00:00
[2023-07-25 20:38:51,480] {standard_task_runner.py:52} INFO - Started process 9348 to run task
[2023-07-25 20:38:51,488] {standard_task_runner.py:79} INFO - Running: ['***', 'tasks', 'run', 'fetch_exchange_rates_dag', 'fetch_exchange_rates_task', 'scheduled__2023-07-25T20:00:00+00:00', '--job-id', '218', '--raw', '--subdir', 'DAGS_FOLDER/my_calc_rates.py', '--cfg-path', '/tmp/tmpbna61pl1', '--error-file', '/tmp/tmphqr246__']
[2023-07-25 20:38:51,490] {standard_task_runner.py:80} INFO - Job 218: Subtask fetch_exchange_rates_task
[2023-07-25 20:38:51,595] {task_command.py:371} INFO - Running <TaskInstance: fetch_exchange_rates_dag.fetch_exchange_rates_task scheduled__2023-07-25T20:00:00+00:00 [running]> on host 661c8d62a693
[2023-07-25 20:38:51,680] {taskinstance.py:1591} INFO - Exporting the following env vars:
AIRFLOW_CTX_DAG_OWNER=marina_z
AIRFLOW_CTX_DAG_ID=fetch_exchange_rates_dag
AIRFLOW_CTX_TASK_ID=fetch_exchange_rates_task
AIRFLOW_CTX_EXECUTION_DATE=2023-07-25T20:00:00+00:00
AIRFLOW_CTX_TRY_NUMBER=1
AIRFLOW_CTX_DAG_RUN_ID=scheduled__2023-07-25T20:00:00+00:00
[2023-07-25 20:38:53,330] {taskinstance.py:1909} ERROR - Task failed with exception
Traceback (most recent call last):
  File "/home/airflow/.local/lib/python3.7/site-packages/airflow/operators/python.py", line 171, in execute
    return_value = self.execute_callable()
  File "/home/airflow/.local/lib/python3.7/site-packages/airflow/operators/python.py", line 189, in execute_callable
    return self.python_callable(*self.op_args, **self.op_kwargs)
  File "/opt/airflow/dags/my_calc_rates.py", line 69, in fetch_exchange_rates
    load_to_postgres = PostgresOperator(
NameError: name 'PostgresOperator' is not defined
[2023-07-25 20:38:53,345] {taskinstance.py:1420} INFO - Marking task as FAILED. dag_id=fetch_exchange_rates_dag, task_id=fetch_exchange_rates_task, execution_date=20230725T200000, start_date=20230725T203851, end_date=20230725T203853
[2023-07-25 20:38:53,361] {standard_task_runner.py:97} ERROR - Failed to execute job 218 for task fetch_exchange_rates_task (name 'PostgresOperator' is not defined; 9348)
[2023-07-25 20:38:53,384] {local_task_job.py:156} INFO - Task exited with return code 1
[2023-07-25 20:38:53,416] {local_task_job.py:273} INFO - 0 downstream tasks scheduled from follow-on schedule check
[2023-07-26 05:06:47,921] {taskinstance.py:1179} INFO - Dependencies all met for <TaskInstance: fetch_exchange_rates_dag.fetch_exchange_rates_task scheduled__2023-07-25T20:00:00+00:00 [queued]>
[2023-07-26 05:06:47,989] {taskinstance.py:1179} INFO - Dependencies all met for <TaskInstance: fetch_exchange_rates_dag.fetch_exchange_rates_task scheduled__2023-07-25T20:00:00+00:00 [queued]>
[2023-07-26 05:06:47,994] {taskinstance.py:1376} INFO - 
--------------------------------------------------------------------------------
[2023-07-26 05:06:47,995] {taskinstance.py:1377} INFO - Starting attempt 1 of 1
[2023-07-26 05:06:47,996] {taskinstance.py:1378} INFO - 
--------------------------------------------------------------------------------
[2023-07-26 05:06:48,063] {taskinstance.py:1397} INFO - Executing <Task(PythonOperator): fetch_exchange_rates_task> on 2023-07-25 20:00:00+00:00
[2023-07-26 05:06:48,087] {standard_task_runner.py:52} INFO - Started process 1725 to run task
[2023-07-26 05:06:48,119] {standard_task_runner.py:79} INFO - Running: ['***', 'tasks', 'run', 'fetch_exchange_rates_dag', 'fetch_exchange_rates_task', 'scheduled__2023-07-25T20:00:00+00:00', '--job-id', '441', '--raw', '--subdir', 'DAGS_FOLDER/my_calc_rates.py', '--cfg-path', '/tmp/tmp20hrf1hw', '--error-file', '/tmp/tmp1e0zaxvi']
[2023-07-26 05:06:48,136] {standard_task_runner.py:80} INFO - Job 441: Subtask fetch_exchange_rates_task
[2023-07-26 05:06:48,401] {task_command.py:371} INFO - Running <TaskInstance: fetch_exchange_rates_dag.fetch_exchange_rates_task scheduled__2023-07-25T20:00:00+00:00 [running]> on host acb6bca32630
[2023-07-26 05:06:48,762] {taskinstance.py:1591} INFO - Exporting the following env vars:
AIRFLOW_CTX_DAG_OWNER=marina_z
AIRFLOW_CTX_DAG_ID=fetch_exchange_rates_dag
AIRFLOW_CTX_TASK_ID=fetch_exchange_rates_task
AIRFLOW_CTX_EXECUTION_DATE=2023-07-25T20:00:00+00:00
AIRFLOW_CTX_TRY_NUMBER=1
AIRFLOW_CTX_DAG_RUN_ID=scheduled__2023-07-25T20:00:00+00:00
[2023-07-26 05:06:49,326] {logging_mixin.py:115} INFO - Save a new file exchange_latest_BTC.csv
[2023-07-26 05:06:49,327] {logging_mixin.py:115} INFO - Create a new table exchange_latest_BTC
[2023-07-26 05:06:49,336] {logging_mixin.py:115} INFO - Insert into table exchange_latest_BTC
[2023-07-26 05:06:49,735] {logging_mixin.py:115} INFO - Save a new file exchange_latest_EUR.csv
[2023-07-26 05:06:49,736] {logging_mixin.py:115} INFO - Create a new table exchange_latest_EUR
[2023-07-26 05:06:49,742] {logging_mixin.py:115} INFO - Insert into table exchange_latest_EUR
[2023-07-26 05:06:50,099] {logging_mixin.py:115} INFO - Save a new file exchange_latest_GBR.csv
[2023-07-26 05:06:50,101] {logging_mixin.py:115} INFO - Create a new table exchange_latest_GBR
[2023-07-26 05:06:50,110] {logging_mixin.py:115} INFO - Insert into table exchange_latest_GBR
[2023-07-26 05:06:50,498] {logging_mixin.py:115} INFO - Save a new file exchange_latest_JPY.csv
[2023-07-26 05:06:50,502] {logging_mixin.py:115} INFO - Create a new table exchange_latest_JPY
[2023-07-26 05:06:50,515] {logging_mixin.py:115} INFO - Insert into table exchange_latest_JPY
[2023-07-26 05:06:50,895] {logging_mixin.py:115} INFO - Save a new file exchange_latest_CNY.csv
[2023-07-26 05:06:50,896] {logging_mixin.py:115} INFO - Create a new table exchange_latest_CNY
[2023-07-26 05:06:50,910] {logging_mixin.py:115} INFO - Insert into table exchange_latest_CNY
[2023-07-26 05:06:50,929] {python.py:173} INFO - Done. Returned value was: None
[2023-07-26 05:06:51,266] {taskinstance.py:1420} INFO - Marking task as SUCCESS. dag_id=fetch_exchange_rates_dag, task_id=fetch_exchange_rates_task, execution_date=20230725T200000, start_date=20230726T050647, end_date=20230726T050651
[2023-07-26 05:06:51,363] {local_task_job.py:156} INFO - Task exited with return code 0
[2023-07-26 05:06:51,556] {local_task_job.py:273} INFO - 1 downstream tasks scheduled from follow-on schedule check
