[2023-07-26 05:06:45,001] {taskinstance.py:1179} INFO - Dependencies all met for <TaskInstance: fetch_exchange_rates_dag.bash_task scheduled__2023-07-25T20:10:00+00:00 [queued]>
[2023-07-26 05:06:45,042] {taskinstance.py:1179} INFO - Dependencies all met for <TaskInstance: fetch_exchange_rates_dag.bash_task scheduled__2023-07-25T20:10:00+00:00 [queued]>
[2023-07-26 05:06:45,047] {taskinstance.py:1376} INFO - 
--------------------------------------------------------------------------------
[2023-07-26 05:06:45,049] {taskinstance.py:1377} INFO - Starting attempt 1 of 1
[2023-07-26 05:06:45,050] {taskinstance.py:1378} INFO - 
--------------------------------------------------------------------------------
[2023-07-26 05:06:45,107] {taskinstance.py:1397} INFO - Executing <Task(BashOperator): bash_task> on 2023-07-25 20:10:00+00:00
[2023-07-26 05:06:45,116] {standard_task_runner.py:52} INFO - Started process 1688 to run task
[2023-07-26 05:06:45,127] {standard_task_runner.py:79} INFO - Running: ['***', 'tasks', 'run', 'fetch_exchange_rates_dag', 'bash_task', 'scheduled__2023-07-25T20:10:00+00:00', '--job-id', '433', '--raw', '--subdir', 'DAGS_FOLDER/my_calc_rates.py', '--cfg-path', '/tmp/tmperq4aadr', '--error-file', '/tmp/tmpq7mhrm_b']
[2023-07-26 05:06:45,131] {standard_task_runner.py:80} INFO - Job 433: Subtask bash_task
[2023-07-26 05:06:45,391] {task_command.py:371} INFO - Running <TaskInstance: fetch_exchange_rates_dag.bash_task scheduled__2023-07-25T20:10:00+00:00 [running]> on host acb6bca32630
[2023-07-26 05:06:45,590] {taskinstance.py:1591} INFO - Exporting the following env vars:
AIRFLOW_CTX_DAG_OWNER=***
AIRFLOW_CTX_DAG_ID=fetch_exchange_rates_dag
AIRFLOW_CTX_TASK_ID=bash_task
AIRFLOW_CTX_EXECUTION_DATE=2023-07-25T20:10:00+00:00
AIRFLOW_CTX_TRY_NUMBER=1
AIRFLOW_CTX_DAG_RUN_ID=scheduled__2023-07-25T20:10:00+00:00
[2023-07-26 05:06:45,593] {subprocess.py:62} INFO - Tmp dir root location: 
 /tmp
[2023-07-26 05:06:45,594] {subprocess.py:74} INFO - Running command: ['bash', '-c', 'echo "Good morning my diggers!"']
[2023-07-26 05:06:45,619] {subprocess.py:85} INFO - Output:
[2023-07-26 05:06:45,626] {subprocess.py:92} INFO - Good morning my diggers!
[2023-07-26 05:06:45,632] {subprocess.py:96} INFO - Command exited with return code 0
[2023-07-26 05:06:45,688] {taskinstance.py:1420} INFO - Marking task as SUCCESS. dag_id=fetch_exchange_rates_dag, task_id=bash_task, execution_date=20230725T201000, start_date=20230726T050645, end_date=20230726T050645
[2023-07-26 05:06:45,755] {local_task_job.py:156} INFO - Task exited with return code 0
[2023-07-26 05:06:45,881] {local_task_job.py:273} INFO - 1 downstream tasks scheduled from follow-on schedule check
