[2023-07-26 05:03:29,143] {taskinstance.py:1179} INFO - Dependencies all met for <TaskInstance: fetch_exchange_rates_dag.create_total_exchange_rates_table scheduled__2023-07-25T02:00:00+00:00 [queued]>
[2023-07-26 05:03:29,171] {taskinstance.py:1179} INFO - Dependencies all met for <TaskInstance: fetch_exchange_rates_dag.create_total_exchange_rates_table scheduled__2023-07-25T02:00:00+00:00 [queued]>
[2023-07-26 05:03:29,173] {taskinstance.py:1376} INFO - 
--------------------------------------------------------------------------------
[2023-07-26 05:03:29,174] {taskinstance.py:1377} INFO - Starting attempt 1 of 1
[2023-07-26 05:03:29,175] {taskinstance.py:1378} INFO - 
--------------------------------------------------------------------------------
[2023-07-26 05:03:29,219] {taskinstance.py:1397} INFO - Executing <Task(PythonOperator): create_total_exchange_rates_table> on 2023-07-25 02:00:00+00:00
[2023-07-26 05:03:29,266] {standard_task_runner.py:52} INFO - Started process 300 to run task
[2023-07-26 05:03:29,279] {standard_task_runner.py:79} INFO - Running: ['***', 'tasks', 'run', 'fetch_exchange_rates_dag', 'create_total_exchange_rates_table', 'scheduled__2023-07-25T02:00:00+00:00', '--job-id', '42', '--raw', '--subdir', 'DAGS_FOLDER/my_calc_rates.py', '--cfg-path', '/tmp/tmpbjpe5fw4', '--error-file', '/tmp/tmpt73btve_']
[2023-07-26 05:03:29,296] {standard_task_runner.py:80} INFO - Job 42: Subtask create_total_exchange_rates_table
[2023-07-26 05:03:29,577] {task_command.py:371} INFO - Running <TaskInstance: fetch_exchange_rates_dag.create_total_exchange_rates_table scheduled__2023-07-25T02:00:00+00:00 [running]> on host acb6bca32630
[2023-07-26 05:03:29,729] {taskinstance.py:1591} INFO - Exporting the following env vars:
AIRFLOW_CTX_DAG_OWNER=marina_z
AIRFLOW_CTX_DAG_ID=fetch_exchange_rates_dag
AIRFLOW_CTX_TASK_ID=create_total_exchange_rates_table
AIRFLOW_CTX_EXECUTION_DATE=2023-07-25T02:00:00+00:00
AIRFLOW_CTX_TRY_NUMBER=1
AIRFLOW_CTX_DAG_RUN_ID=scheduled__2023-07-25T02:00:00+00:00
[2023-07-26 05:03:29,731] {logging_mixin.py:115} INFO - The table total_exchange_rates is created and saved
[2023-07-26 05:03:29,767] {python.py:173} INFO - Done. Returned value was: None
[2023-07-26 05:03:29,833] {taskinstance.py:1420} INFO - Marking task as SUCCESS. dag_id=fetch_exchange_rates_dag, task_id=create_total_exchange_rates_table, execution_date=20230725T020000, start_date=20230726T050329, end_date=20230726T050329
[2023-07-26 05:03:29,981] {local_task_job.py:156} INFO - Task exited with return code 0
[2023-07-26 05:03:30,045] {local_task_job.py:273} INFO - 1 downstream tasks scheduled from follow-on schedule check
