[2023-07-26 04:18:25,203] {taskinstance.py:1179} INFO - Dependencies all met for <TaskInstance: fetch_exchange_rates_dag.print_csv_table scheduled__2023-07-26T00:50:00+00:00 [queued]>
[2023-07-26 04:18:25,295] {taskinstance.py:1179} INFO - Dependencies all met for <TaskInstance: fetch_exchange_rates_dag.print_csv_table scheduled__2023-07-26T00:50:00+00:00 [queued]>
[2023-07-26 04:18:25,297] {taskinstance.py:1376} INFO - 
--------------------------------------------------------------------------------
[2023-07-26 04:18:25,300] {taskinstance.py:1377} INFO - Starting attempt 1 of 1
[2023-07-26 04:18:25,303] {taskinstance.py:1378} INFO - 
--------------------------------------------------------------------------------
[2023-07-26 04:18:25,404] {taskinstance.py:1397} INFO - Executing <Task(PythonOperator): print_csv_table> on 2023-07-26 00:50:00+00:00
[2023-07-26 04:18:25,445] {standard_task_runner.py:79} INFO - Running: ['***', 'tasks', 'run', 'fetch_exchange_rates_dag', 'print_csv_table', 'scheduled__2023-07-26T00:50:00+00:00', '--job-id', '73', '--raw', '--subdir', 'DAGS_FOLDER/my_calc_rates.py', '--cfg-path', '/tmp/tmpyiivmyug', '--error-file', '/tmp/tmpzjj7ksg4']
[2023-07-26 04:18:25,448] {standard_task_runner.py:80} INFO - Job 73: Subtask print_csv_table
[2023-07-26 04:18:25,454] {standard_task_runner.py:52} INFO - Started process 7112 to run task
[2023-07-26 04:18:25,737] {task_command.py:371} INFO - Running <TaskInstance: fetch_exchange_rates_dag.print_csv_table scheduled__2023-07-26T00:50:00+00:00 [running]> on host 6e11a261c833
[2023-07-26 04:18:26,059] {taskinstance.py:1591} INFO - Exporting the following env vars:
AIRFLOW_CTX_DAG_OWNER=marina_z
AIRFLOW_CTX_DAG_ID=fetch_exchange_rates_dag
AIRFLOW_CTX_TASK_ID=print_csv_table
AIRFLOW_CTX_EXECUTION_DATE=2023-07-26T00:50:00+00:00
AIRFLOW_CTX_TRY_NUMBER=1
AIRFLOW_CTX_DAG_RUN_ID=scheduled__2023-07-26T00:50:00+00:00
[2023-07-26 04:18:26,183] {logging_mixin.py:115} INFO -   exchange_id  exchange_rate base_exchange        date
0         RUB   2.622164e+06           BTC  2023-07-26
1         RUB   9.960367e+01           EUR  2023-07-26
2         RUB   9.964221e+01           EUR  2023-07-26
3         RUB   6.397940e-01           JPY  2023-07-26
4         RUB   1.263880e+01           CNY  2023-07-26
[2023-07-26 04:18:26,184] {python.py:173} INFO - Done. Returned value was: None
[2023-07-26 04:18:26,249] {taskinstance.py:1420} INFO - Marking task as SUCCESS. dag_id=fetch_exchange_rates_dag, task_id=print_csv_table, execution_date=20230726T005000, start_date=20230726T041825, end_date=20230726T041826
[2023-07-26 04:18:26,413] {local_task_job.py:156} INFO - Task exited with return code 0
[2023-07-26 04:18:26,581] {local_task_job.py:273} INFO - 0 downstream tasks scheduled from follow-on schedule check
[2023-07-26 05:08:00,543] {taskinstance.py:1179} INFO - Dependencies all met for <TaskInstance: fetch_exchange_rates_dag.print_csv_table scheduled__2023-07-26T00:50:00+00:00 [queued]>
[2023-07-26 05:08:00,612] {taskinstance.py:1179} INFO - Dependencies all met for <TaskInstance: fetch_exchange_rates_dag.print_csv_table scheduled__2023-07-26T00:50:00+00:00 [queued]>
[2023-07-26 05:08:00,619] {taskinstance.py:1376} INFO - 
--------------------------------------------------------------------------------
[2023-07-26 05:08:00,627] {taskinstance.py:1377} INFO - Starting attempt 1 of 1
[2023-07-26 05:08:00,630] {taskinstance.py:1378} INFO - 
--------------------------------------------------------------------------------
[2023-07-26 05:08:00,742] {taskinstance.py:1397} INFO - Executing <Task(PythonOperator): print_csv_table> on 2023-07-26 00:50:00+00:00
[2023-07-26 05:08:00,785] {standard_task_runner.py:52} INFO - Started process 2204 to run task
[2023-07-26 05:08:00,873] {standard_task_runner.py:79} INFO - Running: ['***', 'tasks', 'run', 'fetch_exchange_rates_dag', 'print_csv_table', 'scheduled__2023-07-26T00:50:00+00:00', '--job-id', '573', '--raw', '--subdir', 'DAGS_FOLDER/my_calc_rates.py', '--cfg-path', '/tmp/tmpl2th1gmp', '--error-file', '/tmp/tmpbe43aw1n']
[2023-07-26 05:08:00,875] {standard_task_runner.py:80} INFO - Job 573: Subtask print_csv_table
[2023-07-26 05:08:01,272] {task_command.py:371} INFO - Running <TaskInstance: fetch_exchange_rates_dag.print_csv_table scheduled__2023-07-26T00:50:00+00:00 [running]> on host acb6bca32630
[2023-07-26 05:08:01,536] {taskinstance.py:1591} INFO - Exporting the following env vars:
AIRFLOW_CTX_DAG_OWNER=marina_z
AIRFLOW_CTX_DAG_ID=fetch_exchange_rates_dag
AIRFLOW_CTX_TASK_ID=print_csv_table
AIRFLOW_CTX_EXECUTION_DATE=2023-07-26T00:50:00+00:00
AIRFLOW_CTX_TRY_NUMBER=1
AIRFLOW_CTX_DAG_RUN_ID=scheduled__2023-07-26T00:50:00+00:00
[2023-07-26 05:08:01,623] {logging_mixin.py:115} INFO -   exchange_id  exchange_rate base_exchange        date
0         RUB     2622163.50           BTC  2023-07-26
1         RUB          99.60           EUR  2023-07-26
2         RUB          99.64           EUR  2023-07-26
3         RUB           0.64           JPY  2023-07-26
4         RUB          12.64           CNY  2023-07-26
[2023-07-26 05:08:01,624] {python.py:173} INFO - Done. Returned value was: None
[2023-07-26 05:08:01,821] {taskinstance.py:1420} INFO - Marking task as SUCCESS. dag_id=fetch_exchange_rates_dag, task_id=print_csv_table, execution_date=20230726T005000, start_date=20230726T050800, end_date=20230726T050801
[2023-07-26 05:08:01,886] {local_task_job.py:156} INFO - Task exited with return code 0
[2023-07-26 05:08:02,009] {local_task_job.py:273} INFO - 0 downstream tasks scheduled from follow-on schedule check
