[2023-07-26 23:53:53,899] {taskinstance.py:1179} INFO - Dependencies all met for <TaskInstance: fetch_exchange_rates_dag.fetch_exchange_rates_task scheduled__2023-07-25T01:50:00+00:00 [queued]>
[2023-07-26 23:53:54,035] {taskinstance.py:1179} INFO - Dependencies all met for <TaskInstance: fetch_exchange_rates_dag.fetch_exchange_rates_task scheduled__2023-07-25T01:50:00+00:00 [queued]>
[2023-07-26 23:53:54,052] {taskinstance.py:1376} INFO - 
--------------------------------------------------------------------------------
[2023-07-26 23:53:54,054] {taskinstance.py:1377} INFO - Starting attempt 1 of 1
[2023-07-26 23:53:54,056] {taskinstance.py:1378} INFO - 
--------------------------------------------------------------------------------
[2023-07-26 23:53:54,240] {taskinstance.py:1397} INFO - Executing <Task(PythonOperator): fetch_exchange_rates_task> on 2023-07-25 01:50:00+00:00
[2023-07-26 23:53:54,309] {standard_task_runner.py:52} INFO - Started process 365 to run task
[2023-07-26 23:53:54,407] {standard_task_runner.py:79} INFO - Running: ['***', 'tasks', 'run', 'fetch_exchange_rates_dag', 'fetch_exchange_rates_task', 'scheduled__2023-07-25T01:50:00+00:00', '--job-id', '26', '--raw', '--subdir', 'DAGS_FOLDER/my_calc_rates.py', '--cfg-path', '/tmp/tmpy070fmms', '--error-file', '/tmp/tmp7xo73u29']
[2023-07-26 23:53:54,417] {standard_task_runner.py:80} INFO - Job 26: Subtask fetch_exchange_rates_task
[2023-07-26 23:53:55,003] {task_command.py:371} INFO - Running <TaskInstance: fetch_exchange_rates_dag.fetch_exchange_rates_task scheduled__2023-07-25T01:50:00+00:00 [running]> on host 43d0198bb36a
[2023-07-26 23:53:55,751] {taskinstance.py:1591} INFO - Exporting the following env vars:
AIRFLOW_CTX_DAG_OWNER=marina_z
AIRFLOW_CTX_DAG_ID=fetch_exchange_rates_dag
AIRFLOW_CTX_TASK_ID=fetch_exchange_rates_task
AIRFLOW_CTX_EXECUTION_DATE=2023-07-25T01:50:00+00:00
AIRFLOW_CTX_TRY_NUMBER=1
AIRFLOW_CTX_DAG_RUN_ID=scheduled__2023-07-25T01:50:00+00:00
[2023-07-26 23:53:56,449] {logging_mixin.py:115} INFO - Save a new file exchange_latest_BTC.csv
[2023-07-26 23:53:56,450] {logging_mixin.py:115} INFO - Create a new table exchange_latest_BTC
[2023-07-26 23:53:56,457] {logging_mixin.py:115} INFO - Insert into table exchange_latest_BTC
[2023-07-26 23:53:56,810] {logging_mixin.py:115} INFO - Save a new file exchange_latest_EUR.csv
[2023-07-26 23:53:56,831] {logging_mixin.py:115} INFO - Create a new table exchange_latest_EUR
[2023-07-26 23:53:56,854] {logging_mixin.py:115} INFO - Insert into table exchange_latest_EUR
[2023-07-26 23:53:57,283] {logging_mixin.py:115} INFO - Save a new file exchange_latest_GBR.csv
[2023-07-26 23:53:57,284] {logging_mixin.py:115} INFO - Create a new table exchange_latest_GBR
[2023-07-26 23:53:57,290] {logging_mixin.py:115} INFO - Insert into table exchange_latest_GBR
[2023-07-26 23:53:57,307] {taskinstance.py:1909} ERROR - Task failed with exception
Traceback (most recent call last):
  File "/home/airflow/.local/lib/python3.7/site-packages/airflow/operators/python.py", line 171, in execute
    return_value = self.execute_callable()
  File "/home/airflow/.local/lib/python3.7/site-packages/airflow/operators/python.py", line 189, in execute_callable
    return self.python_callable(*self.op_args, **self.op_kwargs)
  File "/opt/airflow/dags/my_calc_rates.py", line 99, in fetch_exchange_rates
    cur.execute(copy_query)
psycopg2.errors.InvalidTextRepresentation: invalid input syntax for type numeric: "99,775827"
CONTEXT:  COPY exchange_rates_gbr, line 2, column exchange_rate: "99,775827"

[2023-07-26 23:53:57,336] {taskinstance.py:1420} INFO - Marking task as FAILED. dag_id=fetch_exchange_rates_dag, task_id=fetch_exchange_rates_task, execution_date=20230725T015000, start_date=20230726T235353, end_date=20230726T235357
[2023-07-26 23:53:57,408] {standard_task_runner.py:97} ERROR - Failed to execute job 26 for task fetch_exchange_rates_task (invalid input syntax for type numeric: "99,775827"
CONTEXT:  COPY exchange_rates_gbr, line 2, column exchange_rate: "99,775827"
; 365)
[2023-07-26 23:53:57,450] {local_task_job.py:156} INFO - Task exited with return code 1
[2023-07-26 23:53:57,787] {local_task_job.py:273} INFO - 0 downstream tasks scheduled from follow-on schedule check
