[2023-07-26 04:18:44,553] {taskinstance.py:1179} INFO - Dependencies all met for <TaskInstance: fetch_exchange_rates_dag.create_total_exchange_rates_table scheduled__2023-07-26T03:30:00+00:00 [queued]>
[2023-07-26 04:18:44,574] {taskinstance.py:1179} INFO - Dependencies all met for <TaskInstance: fetch_exchange_rates_dag.create_total_exchange_rates_table scheduled__2023-07-26T03:30:00+00:00 [queued]>
[2023-07-26 04:18:44,575] {taskinstance.py:1376} INFO - 
--------------------------------------------------------------------------------
[2023-07-26 04:18:44,576] {taskinstance.py:1377} INFO - Starting attempt 1 of 1
[2023-07-26 04:18:44,577] {taskinstance.py:1378} INFO - 
--------------------------------------------------------------------------------
[2023-07-26 04:18:44,599] {taskinstance.py:1397} INFO - Executing <Task(PythonOperator): create_total_exchange_rates_table> on 2023-07-26 03:30:00+00:00
[2023-07-26 04:18:44,609] {standard_task_runner.py:52} INFO - Started process 7257 to run task
[2023-07-26 04:18:44,615] {standard_task_runner.py:79} INFO - Running: ['***', 'tasks', 'run', 'fetch_exchange_rates_dag', 'create_total_exchange_rates_table', 'scheduled__2023-07-26T03:30:00+00:00', '--job-id', '119', '--raw', '--subdir', 'DAGS_FOLDER/my_calc_rates.py', '--cfg-path', '/tmp/tmpkz5eiuxw', '--error-file', '/tmp/tmptz5r_gl8']
[2023-07-26 04:18:44,617] {standard_task_runner.py:80} INFO - Job 119: Subtask create_total_exchange_rates_table
[2023-07-26 04:18:44,867] {task_command.py:371} INFO - Running <TaskInstance: fetch_exchange_rates_dag.create_total_exchange_rates_table scheduled__2023-07-26T03:30:00+00:00 [running]> on host 6e11a261c833
[2023-07-26 04:18:45,094] {taskinstance.py:1591} INFO - Exporting the following env vars:
AIRFLOW_CTX_DAG_OWNER=marina_z
AIRFLOW_CTX_DAG_ID=fetch_exchange_rates_dag
AIRFLOW_CTX_TASK_ID=create_total_exchange_rates_table
AIRFLOW_CTX_EXECUTION_DATE=2023-07-26T03:30:00+00:00
AIRFLOW_CTX_TRY_NUMBER=1
AIRFLOW_CTX_DAG_RUN_ID=scheduled__2023-07-26T03:30:00+00:00
[2023-07-26 04:18:45,098] {logging_mixin.py:115} INFO - The table total_exchange_rates is created and saved
[2023-07-26 04:18:45,135] {python.py:173} INFO - Done. Returned value was: None
[2023-07-26 04:18:45,165] {taskinstance.py:1420} INFO - Marking task as SUCCESS. dag_id=fetch_exchange_rates_dag, task_id=create_total_exchange_rates_table, execution_date=20230726T033000, start_date=20230726T041844, end_date=20230726T041845
[2023-07-26 04:18:45,229] {local_task_job.py:156} INFO - Task exited with return code 0
[2023-07-26 04:18:45,313] {local_task_job.py:273} INFO - 1 downstream tasks scheduled from follow-on schedule check
[2023-07-26 05:08:19,588] {taskinstance.py:1179} INFO - Dependencies all met for <TaskInstance: fetch_exchange_rates_dag.create_total_exchange_rates_table scheduled__2023-07-26T03:30:00+00:00 [queued]>
[2023-07-26 05:08:19,615] {taskinstance.py:1179} INFO - Dependencies all met for <TaskInstance: fetch_exchange_rates_dag.create_total_exchange_rates_table scheduled__2023-07-26T03:30:00+00:00 [queued]>
[2023-07-26 05:08:19,616] {taskinstance.py:1376} INFO - 
--------------------------------------------------------------------------------
[2023-07-26 05:08:19,617] {taskinstance.py:1377} INFO - Starting attempt 1 of 1
[2023-07-26 05:08:19,621] {taskinstance.py:1378} INFO - 
--------------------------------------------------------------------------------
[2023-07-26 05:08:19,658] {taskinstance.py:1397} INFO - Executing <Task(PythonOperator): create_total_exchange_rates_table> on 2023-07-26 03:30:00+00:00
[2023-07-26 05:08:19,666] {standard_task_runner.py:52} INFO - Started process 2345 to run task
[2023-07-26 05:08:19,674] {standard_task_runner.py:79} INFO - Running: ['***', 'tasks', 'run', 'fetch_exchange_rates_dag', 'create_total_exchange_rates_table', 'scheduled__2023-07-26T03:30:00+00:00', '--job-id', '618', '--raw', '--subdir', 'DAGS_FOLDER/my_calc_rates.py', '--cfg-path', '/tmp/tmphynfndhr', '--error-file', '/tmp/tmpt_t2amm5']
[2023-07-26 05:08:19,683] {standard_task_runner.py:80} INFO - Job 618: Subtask create_total_exchange_rates_table
[2023-07-26 05:08:19,848] {task_command.py:371} INFO - Running <TaskInstance: fetch_exchange_rates_dag.create_total_exchange_rates_table scheduled__2023-07-26T03:30:00+00:00 [running]> on host acb6bca32630
[2023-07-26 05:08:20,090] {taskinstance.py:1591} INFO - Exporting the following env vars:
AIRFLOW_CTX_DAG_OWNER=marina_z
AIRFLOW_CTX_DAG_ID=fetch_exchange_rates_dag
AIRFLOW_CTX_TASK_ID=create_total_exchange_rates_table
AIRFLOW_CTX_EXECUTION_DATE=2023-07-26T03:30:00+00:00
AIRFLOW_CTX_TRY_NUMBER=1
AIRFLOW_CTX_DAG_RUN_ID=scheduled__2023-07-26T03:30:00+00:00
[2023-07-26 05:08:20,092] {logging_mixin.py:115} INFO - The table total_exchange_rates is created and saved
[2023-07-26 05:08:20,117] {python.py:173} INFO - Done. Returned value was: None
[2023-07-26 05:08:20,142] {taskinstance.py:1420} INFO - Marking task as SUCCESS. dag_id=fetch_exchange_rates_dag, task_id=create_total_exchange_rates_table, execution_date=20230726T033000, start_date=20230726T050819, end_date=20230726T050820
[2023-07-26 05:08:20,206] {local_task_job.py:156} INFO - Task exited with return code 0
[2023-07-26 05:08:20,310] {local_task_job.py:273} INFO - 1 downstream tasks scheduled from follow-on schedule check
