[2023-07-25 20:38:26,583] {taskinstance.py:1179} INFO - Dependencies all met for <TaskInstance: fetch_exchange_rates_dag.fetch_exchange_rates_task scheduled__2023-07-25T14:00:00+00:00 [queued]>
[2023-07-25 20:38:26,600] {taskinstance.py:1179} INFO - Dependencies all met for <TaskInstance: fetch_exchange_rates_dag.fetch_exchange_rates_task scheduled__2023-07-25T14:00:00+00:00 [queued]>
[2023-07-25 20:38:26,602] {taskinstance.py:1376} INFO - 
--------------------------------------------------------------------------------
[2023-07-25 20:38:26,604] {taskinstance.py:1377} INFO - Starting attempt 1 of 1
[2023-07-25 20:38:26,605] {taskinstance.py:1378} INFO - 
--------------------------------------------------------------------------------
[2023-07-25 20:38:26,632] {taskinstance.py:1397} INFO - Executing <Task(PythonOperator): fetch_exchange_rates_task> on 2023-07-25 14:00:00+00:00
[2023-07-25 20:38:26,638] {standard_task_runner.py:52} INFO - Started process 9223 to run task
[2023-07-25 20:38:26,642] {standard_task_runner.py:79} INFO - Running: ['***', 'tasks', 'run', 'fetch_exchange_rates_dag', 'fetch_exchange_rates_task', 'scheduled__2023-07-25T14:00:00+00:00', '--job-id', '182', '--raw', '--subdir', 'DAGS_FOLDER/my_calc_rates.py', '--cfg-path', '/tmp/tmpqoeqrv0m', '--error-file', '/tmp/tmp_8fxjstz']
[2023-07-25 20:38:26,644] {standard_task_runner.py:80} INFO - Job 182: Subtask fetch_exchange_rates_task
[2023-07-25 20:38:26,803] {task_command.py:371} INFO - Running <TaskInstance: fetch_exchange_rates_dag.fetch_exchange_rates_task scheduled__2023-07-25T14:00:00+00:00 [running]> on host 661c8d62a693
[2023-07-25 20:38:26,942] {taskinstance.py:1591} INFO - Exporting the following env vars:
AIRFLOW_CTX_DAG_OWNER=marina_z
AIRFLOW_CTX_DAG_ID=fetch_exchange_rates_dag
AIRFLOW_CTX_TASK_ID=fetch_exchange_rates_task
AIRFLOW_CTX_EXECUTION_DATE=2023-07-25T14:00:00+00:00
AIRFLOW_CTX_TRY_NUMBER=1
AIRFLOW_CTX_DAG_RUN_ID=scheduled__2023-07-25T14:00:00+00:00
[2023-07-25 20:38:28,415] {taskinstance.py:1909} ERROR - Task failed with exception
Traceback (most recent call last):
  File "/home/airflow/.local/lib/python3.7/site-packages/airflow/operators/python.py", line 171, in execute
    return_value = self.execute_callable()
  File "/home/airflow/.local/lib/python3.7/site-packages/airflow/operators/python.py", line 189, in execute_callable
    return self.python_callable(*self.op_args, **self.op_kwargs)
  File "/opt/airflow/dags/my_calc_rates.py", line 69, in fetch_exchange_rates
    load_to_postgres = PostgresOperator(
NameError: name 'PostgresOperator' is not defined
[2023-07-25 20:38:28,428] {taskinstance.py:1420} INFO - Marking task as FAILED. dag_id=fetch_exchange_rates_dag, task_id=fetch_exchange_rates_task, execution_date=20230725T140000, start_date=20230725T203826, end_date=20230725T203828
[2023-07-25 20:38:28,443] {standard_task_runner.py:97} ERROR - Failed to execute job 182 for task fetch_exchange_rates_task (name 'PostgresOperator' is not defined; 9223)
[2023-07-25 20:38:28,467] {local_task_job.py:156} INFO - Task exited with return code 1
[2023-07-25 20:38:28,540] {local_task_job.py:273} INFO - 0 downstream tasks scheduled from follow-on schedule check
[2023-07-26 05:05:35,851] {taskinstance.py:1179} INFO - Dependencies all met for <TaskInstance: fetch_exchange_rates_dag.fetch_exchange_rates_task scheduled__2023-07-25T14:00:00+00:00 [queued]>
[2023-07-26 05:05:35,884] {taskinstance.py:1179} INFO - Dependencies all met for <TaskInstance: fetch_exchange_rates_dag.fetch_exchange_rates_task scheduled__2023-07-25T14:00:00+00:00 [queued]>
[2023-07-26 05:05:35,885] {taskinstance.py:1376} INFO - 
--------------------------------------------------------------------------------
[2023-07-26 05:05:35,885] {taskinstance.py:1377} INFO - Starting attempt 1 of 1
[2023-07-26 05:05:35,886] {taskinstance.py:1378} INFO - 
--------------------------------------------------------------------------------
[2023-07-26 05:05:35,937] {taskinstance.py:1397} INFO - Executing <Task(PythonOperator): fetch_exchange_rates_task> on 2023-07-25 14:00:00+00:00
[2023-07-26 05:05:35,953] {standard_task_runner.py:52} INFO - Started process 1219 to run task
[2023-07-26 05:05:35,978] {standard_task_runner.py:79} INFO - Running: ['***', 'tasks', 'run', 'fetch_exchange_rates_dag', 'fetch_exchange_rates_task', 'scheduled__2023-07-25T14:00:00+00:00', '--job-id', '298', '--raw', '--subdir', 'DAGS_FOLDER/my_calc_rates.py', '--cfg-path', '/tmp/tmpbm6i6_63', '--error-file', '/tmp/tmpi0f75u4o']
[2023-07-26 05:05:36,000] {standard_task_runner.py:80} INFO - Job 298: Subtask fetch_exchange_rates_task
[2023-07-26 05:05:36,326] {task_command.py:371} INFO - Running <TaskInstance: fetch_exchange_rates_dag.fetch_exchange_rates_task scheduled__2023-07-25T14:00:00+00:00 [running]> on host acb6bca32630
[2023-07-26 05:05:36,718] {taskinstance.py:1591} INFO - Exporting the following env vars:
AIRFLOW_CTX_DAG_OWNER=marina_z
AIRFLOW_CTX_DAG_ID=fetch_exchange_rates_dag
AIRFLOW_CTX_TASK_ID=fetch_exchange_rates_task
AIRFLOW_CTX_EXECUTION_DATE=2023-07-25T14:00:00+00:00
AIRFLOW_CTX_TRY_NUMBER=1
AIRFLOW_CTX_DAG_RUN_ID=scheduled__2023-07-25T14:00:00+00:00
[2023-07-26 05:05:37,246] {logging_mixin.py:115} INFO - Save a new file exchange_latest_BTC.csv
[2023-07-26 05:05:37,249] {logging_mixin.py:115} INFO - Create a new table exchange_latest_BTC
[2023-07-26 05:05:37,255] {logging_mixin.py:115} INFO - Insert into table exchange_latest_BTC
[2023-07-26 05:05:37,677] {logging_mixin.py:115} INFO - Save a new file exchange_latest_EUR.csv
[2023-07-26 05:05:37,681] {logging_mixin.py:115} INFO - Create a new table exchange_latest_EUR
[2023-07-26 05:05:37,686] {logging_mixin.py:115} INFO - Insert into table exchange_latest_EUR
[2023-07-26 05:05:38,097] {logging_mixin.py:115} INFO - Save a new file exchange_latest_GBR.csv
[2023-07-26 05:05:38,098] {logging_mixin.py:115} INFO - Create a new table exchange_latest_GBR
[2023-07-26 05:05:38,104] {logging_mixin.py:115} INFO - Insert into table exchange_latest_GBR
[2023-07-26 05:05:38,504] {logging_mixin.py:115} INFO - Save a new file exchange_latest_JPY.csv
[2023-07-26 05:05:38,506] {logging_mixin.py:115} INFO - Create a new table exchange_latest_JPY
[2023-07-26 05:05:38,513] {logging_mixin.py:115} INFO - Insert into table exchange_latest_JPY
[2023-07-26 05:05:38,897] {logging_mixin.py:115} INFO - Save a new file exchange_latest_CNY.csv
[2023-07-26 05:05:38,898] {logging_mixin.py:115} INFO - Create a new table exchange_latest_CNY
[2023-07-26 05:05:38,910] {logging_mixin.py:115} INFO - Insert into table exchange_latest_CNY
[2023-07-26 05:05:38,929] {python.py:173} INFO - Done. Returned value was: None
[2023-07-26 05:05:38,947] {taskinstance.py:1420} INFO - Marking task as SUCCESS. dag_id=fetch_exchange_rates_dag, task_id=fetch_exchange_rates_task, execution_date=20230725T140000, start_date=20230726T050535, end_date=20230726T050538
[2023-07-26 05:05:38,981] {local_task_job.py:156} INFO - Task exited with return code 0
[2023-07-26 05:05:39,058] {local_task_job.py:273} INFO - 1 downstream tasks scheduled from follow-on schedule check
