[2023-07-26 04:18:05,797] {taskinstance.py:1179} INFO - Dependencies all met for <TaskInstance: fetch_exchange_rates_dag.bash_task scheduled__2023-07-26T00:30:00+00:00 [queued]>
[2023-07-26 04:18:05,864] {taskinstance.py:1179} INFO - Dependencies all met for <TaskInstance: fetch_exchange_rates_dag.bash_task scheduled__2023-07-26T00:30:00+00:00 [queued]>
[2023-07-26 04:18:05,866] {taskinstance.py:1376} INFO - 
--------------------------------------------------------------------------------
[2023-07-26 04:18:05,868] {taskinstance.py:1377} INFO - Starting attempt 1 of 1
[2023-07-26 04:18:05,871] {taskinstance.py:1378} INFO - 
--------------------------------------------------------------------------------
[2023-07-26 04:18:05,962] {taskinstance.py:1397} INFO - Executing <Task(BashOperator): bash_task> on 2023-07-26 00:30:00+00:00
[2023-07-26 04:18:05,988] {standard_task_runner.py:52} INFO - Started process 6965 to run task
[2023-07-26 04:18:06,061] {standard_task_runner.py:79} INFO - Running: ['***', 'tasks', 'run', 'fetch_exchange_rates_dag', 'bash_task', 'scheduled__2023-07-26T00:30:00+00:00', '--job-id', '34', '--raw', '--subdir', 'DAGS_FOLDER/my_calc_rates.py', '--cfg-path', '/tmp/tmp8vgcok4_', '--error-file', '/tmp/tmpnsw6fzgh']
[2023-07-26 04:18:06,065] {standard_task_runner.py:80} INFO - Job 34: Subtask bash_task
[2023-07-26 04:18:06,406] {task_command.py:371} INFO - Running <TaskInstance: fetch_exchange_rates_dag.bash_task scheduled__2023-07-26T00:30:00+00:00 [running]> on host 6e11a261c833
[2023-07-26 04:18:07,039] {taskinstance.py:1591} INFO - Exporting the following env vars:
AIRFLOW_CTX_DAG_OWNER=***
AIRFLOW_CTX_DAG_ID=fetch_exchange_rates_dag
AIRFLOW_CTX_TASK_ID=bash_task
AIRFLOW_CTX_EXECUTION_DATE=2023-07-26T00:30:00+00:00
AIRFLOW_CTX_TRY_NUMBER=1
AIRFLOW_CTX_DAG_RUN_ID=scheduled__2023-07-26T00:30:00+00:00
[2023-07-26 04:18:07,042] {subprocess.py:62} INFO - Tmp dir root location: 
 /tmp
[2023-07-26 04:18:07,045] {subprocess.py:74} INFO - Running command: ['bash', '-c', 'echo "Good morning my diggers!"']
[2023-07-26 04:18:07,108] {subprocess.py:85} INFO - Output:
[2023-07-26 04:18:07,119] {subprocess.py:92} INFO - Good morning my diggers!
[2023-07-26 04:18:07,125] {subprocess.py:96} INFO - Command exited with return code 0
[2023-07-26 04:18:07,224] {taskinstance.py:1420} INFO - Marking task as SUCCESS. dag_id=fetch_exchange_rates_dag, task_id=bash_task, execution_date=20230726T003000, start_date=20230726T041805, end_date=20230726T041807
[2023-07-26 04:18:07,436] {local_task_job.py:156} INFO - Task exited with return code 0
[2023-07-26 04:18:07,898] {local_task_job.py:273} INFO - 0 downstream tasks scheduled from follow-on schedule check
[2023-07-26 05:07:35,340] {taskinstance.py:1179} INFO - Dependencies all met for <TaskInstance: fetch_exchange_rates_dag.bash_task scheduled__2023-07-26T00:30:00+00:00 [queued]>
[2023-07-26 05:07:35,377] {taskinstance.py:1179} INFO - Dependencies all met for <TaskInstance: fetch_exchange_rates_dag.bash_task scheduled__2023-07-26T00:30:00+00:00 [queued]>
[2023-07-26 05:07:35,378] {taskinstance.py:1376} INFO - 
--------------------------------------------------------------------------------
[2023-07-26 05:07:35,379] {taskinstance.py:1377} INFO - Starting attempt 1 of 1
[2023-07-26 05:07:35,379] {taskinstance.py:1378} INFO - 
--------------------------------------------------------------------------------
[2023-07-26 05:07:35,424] {taskinstance.py:1397} INFO - Executing <Task(BashOperator): bash_task> on 2023-07-26 00:30:00+00:00
[2023-07-26 05:07:35,432] {standard_task_runner.py:52} INFO - Started process 2048 to run task
[2023-07-26 05:07:35,457] {standard_task_runner.py:79} INFO - Running: ['***', 'tasks', 'run', 'fetch_exchange_rates_dag', 'bash_task', 'scheduled__2023-07-26T00:30:00+00:00', '--job-id', '535', '--raw', '--subdir', 'DAGS_FOLDER/my_calc_rates.py', '--cfg-path', '/tmp/tmp0jtnxjo2', '--error-file', '/tmp/tmpl66il_b4']
[2023-07-26 05:07:35,460] {standard_task_runner.py:80} INFO - Job 535: Subtask bash_task
[2023-07-26 05:07:35,676] {task_command.py:371} INFO - Running <TaskInstance: fetch_exchange_rates_dag.bash_task scheduled__2023-07-26T00:30:00+00:00 [running]> on host acb6bca32630
[2023-07-26 05:07:35,939] {taskinstance.py:1591} INFO - Exporting the following env vars:
AIRFLOW_CTX_DAG_OWNER=***
AIRFLOW_CTX_DAG_ID=fetch_exchange_rates_dag
AIRFLOW_CTX_TASK_ID=bash_task
AIRFLOW_CTX_EXECUTION_DATE=2023-07-26T00:30:00+00:00
AIRFLOW_CTX_TRY_NUMBER=1
AIRFLOW_CTX_DAG_RUN_ID=scheduled__2023-07-26T00:30:00+00:00
[2023-07-26 05:07:35,941] {subprocess.py:62} INFO - Tmp dir root location: 
 /tmp
[2023-07-26 05:07:35,943] {subprocess.py:74} INFO - Running command: ['bash', '-c', 'echo "Good morning my diggers!"']
[2023-07-26 05:07:36,023] {subprocess.py:85} INFO - Output:
[2023-07-26 05:07:36,030] {subprocess.py:92} INFO - Good morning my diggers!
[2023-07-26 05:07:36,032] {subprocess.py:96} INFO - Command exited with return code 0
[2023-07-26 05:07:36,127] {taskinstance.py:1420} INFO - Marking task as SUCCESS. dag_id=fetch_exchange_rates_dag, task_id=bash_task, execution_date=20230726T003000, start_date=20230726T050735, end_date=20230726T050736
[2023-07-26 05:07:36,262] {local_task_job.py:156} INFO - Task exited with return code 0
[2023-07-26 05:07:36,511] {local_task_job.py:273} INFO - 0 downstream tasks scheduled from follow-on schedule check
