[2023-07-25 19:35:04,081] {taskinstance.py:1179} INFO - Dependencies all met for <TaskInstance: calc-rates.choose_best_model scheduled__2023-07-25T19:30:00+00:00 [queued]>
[2023-07-25 19:35:04,096] {taskinstance.py:1179} INFO - Dependencies all met for <TaskInstance: calc-rates.choose_best_model scheduled__2023-07-25T19:30:00+00:00 [queued]>
[2023-07-25 19:35:04,098] {taskinstance.py:1376} INFO - 
--------------------------------------------------------------------------------
[2023-07-25 19:35:04,099] {taskinstance.py:1377} INFO - Starting attempt 1 of 1
[2023-07-25 19:35:04,100] {taskinstance.py:1378} INFO - 
--------------------------------------------------------------------------------
[2023-07-25 19:35:04,118] {taskinstance.py:1397} INFO - Executing <Task(BranchPythonOperator): choose_best_model> on 2023-07-25 19:30:00+00:00
[2023-07-25 19:35:04,124] {standard_task_runner.py:52} INFO - Started process 5747 to run task
[2023-07-25 19:35:04,128] {standard_task_runner.py:79} INFO - Running: ['***', 'tasks', 'run', 'calc-rates', 'choose_best_model', 'scheduled__2023-07-25T19:30:00+00:00', '--job-id', '43', '--raw', '--subdir', 'DAGS_FOLDER/calc_rates.py', '--cfg-path', '/tmp/tmptvywm8be', '--error-file', '/tmp/tmp2qrxzome']
[2023-07-25 19:35:04,129] {standard_task_runner.py:80} INFO - Job 43: Subtask choose_best_model
[2023-07-25 19:35:04,208] {task_command.py:371} INFO - Running <TaskInstance: calc-rates.choose_best_model scheduled__2023-07-25T19:30:00+00:00 [running]> on host 661c8d62a693
[2023-07-25 19:35:04,327] {taskinstance.py:1591} INFO - Exporting the following env vars:
AIRFLOW_CTX_DAG_OWNER=marina_z
AIRFLOW_CTX_DAG_ID=calc-rates
AIRFLOW_CTX_TASK_ID=choose_best_model
AIRFLOW_CTX_EXECUTION_DATE=2023-07-25T19:30:00+00:00
AIRFLOW_CTX_TRY_NUMBER=1
AIRFLOW_CTX_DAG_RUN_ID=scheduled__2023-07-25T19:30:00+00:00
[2023-07-25 19:35:04,328] {python.py:173} INFO - Done. Returned value was: accurate
[2023-07-25 19:35:04,330] {skipmixin.py:140} INFO - Following branch accurate
[2023-07-25 19:35:04,331] {skipmixin.py:175} INFO - Skipping tasks ['inaccurate']
[2023-07-25 19:35:04,393] {taskinstance.py:1420} INFO - Marking task as SUCCESS. dag_id=calc-rates, task_id=choose_best_model, execution_date=20230725T193000, start_date=20230725T193504, end_date=20230725T193504
[2023-07-25 19:35:04,421] {local_task_job.py:156} INFO - Task exited with return code 0
[2023-07-25 19:35:04,470] {local_task_job.py:273} INFO - 1 downstream tasks scheduled from follow-on schedule check
