[2023-07-25 20:35:02,645] {taskinstance.py:1179} INFO - Dependencies all met for <TaskInstance: fetch_exchange_rates_dag.fetch_exchange_rates_task scheduled__2023-07-25T06:00:00+00:00 [queued]>
[2023-07-25 20:35:02,695] {taskinstance.py:1179} INFO - Dependencies all met for <TaskInstance: fetch_exchange_rates_dag.fetch_exchange_rates_task scheduled__2023-07-25T06:00:00+00:00 [queued]>
[2023-07-25 20:35:02,696] {taskinstance.py:1376} INFO - 
--------------------------------------------------------------------------------
[2023-07-25 20:35:02,697] {taskinstance.py:1377} INFO - Starting attempt 1 of 1
[2023-07-25 20:35:02,698] {taskinstance.py:1378} INFO - 
--------------------------------------------------------------------------------
[2023-07-25 20:35:02,745] {taskinstance.py:1397} INFO - Executing <Task(PythonOperator): fetch_exchange_rates_task> on 2023-07-25 06:00:00+00:00
[2023-07-25 20:35:02,773] {standard_task_runner.py:52} INFO - Started process 8913 to run task
[2023-07-25 20:35:02,810] {standard_task_runner.py:79} INFO - Running: ['***', 'tasks', 'run', 'fetch_exchange_rates_dag', 'fetch_exchange_rates_task', 'scheduled__2023-07-25T06:00:00+00:00', '--job-id', '130', '--raw', '--subdir', 'DAGS_FOLDER/my_calc_rates.py', '--cfg-path', '/tmp/tmpmjqfdm01', '--error-file', '/tmp/tmpkaw8tag5']
[2023-07-25 20:35:02,830] {standard_task_runner.py:80} INFO - Job 130: Subtask fetch_exchange_rates_task
[2023-07-25 20:35:03,201] {task_command.py:371} INFO - Running <TaskInstance: fetch_exchange_rates_dag.fetch_exchange_rates_task scheduled__2023-07-25T06:00:00+00:00 [running]> on host 661c8d62a693
[2023-07-25 20:35:03,467] {taskinstance.py:1591} INFO - Exporting the following env vars:
AIRFLOW_CTX_DAG_OWNER=marina_z
AIRFLOW_CTX_DAG_ID=fetch_exchange_rates_dag
AIRFLOW_CTX_TASK_ID=fetch_exchange_rates_task
AIRFLOW_CTX_EXECUTION_DATE=2023-07-25T06:00:00+00:00
AIRFLOW_CTX_TRY_NUMBER=1
AIRFLOW_CTX_DAG_RUN_ID=scheduled__2023-07-25T06:00:00+00:00
[2023-07-25 20:35:05,105] {taskinstance.py:1909} ERROR - Task failed with exception
Traceback (most recent call last):
  File "/home/airflow/.local/lib/python3.7/site-packages/airflow/operators/python.py", line 171, in execute
    return_value = self.execute_callable()
  File "/home/airflow/.local/lib/python3.7/site-packages/airflow/operators/python.py", line 189, in execute_callable
    return self.python_callable(*self.op_args, **self.op_kwargs)
  File "/opt/airflow/dags/my_calc_rates.py", line 69, in fetch_exchange_rates
    load_to_postgres = PostgresOperator(
NameError: name 'PostgresOperator' is not defined
[2023-07-25 20:35:05,154] {taskinstance.py:1420} INFO - Marking task as FAILED. dag_id=fetch_exchange_rates_dag, task_id=fetch_exchange_rates_task, execution_date=20230725T060000, start_date=20230725T203502, end_date=20230725T203505
[2023-07-25 20:35:05,191] {standard_task_runner.py:97} ERROR - Failed to execute job 130 for task fetch_exchange_rates_task (name 'PostgresOperator' is not defined; 8913)
[2023-07-25 20:35:05,230] {local_task_job.py:156} INFO - Task exited with return code 1
[2023-07-25 20:35:05,286] {local_task_job.py:273} INFO - 0 downstream tasks scheduled from follow-on schedule check
[2023-07-26 05:04:15,651] {taskinstance.py:1179} INFO - Dependencies all met for <TaskInstance: fetch_exchange_rates_dag.fetch_exchange_rates_task scheduled__2023-07-25T06:00:00+00:00 [queued]>
[2023-07-26 05:04:15,666] {taskinstance.py:1179} INFO - Dependencies all met for <TaskInstance: fetch_exchange_rates_dag.fetch_exchange_rates_task scheduled__2023-07-25T06:00:00+00:00 [queued]>
[2023-07-26 05:04:15,667] {taskinstance.py:1376} INFO - 
--------------------------------------------------------------------------------
[2023-07-26 05:04:15,669] {taskinstance.py:1377} INFO - Starting attempt 1 of 1
[2023-07-26 05:04:15,670] {taskinstance.py:1378} INFO - 
--------------------------------------------------------------------------------
[2023-07-26 05:04:15,704] {taskinstance.py:1397} INFO - Executing <Task(PythonOperator): fetch_exchange_rates_task> on 2023-07-25 06:00:00+00:00
[2023-07-26 05:04:15,712] {standard_task_runner.py:52} INFO - Started process 628 to run task
[2023-07-26 05:04:15,725] {standard_task_runner.py:79} INFO - Running: ['***', 'tasks', 'run', 'fetch_exchange_rates_dag', 'fetch_exchange_rates_task', 'scheduled__2023-07-25T06:00:00+00:00', '--job-id', '132', '--raw', '--subdir', 'DAGS_FOLDER/my_calc_rates.py', '--cfg-path', '/tmp/tmpzpcna5x2', '--error-file', '/tmp/tmpog_7jarm']
[2023-07-26 05:04:15,728] {standard_task_runner.py:80} INFO - Job 132: Subtask fetch_exchange_rates_task
[2023-07-26 05:04:15,972] {task_command.py:371} INFO - Running <TaskInstance: fetch_exchange_rates_dag.fetch_exchange_rates_task scheduled__2023-07-25T06:00:00+00:00 [running]> on host acb6bca32630
[2023-07-26 05:04:16,171] {taskinstance.py:1591} INFO - Exporting the following env vars:
AIRFLOW_CTX_DAG_OWNER=marina_z
AIRFLOW_CTX_DAG_ID=fetch_exchange_rates_dag
AIRFLOW_CTX_TASK_ID=fetch_exchange_rates_task
AIRFLOW_CTX_EXECUTION_DATE=2023-07-25T06:00:00+00:00
AIRFLOW_CTX_TRY_NUMBER=1
AIRFLOW_CTX_DAG_RUN_ID=scheduled__2023-07-25T06:00:00+00:00
[2023-07-26 05:04:16,621] {logging_mixin.py:115} INFO - Save a new file exchange_latest_BTC.csv
[2023-07-26 05:04:16,623] {logging_mixin.py:115} INFO - Create a new table exchange_latest_BTC
[2023-07-26 05:04:16,632] {logging_mixin.py:115} INFO - Insert into table exchange_latest_BTC
[2023-07-26 05:04:17,014] {logging_mixin.py:115} INFO - Save a new file exchange_latest_EUR.csv
[2023-07-26 05:04:17,017] {logging_mixin.py:115} INFO - Create a new table exchange_latest_EUR
[2023-07-26 05:04:17,024] {logging_mixin.py:115} INFO - Insert into table exchange_latest_EUR
[2023-07-26 05:04:17,386] {logging_mixin.py:115} INFO - Save a new file exchange_latest_GBR.csv
[2023-07-26 05:04:17,388] {logging_mixin.py:115} INFO - Create a new table exchange_latest_GBR
[2023-07-26 05:04:17,397] {logging_mixin.py:115} INFO - Insert into table exchange_latest_GBR
[2023-07-26 05:04:17,806] {logging_mixin.py:115} INFO - Save a new file exchange_latest_JPY.csv
[2023-07-26 05:04:17,809] {logging_mixin.py:115} INFO - Create a new table exchange_latest_JPY
[2023-07-26 05:04:17,826] {logging_mixin.py:115} INFO - Insert into table exchange_latest_JPY
[2023-07-26 05:04:18,152] {logging_mixin.py:115} INFO - Save a new file exchange_latest_CNY.csv
[2023-07-26 05:04:18,152] {logging_mixin.py:115} INFO - Create a new table exchange_latest_CNY
[2023-07-26 05:04:18,157] {logging_mixin.py:115} INFO - Insert into table exchange_latest_CNY
[2023-07-26 05:04:18,171] {python.py:173} INFO - Done. Returned value was: None
[2023-07-26 05:04:18,190] {taskinstance.py:1420} INFO - Marking task as SUCCESS. dag_id=fetch_exchange_rates_dag, task_id=fetch_exchange_rates_task, execution_date=20230725T060000, start_date=20230726T050415, end_date=20230726T050418
[2023-07-26 05:04:18,236] {local_task_job.py:156} INFO - Task exited with return code 0
[2023-07-26 05:04:18,273] {local_task_job.py:273} INFO - 1 downstream tasks scheduled from follow-on schedule check
