[2023-07-25 20:38:42,146] {taskinstance.py:1179} INFO - Dependencies all met for <TaskInstance: fetch_exchange_rates_dag.fetch_exchange_rates_task scheduled__2023-07-25T16:40:00+00:00 [queued]>
[2023-07-25 20:38:42,185] {taskinstance.py:1179} INFO - Dependencies all met for <TaskInstance: fetch_exchange_rates_dag.fetch_exchange_rates_task scheduled__2023-07-25T16:40:00+00:00 [queued]>
[2023-07-25 20:38:42,187] {taskinstance.py:1376} INFO - 
--------------------------------------------------------------------------------
[2023-07-25 20:38:42,190] {taskinstance.py:1377} INFO - Starting attempt 1 of 1
[2023-07-25 20:38:42,192] {taskinstance.py:1378} INFO - 
--------------------------------------------------------------------------------
[2023-07-25 20:38:42,232] {taskinstance.py:1397} INFO - Executing <Task(PythonOperator): fetch_exchange_rates_task> on 2023-07-25 16:40:00+00:00
[2023-07-25 20:38:42,240] {standard_task_runner.py:52} INFO - Started process 9296 to run task
[2023-07-25 20:38:42,257] {standard_task_runner.py:79} INFO - Running: ['***', 'tasks', 'run', 'fetch_exchange_rates_dag', 'fetch_exchange_rates_task', 'scheduled__2023-07-25T16:40:00+00:00', '--job-id', '200', '--raw', '--subdir', 'DAGS_FOLDER/my_calc_rates.py', '--cfg-path', '/tmp/tmpj6llwut5', '--error-file', '/tmp/tmpfxwgmgyt']
[2023-07-25 20:38:42,261] {standard_task_runner.py:80} INFO - Job 200: Subtask fetch_exchange_rates_task
[2023-07-25 20:38:42,464] {task_command.py:371} INFO - Running <TaskInstance: fetch_exchange_rates_dag.fetch_exchange_rates_task scheduled__2023-07-25T16:40:00+00:00 [running]> on host 661c8d62a693
[2023-07-25 20:38:42,621] {taskinstance.py:1591} INFO - Exporting the following env vars:
AIRFLOW_CTX_DAG_OWNER=marina_z
AIRFLOW_CTX_DAG_ID=fetch_exchange_rates_dag
AIRFLOW_CTX_TASK_ID=fetch_exchange_rates_task
AIRFLOW_CTX_EXECUTION_DATE=2023-07-25T16:40:00+00:00
AIRFLOW_CTX_TRY_NUMBER=1
AIRFLOW_CTX_DAG_RUN_ID=scheduled__2023-07-25T16:40:00+00:00
[2023-07-25 20:38:44,186] {taskinstance.py:1909} ERROR - Task failed with exception
Traceback (most recent call last):
  File "/home/airflow/.local/lib/python3.7/site-packages/airflow/operators/python.py", line 171, in execute
    return_value = self.execute_callable()
  File "/home/airflow/.local/lib/python3.7/site-packages/airflow/operators/python.py", line 189, in execute_callable
    return self.python_callable(*self.op_args, **self.op_kwargs)
  File "/opt/airflow/dags/my_calc_rates.py", line 69, in fetch_exchange_rates
    load_to_postgres = PostgresOperator(
NameError: name 'PostgresOperator' is not defined
[2023-07-25 20:38:44,201] {taskinstance.py:1420} INFO - Marking task as FAILED. dag_id=fetch_exchange_rates_dag, task_id=fetch_exchange_rates_task, execution_date=20230725T164000, start_date=20230725T203842, end_date=20230725T203844
[2023-07-25 20:38:44,220] {standard_task_runner.py:97} ERROR - Failed to execute job 200 for task fetch_exchange_rates_task (name 'PostgresOperator' is not defined; 9296)
[2023-07-25 20:38:44,241] {local_task_job.py:156} INFO - Task exited with return code 1
[2023-07-25 20:38:44,284] {local_task_job.py:273} INFO - 0 downstream tasks scheduled from follow-on schedule check
[2023-07-26 05:06:02,311] {taskinstance.py:1179} INFO - Dependencies all met for <TaskInstance: fetch_exchange_rates_dag.fetch_exchange_rates_task scheduled__2023-07-25T16:40:00+00:00 [queued]>
[2023-07-26 05:06:02,371] {taskinstance.py:1179} INFO - Dependencies all met for <TaskInstance: fetch_exchange_rates_dag.fetch_exchange_rates_task scheduled__2023-07-25T16:40:00+00:00 [queued]>
[2023-07-26 05:06:02,374] {taskinstance.py:1376} INFO - 
--------------------------------------------------------------------------------
[2023-07-26 05:06:02,375] {taskinstance.py:1377} INFO - Starting attempt 1 of 1
[2023-07-26 05:06:02,377] {taskinstance.py:1378} INFO - 
--------------------------------------------------------------------------------
[2023-07-26 05:06:02,468] {taskinstance.py:1397} INFO - Executing <Task(PythonOperator): fetch_exchange_rates_task> on 2023-07-25 16:40:00+00:00
[2023-07-26 05:06:02,515] {standard_task_runner.py:52} INFO - Started process 1401 to run task
[2023-07-26 05:06:02,556] {standard_task_runner.py:79} INFO - Running: ['***', 'tasks', 'run', 'fetch_exchange_rates_dag', 'fetch_exchange_rates_task', 'scheduled__2023-07-25T16:40:00+00:00', '--job-id', '346', '--raw', '--subdir', 'DAGS_FOLDER/my_calc_rates.py', '--cfg-path', '/tmp/tmpfssddttc', '--error-file', '/tmp/tmpxrogdzgj']
[2023-07-26 05:06:02,571] {standard_task_runner.py:80} INFO - Job 346: Subtask fetch_exchange_rates_task
[2023-07-26 05:06:03,040] {task_command.py:371} INFO - Running <TaskInstance: fetch_exchange_rates_dag.fetch_exchange_rates_task scheduled__2023-07-25T16:40:00+00:00 [running]> on host acb6bca32630
[2023-07-26 05:06:03,661] {taskinstance.py:1591} INFO - Exporting the following env vars:
AIRFLOW_CTX_DAG_OWNER=marina_z
AIRFLOW_CTX_DAG_ID=fetch_exchange_rates_dag
AIRFLOW_CTX_TASK_ID=fetch_exchange_rates_task
AIRFLOW_CTX_EXECUTION_DATE=2023-07-25T16:40:00+00:00
AIRFLOW_CTX_TRY_NUMBER=1
AIRFLOW_CTX_DAG_RUN_ID=scheduled__2023-07-25T16:40:00+00:00
[2023-07-26 05:06:04,066] {logging_mixin.py:115} INFO - Save a new file exchange_latest_BTC.csv
[2023-07-26 05:06:04,067] {logging_mixin.py:115} INFO - Create a new table exchange_latest_BTC
[2023-07-26 05:06:04,072] {logging_mixin.py:115} INFO - Insert into table exchange_latest_BTC
[2023-07-26 05:06:04,462] {logging_mixin.py:115} INFO - Save a new file exchange_latest_EUR.csv
[2023-07-26 05:06:04,470] {logging_mixin.py:115} INFO - Create a new table exchange_latest_EUR
[2023-07-26 05:06:04,490] {logging_mixin.py:115} INFO - Insert into table exchange_latest_EUR
[2023-07-26 05:06:05,022] {logging_mixin.py:115} INFO - Save a new file exchange_latest_GBR.csv
[2023-07-26 05:06:05,022] {logging_mixin.py:115} INFO - Create a new table exchange_latest_GBR
[2023-07-26 05:06:05,027] {logging_mixin.py:115} INFO - Insert into table exchange_latest_GBR
[2023-07-26 05:06:05,439] {logging_mixin.py:115} INFO - Save a new file exchange_latest_JPY.csv
[2023-07-26 05:06:05,441] {logging_mixin.py:115} INFO - Create a new table exchange_latest_JPY
[2023-07-26 05:06:05,452] {logging_mixin.py:115} INFO - Insert into table exchange_latest_JPY
[2023-07-26 05:06:05,805] {logging_mixin.py:115} INFO - Save a new file exchange_latest_CNY.csv
[2023-07-26 05:06:05,806] {logging_mixin.py:115} INFO - Create a new table exchange_latest_CNY
[2023-07-26 05:06:05,834] {logging_mixin.py:115} INFO - Insert into table exchange_latest_CNY
[2023-07-26 05:06:05,867] {python.py:173} INFO - Done. Returned value was: None
[2023-07-26 05:06:06,029] {taskinstance.py:1420} INFO - Marking task as SUCCESS. dag_id=fetch_exchange_rates_dag, task_id=fetch_exchange_rates_task, execution_date=20230725T164000, start_date=20230726T050602, end_date=20230726T050606
[2023-07-26 05:06:06,186] {local_task_job.py:156} INFO - Task exited with return code 0
[2023-07-26 05:06:06,508] {local_task_job.py:273} INFO - 0 downstream tasks scheduled from follow-on schedule check
