[2023-07-25 20:38:39,702] {taskinstance.py:1179} INFO - Dependencies all met for <TaskInstance: fetch_exchange_rates_dag.fetch_exchange_rates_task scheduled__2023-07-25T16:10:00+00:00 [queued]>
[2023-07-25 20:38:39,730] {taskinstance.py:1179} INFO - Dependencies all met for <TaskInstance: fetch_exchange_rates_dag.fetch_exchange_rates_task scheduled__2023-07-25T16:10:00+00:00 [queued]>
[2023-07-25 20:38:39,731] {taskinstance.py:1376} INFO - 
--------------------------------------------------------------------------------
[2023-07-25 20:38:39,732] {taskinstance.py:1377} INFO - Starting attempt 1 of 1
[2023-07-25 20:38:39,732] {taskinstance.py:1378} INFO - 
--------------------------------------------------------------------------------
[2023-07-25 20:38:39,808] {taskinstance.py:1397} INFO - Executing <Task(PythonOperator): fetch_exchange_rates_task> on 2023-07-25 16:10:00+00:00
[2023-07-25 20:38:39,828] {standard_task_runner.py:52} INFO - Started process 9278 to run task
[2023-07-25 20:38:39,851] {standard_task_runner.py:79} INFO - Running: ['***', 'tasks', 'run', 'fetch_exchange_rates_dag', 'fetch_exchange_rates_task', 'scheduled__2023-07-25T16:10:00+00:00', '--job-id', '195', '--raw', '--subdir', 'DAGS_FOLDER/my_calc_rates.py', '--cfg-path', '/tmp/tmppoqzpiuo', '--error-file', '/tmp/tmpkveiat3w']
[2023-07-25 20:38:39,879] {standard_task_runner.py:80} INFO - Job 195: Subtask fetch_exchange_rates_task
[2023-07-25 20:38:40,306] {task_command.py:371} INFO - Running <TaskInstance: fetch_exchange_rates_dag.fetch_exchange_rates_task scheduled__2023-07-25T16:10:00+00:00 [running]> on host 661c8d62a693
[2023-07-25 20:38:40,528] {taskinstance.py:1591} INFO - Exporting the following env vars:
AIRFLOW_CTX_DAG_OWNER=marina_z
AIRFLOW_CTX_DAG_ID=fetch_exchange_rates_dag
AIRFLOW_CTX_TASK_ID=fetch_exchange_rates_task
AIRFLOW_CTX_EXECUTION_DATE=2023-07-25T16:10:00+00:00
AIRFLOW_CTX_TRY_NUMBER=1
AIRFLOW_CTX_DAG_RUN_ID=scheduled__2023-07-25T16:10:00+00:00
[2023-07-25 20:38:42,371] {taskinstance.py:1909} ERROR - Task failed with exception
Traceback (most recent call last):
  File "/home/airflow/.local/lib/python3.7/site-packages/airflow/operators/python.py", line 171, in execute
    return_value = self.execute_callable()
  File "/home/airflow/.local/lib/python3.7/site-packages/airflow/operators/python.py", line 189, in execute_callable
    return self.python_callable(*self.op_args, **self.op_kwargs)
  File "/opt/airflow/dags/my_calc_rates.py", line 69, in fetch_exchange_rates
    load_to_postgres = PostgresOperator(
NameError: name 'PostgresOperator' is not defined
[2023-07-25 20:38:42,389] {taskinstance.py:1420} INFO - Marking task as FAILED. dag_id=fetch_exchange_rates_dag, task_id=fetch_exchange_rates_task, execution_date=20230725T161000, start_date=20230725T203839, end_date=20230725T203842
[2023-07-25 20:38:42,425] {standard_task_runner.py:97} ERROR - Failed to execute job 195 for task fetch_exchange_rates_task (name 'PostgresOperator' is not defined; 9278)
[2023-07-25 20:38:42,448] {local_task_job.py:156} INFO - Task exited with return code 1
[2023-07-25 20:38:42,523] {local_task_job.py:273} INFO - 0 downstream tasks scheduled from follow-on schedule check
[2023-07-26 05:05:57,933] {taskinstance.py:1179} INFO - Dependencies all met for <TaskInstance: fetch_exchange_rates_dag.fetch_exchange_rates_task scheduled__2023-07-25T16:10:00+00:00 [queued]>
[2023-07-26 05:05:58,028] {taskinstance.py:1179} INFO - Dependencies all met for <TaskInstance: fetch_exchange_rates_dag.fetch_exchange_rates_task scheduled__2023-07-25T16:10:00+00:00 [queued]>
[2023-07-26 05:05:58,035] {taskinstance.py:1376} INFO - 
--------------------------------------------------------------------------------
[2023-07-26 05:05:58,041] {taskinstance.py:1377} INFO - Starting attempt 1 of 1
[2023-07-26 05:05:58,056] {taskinstance.py:1378} INFO - 
--------------------------------------------------------------------------------
[2023-07-26 05:05:58,180] {taskinstance.py:1397} INFO - Executing <Task(PythonOperator): fetch_exchange_rates_task> on 2023-07-25 16:10:00+00:00
[2023-07-26 05:05:58,233] {standard_task_runner.py:52} INFO - Started process 1383 to run task
[2023-07-26 05:05:58,272] {standard_task_runner.py:79} INFO - Running: ['***', 'tasks', 'run', 'fetch_exchange_rates_dag', 'fetch_exchange_rates_task', 'scheduled__2023-07-25T16:10:00+00:00', '--job-id', '340', '--raw', '--subdir', 'DAGS_FOLDER/my_calc_rates.py', '--cfg-path', '/tmp/tmpwg25kagl', '--error-file', '/tmp/tmpbxchj_ip']
[2023-07-26 05:05:58,292] {standard_task_runner.py:80} INFO - Job 340: Subtask fetch_exchange_rates_task
[2023-07-26 05:05:58,807] {task_command.py:371} INFO - Running <TaskInstance: fetch_exchange_rates_dag.fetch_exchange_rates_task scheduled__2023-07-25T16:10:00+00:00 [running]> on host acb6bca32630
[2023-07-26 05:05:59,219] {taskinstance.py:1591} INFO - Exporting the following env vars:
AIRFLOW_CTX_DAG_OWNER=marina_z
AIRFLOW_CTX_DAG_ID=fetch_exchange_rates_dag
AIRFLOW_CTX_TASK_ID=fetch_exchange_rates_task
AIRFLOW_CTX_EXECUTION_DATE=2023-07-25T16:10:00+00:00
AIRFLOW_CTX_TRY_NUMBER=1
AIRFLOW_CTX_DAG_RUN_ID=scheduled__2023-07-25T16:10:00+00:00
[2023-07-26 05:05:59,772] {logging_mixin.py:115} INFO - Save a new file exchange_latest_BTC.csv
[2023-07-26 05:05:59,776] {logging_mixin.py:115} INFO - Create a new table exchange_latest_BTC
[2023-07-26 05:05:59,806] {logging_mixin.py:115} INFO - Insert into table exchange_latest_BTC
[2023-07-26 05:06:00,225] {logging_mixin.py:115} INFO - Save a new file exchange_latest_EUR.csv
[2023-07-26 05:06:00,227] {logging_mixin.py:115} INFO - Create a new table exchange_latest_EUR
[2023-07-26 05:06:00,244] {logging_mixin.py:115} INFO - Insert into table exchange_latest_EUR
[2023-07-26 05:06:00,656] {logging_mixin.py:115} INFO - Save a new file exchange_latest_GBR.csv
[2023-07-26 05:06:00,657] {logging_mixin.py:115} INFO - Create a new table exchange_latest_GBR
[2023-07-26 05:06:00,662] {logging_mixin.py:115} INFO - Insert into table exchange_latest_GBR
[2023-07-26 05:06:01,134] {logging_mixin.py:115} INFO - Save a new file exchange_latest_JPY.csv
[2023-07-26 05:06:01,136] {logging_mixin.py:115} INFO - Create a new table exchange_latest_JPY
[2023-07-26 05:06:01,142] {logging_mixin.py:115} INFO - Insert into table exchange_latest_JPY
[2023-07-26 05:06:01,554] {logging_mixin.py:115} INFO - Save a new file exchange_latest_CNY.csv
[2023-07-26 05:06:01,555] {logging_mixin.py:115} INFO - Create a new table exchange_latest_CNY
[2023-07-26 05:06:01,564] {logging_mixin.py:115} INFO - Insert into table exchange_latest_CNY
[2023-07-26 05:06:01,584] {python.py:173} INFO - Done. Returned value was: None
[2023-07-26 05:06:01,615] {taskinstance.py:1420} INFO - Marking task as SUCCESS. dag_id=fetch_exchange_rates_dag, task_id=fetch_exchange_rates_task, execution_date=20230725T161000, start_date=20230726T050557, end_date=20230726T050601
[2023-07-26 05:06:01,708] {local_task_job.py:156} INFO - Task exited with return code 0
[2023-07-26 05:06:01,853] {local_task_job.py:273} INFO - 1 downstream tasks scheduled from follow-on schedule check
