[2023-07-26 23:53:48,718] {taskinstance.py:1179} INFO - Dependencies all met for <TaskInstance: fetch_exchange_rates_dag.fetch_exchange_rates_task scheduled__2023-07-25T00:50:00+00:00 [queued]>
[2023-07-26 23:53:48,833] {taskinstance.py:1179} INFO - Dependencies all met for <TaskInstance: fetch_exchange_rates_dag.fetch_exchange_rates_task scheduled__2023-07-25T00:50:00+00:00 [queued]>
[2023-07-26 23:53:48,834] {taskinstance.py:1376} INFO - 
--------------------------------------------------------------------------------
[2023-07-26 23:53:48,837] {taskinstance.py:1377} INFO - Starting attempt 1 of 1
[2023-07-26 23:53:48,842] {taskinstance.py:1378} INFO - 
--------------------------------------------------------------------------------
[2023-07-26 23:53:48,995] {taskinstance.py:1397} INFO - Executing <Task(PythonOperator): fetch_exchange_rates_task> on 2023-07-25 00:50:00+00:00
[2023-07-26 23:53:49,039] {standard_task_runner.py:79} INFO - Running: ['***', 'tasks', 'run', 'fetch_exchange_rates_dag', 'fetch_exchange_rates_task', 'scheduled__2023-07-25T00:50:00+00:00', '--job-id', '13', '--raw', '--subdir', 'DAGS_FOLDER/my_calc_rates.py', '--cfg-path', '/tmp/tmp1z7d3sk8', '--error-file', '/tmp/tmp1wu3fphl']
[2023-07-26 23:53:49,043] {standard_task_runner.py:80} INFO - Job 13: Subtask fetch_exchange_rates_task
[2023-07-26 23:53:49,024] {standard_task_runner.py:52} INFO - Started process 323 to run task
[2023-07-26 23:53:49,276] {task_command.py:371} INFO - Running <TaskInstance: fetch_exchange_rates_dag.fetch_exchange_rates_task scheduled__2023-07-25T00:50:00+00:00 [running]> on host 43d0198bb36a
[2023-07-26 23:53:49,413] {taskinstance.py:1591} INFO - Exporting the following env vars:
AIRFLOW_CTX_DAG_OWNER=marina_z
AIRFLOW_CTX_DAG_ID=fetch_exchange_rates_dag
AIRFLOW_CTX_TASK_ID=fetch_exchange_rates_task
AIRFLOW_CTX_EXECUTION_DATE=2023-07-25T00:50:00+00:00
AIRFLOW_CTX_TRY_NUMBER=1
AIRFLOW_CTX_DAG_RUN_ID=scheduled__2023-07-25T00:50:00+00:00
[2023-07-26 23:53:49,797] {logging_mixin.py:115} INFO - Save a new file exchange_latest_BTC.csv
[2023-07-26 23:53:49,799] {logging_mixin.py:115} INFO - Create a new table exchange_latest_BTC
[2023-07-26 23:53:49,806] {logging_mixin.py:115} INFO - Insert into table exchange_latest_BTC
[2023-07-26 23:53:50,181] {logging_mixin.py:115} INFO - Save a new file exchange_latest_EUR.csv
[2023-07-26 23:53:50,181] {logging_mixin.py:115} INFO - Create a new table exchange_latest_EUR
[2023-07-26 23:53:50,189] {logging_mixin.py:115} INFO - Insert into table exchange_latest_EUR
[2023-07-26 23:53:50,585] {logging_mixin.py:115} INFO - Save a new file exchange_latest_GBR.csv
[2023-07-26 23:53:50,586] {logging_mixin.py:115} INFO - Create a new table exchange_latest_GBR
[2023-07-26 23:53:50,591] {logging_mixin.py:115} INFO - Insert into table exchange_latest_GBR
[2023-07-26 23:53:50,988] {logging_mixin.py:115} INFO - Save a new file exchange_latest_JPY.csv
[2023-07-26 23:53:50,988] {logging_mixin.py:115} INFO - Create a new table exchange_latest_JPY
[2023-07-26 23:53:50,993] {logging_mixin.py:115} INFO - Insert into table exchange_latest_JPY
[2023-07-26 23:53:51,373] {logging_mixin.py:115} INFO - Save a new file exchange_latest_CNY.csv
[2023-07-26 23:53:51,374] {logging_mixin.py:115} INFO - Create a new table exchange_latest_CNY
[2023-07-26 23:53:51,384] {logging_mixin.py:115} INFO - Insert into table exchange_latest_CNY
[2023-07-26 23:53:51,406] {python.py:173} INFO - Done. Returned value was: None
[2023-07-26 23:53:51,426] {taskinstance.py:1420} INFO - Marking task as SUCCESS. dag_id=fetch_exchange_rates_dag, task_id=fetch_exchange_rates_task, execution_date=20230725T005000, start_date=20230726T235348, end_date=20230726T235351
[2023-07-26 23:53:51,519] {local_task_job.py:156} INFO - Task exited with return code 0
[2023-07-26 23:53:51,758] {local_task_job.py:273} INFO - 0 downstream tasks scheduled from follow-on schedule check
