[2023-07-25 19:42:52,047] {taskinstance.py:1179} INFO - Dependencies all met for <TaskInstance: fetch_exchange_rates_dag.fetch_exchange_rates_task manual__2023-07-25T19:42:51.131827+00:00 [queued]>
[2023-07-25 19:42:52,058] {taskinstance.py:1179} INFO - Dependencies all met for <TaskInstance: fetch_exchange_rates_dag.fetch_exchange_rates_task manual__2023-07-25T19:42:51.131827+00:00 [queued]>
[2023-07-25 19:42:52,058] {taskinstance.py:1376} INFO - 
--------------------------------------------------------------------------------
[2023-07-25 19:42:52,059] {taskinstance.py:1377} INFO - Starting attempt 1 of 1
[2023-07-25 19:42:52,059] {taskinstance.py:1378} INFO - 
--------------------------------------------------------------------------------
[2023-07-25 19:42:52,071] {taskinstance.py:1397} INFO - Executing <Task(PythonOperator): fetch_exchange_rates_task> on 2023-07-25 19:42:51.131827+00:00
[2023-07-25 19:42:52,077] {standard_task_runner.py:52} INFO - Started process 6136 to run task
[2023-07-25 19:42:52,079] {standard_task_runner.py:79} INFO - Running: ['***', 'tasks', 'run', 'fetch_exchange_rates_dag', 'fetch_exchange_rates_task', 'manual__2023-07-25T19:42:51.131827+00:00', '--job-id', '48', '--raw', '--subdir', 'DAGS_FOLDER/my_calc_rates.py', '--cfg-path', '/tmp/tmp11xpyzex', '--error-file', '/tmp/tmpzu23goq9']
[2023-07-25 19:42:52,080] {standard_task_runner.py:80} INFO - Job 48: Subtask fetch_exchange_rates_task
[2023-07-25 19:42:52,143] {task_command.py:371} INFO - Running <TaskInstance: fetch_exchange_rates_dag.fetch_exchange_rates_task manual__2023-07-25T19:42:51.131827+00:00 [running]> on host 661c8d62a693
[2023-07-25 19:42:52,202] {taskinstance.py:1591} INFO - Exporting the following env vars:
AIRFLOW_CTX_DAG_OWNER=***
AIRFLOW_CTX_DAG_ID=fetch_exchange_rates_dag
AIRFLOW_CTX_TASK_ID=fetch_exchange_rates_task
AIRFLOW_CTX_EXECUTION_DATE=2023-07-25T19:42:51.131827+00:00
AIRFLOW_CTX_TRY_NUMBER=1
AIRFLOW_CTX_DAG_RUN_ID=manual__2023-07-25T19:42:51.131827+00:00
[2023-07-25 19:42:52,496] {taskinstance.py:1909} ERROR - Task failed with exception
Traceback (most recent call last):
  File "/home/airflow/.local/lib/python3.7/site-packages/airflow/operators/python.py", line 171, in execute
    return_value = self.execute_callable()
  File "/home/airflow/.local/lib/python3.7/site-packages/airflow/operators/python.py", line 189, in execute_callable
    return self.python_callable(*self.op_args, **self.op_kwargs)
  File "/opt/airflow/dags/my_calc_rates.py", line 48, in fetch_exchange_rates
    with open(f'./../../postgres/init_scripts/exchange_latest_{base}.csv', 'wb') as f:
FileNotFoundError: [Errno 2] No such file or directory: './../../postgres/init_scripts/exchange_latest_BTC.csv'
[2023-07-25 19:42:52,514] {taskinstance.py:1420} INFO - Marking task as FAILED. dag_id=fetch_exchange_rates_dag, task_id=fetch_exchange_rates_task, execution_date=20230725T194251, start_date=20230725T194252, end_date=20230725T194252
[2023-07-25 19:42:52,525] {standard_task_runner.py:97} ERROR - Failed to execute job 48 for task fetch_exchange_rates_task ([Errno 2] No such file or directory: './../../postgres/init_scripts/exchange_latest_BTC.csv'; 6136)
[2023-07-25 19:42:52,534] {local_task_job.py:156} INFO - Task exited with return code 1
[2023-07-25 19:42:52,563] {local_task_job.py:273} INFO - 0 downstream tasks scheduled from follow-on schedule check
