[2023-07-25 20:38:38,451] {taskinstance.py:1179} INFO - Dependencies all met for <TaskInstance: fetch_exchange_rates_dag.fetch_exchange_rates_task scheduled__2023-07-25T15:30:00+00:00 [queued]>
[2023-07-25 20:38:38,465] {taskinstance.py:1179} INFO - Dependencies all met for <TaskInstance: fetch_exchange_rates_dag.fetch_exchange_rates_task scheduled__2023-07-25T15:30:00+00:00 [queued]>
[2023-07-25 20:38:38,469] {taskinstance.py:1376} INFO - 
--------------------------------------------------------------------------------
[2023-07-25 20:38:38,470] {taskinstance.py:1377} INFO - Starting attempt 1 of 1
[2023-07-25 20:38:38,470] {taskinstance.py:1378} INFO - 
--------------------------------------------------------------------------------
[2023-07-25 20:38:38,492] {taskinstance.py:1397} INFO - Executing <Task(PythonOperator): fetch_exchange_rates_task> on 2023-07-25 15:30:00+00:00
[2023-07-25 20:38:38,502] {standard_task_runner.py:52} INFO - Started process 9266 to run task
[2023-07-25 20:38:38,506] {standard_task_runner.py:79} INFO - Running: ['***', 'tasks', 'run', 'fetch_exchange_rates_dag', 'fetch_exchange_rates_task', 'scheduled__2023-07-25T15:30:00+00:00', '--job-id', '191', '--raw', '--subdir', 'DAGS_FOLDER/my_calc_rates.py', '--cfg-path', '/tmp/tmppdt50zpq', '--error-file', '/tmp/tmp1qgkbn33']
[2023-07-25 20:38:38,509] {standard_task_runner.py:80} INFO - Job 191: Subtask fetch_exchange_rates_task
[2023-07-25 20:38:38,654] {task_command.py:371} INFO - Running <TaskInstance: fetch_exchange_rates_dag.fetch_exchange_rates_task scheduled__2023-07-25T15:30:00+00:00 [running]> on host 661c8d62a693
[2023-07-25 20:38:38,801] {taskinstance.py:1591} INFO - Exporting the following env vars:
AIRFLOW_CTX_DAG_OWNER=marina_z
AIRFLOW_CTX_DAG_ID=fetch_exchange_rates_dag
AIRFLOW_CTX_TASK_ID=fetch_exchange_rates_task
AIRFLOW_CTX_EXECUTION_DATE=2023-07-25T15:30:00+00:00
AIRFLOW_CTX_TRY_NUMBER=1
AIRFLOW_CTX_DAG_RUN_ID=scheduled__2023-07-25T15:30:00+00:00
[2023-07-25 20:38:40,535] {taskinstance.py:1909} ERROR - Task failed with exception
Traceback (most recent call last):
  File "/home/airflow/.local/lib/python3.7/site-packages/airflow/operators/python.py", line 171, in execute
    return_value = self.execute_callable()
  File "/home/airflow/.local/lib/python3.7/site-packages/airflow/operators/python.py", line 189, in execute_callable
    return self.python_callable(*self.op_args, **self.op_kwargs)
  File "/opt/airflow/dags/my_calc_rates.py", line 69, in fetch_exchange_rates
    load_to_postgres = PostgresOperator(
NameError: name 'PostgresOperator' is not defined
[2023-07-25 20:38:40,571] {taskinstance.py:1420} INFO - Marking task as FAILED. dag_id=fetch_exchange_rates_dag, task_id=fetch_exchange_rates_task, execution_date=20230725T153000, start_date=20230725T203838, end_date=20230725T203840
[2023-07-25 20:38:40,622] {standard_task_runner.py:97} ERROR - Failed to execute job 191 for task fetch_exchange_rates_task (name 'PostgresOperator' is not defined; 9266)
[2023-07-25 20:38:40,686] {local_task_job.py:156} INFO - Task exited with return code 1
[2023-07-25 20:38:40,902] {local_task_job.py:273} INFO - 0 downstream tasks scheduled from follow-on schedule check
[2023-07-26 05:05:51,920] {taskinstance.py:1179} INFO - Dependencies all met for <TaskInstance: fetch_exchange_rates_dag.fetch_exchange_rates_task scheduled__2023-07-25T15:30:00+00:00 [queued]>
[2023-07-26 05:05:52,084] {taskinstance.py:1179} INFO - Dependencies all met for <TaskInstance: fetch_exchange_rates_dag.fetch_exchange_rates_task scheduled__2023-07-25T15:30:00+00:00 [queued]>
[2023-07-26 05:05:52,089] {taskinstance.py:1376} INFO - 
--------------------------------------------------------------------------------
[2023-07-26 05:05:52,090] {taskinstance.py:1377} INFO - Starting attempt 1 of 1
[2023-07-26 05:05:52,091] {taskinstance.py:1378} INFO - 
--------------------------------------------------------------------------------
[2023-07-26 05:05:52,226] {taskinstance.py:1397} INFO - Executing <Task(PythonOperator): fetch_exchange_rates_task> on 2023-07-25 15:30:00+00:00
[2023-07-26 05:05:52,287] {standard_task_runner.py:52} INFO - Started process 1342 to run task
[2023-07-26 05:05:52,352] {standard_task_runner.py:79} INFO - Running: ['***', 'tasks', 'run', 'fetch_exchange_rates_dag', 'fetch_exchange_rates_task', 'scheduled__2023-07-25T15:30:00+00:00', '--job-id', '333', '--raw', '--subdir', 'DAGS_FOLDER/my_calc_rates.py', '--cfg-path', '/tmp/tmp9372ww2w', '--error-file', '/tmp/tmpryqn0kw4']
[2023-07-26 05:05:52,366] {standard_task_runner.py:80} INFO - Job 333: Subtask fetch_exchange_rates_task
[2023-07-26 05:05:52,802] {task_command.py:371} INFO - Running <TaskInstance: fetch_exchange_rates_dag.fetch_exchange_rates_task scheduled__2023-07-25T15:30:00+00:00 [running]> on host acb6bca32630
[2023-07-26 05:05:53,319] {taskinstance.py:1591} INFO - Exporting the following env vars:
AIRFLOW_CTX_DAG_OWNER=marina_z
AIRFLOW_CTX_DAG_ID=fetch_exchange_rates_dag
AIRFLOW_CTX_TASK_ID=fetch_exchange_rates_task
AIRFLOW_CTX_EXECUTION_DATE=2023-07-25T15:30:00+00:00
AIRFLOW_CTX_TRY_NUMBER=1
AIRFLOW_CTX_DAG_RUN_ID=scheduled__2023-07-25T15:30:00+00:00
[2023-07-26 05:05:53,977] {logging_mixin.py:115} INFO - Save a new file exchange_latest_BTC.csv
[2023-07-26 05:05:53,979] {logging_mixin.py:115} INFO - Create a new table exchange_latest_BTC
[2023-07-26 05:05:53,987] {logging_mixin.py:115} INFO - Insert into table exchange_latest_BTC
[2023-07-26 05:05:54,345] {logging_mixin.py:115} INFO - Save a new file exchange_latest_EUR.csv
[2023-07-26 05:05:54,347] {logging_mixin.py:115} INFO - Create a new table exchange_latest_EUR
[2023-07-26 05:05:54,356] {logging_mixin.py:115} INFO - Insert into table exchange_latest_EUR
[2023-07-26 05:05:54,717] {logging_mixin.py:115} INFO - Save a new file exchange_latest_GBR.csv
[2023-07-26 05:05:54,718] {logging_mixin.py:115} INFO - Create a new table exchange_latest_GBR
[2023-07-26 05:05:54,727] {logging_mixin.py:115} INFO - Insert into table exchange_latest_GBR
[2023-07-26 05:05:55,304] {logging_mixin.py:115} INFO - Save a new file exchange_latest_JPY.csv
[2023-07-26 05:05:55,308] {logging_mixin.py:115} INFO - Create a new table exchange_latest_JPY
[2023-07-26 05:05:55,324] {logging_mixin.py:115} INFO - Insert into table exchange_latest_JPY
[2023-07-26 05:05:55,784] {logging_mixin.py:115} INFO - Save a new file exchange_latest_CNY.csv
[2023-07-26 05:05:55,795] {logging_mixin.py:115} INFO - Create a new table exchange_latest_CNY
[2023-07-26 05:05:55,841] {logging_mixin.py:115} INFO - Insert into table exchange_latest_CNY
[2023-07-26 05:05:55,868] {python.py:173} INFO - Done. Returned value was: None
[2023-07-26 05:05:56,001] {taskinstance.py:1420} INFO - Marking task as SUCCESS. dag_id=fetch_exchange_rates_dag, task_id=fetch_exchange_rates_task, execution_date=20230725T153000, start_date=20230726T050551, end_date=20230726T050556
[2023-07-26 05:05:56,255] {local_task_job.py:156} INFO - Task exited with return code 0
[2023-07-26 05:05:56,451] {local_task_job.py:273} INFO - 1 downstream tasks scheduled from follow-on schedule check
