[2023-07-26 23:54:23,181] {taskinstance.py:1179} INFO - Dependencies all met for <TaskInstance: fetch_exchange_rates_dag.print_csv_table scheduled__2023-07-25T03:00:00+00:00 [queued]>
[2023-07-26 23:54:23,205] {taskinstance.py:1179} INFO - Dependencies all met for <TaskInstance: fetch_exchange_rates_dag.print_csv_table scheduled__2023-07-25T03:00:00+00:00 [queued]>
[2023-07-26 23:54:23,206] {taskinstance.py:1376} INFO - 
--------------------------------------------------------------------------------
[2023-07-26 23:54:23,207] {taskinstance.py:1377} INFO - Starting attempt 1 of 1
[2023-07-26 23:54:23,213] {taskinstance.py:1378} INFO - 
--------------------------------------------------------------------------------
[2023-07-26 23:54:23,246] {taskinstance.py:1397} INFO - Executing <Task(PythonOperator): print_csv_table> on 2023-07-25 03:00:00+00:00
[2023-07-26 23:54:23,261] {standard_task_runner.py:52} INFO - Started process 606 to run task
[2023-07-26 23:54:23,269] {standard_task_runner.py:79} INFO - Running: ['***', 'tasks', 'run', 'fetch_exchange_rates_dag', 'print_csv_table', 'scheduled__2023-07-25T03:00:00+00:00', '--job-id', '96', '--raw', '--subdir', 'DAGS_FOLDER/my_calc_rates.py', '--cfg-path', '/tmp/tmpo27ugckk', '--error-file', '/tmp/tmpal78opj_']
[2023-07-26 23:54:23,271] {standard_task_runner.py:80} INFO - Job 96: Subtask print_csv_table
[2023-07-26 23:54:23,557] {task_command.py:371} INFO - Running <TaskInstance: fetch_exchange_rates_dag.print_csv_table scheduled__2023-07-25T03:00:00+00:00 [running]> on host 43d0198bb36a
[2023-07-26 23:54:23,776] {taskinstance.py:1591} INFO - Exporting the following env vars:
AIRFLOW_CTX_DAG_OWNER=marina_z
AIRFLOW_CTX_DAG_ID=fetch_exchange_rates_dag
AIRFLOW_CTX_TASK_ID=print_csv_table
AIRFLOW_CTX_EXECUTION_DATE=2023-07-25T03:00:00+00:00
AIRFLOW_CTX_TRY_NUMBER=1
AIRFLOW_CTX_DAG_RUN_ID=scheduled__2023-07-25T03:00:00+00:00
[2023-07-26 23:54:23,837] {logging_mixin.py:115} INFO -   exchange_id  exchange_rate base_exchange        date
0         RUB     2625679.66           BTC  2023-07-26
1         RUB          99.72           EUR  2023-07-26
2         RUB          99.78           EUR  2023-07-26
3         RUB           0.64           JPY  2023-07-26
4         RUB          12.59           CNY  2023-07-26
[2023-07-26 23:54:23,838] {python.py:173} INFO - Done. Returned value was: None
[2023-07-26 23:54:23,861] {taskinstance.py:1420} INFO - Marking task as SUCCESS. dag_id=fetch_exchange_rates_dag, task_id=print_csv_table, execution_date=20230725T030000, start_date=20230726T235423, end_date=20230726T235423
[2023-07-26 23:54:23,926] {local_task_job.py:156} INFO - Task exited with return code 0
[2023-07-26 23:54:23,990] {local_task_job.py:273} INFO - 0 downstream tasks scheduled from follow-on schedule check
