[2023-07-26 23:54:11,628] {taskinstance.py:1179} INFO - Dependencies all met for <TaskInstance: fetch_exchange_rates_dag.bash_task scheduled__2023-07-25T04:00:00+00:00 [queued]>
[2023-07-26 23:54:11,656] {taskinstance.py:1179} INFO - Dependencies all met for <TaskInstance: fetch_exchange_rates_dag.bash_task scheduled__2023-07-25T04:00:00+00:00 [queued]>
[2023-07-26 23:54:11,658] {taskinstance.py:1376} INFO - 
--------------------------------------------------------------------------------
[2023-07-26 23:54:11,660] {taskinstance.py:1377} INFO - Starting attempt 1 of 1
[2023-07-26 23:54:11,661] {taskinstance.py:1378} INFO - 
--------------------------------------------------------------------------------
[2023-07-26 23:54:11,722] {taskinstance.py:1397} INFO - Executing <Task(BashOperator): bash_task> on 2023-07-25 04:00:00+00:00
[2023-07-26 23:54:11,739] {standard_task_runner.py:52} INFO - Started process 506 to run task
[2023-07-26 23:54:11,771] {standard_task_runner.py:79} INFO - Running: ['***', 'tasks', 'run', 'fetch_exchange_rates_dag', 'bash_task', 'scheduled__2023-07-25T04:00:00+00:00', '--job-id', '68', '--raw', '--subdir', 'DAGS_FOLDER/my_calc_rates.py', '--cfg-path', '/tmp/tmpotarfcp9', '--error-file', '/tmp/tmp85cs7u7q']
[2023-07-26 23:54:11,775] {standard_task_runner.py:80} INFO - Job 68: Subtask bash_task
[2023-07-26 23:54:12,080] {task_command.py:371} INFO - Running <TaskInstance: fetch_exchange_rates_dag.bash_task scheduled__2023-07-25T04:00:00+00:00 [running]> on host 43d0198bb36a
[2023-07-26 23:54:12,387] {taskinstance.py:1591} INFO - Exporting the following env vars:
AIRFLOW_CTX_DAG_OWNER=***
AIRFLOW_CTX_DAG_ID=fetch_exchange_rates_dag
AIRFLOW_CTX_TASK_ID=bash_task
AIRFLOW_CTX_EXECUTION_DATE=2023-07-25T04:00:00+00:00
AIRFLOW_CTX_TRY_NUMBER=1
AIRFLOW_CTX_DAG_RUN_ID=scheduled__2023-07-25T04:00:00+00:00
[2023-07-26 23:54:12,389] {subprocess.py:62} INFO - Tmp dir root location: 
 /tmp
[2023-07-26 23:54:12,390] {subprocess.py:74} INFO - Running command: ['bash', '-c', 'echo "Good morning my diggers!"']
[2023-07-26 23:54:12,455] {subprocess.py:85} INFO - Output:
[2023-07-26 23:54:12,464] {subprocess.py:92} INFO - Good morning my diggers!
[2023-07-26 23:54:12,465] {subprocess.py:96} INFO - Command exited with return code 0
[2023-07-26 23:54:12,553] {taskinstance.py:1420} INFO - Marking task as SUCCESS. dag_id=fetch_exchange_rates_dag, task_id=bash_task, execution_date=20230725T040000, start_date=20230726T235411, end_date=20230726T235412
[2023-07-26 23:54:12,703] {local_task_job.py:156} INFO - Task exited with return code 0
[2023-07-26 23:54:12,964] {local_task_job.py:273} INFO - 1 downstream tasks scheduled from follow-on schedule check
[2023-07-27 05:23:13,744] {taskinstance.py:1179} INFO - Dependencies all met for <TaskInstance: fetch_exchange_rates_dag.bash_task scheduled__2023-07-25T04:00:00+00:00 [queued]>
[2023-07-27 05:23:13,760] {taskinstance.py:1179} INFO - Dependencies all met for <TaskInstance: fetch_exchange_rates_dag.bash_task scheduled__2023-07-25T04:00:00+00:00 [queued]>
[2023-07-27 05:23:13,762] {taskinstance.py:1376} INFO - 
--------------------------------------------------------------------------------
[2023-07-27 05:23:13,769] {taskinstance.py:1377} INFO - Starting attempt 1 of 1
[2023-07-27 05:23:13,772] {taskinstance.py:1378} INFO - 
--------------------------------------------------------------------------------
[2023-07-27 05:23:13,800] {taskinstance.py:1397} INFO - Executing <Task(BashOperator): bash_task> on 2023-07-25 04:00:00+00:00
[2023-07-27 05:23:13,820] {standard_task_runner.py:52} INFO - Started process 190 to run task
[2023-07-27 05:23:13,828] {standard_task_runner.py:79} INFO - Running: ['***', 'tasks', 'run', 'fetch_exchange_rates_dag', 'bash_task', 'scheduled__2023-07-25T04:00:00+00:00', '--job-id', '26', '--raw', '--subdir', 'DAGS_FOLDER/my_calc_rates.py', '--cfg-path', '/tmp/tmpmf_ev_7b', '--error-file', '/tmp/tmppvfoie4u']
[2023-07-27 05:23:13,832] {standard_task_runner.py:80} INFO - Job 26: Subtask bash_task
[2023-07-27 05:23:13,980] {task_command.py:371} INFO - Running <TaskInstance: fetch_exchange_rates_dag.bash_task scheduled__2023-07-25T04:00:00+00:00 [running]> on host 947ec32f6ac5
[2023-07-27 05:23:14,109] {taskinstance.py:1591} INFO - Exporting the following env vars:
AIRFLOW_CTX_DAG_OWNER=***
AIRFLOW_CTX_DAG_ID=fetch_exchange_rates_dag
AIRFLOW_CTX_TASK_ID=bash_task
AIRFLOW_CTX_EXECUTION_DATE=2023-07-25T04:00:00+00:00
AIRFLOW_CTX_TRY_NUMBER=1
AIRFLOW_CTX_DAG_RUN_ID=scheduled__2023-07-25T04:00:00+00:00
[2023-07-27 05:23:14,114] {subprocess.py:62} INFO - Tmp dir root location: 
 /tmp
[2023-07-27 05:23:14,116] {subprocess.py:74} INFO - Running command: ['bash', '-c', 'echo "Good morning my diggers!"']
[2023-07-27 05:23:14,178] {subprocess.py:85} INFO - Output:
[2023-07-27 05:23:14,180] {subprocess.py:92} INFO - Good morning my diggers!
[2023-07-27 05:23:14,181] {subprocess.py:96} INFO - Command exited with return code 0
[2023-07-27 05:23:14,297] {taskinstance.py:1420} INFO - Marking task as SUCCESS. dag_id=fetch_exchange_rates_dag, task_id=bash_task, execution_date=20230725T040000, start_date=20230727T052313, end_date=20230727T052314
[2023-07-27 05:23:14,363] {local_task_job.py:156} INFO - Task exited with return code 0
[2023-07-27 05:23:14,412] {local_task_job.py:273} INFO - 0 downstream tasks scheduled from follow-on schedule check
