[2023-07-26 23:53:43,781] {taskinstance.py:1179} INFO - Dependencies all met for <TaskInstance: fetch_exchange_rates_dag.bash_task scheduled__2023-07-25T00:50:00+00:00 [queued]>
[2023-07-26 23:53:43,853] {taskinstance.py:1179} INFO - Dependencies all met for <TaskInstance: fetch_exchange_rates_dag.bash_task scheduled__2023-07-25T00:50:00+00:00 [queued]>
[2023-07-26 23:53:43,857] {taskinstance.py:1376} INFO - 
--------------------------------------------------------------------------------
[2023-07-26 23:53:43,858] {taskinstance.py:1377} INFO - Starting attempt 1 of 1
[2023-07-26 23:53:43,859] {taskinstance.py:1378} INFO - 
--------------------------------------------------------------------------------
[2023-07-26 23:53:44,003] {taskinstance.py:1397} INFO - Executing <Task(BashOperator): bash_task> on 2023-07-25 00:50:00+00:00
[2023-07-26 23:53:44,017] {standard_task_runner.py:52} INFO - Started process 269 to run task
[2023-07-26 23:53:44,026] {standard_task_runner.py:79} INFO - Running: ['***', 'tasks', 'run', 'fetch_exchange_rates_dag', 'bash_task', 'scheduled__2023-07-25T00:50:00+00:00', '--job-id', '5', '--raw', '--subdir', 'DAGS_FOLDER/my_calc_rates.py', '--cfg-path', '/tmp/tmp63i_n3gt', '--error-file', '/tmp/tmpzk04320n']
[2023-07-26 23:53:44,029] {standard_task_runner.py:80} INFO - Job 5: Subtask bash_task
[2023-07-26 23:53:44,365] {task_command.py:371} INFO - Running <TaskInstance: fetch_exchange_rates_dag.bash_task scheduled__2023-07-25T00:50:00+00:00 [running]> on host 43d0198bb36a
[2023-07-26 23:53:45,080] {taskinstance.py:1591} INFO - Exporting the following env vars:
AIRFLOW_CTX_DAG_OWNER=***
AIRFLOW_CTX_DAG_ID=fetch_exchange_rates_dag
AIRFLOW_CTX_TASK_ID=bash_task
AIRFLOW_CTX_EXECUTION_DATE=2023-07-25T00:50:00+00:00
AIRFLOW_CTX_TRY_NUMBER=1
AIRFLOW_CTX_DAG_RUN_ID=scheduled__2023-07-25T00:50:00+00:00
[2023-07-26 23:53:45,104] {subprocess.py:62} INFO - Tmp dir root location: 
 /tmp
[2023-07-26 23:53:45,111] {subprocess.py:74} INFO - Running command: ['bash', '-c', 'echo "Good morning my diggers!"']
[2023-07-26 23:53:45,179] {subprocess.py:85} INFO - Output:
[2023-07-26 23:53:45,182] {subprocess.py:92} INFO - Good morning my diggers!
[2023-07-26 23:53:45,183] {subprocess.py:96} INFO - Command exited with return code 0
[2023-07-26 23:53:45,340] {taskinstance.py:1420} INFO - Marking task as SUCCESS. dag_id=fetch_exchange_rates_dag, task_id=bash_task, execution_date=20230725T005000, start_date=20230726T235343, end_date=20230726T235345
[2023-07-26 23:53:45,513] {local_task_job.py:156} INFO - Task exited with return code 0
[2023-07-26 23:53:45,842] {local_task_job.py:273} INFO - 0 downstream tasks scheduled from follow-on schedule check
