[2023-07-26 05:04:54,406] {taskinstance.py:1179} INFO - Dependencies all met for <TaskInstance: fetch_exchange_rates_dag.print_csv_table scheduled__2023-07-25T09:30:00+00:00 [queued]>
[2023-07-26 05:04:54,485] {taskinstance.py:1179} INFO - Dependencies all met for <TaskInstance: fetch_exchange_rates_dag.print_csv_table scheduled__2023-07-25T09:30:00+00:00 [queued]>
[2023-07-26 05:04:54,486] {taskinstance.py:1376} INFO - 
--------------------------------------------------------------------------------
[2023-07-26 05:04:54,487] {taskinstance.py:1377} INFO - Starting attempt 1 of 1
[2023-07-26 05:04:54,488] {taskinstance.py:1378} INFO - 
--------------------------------------------------------------------------------
[2023-07-26 05:04:54,637] {taskinstance.py:1397} INFO - Executing <Task(PythonOperator): print_csv_table> on 2023-07-25 09:30:00+00:00
[2023-07-26 05:04:54,665] {standard_task_runner.py:52} INFO - Started process 910 to run task
[2023-07-26 05:04:54,685] {standard_task_runner.py:79} INFO - Running: ['***', 'tasks', 'run', 'fetch_exchange_rates_dag', 'print_csv_table', 'scheduled__2023-07-25T09:30:00+00:00', '--job-id', '210', '--raw', '--subdir', 'DAGS_FOLDER/my_calc_rates.py', '--cfg-path', '/tmp/tmpub_gdw9c', '--error-file', '/tmp/tmplzxue9yc']
[2023-07-26 05:04:54,689] {standard_task_runner.py:80} INFO - Job 210: Subtask print_csv_table
[2023-07-26 05:04:55,113] {task_command.py:371} INFO - Running <TaskInstance: fetch_exchange_rates_dag.print_csv_table scheduled__2023-07-25T09:30:00+00:00 [running]> on host acb6bca32630
[2023-07-26 05:04:55,450] {taskinstance.py:1591} INFO - Exporting the following env vars:
AIRFLOW_CTX_DAG_OWNER=marina_z
AIRFLOW_CTX_DAG_ID=fetch_exchange_rates_dag
AIRFLOW_CTX_TASK_ID=print_csv_table
AIRFLOW_CTX_EXECUTION_DATE=2023-07-25T09:30:00+00:00
AIRFLOW_CTX_TRY_NUMBER=1
AIRFLOW_CTX_DAG_RUN_ID=scheduled__2023-07-25T09:30:00+00:00
[2023-07-26 05:04:55,598] {logging_mixin.py:115} INFO -   exchange_id  exchange_rate base_exchange        date
0         RUB          99.60           EUR  2023-07-26
1         RUB          99.64           EUR  2023-07-26
2         RUB           0.64           JPY  2023-07-26
3         RUB          12.64           CNY  2023-07-26
[2023-07-26 05:04:55,602] {python.py:173} INFO - Done. Returned value was: None
[2023-07-26 05:04:55,946] {taskinstance.py:1420} INFO - Marking task as SUCCESS. dag_id=fetch_exchange_rates_dag, task_id=print_csv_table, execution_date=20230725T093000, start_date=20230726T050454, end_date=20230726T050455
[2023-07-26 05:04:56,077] {local_task_job.py:156} INFO - Task exited with return code 0
[2023-07-26 05:04:56,294] {local_task_job.py:273} INFO - 0 downstream tasks scheduled from follow-on schedule check
