[2023-07-25 20:34:50,143] {taskinstance.py:1179} INFO - Dependencies all met for <TaskInstance: fetch_exchange_rates_dag.fetch_exchange_rates_task scheduled__2023-07-25T03:00:00+00:00 [queued]>
[2023-07-25 20:34:50,166] {taskinstance.py:1179} INFO - Dependencies all met for <TaskInstance: fetch_exchange_rates_dag.fetch_exchange_rates_task scheduled__2023-07-25T03:00:00+00:00 [queued]>
[2023-07-25 20:34:50,167] {taskinstance.py:1376} INFO - 
--------------------------------------------------------------------------------
[2023-07-25 20:34:50,167] {taskinstance.py:1377} INFO - Starting attempt 1 of 1
[2023-07-25 20:34:50,168] {taskinstance.py:1378} INFO - 
--------------------------------------------------------------------------------
[2023-07-25 20:34:50,193] {taskinstance.py:1397} INFO - Executing <Task(PythonOperator): fetch_exchange_rates_task> on 2023-07-25 03:00:00+00:00
[2023-07-25 20:34:50,201] {standard_task_runner.py:52} INFO - Started process 8845 to run task
[2023-07-25 20:34:50,205] {standard_task_runner.py:79} INFO - Running: ['***', 'tasks', 'run', 'fetch_exchange_rates_dag', 'fetch_exchange_rates_task', 'scheduled__2023-07-25T03:00:00+00:00', '--job-id', '110', '--raw', '--subdir', 'DAGS_FOLDER/my_calc_rates.py', '--cfg-path', '/tmp/tmp6h6_26s7', '--error-file', '/tmp/tmpz6bhs31z']
[2023-07-25 20:34:50,207] {standard_task_runner.py:80} INFO - Job 110: Subtask fetch_exchange_rates_task
[2023-07-25 20:34:50,363] {task_command.py:371} INFO - Running <TaskInstance: fetch_exchange_rates_dag.fetch_exchange_rates_task scheduled__2023-07-25T03:00:00+00:00 [running]> on host 661c8d62a693
[2023-07-25 20:34:50,515] {taskinstance.py:1591} INFO - Exporting the following env vars:
AIRFLOW_CTX_DAG_OWNER=marina_z
AIRFLOW_CTX_DAG_ID=fetch_exchange_rates_dag
AIRFLOW_CTX_TASK_ID=fetch_exchange_rates_task
AIRFLOW_CTX_EXECUTION_DATE=2023-07-25T03:00:00+00:00
AIRFLOW_CTX_TRY_NUMBER=1
AIRFLOW_CTX_DAG_RUN_ID=scheduled__2023-07-25T03:00:00+00:00
[2023-07-25 20:34:52,437] {taskinstance.py:1909} ERROR - Task failed with exception
Traceback (most recent call last):
  File "/home/airflow/.local/lib/python3.7/site-packages/airflow/operators/python.py", line 171, in execute
    return_value = self.execute_callable()
  File "/home/airflow/.local/lib/python3.7/site-packages/airflow/operators/python.py", line 189, in execute_callable
    return self.python_callable(*self.op_args, **self.op_kwargs)
  File "/opt/airflow/dags/my_calc_rates.py", line 69, in fetch_exchange_rates
    load_to_postgres = PostgresOperator(
NameError: name 'PostgresOperator' is not defined
[2023-07-25 20:34:52,505] {taskinstance.py:1420} INFO - Marking task as FAILED. dag_id=fetch_exchange_rates_dag, task_id=fetch_exchange_rates_task, execution_date=20230725T030000, start_date=20230725T203450, end_date=20230725T203452
[2023-07-25 20:34:52,681] {standard_task_runner.py:97} ERROR - Failed to execute job 110 for task fetch_exchange_rates_task (name 'PostgresOperator' is not defined; 8845)
[2023-07-25 20:34:52,833] {local_task_job.py:156} INFO - Task exited with return code 1
[2023-07-25 20:34:53,047] {local_task_job.py:273} INFO - 0 downstream tasks scheduled from follow-on schedule check
[2023-07-26 05:03:45,476] {taskinstance.py:1179} INFO - Dependencies all met for <TaskInstance: fetch_exchange_rates_dag.fetch_exchange_rates_task scheduled__2023-07-25T03:00:00+00:00 [queued]>
[2023-07-26 05:03:45,560] {taskinstance.py:1179} INFO - Dependencies all met for <TaskInstance: fetch_exchange_rates_dag.fetch_exchange_rates_task scheduled__2023-07-25T03:00:00+00:00 [queued]>
[2023-07-26 05:03:45,561] {taskinstance.py:1376} INFO - 
--------------------------------------------------------------------------------
[2023-07-26 05:03:45,562] {taskinstance.py:1377} INFO - Starting attempt 1 of 1
[2023-07-26 05:03:45,562] {taskinstance.py:1378} INFO - 
--------------------------------------------------------------------------------
[2023-07-26 05:03:45,700] {taskinstance.py:1397} INFO - Executing <Task(PythonOperator): fetch_exchange_rates_task> on 2023-07-25 03:00:00+00:00
[2023-07-26 05:03:45,744] {standard_task_runner.py:52} INFO - Started process 408 to run task
[2023-07-26 05:03:45,744] {standard_task_runner.py:79} INFO - Running: ['***', 'tasks', 'run', 'fetch_exchange_rates_dag', 'fetch_exchange_rates_task', 'scheduled__2023-07-25T03:00:00+00:00', '--job-id', '67', '--raw', '--subdir', 'DAGS_FOLDER/my_calc_rates.py', '--cfg-path', '/tmp/tmpnvno8qmx', '--error-file', '/tmp/tmpiuvd4zc0']
[2023-07-26 05:03:45,749] {standard_task_runner.py:80} INFO - Job 67: Subtask fetch_exchange_rates_task
[2023-07-26 05:03:45,988] {task_command.py:371} INFO - Running <TaskInstance: fetch_exchange_rates_dag.fetch_exchange_rates_task scheduled__2023-07-25T03:00:00+00:00 [running]> on host acb6bca32630
[2023-07-26 05:03:46,315] {taskinstance.py:1591} INFO - Exporting the following env vars:
AIRFLOW_CTX_DAG_OWNER=marina_z
AIRFLOW_CTX_DAG_ID=fetch_exchange_rates_dag
AIRFLOW_CTX_TASK_ID=fetch_exchange_rates_task
AIRFLOW_CTX_EXECUTION_DATE=2023-07-25T03:00:00+00:00
AIRFLOW_CTX_TRY_NUMBER=1
AIRFLOW_CTX_DAG_RUN_ID=scheduled__2023-07-25T03:00:00+00:00
[2023-07-26 05:03:46,937] {logging_mixin.py:115} INFO - Save a new file exchange_latest_BTC.csv
[2023-07-26 05:03:46,942] {logging_mixin.py:115} INFO - Create a new table exchange_latest_BTC
[2023-07-26 05:03:46,989] {logging_mixin.py:115} INFO - Insert into table exchange_latest_BTC
[2023-07-26 05:03:47,018] {taskinstance.py:1909} ERROR - Task failed with exception
Traceback (most recent call last):
  File "/home/airflow/.local/lib/python3.7/site-packages/airflow/operators/python.py", line 171, in execute
    return_value = self.execute_callable()
  File "/home/airflow/.local/lib/python3.7/site-packages/airflow/operators/python.py", line 189, in execute_callable
    return self.python_callable(*self.op_args, **self.op_kwargs)
  File "/opt/airflow/dags/my_calc_rates.py", line 99, in fetch_exchange_rates
    cur.execute(copy_query)
psycopg2.errors.InvalidTextRepresentation: invalid input syntax for type numeric: "2622163,5"
CONTEXT:  COPY exchange_rates_btc, line 2, column exchange_rate: "2622163,5"

[2023-07-26 05:03:47,064] {taskinstance.py:1420} INFO - Marking task as FAILED. dag_id=fetch_exchange_rates_dag, task_id=fetch_exchange_rates_task, execution_date=20230725T030000, start_date=20230726T050345, end_date=20230726T050347
[2023-07-26 05:03:47,194] {standard_task_runner.py:97} ERROR - Failed to execute job 67 for task fetch_exchange_rates_task (invalid input syntax for type numeric: "2622163,5"
CONTEXT:  COPY exchange_rates_btc, line 2, column exchange_rate: "2622163,5"
; 408)
[2023-07-26 05:03:47,316] {local_task_job.py:156} INFO - Task exited with return code 1
[2023-07-26 05:03:48,003] {local_task_job.py:273} INFO - 0 downstream tasks scheduled from follow-on schedule check
