[2023-07-26 23:53:45,762] {taskinstance.py:1179} INFO - Dependencies all met for <TaskInstance: fetch_exchange_rates_dag.bash_task scheduled__2023-07-25T01:30:00+00:00 [queued]>
[2023-07-26 23:53:45,817] {taskinstance.py:1179} INFO - Dependencies all met for <TaskInstance: fetch_exchange_rates_dag.bash_task scheduled__2023-07-25T01:30:00+00:00 [queued]>
[2023-07-26 23:53:45,820] {taskinstance.py:1376} INFO - 
--------------------------------------------------------------------------------
[2023-07-26 23:53:45,821] {taskinstance.py:1377} INFO - Starting attempt 1 of 1
[2023-07-26 23:53:45,823] {taskinstance.py:1378} INFO - 
--------------------------------------------------------------------------------
[2023-07-26 23:53:45,954] {taskinstance.py:1397} INFO - Executing <Task(BashOperator): bash_task> on 2023-07-25 01:30:00+00:00
[2023-07-26 23:53:45,983] {standard_task_runner.py:52} INFO - Started process 296 to run task
[2023-07-26 23:53:46,036] {standard_task_runner.py:79} INFO - Running: ['***', 'tasks', 'run', 'fetch_exchange_rates_dag', 'bash_task', 'scheduled__2023-07-25T01:30:00+00:00', '--job-id', '7', '--raw', '--subdir', 'DAGS_FOLDER/my_calc_rates.py', '--cfg-path', '/tmp/tmpi6zp1j9a', '--error-file', '/tmp/tmp9ohwyp2p']
[2023-07-26 23:53:46,052] {standard_task_runner.py:80} INFO - Job 7: Subtask bash_task
[2023-07-26 23:53:46,267] {task_command.py:371} INFO - Running <TaskInstance: fetch_exchange_rates_dag.bash_task scheduled__2023-07-25T01:30:00+00:00 [running]> on host 43d0198bb36a
[2023-07-26 23:53:46,582] {taskinstance.py:1591} INFO - Exporting the following env vars:
AIRFLOW_CTX_DAG_OWNER=***
AIRFLOW_CTX_DAG_ID=fetch_exchange_rates_dag
AIRFLOW_CTX_TASK_ID=bash_task
AIRFLOW_CTX_EXECUTION_DATE=2023-07-25T01:30:00+00:00
AIRFLOW_CTX_TRY_NUMBER=1
AIRFLOW_CTX_DAG_RUN_ID=scheduled__2023-07-25T01:30:00+00:00
[2023-07-26 23:53:46,585] {subprocess.py:62} INFO - Tmp dir root location: 
 /tmp
[2023-07-26 23:53:46,587] {subprocess.py:74} INFO - Running command: ['bash', '-c', 'echo "Good morning my diggers!"']
[2023-07-26 23:53:46,706] {subprocess.py:85} INFO - Output:
[2023-07-26 23:53:46,707] {subprocess.py:92} INFO - Good morning my diggers!
[2023-07-26 23:53:46,708] {subprocess.py:96} INFO - Command exited with return code 0
[2023-07-26 23:53:46,832] {taskinstance.py:1420} INFO - Marking task as SUCCESS. dag_id=fetch_exchange_rates_dag, task_id=bash_task, execution_date=20230725T013000, start_date=20230726T235345, end_date=20230726T235346
[2023-07-26 23:53:47,030] {local_task_job.py:156} INFO - Task exited with return code 0
[2023-07-26 23:53:47,347] {local_task_job.py:273} INFO - 0 downstream tasks scheduled from follow-on schedule check
