[2023-07-25 23:54:30,233] {taskinstance.py:1179} INFO - Dependencies all met for <TaskInstance: fetch_exchange_rates_dag.fetch_exchange_rates_task manual__2023-07-25T23:54:29.445929+00:00 [queued]>
[2023-07-25 23:54:30,241] {taskinstance.py:1179} INFO - Dependencies all met for <TaskInstance: fetch_exchange_rates_dag.fetch_exchange_rates_task manual__2023-07-25T23:54:29.445929+00:00 [queued]>
[2023-07-25 23:54:30,242] {taskinstance.py:1376} INFO - 
--------------------------------------------------------------------------------
[2023-07-25 23:54:30,242] {taskinstance.py:1377} INFO - Starting attempt 1 of 1
[2023-07-25 23:54:30,243] {taskinstance.py:1378} INFO - 
--------------------------------------------------------------------------------
[2023-07-25 23:54:30,253] {taskinstance.py:1397} INFO - Executing <Task(PythonOperator): fetch_exchange_rates_task> on 2023-07-25 23:54:29.445929+00:00
[2023-07-25 23:54:30,258] {standard_task_runner.py:52} INFO - Started process 902 to run task
[2023-07-25 23:54:30,260] {standard_task_runner.py:79} INFO - Running: ['***', 'tasks', 'run', 'fetch_exchange_rates_dag', 'fetch_exchange_rates_task', 'manual__2023-07-25T23:54:29.445929+00:00', '--job-id', '363', '--raw', '--subdir', 'DAGS_FOLDER/my_calc_rates.py', '--cfg-path', '/tmp/tmp_iwmwd8o', '--error-file', '/tmp/tmpjssk715s']
[2023-07-25 23:54:30,262] {standard_task_runner.py:80} INFO - Job 363: Subtask fetch_exchange_rates_task
[2023-07-25 23:54:30,320] {task_command.py:371} INFO - Running <TaskInstance: fetch_exchange_rates_dag.fetch_exchange_rates_task manual__2023-07-25T23:54:29.445929+00:00 [running]> on host 661c8d62a693
[2023-07-25 23:54:30,376] {taskinstance.py:1591} INFO - Exporting the following env vars:
AIRFLOW_CTX_DAG_OWNER=marina_z
AIRFLOW_CTX_DAG_ID=fetch_exchange_rates_dag
AIRFLOW_CTX_TASK_ID=fetch_exchange_rates_task
AIRFLOW_CTX_EXECUTION_DATE=2023-07-25T23:54:29.445929+00:00
AIRFLOW_CTX_TRY_NUMBER=1
AIRFLOW_CTX_DAG_RUN_ID=manual__2023-07-25T23:54:29.445929+00:00
[2023-07-25 23:54:30,717] {logging_mixin.py:115} INFO - Save a new table exchange_latest_BTC.csv
[2023-07-25 23:54:30,731] {taskinstance.py:1909} ERROR - Task failed with exception
Traceback (most recent call last):
  File "/home/airflow/.local/lib/python3.7/site-packages/airflow/operators/python.py", line 171, in execute
    return_value = self.execute_callable()
  File "/home/airflow/.local/lib/python3.7/site-packages/airflow/operators/python.py", line 189, in execute_callable
    return self.python_callable(*self.op_args, **self.op_kwargs)
  File "/opt/airflow/dags/my_calc_rates.py", line 91, in fetch_exchange_rates
    cur.execute(copy_query)
psycopg2.errors.SyntaxError: syntax error at or near "exchange_latest_BTC"
LINE 4:             FROM exchange_latest_BTC.csv
                         ^

[2023-07-25 23:54:30,740] {taskinstance.py:1420} INFO - Marking task as FAILED. dag_id=fetch_exchange_rates_dag, task_id=fetch_exchange_rates_task, execution_date=20230725T235429, start_date=20230725T235430, end_date=20230725T235430
[2023-07-25 23:54:30,748] {standard_task_runner.py:97} ERROR - Failed to execute job 363 for task fetch_exchange_rates_task (syntax error at or near "exchange_latest_BTC"
LINE 4:             FROM exchange_latest_BTC.csv
                         ^
; 902)
[2023-07-25 23:54:30,795] {local_task_job.py:156} INFO - Task exited with return code 1
[2023-07-25 23:54:30,823] {local_task_job.py:273} INFO - 0 downstream tasks scheduled from follow-on schedule check
