[2023-07-25 20:38:48,731] {taskinstance.py:1179} INFO - Dependencies all met for <TaskInstance: fetch_exchange_rates_dag.fetch_exchange_rates_task scheduled__2023-07-25T18:40:00+00:00 [queued]>
[2023-07-25 20:38:48,746] {taskinstance.py:1179} INFO - Dependencies all met for <TaskInstance: fetch_exchange_rates_dag.fetch_exchange_rates_task scheduled__2023-07-25T18:40:00+00:00 [queued]>
[2023-07-25 20:38:48,748] {taskinstance.py:1376} INFO - 
--------------------------------------------------------------------------------
[2023-07-25 20:38:48,753] {taskinstance.py:1377} INFO - Starting attempt 1 of 1
[2023-07-25 20:38:48,754] {taskinstance.py:1378} INFO - 
--------------------------------------------------------------------------------
[2023-07-25 20:38:48,808] {taskinstance.py:1397} INFO - Executing <Task(PythonOperator): fetch_exchange_rates_task> on 2023-07-25 18:40:00+00:00
[2023-07-25 20:38:48,814] {standard_task_runner.py:52} INFO - Started process 9331 to run task
[2023-07-25 20:38:48,836] {standard_task_runner.py:79} INFO - Running: ['***', 'tasks', 'run', 'fetch_exchange_rates_dag', 'fetch_exchange_rates_task', 'scheduled__2023-07-25T18:40:00+00:00', '--job-id', '210', '--raw', '--subdir', 'DAGS_FOLDER/my_calc_rates.py', '--cfg-path', '/tmp/tmpwmdy8nnj', '--error-file', '/tmp/tmpb18br87l']
[2023-07-25 20:38:48,839] {standard_task_runner.py:80} INFO - Job 210: Subtask fetch_exchange_rates_task
[2023-07-25 20:38:48,976] {task_command.py:371} INFO - Running <TaskInstance: fetch_exchange_rates_dag.fetch_exchange_rates_task scheduled__2023-07-25T18:40:00+00:00 [running]> on host 661c8d62a693
[2023-07-25 20:38:49,099] {taskinstance.py:1591} INFO - Exporting the following env vars:
AIRFLOW_CTX_DAG_OWNER=marina_z
AIRFLOW_CTX_DAG_ID=fetch_exchange_rates_dag
AIRFLOW_CTX_TASK_ID=fetch_exchange_rates_task
AIRFLOW_CTX_EXECUTION_DATE=2023-07-25T18:40:00+00:00
AIRFLOW_CTX_TRY_NUMBER=1
AIRFLOW_CTX_DAG_RUN_ID=scheduled__2023-07-25T18:40:00+00:00
[2023-07-25 20:38:50,949] {taskinstance.py:1909} ERROR - Task failed with exception
Traceback (most recent call last):
  File "/home/airflow/.local/lib/python3.7/site-packages/airflow/operators/python.py", line 171, in execute
    return_value = self.execute_callable()
  File "/home/airflow/.local/lib/python3.7/site-packages/airflow/operators/python.py", line 189, in execute_callable
    return self.python_callable(*self.op_args, **self.op_kwargs)
  File "/opt/airflow/dags/my_calc_rates.py", line 69, in fetch_exchange_rates
    load_to_postgres = PostgresOperator(
NameError: name 'PostgresOperator' is not defined
[2023-07-25 20:38:50,979] {taskinstance.py:1420} INFO - Marking task as FAILED. dag_id=fetch_exchange_rates_dag, task_id=fetch_exchange_rates_task, execution_date=20230725T184000, start_date=20230725T203848, end_date=20230725T203850
[2023-07-25 20:38:50,999] {standard_task_runner.py:97} ERROR - Failed to execute job 210 for task fetch_exchange_rates_task (name 'PostgresOperator' is not defined; 9331)
[2023-07-25 20:38:51,035] {local_task_job.py:156} INFO - Task exited with return code 1
[2023-07-25 20:38:51,094] {local_task_job.py:273} INFO - 0 downstream tasks scheduled from follow-on schedule check
[2023-07-26 05:06:25,702] {taskinstance.py:1179} INFO - Dependencies all met for <TaskInstance: fetch_exchange_rates_dag.fetch_exchange_rates_task scheduled__2023-07-25T18:40:00+00:00 [queued]>
[2023-07-26 05:06:25,789] {taskinstance.py:1179} INFO - Dependencies all met for <TaskInstance: fetch_exchange_rates_dag.fetch_exchange_rates_task scheduled__2023-07-25T18:40:00+00:00 [queued]>
[2023-07-26 05:06:25,791] {taskinstance.py:1376} INFO - 
--------------------------------------------------------------------------------
[2023-07-26 05:06:25,793] {taskinstance.py:1377} INFO - Starting attempt 1 of 1
[2023-07-26 05:06:25,794] {taskinstance.py:1378} INFO - 
--------------------------------------------------------------------------------
[2023-07-26 05:06:25,903] {taskinstance.py:1397} INFO - Executing <Task(PythonOperator): fetch_exchange_rates_task> on 2023-07-25 18:40:00+00:00
[2023-07-26 05:06:25,940] {standard_task_runner.py:52} INFO - Started process 1581 to run task
[2023-07-26 05:06:25,972] {standard_task_runner.py:79} INFO - Running: ['***', 'tasks', 'run', 'fetch_exchange_rates_dag', 'fetch_exchange_rates_task', 'scheduled__2023-07-25T18:40:00+00:00', '--job-id', '397', '--raw', '--subdir', 'DAGS_FOLDER/my_calc_rates.py', '--cfg-path', '/tmp/tmpv65o3ljp', '--error-file', '/tmp/tmp41mvdpl0']
[2023-07-26 05:06:25,977] {standard_task_runner.py:80} INFO - Job 397: Subtask fetch_exchange_rates_task
[2023-07-26 05:06:26,689] {task_command.py:371} INFO - Running <TaskInstance: fetch_exchange_rates_dag.fetch_exchange_rates_task scheduled__2023-07-25T18:40:00+00:00 [running]> on host acb6bca32630
[2023-07-26 05:06:27,517] {taskinstance.py:1591} INFO - Exporting the following env vars:
AIRFLOW_CTX_DAG_OWNER=marina_z
AIRFLOW_CTX_DAG_ID=fetch_exchange_rates_dag
AIRFLOW_CTX_TASK_ID=fetch_exchange_rates_task
AIRFLOW_CTX_EXECUTION_DATE=2023-07-25T18:40:00+00:00
AIRFLOW_CTX_TRY_NUMBER=1
AIRFLOW_CTX_DAG_RUN_ID=scheduled__2023-07-25T18:40:00+00:00
[2023-07-26 05:06:28,866] {logging_mixin.py:115} INFO - Save a new file exchange_latest_BTC.csv
[2023-07-26 05:06:28,868] {logging_mixin.py:115} INFO - Create a new table exchange_latest_BTC
[2023-07-26 05:06:28,887] {logging_mixin.py:115} INFO - Insert into table exchange_latest_BTC
[2023-07-26 05:06:29,498] {logging_mixin.py:115} INFO - Save a new file exchange_latest_EUR.csv
[2023-07-26 05:06:29,502] {logging_mixin.py:115} INFO - Create a new table exchange_latest_EUR
[2023-07-26 05:06:29,521] {logging_mixin.py:115} INFO - Insert into table exchange_latest_EUR
[2023-07-26 05:06:30,308] {logging_mixin.py:115} INFO - Save a new file exchange_latest_GBR.csv
[2023-07-26 05:06:30,311] {logging_mixin.py:115} INFO - Create a new table exchange_latest_GBR
[2023-07-26 05:06:30,328] {logging_mixin.py:115} INFO - Insert into table exchange_latest_GBR
[2023-07-26 05:06:30,843] {logging_mixin.py:115} INFO - Save a new file exchange_latest_JPY.csv
[2023-07-26 05:06:30,849] {logging_mixin.py:115} INFO - Create a new table exchange_latest_JPY
[2023-07-26 05:06:30,877] {logging_mixin.py:115} INFO - Insert into table exchange_latest_JPY
[2023-07-26 05:06:31,322] {logging_mixin.py:115} INFO - Save a new file exchange_latest_CNY.csv
[2023-07-26 05:06:31,323] {logging_mixin.py:115} INFO - Create a new table exchange_latest_CNY
[2023-07-26 05:06:31,334] {logging_mixin.py:115} INFO - Insert into table exchange_latest_CNY
[2023-07-26 05:06:31,362] {python.py:173} INFO - Done. Returned value was: None
[2023-07-26 05:06:31,429] {taskinstance.py:1420} INFO - Marking task as SUCCESS. dag_id=fetch_exchange_rates_dag, task_id=fetch_exchange_rates_task, execution_date=20230725T184000, start_date=20230726T050625, end_date=20230726T050631
[2023-07-26 05:06:31,566] {local_task_job.py:156} INFO - Task exited with return code 0
[2023-07-26 05:06:31,765] {local_task_job.py:273} INFO - 1 downstream tasks scheduled from follow-on schedule check
