[2023-07-26 00:55:02,475] {taskinstance.py:1179} INFO - Dependencies all met for <TaskInstance: calc-rates.import_rates scheduled__2023-07-26T00:50:00+00:00 [queued]>
[2023-07-26 00:55:02,483] {taskinstance.py:1179} INFO - Dependencies all met for <TaskInstance: calc-rates.import_rates scheduled__2023-07-26T00:50:00+00:00 [queued]>
[2023-07-26 00:55:02,484] {taskinstance.py:1376} INFO - 
--------------------------------------------------------------------------------
[2023-07-26 00:55:02,485] {taskinstance.py:1377} INFO - Starting attempt 1 of 1
[2023-07-26 00:55:02,485] {taskinstance.py:1378} INFO - 
--------------------------------------------------------------------------------
[2023-07-26 00:55:02,496] {taskinstance.py:1397} INFO - Executing <Task(PythonOperator): import_rates> on 2023-07-26 00:50:00+00:00
[2023-07-26 00:55:02,500] {standard_task_runner.py:52} INFO - Started process 3900 to run task
[2023-07-26 00:55:02,503] {standard_task_runner.py:79} INFO - Running: ['***', 'tasks', 'run', 'calc-rates', 'import_rates', 'scheduled__2023-07-26T00:50:00+00:00', '--job-id', '402', '--raw', '--subdir', 'DAGS_FOLDER/calc_rates.py', '--cfg-path', '/tmp/tmp_ra_6azp', '--error-file', '/tmp/tmpoouq24qr']
[2023-07-26 00:55:02,504] {standard_task_runner.py:80} INFO - Job 402: Subtask import_rates
[2023-07-26 00:55:02,597] {task_command.py:371} INFO - Running <TaskInstance: calc-rates.import_rates scheduled__2023-07-26T00:50:00+00:00 [running]> on host 661c8d62a693
[2023-07-26 00:55:02,690] {taskinstance.py:1591} INFO - Exporting the following env vars:
AIRFLOW_CTX_DAG_OWNER=marina_z
AIRFLOW_CTX_DAG_ID=calc-rates
AIRFLOW_CTX_TASK_ID=import_rates
AIRFLOW_CTX_EXECUTION_DATE=2023-07-26T00:50:00+00:00
AIRFLOW_CTX_TRY_NUMBER=1
AIRFLOW_CTX_DAG_RUN_ID=scheduled__2023-07-26T00:50:00+00:00
[2023-07-26 00:55:03,070] {python.py:173} INFO - Done. Returned value was: None
[2023-07-26 00:55:03,082] {taskinstance.py:1420} INFO - Marking task as SUCCESS. dag_id=calc-rates, task_id=import_rates, execution_date=20230726T005000, start_date=20230726T005502, end_date=20230726T005503
[2023-07-26 00:55:03,119] {local_task_job.py:156} INFO - Task exited with return code 0
[2023-07-26 00:55:03,163] {local_task_job.py:273} INFO - 1 downstream tasks scheduled from follow-on schedule check
