[2023-07-26 04:18:11,010] {taskinstance.py:1179} INFO - Dependencies all met for <TaskInstance: fetch_exchange_rates_dag.bash_task scheduled__2023-07-26T01:50:00+00:00 [queued]>
[2023-07-26 04:18:11,089] {taskinstance.py:1179} INFO - Dependencies all met for <TaskInstance: fetch_exchange_rates_dag.bash_task scheduled__2023-07-26T01:50:00+00:00 [queued]>
[2023-07-26 04:18:11,092] {taskinstance.py:1376} INFO - 
--------------------------------------------------------------------------------
[2023-07-26 04:18:11,094] {taskinstance.py:1377} INFO - Starting attempt 1 of 1
[2023-07-26 04:18:11,094] {taskinstance.py:1378} INFO - 
--------------------------------------------------------------------------------
[2023-07-26 04:18:11,205] {taskinstance.py:1397} INFO - Executing <Task(BashOperator): bash_task> on 2023-07-26 01:50:00+00:00
[2023-07-26 04:18:11,236] {standard_task_runner.py:79} INFO - Running: ['***', 'tasks', 'run', 'fetch_exchange_rates_dag', 'bash_task', 'scheduled__2023-07-26T01:50:00+00:00', '--job-id', '43', '--raw', '--subdir', 'DAGS_FOLDER/my_calc_rates.py', '--cfg-path', '/tmp/tmpun4j2iib', '--error-file', '/tmp/tmpuuiyz_lm']
[2023-07-26 04:18:11,229] {standard_task_runner.py:52} INFO - Started process 7014 to run task
[2023-07-26 04:18:11,264] {standard_task_runner.py:80} INFO - Job 43: Subtask bash_task
[2023-07-26 04:18:11,547] {task_command.py:371} INFO - Running <TaskInstance: fetch_exchange_rates_dag.bash_task scheduled__2023-07-26T01:50:00+00:00 [running]> on host 6e11a261c833
[2023-07-26 04:18:11,882] {taskinstance.py:1591} INFO - Exporting the following env vars:
AIRFLOW_CTX_DAG_OWNER=***
AIRFLOW_CTX_DAG_ID=fetch_exchange_rates_dag
AIRFLOW_CTX_TASK_ID=bash_task
AIRFLOW_CTX_EXECUTION_DATE=2023-07-26T01:50:00+00:00
AIRFLOW_CTX_TRY_NUMBER=1
AIRFLOW_CTX_DAG_RUN_ID=scheduled__2023-07-26T01:50:00+00:00
[2023-07-26 04:18:11,885] {subprocess.py:62} INFO - Tmp dir root location: 
 /tmp
[2023-07-26 04:18:11,887] {subprocess.py:74} INFO - Running command: ['bash', '-c', 'echo "Good morning my diggers!"']
[2023-07-26 04:18:11,905] {subprocess.py:85} INFO - Output:
[2023-07-26 04:18:11,908] {subprocess.py:92} INFO - Good morning my diggers!
[2023-07-26 04:18:11,909] {subprocess.py:96} INFO - Command exited with return code 0
[2023-07-26 04:18:11,955] {taskinstance.py:1420} INFO - Marking task as SUCCESS. dag_id=fetch_exchange_rates_dag, task_id=bash_task, execution_date=20230726T015000, start_date=20230726T041811, end_date=20230726T041811
[2023-07-26 04:18:12,072] {local_task_job.py:156} INFO - Task exited with return code 0
[2023-07-26 04:18:12,356] {local_task_job.py:273} INFO - 0 downstream tasks scheduled from follow-on schedule check
[2023-07-26 05:07:39,618] {taskinstance.py:1179} INFO - Dependencies all met for <TaskInstance: fetch_exchange_rates_dag.bash_task scheduled__2023-07-26T01:50:00+00:00 [queued]>
[2023-07-26 05:07:39,673] {taskinstance.py:1179} INFO - Dependencies all met for <TaskInstance: fetch_exchange_rates_dag.bash_task scheduled__2023-07-26T01:50:00+00:00 [queued]>
[2023-07-26 05:07:39,674] {taskinstance.py:1376} INFO - 
--------------------------------------------------------------------------------
[2023-07-26 05:07:39,685] {taskinstance.py:1377} INFO - Starting attempt 1 of 1
[2023-07-26 05:07:39,685] {taskinstance.py:1378} INFO - 
--------------------------------------------------------------------------------
[2023-07-26 05:07:39,757] {taskinstance.py:1397} INFO - Executing <Task(BashOperator): bash_task> on 2023-07-26 01:50:00+00:00
[2023-07-26 05:07:39,778] {standard_task_runner.py:52} INFO - Started process 2104 to run task
[2023-07-26 05:07:39,801] {standard_task_runner.py:79} INFO - Running: ['***', 'tasks', 'run', 'fetch_exchange_rates_dag', 'bash_task', 'scheduled__2023-07-26T01:50:00+00:00', '--job-id', '545', '--raw', '--subdir', 'DAGS_FOLDER/my_calc_rates.py', '--cfg-path', '/tmp/tmpzpxvgasj', '--error-file', '/tmp/tmpyq5g4_av']
[2023-07-26 05:07:39,807] {standard_task_runner.py:80} INFO - Job 545: Subtask bash_task
[2023-07-26 05:07:40,205] {task_command.py:371} INFO - Running <TaskInstance: fetch_exchange_rates_dag.bash_task scheduled__2023-07-26T01:50:00+00:00 [running]> on host acb6bca32630
[2023-07-26 05:07:40,757] {taskinstance.py:1591} INFO - Exporting the following env vars:
AIRFLOW_CTX_DAG_OWNER=***
AIRFLOW_CTX_DAG_ID=fetch_exchange_rates_dag
AIRFLOW_CTX_TASK_ID=bash_task
AIRFLOW_CTX_EXECUTION_DATE=2023-07-26T01:50:00+00:00
AIRFLOW_CTX_TRY_NUMBER=1
AIRFLOW_CTX_DAG_RUN_ID=scheduled__2023-07-26T01:50:00+00:00
[2023-07-26 05:07:40,759] {subprocess.py:62} INFO - Tmp dir root location: 
 /tmp
[2023-07-26 05:07:40,761] {subprocess.py:74} INFO - Running command: ['bash', '-c', 'echo "Good morning my diggers!"']
[2023-07-26 05:07:40,838] {subprocess.py:85} INFO - Output:
[2023-07-26 05:07:40,851] {subprocess.py:92} INFO - Good morning my diggers!
[2023-07-26 05:07:40,854] {subprocess.py:96} INFO - Command exited with return code 0
[2023-07-26 05:07:40,944] {taskinstance.py:1420} INFO - Marking task as SUCCESS. dag_id=fetch_exchange_rates_dag, task_id=bash_task, execution_date=20230726T015000, start_date=20230726T050739, end_date=20230726T050740
[2023-07-26 05:07:41,105] {local_task_job.py:156} INFO - Task exited with return code 0
[2023-07-26 05:07:41,288] {local_task_job.py:273} INFO - 1 downstream tasks scheduled from follow-on schedule check
