[2023-07-26 05:04:55,531] {taskinstance.py:1179} INFO - Dependencies all met for <TaskInstance: fetch_exchange_rates_dag.bash_task scheduled__2023-07-25T10:00:00+00:00 [queued]>
[2023-07-26 05:04:55,618] {taskinstance.py:1179} INFO - Dependencies all met for <TaskInstance: fetch_exchange_rates_dag.bash_task scheduled__2023-07-25T10:00:00+00:00 [queued]>
[2023-07-26 05:04:55,624] {taskinstance.py:1376} INFO - 
--------------------------------------------------------------------------------
[2023-07-26 05:04:55,627] {taskinstance.py:1377} INFO - Starting attempt 1 of 1
[2023-07-26 05:04:55,627] {taskinstance.py:1378} INFO - 
--------------------------------------------------------------------------------
[2023-07-26 05:04:55,701] {taskinstance.py:1397} INFO - Executing <Task(BashOperator): bash_task> on 2023-07-25 10:00:00+00:00
[2023-07-26 05:04:55,747] {standard_task_runner.py:52} INFO - Started process 917 to run task
[2023-07-26 05:04:55,789] {standard_task_runner.py:79} INFO - Running: ['***', 'tasks', 'run', 'fetch_exchange_rates_dag', 'bash_task', 'scheduled__2023-07-25T10:00:00+00:00', '--job-id', '212', '--raw', '--subdir', 'DAGS_FOLDER/my_calc_rates.py', '--cfg-path', '/tmp/tmp5w2ejmhu', '--error-file', '/tmp/tmp3e7loo0a']
[2023-07-26 05:04:55,809] {standard_task_runner.py:80} INFO - Job 212: Subtask bash_task
[2023-07-26 05:04:56,165] {task_command.py:371} INFO - Running <TaskInstance: fetch_exchange_rates_dag.bash_task scheduled__2023-07-25T10:00:00+00:00 [running]> on host acb6bca32630
[2023-07-26 05:04:56,799] {taskinstance.py:1591} INFO - Exporting the following env vars:
AIRFLOW_CTX_DAG_OWNER=***
AIRFLOW_CTX_DAG_ID=fetch_exchange_rates_dag
AIRFLOW_CTX_TASK_ID=bash_task
AIRFLOW_CTX_EXECUTION_DATE=2023-07-25T10:00:00+00:00
AIRFLOW_CTX_TRY_NUMBER=1
AIRFLOW_CTX_DAG_RUN_ID=scheduled__2023-07-25T10:00:00+00:00
[2023-07-26 05:04:56,802] {subprocess.py:62} INFO - Tmp dir root location: 
 /tmp
[2023-07-26 05:04:56,805] {subprocess.py:74} INFO - Running command: ['bash', '-c', 'echo "Good morning my diggers!"']
[2023-07-26 05:04:56,924] {subprocess.py:85} INFO - Output:
[2023-07-26 05:04:56,949] {subprocess.py:92} INFO - Good morning my diggers!
[2023-07-26 05:04:56,953] {subprocess.py:96} INFO - Command exited with return code 0
[2023-07-26 05:04:57,091] {taskinstance.py:1420} INFO - Marking task as SUCCESS. dag_id=fetch_exchange_rates_dag, task_id=bash_task, execution_date=20230725T100000, start_date=20230726T050455, end_date=20230726T050457
[2023-07-26 05:04:57,207] {local_task_job.py:156} INFO - Task exited with return code 0
[2023-07-26 05:04:57,345] {local_task_job.py:273} INFO - 1 downstream tasks scheduled from follow-on schedule check
