[2023-07-26 04:18:41,245] {taskinstance.py:1179} INFO - Dependencies all met for <TaskInstance: fetch_exchange_rates_dag.print_csv_table scheduled__2023-07-26T02:40:00+00:00 [queued]>
[2023-07-26 04:18:41,257] {taskinstance.py:1179} INFO - Dependencies all met for <TaskInstance: fetch_exchange_rates_dag.print_csv_table scheduled__2023-07-26T02:40:00+00:00 [queued]>
[2023-07-26 04:18:41,258] {taskinstance.py:1376} INFO - 
--------------------------------------------------------------------------------
[2023-07-26 04:18:41,259] {taskinstance.py:1377} INFO - Starting attempt 1 of 1
[2023-07-26 04:18:41,259] {taskinstance.py:1378} INFO - 
--------------------------------------------------------------------------------
[2023-07-26 04:18:41,275] {taskinstance.py:1397} INFO - Executing <Task(PythonOperator): print_csv_table> on 2023-07-26 02:40:00+00:00
[2023-07-26 04:18:41,285] {standard_task_runner.py:52} INFO - Started process 7228 to run task
[2023-07-26 04:18:41,291] {standard_task_runner.py:79} INFO - Running: ['***', 'tasks', 'run', 'fetch_exchange_rates_dag', 'print_csv_table', 'scheduled__2023-07-26T02:40:00+00:00', '--job-id', '112', '--raw', '--subdir', 'DAGS_FOLDER/my_calc_rates.py', '--cfg-path', '/tmp/tmpgtknu8f4', '--error-file', '/tmp/tmpslipmu5n']
[2023-07-26 04:18:41,293] {standard_task_runner.py:80} INFO - Job 112: Subtask print_csv_table
[2023-07-26 04:18:41,452] {task_command.py:371} INFO - Running <TaskInstance: fetch_exchange_rates_dag.print_csv_table scheduled__2023-07-26T02:40:00+00:00 [running]> on host 6e11a261c833
[2023-07-26 04:18:41,586] {taskinstance.py:1591} INFO - Exporting the following env vars:
AIRFLOW_CTX_DAG_OWNER=marina_z
AIRFLOW_CTX_DAG_ID=fetch_exchange_rates_dag
AIRFLOW_CTX_TASK_ID=print_csv_table
AIRFLOW_CTX_EXECUTION_DATE=2023-07-26T02:40:00+00:00
AIRFLOW_CTX_TRY_NUMBER=1
AIRFLOW_CTX_DAG_RUN_ID=scheduled__2023-07-26T02:40:00+00:00
[2023-07-26 04:18:41,618] {logging_mixin.py:115} INFO -   exchange_id  exchange_rate base_exchange        date
0         RUB   2.622164e+06           BTC  2023-07-26
1         RUB   9.960367e+01           EUR  2023-07-26
2         RUB   9.964221e+01           EUR  2023-07-26
3         RUB   6.397940e-01           JPY  2023-07-26
4         RUB   1.263880e+01           CNY  2023-07-26
[2023-07-26 04:18:41,619] {python.py:173} INFO - Done. Returned value was: None
[2023-07-26 04:18:41,650] {taskinstance.py:1420} INFO - Marking task as SUCCESS. dag_id=fetch_exchange_rates_dag, task_id=print_csv_table, execution_date=20230726T024000, start_date=20230726T041841, end_date=20230726T041841
[2023-07-26 04:18:41,673] {local_task_job.py:156} INFO - Task exited with return code 0
[2023-07-26 04:18:41,713] {local_task_job.py:273} INFO - 0 downstream tasks scheduled from follow-on schedule check
[2023-07-26 05:08:08,021] {taskinstance.py:1179} INFO - Dependencies all met for <TaskInstance: fetch_exchange_rates_dag.print_csv_table scheduled__2023-07-26T02:40:00+00:00 [queued]>
[2023-07-26 05:08:08,043] {taskinstance.py:1179} INFO - Dependencies all met for <TaskInstance: fetch_exchange_rates_dag.print_csv_table scheduled__2023-07-26T02:40:00+00:00 [queued]>
[2023-07-26 05:08:08,044] {taskinstance.py:1376} INFO - 
--------------------------------------------------------------------------------
[2023-07-26 05:08:08,045] {taskinstance.py:1377} INFO - Starting attempt 1 of 1
[2023-07-26 05:08:08,046] {taskinstance.py:1378} INFO - 
--------------------------------------------------------------------------------
[2023-07-26 05:08:08,071] {taskinstance.py:1397} INFO - Executing <Task(PythonOperator): print_csv_table> on 2023-07-26 02:40:00+00:00
[2023-07-26 05:08:08,077] {standard_task_runner.py:52} INFO - Started process 2250 to run task
[2023-07-26 05:08:08,087] {standard_task_runner.py:79} INFO - Running: ['***', 'tasks', 'run', 'fetch_exchange_rates_dag', 'print_csv_table', 'scheduled__2023-07-26T02:40:00+00:00', '--job-id', '592', '--raw', '--subdir', 'DAGS_FOLDER/my_calc_rates.py', '--cfg-path', '/tmp/tmpa_is7470', '--error-file', '/tmp/tmpbsmowchn']
[2023-07-26 05:08:08,089] {standard_task_runner.py:80} INFO - Job 592: Subtask print_csv_table
[2023-07-26 05:08:08,223] {task_command.py:371} INFO - Running <TaskInstance: fetch_exchange_rates_dag.print_csv_table scheduled__2023-07-26T02:40:00+00:00 [running]> on host acb6bca32630
[2023-07-26 05:08:08,363] {taskinstance.py:1591} INFO - Exporting the following env vars:
AIRFLOW_CTX_DAG_OWNER=marina_z
AIRFLOW_CTX_DAG_ID=fetch_exchange_rates_dag
AIRFLOW_CTX_TASK_ID=print_csv_table
AIRFLOW_CTX_EXECUTION_DATE=2023-07-26T02:40:00+00:00
AIRFLOW_CTX_TRY_NUMBER=1
AIRFLOW_CTX_DAG_RUN_ID=scheduled__2023-07-26T02:40:00+00:00
[2023-07-26 05:08:08,408] {logging_mixin.py:115} INFO -   exchange_id  exchange_rate base_exchange        date
0         RUB     2622163.50           BTC  2023-07-26
1         RUB          99.60           EUR  2023-07-26
2         RUB          99.64           EUR  2023-07-26
3         RUB           0.64           JPY  2023-07-26
4         RUB          12.64           CNY  2023-07-26
[2023-07-26 05:08:08,409] {python.py:173} INFO - Done. Returned value was: None
[2023-07-26 05:08:08,430] {taskinstance.py:1420} INFO - Marking task as SUCCESS. dag_id=fetch_exchange_rates_dag, task_id=print_csv_table, execution_date=20230726T024000, start_date=20230726T050808, end_date=20230726T050808
[2023-07-26 05:08:08,501] {local_task_job.py:156} INFO - Task exited with return code 0
[2023-07-26 05:08:08,608] {local_task_job.py:273} INFO - 0 downstream tasks scheduled from follow-on schedule check
