[2023-07-25 20:38:15,886] {taskinstance.py:1179} INFO - Dependencies all met for <TaskInstance: fetch_exchange_rates_dag.fetch_exchange_rates_task scheduled__2023-07-25T11:30:00+00:00 [queued]>
[2023-07-25 20:38:15,916] {taskinstance.py:1179} INFO - Dependencies all met for <TaskInstance: fetch_exchange_rates_dag.fetch_exchange_rates_task scheduled__2023-07-25T11:30:00+00:00 [queued]>
[2023-07-25 20:38:15,917] {taskinstance.py:1376} INFO - 
--------------------------------------------------------------------------------
[2023-07-25 20:38:15,917] {taskinstance.py:1377} INFO - Starting attempt 1 of 1
[2023-07-25 20:38:15,923] {taskinstance.py:1378} INFO - 
--------------------------------------------------------------------------------
[2023-07-25 20:38:15,949] {taskinstance.py:1397} INFO - Executing <Task(PythonOperator): fetch_exchange_rates_task> on 2023-07-25 11:30:00+00:00
[2023-07-25 20:38:15,960] {standard_task_runner.py:52} INFO - Started process 9169 to run task
[2023-07-25 20:38:15,967] {standard_task_runner.py:79} INFO - Running: ['***', 'tasks', 'run', 'fetch_exchange_rates_dag', 'fetch_exchange_rates_task', 'scheduled__2023-07-25T11:30:00+00:00', '--job-id', '167', '--raw', '--subdir', 'DAGS_FOLDER/my_calc_rates.py', '--cfg-path', '/tmp/tmpt7juge4b', '--error-file', '/tmp/tmpsax_rjp_']
[2023-07-25 20:38:15,969] {standard_task_runner.py:80} INFO - Job 167: Subtask fetch_exchange_rates_task
[2023-07-25 20:38:16,118] {task_command.py:371} INFO - Running <TaskInstance: fetch_exchange_rates_dag.fetch_exchange_rates_task scheduled__2023-07-25T11:30:00+00:00 [running]> on host 661c8d62a693
[2023-07-25 20:38:16,307] {taskinstance.py:1591} INFO - Exporting the following env vars:
AIRFLOW_CTX_DAG_OWNER=marina_z
AIRFLOW_CTX_DAG_ID=fetch_exchange_rates_dag
AIRFLOW_CTX_TASK_ID=fetch_exchange_rates_task
AIRFLOW_CTX_EXECUTION_DATE=2023-07-25T11:30:00+00:00
AIRFLOW_CTX_TRY_NUMBER=1
AIRFLOW_CTX_DAG_RUN_ID=scheduled__2023-07-25T11:30:00+00:00
[2023-07-25 20:38:18,206] {taskinstance.py:1909} ERROR - Task failed with exception
Traceback (most recent call last):
  File "/home/airflow/.local/lib/python3.7/site-packages/airflow/operators/python.py", line 171, in execute
    return_value = self.execute_callable()
  File "/home/airflow/.local/lib/python3.7/site-packages/airflow/operators/python.py", line 189, in execute_callable
    return self.python_callable(*self.op_args, **self.op_kwargs)
  File "/opt/airflow/dags/my_calc_rates.py", line 69, in fetch_exchange_rates
    load_to_postgres = PostgresOperator(
NameError: name 'PostgresOperator' is not defined
[2023-07-25 20:38:18,221] {taskinstance.py:1420} INFO - Marking task as FAILED. dag_id=fetch_exchange_rates_dag, task_id=fetch_exchange_rates_task, execution_date=20230725T113000, start_date=20230725T203815, end_date=20230725T203818
[2023-07-25 20:38:18,267] {standard_task_runner.py:97} ERROR - Failed to execute job 167 for task fetch_exchange_rates_task (name 'PostgresOperator' is not defined; 9169)
[2023-07-25 20:38:18,320] {local_task_job.py:156} INFO - Task exited with return code 1
[2023-07-25 20:38:18,362] {local_task_job.py:273} INFO - 0 downstream tasks scheduled from follow-on schedule check
[2023-07-26 05:05:08,770] {taskinstance.py:1179} INFO - Dependencies all met for <TaskInstance: fetch_exchange_rates_dag.fetch_exchange_rates_task scheduled__2023-07-25T11:30:00+00:00 [queued]>
[2023-07-26 05:05:08,789] {taskinstance.py:1179} INFO - Dependencies all met for <TaskInstance: fetch_exchange_rates_dag.fetch_exchange_rates_task scheduled__2023-07-25T11:30:00+00:00 [queued]>
[2023-07-26 05:05:08,794] {taskinstance.py:1376} INFO - 
--------------------------------------------------------------------------------
[2023-07-26 05:05:08,795] {taskinstance.py:1377} INFO - Starting attempt 1 of 1
[2023-07-26 05:05:08,796] {taskinstance.py:1378} INFO - 
--------------------------------------------------------------------------------
[2023-07-26 05:05:08,816] {taskinstance.py:1397} INFO - Executing <Task(PythonOperator): fetch_exchange_rates_task> on 2023-07-25 11:30:00+00:00
[2023-07-26 05:05:08,823] {standard_task_runner.py:52} INFO - Started process 1012 to run task
[2023-07-26 05:05:08,829] {standard_task_runner.py:79} INFO - Running: ['***', 'tasks', 'run', 'fetch_exchange_rates_dag', 'fetch_exchange_rates_task', 'scheduled__2023-07-25T11:30:00+00:00', '--job-id', '244', '--raw', '--subdir', 'DAGS_FOLDER/my_calc_rates.py', '--cfg-path', '/tmp/tmpldadkjgs', '--error-file', '/tmp/tmpo1jn4v3s']
[2023-07-26 05:05:08,833] {standard_task_runner.py:80} INFO - Job 244: Subtask fetch_exchange_rates_task
[2023-07-26 05:05:08,962] {task_command.py:371} INFO - Running <TaskInstance: fetch_exchange_rates_dag.fetch_exchange_rates_task scheduled__2023-07-25T11:30:00+00:00 [running]> on host acb6bca32630
[2023-07-26 05:05:09,071] {taskinstance.py:1591} INFO - Exporting the following env vars:
AIRFLOW_CTX_DAG_OWNER=marina_z
AIRFLOW_CTX_DAG_ID=fetch_exchange_rates_dag
AIRFLOW_CTX_TASK_ID=fetch_exchange_rates_task
AIRFLOW_CTX_EXECUTION_DATE=2023-07-25T11:30:00+00:00
AIRFLOW_CTX_TRY_NUMBER=1
AIRFLOW_CTX_DAG_RUN_ID=scheduled__2023-07-25T11:30:00+00:00
[2023-07-26 05:05:09,434] {logging_mixin.py:115} INFO - Save a new file exchange_latest_BTC.csv
[2023-07-26 05:05:09,435] {logging_mixin.py:115} INFO - Create a new table exchange_latest_BTC
[2023-07-26 05:05:09,442] {logging_mixin.py:115} INFO - Insert into table exchange_latest_BTC
[2023-07-26 05:05:09,790] {logging_mixin.py:115} INFO - Save a new file exchange_latest_EUR.csv
[2023-07-26 05:05:09,792] {logging_mixin.py:115} INFO - Create a new table exchange_latest_EUR
[2023-07-26 05:05:09,800] {logging_mixin.py:115} INFO - Insert into table exchange_latest_EUR
[2023-07-26 05:05:10,134] {logging_mixin.py:115} INFO - Save a new file exchange_latest_GBR.csv
[2023-07-26 05:05:10,135] {logging_mixin.py:115} INFO - Create a new table exchange_latest_GBR
[2023-07-26 05:05:10,145] {logging_mixin.py:115} INFO - Insert into table exchange_latest_GBR
[2023-07-26 05:05:10,504] {logging_mixin.py:115} INFO - Save a new file exchange_latest_JPY.csv
[2023-07-26 05:05:10,504] {logging_mixin.py:115} INFO - Create a new table exchange_latest_JPY
[2023-07-26 05:05:10,513] {logging_mixin.py:115} INFO - Insert into table exchange_latest_JPY
[2023-07-26 05:05:10,806] {logging_mixin.py:115} INFO - Save a new file exchange_latest_CNY.csv
[2023-07-26 05:05:10,807] {logging_mixin.py:115} INFO - Create a new table exchange_latest_CNY
[2023-07-26 05:05:10,813] {logging_mixin.py:115} INFO - Insert into table exchange_latest_CNY
[2023-07-26 05:05:10,827] {python.py:173} INFO - Done. Returned value was: None
[2023-07-26 05:05:10,842] {taskinstance.py:1420} INFO - Marking task as SUCCESS. dag_id=fetch_exchange_rates_dag, task_id=fetch_exchange_rates_task, execution_date=20230725T113000, start_date=20230726T050508, end_date=20230726T050510
[2023-07-26 05:05:10,892] {local_task_job.py:156} INFO - Task exited with return code 0
[2023-07-26 05:05:10,933] {local_task_job.py:273} INFO - 1 downstream tasks scheduled from follow-on schedule check
