[2023-07-26 04:20:05,406] {taskinstance.py:1179} INFO - Dependencies all met for <TaskInstance: fetch_exchange_rates_dag.create_total_exchange_rates_table scheduled__2023-07-26T04:10:00+00:00 [queued]>
[2023-07-26 04:20:05,413] {taskinstance.py:1179} INFO - Dependencies all met for <TaskInstance: fetch_exchange_rates_dag.create_total_exchange_rates_table scheduled__2023-07-26T04:10:00+00:00 [queued]>
[2023-07-26 04:20:05,414] {taskinstance.py:1376} INFO - 
--------------------------------------------------------------------------------
[2023-07-26 04:20:05,414] {taskinstance.py:1377} INFO - Starting attempt 1 of 1
[2023-07-26 04:20:05,415] {taskinstance.py:1378} INFO - 
--------------------------------------------------------------------------------
[2023-07-26 04:20:05,428] {taskinstance.py:1397} INFO - Executing <Task(PythonOperator): create_total_exchange_rates_table> on 2023-07-26 04:10:00+00:00
[2023-07-26 04:20:05,432] {standard_task_runner.py:52} INFO - Started process 7345 to run task
[2023-07-26 04:20:05,434] {standard_task_runner.py:79} INFO - Running: ['***', 'tasks', 'run', 'fetch_exchange_rates_dag', 'create_total_exchange_rates_table', 'scheduled__2023-07-26T04:10:00+00:00', '--job-id', '127', '--raw', '--subdir', 'DAGS_FOLDER/my_calc_rates.py', '--cfg-path', '/tmp/tmpvzlz60cp', '--error-file', '/tmp/tmpxoz0mdqi']
[2023-07-26 04:20:05,436] {standard_task_runner.py:80} INFO - Job 127: Subtask create_total_exchange_rates_table
[2023-07-26 04:20:05,495] {task_command.py:371} INFO - Running <TaskInstance: fetch_exchange_rates_dag.create_total_exchange_rates_table scheduled__2023-07-26T04:10:00+00:00 [running]> on host 6e11a261c833
[2023-07-26 04:20:05,545] {taskinstance.py:1591} INFO - Exporting the following env vars:
AIRFLOW_CTX_DAG_OWNER=marina_z
AIRFLOW_CTX_DAG_ID=fetch_exchange_rates_dag
AIRFLOW_CTX_TASK_ID=create_total_exchange_rates_table
AIRFLOW_CTX_EXECUTION_DATE=2023-07-26T04:10:00+00:00
AIRFLOW_CTX_TRY_NUMBER=1
AIRFLOW_CTX_DAG_RUN_ID=scheduled__2023-07-26T04:10:00+00:00
[2023-07-26 04:20:05,547] {logging_mixin.py:115} INFO - The table total_exchange_rates is created and saved
[2023-07-26 04:20:05,562] {python.py:173} INFO - Done. Returned value was: None
[2023-07-26 04:20:05,571] {taskinstance.py:1420} INFO - Marking task as SUCCESS. dag_id=fetch_exchange_rates_dag, task_id=create_total_exchange_rates_table, execution_date=20230726T041000, start_date=20230726T042005, end_date=20230726T042005
[2023-07-26 04:20:05,607] {local_task_job.py:156} INFO - Task exited with return code 0
[2023-07-26 04:20:05,645] {local_task_job.py:273} INFO - 1 downstream tasks scheduled from follow-on schedule check
[2023-07-26 05:08:23,819] {taskinstance.py:1179} INFO - Dependencies all met for <TaskInstance: fetch_exchange_rates_dag.create_total_exchange_rates_table scheduled__2023-07-26T04:10:00+00:00 [queued]>
[2023-07-26 05:08:23,836] {taskinstance.py:1179} INFO - Dependencies all met for <TaskInstance: fetch_exchange_rates_dag.create_total_exchange_rates_table scheduled__2023-07-26T04:10:00+00:00 [queued]>
[2023-07-26 05:08:23,839] {taskinstance.py:1376} INFO - 
--------------------------------------------------------------------------------
[2023-07-26 05:08:23,840] {taskinstance.py:1377} INFO - Starting attempt 1 of 1
[2023-07-26 05:08:23,841] {taskinstance.py:1378} INFO - 
--------------------------------------------------------------------------------
[2023-07-26 05:08:23,860] {taskinstance.py:1397} INFO - Executing <Task(PythonOperator): create_total_exchange_rates_table> on 2023-07-26 04:10:00+00:00
[2023-07-26 05:08:23,867] {standard_task_runner.py:52} INFO - Started process 2366 to run task
[2023-07-26 05:08:23,872] {standard_task_runner.py:79} INFO - Running: ['***', 'tasks', 'run', 'fetch_exchange_rates_dag', 'create_total_exchange_rates_table', 'scheduled__2023-07-26T04:10:00+00:00', '--job-id', '625', '--raw', '--subdir', 'DAGS_FOLDER/my_calc_rates.py', '--cfg-path', '/tmp/tmpm41os6w2', '--error-file', '/tmp/tmp2a883vx8']
[2023-07-26 05:08:23,875] {standard_task_runner.py:80} INFO - Job 625: Subtask create_total_exchange_rates_table
[2023-07-26 05:08:24,013] {task_command.py:371} INFO - Running <TaskInstance: fetch_exchange_rates_dag.create_total_exchange_rates_table scheduled__2023-07-26T04:10:00+00:00 [running]> on host acb6bca32630
[2023-07-26 05:08:24,201] {taskinstance.py:1591} INFO - Exporting the following env vars:
AIRFLOW_CTX_DAG_OWNER=marina_z
AIRFLOW_CTX_DAG_ID=fetch_exchange_rates_dag
AIRFLOW_CTX_TASK_ID=create_total_exchange_rates_table
AIRFLOW_CTX_EXECUTION_DATE=2023-07-26T04:10:00+00:00
AIRFLOW_CTX_TRY_NUMBER=1
AIRFLOW_CTX_DAG_RUN_ID=scheduled__2023-07-26T04:10:00+00:00
[2023-07-26 05:08:24,204] {logging_mixin.py:115} INFO - The table total_exchange_rates is created and saved
[2023-07-26 05:08:24,238] {python.py:173} INFO - Done. Returned value was: None
[2023-07-26 05:08:24,276] {taskinstance.py:1420} INFO - Marking task as SUCCESS. dag_id=fetch_exchange_rates_dag, task_id=create_total_exchange_rates_table, execution_date=20230726T041000, start_date=20230726T050823, end_date=20230726T050824
[2023-07-26 05:08:24,334] {local_task_job.py:156} INFO - Task exited with return code 0
[2023-07-26 05:08:24,505] {local_task_job.py:273} INFO - 0 downstream tasks scheduled from follow-on schedule check
