[2023-07-26 03:25:32,983] {taskinstance.py:1179} INFO - Dependencies all met for <TaskInstance: fetch_exchange_rates_dag.fetch_exchange_rates_task manual__2023-07-26T03:25:30.710376+00:00 [queued]>
[2023-07-26 03:25:32,996] {taskinstance.py:1179} INFO - Dependencies all met for <TaskInstance: fetch_exchange_rates_dag.fetch_exchange_rates_task manual__2023-07-26T03:25:30.710376+00:00 [queued]>
[2023-07-26 03:25:32,997] {taskinstance.py:1376} INFO - 
--------------------------------------------------------------------------------
[2023-07-26 03:25:32,997] {taskinstance.py:1377} INFO - Starting attempt 1 of 1
[2023-07-26 03:25:32,998] {taskinstance.py:1378} INFO - 
--------------------------------------------------------------------------------
[2023-07-26 03:25:33,010] {taskinstance.py:1397} INFO - Executing <Task(PythonOperator): fetch_exchange_rates_task> on 2023-07-26 03:25:30.710376+00:00
[2023-07-26 03:25:33,021] {standard_task_runner.py:52} INFO - Started process 4306 to run task
[2023-07-26 03:25:33,024] {standard_task_runner.py:79} INFO - Running: ['***', 'tasks', 'run', 'fetch_exchange_rates_dag', 'fetch_exchange_rates_task', 'manual__2023-07-26T03:25:30.710376+00:00', '--job-id', '13', '--raw', '--subdir', 'DAGS_FOLDER/my_calc_rates.py', '--cfg-path', '/tmp/tmpawxs7z7l', '--error-file', '/tmp/tmphzmzhpgb']
[2023-07-26 03:25:33,026] {standard_task_runner.py:80} INFO - Job 13: Subtask fetch_exchange_rates_task
[2023-07-26 03:25:33,089] {task_command.py:371} INFO - Running <TaskInstance: fetch_exchange_rates_dag.fetch_exchange_rates_task manual__2023-07-26T03:25:30.710376+00:00 [running]> on host 6e11a261c833
[2023-07-26 03:25:33,143] {taskinstance.py:1591} INFO - Exporting the following env vars:
AIRFLOW_CTX_DAG_OWNER=marina_z
AIRFLOW_CTX_DAG_ID=fetch_exchange_rates_dag
AIRFLOW_CTX_TASK_ID=fetch_exchange_rates_task
AIRFLOW_CTX_EXECUTION_DATE=2023-07-26T03:25:30.710376+00:00
AIRFLOW_CTX_TRY_NUMBER=1
AIRFLOW_CTX_DAG_RUN_ID=manual__2023-07-26T03:25:30.710376+00:00
[2023-07-26 03:25:33,649] {logging_mixin.py:115} INFO - Save a new table exchange_latest_BTC.csv
[2023-07-26 03:25:33,662] {logging_mixin.py:115} INFO - Create a new table exchange_latest_BTC.csv
[2023-07-26 03:25:33,671] {logging_mixin.py:115} INFO - Insert into table exchange_latest_BTC.csv
[2023-07-26 03:25:34,054] {logging_mixin.py:115} INFO - Save a new table exchange_latest_EUR.csv
[2023-07-26 03:25:34,056] {logging_mixin.py:115} INFO - Create a new table exchange_latest_EUR.csv
[2023-07-26 03:25:34,065] {logging_mixin.py:115} INFO - Insert into table exchange_latest_EUR.csv
[2023-07-26 03:25:34,388] {logging_mixin.py:115} INFO - Save a new table exchange_latest_GBR.csv
[2023-07-26 03:25:34,389] {logging_mixin.py:115} INFO - Create a new table exchange_latest_GBR.csv
[2023-07-26 03:25:34,395] {logging_mixin.py:115} INFO - Insert into table exchange_latest_GBR.csv
[2023-07-26 03:25:34,759] {logging_mixin.py:115} INFO - Save a new table exchange_latest_JPY.csv
[2023-07-26 03:25:34,760] {logging_mixin.py:115} INFO - Create a new table exchange_latest_JPY.csv
[2023-07-26 03:25:34,772] {logging_mixin.py:115} INFO - Insert into table exchange_latest_JPY.csv
[2023-07-26 03:25:35,164] {logging_mixin.py:115} INFO - Save a new table exchange_latest_CNY.csv
[2023-07-26 03:25:35,165] {logging_mixin.py:115} INFO - Create a new table exchange_latest_CNY.csv
[2023-07-26 03:25:35,173] {logging_mixin.py:115} INFO - Insert into table exchange_latest_CNY.csv
[2023-07-26 03:25:35,197] {python.py:173} INFO - Done. Returned value was: None
[2023-07-26 03:25:35,211] {taskinstance.py:1420} INFO - Marking task as SUCCESS. dag_id=fetch_exchange_rates_dag, task_id=fetch_exchange_rates_task, execution_date=20230726T032530, start_date=20230726T032532, end_date=20230726T032535
[2023-07-26 03:25:35,255] {local_task_job.py:156} INFO - Task exited with return code 0
[2023-07-26 03:25:35,288] {local_task_job.py:273} INFO - 0 downstream tasks scheduled from follow-on schedule check
