[2023-07-26 04:18:07,865] {taskinstance.py:1179} INFO - Dependencies all met for <TaskInstance: fetch_exchange_rates_dag.bash_task scheduled__2023-07-26T01:10:00+00:00 [queued]>
[2023-07-26 04:18:07,988] {taskinstance.py:1179} INFO - Dependencies all met for <TaskInstance: fetch_exchange_rates_dag.bash_task scheduled__2023-07-26T01:10:00+00:00 [queued]>
[2023-07-26 04:18:07,993] {taskinstance.py:1376} INFO - 
--------------------------------------------------------------------------------
[2023-07-26 04:18:07,994] {taskinstance.py:1377} INFO - Starting attempt 1 of 1
[2023-07-26 04:18:07,995] {taskinstance.py:1378} INFO - 
--------------------------------------------------------------------------------
[2023-07-26 04:18:08,077] {taskinstance.py:1397} INFO - Executing <Task(BashOperator): bash_task> on 2023-07-26 01:10:00+00:00
[2023-07-26 04:18:08,157] {standard_task_runner.py:52} INFO - Started process 6978 to run task
[2023-07-26 04:18:08,192] {standard_task_runner.py:79} INFO - Running: ['***', 'tasks', 'run', 'fetch_exchange_rates_dag', 'bash_task', 'scheduled__2023-07-26T01:10:00+00:00', '--job-id', '37', '--raw', '--subdir', 'DAGS_FOLDER/my_calc_rates.py', '--cfg-path', '/tmp/tmpkcu125ps', '--error-file', '/tmp/tmpjljxnml8']
[2023-07-26 04:18:08,238] {standard_task_runner.py:80} INFO - Job 37: Subtask bash_task
[2023-07-26 04:18:09,075] {task_command.py:371} INFO - Running <TaskInstance: fetch_exchange_rates_dag.bash_task scheduled__2023-07-26T01:10:00+00:00 [running]> on host 6e11a261c833
[2023-07-26 04:18:09,399] {taskinstance.py:1591} INFO - Exporting the following env vars:
AIRFLOW_CTX_DAG_OWNER=***
AIRFLOW_CTX_DAG_ID=fetch_exchange_rates_dag
AIRFLOW_CTX_TASK_ID=bash_task
AIRFLOW_CTX_EXECUTION_DATE=2023-07-26T01:10:00+00:00
AIRFLOW_CTX_TRY_NUMBER=1
AIRFLOW_CTX_DAG_RUN_ID=scheduled__2023-07-26T01:10:00+00:00
[2023-07-26 04:18:09,407] {subprocess.py:62} INFO - Tmp dir root location: 
 /tmp
[2023-07-26 04:18:09,410] {subprocess.py:74} INFO - Running command: ['bash', '-c', 'echo "Good morning my diggers!"']
[2023-07-26 04:18:09,505] {subprocess.py:85} INFO - Output:
[2023-07-26 04:18:09,525] {subprocess.py:92} INFO - Good morning my diggers!
[2023-07-26 04:18:09,537] {subprocess.py:96} INFO - Command exited with return code 0
[2023-07-26 04:18:09,733] {taskinstance.py:1420} INFO - Marking task as SUCCESS. dag_id=fetch_exchange_rates_dag, task_id=bash_task, execution_date=20230726T011000, start_date=20230726T041807, end_date=20230726T041809
[2023-07-26 04:18:09,878] {local_task_job.py:156} INFO - Task exited with return code 0
[2023-07-26 04:18:10,183] {local_task_job.py:273} INFO - 1 downstream tasks scheduled from follow-on schedule check
[2023-07-26 05:07:37,176] {taskinstance.py:1179} INFO - Dependencies all met for <TaskInstance: fetch_exchange_rates_dag.bash_task scheduled__2023-07-26T01:10:00+00:00 [queued]>
[2023-07-26 05:07:37,235] {taskinstance.py:1179} INFO - Dependencies all met for <TaskInstance: fetch_exchange_rates_dag.bash_task scheduled__2023-07-26T01:10:00+00:00 [queued]>
[2023-07-26 05:07:37,240] {taskinstance.py:1376} INFO - 
--------------------------------------------------------------------------------
[2023-07-26 05:07:37,241] {taskinstance.py:1377} INFO - Starting attempt 1 of 1
[2023-07-26 05:07:37,242] {taskinstance.py:1378} INFO - 
--------------------------------------------------------------------------------
[2023-07-26 05:07:37,342] {taskinstance.py:1397} INFO - Executing <Task(BashOperator): bash_task> on 2023-07-26 01:10:00+00:00
[2023-07-26 05:07:37,369] {standard_task_runner.py:52} INFO - Started process 2068 to run task
[2023-07-26 05:07:37,390] {standard_task_runner.py:79} INFO - Running: ['***', 'tasks', 'run', 'fetch_exchange_rates_dag', 'bash_task', 'scheduled__2023-07-26T01:10:00+00:00', '--job-id', '539', '--raw', '--subdir', 'DAGS_FOLDER/my_calc_rates.py', '--cfg-path', '/tmp/tmpb9w7bdwr', '--error-file', '/tmp/tmp30bodf7m']
[2023-07-26 05:07:37,401] {standard_task_runner.py:80} INFO - Job 539: Subtask bash_task
[2023-07-26 05:07:37,662] {task_command.py:371} INFO - Running <TaskInstance: fetch_exchange_rates_dag.bash_task scheduled__2023-07-26T01:10:00+00:00 [running]> on host acb6bca32630
[2023-07-26 05:07:38,047] {taskinstance.py:1591} INFO - Exporting the following env vars:
AIRFLOW_CTX_DAG_OWNER=***
AIRFLOW_CTX_DAG_ID=fetch_exchange_rates_dag
AIRFLOW_CTX_TASK_ID=bash_task
AIRFLOW_CTX_EXECUTION_DATE=2023-07-26T01:10:00+00:00
AIRFLOW_CTX_TRY_NUMBER=1
AIRFLOW_CTX_DAG_RUN_ID=scheduled__2023-07-26T01:10:00+00:00
[2023-07-26 05:07:38,050] {subprocess.py:62} INFO - Tmp dir root location: 
 /tmp
[2023-07-26 05:07:38,051] {subprocess.py:74} INFO - Running command: ['bash', '-c', 'echo "Good morning my diggers!"']
[2023-07-26 05:07:38,084] {subprocess.py:85} INFO - Output:
[2023-07-26 05:07:38,088] {subprocess.py:92} INFO - Good morning my diggers!
[2023-07-26 05:07:38,090] {subprocess.py:96} INFO - Command exited with return code 0
[2023-07-26 05:07:38,189] {taskinstance.py:1420} INFO - Marking task as SUCCESS. dag_id=fetch_exchange_rates_dag, task_id=bash_task, execution_date=20230726T011000, start_date=20230726T050737, end_date=20230726T050738
[2023-07-26 05:07:38,274] {local_task_job.py:156} INFO - Task exited with return code 0
[2023-07-26 05:07:38,466] {local_task_job.py:273} INFO - 1 downstream tasks scheduled from follow-on schedule check
