[2023-07-25 20:38:25,256] {taskinstance.py:1179} INFO - Dependencies all met for <TaskInstance: fetch_exchange_rates_dag.fetch_exchange_rates_task scheduled__2023-07-25T13:10:00+00:00 [queued]>
[2023-07-25 20:38:25,296] {taskinstance.py:1179} INFO - Dependencies all met for <TaskInstance: fetch_exchange_rates_dag.fetch_exchange_rates_task scheduled__2023-07-25T13:10:00+00:00 [queued]>
[2023-07-25 20:38:25,298] {taskinstance.py:1376} INFO - 
--------------------------------------------------------------------------------
[2023-07-25 20:38:25,299] {taskinstance.py:1377} INFO - Starting attempt 1 of 1
[2023-07-25 20:38:25,301] {taskinstance.py:1378} INFO - 
--------------------------------------------------------------------------------
[2023-07-25 20:38:25,503] {taskinstance.py:1397} INFO - Executing <Task(PythonOperator): fetch_exchange_rates_task> on 2023-07-25 13:10:00+00:00
[2023-07-25 20:38:25,524] {standard_task_runner.py:52} INFO - Started process 9218 to run task
[2023-07-25 20:38:25,586] {standard_task_runner.py:79} INFO - Running: ['***', 'tasks', 'run', 'fetch_exchange_rates_dag', 'fetch_exchange_rates_task', 'scheduled__2023-07-25T13:10:00+00:00', '--job-id', '177', '--raw', '--subdir', 'DAGS_FOLDER/my_calc_rates.py', '--cfg-path', '/tmp/tmphomlf65h', '--error-file', '/tmp/tmppc84bj_p']
[2023-07-25 20:38:25,595] {standard_task_runner.py:80} INFO - Job 177: Subtask fetch_exchange_rates_task
[2023-07-25 20:38:25,832] {task_command.py:371} INFO - Running <TaskInstance: fetch_exchange_rates_dag.fetch_exchange_rates_task scheduled__2023-07-25T13:10:00+00:00 [running]> on host 661c8d62a693
[2023-07-25 20:38:26,024] {taskinstance.py:1591} INFO - Exporting the following env vars:
AIRFLOW_CTX_DAG_OWNER=marina_z
AIRFLOW_CTX_DAG_ID=fetch_exchange_rates_dag
AIRFLOW_CTX_TASK_ID=fetch_exchange_rates_task
AIRFLOW_CTX_EXECUTION_DATE=2023-07-25T13:10:00+00:00
AIRFLOW_CTX_TRY_NUMBER=1
AIRFLOW_CTX_DAG_RUN_ID=scheduled__2023-07-25T13:10:00+00:00
[2023-07-25 20:38:27,665] {taskinstance.py:1909} ERROR - Task failed with exception
Traceback (most recent call last):
  File "/home/airflow/.local/lib/python3.7/site-packages/airflow/operators/python.py", line 171, in execute
    return_value = self.execute_callable()
  File "/home/airflow/.local/lib/python3.7/site-packages/airflow/operators/python.py", line 189, in execute_callable
    return self.python_callable(*self.op_args, **self.op_kwargs)
  File "/opt/airflow/dags/my_calc_rates.py", line 69, in fetch_exchange_rates
    load_to_postgres = PostgresOperator(
NameError: name 'PostgresOperator' is not defined
[2023-07-25 20:38:27,679] {taskinstance.py:1420} INFO - Marking task as FAILED. dag_id=fetch_exchange_rates_dag, task_id=fetch_exchange_rates_task, execution_date=20230725T131000, start_date=20230725T203825, end_date=20230725T203827
[2023-07-25 20:38:27,694] {standard_task_runner.py:97} ERROR - Failed to execute job 177 for task fetch_exchange_rates_task (name 'PostgresOperator' is not defined; 9218)
[2023-07-25 20:38:27,716] {local_task_job.py:156} INFO - Task exited with return code 1
[2023-07-25 20:38:27,751] {local_task_job.py:273} INFO - 0 downstream tasks scheduled from follow-on schedule check
[2023-07-26 05:05:24,678] {taskinstance.py:1179} INFO - Dependencies all met for <TaskInstance: fetch_exchange_rates_dag.fetch_exchange_rates_task scheduled__2023-07-25T13:10:00+00:00 [queued]>
[2023-07-26 05:05:24,719] {taskinstance.py:1179} INFO - Dependencies all met for <TaskInstance: fetch_exchange_rates_dag.fetch_exchange_rates_task scheduled__2023-07-25T13:10:00+00:00 [queued]>
[2023-07-26 05:05:24,720] {taskinstance.py:1376} INFO - 
--------------------------------------------------------------------------------
[2023-07-26 05:05:24,721] {taskinstance.py:1377} INFO - Starting attempt 1 of 1
[2023-07-26 05:05:24,721] {taskinstance.py:1378} INFO - 
--------------------------------------------------------------------------------
[2023-07-26 05:05:24,763] {taskinstance.py:1397} INFO - Executing <Task(PythonOperator): fetch_exchange_rates_task> on 2023-07-25 13:10:00+00:00
[2023-07-26 05:05:24,771] {standard_task_runner.py:52} INFO - Started process 1143 to run task
[2023-07-26 05:05:24,807] {standard_task_runner.py:79} INFO - Running: ['***', 'tasks', 'run', 'fetch_exchange_rates_dag', 'fetch_exchange_rates_task', 'scheduled__2023-07-25T13:10:00+00:00', '--job-id', '274', '--raw', '--subdir', 'DAGS_FOLDER/my_calc_rates.py', '--cfg-path', '/tmp/tmpr9z_ov4p', '--error-file', '/tmp/tmp0pte0aty']
[2023-07-26 05:05:24,836] {standard_task_runner.py:80} INFO - Job 274: Subtask fetch_exchange_rates_task
[2023-07-26 05:05:25,154] {task_command.py:371} INFO - Running <TaskInstance: fetch_exchange_rates_dag.fetch_exchange_rates_task scheduled__2023-07-25T13:10:00+00:00 [running]> on host acb6bca32630
[2023-07-26 05:05:25,582] {taskinstance.py:1591} INFO - Exporting the following env vars:
AIRFLOW_CTX_DAG_OWNER=marina_z
AIRFLOW_CTX_DAG_ID=fetch_exchange_rates_dag
AIRFLOW_CTX_TASK_ID=fetch_exchange_rates_task
AIRFLOW_CTX_EXECUTION_DATE=2023-07-25T13:10:00+00:00
AIRFLOW_CTX_TRY_NUMBER=1
AIRFLOW_CTX_DAG_RUN_ID=scheduled__2023-07-25T13:10:00+00:00
[2023-07-26 05:05:26,115] {logging_mixin.py:115} INFO - Save a new file exchange_latest_BTC.csv
[2023-07-26 05:05:26,117] {logging_mixin.py:115} INFO - Create a new table exchange_latest_BTC
[2023-07-26 05:05:26,131] {logging_mixin.py:115} INFO - Insert into table exchange_latest_BTC
[2023-07-26 05:05:26,533] {logging_mixin.py:115} INFO - Save a new file exchange_latest_EUR.csv
[2023-07-26 05:05:26,538] {logging_mixin.py:115} INFO - Create a new table exchange_latest_EUR
[2023-07-26 05:05:26,562] {logging_mixin.py:115} INFO - Insert into table exchange_latest_EUR
[2023-07-26 05:05:27,088] {logging_mixin.py:115} INFO - Save a new file exchange_latest_GBR.csv
[2023-07-26 05:05:27,089] {logging_mixin.py:115} INFO - Create a new table exchange_latest_GBR
[2023-07-26 05:05:27,097] {logging_mixin.py:115} INFO - Insert into table exchange_latest_GBR
[2023-07-26 05:05:27,508] {logging_mixin.py:115} INFO - Save a new file exchange_latest_JPY.csv
[2023-07-26 05:05:27,511] {logging_mixin.py:115} INFO - Create a new table exchange_latest_JPY
[2023-07-26 05:05:27,516] {logging_mixin.py:115} INFO - Insert into table exchange_latest_JPY
[2023-07-26 05:05:27,963] {logging_mixin.py:115} INFO - Save a new file exchange_latest_CNY.csv
[2023-07-26 05:05:27,965] {logging_mixin.py:115} INFO - Create a new table exchange_latest_CNY
[2023-07-26 05:05:27,970] {logging_mixin.py:115} INFO - Insert into table exchange_latest_CNY
[2023-07-26 05:05:27,987] {python.py:173} INFO - Done. Returned value was: None
[2023-07-26 05:05:28,039] {taskinstance.py:1420} INFO - Marking task as SUCCESS. dag_id=fetch_exchange_rates_dag, task_id=fetch_exchange_rates_task, execution_date=20230725T131000, start_date=20230726T050524, end_date=20230726T050528
[2023-07-26 05:05:28,215] {local_task_job.py:156} INFO - Task exited with return code 0
[2023-07-26 05:05:28,621] {local_task_job.py:273} INFO - 0 downstream tasks scheduled from follow-on schedule check
