[2023-07-26 05:04:33,723] {taskinstance.py:1179} INFO - Dependencies all met for <TaskInstance: fetch_exchange_rates_dag.create_total_exchange_rates_table scheduled__2023-07-25T07:10:00+00:00 [queued]>
[2023-07-26 05:04:33,752] {taskinstance.py:1179} INFO - Dependencies all met for <TaskInstance: fetch_exchange_rates_dag.create_total_exchange_rates_table scheduled__2023-07-25T07:10:00+00:00 [queued]>
[2023-07-26 05:04:33,753] {taskinstance.py:1376} INFO - 
--------------------------------------------------------------------------------
[2023-07-26 05:04:33,754] {taskinstance.py:1377} INFO - Starting attempt 1 of 1
[2023-07-26 05:04:33,755] {taskinstance.py:1378} INFO - 
--------------------------------------------------------------------------------
[2023-07-26 05:04:33,777] {taskinstance.py:1397} INFO - Executing <Task(PythonOperator): create_total_exchange_rates_table> on 2023-07-25 07:10:00+00:00
[2023-07-26 05:04:33,787] {standard_task_runner.py:52} INFO - Started process 745 to run task
[2023-07-26 05:04:33,791] {standard_task_runner.py:79} INFO - Running: ['***', 'tasks', 'run', 'fetch_exchange_rates_dag', 'create_total_exchange_rates_table', 'scheduled__2023-07-25T07:10:00+00:00', '--job-id', '169', '--raw', '--subdir', 'DAGS_FOLDER/my_calc_rates.py', '--cfg-path', '/tmp/tmp78d02hr4', '--error-file', '/tmp/tmp4wqq2la5']
[2023-07-26 05:04:33,794] {standard_task_runner.py:80} INFO - Job 169: Subtask create_total_exchange_rates_table
[2023-07-26 05:04:33,962] {task_command.py:371} INFO - Running <TaskInstance: fetch_exchange_rates_dag.create_total_exchange_rates_table scheduled__2023-07-25T07:10:00+00:00 [running]> on host acb6bca32630
[2023-07-26 05:04:34,178] {taskinstance.py:1591} INFO - Exporting the following env vars:
AIRFLOW_CTX_DAG_OWNER=marina_z
AIRFLOW_CTX_DAG_ID=fetch_exchange_rates_dag
AIRFLOW_CTX_TASK_ID=create_total_exchange_rates_table
AIRFLOW_CTX_EXECUTION_DATE=2023-07-25T07:10:00+00:00
AIRFLOW_CTX_TRY_NUMBER=1
AIRFLOW_CTX_DAG_RUN_ID=scheduled__2023-07-25T07:10:00+00:00
[2023-07-26 05:04:34,184] {logging_mixin.py:115} INFO - The table total_exchange_rates is created and saved
[2023-07-26 05:04:34,220] {python.py:173} INFO - Done. Returned value was: None
[2023-07-26 05:04:34,251] {taskinstance.py:1420} INFO - Marking task as SUCCESS. dag_id=fetch_exchange_rates_dag, task_id=create_total_exchange_rates_table, execution_date=20230725T071000, start_date=20230726T050433, end_date=20230726T050434
[2023-07-26 05:04:34,340] {local_task_job.py:156} INFO - Task exited with return code 0
[2023-07-26 05:04:34,414] {local_task_job.py:273} INFO - 1 downstream tasks scheduled from follow-on schedule check
