[2023-07-25 20:38:40,013] {taskinstance.py:1179} INFO - Dependencies all met for <TaskInstance: fetch_exchange_rates_dag.fetch_exchange_rates_task scheduled__2023-07-25T16:20:00+00:00 [queued]>
[2023-07-25 20:38:40,042] {taskinstance.py:1179} INFO - Dependencies all met for <TaskInstance: fetch_exchange_rates_dag.fetch_exchange_rates_task scheduled__2023-07-25T16:20:00+00:00 [queued]>
[2023-07-25 20:38:40,045] {taskinstance.py:1376} INFO - 
--------------------------------------------------------------------------------
[2023-07-25 20:38:40,051] {taskinstance.py:1377} INFO - Starting attempt 1 of 1
[2023-07-25 20:38:40,053] {taskinstance.py:1378} INFO - 
--------------------------------------------------------------------------------
[2023-07-25 20:38:40,182] {taskinstance.py:1397} INFO - Executing <Task(PythonOperator): fetch_exchange_rates_task> on 2023-07-25 16:20:00+00:00
[2023-07-25 20:38:40,195] {standard_task_runner.py:52} INFO - Started process 9281 to run task
[2023-07-25 20:38:40,208] {standard_task_runner.py:79} INFO - Running: ['***', 'tasks', 'run', 'fetch_exchange_rates_dag', 'fetch_exchange_rates_task', 'scheduled__2023-07-25T16:20:00+00:00', '--job-id', '196', '--raw', '--subdir', 'DAGS_FOLDER/my_calc_rates.py', '--cfg-path', '/tmp/tmpt902fa7v', '--error-file', '/tmp/tmp83dsqqhv']
[2023-07-25 20:38:40,210] {standard_task_runner.py:80} INFO - Job 196: Subtask fetch_exchange_rates_task
[2023-07-25 20:38:40,410] {task_command.py:371} INFO - Running <TaskInstance: fetch_exchange_rates_dag.fetch_exchange_rates_task scheduled__2023-07-25T16:20:00+00:00 [running]> on host 661c8d62a693
[2023-07-25 20:38:40,677] {taskinstance.py:1591} INFO - Exporting the following env vars:
AIRFLOW_CTX_DAG_OWNER=marina_z
AIRFLOW_CTX_DAG_ID=fetch_exchange_rates_dag
AIRFLOW_CTX_TASK_ID=fetch_exchange_rates_task
AIRFLOW_CTX_EXECUTION_DATE=2023-07-25T16:20:00+00:00
AIRFLOW_CTX_TRY_NUMBER=1
AIRFLOW_CTX_DAG_RUN_ID=scheduled__2023-07-25T16:20:00+00:00
[2023-07-25 20:38:42,467] {taskinstance.py:1909} ERROR - Task failed with exception
Traceback (most recent call last):
  File "/home/airflow/.local/lib/python3.7/site-packages/airflow/operators/python.py", line 171, in execute
    return_value = self.execute_callable()
  File "/home/airflow/.local/lib/python3.7/site-packages/airflow/operators/python.py", line 189, in execute_callable
    return self.python_callable(*self.op_args, **self.op_kwargs)
  File "/opt/airflow/dags/my_calc_rates.py", line 69, in fetch_exchange_rates
    load_to_postgres = PostgresOperator(
NameError: name 'PostgresOperator' is not defined
[2023-07-25 20:38:42,497] {taskinstance.py:1420} INFO - Marking task as FAILED. dag_id=fetch_exchange_rates_dag, task_id=fetch_exchange_rates_task, execution_date=20230725T162000, start_date=20230725T203840, end_date=20230725T203842
[2023-07-25 20:38:42,522] {standard_task_runner.py:97} ERROR - Failed to execute job 196 for task fetch_exchange_rates_task (name 'PostgresOperator' is not defined; 9281)
[2023-07-25 20:38:42,570] {local_task_job.py:156} INFO - Task exited with return code 1
[2023-07-25 20:38:42,653] {local_task_job.py:273} INFO - 0 downstream tasks scheduled from follow-on schedule check
[2023-07-26 05:05:59,870] {taskinstance.py:1179} INFO - Dependencies all met for <TaskInstance: fetch_exchange_rates_dag.fetch_exchange_rates_task scheduled__2023-07-25T16:20:00+00:00 [queued]>
[2023-07-26 05:05:59,923] {taskinstance.py:1179} INFO - Dependencies all met for <TaskInstance: fetch_exchange_rates_dag.fetch_exchange_rates_task scheduled__2023-07-25T16:20:00+00:00 [queued]>
[2023-07-26 05:05:59,935] {taskinstance.py:1376} INFO - 
--------------------------------------------------------------------------------
[2023-07-26 05:05:59,957] {taskinstance.py:1377} INFO - Starting attempt 1 of 1
[2023-07-26 05:05:59,959] {taskinstance.py:1378} INFO - 
--------------------------------------------------------------------------------
[2023-07-26 05:06:00,212] {taskinstance.py:1397} INFO - Executing <Task(PythonOperator): fetch_exchange_rates_task> on 2023-07-25 16:20:00+00:00
[2023-07-26 05:06:00,289] {standard_task_runner.py:52} INFO - Started process 1395 to run task
[2023-07-26 05:06:00,362] {standard_task_runner.py:79} INFO - Running: ['***', 'tasks', 'run', 'fetch_exchange_rates_dag', 'fetch_exchange_rates_task', 'scheduled__2023-07-25T16:20:00+00:00', '--job-id', '345', '--raw', '--subdir', 'DAGS_FOLDER/my_calc_rates.py', '--cfg-path', '/tmp/tmp7_ez17z7', '--error-file', '/tmp/tmpioh7jy3o']
[2023-07-26 05:06:00,410] {standard_task_runner.py:80} INFO - Job 345: Subtask fetch_exchange_rates_task
[2023-07-26 05:06:00,783] {task_command.py:371} INFO - Running <TaskInstance: fetch_exchange_rates_dag.fetch_exchange_rates_task scheduled__2023-07-25T16:20:00+00:00 [running]> on host acb6bca32630
[2023-07-26 05:06:01,388] {taskinstance.py:1591} INFO - Exporting the following env vars:
AIRFLOW_CTX_DAG_OWNER=marina_z
AIRFLOW_CTX_DAG_ID=fetch_exchange_rates_dag
AIRFLOW_CTX_TASK_ID=fetch_exchange_rates_task
AIRFLOW_CTX_EXECUTION_DATE=2023-07-25T16:20:00+00:00
AIRFLOW_CTX_TRY_NUMBER=1
AIRFLOW_CTX_DAG_RUN_ID=scheduled__2023-07-25T16:20:00+00:00
[2023-07-26 05:06:01,770] {logging_mixin.py:115} INFO - Save a new file exchange_latest_BTC.csv
[2023-07-26 05:06:01,771] {logging_mixin.py:115} INFO - Create a new table exchange_latest_BTC
[2023-07-26 05:06:01,777] {logging_mixin.py:115} INFO - Insert into table exchange_latest_BTC
[2023-07-26 05:06:02,166] {logging_mixin.py:115} INFO - Save a new file exchange_latest_EUR.csv
[2023-07-26 05:06:02,172] {logging_mixin.py:115} INFO - Create a new table exchange_latest_EUR
[2023-07-26 05:06:02,187] {logging_mixin.py:115} INFO - Insert into table exchange_latest_EUR
[2023-07-26 05:06:02,655] {logging_mixin.py:115} INFO - Save a new file exchange_latest_GBR.csv
[2023-07-26 05:06:02,661] {logging_mixin.py:115} INFO - Create a new table exchange_latest_GBR
[2023-07-26 05:06:02,675] {logging_mixin.py:115} INFO - Insert into table exchange_latest_GBR
[2023-07-26 05:06:03,084] {logging_mixin.py:115} INFO - Save a new file exchange_latest_JPY.csv
[2023-07-26 05:06:03,086] {logging_mixin.py:115} INFO - Create a new table exchange_latest_JPY
[2023-07-26 05:06:03,094] {logging_mixin.py:115} INFO - Insert into table exchange_latest_JPY
[2023-07-26 05:06:03,521] {logging_mixin.py:115} INFO - Save a new file exchange_latest_CNY.csv
[2023-07-26 05:06:03,523] {logging_mixin.py:115} INFO - Create a new table exchange_latest_CNY
[2023-07-26 05:06:03,532] {logging_mixin.py:115} INFO - Insert into table exchange_latest_CNY
[2023-07-26 05:06:03,550] {python.py:173} INFO - Done. Returned value was: None
[2023-07-26 05:06:03,625] {taskinstance.py:1420} INFO - Marking task as SUCCESS. dag_id=fetch_exchange_rates_dag, task_id=fetch_exchange_rates_task, execution_date=20230725T162000, start_date=20230726T050559, end_date=20230726T050603
[2023-07-26 05:06:03,772] {local_task_job.py:156} INFO - Task exited with return code 0
[2023-07-26 05:06:04,095] {local_task_job.py:273} INFO - 1 downstream tasks scheduled from follow-on schedule check
