[2023-07-26 05:03:23,576] {taskinstance.py:1179} INFO - Dependencies all met for <TaskInstance: fetch_exchange_rates_dag.create_total_exchange_rates_table manual__2023-07-26T05:03:08.684114+00:00 [queued]>
[2023-07-26 05:03:23,616] {taskinstance.py:1179} INFO - Dependencies all met for <TaskInstance: fetch_exchange_rates_dag.create_total_exchange_rates_table manual__2023-07-26T05:03:08.684114+00:00 [queued]>
[2023-07-26 05:03:23,622] {taskinstance.py:1376} INFO - 
--------------------------------------------------------------------------------
[2023-07-26 05:03:23,642] {taskinstance.py:1377} INFO - Starting attempt 1 of 1
[2023-07-26 05:03:23,643] {taskinstance.py:1378} INFO - 
--------------------------------------------------------------------------------
[2023-07-26 05:03:23,955] {taskinstance.py:1397} INFO - Executing <Task(PythonOperator): create_total_exchange_rates_table> on 2023-07-26 05:03:08.684114+00:00
[2023-07-26 05:03:24,001] {standard_task_runner.py:52} INFO - Started process 272 to run task
[2023-07-26 05:03:24,027] {standard_task_runner.py:79} INFO - Running: ['***', 'tasks', 'run', 'fetch_exchange_rates_dag', 'create_total_exchange_rates_table', 'manual__2023-07-26T05:03:08.684114+00:00', '--job-id', '34', '--raw', '--subdir', 'DAGS_FOLDER/my_calc_rates.py', '--cfg-path', '/tmp/tmp007s6pr6', '--error-file', '/tmp/tmp4kjhen23']
[2023-07-26 05:03:24,038] {standard_task_runner.py:80} INFO - Job 34: Subtask create_total_exchange_rates_table
[2023-07-26 05:03:24,377] {task_command.py:371} INFO - Running <TaskInstance: fetch_exchange_rates_dag.create_total_exchange_rates_table manual__2023-07-26T05:03:08.684114+00:00 [running]> on host acb6bca32630
[2023-07-26 05:03:25,006] {taskinstance.py:1591} INFO - Exporting the following env vars:
AIRFLOW_CTX_DAG_OWNER=marina_z
AIRFLOW_CTX_DAG_ID=fetch_exchange_rates_dag
AIRFLOW_CTX_TASK_ID=create_total_exchange_rates_table
AIRFLOW_CTX_EXECUTION_DATE=2023-07-26T05:03:08.684114+00:00
AIRFLOW_CTX_TRY_NUMBER=1
AIRFLOW_CTX_DAG_RUN_ID=manual__2023-07-26T05:03:08.684114+00:00
[2023-07-26 05:03:25,032] {logging_mixin.py:115} INFO - The table total_exchange_rates is created and saved
[2023-07-26 05:03:25,162] {python.py:173} INFO - Done. Returned value was: None
[2023-07-26 05:03:25,193] {taskinstance.py:1420} INFO - Marking task as SUCCESS. dag_id=fetch_exchange_rates_dag, task_id=create_total_exchange_rates_table, execution_date=20230726T050308, start_date=20230726T050323, end_date=20230726T050325
[2023-07-26 05:03:25,352] {local_task_job.py:156} INFO - Task exited with return code 0
[2023-07-26 05:03:25,416] {local_task_job.py:273} INFO - 1 downstream tasks scheduled from follow-on schedule check
