[2023-07-25 20:38:32,865] {taskinstance.py:1179} INFO - Dependencies all met for <TaskInstance: fetch_exchange_rates_dag.fetch_exchange_rates_task scheduled__2023-07-25T14:50:00+00:00 [queued]>
[2023-07-25 20:38:32,879] {taskinstance.py:1179} INFO - Dependencies all met for <TaskInstance: fetch_exchange_rates_dag.fetch_exchange_rates_task scheduled__2023-07-25T14:50:00+00:00 [queued]>
[2023-07-25 20:38:32,881] {taskinstance.py:1376} INFO - 
--------------------------------------------------------------------------------
[2023-07-25 20:38:32,882] {taskinstance.py:1377} INFO - Starting attempt 1 of 1
[2023-07-25 20:38:32,882] {taskinstance.py:1378} INFO - 
--------------------------------------------------------------------------------
[2023-07-25 20:38:32,900] {taskinstance.py:1397} INFO - Executing <Task(PythonOperator): fetch_exchange_rates_task> on 2023-07-25 14:50:00+00:00
[2023-07-25 20:38:32,909] {standard_task_runner.py:52} INFO - Started process 9251 to run task
[2023-07-25 20:38:32,914] {standard_task_runner.py:79} INFO - Running: ['***', 'tasks', 'run', 'fetch_exchange_rates_dag', 'fetch_exchange_rates_task', 'scheduled__2023-07-25T14:50:00+00:00', '--job-id', '187', '--raw', '--subdir', 'DAGS_FOLDER/my_calc_rates.py', '--cfg-path', '/tmp/tmpsttx8gv8', '--error-file', '/tmp/tmpjcubo42g']
[2023-07-25 20:38:32,917] {standard_task_runner.py:80} INFO - Job 187: Subtask fetch_exchange_rates_task
[2023-07-25 20:38:33,021] {task_command.py:371} INFO - Running <TaskInstance: fetch_exchange_rates_dag.fetch_exchange_rates_task scheduled__2023-07-25T14:50:00+00:00 [running]> on host 661c8d62a693
[2023-07-25 20:38:33,118] {taskinstance.py:1591} INFO - Exporting the following env vars:
AIRFLOW_CTX_DAG_OWNER=marina_z
AIRFLOW_CTX_DAG_ID=fetch_exchange_rates_dag
AIRFLOW_CTX_TASK_ID=fetch_exchange_rates_task
AIRFLOW_CTX_EXECUTION_DATE=2023-07-25T14:50:00+00:00
AIRFLOW_CTX_TRY_NUMBER=1
AIRFLOW_CTX_DAG_RUN_ID=scheduled__2023-07-25T14:50:00+00:00
[2023-07-25 20:38:34,785] {taskinstance.py:1909} ERROR - Task failed with exception
Traceback (most recent call last):
  File "/home/airflow/.local/lib/python3.7/site-packages/airflow/operators/python.py", line 171, in execute
    return_value = self.execute_callable()
  File "/home/airflow/.local/lib/python3.7/site-packages/airflow/operators/python.py", line 189, in execute_callable
    return self.python_callable(*self.op_args, **self.op_kwargs)
  File "/opt/airflow/dags/my_calc_rates.py", line 69, in fetch_exchange_rates
    load_to_postgres = PostgresOperator(
NameError: name 'PostgresOperator' is not defined
[2023-07-25 20:38:34,800] {taskinstance.py:1420} INFO - Marking task as FAILED. dag_id=fetch_exchange_rates_dag, task_id=fetch_exchange_rates_task, execution_date=20230725T145000, start_date=20230725T203832, end_date=20230725T203834
[2023-07-25 20:38:34,830] {standard_task_runner.py:97} ERROR - Failed to execute job 187 for task fetch_exchange_rates_task (name 'PostgresOperator' is not defined; 9251)
[2023-07-25 20:38:34,852] {local_task_job.py:156} INFO - Task exited with return code 1
[2023-07-25 20:38:34,878] {local_task_job.py:273} INFO - 0 downstream tasks scheduled from follow-on schedule check
[2023-07-26 05:05:49,522] {taskinstance.py:1179} INFO - Dependencies all met for <TaskInstance: fetch_exchange_rates_dag.fetch_exchange_rates_task scheduled__2023-07-25T14:50:00+00:00 [queued]>
[2023-07-26 05:05:49,580] {taskinstance.py:1179} INFO - Dependencies all met for <TaskInstance: fetch_exchange_rates_dag.fetch_exchange_rates_task scheduled__2023-07-25T14:50:00+00:00 [queued]>
[2023-07-26 05:05:49,583] {taskinstance.py:1376} INFO - 
--------------------------------------------------------------------------------
[2023-07-26 05:05:49,584] {taskinstance.py:1377} INFO - Starting attempt 1 of 1
[2023-07-26 05:05:49,584] {taskinstance.py:1378} INFO - 
--------------------------------------------------------------------------------
[2023-07-26 05:05:49,668] {taskinstance.py:1397} INFO - Executing <Task(PythonOperator): fetch_exchange_rates_task> on 2023-07-25 14:50:00+00:00
[2023-07-26 05:05:49,704] {standard_task_runner.py:52} INFO - Started process 1322 to run task
[2023-07-26 05:05:49,719] {standard_task_runner.py:79} INFO - Running: ['***', 'tasks', 'run', 'fetch_exchange_rates_dag', 'fetch_exchange_rates_task', 'scheduled__2023-07-25T14:50:00+00:00', '--job-id', '325', '--raw', '--subdir', 'DAGS_FOLDER/my_calc_rates.py', '--cfg-path', '/tmp/tmpjs8dxx60', '--error-file', '/tmp/tmp6px2hcqk']
[2023-07-26 05:05:49,730] {standard_task_runner.py:80} INFO - Job 325: Subtask fetch_exchange_rates_task
[2023-07-26 05:05:50,070] {task_command.py:371} INFO - Running <TaskInstance: fetch_exchange_rates_dag.fetch_exchange_rates_task scheduled__2023-07-25T14:50:00+00:00 [running]> on host acb6bca32630
[2023-07-26 05:05:50,378] {taskinstance.py:1591} INFO - Exporting the following env vars:
AIRFLOW_CTX_DAG_OWNER=marina_z
AIRFLOW_CTX_DAG_ID=fetch_exchange_rates_dag
AIRFLOW_CTX_TASK_ID=fetch_exchange_rates_task
AIRFLOW_CTX_EXECUTION_DATE=2023-07-25T14:50:00+00:00
AIRFLOW_CTX_TRY_NUMBER=1
AIRFLOW_CTX_DAG_RUN_ID=scheduled__2023-07-25T14:50:00+00:00
[2023-07-26 05:05:50,884] {logging_mixin.py:115} INFO - Save a new file exchange_latest_BTC.csv
[2023-07-26 05:05:50,894] {logging_mixin.py:115} INFO - Create a new table exchange_latest_BTC
[2023-07-26 05:05:50,902] {logging_mixin.py:115} INFO - Insert into table exchange_latest_BTC
[2023-07-26 05:05:51,304] {logging_mixin.py:115} INFO - Save a new file exchange_latest_EUR.csv
[2023-07-26 05:05:51,305] {logging_mixin.py:115} INFO - Create a new table exchange_latest_EUR
[2023-07-26 05:05:51,311] {logging_mixin.py:115} INFO - Insert into table exchange_latest_EUR
[2023-07-26 05:05:51,687] {logging_mixin.py:115} INFO - Save a new file exchange_latest_GBR.csv
[2023-07-26 05:05:51,688] {logging_mixin.py:115} INFO - Create a new table exchange_latest_GBR
[2023-07-26 05:05:51,694] {logging_mixin.py:115} INFO - Insert into table exchange_latest_GBR
[2023-07-26 05:05:52,072] {logging_mixin.py:115} INFO - Save a new file exchange_latest_JPY.csv
[2023-07-26 05:05:52,073] {logging_mixin.py:115} INFO - Create a new table exchange_latest_JPY
[2023-07-26 05:05:52,082] {logging_mixin.py:115} INFO - Insert into table exchange_latest_JPY
[2023-07-26 05:05:52,589] {logging_mixin.py:115} INFO - Save a new file exchange_latest_CNY.csv
[2023-07-26 05:05:52,591] {logging_mixin.py:115} INFO - Create a new table exchange_latest_CNY
[2023-07-26 05:05:52,599] {logging_mixin.py:115} INFO - Insert into table exchange_latest_CNY
[2023-07-26 05:05:52,614] {python.py:173} INFO - Done. Returned value was: None
[2023-07-26 05:05:52,666] {taskinstance.py:1420} INFO - Marking task as SUCCESS. dag_id=fetch_exchange_rates_dag, task_id=fetch_exchange_rates_task, execution_date=20230725T145000, start_date=20230726T050549, end_date=20230726T050552
[2023-07-26 05:05:52,914] {local_task_job.py:156} INFO - Task exited with return code 0
[2023-07-26 05:05:53,523] {local_task_job.py:273} INFO - 0 downstream tasks scheduled from follow-on schedule check
