[2023-07-25 19:55:03,317] {taskinstance.py:1179} INFO - Dependencies all met for <TaskInstance: calc-rates.insert_data scheduled__2023-07-25T19:50:00+00:00 [queued]>
[2023-07-25 19:55:03,326] {taskinstance.py:1179} INFO - Dependencies all met for <TaskInstance: calc-rates.insert_data scheduled__2023-07-25T19:50:00+00:00 [queued]>
[2023-07-25 19:55:03,326] {taskinstance.py:1376} INFO - 
--------------------------------------------------------------------------------
[2023-07-25 19:55:03,327] {taskinstance.py:1377} INFO - Starting attempt 1 of 1
[2023-07-25 19:55:03,327] {taskinstance.py:1378} INFO - 
--------------------------------------------------------------------------------
[2023-07-25 19:55:03,340] {taskinstance.py:1397} INFO - Executing <Task(PythonOperator): insert_data> on 2023-07-25 19:50:00+00:00
[2023-07-25 19:55:03,343] {standard_task_runner.py:52} INFO - Started process 6766 to run task
[2023-07-25 19:55:03,346] {standard_task_runner.py:79} INFO - Running: ['***', 'tasks', 'run', 'calc-rates', 'insert_data', 'scheduled__2023-07-25T19:50:00+00:00', '--job-id', '62', '--raw', '--subdir', 'DAGS_FOLDER/calc_rates.py', '--cfg-path', '/tmp/tmpdn82frju', '--error-file', '/tmp/tmpm3rhqwb6']
[2023-07-25 19:55:03,347] {standard_task_runner.py:80} INFO - Job 62: Subtask insert_data
[2023-07-25 19:55:03,413] {task_command.py:371} INFO - Running <TaskInstance: calc-rates.insert_data scheduled__2023-07-25T19:50:00+00:00 [running]> on host 661c8d62a693
[2023-07-25 19:55:03,473] {taskinstance.py:1591} INFO - Exporting the following env vars:
AIRFLOW_CTX_DAG_OWNER=marina_z
AIRFLOW_CTX_DAG_ID=calc-rates
AIRFLOW_CTX_TASK_ID=insert_data
AIRFLOW_CTX_EXECUTION_DATE=2023-07-25T19:50:00+00:00
AIRFLOW_CTX_TRY_NUMBER=1
AIRFLOW_CTX_DAG_RUN_ID=scheduled__2023-07-25T19:50:00+00:00
[2023-07-25 19:55:03,486] {logging_mixin.py:115} INFO - rate_date:  2023-07-25
[2023-07-25 19:55:03,488] {logging_mixin.py:115} INFO - value_:  29150.94736800000100
[2023-07-25 19:55:03,496] {base.py:68} INFO - Using connection ID 'my_db_conn' for task execution.
[2023-07-25 19:55:03,514] {python.py:173} INFO - Done. Returned value was: None
[2023-07-25 19:55:03,527] {taskinstance.py:1420} INFO - Marking task as SUCCESS. dag_id=calc-rates, task_id=insert_data, execution_date=20230725T195000, start_date=20230725T195503, end_date=20230725T195503
[2023-07-25 19:55:03,559] {local_task_job.py:156} INFO - Task exited with return code 0
[2023-07-25 19:55:03,599] {local_task_job.py:273} INFO - 3 downstream tasks scheduled from follow-on schedule check
