[2023-07-26 05:04:43,582] {taskinstance.py:1179} INFO - Dependencies all met for <TaskInstance: fetch_exchange_rates_dag.bash_task scheduled__2023-07-25T08:50:00+00:00 [queued]>
[2023-07-26 05:04:43,631] {taskinstance.py:1179} INFO - Dependencies all met for <TaskInstance: fetch_exchange_rates_dag.bash_task scheduled__2023-07-25T08:50:00+00:00 [queued]>
[2023-07-26 05:04:43,634] {taskinstance.py:1376} INFO - 
--------------------------------------------------------------------------------
[2023-07-26 05:04:43,640] {taskinstance.py:1377} INFO - Starting attempt 1 of 1
[2023-07-26 05:04:43,644] {taskinstance.py:1378} INFO - 
--------------------------------------------------------------------------------
[2023-07-26 05:04:43,705] {taskinstance.py:1397} INFO - Executing <Task(BashOperator): bash_task> on 2023-07-25 08:50:00+00:00
[2023-07-26 05:04:43,732] {standard_task_runner.py:52} INFO - Started process 824 to run task
[2023-07-26 05:04:43,740] {standard_task_runner.py:79} INFO - Running: ['***', 'tasks', 'run', 'fetch_exchange_rates_dag', 'bash_task', 'scheduled__2023-07-25T08:50:00+00:00', '--job-id', '189', '--raw', '--subdir', 'DAGS_FOLDER/my_calc_rates.py', '--cfg-path', '/tmp/tmp1t8oof8i', '--error-file', '/tmp/tmpeffm5bgf']
[2023-07-26 05:04:43,744] {standard_task_runner.py:80} INFO - Job 189: Subtask bash_task
[2023-07-26 05:04:44,109] {task_command.py:371} INFO - Running <TaskInstance: fetch_exchange_rates_dag.bash_task scheduled__2023-07-25T08:50:00+00:00 [running]> on host acb6bca32630
[2023-07-26 05:04:44,469] {taskinstance.py:1591} INFO - Exporting the following env vars:
AIRFLOW_CTX_DAG_OWNER=***
AIRFLOW_CTX_DAG_ID=fetch_exchange_rates_dag
AIRFLOW_CTX_TASK_ID=bash_task
AIRFLOW_CTX_EXECUTION_DATE=2023-07-25T08:50:00+00:00
AIRFLOW_CTX_TRY_NUMBER=1
AIRFLOW_CTX_DAG_RUN_ID=scheduled__2023-07-25T08:50:00+00:00
[2023-07-26 05:04:44,471] {subprocess.py:62} INFO - Tmp dir root location: 
 /tmp
[2023-07-26 05:04:44,472] {subprocess.py:74} INFO - Running command: ['bash', '-c', 'echo "Good morning my diggers!"']
[2023-07-26 05:04:44,489] {subprocess.py:85} INFO - Output:
[2023-07-26 05:04:44,495] {subprocess.py:92} INFO - Good morning my diggers!
[2023-07-26 05:04:44,496] {subprocess.py:96} INFO - Command exited with return code 0
[2023-07-26 05:04:44,580] {taskinstance.py:1420} INFO - Marking task as SUCCESS. dag_id=fetch_exchange_rates_dag, task_id=bash_task, execution_date=20230725T085000, start_date=20230726T050443, end_date=20230726T050444
[2023-07-26 05:04:44,657] {local_task_job.py:156} INFO - Task exited with return code 0
[2023-07-26 05:04:44,746] {local_task_job.py:273} INFO - 1 downstream tasks scheduled from follow-on schedule check
