[2023-07-26 05:10:01,705] {taskinstance.py:1179} INFO - Dependencies all met for <TaskInstance: fetch_exchange_rates_dag.fetch_exchange_rates_task scheduled__2023-07-26T05:00:00+00:00 [queued]>
[2023-07-26 05:10:01,713] {taskinstance.py:1179} INFO - Dependencies all met for <TaskInstance: fetch_exchange_rates_dag.fetch_exchange_rates_task scheduled__2023-07-26T05:00:00+00:00 [queued]>
[2023-07-26 05:10:01,714] {taskinstance.py:1376} INFO - 
--------------------------------------------------------------------------------
[2023-07-26 05:10:01,715] {taskinstance.py:1377} INFO - Starting attempt 1 of 1
[2023-07-26 05:10:01,716] {taskinstance.py:1378} INFO - 
--------------------------------------------------------------------------------
[2023-07-26 05:10:01,727] {taskinstance.py:1397} INFO - Executing <Task(PythonOperator): fetch_exchange_rates_task> on 2023-07-26 05:00:00+00:00
[2023-07-26 05:10:01,734] {standard_task_runner.py:52} INFO - Started process 2483 to run task
[2023-07-26 05:10:01,737] {standard_task_runner.py:79} INFO - Running: ['***', 'tasks', 'run', 'fetch_exchange_rates_dag', 'fetch_exchange_rates_task', 'scheduled__2023-07-26T05:00:00+00:00', '--job-id', '637', '--raw', '--subdir', 'DAGS_FOLDER/my_calc_rates.py', '--cfg-path', '/tmp/tmpzg2ir_wt', '--error-file', '/tmp/tmprf1exr95']
[2023-07-26 05:10:01,739] {standard_task_runner.py:80} INFO - Job 637: Subtask fetch_exchange_rates_task
[2023-07-26 05:10:01,806] {task_command.py:371} INFO - Running <TaskInstance: fetch_exchange_rates_dag.fetch_exchange_rates_task scheduled__2023-07-26T05:00:00+00:00 [running]> on host acb6bca32630
[2023-07-26 05:10:01,870] {taskinstance.py:1591} INFO - Exporting the following env vars:
AIRFLOW_CTX_DAG_OWNER=marina_z
AIRFLOW_CTX_DAG_ID=fetch_exchange_rates_dag
AIRFLOW_CTX_TASK_ID=fetch_exchange_rates_task
AIRFLOW_CTX_EXECUTION_DATE=2023-07-26T05:00:00+00:00
AIRFLOW_CTX_TRY_NUMBER=1
AIRFLOW_CTX_DAG_RUN_ID=scheduled__2023-07-26T05:00:00+00:00
[2023-07-26 05:10:02,219] {logging_mixin.py:115} INFO - Save a new file exchange_latest_BTC.csv
[2023-07-26 05:10:02,221] {logging_mixin.py:115} INFO - Create a new table exchange_latest_BTC
[2023-07-26 05:10:02,229] {logging_mixin.py:115} INFO - Insert into table exchange_latest_BTC
[2023-07-26 05:10:02,573] {logging_mixin.py:115} INFO - Save a new file exchange_latest_EUR.csv
[2023-07-26 05:10:02,573] {logging_mixin.py:115} INFO - Create a new table exchange_latest_EUR
[2023-07-26 05:10:02,578] {logging_mixin.py:115} INFO - Insert into table exchange_latest_EUR
[2023-07-26 05:10:02,929] {logging_mixin.py:115} INFO - Save a new file exchange_latest_GBR.csv
[2023-07-26 05:10:02,931] {logging_mixin.py:115} INFO - Create a new table exchange_latest_GBR
[2023-07-26 05:10:02,939] {logging_mixin.py:115} INFO - Insert into table exchange_latest_GBR
[2023-07-26 05:10:03,370] {logging_mixin.py:115} INFO - Save a new file exchange_latest_JPY.csv
[2023-07-26 05:10:03,370] {logging_mixin.py:115} INFO - Create a new table exchange_latest_JPY
[2023-07-26 05:10:03,375] {logging_mixin.py:115} INFO - Insert into table exchange_latest_JPY
[2023-07-26 05:10:03,728] {logging_mixin.py:115} INFO - Save a new file exchange_latest_CNY.csv
[2023-07-26 05:10:03,729] {logging_mixin.py:115} INFO - Create a new table exchange_latest_CNY
[2023-07-26 05:10:03,736] {logging_mixin.py:115} INFO - Insert into table exchange_latest_CNY
[2023-07-26 05:10:03,746] {python.py:173} INFO - Done. Returned value was: None
[2023-07-26 05:10:03,759] {taskinstance.py:1420} INFO - Marking task as SUCCESS. dag_id=fetch_exchange_rates_dag, task_id=fetch_exchange_rates_task, execution_date=20230726T050000, start_date=20230726T051001, end_date=20230726T051003
[2023-07-26 05:10:03,798] {local_task_job.py:156} INFO - Task exited with return code 0
[2023-07-26 05:10:03,832] {local_task_job.py:273} INFO - 1 downstream tasks scheduled from follow-on schedule check
