[2023-07-25 20:35:06,893] {taskinstance.py:1179} INFO - Dependencies all met for <TaskInstance: fetch_exchange_rates_dag.fetch_exchange_rates_task scheduled__2023-07-25T06:50:00+00:00 [queued]>
[2023-07-25 20:35:06,951] {taskinstance.py:1179} INFO - Dependencies all met for <TaskInstance: fetch_exchange_rates_dag.fetch_exchange_rates_task scheduled__2023-07-25T06:50:00+00:00 [queued]>
[2023-07-25 20:35:06,952] {taskinstance.py:1376} INFO - 
--------------------------------------------------------------------------------
[2023-07-25 20:35:06,954] {taskinstance.py:1377} INFO - Starting attempt 1 of 1
[2023-07-25 20:35:06,956] {taskinstance.py:1378} INFO - 
--------------------------------------------------------------------------------
[2023-07-25 20:35:06,990] {taskinstance.py:1397} INFO - Executing <Task(PythonOperator): fetch_exchange_rates_task> on 2023-07-25 06:50:00+00:00
[2023-07-25 20:35:07,000] {standard_task_runner.py:52} INFO - Started process 8933 to run task
[2023-07-25 20:35:07,025] {standard_task_runner.py:79} INFO - Running: ['***', 'tasks', 'run', 'fetch_exchange_rates_dag', 'fetch_exchange_rates_task', 'scheduled__2023-07-25T06:50:00+00:00', '--job-id', '137', '--raw', '--subdir', 'DAGS_FOLDER/my_calc_rates.py', '--cfg-path', '/tmp/tmplqpjjjpm', '--error-file', '/tmp/tmpmt_4c814']
[2023-07-25 20:35:07,028] {standard_task_runner.py:80} INFO - Job 137: Subtask fetch_exchange_rates_task
[2023-07-25 20:35:07,205] {task_command.py:371} INFO - Running <TaskInstance: fetch_exchange_rates_dag.fetch_exchange_rates_task scheduled__2023-07-25T06:50:00+00:00 [running]> on host 661c8d62a693
[2023-07-25 20:35:07,346] {taskinstance.py:1591} INFO - Exporting the following env vars:
AIRFLOW_CTX_DAG_OWNER=marina_z
AIRFLOW_CTX_DAG_ID=fetch_exchange_rates_dag
AIRFLOW_CTX_TASK_ID=fetch_exchange_rates_task
AIRFLOW_CTX_EXECUTION_DATE=2023-07-25T06:50:00+00:00
AIRFLOW_CTX_TRY_NUMBER=1
AIRFLOW_CTX_DAG_RUN_ID=scheduled__2023-07-25T06:50:00+00:00
[2023-07-25 20:35:08,970] {taskinstance.py:1909} ERROR - Task failed with exception
Traceback (most recent call last):
  File "/home/airflow/.local/lib/python3.7/site-packages/airflow/operators/python.py", line 171, in execute
    return_value = self.execute_callable()
  File "/home/airflow/.local/lib/python3.7/site-packages/airflow/operators/python.py", line 189, in execute_callable
    return self.python_callable(*self.op_args, **self.op_kwargs)
  File "/opt/airflow/dags/my_calc_rates.py", line 69, in fetch_exchange_rates
    load_to_postgres = PostgresOperator(
NameError: name 'PostgresOperator' is not defined
[2023-07-25 20:35:08,984] {taskinstance.py:1420} INFO - Marking task as FAILED. dag_id=fetch_exchange_rates_dag, task_id=fetch_exchange_rates_task, execution_date=20230725T065000, start_date=20230725T203506, end_date=20230725T203508
[2023-07-25 20:35:09,000] {standard_task_runner.py:97} ERROR - Failed to execute job 137 for task fetch_exchange_rates_task (name 'PostgresOperator' is not defined; 8933)
[2023-07-25 20:35:09,028] {local_task_job.py:156} INFO - Task exited with return code 1
[2023-07-25 20:35:09,070] {local_task_job.py:273} INFO - 0 downstream tasks scheduled from follow-on schedule check
[2023-07-26 05:04:27,524] {taskinstance.py:1179} INFO - Dependencies all met for <TaskInstance: fetch_exchange_rates_dag.fetch_exchange_rates_task scheduled__2023-07-25T06:50:00+00:00 [queued]>
[2023-07-26 05:04:27,558] {taskinstance.py:1179} INFO - Dependencies all met for <TaskInstance: fetch_exchange_rates_dag.fetch_exchange_rates_task scheduled__2023-07-25T06:50:00+00:00 [queued]>
[2023-07-26 05:04:27,559] {taskinstance.py:1376} INFO - 
--------------------------------------------------------------------------------
[2023-07-26 05:04:27,560] {taskinstance.py:1377} INFO - Starting attempt 1 of 1
[2023-07-26 05:04:27,566] {taskinstance.py:1378} INFO - 
--------------------------------------------------------------------------------
[2023-07-26 05:04:27,706] {taskinstance.py:1397} INFO - Executing <Task(PythonOperator): fetch_exchange_rates_task> on 2023-07-25 06:50:00+00:00
[2023-07-26 05:04:27,736] {standard_task_runner.py:52} INFO - Started process 710 to run task
[2023-07-26 05:04:27,761] {standard_task_runner.py:79} INFO - Running: ['***', 'tasks', 'run', 'fetch_exchange_rates_dag', 'fetch_exchange_rates_task', 'scheduled__2023-07-25T06:50:00+00:00', '--job-id', '156', '--raw', '--subdir', 'DAGS_FOLDER/my_calc_rates.py', '--cfg-path', '/tmp/tmpla81rpk_', '--error-file', '/tmp/tmpqg3u7a7c']
[2023-07-26 05:04:27,777] {standard_task_runner.py:80} INFO - Job 156: Subtask fetch_exchange_rates_task
[2023-07-26 05:04:28,049] {task_command.py:371} INFO - Running <TaskInstance: fetch_exchange_rates_dag.fetch_exchange_rates_task scheduled__2023-07-25T06:50:00+00:00 [running]> on host acb6bca32630
[2023-07-26 05:04:28,262] {taskinstance.py:1591} INFO - Exporting the following env vars:
AIRFLOW_CTX_DAG_OWNER=marina_z
AIRFLOW_CTX_DAG_ID=fetch_exchange_rates_dag
AIRFLOW_CTX_TASK_ID=fetch_exchange_rates_task
AIRFLOW_CTX_EXECUTION_DATE=2023-07-25T06:50:00+00:00
AIRFLOW_CTX_TRY_NUMBER=1
AIRFLOW_CTX_DAG_RUN_ID=scheduled__2023-07-25T06:50:00+00:00
[2023-07-26 05:04:28,669] {logging_mixin.py:115} INFO - Save a new file exchange_latest_BTC.csv
[2023-07-26 05:04:28,670] {logging_mixin.py:115} INFO - Create a new table exchange_latest_BTC
[2023-07-26 05:04:28,675] {logging_mixin.py:115} INFO - Insert into table exchange_latest_BTC
[2023-07-26 05:04:29,043] {logging_mixin.py:115} INFO - Save a new file exchange_latest_EUR.csv
[2023-07-26 05:04:29,044] {logging_mixin.py:115} INFO - Create a new table exchange_latest_EUR
[2023-07-26 05:04:29,051] {logging_mixin.py:115} INFO - Insert into table exchange_latest_EUR
[2023-07-26 05:04:29,412] {logging_mixin.py:115} INFO - Save a new file exchange_latest_GBR.csv
[2023-07-26 05:04:29,413] {logging_mixin.py:115} INFO - Create a new table exchange_latest_GBR
[2023-07-26 05:04:29,420] {logging_mixin.py:115} INFO - Insert into table exchange_latest_GBR
[2023-07-26 05:04:29,772] {logging_mixin.py:115} INFO - Save a new file exchange_latest_JPY.csv
[2023-07-26 05:04:29,774] {logging_mixin.py:115} INFO - Create a new table exchange_latest_JPY
[2023-07-26 05:04:29,790] {logging_mixin.py:115} INFO - Insert into table exchange_latest_JPY
[2023-07-26 05:04:30,151] {logging_mixin.py:115} INFO - Save a new file exchange_latest_CNY.csv
[2023-07-26 05:04:30,152] {logging_mixin.py:115} INFO - Create a new table exchange_latest_CNY
[2023-07-26 05:04:30,159] {logging_mixin.py:115} INFO - Insert into table exchange_latest_CNY
[2023-07-26 05:04:30,182] {python.py:173} INFO - Done. Returned value was: None
[2023-07-26 05:04:30,208] {taskinstance.py:1420} INFO - Marking task as SUCCESS. dag_id=fetch_exchange_rates_dag, task_id=fetch_exchange_rates_task, execution_date=20230725T065000, start_date=20230726T050427, end_date=20230726T050430
[2023-07-26 05:04:30,246] {local_task_job.py:156} INFO - Task exited with return code 0
[2023-07-26 05:04:30,340] {local_task_job.py:273} INFO - 1 downstream tasks scheduled from follow-on schedule check
