[2023-07-26 00:40:04,768] {taskinstance.py:1179} INFO - Dependencies all met for <TaskInstance: calc-rates.insert_data scheduled__2023-07-26T00:35:00+00:00 [queued]>
[2023-07-26 00:40:04,777] {taskinstance.py:1179} INFO - Dependencies all met for <TaskInstance: calc-rates.insert_data scheduled__2023-07-26T00:35:00+00:00 [queued]>
[2023-07-26 00:40:04,778] {taskinstance.py:1376} INFO - 
--------------------------------------------------------------------------------
[2023-07-26 00:40:04,779] {taskinstance.py:1377} INFO - Starting attempt 1 of 1
[2023-07-26 00:40:04,780] {taskinstance.py:1378} INFO - 
--------------------------------------------------------------------------------
[2023-07-26 00:40:04,794] {taskinstance.py:1397} INFO - Executing <Task(PythonOperator): insert_data> on 2023-07-26 00:35:00+00:00
[2023-07-26 00:40:04,799] {standard_task_runner.py:52} INFO - Started process 3186 to run task
[2023-07-26 00:40:04,803] {standard_task_runner.py:79} INFO - Running: ['***', 'tasks', 'run', 'calc-rates', 'insert_data', 'scheduled__2023-07-26T00:35:00+00:00', '--job-id', '394', '--raw', '--subdir', 'DAGS_FOLDER/calc_rates.py', '--cfg-path', '/tmp/tmpngzygm4w', '--error-file', '/tmp/tmp2f_uv9lz']
[2023-07-26 00:40:04,804] {standard_task_runner.py:80} INFO - Job 394: Subtask insert_data
[2023-07-26 00:40:05,546] {task_command.py:371} INFO - Running <TaskInstance: calc-rates.insert_data scheduled__2023-07-26T00:35:00+00:00 [running]> on host 661c8d62a693
[2023-07-26 00:40:05,664] {taskinstance.py:1591} INFO - Exporting the following env vars:
AIRFLOW_CTX_DAG_OWNER=marina_z
AIRFLOW_CTX_DAG_ID=calc-rates
AIRFLOW_CTX_TASK_ID=insert_data
AIRFLOW_CTX_EXECUTION_DATE=2023-07-26T00:35:00+00:00
AIRFLOW_CTX_TRY_NUMBER=1
AIRFLOW_CTX_DAG_RUN_ID=scheduled__2023-07-26T00:35:00+00:00
[2023-07-26 00:40:05,677] {logging_mixin.py:115} INFO - rate_date:  2023-07-26
[2023-07-26 00:40:05,678] {logging_mixin.py:115} INFO - value_:  29105.18421099999977
[2023-07-26 00:40:05,686] {base.py:68} INFO - Using connection ID 'my_db_conn' for task execution.
[2023-07-26 00:40:05,704] {taskinstance.py:1909} ERROR - Task failed with exception
Traceback (most recent call last):
  File "/home/airflow/.local/lib/python3.7/site-packages/airflow/operators/python.py", line 171, in execute
    return_value = self.execute_callable()
  File "/home/airflow/.local/lib/python3.7/site-packages/airflow/operators/python.py", line 189, in execute_callable
    return self.python_callable(*self.op_args, **self.op_kwargs)
  File "/opt/airflow/dags/calc_rates.py", line 93, in insert_data
    cursor.execute(f"INSERT INTO {dag_variables.get('table_name')} (ingest_datetime, rate_date, rate_base, rate_target, value_ ) valueS('{ingest_datetime}','{results['rate_date']}', '{dag_variables.get('rate_base')}', '{dag_variables.get('rate_target')}', '{results['value_']}');")
psycopg2.errors.UndefinedTable: relation "rates" does not exist
LINE 1: INSERT INTO rates (ingest_datetime, rate_date, rate_base, ra...
                    ^

[2023-07-26 00:40:05,714] {taskinstance.py:1420} INFO - Marking task as FAILED. dag_id=calc-rates, task_id=insert_data, execution_date=20230726T003500, start_date=20230726T004004, end_date=20230726T004005
[2023-07-26 00:40:05,726] {standard_task_runner.py:97} ERROR - Failed to execute job 394 for task insert_data (relation "rates" does not exist
LINE 1: INSERT INTO rates (ingest_datetime, rate_date, rate_base, ra...
                    ^
; 3186)
[2023-07-26 00:40:05,740] {local_task_job.py:156} INFO - Task exited with return code 1
[2023-07-26 00:40:05,786] {local_task_job.py:273} INFO - 0 downstream tasks scheduled from follow-on schedule check
