[2023-07-25 20:34:59,954] {taskinstance.py:1179} INFO - Dependencies all met for <TaskInstance: fetch_exchange_rates_dag.fetch_exchange_rates_task scheduled__2023-07-25T04:50:00+00:00 [queued]>
[2023-07-25 20:34:59,975] {taskinstance.py:1179} INFO - Dependencies all met for <TaskInstance: fetch_exchange_rates_dag.fetch_exchange_rates_task scheduled__2023-07-25T04:50:00+00:00 [queued]>
[2023-07-25 20:34:59,976] {taskinstance.py:1376} INFO - 
--------------------------------------------------------------------------------
[2023-07-25 20:34:59,978] {taskinstance.py:1377} INFO - Starting attempt 1 of 1
[2023-07-25 20:34:59,979] {taskinstance.py:1378} INFO - 
--------------------------------------------------------------------------------
[2023-07-25 20:35:00,061] {taskinstance.py:1397} INFO - Executing <Task(PythonOperator): fetch_exchange_rates_task> on 2023-07-25 04:50:00+00:00
[2023-07-25 20:35:00,071] {standard_task_runner.py:52} INFO - Started process 8890 to run task
[2023-07-25 20:35:00,079] {standard_task_runner.py:79} INFO - Running: ['***', 'tasks', 'run', 'fetch_exchange_rates_dag', 'fetch_exchange_rates_task', 'scheduled__2023-07-25T04:50:00+00:00', '--job-id', '122', '--raw', '--subdir', 'DAGS_FOLDER/my_calc_rates.py', '--cfg-path', '/tmp/tmptstuovhl', '--error-file', '/tmp/tmp_pyf6bl8']
[2023-07-25 20:35:00,090] {standard_task_runner.py:80} INFO - Job 122: Subtask fetch_exchange_rates_task
[2023-07-25 20:35:00,212] {task_command.py:371} INFO - Running <TaskInstance: fetch_exchange_rates_dag.fetch_exchange_rates_task scheduled__2023-07-25T04:50:00+00:00 [running]> on host 661c8d62a693
[2023-07-25 20:35:00,408] {taskinstance.py:1591} INFO - Exporting the following env vars:
AIRFLOW_CTX_DAG_OWNER=marina_z
AIRFLOW_CTX_DAG_ID=fetch_exchange_rates_dag
AIRFLOW_CTX_TASK_ID=fetch_exchange_rates_task
AIRFLOW_CTX_EXECUTION_DATE=2023-07-25T04:50:00+00:00
AIRFLOW_CTX_TRY_NUMBER=1
AIRFLOW_CTX_DAG_RUN_ID=scheduled__2023-07-25T04:50:00+00:00
[2023-07-25 20:35:02,057] {taskinstance.py:1909} ERROR - Task failed with exception
Traceback (most recent call last):
  File "/home/airflow/.local/lib/python3.7/site-packages/airflow/operators/python.py", line 171, in execute
    return_value = self.execute_callable()
  File "/home/airflow/.local/lib/python3.7/site-packages/airflow/operators/python.py", line 189, in execute_callable
    return self.python_callable(*self.op_args, **self.op_kwargs)
  File "/opt/airflow/dags/my_calc_rates.py", line 69, in fetch_exchange_rates
    load_to_postgres = PostgresOperator(
NameError: name 'PostgresOperator' is not defined
[2023-07-25 20:35:02,093] {taskinstance.py:1420} INFO - Marking task as FAILED. dag_id=fetch_exchange_rates_dag, task_id=fetch_exchange_rates_task, execution_date=20230725T045000, start_date=20230725T203459, end_date=20230725T203502
[2023-07-25 20:35:02,139] {standard_task_runner.py:97} ERROR - Failed to execute job 122 for task fetch_exchange_rates_task (name 'PostgresOperator' is not defined; 8890)
[2023-07-25 20:35:02,215] {local_task_job.py:156} INFO - Task exited with return code 1
[2023-07-25 20:35:02,444] {local_task_job.py:273} INFO - 0 downstream tasks scheduled from follow-on schedule check
[2023-07-26 05:03:53,239] {taskinstance.py:1179} INFO - Dependencies all met for <TaskInstance: fetch_exchange_rates_dag.fetch_exchange_rates_task scheduled__2023-07-25T04:50:00+00:00 [queued]>
[2023-07-26 05:03:53,350] {taskinstance.py:1179} INFO - Dependencies all met for <TaskInstance: fetch_exchange_rates_dag.fetch_exchange_rates_task scheduled__2023-07-25T04:50:00+00:00 [queued]>
[2023-07-26 05:03:53,355] {taskinstance.py:1376} INFO - 
--------------------------------------------------------------------------------
[2023-07-26 05:03:53,365] {taskinstance.py:1377} INFO - Starting attempt 1 of 1
[2023-07-26 05:03:53,368] {taskinstance.py:1378} INFO - 
--------------------------------------------------------------------------------
[2023-07-26 05:03:53,493] {taskinstance.py:1397} INFO - Executing <Task(PythonOperator): fetch_exchange_rates_task> on 2023-07-25 04:50:00+00:00
[2023-07-26 05:03:53,529] {standard_task_runner.py:52} INFO - Started process 463 to run task
[2023-07-26 05:03:53,541] {standard_task_runner.py:79} INFO - Running: ['***', 'tasks', 'run', 'fetch_exchange_rates_dag', 'fetch_exchange_rates_task', 'scheduled__2023-07-25T04:50:00+00:00', '--job-id', '86', '--raw', '--subdir', 'DAGS_FOLDER/my_calc_rates.py', '--cfg-path', '/tmp/tmpels3us8j', '--error-file', '/tmp/tmp3abymxnl']
[2023-07-26 05:03:53,564] {standard_task_runner.py:80} INFO - Job 86: Subtask fetch_exchange_rates_task
[2023-07-26 05:03:54,171] {task_command.py:371} INFO - Running <TaskInstance: fetch_exchange_rates_dag.fetch_exchange_rates_task scheduled__2023-07-25T04:50:00+00:00 [running]> on host acb6bca32630
[2023-07-26 05:03:54,612] {taskinstance.py:1591} INFO - Exporting the following env vars:
AIRFLOW_CTX_DAG_OWNER=marina_z
AIRFLOW_CTX_DAG_ID=fetch_exchange_rates_dag
AIRFLOW_CTX_TASK_ID=fetch_exchange_rates_task
AIRFLOW_CTX_EXECUTION_DATE=2023-07-25T04:50:00+00:00
AIRFLOW_CTX_TRY_NUMBER=1
AIRFLOW_CTX_DAG_RUN_ID=scheduled__2023-07-25T04:50:00+00:00
[2023-07-26 05:03:55,521] {logging_mixin.py:115} INFO - Save a new file exchange_latest_BTC.csv
[2023-07-26 05:03:55,524] {logging_mixin.py:115} INFO - Create a new table exchange_latest_BTC
[2023-07-26 05:03:55,573] {logging_mixin.py:115} INFO - Insert into table exchange_latest_BTC
[2023-07-26 05:03:56,078] {logging_mixin.py:115} INFO - Save a new file exchange_latest_EUR.csv
[2023-07-26 05:03:56,085] {logging_mixin.py:115} INFO - Create a new table exchange_latest_EUR
[2023-07-26 05:03:56,104] {logging_mixin.py:115} INFO - Insert into table exchange_latest_EUR
[2023-07-26 05:03:56,478] {logging_mixin.py:115} INFO - Save a new file exchange_latest_GBR.csv
[2023-07-26 05:03:56,479] {logging_mixin.py:115} INFO - Create a new table exchange_latest_GBR
[2023-07-26 05:03:56,491] {logging_mixin.py:115} INFO - Insert into table exchange_latest_GBR
[2023-07-26 05:03:56,938] {logging_mixin.py:115} INFO - Save a new file exchange_latest_JPY.csv
[2023-07-26 05:03:56,942] {logging_mixin.py:115} INFO - Create a new table exchange_latest_JPY
[2023-07-26 05:03:56,967] {logging_mixin.py:115} INFO - Insert into table exchange_latest_JPY
[2023-07-26 05:03:57,443] {logging_mixin.py:115} INFO - Save a new file exchange_latest_CNY.csv
[2023-07-26 05:03:57,445] {logging_mixin.py:115} INFO - Create a new table exchange_latest_CNY
[2023-07-26 05:03:57,491] {logging_mixin.py:115} INFO - Insert into table exchange_latest_CNY
[2023-07-26 05:03:57,513] {python.py:173} INFO - Done. Returned value was: None
[2023-07-26 05:03:57,578] {taskinstance.py:1420} INFO - Marking task as SUCCESS. dag_id=fetch_exchange_rates_dag, task_id=fetch_exchange_rates_task, execution_date=20230725T045000, start_date=20230726T050353, end_date=20230726T050357
[2023-07-26 05:03:57,717] {local_task_job.py:156} INFO - Task exited with return code 0
[2023-07-26 05:03:57,986] {local_task_job.py:273} INFO - 0 downstream tasks scheduled from follow-on schedule check
