[2023-07-26 04:18:41,215] {taskinstance.py:1179} INFO - Dependencies all met for <TaskInstance: fetch_exchange_rates_dag.fetch_exchange_rates_task scheduled__2023-07-26T04:00:00+00:00 [queued]>
[2023-07-26 04:18:41,226] {taskinstance.py:1179} INFO - Dependencies all met for <TaskInstance: fetch_exchange_rates_dag.fetch_exchange_rates_task scheduled__2023-07-26T04:00:00+00:00 [queued]>
[2023-07-26 04:18:41,227] {taskinstance.py:1376} INFO - 
--------------------------------------------------------------------------------
[2023-07-26 04:18:41,227] {taskinstance.py:1377} INFO - Starting attempt 1 of 1
[2023-07-26 04:18:41,228] {taskinstance.py:1378} INFO - 
--------------------------------------------------------------------------------
[2023-07-26 04:18:41,244] {taskinstance.py:1397} INFO - Executing <Task(PythonOperator): fetch_exchange_rates_task> on 2023-07-26 04:00:00+00:00
[2023-07-26 04:18:41,249] {standard_task_runner.py:52} INFO - Started process 7227 to run task
[2023-07-26 04:18:41,252] {standard_task_runner.py:79} INFO - Running: ['***', 'tasks', 'run', 'fetch_exchange_rates_dag', 'fetch_exchange_rates_task', 'scheduled__2023-07-26T04:00:00+00:00', '--job-id', '111', '--raw', '--subdir', 'DAGS_FOLDER/my_calc_rates.py', '--cfg-path', '/tmp/tmph8g5mwwt', '--error-file', '/tmp/tmp804t9y61']
[2023-07-26 04:18:41,254] {standard_task_runner.py:80} INFO - Job 111: Subtask fetch_exchange_rates_task
[2023-07-26 04:18:41,387] {task_command.py:371} INFO - Running <TaskInstance: fetch_exchange_rates_dag.fetch_exchange_rates_task scheduled__2023-07-26T04:00:00+00:00 [running]> on host 6e11a261c833
[2023-07-26 04:18:41,529] {taskinstance.py:1591} INFO - Exporting the following env vars:
AIRFLOW_CTX_DAG_OWNER=marina_z
AIRFLOW_CTX_DAG_ID=fetch_exchange_rates_dag
AIRFLOW_CTX_TASK_ID=fetch_exchange_rates_task
AIRFLOW_CTX_EXECUTION_DATE=2023-07-26T04:00:00+00:00
AIRFLOW_CTX_TRY_NUMBER=1
AIRFLOW_CTX_DAG_RUN_ID=scheduled__2023-07-26T04:00:00+00:00
[2023-07-26 04:18:41,945] {logging_mixin.py:115} INFO - Save a new table exchange_latest_BTC.csv
[2023-07-26 04:18:41,946] {logging_mixin.py:115} INFO - Create a new table exchange_latest_BTC.csv
[2023-07-26 04:18:41,962] {logging_mixin.py:115} INFO - Insert into table exchange_latest_BTC.csv
[2023-07-26 04:18:42,322] {logging_mixin.py:115} INFO - Save a new table exchange_latest_EUR.csv
[2023-07-26 04:18:42,325] {logging_mixin.py:115} INFO - Create a new table exchange_latest_EUR.csv
[2023-07-26 04:18:42,331] {logging_mixin.py:115} INFO - Insert into table exchange_latest_EUR.csv
[2023-07-26 04:18:42,711] {logging_mixin.py:115} INFO - Save a new table exchange_latest_GBR.csv
[2023-07-26 04:18:42,713] {logging_mixin.py:115} INFO - Create a new table exchange_latest_GBR.csv
[2023-07-26 04:18:42,726] {logging_mixin.py:115} INFO - Insert into table exchange_latest_GBR.csv
[2023-07-26 04:18:43,236] {logging_mixin.py:115} INFO - Save a new table exchange_latest_JPY.csv
[2023-07-26 04:18:43,237] {logging_mixin.py:115} INFO - Create a new table exchange_latest_JPY.csv
[2023-07-26 04:18:43,249] {logging_mixin.py:115} INFO - Insert into table exchange_latest_JPY.csv
[2023-07-26 04:18:43,603] {logging_mixin.py:115} INFO - Save a new table exchange_latest_CNY.csv
[2023-07-26 04:18:43,606] {logging_mixin.py:115} INFO - Create a new table exchange_latest_CNY.csv
[2023-07-26 04:18:43,611] {logging_mixin.py:115} INFO - Insert into table exchange_latest_CNY.csv
[2023-07-26 04:18:43,626] {python.py:173} INFO - Done. Returned value was: None
[2023-07-26 04:18:43,650] {taskinstance.py:1420} INFO - Marking task as SUCCESS. dag_id=fetch_exchange_rates_dag, task_id=fetch_exchange_rates_task, execution_date=20230726T040000, start_date=20230726T041841, end_date=20230726T041843
[2023-07-26 04:18:43,701] {local_task_job.py:156} INFO - Task exited with return code 0
[2023-07-26 04:18:43,791] {local_task_job.py:273} INFO - 1 downstream tasks scheduled from follow-on schedule check
[2023-07-26 05:08:18,792] {taskinstance.py:1179} INFO - Dependencies all met for <TaskInstance: fetch_exchange_rates_dag.fetch_exchange_rates_task scheduled__2023-07-26T04:00:00+00:00 [queued]>
[2023-07-26 05:08:18,809] {taskinstance.py:1179} INFO - Dependencies all met for <TaskInstance: fetch_exchange_rates_dag.fetch_exchange_rates_task scheduled__2023-07-26T04:00:00+00:00 [queued]>
[2023-07-26 05:08:18,810] {taskinstance.py:1376} INFO - 
--------------------------------------------------------------------------------
[2023-07-26 05:08:18,814] {taskinstance.py:1377} INFO - Starting attempt 1 of 1
[2023-07-26 05:08:18,824] {taskinstance.py:1378} INFO - 
--------------------------------------------------------------------------------
[2023-07-26 05:08:18,892] {taskinstance.py:1397} INFO - Executing <Task(PythonOperator): fetch_exchange_rates_task> on 2023-07-26 04:00:00+00:00
[2023-07-26 05:08:18,899] {standard_task_runner.py:52} INFO - Started process 2336 to run task
[2023-07-26 05:08:18,911] {standard_task_runner.py:79} INFO - Running: ['***', 'tasks', 'run', 'fetch_exchange_rates_dag', 'fetch_exchange_rates_task', 'scheduled__2023-07-26T04:00:00+00:00', '--job-id', '614', '--raw', '--subdir', 'DAGS_FOLDER/my_calc_rates.py', '--cfg-path', '/tmp/tmpnwkipxd0', '--error-file', '/tmp/tmppuyf7eli']
[2023-07-26 05:08:18,923] {standard_task_runner.py:80} INFO - Job 614: Subtask fetch_exchange_rates_task
[2023-07-26 05:08:19,204] {task_command.py:371} INFO - Running <TaskInstance: fetch_exchange_rates_dag.fetch_exchange_rates_task scheduled__2023-07-26T04:00:00+00:00 [running]> on host acb6bca32630
[2023-07-26 05:08:19,532] {taskinstance.py:1591} INFO - Exporting the following env vars:
AIRFLOW_CTX_DAG_OWNER=marina_z
AIRFLOW_CTX_DAG_ID=fetch_exchange_rates_dag
AIRFLOW_CTX_TASK_ID=fetch_exchange_rates_task
AIRFLOW_CTX_EXECUTION_DATE=2023-07-26T04:00:00+00:00
AIRFLOW_CTX_TRY_NUMBER=1
AIRFLOW_CTX_DAG_RUN_ID=scheduled__2023-07-26T04:00:00+00:00
[2023-07-26 05:08:20,049] {logging_mixin.py:115} INFO - Save a new file exchange_latest_BTC.csv
[2023-07-26 05:08:20,054] {logging_mixin.py:115} INFO - Create a new table exchange_latest_BTC
[2023-07-26 05:08:20,076] {logging_mixin.py:115} INFO - Insert into table exchange_latest_BTC
[2023-07-26 05:08:20,408] {logging_mixin.py:115} INFO - Save a new file exchange_latest_EUR.csv
[2023-07-26 05:08:20,411] {logging_mixin.py:115} INFO - Create a new table exchange_latest_EUR
[2023-07-26 05:08:20,428] {logging_mixin.py:115} INFO - Insert into table exchange_latest_EUR
[2023-07-26 05:08:20,756] {logging_mixin.py:115} INFO - Save a new file exchange_latest_GBR.csv
[2023-07-26 05:08:20,757] {logging_mixin.py:115} INFO - Create a new table exchange_latest_GBR
[2023-07-26 05:08:20,764] {logging_mixin.py:115} INFO - Insert into table exchange_latest_GBR
[2023-07-26 05:08:21,169] {logging_mixin.py:115} INFO - Save a new file exchange_latest_JPY.csv
[2023-07-26 05:08:21,170] {logging_mixin.py:115} INFO - Create a new table exchange_latest_JPY
[2023-07-26 05:08:21,177] {logging_mixin.py:115} INFO - Insert into table exchange_latest_JPY
[2023-07-26 05:08:21,193] {taskinstance.py:1909} ERROR - Task failed with exception
Traceback (most recent call last):
  File "/home/airflow/.local/lib/python3.7/site-packages/airflow/operators/python.py", line 171, in execute
    return_value = self.execute_callable()
  File "/home/airflow/.local/lib/python3.7/site-packages/airflow/operators/python.py", line 189, in execute_callable
    return self.python_callable(*self.op_args, **self.op_kwargs)
  File "/opt/airflow/dags/my_calc_rates.py", line 99, in fetch_exchange_rates
    cur.execute(copy_query)
psycopg2.errors.InvalidTextRepresentation: invalid input syntax for type numeric: "0,639794"
CONTEXT:  COPY exchange_rates_jpy, line 2, column exchange_rate: "0,639794"

[2023-07-26 05:08:21,210] {taskinstance.py:1420} INFO - Marking task as FAILED. dag_id=fetch_exchange_rates_dag, task_id=fetch_exchange_rates_task, execution_date=20230726T040000, start_date=20230726T050818, end_date=20230726T050821
[2023-07-26 05:08:21,302] {standard_task_runner.py:97} ERROR - Failed to execute job 614 for task fetch_exchange_rates_task (invalid input syntax for type numeric: "0,639794"
CONTEXT:  COPY exchange_rates_jpy, line 2, column exchange_rate: "0,639794"
; 2336)
[2023-07-26 05:08:21,319] {local_task_job.py:156} INFO - Task exited with return code 1
[2023-07-26 05:08:21,395] {local_task_job.py:273} INFO - 0 downstream tasks scheduled from follow-on schedule check
