[2023-07-25 20:38:51,186] {taskinstance.py:1179} INFO - Dependencies all met for <TaskInstance: fetch_exchange_rates_dag.fetch_exchange_rates_task scheduled__2023-07-25T19:40:00+00:00 [queued]>
[2023-07-25 20:38:51,202] {taskinstance.py:1179} INFO - Dependencies all met for <TaskInstance: fetch_exchange_rates_dag.fetch_exchange_rates_task scheduled__2023-07-25T19:40:00+00:00 [queued]>
[2023-07-25 20:38:51,203] {taskinstance.py:1376} INFO - 
--------------------------------------------------------------------------------
[2023-07-25 20:38:51,204] {taskinstance.py:1377} INFO - Starting attempt 1 of 1
[2023-07-25 20:38:51,204] {taskinstance.py:1378} INFO - 
--------------------------------------------------------------------------------
[2023-07-25 20:38:51,221] {taskinstance.py:1397} INFO - Executing <Task(PythonOperator): fetch_exchange_rates_task> on 2023-07-25 19:40:00+00:00
[2023-07-25 20:38:51,228] {standard_task_runner.py:52} INFO - Started process 9347 to run task
[2023-07-25 20:38:51,233] {standard_task_runner.py:79} INFO - Running: ['***', 'tasks', 'run', 'fetch_exchange_rates_dag', 'fetch_exchange_rates_task', 'scheduled__2023-07-25T19:40:00+00:00', '--job-id', '216', '--raw', '--subdir', 'DAGS_FOLDER/my_calc_rates.py', '--cfg-path', '/tmp/tmpk4glvewc', '--error-file', '/tmp/tmpuwmjyjot']
[2023-07-25 20:38:51,235] {standard_task_runner.py:80} INFO - Job 216: Subtask fetch_exchange_rates_task
[2023-07-25 20:38:51,353] {task_command.py:371} INFO - Running <TaskInstance: fetch_exchange_rates_dag.fetch_exchange_rates_task scheduled__2023-07-25T19:40:00+00:00 [running]> on host 661c8d62a693
[2023-07-25 20:38:51,473] {taskinstance.py:1591} INFO - Exporting the following env vars:
AIRFLOW_CTX_DAG_OWNER=marina_z
AIRFLOW_CTX_DAG_ID=fetch_exchange_rates_dag
AIRFLOW_CTX_TASK_ID=fetch_exchange_rates_task
AIRFLOW_CTX_EXECUTION_DATE=2023-07-25T19:40:00+00:00
AIRFLOW_CTX_TRY_NUMBER=1
AIRFLOW_CTX_DAG_RUN_ID=scheduled__2023-07-25T19:40:00+00:00
[2023-07-25 20:38:53,129] {taskinstance.py:1909} ERROR - Task failed with exception
Traceback (most recent call last):
  File "/home/airflow/.local/lib/python3.7/site-packages/airflow/operators/python.py", line 171, in execute
    return_value = self.execute_callable()
  File "/home/airflow/.local/lib/python3.7/site-packages/airflow/operators/python.py", line 189, in execute_callable
    return self.python_callable(*self.op_args, **self.op_kwargs)
  File "/opt/airflow/dags/my_calc_rates.py", line 69, in fetch_exchange_rates
    load_to_postgres = PostgresOperator(
NameError: name 'PostgresOperator' is not defined
[2023-07-25 20:38:53,140] {taskinstance.py:1420} INFO - Marking task as FAILED. dag_id=fetch_exchange_rates_dag, task_id=fetch_exchange_rates_task, execution_date=20230725T194000, start_date=20230725T203851, end_date=20230725T203853
[2023-07-25 20:38:53,160] {standard_task_runner.py:97} ERROR - Failed to execute job 216 for task fetch_exchange_rates_task (name 'PostgresOperator' is not defined; 9347)
[2023-07-25 20:38:53,213] {local_task_job.py:156} INFO - Task exited with return code 1
[2023-07-25 20:38:53,266] {local_task_job.py:273} INFO - 0 downstream tasks scheduled from follow-on schedule check
[2023-07-26 05:06:46,626] {taskinstance.py:1179} INFO - Dependencies all met for <TaskInstance: fetch_exchange_rates_dag.fetch_exchange_rates_task scheduled__2023-07-25T19:40:00+00:00 [queued]>
[2023-07-26 05:06:46,694] {taskinstance.py:1179} INFO - Dependencies all met for <TaskInstance: fetch_exchange_rates_dag.fetch_exchange_rates_task scheduled__2023-07-25T19:40:00+00:00 [queued]>
[2023-07-26 05:06:46,695] {taskinstance.py:1376} INFO - 
--------------------------------------------------------------------------------
[2023-07-26 05:06:46,700] {taskinstance.py:1377} INFO - Starting attempt 1 of 1
[2023-07-26 05:06:46,703] {taskinstance.py:1378} INFO - 
--------------------------------------------------------------------------------
[2023-07-26 05:06:46,825] {taskinstance.py:1397} INFO - Executing <Task(PythonOperator): fetch_exchange_rates_task> on 2023-07-25 19:40:00+00:00
[2023-07-26 05:06:46,842] {standard_task_runner.py:52} INFO - Started process 1712 to run task
[2023-07-26 05:06:46,913] {standard_task_runner.py:79} INFO - Running: ['***', 'tasks', 'run', 'fetch_exchange_rates_dag', 'fetch_exchange_rates_task', 'scheduled__2023-07-25T19:40:00+00:00', '--job-id', '437', '--raw', '--subdir', 'DAGS_FOLDER/my_calc_rates.py', '--cfg-path', '/tmp/tmpsq90mago', '--error-file', '/tmp/tmp1t_ujlhk']
[2023-07-26 05:06:46,926] {standard_task_runner.py:80} INFO - Job 437: Subtask fetch_exchange_rates_task
[2023-07-26 05:06:47,178] {task_command.py:371} INFO - Running <TaskInstance: fetch_exchange_rates_dag.fetch_exchange_rates_task scheduled__2023-07-25T19:40:00+00:00 [running]> on host acb6bca32630
[2023-07-26 05:06:47,516] {taskinstance.py:1591} INFO - Exporting the following env vars:
AIRFLOW_CTX_DAG_OWNER=marina_z
AIRFLOW_CTX_DAG_ID=fetch_exchange_rates_dag
AIRFLOW_CTX_TASK_ID=fetch_exchange_rates_task
AIRFLOW_CTX_EXECUTION_DATE=2023-07-25T19:40:00+00:00
AIRFLOW_CTX_TRY_NUMBER=1
AIRFLOW_CTX_DAG_RUN_ID=scheduled__2023-07-25T19:40:00+00:00
[2023-07-26 05:06:47,952] {logging_mixin.py:115} INFO - Save a new file exchange_latest_BTC.csv
[2023-07-26 05:06:47,954] {logging_mixin.py:115} INFO - Create a new table exchange_latest_BTC
[2023-07-26 05:06:47,964] {logging_mixin.py:115} INFO - Insert into table exchange_latest_BTC
[2023-07-26 05:06:48,390] {logging_mixin.py:115} INFO - Save a new file exchange_latest_EUR.csv
[2023-07-26 05:06:48,391] {logging_mixin.py:115} INFO - Create a new table exchange_latest_EUR
[2023-07-26 05:06:48,403] {logging_mixin.py:115} INFO - Insert into table exchange_latest_EUR
[2023-07-26 05:06:48,769] {logging_mixin.py:115} INFO - Save a new file exchange_latest_GBR.csv
[2023-07-26 05:06:48,770] {logging_mixin.py:115} INFO - Create a new table exchange_latest_GBR
[2023-07-26 05:06:48,778] {logging_mixin.py:115} INFO - Insert into table exchange_latest_GBR
[2023-07-26 05:06:49,141] {logging_mixin.py:115} INFO - Save a new file exchange_latest_JPY.csv
[2023-07-26 05:06:49,152] {logging_mixin.py:115} INFO - Create a new table exchange_latest_JPY
[2023-07-26 05:06:49,157] {logging_mixin.py:115} INFO - Insert into table exchange_latest_JPY
[2023-07-26 05:06:49,655] {logging_mixin.py:115} INFO - Save a new file exchange_latest_CNY.csv
[2023-07-26 05:06:49,657] {logging_mixin.py:115} INFO - Create a new table exchange_latest_CNY
[2023-07-26 05:06:49,683] {logging_mixin.py:115} INFO - Insert into table exchange_latest_CNY
[2023-07-26 05:06:49,710] {python.py:173} INFO - Done. Returned value was: None
[2023-07-26 05:06:49,754] {taskinstance.py:1420} INFO - Marking task as SUCCESS. dag_id=fetch_exchange_rates_dag, task_id=fetch_exchange_rates_task, execution_date=20230725T194000, start_date=20230726T050646, end_date=20230726T050649
[2023-07-26 05:06:49,891] {local_task_job.py:156} INFO - Task exited with return code 0
[2023-07-26 05:06:50,105] {local_task_job.py:273} INFO - 0 downstream tasks scheduled from follow-on schedule check
