[2023-07-25 20:38:02,077] {taskinstance.py:1179} INFO - Dependencies all met for <TaskInstance: fetch_exchange_rates_dag.fetch_exchange_rates_task scheduled__2023-07-25T07:10:00+00:00 [queued]>
[2023-07-25 20:38:02,102] {taskinstance.py:1179} INFO - Dependencies all met for <TaskInstance: fetch_exchange_rates_dag.fetch_exchange_rates_task scheduled__2023-07-25T07:10:00+00:00 [queued]>
[2023-07-25 20:38:02,103] {taskinstance.py:1376} INFO - 
--------------------------------------------------------------------------------
[2023-07-25 20:38:02,104] {taskinstance.py:1377} INFO - Starting attempt 1 of 1
[2023-07-25 20:38:02,105] {taskinstance.py:1378} INFO - 
--------------------------------------------------------------------------------
[2023-07-25 20:38:02,132] {taskinstance.py:1397} INFO - Executing <Task(PythonOperator): fetch_exchange_rates_task> on 2023-07-25 07:10:00+00:00
[2023-07-25 20:38:02,138] {standard_task_runner.py:52} INFO - Started process 9088 to run task
[2023-07-25 20:38:02,150] {standard_task_runner.py:79} INFO - Running: ['***', 'tasks', 'run', 'fetch_exchange_rates_dag', 'fetch_exchange_rates_task', 'scheduled__2023-07-25T07:10:00+00:00', '--job-id', '140', '--raw', '--subdir', 'DAGS_FOLDER/my_calc_rates.py', '--cfg-path', '/tmp/tmpdpk6vf4s', '--error-file', '/tmp/tmp4gz4tlcu']
[2023-07-25 20:38:02,163] {standard_task_runner.py:80} INFO - Job 140: Subtask fetch_exchange_rates_task
[2023-07-25 20:38:02,299] {task_command.py:371} INFO - Running <TaskInstance: fetch_exchange_rates_dag.fetch_exchange_rates_task scheduled__2023-07-25T07:10:00+00:00 [running]> on host 661c8d62a693
[2023-07-25 20:38:02,461] {taskinstance.py:1591} INFO - Exporting the following env vars:
AIRFLOW_CTX_DAG_OWNER=marina_z
AIRFLOW_CTX_DAG_ID=fetch_exchange_rates_dag
AIRFLOW_CTX_TASK_ID=fetch_exchange_rates_task
AIRFLOW_CTX_EXECUTION_DATE=2023-07-25T07:10:00+00:00
AIRFLOW_CTX_TRY_NUMBER=1
AIRFLOW_CTX_DAG_RUN_ID=scheduled__2023-07-25T07:10:00+00:00
[2023-07-25 20:38:04,266] {taskinstance.py:1909} ERROR - Task failed with exception
Traceback (most recent call last):
  File "/home/airflow/.local/lib/python3.7/site-packages/airflow/operators/python.py", line 171, in execute
    return_value = self.execute_callable()
  File "/home/airflow/.local/lib/python3.7/site-packages/airflow/operators/python.py", line 189, in execute_callable
    return self.python_callable(*self.op_args, **self.op_kwargs)
  File "/opt/airflow/dags/my_calc_rates.py", line 69, in fetch_exchange_rates
    load_to_postgres = PostgresOperator(
NameError: name 'PostgresOperator' is not defined
[2023-07-25 20:38:04,290] {taskinstance.py:1420} INFO - Marking task as FAILED. dag_id=fetch_exchange_rates_dag, task_id=fetch_exchange_rates_task, execution_date=20230725T071000, start_date=20230725T203802, end_date=20230725T203804
[2023-07-25 20:38:04,313] {standard_task_runner.py:97} ERROR - Failed to execute job 140 for task fetch_exchange_rates_task (name 'PostgresOperator' is not defined; 9088)
[2023-07-25 20:38:04,369] {local_task_job.py:156} INFO - Task exited with return code 1
[2023-07-25 20:38:04,478] {local_task_job.py:273} INFO - 0 downstream tasks scheduled from follow-on schedule check
[2023-07-26 05:04:28,860] {taskinstance.py:1179} INFO - Dependencies all met for <TaskInstance: fetch_exchange_rates_dag.fetch_exchange_rates_task scheduled__2023-07-25T07:10:00+00:00 [queued]>
[2023-07-26 05:04:28,875] {taskinstance.py:1179} INFO - Dependencies all met for <TaskInstance: fetch_exchange_rates_dag.fetch_exchange_rates_task scheduled__2023-07-25T07:10:00+00:00 [queued]>
[2023-07-26 05:04:28,876] {taskinstance.py:1376} INFO - 
--------------------------------------------------------------------------------
[2023-07-26 05:04:28,877] {taskinstance.py:1377} INFO - Starting attempt 1 of 1
[2023-07-26 05:04:28,880] {taskinstance.py:1378} INFO - 
--------------------------------------------------------------------------------
[2023-07-26 05:04:28,908] {taskinstance.py:1397} INFO - Executing <Task(PythonOperator): fetch_exchange_rates_task> on 2023-07-25 07:10:00+00:00
[2023-07-26 05:04:28,919] {standard_task_runner.py:52} INFO - Started process 720 to run task
[2023-07-26 05:04:28,927] {standard_task_runner.py:79} INFO - Running: ['***', 'tasks', 'run', 'fetch_exchange_rates_dag', 'fetch_exchange_rates_task', 'scheduled__2023-07-25T07:10:00+00:00', '--job-id', '159', '--raw', '--subdir', 'DAGS_FOLDER/my_calc_rates.py', '--cfg-path', '/tmp/tmpiezzbsbs', '--error-file', '/tmp/tmpoidoteju']
[2023-07-26 05:04:28,930] {standard_task_runner.py:80} INFO - Job 159: Subtask fetch_exchange_rates_task
[2023-07-26 05:04:29,075] {task_command.py:371} INFO - Running <TaskInstance: fetch_exchange_rates_dag.fetch_exchange_rates_task scheduled__2023-07-25T07:10:00+00:00 [running]> on host acb6bca32630
[2023-07-26 05:04:29,184] {taskinstance.py:1591} INFO - Exporting the following env vars:
AIRFLOW_CTX_DAG_OWNER=marina_z
AIRFLOW_CTX_DAG_ID=fetch_exchange_rates_dag
AIRFLOW_CTX_TASK_ID=fetch_exchange_rates_task
AIRFLOW_CTX_EXECUTION_DATE=2023-07-25T07:10:00+00:00
AIRFLOW_CTX_TRY_NUMBER=1
AIRFLOW_CTX_DAG_RUN_ID=scheduled__2023-07-25T07:10:00+00:00
[2023-07-26 05:04:29,606] {logging_mixin.py:115} INFO - Save a new file exchange_latest_BTC.csv
[2023-07-26 05:04:29,607] {logging_mixin.py:115} INFO - Create a new table exchange_latest_BTC
[2023-07-26 05:04:29,619] {logging_mixin.py:115} INFO - Insert into table exchange_latest_BTC
[2023-07-26 05:04:29,970] {logging_mixin.py:115} INFO - Save a new file exchange_latest_EUR.csv
[2023-07-26 05:04:29,971] {logging_mixin.py:115} INFO - Create a new table exchange_latest_EUR
[2023-07-26 05:04:29,979] {logging_mixin.py:115} INFO - Insert into table exchange_latest_EUR
[2023-07-26 05:04:30,405] {logging_mixin.py:115} INFO - Save a new file exchange_latest_GBR.csv
[2023-07-26 05:04:30,406] {logging_mixin.py:115} INFO - Create a new table exchange_latest_GBR
[2023-07-26 05:04:30,414] {logging_mixin.py:115} INFO - Insert into table exchange_latest_GBR
[2023-07-26 05:04:30,728] {logging_mixin.py:115} INFO - Save a new file exchange_latest_JPY.csv
[2023-07-26 05:04:30,729] {logging_mixin.py:115} INFO - Create a new table exchange_latest_JPY
[2023-07-26 05:04:30,737] {logging_mixin.py:115} INFO - Insert into table exchange_latest_JPY
[2023-07-26 05:04:31,108] {logging_mixin.py:115} INFO - Save a new file exchange_latest_CNY.csv
[2023-07-26 05:04:31,109] {logging_mixin.py:115} INFO - Create a new table exchange_latest_CNY
[2023-07-26 05:04:31,119] {logging_mixin.py:115} INFO - Insert into table exchange_latest_CNY
[2023-07-26 05:04:31,139] {python.py:173} INFO - Done. Returned value was: None
[2023-07-26 05:04:31,160] {taskinstance.py:1420} INFO - Marking task as SUCCESS. dag_id=fetch_exchange_rates_dag, task_id=fetch_exchange_rates_task, execution_date=20230725T071000, start_date=20230726T050428, end_date=20230726T050431
[2023-07-26 05:04:31,234] {local_task_job.py:156} INFO - Task exited with return code 0
[2023-07-26 05:04:31,294] {local_task_job.py:273} INFO - 1 downstream tasks scheduled from follow-on schedule check
