[2023-07-26 01:00:02,392] {taskinstance.py:1179} INFO - Dependencies all met for <TaskInstance: calc-rates.import_rates scheduled__2023-07-26T00:55:00+00:00 [queued]>
[2023-07-26 01:00:02,403] {taskinstance.py:1179} INFO - Dependencies all met for <TaskInstance: calc-rates.import_rates scheduled__2023-07-26T00:55:00+00:00 [queued]>
[2023-07-26 01:00:02,404] {taskinstance.py:1376} INFO - 
--------------------------------------------------------------------------------
[2023-07-26 01:00:02,404] {taskinstance.py:1377} INFO - Starting attempt 1 of 1
[2023-07-26 01:00:02,405] {taskinstance.py:1378} INFO - 
--------------------------------------------------------------------------------
[2023-07-26 01:00:02,419] {taskinstance.py:1397} INFO - Executing <Task(PythonOperator): import_rates> on 2023-07-26 00:55:00+00:00
[2023-07-26 01:00:02,424] {standard_task_runner.py:52} INFO - Started process 4148 to run task
[2023-07-26 01:00:02,427] {standard_task_runner.py:79} INFO - Running: ['***', 'tasks', 'run', 'calc-rates', 'import_rates', 'scheduled__2023-07-26T00:55:00+00:00', '--job-id', '405', '--raw', '--subdir', 'DAGS_FOLDER/calc_rates.py', '--cfg-path', '/tmp/tmp9v2_hguc', '--error-file', '/tmp/tmp2iwnxliy']
[2023-07-26 01:00:02,428] {standard_task_runner.py:80} INFO - Job 405: Subtask import_rates
[2023-07-26 01:00:02,508] {task_command.py:371} INFO - Running <TaskInstance: calc-rates.import_rates scheduled__2023-07-26T00:55:00+00:00 [running]> on host 661c8d62a693
[2023-07-26 01:00:02,585] {taskinstance.py:1591} INFO - Exporting the following env vars:
AIRFLOW_CTX_DAG_OWNER=marina_z
AIRFLOW_CTX_DAG_ID=calc-rates
AIRFLOW_CTX_TASK_ID=import_rates
AIRFLOW_CTX_EXECUTION_DATE=2023-07-26T00:55:00+00:00
AIRFLOW_CTX_TRY_NUMBER=1
AIRFLOW_CTX_DAG_RUN_ID=scheduled__2023-07-26T00:55:00+00:00
[2023-07-26 01:00:03,076] {python.py:173} INFO - Done. Returned value was: None
[2023-07-26 01:00:03,088] {taskinstance.py:1420} INFO - Marking task as SUCCESS. dag_id=calc-rates, task_id=import_rates, execution_date=20230726T005500, start_date=20230726T010002, end_date=20230726T010003
[2023-07-26 01:00:03,121] {local_task_job.py:156} INFO - Task exited with return code 0
[2023-07-26 01:00:03,163] {local_task_job.py:273} INFO - 1 downstream tasks scheduled from follow-on schedule check
