[2023-07-26 05:04:12,948] {taskinstance.py:1179} INFO - Dependencies all met for <TaskInstance: fetch_exchange_rates_dag.bash_task scheduled__2023-07-25T06:20:00+00:00 [queued]>
[2023-07-26 05:04:12,961] {taskinstance.py:1179} INFO - Dependencies all met for <TaskInstance: fetch_exchange_rates_dag.bash_task scheduled__2023-07-25T06:20:00+00:00 [queued]>
[2023-07-26 05:04:12,961] {taskinstance.py:1376} INFO - 
--------------------------------------------------------------------------------
[2023-07-26 05:04:12,962] {taskinstance.py:1377} INFO - Starting attempt 1 of 1
[2023-07-26 05:04:12,963] {taskinstance.py:1378} INFO - 
--------------------------------------------------------------------------------
[2023-07-26 05:04:12,995] {taskinstance.py:1397} INFO - Executing <Task(BashOperator): bash_task> on 2023-07-25 06:20:00+00:00
[2023-07-26 05:04:13,010] {standard_task_runner.py:52} INFO - Started process 595 to run task
[2023-07-26 05:04:13,019] {standard_task_runner.py:79} INFO - Running: ['***', 'tasks', 'run', 'fetch_exchange_rates_dag', 'bash_task', 'scheduled__2023-07-25T06:20:00+00:00', '--job-id', '127', '--raw', '--subdir', 'DAGS_FOLDER/my_calc_rates.py', '--cfg-path', '/tmp/tmpj975az8k', '--error-file', '/tmp/tmp6budyxml']
[2023-07-26 05:04:13,021] {standard_task_runner.py:80} INFO - Job 127: Subtask bash_task
[2023-07-26 05:04:13,148] {task_command.py:371} INFO - Running <TaskInstance: fetch_exchange_rates_dag.bash_task scheduled__2023-07-25T06:20:00+00:00 [running]> on host acb6bca32630
[2023-07-26 05:04:13,311] {taskinstance.py:1591} INFO - Exporting the following env vars:
AIRFLOW_CTX_DAG_OWNER=***
AIRFLOW_CTX_DAG_ID=fetch_exchange_rates_dag
AIRFLOW_CTX_TASK_ID=bash_task
AIRFLOW_CTX_EXECUTION_DATE=2023-07-25T06:20:00+00:00
AIRFLOW_CTX_TRY_NUMBER=1
AIRFLOW_CTX_DAG_RUN_ID=scheduled__2023-07-25T06:20:00+00:00
[2023-07-26 05:04:13,321] {subprocess.py:62} INFO - Tmp dir root location: 
 /tmp
[2023-07-26 05:04:13,324] {subprocess.py:74} INFO - Running command: ['bash', '-c', 'echo "Good morning my diggers!"']
[2023-07-26 05:04:13,350] {subprocess.py:85} INFO - Output:
[2023-07-26 05:04:13,353] {subprocess.py:92} INFO - Good morning my diggers!
[2023-07-26 05:04:13,355] {subprocess.py:96} INFO - Command exited with return code 0
[2023-07-26 05:04:13,439] {taskinstance.py:1420} INFO - Marking task as SUCCESS. dag_id=fetch_exchange_rates_dag, task_id=bash_task, execution_date=20230725T062000, start_date=20230726T050412, end_date=20230726T050413
[2023-07-26 05:04:13,483] {local_task_job.py:156} INFO - Task exited with return code 0
[2023-07-26 05:04:13,620] {local_task_job.py:273} INFO - 1 downstream tasks scheduled from follow-on schedule check
