[2023-07-26 04:18:39,249] {taskinstance.py:1179} INFO - Dependencies all met for <TaskInstance: fetch_exchange_rates_dag.create_total_exchange_rates_table scheduled__2023-07-26T02:40:00+00:00 [queued]>
[2023-07-26 04:18:39,299] {taskinstance.py:1179} INFO - Dependencies all met for <TaskInstance: fetch_exchange_rates_dag.create_total_exchange_rates_table scheduled__2023-07-26T02:40:00+00:00 [queued]>
[2023-07-26 04:18:39,300] {taskinstance.py:1376} INFO - 
--------------------------------------------------------------------------------
[2023-07-26 04:18:39,301] {taskinstance.py:1377} INFO - Starting attempt 1 of 1
[2023-07-26 04:18:39,301] {taskinstance.py:1378} INFO - 
--------------------------------------------------------------------------------
[2023-07-26 04:18:39,342] {taskinstance.py:1397} INFO - Executing <Task(PythonOperator): create_total_exchange_rates_table> on 2023-07-26 02:40:00+00:00
[2023-07-26 04:18:39,352] {standard_task_runner.py:52} INFO - Started process 7218 to run task
[2023-07-26 04:18:39,380] {standard_task_runner.py:79} INFO - Running: ['***', 'tasks', 'run', 'fetch_exchange_rates_dag', 'create_total_exchange_rates_table', 'scheduled__2023-07-26T02:40:00+00:00', '--job-id', '106', '--raw', '--subdir', 'DAGS_FOLDER/my_calc_rates.py', '--cfg-path', '/tmp/tmpignigwm_', '--error-file', '/tmp/tmp31kaai12']
[2023-07-26 04:18:39,389] {standard_task_runner.py:80} INFO - Job 106: Subtask create_total_exchange_rates_table
[2023-07-26 04:18:39,593] {task_command.py:371} INFO - Running <TaskInstance: fetch_exchange_rates_dag.create_total_exchange_rates_table scheduled__2023-07-26T02:40:00+00:00 [running]> on host 6e11a261c833
[2023-07-26 04:18:39,786] {taskinstance.py:1591} INFO - Exporting the following env vars:
AIRFLOW_CTX_DAG_OWNER=marina_z
AIRFLOW_CTX_DAG_ID=fetch_exchange_rates_dag
AIRFLOW_CTX_TASK_ID=create_total_exchange_rates_table
AIRFLOW_CTX_EXECUTION_DATE=2023-07-26T02:40:00+00:00
AIRFLOW_CTX_TRY_NUMBER=1
AIRFLOW_CTX_DAG_RUN_ID=scheduled__2023-07-26T02:40:00+00:00
[2023-07-26 04:18:39,792] {logging_mixin.py:115} INFO - The table total_exchange_rates is created and saved
[2023-07-26 04:18:39,825] {python.py:173} INFO - Done. Returned value was: None
[2023-07-26 04:18:39,854] {taskinstance.py:1420} INFO - Marking task as SUCCESS. dag_id=fetch_exchange_rates_dag, task_id=create_total_exchange_rates_table, execution_date=20230726T024000, start_date=20230726T041839, end_date=20230726T041839
[2023-07-26 04:18:39,920] {local_task_job.py:156} INFO - Task exited with return code 0
[2023-07-26 04:18:39,983] {local_task_job.py:273} INFO - 1 downstream tasks scheduled from follow-on schedule check
[2023-07-26 05:08:03,855] {taskinstance.py:1179} INFO - Dependencies all met for <TaskInstance: fetch_exchange_rates_dag.create_total_exchange_rates_table scheduled__2023-07-26T02:40:00+00:00 [queued]>
[2023-07-26 05:08:03,894] {taskinstance.py:1179} INFO - Dependencies all met for <TaskInstance: fetch_exchange_rates_dag.create_total_exchange_rates_table scheduled__2023-07-26T02:40:00+00:00 [queued]>
[2023-07-26 05:08:03,899] {taskinstance.py:1376} INFO - 
--------------------------------------------------------------------------------
[2023-07-26 05:08:03,900] {taskinstance.py:1377} INFO - Starting attempt 1 of 1
[2023-07-26 05:08:03,901] {taskinstance.py:1378} INFO - 
--------------------------------------------------------------------------------
[2023-07-26 05:08:03,939] {taskinstance.py:1397} INFO - Executing <Task(PythonOperator): create_total_exchange_rates_table> on 2023-07-26 02:40:00+00:00
[2023-07-26 05:08:03,972] {standard_task_runner.py:52} INFO - Started process 2228 to run task
[2023-07-26 05:08:04,012] {standard_task_runner.py:79} INFO - Running: ['***', 'tasks', 'run', 'fetch_exchange_rates_dag', 'create_total_exchange_rates_table', 'scheduled__2023-07-26T02:40:00+00:00', '--job-id', '585', '--raw', '--subdir', 'DAGS_FOLDER/my_calc_rates.py', '--cfg-path', '/tmp/tmpjr55xd5x', '--error-file', '/tmp/tmp1pdm4e23']
[2023-07-26 05:08:04,021] {standard_task_runner.py:80} INFO - Job 585: Subtask create_total_exchange_rates_table
[2023-07-26 05:08:04,374] {task_command.py:371} INFO - Running <TaskInstance: fetch_exchange_rates_dag.create_total_exchange_rates_table scheduled__2023-07-26T02:40:00+00:00 [running]> on host acb6bca32630
[2023-07-26 05:08:04,647] {taskinstance.py:1591} INFO - Exporting the following env vars:
AIRFLOW_CTX_DAG_OWNER=marina_z
AIRFLOW_CTX_DAG_ID=fetch_exchange_rates_dag
AIRFLOW_CTX_TASK_ID=create_total_exchange_rates_table
AIRFLOW_CTX_EXECUTION_DATE=2023-07-26T02:40:00+00:00
AIRFLOW_CTX_TRY_NUMBER=1
AIRFLOW_CTX_DAG_RUN_ID=scheduled__2023-07-26T02:40:00+00:00
[2023-07-26 05:08:04,650] {logging_mixin.py:115} INFO - The table total_exchange_rates is created and saved
[2023-07-26 05:08:04,683] {python.py:173} INFO - Done. Returned value was: None
[2023-07-26 05:08:04,879] {taskinstance.py:1420} INFO - Marking task as SUCCESS. dag_id=fetch_exchange_rates_dag, task_id=create_total_exchange_rates_table, execution_date=20230726T024000, start_date=20230726T050803, end_date=20230726T050804
[2023-07-26 05:08:05,021] {local_task_job.py:156} INFO - Task exited with return code 0
[2023-07-26 05:08:05,160] {local_task_job.py:273} INFO - 1 downstream tasks scheduled from follow-on schedule check
