[2023-07-26 04:18:25,345] {taskinstance.py:1179} INFO - Dependencies all met for <TaskInstance: fetch_exchange_rates_dag.create_total_exchange_rates_table scheduled__2023-07-26T01:40:00+00:00 [queued]>
[2023-07-26 04:18:25,477] {taskinstance.py:1179} INFO - Dependencies all met for <TaskInstance: fetch_exchange_rates_dag.create_total_exchange_rates_table scheduled__2023-07-26T01:40:00+00:00 [queued]>
[2023-07-26 04:18:25,486] {taskinstance.py:1376} INFO - 
--------------------------------------------------------------------------------
[2023-07-26 04:18:25,487] {taskinstance.py:1377} INFO - Starting attempt 1 of 1
[2023-07-26 04:18:25,488] {taskinstance.py:1378} INFO - 
--------------------------------------------------------------------------------
[2023-07-26 04:18:25,592] {taskinstance.py:1397} INFO - Executing <Task(PythonOperator): create_total_exchange_rates_table> on 2023-07-26 01:40:00+00:00
[2023-07-26 04:18:25,633] {standard_task_runner.py:52} INFO - Started process 7116 to run task
[2023-07-26 04:18:25,654] {standard_task_runner.py:79} INFO - Running: ['***', 'tasks', 'run', 'fetch_exchange_rates_dag', 'create_total_exchange_rates_table', 'scheduled__2023-07-26T01:40:00+00:00', '--job-id', '77', '--raw', '--subdir', 'DAGS_FOLDER/my_calc_rates.py', '--cfg-path', '/tmp/tmpdgovlj96', '--error-file', '/tmp/tmpcjzkeqdn']
[2023-07-26 04:18:25,665] {standard_task_runner.py:80} INFO - Job 77: Subtask create_total_exchange_rates_table
[2023-07-26 04:18:25,958] {task_command.py:371} INFO - Running <TaskInstance: fetch_exchange_rates_dag.create_total_exchange_rates_table scheduled__2023-07-26T01:40:00+00:00 [running]> on host 6e11a261c833
[2023-07-26 04:18:26,187] {taskinstance.py:1591} INFO - Exporting the following env vars:
AIRFLOW_CTX_DAG_OWNER=marina_z
AIRFLOW_CTX_DAG_ID=fetch_exchange_rates_dag
AIRFLOW_CTX_TASK_ID=create_total_exchange_rates_table
AIRFLOW_CTX_EXECUTION_DATE=2023-07-26T01:40:00+00:00
AIRFLOW_CTX_TRY_NUMBER=1
AIRFLOW_CTX_DAG_RUN_ID=scheduled__2023-07-26T01:40:00+00:00
[2023-07-26 04:18:26,189] {logging_mixin.py:115} INFO - The table total_exchange_rates is created and saved
[2023-07-26 04:18:26,212] {python.py:173} INFO - Done. Returned value was: None
[2023-07-26 04:18:26,246] {taskinstance.py:1420} INFO - Marking task as SUCCESS. dag_id=fetch_exchange_rates_dag, task_id=create_total_exchange_rates_table, execution_date=20230726T014000, start_date=20230726T041825, end_date=20230726T041826
[2023-07-26 04:18:26,366] {local_task_job.py:156} INFO - Task exited with return code 0
[2023-07-26 04:18:26,464] {local_task_job.py:273} INFO - 1 downstream tasks scheduled from follow-on schedule check
[2023-07-26 05:07:59,032] {taskinstance.py:1179} INFO - Dependencies all met for <TaskInstance: fetch_exchange_rates_dag.create_total_exchange_rates_table scheduled__2023-07-26T01:40:00+00:00 [queued]>
[2023-07-26 05:07:59,069] {taskinstance.py:1179} INFO - Dependencies all met for <TaskInstance: fetch_exchange_rates_dag.create_total_exchange_rates_table scheduled__2023-07-26T01:40:00+00:00 [queued]>
[2023-07-26 05:07:59,070] {taskinstance.py:1376} INFO - 
--------------------------------------------------------------------------------
[2023-07-26 05:07:59,071] {taskinstance.py:1377} INFO - Starting attempt 1 of 1
[2023-07-26 05:07:59,072] {taskinstance.py:1378} INFO - 
--------------------------------------------------------------------------------
[2023-07-26 05:07:59,154] {taskinstance.py:1397} INFO - Executing <Task(PythonOperator): create_total_exchange_rates_table> on 2023-07-26 01:40:00+00:00
[2023-07-26 05:07:59,197] {standard_task_runner.py:52} INFO - Started process 2191 to run task
[2023-07-26 05:07:59,228] {standard_task_runner.py:79} INFO - Running: ['***', 'tasks', 'run', 'fetch_exchange_rates_dag', 'create_total_exchange_rates_table', 'scheduled__2023-07-26T01:40:00+00:00', '--job-id', '572', '--raw', '--subdir', 'DAGS_FOLDER/my_calc_rates.py', '--cfg-path', '/tmp/tmptsg_qr_m', '--error-file', '/tmp/tmpojqb84e1']
[2023-07-26 05:07:59,244] {standard_task_runner.py:80} INFO - Job 572: Subtask create_total_exchange_rates_table
[2023-07-26 05:07:59,606] {task_command.py:371} INFO - Running <TaskInstance: fetch_exchange_rates_dag.create_total_exchange_rates_table scheduled__2023-07-26T01:40:00+00:00 [running]> on host acb6bca32630
[2023-07-26 05:08:00,420] {taskinstance.py:1591} INFO - Exporting the following env vars:
AIRFLOW_CTX_DAG_OWNER=marina_z
AIRFLOW_CTX_DAG_ID=fetch_exchange_rates_dag
AIRFLOW_CTX_TASK_ID=create_total_exchange_rates_table
AIRFLOW_CTX_EXECUTION_DATE=2023-07-26T01:40:00+00:00
AIRFLOW_CTX_TRY_NUMBER=1
AIRFLOW_CTX_DAG_RUN_ID=scheduled__2023-07-26T01:40:00+00:00
[2023-07-26 05:08:00,426] {logging_mixin.py:115} INFO - The table total_exchange_rates is created and saved
[2023-07-26 05:08:00,476] {python.py:173} INFO - Done. Returned value was: None
[2023-07-26 05:08:00,540] {taskinstance.py:1420} INFO - Marking task as SUCCESS. dag_id=fetch_exchange_rates_dag, task_id=create_total_exchange_rates_table, execution_date=20230726T014000, start_date=20230726T050759, end_date=20230726T050800
[2023-07-26 05:08:00,615] {local_task_job.py:156} INFO - Task exited with return code 0
[2023-07-26 05:08:00,742] {local_task_job.py:273} INFO - 1 downstream tasks scheduled from follow-on schedule check
