[2023-07-26 04:18:38,079] {taskinstance.py:1179} INFO - Dependencies all met for <TaskInstance: fetch_exchange_rates_dag.bash_task scheduled__2023-07-26T04:00:00+00:00 [queued]>
[2023-07-26 04:18:38,124] {taskinstance.py:1179} INFO - Dependencies all met for <TaskInstance: fetch_exchange_rates_dag.bash_task scheduled__2023-07-26T04:00:00+00:00 [queued]>
[2023-07-26 04:18:38,125] {taskinstance.py:1376} INFO - 
--------------------------------------------------------------------------------
[2023-07-26 04:18:38,126] {taskinstance.py:1377} INFO - Starting attempt 1 of 1
[2023-07-26 04:18:38,127] {taskinstance.py:1378} INFO - 
--------------------------------------------------------------------------------
[2023-07-26 04:18:38,234] {taskinstance.py:1397} INFO - Executing <Task(BashOperator): bash_task> on 2023-07-26 04:00:00+00:00
[2023-07-26 04:18:38,246] {standard_task_runner.py:52} INFO - Started process 7209 to run task
[2023-07-26 04:18:38,255] {standard_task_runner.py:79} INFO - Running: ['***', 'tasks', 'run', 'fetch_exchange_rates_dag', 'bash_task', 'scheduled__2023-07-26T04:00:00+00:00', '--job-id', '103', '--raw', '--subdir', 'DAGS_FOLDER/my_calc_rates.py', '--cfg-path', '/tmp/tmpovzq_6vo', '--error-file', '/tmp/tmp5fm0mdtt']
[2023-07-26 04:18:38,259] {standard_task_runner.py:80} INFO - Job 103: Subtask bash_task
[2023-07-26 04:18:38,503] {task_command.py:371} INFO - Running <TaskInstance: fetch_exchange_rates_dag.bash_task scheduled__2023-07-26T04:00:00+00:00 [running]> on host 6e11a261c833
[2023-07-26 04:18:38,819] {taskinstance.py:1591} INFO - Exporting the following env vars:
AIRFLOW_CTX_DAG_OWNER=***
AIRFLOW_CTX_DAG_ID=fetch_exchange_rates_dag
AIRFLOW_CTX_TASK_ID=bash_task
AIRFLOW_CTX_EXECUTION_DATE=2023-07-26T04:00:00+00:00
AIRFLOW_CTX_TRY_NUMBER=1
AIRFLOW_CTX_DAG_RUN_ID=scheduled__2023-07-26T04:00:00+00:00
[2023-07-26 04:18:38,821] {subprocess.py:62} INFO - Tmp dir root location: 
 /tmp
[2023-07-26 04:18:38,823] {subprocess.py:74} INFO - Running command: ['bash', '-c', 'echo "Good morning my diggers!"']
[2023-07-26 04:18:38,879] {subprocess.py:85} INFO - Output:
[2023-07-26 04:18:38,885] {subprocess.py:92} INFO - Good morning my diggers!
[2023-07-26 04:18:38,887] {subprocess.py:96} INFO - Command exited with return code 0
[2023-07-26 04:18:38,955] {taskinstance.py:1420} INFO - Marking task as SUCCESS. dag_id=fetch_exchange_rates_dag, task_id=bash_task, execution_date=20230726T040000, start_date=20230726T041838, end_date=20230726T041838
[2023-07-26 04:18:39,048] {local_task_job.py:156} INFO - Task exited with return code 0
[2023-07-26 04:18:39,154] {local_task_job.py:273} INFO - 1 downstream tasks scheduled from follow-on schedule check
[2023-07-26 05:08:15,421] {taskinstance.py:1179} INFO - Dependencies all met for <TaskInstance: fetch_exchange_rates_dag.bash_task scheduled__2023-07-26T04:00:00+00:00 [queued]>
[2023-07-26 05:08:15,446] {taskinstance.py:1179} INFO - Dependencies all met for <TaskInstance: fetch_exchange_rates_dag.bash_task scheduled__2023-07-26T04:00:00+00:00 [queued]>
[2023-07-26 05:08:15,447] {taskinstance.py:1376} INFO - 
--------------------------------------------------------------------------------
[2023-07-26 05:08:15,448] {taskinstance.py:1377} INFO - Starting attempt 1 of 1
[2023-07-26 05:08:15,449] {taskinstance.py:1378} INFO - 
--------------------------------------------------------------------------------
[2023-07-26 05:08:15,480] {taskinstance.py:1397} INFO - Executing <Task(BashOperator): bash_task> on 2023-07-26 04:00:00+00:00
[2023-07-26 05:08:15,491] {standard_task_runner.py:52} INFO - Started process 2302 to run task
[2023-07-26 05:08:15,496] {standard_task_runner.py:79} INFO - Running: ['***', 'tasks', 'run', 'fetch_exchange_rates_dag', 'bash_task', 'scheduled__2023-07-26T04:00:00+00:00', '--job-id', '606', '--raw', '--subdir', 'DAGS_FOLDER/my_calc_rates.py', '--cfg-path', '/tmp/tmpyh1rjjgs', '--error-file', '/tmp/tmpl001ctvv']
[2023-07-26 05:08:15,501] {standard_task_runner.py:80} INFO - Job 606: Subtask bash_task
[2023-07-26 05:08:15,705] {task_command.py:371} INFO - Running <TaskInstance: fetch_exchange_rates_dag.bash_task scheduled__2023-07-26T04:00:00+00:00 [running]> on host acb6bca32630
[2023-07-26 05:08:15,890] {taskinstance.py:1591} INFO - Exporting the following env vars:
AIRFLOW_CTX_DAG_OWNER=***
AIRFLOW_CTX_DAG_ID=fetch_exchange_rates_dag
AIRFLOW_CTX_TASK_ID=bash_task
AIRFLOW_CTX_EXECUTION_DATE=2023-07-26T04:00:00+00:00
AIRFLOW_CTX_TRY_NUMBER=1
AIRFLOW_CTX_DAG_RUN_ID=scheduled__2023-07-26T04:00:00+00:00
[2023-07-26 05:08:15,897] {subprocess.py:62} INFO - Tmp dir root location: 
 /tmp
[2023-07-26 05:08:15,899] {subprocess.py:74} INFO - Running command: ['bash', '-c', 'echo "Good morning my diggers!"']
[2023-07-26 05:08:15,924] {subprocess.py:85} INFO - Output:
[2023-07-26 05:08:15,925] {subprocess.py:92} INFO - Good morning my diggers!
[2023-07-26 05:08:15,929] {subprocess.py:96} INFO - Command exited with return code 0
[2023-07-26 05:08:15,994] {taskinstance.py:1420} INFO - Marking task as SUCCESS. dag_id=fetch_exchange_rates_dag, task_id=bash_task, execution_date=20230726T040000, start_date=20230726T050815, end_date=20230726T050815
[2023-07-26 05:08:16,068] {local_task_job.py:156} INFO - Task exited with return code 0
[2023-07-26 05:08:16,146] {local_task_job.py:273} INFO - 1 downstream tasks scheduled from follow-on schedule check
