[2023-07-26 04:50:01,766] {taskinstance.py:1179} INFO - Dependencies all met for <TaskInstance: fetch_exchange_rates_dag.fetch_exchange_rates_task scheduled__2023-07-26T04:40:00+00:00 [queued]>
[2023-07-26 04:50:01,772] {taskinstance.py:1179} INFO - Dependencies all met for <TaskInstance: fetch_exchange_rates_dag.fetch_exchange_rates_task scheduled__2023-07-26T04:40:00+00:00 [queued]>
[2023-07-26 04:50:01,773] {taskinstance.py:1376} INFO - 
--------------------------------------------------------------------------------
[2023-07-26 04:50:01,773] {taskinstance.py:1377} INFO - Starting attempt 1 of 1
[2023-07-26 04:50:01,773] {taskinstance.py:1378} INFO - 
--------------------------------------------------------------------------------
[2023-07-26 04:50:01,784] {taskinstance.py:1397} INFO - Executing <Task(PythonOperator): fetch_exchange_rates_task> on 2023-07-26 04:40:00+00:00
[2023-07-26 04:50:01,788] {standard_task_runner.py:52} INFO - Started process 8853 to run task
[2023-07-26 04:50:01,790] {standard_task_runner.py:79} INFO - Running: ['***', 'tasks', 'run', 'fetch_exchange_rates_dag', 'fetch_exchange_rates_task', 'scheduled__2023-07-26T04:40:00+00:00', '--job-id', '142', '--raw', '--subdir', 'DAGS_FOLDER/my_calc_rates.py', '--cfg-path', '/tmp/tmpi8lpie43', '--error-file', '/tmp/tmpe39t98on']
[2023-07-26 04:50:01,792] {standard_task_runner.py:80} INFO - Job 142: Subtask fetch_exchange_rates_task
[2023-07-26 04:50:01,857] {task_command.py:371} INFO - Running <TaskInstance: fetch_exchange_rates_dag.fetch_exchange_rates_task scheduled__2023-07-26T04:40:00+00:00 [running]> on host 6e11a261c833
[2023-07-26 04:50:01,917] {taskinstance.py:1591} INFO - Exporting the following env vars:
AIRFLOW_CTX_DAG_OWNER=marina_z
AIRFLOW_CTX_DAG_ID=fetch_exchange_rates_dag
AIRFLOW_CTX_TASK_ID=fetch_exchange_rates_task
AIRFLOW_CTX_EXECUTION_DATE=2023-07-26T04:40:00+00:00
AIRFLOW_CTX_TRY_NUMBER=1
AIRFLOW_CTX_DAG_RUN_ID=scheduled__2023-07-26T04:40:00+00:00
[2023-07-26 04:50:02,298] {logging_mixin.py:115} INFO - Save a new file exchange_latest_BTC.csv
[2023-07-26 04:50:02,299] {logging_mixin.py:115} INFO - Create a new table exchange_latest_BTC
[2023-07-26 04:50:02,312] {logging_mixin.py:115} INFO - Insert into table exchange_latest_BTC
[2023-07-26 04:50:02,698] {logging_mixin.py:115} INFO - Save a new file exchange_latest_EUR.csv
[2023-07-26 04:50:02,699] {logging_mixin.py:115} INFO - Create a new table exchange_latest_EUR
[2023-07-26 04:50:02,705] {logging_mixin.py:115} INFO - Insert into table exchange_latest_EUR
[2023-07-26 04:50:03,049] {logging_mixin.py:115} INFO - Save a new file exchange_latest_GBR.csv
[2023-07-26 04:50:03,051] {logging_mixin.py:115} INFO - Create a new table exchange_latest_GBR
[2023-07-26 04:50:03,057] {logging_mixin.py:115} INFO - Insert into table exchange_latest_GBR
[2023-07-26 04:50:03,359] {logging_mixin.py:115} INFO - Save a new file exchange_latest_JPY.csv
[2023-07-26 04:50:03,360] {logging_mixin.py:115} INFO - Create a new table exchange_latest_JPY
[2023-07-26 04:50:03,365] {logging_mixin.py:115} INFO - Insert into table exchange_latest_JPY
[2023-07-26 04:50:03,718] {logging_mixin.py:115} INFO - Save a new file exchange_latest_CNY.csv
[2023-07-26 04:50:03,719] {logging_mixin.py:115} INFO - Create a new table exchange_latest_CNY
[2023-07-26 04:50:03,726] {logging_mixin.py:115} INFO - Insert into table exchange_latest_CNY
[2023-07-26 04:50:03,737] {python.py:173} INFO - Done. Returned value was: None
[2023-07-26 04:50:03,748] {taskinstance.py:1420} INFO - Marking task as SUCCESS. dag_id=fetch_exchange_rates_dag, task_id=fetch_exchange_rates_task, execution_date=20230726T044000, start_date=20230726T045001, end_date=20230726T045003
[2023-07-26 04:50:03,773] {local_task_job.py:156} INFO - Task exited with return code 0
[2023-07-26 04:50:03,805] {local_task_job.py:273} INFO - 1 downstream tasks scheduled from follow-on schedule check
[2023-07-26 05:08:18,542] {taskinstance.py:1179} INFO - Dependencies all met for <TaskInstance: fetch_exchange_rates_dag.fetch_exchange_rates_task scheduled__2023-07-26T04:40:00+00:00 [queued]>
[2023-07-26 05:08:18,578] {taskinstance.py:1179} INFO - Dependencies all met for <TaskInstance: fetch_exchange_rates_dag.fetch_exchange_rates_task scheduled__2023-07-26T04:40:00+00:00 [queued]>
[2023-07-26 05:08:18,580] {taskinstance.py:1376} INFO - 
--------------------------------------------------------------------------------
[2023-07-26 05:08:18,581] {taskinstance.py:1377} INFO - Starting attempt 1 of 1
[2023-07-26 05:08:18,582] {taskinstance.py:1378} INFO - 
--------------------------------------------------------------------------------
[2023-07-26 05:08:18,626] {taskinstance.py:1397} INFO - Executing <Task(PythonOperator): fetch_exchange_rates_task> on 2023-07-26 04:40:00+00:00
[2023-07-26 05:08:18,646] {standard_task_runner.py:52} INFO - Started process 2335 to run task
[2023-07-26 05:08:18,663] {standard_task_runner.py:79} INFO - Running: ['***', 'tasks', 'run', 'fetch_exchange_rates_dag', 'fetch_exchange_rates_task', 'scheduled__2023-07-26T04:40:00+00:00', '--job-id', '612', '--raw', '--subdir', 'DAGS_FOLDER/my_calc_rates.py', '--cfg-path', '/tmp/tmprqyzpfs2', '--error-file', '/tmp/tmppstxcqs2']
[2023-07-26 05:08:18,667] {standard_task_runner.py:80} INFO - Job 612: Subtask fetch_exchange_rates_task
[2023-07-26 05:08:19,105] {task_command.py:371} INFO - Running <TaskInstance: fetch_exchange_rates_dag.fetch_exchange_rates_task scheduled__2023-07-26T04:40:00+00:00 [running]> on host acb6bca32630
[2023-07-26 05:08:19,407] {taskinstance.py:1591} INFO - Exporting the following env vars:
AIRFLOW_CTX_DAG_OWNER=marina_z
AIRFLOW_CTX_DAG_ID=fetch_exchange_rates_dag
AIRFLOW_CTX_TASK_ID=fetch_exchange_rates_task
AIRFLOW_CTX_EXECUTION_DATE=2023-07-26T04:40:00+00:00
AIRFLOW_CTX_TRY_NUMBER=1
AIRFLOW_CTX_DAG_RUN_ID=scheduled__2023-07-26T04:40:00+00:00
[2023-07-26 05:08:19,824] {logging_mixin.py:115} INFO - Save a new file exchange_latest_BTC.csv
[2023-07-26 05:08:19,825] {logging_mixin.py:115} INFO - Create a new table exchange_latest_BTC
[2023-07-26 05:08:19,830] {logging_mixin.py:115} INFO - Insert into table exchange_latest_BTC
[2023-07-26 05:08:20,232] {logging_mixin.py:115} INFO - Save a new file exchange_latest_EUR.csv
[2023-07-26 05:08:20,241] {logging_mixin.py:115} INFO - Create a new table exchange_latest_EUR
[2023-07-26 05:08:20,258] {logging_mixin.py:115} INFO - Insert into table exchange_latest_EUR
[2023-07-26 05:08:20,660] {logging_mixin.py:115} INFO - Save a new file exchange_latest_GBR.csv
[2023-07-26 05:08:20,661] {logging_mixin.py:115} INFO - Create a new table exchange_latest_GBR
[2023-07-26 05:08:20,668] {logging_mixin.py:115} INFO - Insert into table exchange_latest_GBR
[2023-07-26 05:08:21,037] {logging_mixin.py:115} INFO - Save a new file exchange_latest_JPY.csv
[2023-07-26 05:08:21,038] {logging_mixin.py:115} INFO - Create a new table exchange_latest_JPY
[2023-07-26 05:08:21,044] {logging_mixin.py:115} INFO - Insert into table exchange_latest_JPY
[2023-07-26 05:08:21,409] {logging_mixin.py:115} INFO - Save a new file exchange_latest_CNY.csv
[2023-07-26 05:08:21,410] {logging_mixin.py:115} INFO - Create a new table exchange_latest_CNY
[2023-07-26 05:08:21,415] {logging_mixin.py:115} INFO - Insert into table exchange_latest_CNY
[2023-07-26 05:08:21,432] {python.py:173} INFO - Done. Returned value was: None
[2023-07-26 05:08:21,462] {taskinstance.py:1420} INFO - Marking task as SUCCESS. dag_id=fetch_exchange_rates_dag, task_id=fetch_exchange_rates_task, execution_date=20230726T044000, start_date=20230726T050818, end_date=20230726T050821
[2023-07-26 05:08:21,558] {local_task_job.py:156} INFO - Task exited with return code 0
[2023-07-26 05:08:21,747] {local_task_job.py:273} INFO - 0 downstream tasks scheduled from follow-on schedule check
