[2023-07-26 04:18:27,950] {taskinstance.py:1179} INFO - Dependencies all met for <TaskInstance: fetch_exchange_rates_dag.print_csv_table scheduled__2023-07-26T01:50:00+00:00 [queued]>
[2023-07-26 04:18:27,983] {taskinstance.py:1179} INFO - Dependencies all met for <TaskInstance: fetch_exchange_rates_dag.print_csv_table scheduled__2023-07-26T01:50:00+00:00 [queued]>
[2023-07-26 04:18:27,985] {taskinstance.py:1376} INFO - 
--------------------------------------------------------------------------------
[2023-07-26 04:18:27,985] {taskinstance.py:1377} INFO - Starting attempt 1 of 1
[2023-07-26 04:18:27,986] {taskinstance.py:1378} INFO - 
--------------------------------------------------------------------------------
[2023-07-26 04:18:28,044] {taskinstance.py:1397} INFO - Executing <Task(PythonOperator): print_csv_table> on 2023-07-26 01:50:00+00:00
[2023-07-26 04:18:28,054] {standard_task_runner.py:52} INFO - Started process 7134 to run task
[2023-07-26 04:18:28,063] {standard_task_runner.py:79} INFO - Running: ['***', 'tasks', 'run', 'fetch_exchange_rates_dag', 'print_csv_table', 'scheduled__2023-07-26T01:50:00+00:00', '--job-id', '84', '--raw', '--subdir', 'DAGS_FOLDER/my_calc_rates.py', '--cfg-path', '/tmp/tmpocsnr_fa', '--error-file', '/tmp/tmpka_fn1ja']
[2023-07-26 04:18:28,078] {standard_task_runner.py:80} INFO - Job 84: Subtask print_csv_table
[2023-07-26 04:18:28,300] {task_command.py:371} INFO - Running <TaskInstance: fetch_exchange_rates_dag.print_csv_table scheduled__2023-07-26T01:50:00+00:00 [running]> on host 6e11a261c833
[2023-07-26 04:18:28,673] {taskinstance.py:1591} INFO - Exporting the following env vars:
AIRFLOW_CTX_DAG_OWNER=marina_z
AIRFLOW_CTX_DAG_ID=fetch_exchange_rates_dag
AIRFLOW_CTX_TASK_ID=print_csv_table
AIRFLOW_CTX_EXECUTION_DATE=2023-07-26T01:50:00+00:00
AIRFLOW_CTX_TRY_NUMBER=1
AIRFLOW_CTX_DAG_RUN_ID=scheduled__2023-07-26T01:50:00+00:00
[2023-07-26 04:18:28,809] {logging_mixin.py:115} INFO -   exchange_id  exchange_rate base_exchange        date
0         RUB   2.622164e+06           BTC  2023-07-26
1         RUB   9.960367e+01           EUR  2023-07-26
2         RUB   9.964221e+01           EUR  2023-07-26
3         RUB   6.397940e-01           JPY  2023-07-26
4         RUB   1.263880e+01           CNY  2023-07-26
[2023-07-26 04:18:28,811] {python.py:173} INFO - Done. Returned value was: None
[2023-07-26 04:18:28,864] {taskinstance.py:1420} INFO - Marking task as SUCCESS. dag_id=fetch_exchange_rates_dag, task_id=print_csv_table, execution_date=20230726T015000, start_date=20230726T041827, end_date=20230726T041828
[2023-07-26 04:18:28,937] {local_task_job.py:156} INFO - Task exited with return code 0
[2023-07-26 04:18:29,012] {local_task_job.py:273} INFO - 0 downstream tasks scheduled from follow-on schedule check
[2023-07-26 05:08:03,851] {taskinstance.py:1179} INFO - Dependencies all met for <TaskInstance: fetch_exchange_rates_dag.print_csv_table scheduled__2023-07-26T01:50:00+00:00 [queued]>
[2023-07-26 05:08:03,880] {taskinstance.py:1179} INFO - Dependencies all met for <TaskInstance: fetch_exchange_rates_dag.print_csv_table scheduled__2023-07-26T01:50:00+00:00 [queued]>
[2023-07-26 05:08:03,886] {taskinstance.py:1376} INFO - 
--------------------------------------------------------------------------------
[2023-07-26 05:08:03,887] {taskinstance.py:1377} INFO - Starting attempt 1 of 1
[2023-07-26 05:08:03,891] {taskinstance.py:1378} INFO - 
--------------------------------------------------------------------------------
[2023-07-26 05:08:03,944] {taskinstance.py:1397} INFO - Executing <Task(PythonOperator): print_csv_table> on 2023-07-26 01:50:00+00:00
[2023-07-26 05:08:03,974] {standard_task_runner.py:52} INFO - Started process 2229 to run task
[2023-07-26 05:08:03,990] {standard_task_runner.py:79} INFO - Running: ['***', 'tasks', 'run', 'fetch_exchange_rates_dag', 'print_csv_table', 'scheduled__2023-07-26T01:50:00+00:00', '--job-id', '583', '--raw', '--subdir', 'DAGS_FOLDER/my_calc_rates.py', '--cfg-path', '/tmp/tmptd8dlh2w', '--error-file', '/tmp/tmpertxcgrk']
[2023-07-26 05:08:03,998] {standard_task_runner.py:80} INFO - Job 583: Subtask print_csv_table
[2023-07-26 05:08:04,213] {task_command.py:371} INFO - Running <TaskInstance: fetch_exchange_rates_dag.print_csv_table scheduled__2023-07-26T01:50:00+00:00 [running]> on host acb6bca32630
[2023-07-26 05:08:04,545] {taskinstance.py:1591} INFO - Exporting the following env vars:
AIRFLOW_CTX_DAG_OWNER=marina_z
AIRFLOW_CTX_DAG_ID=fetch_exchange_rates_dag
AIRFLOW_CTX_TASK_ID=print_csv_table
AIRFLOW_CTX_EXECUTION_DATE=2023-07-26T01:50:00+00:00
AIRFLOW_CTX_TRY_NUMBER=1
AIRFLOW_CTX_DAG_RUN_ID=scheduled__2023-07-26T01:50:00+00:00
[2023-07-26 05:08:04,575] {logging_mixin.py:115} INFO -   exchange_id  exchange_rate base_exchange        date
0         RUB     2622163.50           BTC  2023-07-26
1         RUB          99.60           EUR  2023-07-26
2         RUB          99.64           EUR  2023-07-26
3         RUB           0.64           JPY  2023-07-26
4         RUB          12.64           CNY  2023-07-26
[2023-07-26 05:08:04,579] {python.py:173} INFO - Done. Returned value was: None
[2023-07-26 05:08:04,614] {taskinstance.py:1420} INFO - Marking task as SUCCESS. dag_id=fetch_exchange_rates_dag, task_id=print_csv_table, execution_date=20230726T015000, start_date=20230726T050803, end_date=20230726T050804
[2023-07-26 05:08:04,772] {local_task_job.py:156} INFO - Task exited with return code 0
[2023-07-26 05:08:04,935] {local_task_job.py:273} INFO - 0 downstream tasks scheduled from follow-on schedule check
