[2023-07-25 20:43:42,277] {taskinstance.py:1179} INFO - Dependencies all met for <TaskInstance: fetch_exchange_rates_dag.fetch_exchange_rates_task scheduled__2023-07-25T20:30:00+00:00 [queued]>
[2023-07-25 20:43:42,288] {taskinstance.py:1179} INFO - Dependencies all met for <TaskInstance: fetch_exchange_rates_dag.fetch_exchange_rates_task scheduled__2023-07-25T20:30:00+00:00 [queued]>
[2023-07-25 20:43:42,289] {taskinstance.py:1376} INFO - 
--------------------------------------------------------------------------------
[2023-07-25 20:43:42,290] {taskinstance.py:1377} INFO - Starting attempt 1 of 1
[2023-07-25 20:43:42,290] {taskinstance.py:1378} INFO - 
--------------------------------------------------------------------------------
[2023-07-25 20:43:42,306] {taskinstance.py:1397} INFO - Executing <Task(PythonOperator): fetch_exchange_rates_task> on 2023-07-25 20:30:00+00:00
[2023-07-25 20:43:42,312] {standard_task_runner.py:52} INFO - Started process 9600 to run task
[2023-07-25 20:43:42,314] {standard_task_runner.py:79} INFO - Running: ['***', 'tasks', 'run', 'fetch_exchange_rates_dag', 'fetch_exchange_rates_task', 'scheduled__2023-07-25T20:30:00+00:00', '--job-id', '225', '--raw', '--subdir', 'DAGS_FOLDER/my_calc_rates.py', '--cfg-path', '/tmp/tmp8mmnotzr', '--error-file', '/tmp/tmp0g988soq']
[2023-07-25 20:43:42,315] {standard_task_runner.py:80} INFO - Job 225: Subtask fetch_exchange_rates_task
[2023-07-25 20:43:42,378] {task_command.py:371} INFO - Running <TaskInstance: fetch_exchange_rates_dag.fetch_exchange_rates_task scheduled__2023-07-25T20:30:00+00:00 [running]> on host 661c8d62a693
[2023-07-25 20:43:42,440] {taskinstance.py:1591} INFO - Exporting the following env vars:
AIRFLOW_CTX_DAG_OWNER=marina_z
AIRFLOW_CTX_DAG_ID=fetch_exchange_rates_dag
AIRFLOW_CTX_TASK_ID=fetch_exchange_rates_task
AIRFLOW_CTX_EXECUTION_DATE=2023-07-25T20:30:00+00:00
AIRFLOW_CTX_TRY_NUMBER=1
AIRFLOW_CTX_DAG_RUN_ID=scheduled__2023-07-25T20:30:00+00:00
[2023-07-25 20:43:42,442] {taskinstance.py:1909} ERROR - Task failed with exception
Traceback (most recent call last):
  File "/home/airflow/.local/lib/python3.7/site-packages/airflow/operators/python.py", line 171, in execute
    return_value = self.execute_callable()
  File "/home/airflow/.local/lib/python3.7/site-packages/airflow/operators/python.py", line 189, in execute_callable
    return self.python_callable(*self.op_args, **self.op_kwargs)
  File "/opt/airflow/dags/my_calc_rates.py", line 53, in fetch_exchange_rates
    conn = psycopg2.connect(my_db_conn)
  File "/home/airflow/.local/lib/python3.7/site-packages/psycopg2/__init__.py", line 121, in connect
    dsn = _ext.make_dsn(dsn, **kwargs)
  File "/home/airflow/.local/lib/python3.7/site-packages/psycopg2/extensions.py", line 145, in make_dsn
    parse_dsn(dsn)
TypeError: Expected bytes or unicode string, got Connection instead
[2023-07-25 20:43:42,455] {taskinstance.py:1420} INFO - Marking task as FAILED. dag_id=fetch_exchange_rates_dag, task_id=fetch_exchange_rates_task, execution_date=20230725T203000, start_date=20230725T204342, end_date=20230725T204342
[2023-07-25 20:43:42,462] {standard_task_runner.py:97} ERROR - Failed to execute job 225 for task fetch_exchange_rates_task (Expected bytes or unicode string, got Connection instead; 9600)
[2023-07-25 20:43:42,487] {local_task_job.py:156} INFO - Task exited with return code 1
[2023-07-25 20:43:42,514] {local_task_job.py:273} INFO - 0 downstream tasks scheduled from follow-on schedule check
[2023-07-26 05:06:50,312] {taskinstance.py:1179} INFO - Dependencies all met for <TaskInstance: fetch_exchange_rates_dag.fetch_exchange_rates_task scheduled__2023-07-25T20:30:00+00:00 [queued]>
[2023-07-26 05:06:50,360] {taskinstance.py:1179} INFO - Dependencies all met for <TaskInstance: fetch_exchange_rates_dag.fetch_exchange_rates_task scheduled__2023-07-25T20:30:00+00:00 [queued]>
[2023-07-26 05:06:50,361] {taskinstance.py:1376} INFO - 
--------------------------------------------------------------------------------
[2023-07-26 05:06:50,362] {taskinstance.py:1377} INFO - Starting attempt 1 of 1
[2023-07-26 05:06:50,365] {taskinstance.py:1378} INFO - 
--------------------------------------------------------------------------------
[2023-07-26 05:06:50,432] {taskinstance.py:1397} INFO - Executing <Task(PythonOperator): fetch_exchange_rates_task> on 2023-07-25 20:30:00+00:00
[2023-07-26 05:06:50,456] {standard_task_runner.py:52} INFO - Started process 1745 to run task
[2023-07-26 05:06:50,590] {standard_task_runner.py:79} INFO - Running: ['***', 'tasks', 'run', 'fetch_exchange_rates_dag', 'fetch_exchange_rates_task', 'scheduled__2023-07-25T20:30:00+00:00', '--job-id', '446', '--raw', '--subdir', 'DAGS_FOLDER/my_calc_rates.py', '--cfg-path', '/tmp/tmpho4tt7ca', '--error-file', '/tmp/tmp7os4jpj2']
[2023-07-26 05:06:50,616] {standard_task_runner.py:80} INFO - Job 446: Subtask fetch_exchange_rates_task
[2023-07-26 05:06:50,969] {task_command.py:371} INFO - Running <TaskInstance: fetch_exchange_rates_dag.fetch_exchange_rates_task scheduled__2023-07-25T20:30:00+00:00 [running]> on host acb6bca32630
[2023-07-26 05:06:51,396] {taskinstance.py:1591} INFO - Exporting the following env vars:
AIRFLOW_CTX_DAG_OWNER=marina_z
AIRFLOW_CTX_DAG_ID=fetch_exchange_rates_dag
AIRFLOW_CTX_TASK_ID=fetch_exchange_rates_task
AIRFLOW_CTX_EXECUTION_DATE=2023-07-25T20:30:00+00:00
AIRFLOW_CTX_TRY_NUMBER=1
AIRFLOW_CTX_DAG_RUN_ID=scheduled__2023-07-25T20:30:00+00:00
[2023-07-26 05:06:51,957] {logging_mixin.py:115} INFO - Save a new file exchange_latest_BTC.csv
[2023-07-26 05:06:51,959] {logging_mixin.py:115} INFO - Create a new table exchange_latest_BTC
[2023-07-26 05:06:51,974] {logging_mixin.py:115} INFO - Insert into table exchange_latest_BTC
[2023-07-26 05:06:52,442] {logging_mixin.py:115} INFO - Save a new file exchange_latest_EUR.csv
[2023-07-26 05:06:52,446] {logging_mixin.py:115} INFO - Create a new table exchange_latest_EUR
[2023-07-26 05:06:52,453] {logging_mixin.py:115} INFO - Insert into table exchange_latest_EUR
[2023-07-26 05:06:52,902] {logging_mixin.py:115} INFO - Save a new file exchange_latest_GBR.csv
[2023-07-26 05:06:52,903] {logging_mixin.py:115} INFO - Create a new table exchange_latest_GBR
[2023-07-26 05:06:52,918] {logging_mixin.py:115} INFO - Insert into table exchange_latest_GBR
[2023-07-26 05:06:53,312] {logging_mixin.py:115} INFO - Save a new file exchange_latest_JPY.csv
[2023-07-26 05:06:53,313] {logging_mixin.py:115} INFO - Create a new table exchange_latest_JPY
[2023-07-26 05:06:53,332] {logging_mixin.py:115} INFO - Insert into table exchange_latest_JPY
[2023-07-26 05:06:53,764] {logging_mixin.py:115} INFO - Save a new file exchange_latest_CNY.csv
[2023-07-26 05:06:53,765] {logging_mixin.py:115} INFO - Create a new table exchange_latest_CNY
[2023-07-26 05:06:53,776] {logging_mixin.py:115} INFO - Insert into table exchange_latest_CNY
[2023-07-26 05:06:53,860] {python.py:173} INFO - Done. Returned value was: None
[2023-07-26 05:06:53,911] {taskinstance.py:1420} INFO - Marking task as SUCCESS. dag_id=fetch_exchange_rates_dag, task_id=fetch_exchange_rates_task, execution_date=20230725T203000, start_date=20230726T050650, end_date=20230726T050653
[2023-07-26 05:06:54,004] {local_task_job.py:156} INFO - Task exited with return code 0
[2023-07-26 05:06:54,334] {local_task_job.py:273} INFO - 1 downstream tasks scheduled from follow-on schedule check
