[2023-07-25 20:38:31,994] {taskinstance.py:1179} INFO - Dependencies all met for <TaskInstance: fetch_exchange_rates_dag.fetch_exchange_rates_task scheduled__2023-07-25T14:20:00+00:00 [queued]>
[2023-07-25 20:38:32,019] {taskinstance.py:1179} INFO - Dependencies all met for <TaskInstance: fetch_exchange_rates_dag.fetch_exchange_rates_task scheduled__2023-07-25T14:20:00+00:00 [queued]>
[2023-07-25 20:38:32,021] {taskinstance.py:1376} INFO - 
--------------------------------------------------------------------------------
[2023-07-25 20:38:32,022] {taskinstance.py:1377} INFO - Starting attempt 1 of 1
[2023-07-25 20:38:32,023] {taskinstance.py:1378} INFO - 
--------------------------------------------------------------------------------
[2023-07-25 20:38:32,064] {taskinstance.py:1397} INFO - Executing <Task(PythonOperator): fetch_exchange_rates_task> on 2023-07-25 14:20:00+00:00
[2023-07-25 20:38:32,072] {standard_task_runner.py:52} INFO - Started process 9245 to run task
[2023-07-25 20:38:32,085] {standard_task_runner.py:79} INFO - Running: ['***', 'tasks', 'run', 'fetch_exchange_rates_dag', 'fetch_exchange_rates_task', 'scheduled__2023-07-25T14:20:00+00:00', '--job-id', '184', '--raw', '--subdir', 'DAGS_FOLDER/my_calc_rates.py', '--cfg-path', '/tmp/tmpdaj4d3kh', '--error-file', '/tmp/tmpqnkmu4np']
[2023-07-25 20:38:32,095] {standard_task_runner.py:80} INFO - Job 184: Subtask fetch_exchange_rates_task
[2023-07-25 20:38:32,270] {task_command.py:371} INFO - Running <TaskInstance: fetch_exchange_rates_dag.fetch_exchange_rates_task scheduled__2023-07-25T14:20:00+00:00 [running]> on host 661c8d62a693
[2023-07-25 20:38:32,455] {taskinstance.py:1591} INFO - Exporting the following env vars:
AIRFLOW_CTX_DAG_OWNER=marina_z
AIRFLOW_CTX_DAG_ID=fetch_exchange_rates_dag
AIRFLOW_CTX_TASK_ID=fetch_exchange_rates_task
AIRFLOW_CTX_EXECUTION_DATE=2023-07-25T14:20:00+00:00
AIRFLOW_CTX_TRY_NUMBER=1
AIRFLOW_CTX_DAG_RUN_ID=scheduled__2023-07-25T14:20:00+00:00
[2023-07-25 20:38:34,133] {taskinstance.py:1909} ERROR - Task failed with exception
Traceback (most recent call last):
  File "/home/airflow/.local/lib/python3.7/site-packages/airflow/operators/python.py", line 171, in execute
    return_value = self.execute_callable()
  File "/home/airflow/.local/lib/python3.7/site-packages/airflow/operators/python.py", line 189, in execute_callable
    return self.python_callable(*self.op_args, **self.op_kwargs)
  File "/opt/airflow/dags/my_calc_rates.py", line 69, in fetch_exchange_rates
    load_to_postgres = PostgresOperator(
NameError: name 'PostgresOperator' is not defined
[2023-07-25 20:38:34,144] {taskinstance.py:1420} INFO - Marking task as FAILED. dag_id=fetch_exchange_rates_dag, task_id=fetch_exchange_rates_task, execution_date=20230725T142000, start_date=20230725T203831, end_date=20230725T203834
[2023-07-25 20:38:34,155] {standard_task_runner.py:97} ERROR - Failed to execute job 184 for task fetch_exchange_rates_task (name 'PostgresOperator' is not defined; 9245)
[2023-07-25 20:38:34,190] {local_task_job.py:156} INFO - Task exited with return code 1
[2023-07-25 20:38:34,229] {local_task_job.py:273} INFO - 0 downstream tasks scheduled from follow-on schedule check
[2023-07-26 05:05:37,732] {taskinstance.py:1179} INFO - Dependencies all met for <TaskInstance: fetch_exchange_rates_dag.fetch_exchange_rates_task scheduled__2023-07-25T14:20:00+00:00 [queued]>
[2023-07-26 05:05:37,769] {taskinstance.py:1179} INFO - Dependencies all met for <TaskInstance: fetch_exchange_rates_dag.fetch_exchange_rates_task scheduled__2023-07-25T14:20:00+00:00 [queued]>
[2023-07-26 05:05:37,770] {taskinstance.py:1376} INFO - 
--------------------------------------------------------------------------------
[2023-07-26 05:05:37,771] {taskinstance.py:1377} INFO - Starting attempt 1 of 1
[2023-07-26 05:05:37,771] {taskinstance.py:1378} INFO - 
--------------------------------------------------------------------------------
[2023-07-26 05:05:37,820] {taskinstance.py:1397} INFO - Executing <Task(PythonOperator): fetch_exchange_rates_task> on 2023-07-25 14:20:00+00:00
[2023-07-26 05:05:37,828] {standard_task_runner.py:52} INFO - Started process 1231 to run task
[2023-07-26 05:05:37,834] {standard_task_runner.py:79} INFO - Running: ['***', 'tasks', 'run', 'fetch_exchange_rates_dag', 'fetch_exchange_rates_task', 'scheduled__2023-07-25T14:20:00+00:00', '--job-id', '304', '--raw', '--subdir', 'DAGS_FOLDER/my_calc_rates.py', '--cfg-path', '/tmp/tmpm4msvl1a', '--error-file', '/tmp/tmpfgfucl9q']
[2023-07-26 05:05:37,866] {standard_task_runner.py:80} INFO - Job 304: Subtask fetch_exchange_rates_task
[2023-07-26 05:05:38,153] {task_command.py:371} INFO - Running <TaskInstance: fetch_exchange_rates_dag.fetch_exchange_rates_task scheduled__2023-07-25T14:20:00+00:00 [running]> on host acb6bca32630
[2023-07-26 05:05:38,309] {taskinstance.py:1591} INFO - Exporting the following env vars:
AIRFLOW_CTX_DAG_OWNER=marina_z
AIRFLOW_CTX_DAG_ID=fetch_exchange_rates_dag
AIRFLOW_CTX_TASK_ID=fetch_exchange_rates_task
AIRFLOW_CTX_EXECUTION_DATE=2023-07-25T14:20:00+00:00
AIRFLOW_CTX_TRY_NUMBER=1
AIRFLOW_CTX_DAG_RUN_ID=scheduled__2023-07-25T14:20:00+00:00
[2023-07-26 05:05:38,722] {logging_mixin.py:115} INFO - Save a new file exchange_latest_BTC.csv
[2023-07-26 05:05:38,723] {logging_mixin.py:115} INFO - Create a new table exchange_latest_BTC
[2023-07-26 05:05:38,733] {logging_mixin.py:115} INFO - Insert into table exchange_latest_BTC
[2023-07-26 05:05:39,136] {logging_mixin.py:115} INFO - Save a new file exchange_latest_EUR.csv
[2023-07-26 05:05:39,136] {logging_mixin.py:115} INFO - Create a new table exchange_latest_EUR
[2023-07-26 05:05:39,143] {logging_mixin.py:115} INFO - Insert into table exchange_latest_EUR
[2023-07-26 05:05:39,519] {logging_mixin.py:115} INFO - Save a new file exchange_latest_GBR.csv
[2023-07-26 05:05:39,522] {logging_mixin.py:115} INFO - Create a new table exchange_latest_GBR
[2023-07-26 05:05:39,533] {logging_mixin.py:115} INFO - Insert into table exchange_latest_GBR
[2023-07-26 05:05:39,866] {logging_mixin.py:115} INFO - Save a new file exchange_latest_JPY.csv
[2023-07-26 05:05:39,867] {logging_mixin.py:115} INFO - Create a new table exchange_latest_JPY
[2023-07-26 05:05:39,873] {logging_mixin.py:115} INFO - Insert into table exchange_latest_JPY
[2023-07-26 05:05:40,198] {logging_mixin.py:115} INFO - Save a new file exchange_latest_CNY.csv
[2023-07-26 05:05:40,199] {logging_mixin.py:115} INFO - Create a new table exchange_latest_CNY
[2023-07-26 05:05:40,206] {logging_mixin.py:115} INFO - Insert into table exchange_latest_CNY
[2023-07-26 05:05:40,223] {python.py:173} INFO - Done. Returned value was: None
[2023-07-26 05:05:40,242] {taskinstance.py:1420} INFO - Marking task as SUCCESS. dag_id=fetch_exchange_rates_dag, task_id=fetch_exchange_rates_task, execution_date=20230725T142000, start_date=20230726T050537, end_date=20230726T050540
[2023-07-26 05:05:40,287] {local_task_job.py:156} INFO - Task exited with return code 0
[2023-07-26 05:05:40,361] {local_task_job.py:273} INFO - 1 downstream tasks scheduled from follow-on schedule check
