[2023-07-25 20:38:47,453] {taskinstance.py:1179} INFO - Dependencies all met for <TaskInstance: fetch_exchange_rates_dag.fetch_exchange_rates_task scheduled__2023-07-25T17:40:00+00:00 [queued]>
[2023-07-25 20:38:47,462] {taskinstance.py:1179} INFO - Dependencies all met for <TaskInstance: fetch_exchange_rates_dag.fetch_exchange_rates_task scheduled__2023-07-25T17:40:00+00:00 [queued]>
[2023-07-25 20:38:47,464] {taskinstance.py:1376} INFO - 
--------------------------------------------------------------------------------
[2023-07-25 20:38:47,465] {taskinstance.py:1377} INFO - Starting attempt 1 of 1
[2023-07-25 20:38:47,466] {taskinstance.py:1378} INFO - 
--------------------------------------------------------------------------------
[2023-07-25 20:38:47,492] {taskinstance.py:1397} INFO - Executing <Task(PythonOperator): fetch_exchange_rates_task> on 2023-07-25 17:40:00+00:00
[2023-07-25 20:38:47,501] {standard_task_runner.py:52} INFO - Started process 9313 to run task
[2023-07-25 20:38:47,504] {standard_task_runner.py:79} INFO - Running: ['***', 'tasks', 'run', 'fetch_exchange_rates_dag', 'fetch_exchange_rates_task', 'scheduled__2023-07-25T17:40:00+00:00', '--job-id', '204', '--raw', '--subdir', 'DAGS_FOLDER/my_calc_rates.py', '--cfg-path', '/tmp/tmpa2kolw_y', '--error-file', '/tmp/tmpkm19fhkd']
[2023-07-25 20:38:47,506] {standard_task_runner.py:80} INFO - Job 204: Subtask fetch_exchange_rates_task
[2023-07-25 20:38:47,671] {task_command.py:371} INFO - Running <TaskInstance: fetch_exchange_rates_dag.fetch_exchange_rates_task scheduled__2023-07-25T17:40:00+00:00 [running]> on host 661c8d62a693
[2023-07-25 20:38:47,806] {taskinstance.py:1591} INFO - Exporting the following env vars:
AIRFLOW_CTX_DAG_OWNER=marina_z
AIRFLOW_CTX_DAG_ID=fetch_exchange_rates_dag
AIRFLOW_CTX_TASK_ID=fetch_exchange_rates_task
AIRFLOW_CTX_EXECUTION_DATE=2023-07-25T17:40:00+00:00
AIRFLOW_CTX_TRY_NUMBER=1
AIRFLOW_CTX_DAG_RUN_ID=scheduled__2023-07-25T17:40:00+00:00
[2023-07-25 20:38:49,413] {taskinstance.py:1909} ERROR - Task failed with exception
Traceback (most recent call last):
  File "/home/airflow/.local/lib/python3.7/site-packages/airflow/operators/python.py", line 171, in execute
    return_value = self.execute_callable()
  File "/home/airflow/.local/lib/python3.7/site-packages/airflow/operators/python.py", line 189, in execute_callable
    return self.python_callable(*self.op_args, **self.op_kwargs)
  File "/opt/airflow/dags/my_calc_rates.py", line 69, in fetch_exchange_rates
    load_to_postgres = PostgresOperator(
NameError: name 'PostgresOperator' is not defined
[2023-07-25 20:38:49,435] {taskinstance.py:1420} INFO - Marking task as FAILED. dag_id=fetch_exchange_rates_dag, task_id=fetch_exchange_rates_task, execution_date=20230725T174000, start_date=20230725T203847, end_date=20230725T203849
[2023-07-25 20:38:49,485] {standard_task_runner.py:97} ERROR - Failed to execute job 204 for task fetch_exchange_rates_task (name 'PostgresOperator' is not defined; 9313)
[2023-07-25 20:38:49,551] {local_task_job.py:156} INFO - Task exited with return code 1
[2023-07-25 20:38:49,615] {local_task_job.py:273} INFO - 0 downstream tasks scheduled from follow-on schedule check
[2023-07-26 05:06:19,055] {taskinstance.py:1179} INFO - Dependencies all met for <TaskInstance: fetch_exchange_rates_dag.fetch_exchange_rates_task scheduled__2023-07-25T17:40:00+00:00 [queued]>
[2023-07-26 05:06:19,123] {taskinstance.py:1179} INFO - Dependencies all met for <TaskInstance: fetch_exchange_rates_dag.fetch_exchange_rates_task scheduled__2023-07-25T17:40:00+00:00 [queued]>
[2023-07-26 05:06:19,124] {taskinstance.py:1376} INFO - 
--------------------------------------------------------------------------------
[2023-07-26 05:06:19,128] {taskinstance.py:1377} INFO - Starting attempt 1 of 1
[2023-07-26 05:06:19,130] {taskinstance.py:1378} INFO - 
--------------------------------------------------------------------------------
[2023-07-26 05:06:19,224] {taskinstance.py:1397} INFO - Executing <Task(PythonOperator): fetch_exchange_rates_task> on 2023-07-25 17:40:00+00:00
[2023-07-26 05:06:19,260] {standard_task_runner.py:52} INFO - Started process 1538 to run task
[2023-07-26 05:06:19,267] {standard_task_runner.py:79} INFO - Running: ['***', 'tasks', 'run', 'fetch_exchange_rates_dag', 'fetch_exchange_rates_task', 'scheduled__2023-07-25T17:40:00+00:00', '--job-id', '386', '--raw', '--subdir', 'DAGS_FOLDER/my_calc_rates.py', '--cfg-path', '/tmp/tmpzyo9amdh', '--error-file', '/tmp/tmp25h2fv21']
[2023-07-26 05:06:19,290] {standard_task_runner.py:80} INFO - Job 386: Subtask fetch_exchange_rates_task
[2023-07-26 05:06:19,543] {task_command.py:371} INFO - Running <TaskInstance: fetch_exchange_rates_dag.fetch_exchange_rates_task scheduled__2023-07-25T17:40:00+00:00 [running]> on host acb6bca32630
[2023-07-26 05:06:19,869] {taskinstance.py:1591} INFO - Exporting the following env vars:
AIRFLOW_CTX_DAG_OWNER=marina_z
AIRFLOW_CTX_DAG_ID=fetch_exchange_rates_dag
AIRFLOW_CTX_TASK_ID=fetch_exchange_rates_task
AIRFLOW_CTX_EXECUTION_DATE=2023-07-25T17:40:00+00:00
AIRFLOW_CTX_TRY_NUMBER=1
AIRFLOW_CTX_DAG_RUN_ID=scheduled__2023-07-25T17:40:00+00:00
[2023-07-26 05:06:20,369] {logging_mixin.py:115} INFO - Save a new file exchange_latest_BTC.csv
[2023-07-26 05:06:20,371] {logging_mixin.py:115} INFO - Create a new table exchange_latest_BTC
[2023-07-26 05:06:20,379] {logging_mixin.py:115} INFO - Insert into table exchange_latest_BTC
[2023-07-26 05:06:20,773] {logging_mixin.py:115} INFO - Save a new file exchange_latest_EUR.csv
[2023-07-26 05:06:20,775] {logging_mixin.py:115} INFO - Create a new table exchange_latest_EUR
[2023-07-26 05:06:20,785] {logging_mixin.py:115} INFO - Insert into table exchange_latest_EUR
[2023-07-26 05:06:21,108] {logging_mixin.py:115} INFO - Save a new file exchange_latest_GBR.csv
[2023-07-26 05:06:21,109] {logging_mixin.py:115} INFO - Create a new table exchange_latest_GBR
[2023-07-26 05:06:21,128] {logging_mixin.py:115} INFO - Insert into table exchange_latest_GBR
[2023-07-26 05:06:21,519] {logging_mixin.py:115} INFO - Save a new file exchange_latest_JPY.csv
[2023-07-26 05:06:21,522] {logging_mixin.py:115} INFO - Create a new table exchange_latest_JPY
[2023-07-26 05:06:21,533] {logging_mixin.py:115} INFO - Insert into table exchange_latest_JPY
[2023-07-26 05:06:21,982] {logging_mixin.py:115} INFO - Save a new file exchange_latest_CNY.csv
[2023-07-26 05:06:21,984] {logging_mixin.py:115} INFO - Create a new table exchange_latest_CNY
[2023-07-26 05:06:21,989] {logging_mixin.py:115} INFO - Insert into table exchange_latest_CNY
[2023-07-26 05:06:22,013] {python.py:173} INFO - Done. Returned value was: None
[2023-07-26 05:06:22,224] {taskinstance.py:1420} INFO - Marking task as SUCCESS. dag_id=fetch_exchange_rates_dag, task_id=fetch_exchange_rates_task, execution_date=20230725T174000, start_date=20230726T050619, end_date=20230726T050622
[2023-07-26 05:06:22,340] {local_task_job.py:156} INFO - Task exited with return code 0
[2023-07-26 05:06:22,780] {local_task_job.py:273} INFO - 1 downstream tasks scheduled from follow-on schedule check
