[2023-07-26 05:07:14,110] {taskinstance.py:1179} INFO - Dependencies all met for <TaskInstance: fetch_exchange_rates_dag.bash_task scheduled__2023-07-25T22:30:00+00:00 [queued]>
[2023-07-26 05:07:14,124] {taskinstance.py:1179} INFO - Dependencies all met for <TaskInstance: fetch_exchange_rates_dag.bash_task scheduled__2023-07-25T22:30:00+00:00 [queued]>
[2023-07-26 05:07:14,125] {taskinstance.py:1376} INFO - 
--------------------------------------------------------------------------------
[2023-07-26 05:07:14,126] {taskinstance.py:1377} INFO - Starting attempt 1 of 1
[2023-07-26 05:07:14,128] {taskinstance.py:1378} INFO - 
--------------------------------------------------------------------------------
[2023-07-26 05:07:14,154] {taskinstance.py:1397} INFO - Executing <Task(BashOperator): bash_task> on 2023-07-25 22:30:00+00:00
[2023-07-26 05:07:14,164] {standard_task_runner.py:52} INFO - Started process 1901 to run task
[2023-07-26 05:07:14,175] {standard_task_runner.py:79} INFO - Running: ['***', 'tasks', 'run', 'fetch_exchange_rates_dag', 'bash_task', 'scheduled__2023-07-25T22:30:00+00:00', '--job-id', '493', '--raw', '--subdir', 'DAGS_FOLDER/my_calc_rates.py', '--cfg-path', '/tmp/tmp9y29m0zu', '--error-file', '/tmp/tmp9gcm1bx8']
[2023-07-26 05:07:14,177] {standard_task_runner.py:80} INFO - Job 493: Subtask bash_task
[2023-07-26 05:07:14,371] {task_command.py:371} INFO - Running <TaskInstance: fetch_exchange_rates_dag.bash_task scheduled__2023-07-25T22:30:00+00:00 [running]> on host acb6bca32630
[2023-07-26 05:07:14,559] {taskinstance.py:1591} INFO - Exporting the following env vars:
AIRFLOW_CTX_DAG_OWNER=***
AIRFLOW_CTX_DAG_ID=fetch_exchange_rates_dag
AIRFLOW_CTX_TASK_ID=bash_task
AIRFLOW_CTX_EXECUTION_DATE=2023-07-25T22:30:00+00:00
AIRFLOW_CTX_TRY_NUMBER=1
AIRFLOW_CTX_DAG_RUN_ID=scheduled__2023-07-25T22:30:00+00:00
[2023-07-26 05:07:14,561] {subprocess.py:62} INFO - Tmp dir root location: 
 /tmp
[2023-07-26 05:07:14,562] {subprocess.py:74} INFO - Running command: ['bash', '-c', 'echo "Good morning my diggers!"']
[2023-07-26 05:07:14,605] {subprocess.py:85} INFO - Output:
[2023-07-26 05:07:14,607] {subprocess.py:92} INFO - Good morning my diggers!
[2023-07-26 05:07:14,608] {subprocess.py:96} INFO - Command exited with return code 0
[2023-07-26 05:07:14,694] {taskinstance.py:1420} INFO - Marking task as SUCCESS. dag_id=fetch_exchange_rates_dag, task_id=bash_task, execution_date=20230725T223000, start_date=20230726T050714, end_date=20230726T050714
[2023-07-26 05:07:14,759] {local_task_job.py:156} INFO - Task exited with return code 0
[2023-07-26 05:07:14,859] {local_task_job.py:273} INFO - 1 downstream tasks scheduled from follow-on schedule check
