[2023-07-26 04:18:27,903] {taskinstance.py:1179} INFO - Dependencies all met for <TaskInstance: fetch_exchange_rates_dag.create_total_exchange_rates_table scheduled__2023-07-26T02:20:00+00:00 [queued]>
[2023-07-26 04:18:27,930] {taskinstance.py:1179} INFO - Dependencies all met for <TaskInstance: fetch_exchange_rates_dag.create_total_exchange_rates_table scheduled__2023-07-26T02:20:00+00:00 [queued]>
[2023-07-26 04:18:27,932] {taskinstance.py:1376} INFO - 
--------------------------------------------------------------------------------
[2023-07-26 04:18:27,934] {taskinstance.py:1377} INFO - Starting attempt 1 of 1
[2023-07-26 04:18:27,936] {taskinstance.py:1378} INFO - 
--------------------------------------------------------------------------------
[2023-07-26 04:18:27,981] {taskinstance.py:1397} INFO - Executing <Task(PythonOperator): create_total_exchange_rates_table> on 2023-07-26 02:20:00+00:00
[2023-07-26 04:18:27,995] {standard_task_runner.py:52} INFO - Started process 7132 to run task
[2023-07-26 04:18:28,002] {standard_task_runner.py:79} INFO - Running: ['***', 'tasks', 'run', 'fetch_exchange_rates_dag', 'create_total_exchange_rates_table', 'scheduled__2023-07-26T02:20:00+00:00', '--job-id', '83', '--raw', '--subdir', 'DAGS_FOLDER/my_calc_rates.py', '--cfg-path', '/tmp/tmpm9b_21h4', '--error-file', '/tmp/tmplb9b4n9y']
[2023-07-26 04:18:28,026] {standard_task_runner.py:80} INFO - Job 83: Subtask create_total_exchange_rates_table
[2023-07-26 04:18:28,254] {task_command.py:371} INFO - Running <TaskInstance: fetch_exchange_rates_dag.create_total_exchange_rates_table scheduled__2023-07-26T02:20:00+00:00 [running]> on host 6e11a261c833
[2023-07-26 04:18:28,569] {taskinstance.py:1591} INFO - Exporting the following env vars:
AIRFLOW_CTX_DAG_OWNER=marina_z
AIRFLOW_CTX_DAG_ID=fetch_exchange_rates_dag
AIRFLOW_CTX_TASK_ID=create_total_exchange_rates_table
AIRFLOW_CTX_EXECUTION_DATE=2023-07-26T02:20:00+00:00
AIRFLOW_CTX_TRY_NUMBER=1
AIRFLOW_CTX_DAG_RUN_ID=scheduled__2023-07-26T02:20:00+00:00
[2023-07-26 04:18:28,571] {logging_mixin.py:115} INFO - The table total_exchange_rates is created and saved
[2023-07-26 04:18:28,602] {python.py:173} INFO - Done. Returned value was: None
[2023-07-26 04:18:28,625] {taskinstance.py:1420} INFO - Marking task as SUCCESS. dag_id=fetch_exchange_rates_dag, task_id=create_total_exchange_rates_table, execution_date=20230726T022000, start_date=20230726T041827, end_date=20230726T041828
[2023-07-26 04:18:28,675] {local_task_job.py:156} INFO - Task exited with return code 0
[2023-07-26 04:18:28,769] {local_task_job.py:273} INFO - 1 downstream tasks scheduled from follow-on schedule check
[2023-07-26 05:08:02,190] {taskinstance.py:1179} INFO - Dependencies all met for <TaskInstance: fetch_exchange_rates_dag.create_total_exchange_rates_table scheduled__2023-07-26T02:20:00+00:00 [queued]>
[2023-07-26 05:08:02,275] {taskinstance.py:1179} INFO - Dependencies all met for <TaskInstance: fetch_exchange_rates_dag.create_total_exchange_rates_table scheduled__2023-07-26T02:20:00+00:00 [queued]>
[2023-07-26 05:08:02,286] {taskinstance.py:1376} INFO - 
--------------------------------------------------------------------------------
[2023-07-26 05:08:02,287] {taskinstance.py:1377} INFO - Starting attempt 1 of 1
[2023-07-26 05:08:02,288] {taskinstance.py:1378} INFO - 
--------------------------------------------------------------------------------
[2023-07-26 05:08:02,419] {taskinstance.py:1397} INFO - Executing <Task(PythonOperator): create_total_exchange_rates_table> on 2023-07-26 02:20:00+00:00
[2023-07-26 05:08:02,473] {standard_task_runner.py:52} INFO - Started process 2214 to run task
[2023-07-26 05:08:02,493] {standard_task_runner.py:79} INFO - Running: ['***', 'tasks', 'run', 'fetch_exchange_rates_dag', 'create_total_exchange_rates_table', 'scheduled__2023-07-26T02:20:00+00:00', '--job-id', '579', '--raw', '--subdir', 'DAGS_FOLDER/my_calc_rates.py', '--cfg-path', '/tmp/tmpyu9ykqcv', '--error-file', '/tmp/tmpjookb9iu']
[2023-07-26 05:08:02,501] {standard_task_runner.py:80} INFO - Job 579: Subtask create_total_exchange_rates_table
[2023-07-26 05:08:02,855] {task_command.py:371} INFO - Running <TaskInstance: fetch_exchange_rates_dag.create_total_exchange_rates_table scheduled__2023-07-26T02:20:00+00:00 [running]> on host acb6bca32630
[2023-07-26 05:08:03,189] {taskinstance.py:1591} INFO - Exporting the following env vars:
AIRFLOW_CTX_DAG_OWNER=marina_z
AIRFLOW_CTX_DAG_ID=fetch_exchange_rates_dag
AIRFLOW_CTX_TASK_ID=create_total_exchange_rates_table
AIRFLOW_CTX_EXECUTION_DATE=2023-07-26T02:20:00+00:00
AIRFLOW_CTX_TRY_NUMBER=1
AIRFLOW_CTX_DAG_RUN_ID=scheduled__2023-07-26T02:20:00+00:00
[2023-07-26 05:08:03,192] {logging_mixin.py:115} INFO - The table total_exchange_rates is created and saved
[2023-07-26 05:08:03,220] {python.py:173} INFO - Done. Returned value was: None
[2023-07-26 05:08:03,245] {taskinstance.py:1420} INFO - Marking task as SUCCESS. dag_id=fetch_exchange_rates_dag, task_id=create_total_exchange_rates_table, execution_date=20230726T022000, start_date=20230726T050802, end_date=20230726T050803
[2023-07-26 05:08:03,299] {local_task_job.py:156} INFO - Task exited with return code 0
[2023-07-26 05:08:03,394] {local_task_job.py:273} INFO - 1 downstream tasks scheduled from follow-on schedule check
