[2023-07-26 04:18:44,509] {taskinstance.py:1179} INFO - Dependencies all met for <TaskInstance: fetch_exchange_rates_dag.print_csv_table scheduled__2023-07-26T03:10:00+00:00 [queued]>
[2023-07-26 04:18:44,528] {taskinstance.py:1179} INFO - Dependencies all met for <TaskInstance: fetch_exchange_rates_dag.print_csv_table scheduled__2023-07-26T03:10:00+00:00 [queued]>
[2023-07-26 04:18:44,529] {taskinstance.py:1376} INFO - 
--------------------------------------------------------------------------------
[2023-07-26 04:18:44,530] {taskinstance.py:1377} INFO - Starting attempt 1 of 1
[2023-07-26 04:18:44,530] {taskinstance.py:1378} INFO - 
--------------------------------------------------------------------------------
[2023-07-26 04:18:44,568] {taskinstance.py:1397} INFO - Executing <Task(PythonOperator): print_csv_table> on 2023-07-26 03:10:00+00:00
[2023-07-26 04:18:44,584] {standard_task_runner.py:52} INFO - Started process 7256 to run task
[2023-07-26 04:18:44,599] {standard_task_runner.py:79} INFO - Running: ['***', 'tasks', 'run', 'fetch_exchange_rates_dag', 'print_csv_table', 'scheduled__2023-07-26T03:10:00+00:00', '--job-id', '118', '--raw', '--subdir', 'DAGS_FOLDER/my_calc_rates.py', '--cfg-path', '/tmp/tmpbd0e_oow', '--error-file', '/tmp/tmps3iunn2i']
[2023-07-26 04:18:44,603] {standard_task_runner.py:80} INFO - Job 118: Subtask print_csv_table
[2023-07-26 04:18:44,850] {task_command.py:371} INFO - Running <TaskInstance: fetch_exchange_rates_dag.print_csv_table scheduled__2023-07-26T03:10:00+00:00 [running]> on host 6e11a261c833
[2023-07-26 04:18:45,137] {taskinstance.py:1591} INFO - Exporting the following env vars:
AIRFLOW_CTX_DAG_OWNER=marina_z
AIRFLOW_CTX_DAG_ID=fetch_exchange_rates_dag
AIRFLOW_CTX_TASK_ID=print_csv_table
AIRFLOW_CTX_EXECUTION_DATE=2023-07-26T03:10:00+00:00
AIRFLOW_CTX_TRY_NUMBER=1
AIRFLOW_CTX_DAG_RUN_ID=scheduled__2023-07-26T03:10:00+00:00
[2023-07-26 04:18:45,168] {logging_mixin.py:115} INFO -   exchange_id  exchange_rate base_exchange        date
0         RUB   2.622164e+06           BTC  2023-07-26
1         RUB   9.960367e+01           EUR  2023-07-26
2         RUB   9.964221e+01           EUR  2023-07-26
3         RUB   6.397940e-01           JPY  2023-07-26
4         RUB   1.263880e+01           CNY  2023-07-26
[2023-07-26 04:18:45,169] {python.py:173} INFO - Done. Returned value was: None
[2023-07-26 04:18:45,209] {taskinstance.py:1420} INFO - Marking task as SUCCESS. dag_id=fetch_exchange_rates_dag, task_id=print_csv_table, execution_date=20230726T031000, start_date=20230726T041844, end_date=20230726T041845
[2023-07-26 04:18:45,287] {local_task_job.py:156} INFO - Task exited with return code 0
[2023-07-26 04:18:45,373] {local_task_job.py:273} INFO - 0 downstream tasks scheduled from follow-on schedule check
