[2023-07-25 20:35:03,236] {taskinstance.py:1179} INFO - Dependencies all met for <TaskInstance: fetch_exchange_rates_dag.fetch_exchange_rates_task scheduled__2023-07-25T06:10:00+00:00 [queued]>
[2023-07-25 20:35:03,298] {taskinstance.py:1179} INFO - Dependencies all met for <TaskInstance: fetch_exchange_rates_dag.fetch_exchange_rates_task scheduled__2023-07-25T06:10:00+00:00 [queued]>
[2023-07-25 20:35:03,300] {taskinstance.py:1376} INFO - 
--------------------------------------------------------------------------------
[2023-07-25 20:35:03,305] {taskinstance.py:1377} INFO - Starting attempt 1 of 1
[2023-07-25 20:35:03,308] {taskinstance.py:1378} INFO - 
--------------------------------------------------------------------------------
[2023-07-25 20:35:03,364] {taskinstance.py:1397} INFO - Executing <Task(PythonOperator): fetch_exchange_rates_task> on 2023-07-25 06:10:00+00:00
[2023-07-25 20:35:03,395] {standard_task_runner.py:52} INFO - Started process 8916 to run task
[2023-07-25 20:35:03,412] {standard_task_runner.py:79} INFO - Running: ['***', 'tasks', 'run', 'fetch_exchange_rates_dag', 'fetch_exchange_rates_task', 'scheduled__2023-07-25T06:10:00+00:00', '--job-id', '131', '--raw', '--subdir', 'DAGS_FOLDER/my_calc_rates.py', '--cfg-path', '/tmp/tmpvzzq7nps', '--error-file', '/tmp/tmp6ob2osdq']
[2023-07-25 20:35:03,447] {standard_task_runner.py:80} INFO - Job 131: Subtask fetch_exchange_rates_task
[2023-07-25 20:35:03,664] {task_command.py:371} INFO - Running <TaskInstance: fetch_exchange_rates_dag.fetch_exchange_rates_task scheduled__2023-07-25T06:10:00+00:00 [running]> on host 661c8d62a693
[2023-07-25 20:35:03,793] {taskinstance.py:1591} INFO - Exporting the following env vars:
AIRFLOW_CTX_DAG_OWNER=marina_z
AIRFLOW_CTX_DAG_ID=fetch_exchange_rates_dag
AIRFLOW_CTX_TASK_ID=fetch_exchange_rates_task
AIRFLOW_CTX_EXECUTION_DATE=2023-07-25T06:10:00+00:00
AIRFLOW_CTX_TRY_NUMBER=1
AIRFLOW_CTX_DAG_RUN_ID=scheduled__2023-07-25T06:10:00+00:00
[2023-07-25 20:35:05,469] {taskinstance.py:1909} ERROR - Task failed with exception
Traceback (most recent call last):
  File "/home/airflow/.local/lib/python3.7/site-packages/airflow/operators/python.py", line 171, in execute
    return_value = self.execute_callable()
  File "/home/airflow/.local/lib/python3.7/site-packages/airflow/operators/python.py", line 189, in execute_callable
    return self.python_callable(*self.op_args, **self.op_kwargs)
  File "/opt/airflow/dags/my_calc_rates.py", line 69, in fetch_exchange_rates
    load_to_postgres = PostgresOperator(
NameError: name 'PostgresOperator' is not defined
[2023-07-25 20:35:05,488] {taskinstance.py:1420} INFO - Marking task as FAILED. dag_id=fetch_exchange_rates_dag, task_id=fetch_exchange_rates_task, execution_date=20230725T061000, start_date=20230725T203503, end_date=20230725T203505
[2023-07-25 20:35:05,513] {standard_task_runner.py:97} ERROR - Failed to execute job 131 for task fetch_exchange_rates_task (name 'PostgresOperator' is not defined; 8916)
[2023-07-25 20:35:05,558] {local_task_job.py:156} INFO - Task exited with return code 1
[2023-07-25 20:35:05,614] {local_task_job.py:273} INFO - 0 downstream tasks scheduled from follow-on schedule check
[2023-07-26 05:04:16,615] {taskinstance.py:1179} INFO - Dependencies all met for <TaskInstance: fetch_exchange_rates_dag.fetch_exchange_rates_task scheduled__2023-07-25T06:10:00+00:00 [queued]>
[2023-07-26 05:04:16,642] {taskinstance.py:1179} INFO - Dependencies all met for <TaskInstance: fetch_exchange_rates_dag.fetch_exchange_rates_task scheduled__2023-07-25T06:10:00+00:00 [queued]>
[2023-07-26 05:04:16,645] {taskinstance.py:1376} INFO - 
--------------------------------------------------------------------------------
[2023-07-26 05:04:16,654] {taskinstance.py:1377} INFO - Starting attempt 1 of 1
[2023-07-26 05:04:16,656] {taskinstance.py:1378} INFO - 
--------------------------------------------------------------------------------
[2023-07-26 05:04:16,685] {taskinstance.py:1397} INFO - Executing <Task(PythonOperator): fetch_exchange_rates_task> on 2023-07-25 06:10:00+00:00
[2023-07-26 05:04:16,702] {standard_task_runner.py:52} INFO - Started process 633 to run task
[2023-07-26 05:04:16,708] {standard_task_runner.py:79} INFO - Running: ['***', 'tasks', 'run', 'fetch_exchange_rates_dag', 'fetch_exchange_rates_task', 'scheduled__2023-07-25T06:10:00+00:00', '--job-id', '137', '--raw', '--subdir', 'DAGS_FOLDER/my_calc_rates.py', '--cfg-path', '/tmp/tmpqoys57gn', '--error-file', '/tmp/tmppg7kjvv3']
[2023-07-26 05:04:16,710] {standard_task_runner.py:80} INFO - Job 137: Subtask fetch_exchange_rates_task
[2023-07-26 05:04:16,880] {task_command.py:371} INFO - Running <TaskInstance: fetch_exchange_rates_dag.fetch_exchange_rates_task scheduled__2023-07-25T06:10:00+00:00 [running]> on host acb6bca32630
[2023-07-26 05:04:17,014] {taskinstance.py:1591} INFO - Exporting the following env vars:
AIRFLOW_CTX_DAG_OWNER=marina_z
AIRFLOW_CTX_DAG_ID=fetch_exchange_rates_dag
AIRFLOW_CTX_TASK_ID=fetch_exchange_rates_task
AIRFLOW_CTX_EXECUTION_DATE=2023-07-25T06:10:00+00:00
AIRFLOW_CTX_TRY_NUMBER=1
AIRFLOW_CTX_DAG_RUN_ID=scheduled__2023-07-25T06:10:00+00:00
[2023-07-26 05:04:17,335] {logging_mixin.py:115} INFO - Save a new file exchange_latest_BTC.csv
[2023-07-26 05:04:17,335] {logging_mixin.py:115} INFO - Create a new table exchange_latest_BTC
[2023-07-26 05:04:17,344] {logging_mixin.py:115} INFO - Insert into table exchange_latest_BTC
[2023-07-26 05:04:17,705] {logging_mixin.py:115} INFO - Save a new file exchange_latest_EUR.csv
[2023-07-26 05:04:17,707] {logging_mixin.py:115} INFO - Create a new table exchange_latest_EUR
[2023-07-26 05:04:17,715] {logging_mixin.py:115} INFO - Insert into table exchange_latest_EUR
[2023-07-26 05:04:17,736] {taskinstance.py:1909} ERROR - Task failed with exception
Traceback (most recent call last):
  File "/home/airflow/.local/lib/python3.7/site-packages/airflow/operators/python.py", line 171, in execute
    return_value = self.execute_callable()
  File "/home/airflow/.local/lib/python3.7/site-packages/airflow/operators/python.py", line 189, in execute_callable
    return self.python_callable(*self.op_args, **self.op_kwargs)
  File "/opt/airflow/dags/my_calc_rates.py", line 99, in fetch_exchange_rates
    cur.execute(copy_query)
psycopg2.errors.InvalidTextRepresentation: invalid input syntax for type numeric: "99,603666"
CONTEXT:  COPY exchange_rates_eur, line 2, column exchange_rate: "99,603666"

[2023-07-26 05:04:17,780] {taskinstance.py:1420} INFO - Marking task as FAILED. dag_id=fetch_exchange_rates_dag, task_id=fetch_exchange_rates_task, execution_date=20230725T061000, start_date=20230726T050416, end_date=20230726T050417
[2023-07-26 05:04:17,810] {standard_task_runner.py:97} ERROR - Failed to execute job 137 for task fetch_exchange_rates_task (invalid input syntax for type numeric: "99,603666"
CONTEXT:  COPY exchange_rates_eur, line 2, column exchange_rate: "99,603666"
; 633)
[2023-07-26 05:04:17,854] {local_task_job.py:156} INFO - Task exited with return code 1
[2023-07-26 05:04:17,913] {local_task_job.py:273} INFO - 0 downstream tasks scheduled from follow-on schedule check
