[2023-07-25 20:38:06,804] {taskinstance.py:1179} INFO - Dependencies all met for <TaskInstance: fetch_exchange_rates_dag.fetch_exchange_rates_task scheduled__2023-07-25T09:10:00+00:00 [queued]>
[2023-07-25 20:38:06,821] {taskinstance.py:1179} INFO - Dependencies all met for <TaskInstance: fetch_exchange_rates_dag.fetch_exchange_rates_task scheduled__2023-07-25T09:10:00+00:00 [queued]>
[2023-07-25 20:38:06,822] {taskinstance.py:1376} INFO - 
--------------------------------------------------------------------------------
[2023-07-25 20:38:06,825] {taskinstance.py:1377} INFO - Starting attempt 1 of 1
[2023-07-25 20:38:06,829] {taskinstance.py:1378} INFO - 
--------------------------------------------------------------------------------
[2023-07-25 20:38:06,861] {taskinstance.py:1397} INFO - Executing <Task(PythonOperator): fetch_exchange_rates_task> on 2023-07-25 09:10:00+00:00
[2023-07-25 20:38:06,875] {standard_task_runner.py:52} INFO - Started process 9126 to run task
[2023-07-25 20:38:06,886] {standard_task_runner.py:79} INFO - Running: ['***', 'tasks', 'run', 'fetch_exchange_rates_dag', 'fetch_exchange_rates_task', 'scheduled__2023-07-25T09:10:00+00:00', '--job-id', '153', '--raw', '--subdir', 'DAGS_FOLDER/my_calc_rates.py', '--cfg-path', '/tmp/tmpixoiezg6', '--error-file', '/tmp/tmpk0rxwtkn']
[2023-07-25 20:38:06,889] {standard_task_runner.py:80} INFO - Job 153: Subtask fetch_exchange_rates_task
[2023-07-25 20:38:07,021] {task_command.py:371} INFO - Running <TaskInstance: fetch_exchange_rates_dag.fetch_exchange_rates_task scheduled__2023-07-25T09:10:00+00:00 [running]> on host 661c8d62a693
[2023-07-25 20:38:07,122] {taskinstance.py:1591} INFO - Exporting the following env vars:
AIRFLOW_CTX_DAG_OWNER=marina_z
AIRFLOW_CTX_DAG_ID=fetch_exchange_rates_dag
AIRFLOW_CTX_TASK_ID=fetch_exchange_rates_task
AIRFLOW_CTX_EXECUTION_DATE=2023-07-25T09:10:00+00:00
AIRFLOW_CTX_TRY_NUMBER=1
AIRFLOW_CTX_DAG_RUN_ID=scheduled__2023-07-25T09:10:00+00:00
[2023-07-25 20:38:08,727] {taskinstance.py:1909} ERROR - Task failed with exception
Traceback (most recent call last):
  File "/home/airflow/.local/lib/python3.7/site-packages/airflow/operators/python.py", line 171, in execute
    return_value = self.execute_callable()
  File "/home/airflow/.local/lib/python3.7/site-packages/airflow/operators/python.py", line 189, in execute_callable
    return self.python_callable(*self.op_args, **self.op_kwargs)
  File "/opt/airflow/dags/my_calc_rates.py", line 69, in fetch_exchange_rates
    load_to_postgres = PostgresOperator(
NameError: name 'PostgresOperator' is not defined
[2023-07-25 20:38:08,738] {taskinstance.py:1420} INFO - Marking task as FAILED. dag_id=fetch_exchange_rates_dag, task_id=fetch_exchange_rates_task, execution_date=20230725T091000, start_date=20230725T203806, end_date=20230725T203808
[2023-07-25 20:38:08,751] {standard_task_runner.py:97} ERROR - Failed to execute job 153 for task fetch_exchange_rates_task (name 'PostgresOperator' is not defined; 9126)
[2023-07-25 20:38:08,768] {local_task_job.py:156} INFO - Task exited with return code 1
[2023-07-25 20:38:08,798] {local_task_job.py:273} INFO - 0 downstream tasks scheduled from follow-on schedule check
[2023-07-26 05:04:46,978] {taskinstance.py:1179} INFO - Dependencies all met for <TaskInstance: fetch_exchange_rates_dag.fetch_exchange_rates_task scheduled__2023-07-25T09:10:00+00:00 [queued]>
[2023-07-26 05:04:46,999] {taskinstance.py:1179} INFO - Dependencies all met for <TaskInstance: fetch_exchange_rates_dag.fetch_exchange_rates_task scheduled__2023-07-25T09:10:00+00:00 [queued]>
[2023-07-26 05:04:47,002] {taskinstance.py:1376} INFO - 
--------------------------------------------------------------------------------
[2023-07-26 05:04:47,004] {taskinstance.py:1377} INFO - Starting attempt 1 of 1
[2023-07-26 05:04:47,005] {taskinstance.py:1378} INFO - 
--------------------------------------------------------------------------------
[2023-07-26 05:04:47,028] {taskinstance.py:1397} INFO - Executing <Task(PythonOperator): fetch_exchange_rates_task> on 2023-07-25 09:10:00+00:00
[2023-07-26 05:04:47,037] {standard_task_runner.py:52} INFO - Started process 856 to run task
[2023-07-26 05:04:47,051] {standard_task_runner.py:79} INFO - Running: ['***', 'tasks', 'run', 'fetch_exchange_rates_dag', 'fetch_exchange_rates_task', 'scheduled__2023-07-25T09:10:00+00:00', '--job-id', '196', '--raw', '--subdir', 'DAGS_FOLDER/my_calc_rates.py', '--cfg-path', '/tmp/tmp9w6q6xu4', '--error-file', '/tmp/tmpk_4wewh1']
[2023-07-26 05:04:47,053] {standard_task_runner.py:80} INFO - Job 196: Subtask fetch_exchange_rates_task
[2023-07-26 05:04:47,215] {task_command.py:371} INFO - Running <TaskInstance: fetch_exchange_rates_dag.fetch_exchange_rates_task scheduled__2023-07-25T09:10:00+00:00 [running]> on host acb6bca32630
[2023-07-26 05:04:47,358] {taskinstance.py:1591} INFO - Exporting the following env vars:
AIRFLOW_CTX_DAG_OWNER=marina_z
AIRFLOW_CTX_DAG_ID=fetch_exchange_rates_dag
AIRFLOW_CTX_TASK_ID=fetch_exchange_rates_task
AIRFLOW_CTX_EXECUTION_DATE=2023-07-25T09:10:00+00:00
AIRFLOW_CTX_TRY_NUMBER=1
AIRFLOW_CTX_DAG_RUN_ID=scheduled__2023-07-25T09:10:00+00:00
[2023-07-26 05:04:47,717] {logging_mixin.py:115} INFO - Save a new file exchange_latest_BTC.csv
[2023-07-26 05:04:47,718] {logging_mixin.py:115} INFO - Create a new table exchange_latest_BTC
[2023-07-26 05:04:47,729] {logging_mixin.py:115} INFO - Insert into table exchange_latest_BTC
[2023-07-26 05:04:48,114] {logging_mixin.py:115} INFO - Save a new file exchange_latest_EUR.csv
[2023-07-26 05:04:48,115] {logging_mixin.py:115} INFO - Create a new table exchange_latest_EUR
[2023-07-26 05:04:48,120] {logging_mixin.py:115} INFO - Insert into table exchange_latest_EUR
[2023-07-26 05:04:48,474] {logging_mixin.py:115} INFO - Save a new file exchange_latest_GBR.csv
[2023-07-26 05:04:48,475] {logging_mixin.py:115} INFO - Create a new table exchange_latest_GBR
[2023-07-26 05:04:48,482] {logging_mixin.py:115} INFO - Insert into table exchange_latest_GBR
[2023-07-26 05:04:48,858] {logging_mixin.py:115} INFO - Save a new file exchange_latest_JPY.csv
[2023-07-26 05:04:48,859] {logging_mixin.py:115} INFO - Create a new table exchange_latest_JPY
[2023-07-26 05:04:48,864] {logging_mixin.py:115} INFO - Insert into table exchange_latest_JPY
[2023-07-26 05:04:49,165] {logging_mixin.py:115} INFO - Save a new file exchange_latest_CNY.csv
[2023-07-26 05:04:49,166] {logging_mixin.py:115} INFO - Create a new table exchange_latest_CNY
[2023-07-26 05:04:49,171] {logging_mixin.py:115} INFO - Insert into table exchange_latest_CNY
[2023-07-26 05:04:49,185] {python.py:173} INFO - Done. Returned value was: None
[2023-07-26 05:04:49,199] {taskinstance.py:1420} INFO - Marking task as SUCCESS. dag_id=fetch_exchange_rates_dag, task_id=fetch_exchange_rates_task, execution_date=20230725T091000, start_date=20230726T050446, end_date=20230726T050449
[2023-07-26 05:04:49,235] {local_task_job.py:156} INFO - Task exited with return code 0
[2023-07-26 05:04:49,290] {local_task_job.py:273} INFO - 1 downstream tasks scheduled from follow-on schedule check
