[2023-07-26 23:53:53,882] {taskinstance.py:1179} INFO - Dependencies all met for <TaskInstance: fetch_exchange_rates_dag.fetch_exchange_rates_task scheduled__2023-07-25T01:00:00+00:00 [queued]>
[2023-07-26 23:53:53,910] {taskinstance.py:1179} INFO - Dependencies all met for <TaskInstance: fetch_exchange_rates_dag.fetch_exchange_rates_task scheduled__2023-07-25T01:00:00+00:00 [queued]>
[2023-07-26 23:53:53,916] {taskinstance.py:1376} INFO - 
--------------------------------------------------------------------------------
[2023-07-26 23:53:53,917] {taskinstance.py:1377} INFO - Starting attempt 1 of 1
[2023-07-26 23:53:53,917] {taskinstance.py:1378} INFO - 
--------------------------------------------------------------------------------
[2023-07-26 23:53:54,031] {taskinstance.py:1397} INFO - Executing <Task(PythonOperator): fetch_exchange_rates_task> on 2023-07-25 01:00:00+00:00
[2023-07-26 23:53:54,059] {standard_task_runner.py:52} INFO - Started process 364 to run task
[2023-07-26 23:53:54,176] {standard_task_runner.py:79} INFO - Running: ['***', 'tasks', 'run', 'fetch_exchange_rates_dag', 'fetch_exchange_rates_task', 'scheduled__2023-07-25T01:00:00+00:00', '--job-id', '25', '--raw', '--subdir', 'DAGS_FOLDER/my_calc_rates.py', '--cfg-path', '/tmp/tmpmlahnk0m', '--error-file', '/tmp/tmp8kjg7fod']
[2023-07-26 23:53:54,199] {standard_task_runner.py:80} INFO - Job 25: Subtask fetch_exchange_rates_task
[2023-07-26 23:53:54,900] {task_command.py:371} INFO - Running <TaskInstance: fetch_exchange_rates_dag.fetch_exchange_rates_task scheduled__2023-07-25T01:00:00+00:00 [running]> on host 43d0198bb36a
[2023-07-26 23:53:55,547] {taskinstance.py:1591} INFO - Exporting the following env vars:
AIRFLOW_CTX_DAG_OWNER=marina_z
AIRFLOW_CTX_DAG_ID=fetch_exchange_rates_dag
AIRFLOW_CTX_TASK_ID=fetch_exchange_rates_task
AIRFLOW_CTX_EXECUTION_DATE=2023-07-25T01:00:00+00:00
AIRFLOW_CTX_TRY_NUMBER=1
AIRFLOW_CTX_DAG_RUN_ID=scheduled__2023-07-25T01:00:00+00:00
[2023-07-26 23:53:56,440] {logging_mixin.py:115} INFO - Save a new file exchange_latest_BTC.csv
[2023-07-26 23:53:56,441] {logging_mixin.py:115} INFO - Create a new table exchange_latest_BTC
[2023-07-26 23:53:56,453] {logging_mixin.py:115} INFO - Insert into table exchange_latest_BTC
[2023-07-26 23:53:56,873] {logging_mixin.py:115} INFO - Save a new file exchange_latest_EUR.csv
[2023-07-26 23:53:56,875] {logging_mixin.py:115} INFO - Create a new table exchange_latest_EUR
[2023-07-26 23:53:56,889] {logging_mixin.py:115} INFO - Insert into table exchange_latest_EUR
[2023-07-26 23:53:57,315] {logging_mixin.py:115} INFO - Save a new file exchange_latest_GBR.csv
[2023-07-26 23:53:57,316] {logging_mixin.py:115} INFO - Create a new table exchange_latest_GBR
[2023-07-26 23:53:57,321] {logging_mixin.py:115} INFO - Insert into table exchange_latest_GBR
[2023-07-26 23:53:57,688] {logging_mixin.py:115} INFO - Save a new file exchange_latest_JPY.csv
[2023-07-26 23:53:57,689] {logging_mixin.py:115} INFO - Create a new table exchange_latest_JPY
[2023-07-26 23:53:57,693] {logging_mixin.py:115} INFO - Insert into table exchange_latest_JPY
[2023-07-26 23:53:58,075] {logging_mixin.py:115} INFO - Save a new file exchange_latest_CNY.csv
[2023-07-26 23:53:58,077] {logging_mixin.py:115} INFO - Create a new table exchange_latest_CNY
[2023-07-26 23:53:58,084] {logging_mixin.py:115} INFO - Insert into table exchange_latest_CNY
[2023-07-26 23:53:58,107] {python.py:173} INFO - Done. Returned value was: None
[2023-07-26 23:53:58,129] {taskinstance.py:1420} INFO - Marking task as SUCCESS. dag_id=fetch_exchange_rates_dag, task_id=fetch_exchange_rates_task, execution_date=20230725T010000, start_date=20230726T235353, end_date=20230726T235358
[2023-07-26 23:53:58,218] {local_task_job.py:156} INFO - Task exited with return code 0
[2023-07-26 23:53:58,387] {local_task_job.py:273} INFO - 1 downstream tasks scheduled from follow-on schedule check
