[2023-07-26 23:53:59,041] {taskinstance.py:1179} INFO - Dependencies all met for <TaskInstance: fetch_exchange_rates_dag.fetch_exchange_rates_task scheduled__2023-07-25T02:10:00+00:00 [queued]>
[2023-07-26 23:53:59,126] {taskinstance.py:1179} INFO - Dependencies all met for <TaskInstance: fetch_exchange_rates_dag.fetch_exchange_rates_task scheduled__2023-07-25T02:10:00+00:00 [queued]>
[2023-07-26 23:53:59,138] {taskinstance.py:1376} INFO - 
--------------------------------------------------------------------------------
[2023-07-26 23:53:59,144] {taskinstance.py:1377} INFO - Starting attempt 1 of 1
[2023-07-26 23:53:59,147] {taskinstance.py:1378} INFO - 
--------------------------------------------------------------------------------
[2023-07-26 23:53:59,190] {taskinstance.py:1397} INFO - Executing <Task(PythonOperator): fetch_exchange_rates_task> on 2023-07-25 02:10:00+00:00
[2023-07-26 23:53:59,210] {standard_task_runner.py:52} INFO - Started process 398 to run task
[2023-07-26 23:53:59,215] {standard_task_runner.py:79} INFO - Running: ['***', 'tasks', 'run', 'fetch_exchange_rates_dag', 'fetch_exchange_rates_task', 'scheduled__2023-07-25T02:10:00+00:00', '--job-id', '41', '--raw', '--subdir', 'DAGS_FOLDER/my_calc_rates.py', '--cfg-path', '/tmp/tmp8zzh2vhk', '--error-file', '/tmp/tmppuh4lzr7']
[2023-07-26 23:53:59,224] {standard_task_runner.py:80} INFO - Job 41: Subtask fetch_exchange_rates_task
[2023-07-26 23:53:59,399] {task_command.py:371} INFO - Running <TaskInstance: fetch_exchange_rates_dag.fetch_exchange_rates_task scheduled__2023-07-25T02:10:00+00:00 [running]> on host 43d0198bb36a
[2023-07-26 23:53:59,611] {taskinstance.py:1591} INFO - Exporting the following env vars:
AIRFLOW_CTX_DAG_OWNER=marina_z
AIRFLOW_CTX_DAG_ID=fetch_exchange_rates_dag
AIRFLOW_CTX_TASK_ID=fetch_exchange_rates_task
AIRFLOW_CTX_EXECUTION_DATE=2023-07-25T02:10:00+00:00
AIRFLOW_CTX_TRY_NUMBER=1
AIRFLOW_CTX_DAG_RUN_ID=scheduled__2023-07-25T02:10:00+00:00
[2023-07-26 23:54:00,043] {logging_mixin.py:115} INFO - Save a new file exchange_latest_BTC.csv
[2023-07-26 23:54:00,044] {logging_mixin.py:115} INFO - Create a new table exchange_latest_BTC
[2023-07-26 23:54:00,052] {logging_mixin.py:115} INFO - Insert into table exchange_latest_BTC
[2023-07-26 23:54:00,371] {logging_mixin.py:115} INFO - Save a new file exchange_latest_EUR.csv
[2023-07-26 23:54:00,371] {logging_mixin.py:115} INFO - Create a new table exchange_latest_EUR
[2023-07-26 23:54:00,379] {logging_mixin.py:115} INFO - Insert into table exchange_latest_EUR
[2023-07-26 23:54:00,777] {logging_mixin.py:115} INFO - Save a new file exchange_latest_GBR.csv
[2023-07-26 23:54:00,779] {logging_mixin.py:115} INFO - Create a new table exchange_latest_GBR
[2023-07-26 23:54:00,784] {logging_mixin.py:115} INFO - Insert into table exchange_latest_GBR
[2023-07-26 23:54:01,116] {logging_mixin.py:115} INFO - Save a new file exchange_latest_JPY.csv
[2023-07-26 23:54:01,118] {logging_mixin.py:115} INFO - Create a new table exchange_latest_JPY
[2023-07-26 23:54:01,122] {logging_mixin.py:115} INFO - Insert into table exchange_latest_JPY
[2023-07-26 23:54:01,470] {logging_mixin.py:115} INFO - Save a new file exchange_latest_CNY.csv
[2023-07-26 23:54:01,470] {logging_mixin.py:115} INFO - Create a new table exchange_latest_CNY
[2023-07-26 23:54:01,476] {logging_mixin.py:115} INFO - Insert into table exchange_latest_CNY
[2023-07-26 23:54:01,493] {python.py:173} INFO - Done. Returned value was: None
[2023-07-26 23:54:01,516] {taskinstance.py:1420} INFO - Marking task as SUCCESS. dag_id=fetch_exchange_rates_dag, task_id=fetch_exchange_rates_task, execution_date=20230725T021000, start_date=20230726T235359, end_date=20230726T235401
[2023-07-26 23:54:01,598] {local_task_job.py:156} INFO - Task exited with return code 0
[2023-07-26 23:54:01,671] {local_task_job.py:273} INFO - 1 downstream tasks scheduled from follow-on schedule check
