[2023-07-26 23:54:12,489] {taskinstance.py:1179} INFO - Dependencies all met for <TaskInstance: fetch_exchange_rates_dag.bash_task scheduled__2023-07-25T04:10:00+00:00 [queued]>
[2023-07-26 23:54:12,538] {taskinstance.py:1179} INFO - Dependencies all met for <TaskInstance: fetch_exchange_rates_dag.bash_task scheduled__2023-07-25T04:10:00+00:00 [queued]>
[2023-07-26 23:54:12,546] {taskinstance.py:1376} INFO - 
--------------------------------------------------------------------------------
[2023-07-26 23:54:12,546] {taskinstance.py:1377} INFO - Starting attempt 1 of 1
[2023-07-26 23:54:12,547] {taskinstance.py:1378} INFO - 
--------------------------------------------------------------------------------
[2023-07-26 23:54:12,629] {taskinstance.py:1397} INFO - Executing <Task(BashOperator): bash_task> on 2023-07-25 04:10:00+00:00
[2023-07-26 23:54:12,662] {standard_task_runner.py:52} INFO - Started process 519 to run task
[2023-07-26 23:54:12,679] {standard_task_runner.py:79} INFO - Running: ['***', 'tasks', 'run', 'fetch_exchange_rates_dag', 'bash_task', 'scheduled__2023-07-25T04:10:00+00:00', '--job-id', '71', '--raw', '--subdir', 'DAGS_FOLDER/my_calc_rates.py', '--cfg-path', '/tmp/tmpccmx7pey', '--error-file', '/tmp/tmp7oy033dw']
[2023-07-26 23:54:12,701] {standard_task_runner.py:80} INFO - Job 71: Subtask bash_task
[2023-07-26 23:54:13,189] {task_command.py:371} INFO - Running <TaskInstance: fetch_exchange_rates_dag.bash_task scheduled__2023-07-25T04:10:00+00:00 [running]> on host 43d0198bb36a
[2023-07-26 23:54:13,440] {taskinstance.py:1591} INFO - Exporting the following env vars:
AIRFLOW_CTX_DAG_OWNER=***
AIRFLOW_CTX_DAG_ID=fetch_exchange_rates_dag
AIRFLOW_CTX_TASK_ID=bash_task
AIRFLOW_CTX_EXECUTION_DATE=2023-07-25T04:10:00+00:00
AIRFLOW_CTX_TRY_NUMBER=1
AIRFLOW_CTX_DAG_RUN_ID=scheduled__2023-07-25T04:10:00+00:00
[2023-07-26 23:54:13,445] {subprocess.py:62} INFO - Tmp dir root location: 
 /tmp
[2023-07-26 23:54:13,461] {subprocess.py:74} INFO - Running command: ['bash', '-c', 'echo "Good morning my diggers!"']
[2023-07-26 23:54:13,505] {subprocess.py:85} INFO - Output:
[2023-07-26 23:54:13,509] {subprocess.py:92} INFO - Good morning my diggers!
[2023-07-26 23:54:13,510] {subprocess.py:96} INFO - Command exited with return code 0
[2023-07-26 23:54:13,616] {taskinstance.py:1420} INFO - Marking task as SUCCESS. dag_id=fetch_exchange_rates_dag, task_id=bash_task, execution_date=20230725T041000, start_date=20230726T235412, end_date=20230726T235413
[2023-07-26 23:54:13,787] {local_task_job.py:156} INFO - Task exited with return code 0
[2023-07-26 23:54:13,915] {local_task_job.py:273} INFO - 1 downstream tasks scheduled from follow-on schedule check
[2023-07-27 05:23:15,620] {taskinstance.py:1179} INFO - Dependencies all met for <TaskInstance: fetch_exchange_rates_dag.bash_task scheduled__2023-07-25T04:10:00+00:00 [queued]>
[2023-07-27 05:23:15,630] {taskinstance.py:1179} INFO - Dependencies all met for <TaskInstance: fetch_exchange_rates_dag.bash_task scheduled__2023-07-25T04:10:00+00:00 [queued]>
[2023-07-27 05:23:15,631] {taskinstance.py:1376} INFO - 
--------------------------------------------------------------------------------
[2023-07-27 05:23:15,632] {taskinstance.py:1377} INFO - Starting attempt 1 of 1
[2023-07-27 05:23:15,633] {taskinstance.py:1378} INFO - 
--------------------------------------------------------------------------------
[2023-07-27 05:23:15,654] {taskinstance.py:1397} INFO - Executing <Task(BashOperator): bash_task> on 2023-07-25 04:10:00+00:00
[2023-07-27 05:23:15,659] {standard_task_runner.py:52} INFO - Started process 203 to run task
[2023-07-27 05:23:15,662] {standard_task_runner.py:79} INFO - Running: ['***', 'tasks', 'run', 'fetch_exchange_rates_dag', 'bash_task', 'scheduled__2023-07-25T04:10:00+00:00', '--job-id', '32', '--raw', '--subdir', 'DAGS_FOLDER/my_calc_rates.py', '--cfg-path', '/tmp/tmpjzibgqzt', '--error-file', '/tmp/tmp7yszr8gq']
[2023-07-27 05:23:15,664] {standard_task_runner.py:80} INFO - Job 32: Subtask bash_task
[2023-07-27 05:23:15,744] {task_command.py:371} INFO - Running <TaskInstance: fetch_exchange_rates_dag.bash_task scheduled__2023-07-25T04:10:00+00:00 [running]> on host 947ec32f6ac5
[2023-07-27 05:23:15,804] {taskinstance.py:1591} INFO - Exporting the following env vars:
AIRFLOW_CTX_DAG_OWNER=***
AIRFLOW_CTX_DAG_ID=fetch_exchange_rates_dag
AIRFLOW_CTX_TASK_ID=bash_task
AIRFLOW_CTX_EXECUTION_DATE=2023-07-25T04:10:00+00:00
AIRFLOW_CTX_TRY_NUMBER=1
AIRFLOW_CTX_DAG_RUN_ID=scheduled__2023-07-25T04:10:00+00:00
[2023-07-27 05:23:15,806] {subprocess.py:62} INFO - Tmp dir root location: 
 /tmp
[2023-07-27 05:23:15,806] {subprocess.py:74} INFO - Running command: ['bash', '-c', 'echo "Good morning my diggers!"']
[2023-07-27 05:23:15,815] {subprocess.py:85} INFO - Output:
[2023-07-27 05:23:15,817] {subprocess.py:92} INFO - Good morning my diggers!
[2023-07-27 05:23:15,818] {subprocess.py:96} INFO - Command exited with return code 0
[2023-07-27 05:23:15,844] {taskinstance.py:1420} INFO - Marking task as SUCCESS. dag_id=fetch_exchange_rates_dag, task_id=bash_task, execution_date=20230725T041000, start_date=20230727T052315, end_date=20230727T052315
[2023-07-27 05:23:15,875] {local_task_job.py:156} INFO - Task exited with return code 0
[2023-07-27 05:23:15,905] {local_task_job.py:273} INFO - 0 downstream tasks scheduled from follow-on schedule check
