[2023-07-25 20:38:23,967] {taskinstance.py:1179} INFO - Dependencies all met for <TaskInstance: fetch_exchange_rates_dag.fetch_exchange_rates_task scheduled__2023-07-25T12:30:00+00:00 [queued]>
[2023-07-25 20:38:23,990] {taskinstance.py:1179} INFO - Dependencies all met for <TaskInstance: fetch_exchange_rates_dag.fetch_exchange_rates_task scheduled__2023-07-25T12:30:00+00:00 [queued]>
[2023-07-25 20:38:23,991] {taskinstance.py:1376} INFO - 
--------------------------------------------------------------------------------
[2023-07-25 20:38:23,992] {taskinstance.py:1377} INFO - Starting attempt 1 of 1
[2023-07-25 20:38:23,994] {taskinstance.py:1378} INFO - 
--------------------------------------------------------------------------------
[2023-07-25 20:38:24,035] {taskinstance.py:1397} INFO - Executing <Task(PythonOperator): fetch_exchange_rates_task> on 2023-07-25 12:30:00+00:00
[2023-07-25 20:38:24,055] {standard_task_runner.py:52} INFO - Started process 9203 to run task
[2023-07-25 20:38:24,063] {standard_task_runner.py:79} INFO - Running: ['***', 'tasks', 'run', 'fetch_exchange_rates_dag', 'fetch_exchange_rates_task', 'scheduled__2023-07-25T12:30:00+00:00', '--job-id', '173', '--raw', '--subdir', 'DAGS_FOLDER/my_calc_rates.py', '--cfg-path', '/tmp/tmp1fe5h1wg', '--error-file', '/tmp/tmpkvney56i']
[2023-07-25 20:38:24,065] {standard_task_runner.py:80} INFO - Job 173: Subtask fetch_exchange_rates_task
[2023-07-25 20:38:24,204] {task_command.py:371} INFO - Running <TaskInstance: fetch_exchange_rates_dag.fetch_exchange_rates_task scheduled__2023-07-25T12:30:00+00:00 [running]> on host 661c8d62a693
[2023-07-25 20:38:24,341] {taskinstance.py:1591} INFO - Exporting the following env vars:
AIRFLOW_CTX_DAG_OWNER=marina_z
AIRFLOW_CTX_DAG_ID=fetch_exchange_rates_dag
AIRFLOW_CTX_TASK_ID=fetch_exchange_rates_task
AIRFLOW_CTX_EXECUTION_DATE=2023-07-25T12:30:00+00:00
AIRFLOW_CTX_TRY_NUMBER=1
AIRFLOW_CTX_DAG_RUN_ID=scheduled__2023-07-25T12:30:00+00:00
[2023-07-25 20:38:25,946] {taskinstance.py:1909} ERROR - Task failed with exception
Traceback (most recent call last):
  File "/home/airflow/.local/lib/python3.7/site-packages/airflow/operators/python.py", line 171, in execute
    return_value = self.execute_callable()
  File "/home/airflow/.local/lib/python3.7/site-packages/airflow/operators/python.py", line 189, in execute_callable
    return self.python_callable(*self.op_args, **self.op_kwargs)
  File "/opt/airflow/dags/my_calc_rates.py", line 69, in fetch_exchange_rates
    load_to_postgres = PostgresOperator(
NameError: name 'PostgresOperator' is not defined
[2023-07-25 20:38:25,980] {taskinstance.py:1420} INFO - Marking task as FAILED. dag_id=fetch_exchange_rates_dag, task_id=fetch_exchange_rates_task, execution_date=20230725T123000, start_date=20230725T203823, end_date=20230725T203825
[2023-07-25 20:38:26,003] {standard_task_runner.py:97} ERROR - Failed to execute job 173 for task fetch_exchange_rates_task (name 'PostgresOperator' is not defined; 9203)
[2023-07-25 20:38:26,052] {local_task_job.py:156} INFO - Task exited with return code 1
[2023-07-25 20:38:26,167] {local_task_job.py:273} INFO - 0 downstream tasks scheduled from follow-on schedule check
[2023-07-26 05:05:19,613] {taskinstance.py:1179} INFO - Dependencies all met for <TaskInstance: fetch_exchange_rates_dag.fetch_exchange_rates_task scheduled__2023-07-25T12:30:00+00:00 [queued]>
[2023-07-26 05:05:19,722] {taskinstance.py:1179} INFO - Dependencies all met for <TaskInstance: fetch_exchange_rates_dag.fetch_exchange_rates_task scheduled__2023-07-25T12:30:00+00:00 [queued]>
[2023-07-26 05:05:19,733] {taskinstance.py:1376} INFO - 
--------------------------------------------------------------------------------
[2023-07-26 05:05:19,742] {taskinstance.py:1377} INFO - Starting attempt 1 of 1
[2023-07-26 05:05:19,743] {taskinstance.py:1378} INFO - 
--------------------------------------------------------------------------------
[2023-07-26 05:05:19,878] {taskinstance.py:1397} INFO - Executing <Task(PythonOperator): fetch_exchange_rates_task> on 2023-07-25 12:30:00+00:00
[2023-07-26 05:05:19,913] {standard_task_runner.py:52} INFO - Started process 1104 to run task
[2023-07-26 05:05:19,928] {standard_task_runner.py:79} INFO - Running: ['***', 'tasks', 'run', 'fetch_exchange_rates_dag', 'fetch_exchange_rates_task', 'scheduled__2023-07-25T12:30:00+00:00', '--job-id', '266', '--raw', '--subdir', 'DAGS_FOLDER/my_calc_rates.py', '--cfg-path', '/tmp/tmpbxpsws9m', '--error-file', '/tmp/tmpvmx0v5w6']
[2023-07-26 05:05:19,935] {standard_task_runner.py:80} INFO - Job 266: Subtask fetch_exchange_rates_task
[2023-07-26 05:05:20,314] {task_command.py:371} INFO - Running <TaskInstance: fetch_exchange_rates_dag.fetch_exchange_rates_task scheduled__2023-07-25T12:30:00+00:00 [running]> on host acb6bca32630
[2023-07-26 05:05:21,013] {taskinstance.py:1591} INFO - Exporting the following env vars:
AIRFLOW_CTX_DAG_OWNER=marina_z
AIRFLOW_CTX_DAG_ID=fetch_exchange_rates_dag
AIRFLOW_CTX_TASK_ID=fetch_exchange_rates_task
AIRFLOW_CTX_EXECUTION_DATE=2023-07-25T12:30:00+00:00
AIRFLOW_CTX_TRY_NUMBER=1
AIRFLOW_CTX_DAG_RUN_ID=scheduled__2023-07-25T12:30:00+00:00
[2023-07-26 05:05:21,479] {logging_mixin.py:115} INFO - Save a new file exchange_latest_BTC.csv
[2023-07-26 05:05:21,479] {logging_mixin.py:115} INFO - Create a new table exchange_latest_BTC
[2023-07-26 05:05:21,485] {logging_mixin.py:115} INFO - Insert into table exchange_latest_BTC
[2023-07-26 05:05:21,877] {logging_mixin.py:115} INFO - Save a new file exchange_latest_EUR.csv
[2023-07-26 05:05:21,878] {logging_mixin.py:115} INFO - Create a new table exchange_latest_EUR
[2023-07-26 05:05:21,886] {logging_mixin.py:115} INFO - Insert into table exchange_latest_EUR
[2023-07-26 05:05:22,324] {logging_mixin.py:115} INFO - Save a new file exchange_latest_GBR.csv
[2023-07-26 05:05:22,329] {logging_mixin.py:115} INFO - Create a new table exchange_latest_GBR
[2023-07-26 05:05:22,336] {logging_mixin.py:115} INFO - Insert into table exchange_latest_GBR
[2023-07-26 05:05:22,839] {logging_mixin.py:115} INFO - Save a new file exchange_latest_JPY.csv
[2023-07-26 05:05:22,847] {logging_mixin.py:115} INFO - Create a new table exchange_latest_JPY
[2023-07-26 05:05:22,860] {logging_mixin.py:115} INFO - Insert into table exchange_latest_JPY
[2023-07-26 05:05:23,266] {logging_mixin.py:115} INFO - Save a new file exchange_latest_CNY.csv
[2023-07-26 05:05:23,267] {logging_mixin.py:115} INFO - Create a new table exchange_latest_CNY
[2023-07-26 05:05:23,280] {logging_mixin.py:115} INFO - Insert into table exchange_latest_CNY
[2023-07-26 05:05:23,303] {python.py:173} INFO - Done. Returned value was: None
[2023-07-26 05:05:23,359] {taskinstance.py:1420} INFO - Marking task as SUCCESS. dag_id=fetch_exchange_rates_dag, task_id=fetch_exchange_rates_task, execution_date=20230725T123000, start_date=20230726T050519, end_date=20230726T050523
[2023-07-26 05:05:23,522] {local_task_job.py:156} INFO - Task exited with return code 0
[2023-07-26 05:05:23,875] {local_task_job.py:273} INFO - 1 downstream tasks scheduled from follow-on schedule check
