[2023-07-26 05:05:03,154] {taskinstance.py:1179} INFO - Dependencies all met for <TaskInstance: fetch_exchange_rates_dag.create_total_exchange_rates_table scheduled__2023-07-25T09:50:00+00:00 [queued]>
[2023-07-26 05:05:03,196] {taskinstance.py:1179} INFO - Dependencies all met for <TaskInstance: fetch_exchange_rates_dag.create_total_exchange_rates_table scheduled__2023-07-25T09:50:00+00:00 [queued]>
[2023-07-26 05:05:03,197] {taskinstance.py:1376} INFO - 
--------------------------------------------------------------------------------
[2023-07-26 05:05:03,198] {taskinstance.py:1377} INFO - Starting attempt 1 of 1
[2023-07-26 05:05:03,199] {taskinstance.py:1378} INFO - 
--------------------------------------------------------------------------------
[2023-07-26 05:05:03,245] {taskinstance.py:1397} INFO - Executing <Task(PythonOperator): create_total_exchange_rates_table> on 2023-07-25 09:50:00+00:00
[2023-07-26 05:05:03,282] {standard_task_runner.py:52} INFO - Started process 974 to run task
[2023-07-26 05:05:03,294] {standard_task_runner.py:79} INFO - Running: ['***', 'tasks', 'run', 'fetch_exchange_rates_dag', 'create_total_exchange_rates_table', 'scheduled__2023-07-25T09:50:00+00:00', '--job-id', '231', '--raw', '--subdir', 'DAGS_FOLDER/my_calc_rates.py', '--cfg-path', '/tmp/tmp86hhlz3d', '--error-file', '/tmp/tmpd3yqv9c4']
[2023-07-26 05:05:03,304] {standard_task_runner.py:80} INFO - Job 231: Subtask create_total_exchange_rates_table
[2023-07-26 05:05:03,479] {task_command.py:371} INFO - Running <TaskInstance: fetch_exchange_rates_dag.create_total_exchange_rates_table scheduled__2023-07-25T09:50:00+00:00 [running]> on host acb6bca32630
[2023-07-26 05:05:03,798] {taskinstance.py:1591} INFO - Exporting the following env vars:
AIRFLOW_CTX_DAG_OWNER=marina_z
AIRFLOW_CTX_DAG_ID=fetch_exchange_rates_dag
AIRFLOW_CTX_TASK_ID=create_total_exchange_rates_table
AIRFLOW_CTX_EXECUTION_DATE=2023-07-25T09:50:00+00:00
AIRFLOW_CTX_TRY_NUMBER=1
AIRFLOW_CTX_DAG_RUN_ID=scheduled__2023-07-25T09:50:00+00:00
[2023-07-26 05:05:03,801] {logging_mixin.py:115} INFO - The table total_exchange_rates is created and saved
[2023-07-26 05:05:03,827] {python.py:173} INFO - Done. Returned value was: None
[2023-07-26 05:05:03,847] {taskinstance.py:1420} INFO - Marking task as SUCCESS. dag_id=fetch_exchange_rates_dag, task_id=create_total_exchange_rates_table, execution_date=20230725T095000, start_date=20230726T050503, end_date=20230726T050503
[2023-07-26 05:05:03,904] {local_task_job.py:156} INFO - Task exited with return code 0
[2023-07-26 05:05:03,968] {local_task_job.py:273} INFO - 1 downstream tasks scheduled from follow-on schedule check
