[2023-07-26 03:56:45,543] {taskinstance.py:1179} INFO - Dependencies all met for <TaskInstance: fetch_exchange_rates_dag.fetch_exchange_rates_task manual__2023-07-26T03:56:43.001897+00:00 [queued]>
[2023-07-26 03:56:45,549] {taskinstance.py:1179} INFO - Dependencies all met for <TaskInstance: fetch_exchange_rates_dag.fetch_exchange_rates_task manual__2023-07-26T03:56:43.001897+00:00 [queued]>
[2023-07-26 03:56:45,550] {taskinstance.py:1376} INFO - 
--------------------------------------------------------------------------------
[2023-07-26 03:56:45,551] {taskinstance.py:1377} INFO - Starting attempt 1 of 1
[2023-07-26 03:56:45,551] {taskinstance.py:1378} INFO - 
--------------------------------------------------------------------------------
[2023-07-26 03:56:45,563] {taskinstance.py:1397} INFO - Executing <Task(PythonOperator): fetch_exchange_rates_task> on 2023-07-26 03:56:43.001897+00:00
[2023-07-26 03:56:45,568] {standard_task_runner.py:52} INFO - Started process 5878 to run task
[2023-07-26 03:56:45,570] {standard_task_runner.py:79} INFO - Running: ['***', 'tasks', 'run', 'fetch_exchange_rates_dag', 'fetch_exchange_rates_task', 'manual__2023-07-26T03:56:43.001897+00:00', '--job-id', '25', '--raw', '--subdir', 'DAGS_FOLDER/my_calc_rates.py', '--cfg-path', '/tmp/tmptmoh_wf0', '--error-file', '/tmp/tmp0p8f2zmk']
[2023-07-26 03:56:45,572] {standard_task_runner.py:80} INFO - Job 25: Subtask fetch_exchange_rates_task
[2023-07-26 03:56:45,635] {task_command.py:371} INFO - Running <TaskInstance: fetch_exchange_rates_dag.fetch_exchange_rates_task manual__2023-07-26T03:56:43.001897+00:00 [running]> on host 6e11a261c833
[2023-07-26 03:56:45,692] {taskinstance.py:1591} INFO - Exporting the following env vars:
AIRFLOW_CTX_DAG_OWNER=marina_z
AIRFLOW_CTX_DAG_ID=fetch_exchange_rates_dag
AIRFLOW_CTX_TASK_ID=fetch_exchange_rates_task
AIRFLOW_CTX_EXECUTION_DATE=2023-07-26T03:56:43.001897+00:00
AIRFLOW_CTX_TRY_NUMBER=1
AIRFLOW_CTX_DAG_RUN_ID=manual__2023-07-26T03:56:43.001897+00:00
[2023-07-26 03:56:46,044] {logging_mixin.py:115} INFO - Save a new table exchange_latest_BTC.csv
[2023-07-26 03:56:46,045] {logging_mixin.py:115} INFO - Create a new table exchange_latest_BTC.csv
[2023-07-26 03:56:46,051] {logging_mixin.py:115} INFO - Insert into table exchange_latest_BTC.csv
[2023-07-26 03:56:46,386] {logging_mixin.py:115} INFO - Save a new table exchange_latest_EUR.csv
[2023-07-26 03:56:46,386] {logging_mixin.py:115} INFO - Create a new table exchange_latest_EUR.csv
[2023-07-26 03:56:46,394] {logging_mixin.py:115} INFO - Insert into table exchange_latest_EUR.csv
[2023-07-26 03:56:46,773] {logging_mixin.py:115} INFO - Save a new table exchange_latest_GBR.csv
[2023-07-26 03:56:46,774] {logging_mixin.py:115} INFO - Create a new table exchange_latest_GBR.csv
[2023-07-26 03:56:46,781] {logging_mixin.py:115} INFO - Insert into table exchange_latest_GBR.csv
[2023-07-26 03:56:47,096] {logging_mixin.py:115} INFO - Save a new table exchange_latest_JPY.csv
[2023-07-26 03:56:47,097] {logging_mixin.py:115} INFO - Create a new table exchange_latest_JPY.csv
[2023-07-26 03:56:47,101] {logging_mixin.py:115} INFO - Insert into table exchange_latest_JPY.csv
[2023-07-26 03:56:47,468] {logging_mixin.py:115} INFO - Save a new table exchange_latest_CNY.csv
[2023-07-26 03:56:47,469] {logging_mixin.py:115} INFO - Create a new table exchange_latest_CNY.csv
[2023-07-26 03:56:47,479] {logging_mixin.py:115} INFO - Insert into table exchange_latest_CNY.csv
[2023-07-26 03:56:47,495] {python.py:173} INFO - Done. Returned value was: None
[2023-07-26 03:56:47,507] {taskinstance.py:1420} INFO - Marking task as SUCCESS. dag_id=fetch_exchange_rates_dag, task_id=fetch_exchange_rates_task, execution_date=20230726T035643, start_date=20230726T035645, end_date=20230726T035647
[2023-07-26 03:56:47,554] {local_task_job.py:156} INFO - Task exited with return code 0
[2023-07-26 03:56:47,585] {local_task_job.py:273} INFO - 1 downstream tasks scheduled from follow-on schedule check
