[2023-07-26 05:06:55,270] {taskinstance.py:1179} INFO - Dependencies all met for <TaskInstance: fetch_exchange_rates_dag.fetch_exchange_rates_task scheduled__2023-07-25T21:10:00+00:00 [queued]>
[2023-07-26 05:06:55,390] {taskinstance.py:1179} INFO - Dependencies all met for <TaskInstance: fetch_exchange_rates_dag.fetch_exchange_rates_task scheduled__2023-07-25T21:10:00+00:00 [queued]>
[2023-07-26 05:06:55,392] {taskinstance.py:1376} INFO - 
--------------------------------------------------------------------------------
[2023-07-26 05:06:55,393] {taskinstance.py:1377} INFO - Starting attempt 1 of 1
[2023-07-26 05:06:55,393] {taskinstance.py:1378} INFO - 
--------------------------------------------------------------------------------
[2023-07-26 05:06:55,503] {taskinstance.py:1397} INFO - Executing <Task(PythonOperator): fetch_exchange_rates_task> on 2023-07-25 21:10:00+00:00
[2023-07-26 05:06:55,534] {standard_task_runner.py:52} INFO - Started process 1788 to run task
[2023-07-26 05:06:55,560] {standard_task_runner.py:79} INFO - Running: ['***', 'tasks', 'run', 'fetch_exchange_rates_dag', 'fetch_exchange_rates_task', 'scheduled__2023-07-25T21:10:00+00:00', '--job-id', '455', '--raw', '--subdir', 'DAGS_FOLDER/my_calc_rates.py', '--cfg-path', '/tmp/tmpir9fk1oq', '--error-file', '/tmp/tmpskk2bdvq']
[2023-07-26 05:06:55,571] {standard_task_runner.py:80} INFO - Job 455: Subtask fetch_exchange_rates_task
[2023-07-26 05:06:55,829] {task_command.py:371} INFO - Running <TaskInstance: fetch_exchange_rates_dag.fetch_exchange_rates_task scheduled__2023-07-25T21:10:00+00:00 [running]> on host acb6bca32630
[2023-07-26 05:06:56,628] {taskinstance.py:1591} INFO - Exporting the following env vars:
AIRFLOW_CTX_DAG_OWNER=marina_z
AIRFLOW_CTX_DAG_ID=fetch_exchange_rates_dag
AIRFLOW_CTX_TASK_ID=fetch_exchange_rates_task
AIRFLOW_CTX_EXECUTION_DATE=2023-07-25T21:10:00+00:00
AIRFLOW_CTX_TRY_NUMBER=1
AIRFLOW_CTX_DAG_RUN_ID=scheduled__2023-07-25T21:10:00+00:00
[2023-07-26 05:06:57,216] {logging_mixin.py:115} INFO - Save a new file exchange_latest_BTC.csv
[2023-07-26 05:06:57,221] {logging_mixin.py:115} INFO - Create a new table exchange_latest_BTC
[2023-07-26 05:06:57,228] {logging_mixin.py:115} INFO - Insert into table exchange_latest_BTC
[2023-07-26 05:06:57,622] {logging_mixin.py:115} INFO - Save a new file exchange_latest_EUR.csv
[2023-07-26 05:06:57,623] {logging_mixin.py:115} INFO - Create a new table exchange_latest_EUR
[2023-07-26 05:06:57,636] {logging_mixin.py:115} INFO - Insert into table exchange_latest_EUR
[2023-07-26 05:06:58,012] {logging_mixin.py:115} INFO - Save a new file exchange_latest_GBR.csv
[2023-07-26 05:06:58,013] {logging_mixin.py:115} INFO - Create a new table exchange_latest_GBR
[2023-07-26 05:06:58,020] {logging_mixin.py:115} INFO - Insert into table exchange_latest_GBR
[2023-07-26 05:06:58,396] {logging_mixin.py:115} INFO - Save a new file exchange_latest_JPY.csv
[2023-07-26 05:06:58,398] {logging_mixin.py:115} INFO - Create a new table exchange_latest_JPY
[2023-07-26 05:06:58,409] {logging_mixin.py:115} INFO - Insert into table exchange_latest_JPY
[2023-07-26 05:06:58,763] {logging_mixin.py:115} INFO - Save a new file exchange_latest_CNY.csv
[2023-07-26 05:06:58,765] {logging_mixin.py:115} INFO - Create a new table exchange_latest_CNY
[2023-07-26 05:06:58,779] {logging_mixin.py:115} INFO - Insert into table exchange_latest_CNY
[2023-07-26 05:06:58,808] {python.py:173} INFO - Done. Returned value was: None
[2023-07-26 05:06:59,054] {taskinstance.py:1420} INFO - Marking task as SUCCESS. dag_id=fetch_exchange_rates_dag, task_id=fetch_exchange_rates_task, execution_date=20230725T211000, start_date=20230726T050655, end_date=20230726T050659
[2023-07-26 05:06:59,180] {local_task_job.py:156} INFO - Task exited with return code 0
[2023-07-26 05:06:59,398] {local_task_job.py:273} INFO - 1 downstream tasks scheduled from follow-on schedule check
