[2023-07-26 05:06:39,847] {taskinstance.py:1179} INFO - Dependencies all met for <TaskInstance: fetch_exchange_rates_dag.print_csv_table scheduled__2023-07-25T19:00:00+00:00 [queued]>
[2023-07-26 05:06:39,864] {taskinstance.py:1179} INFO - Dependencies all met for <TaskInstance: fetch_exchange_rates_dag.print_csv_table scheduled__2023-07-25T19:00:00+00:00 [queued]>
[2023-07-26 05:06:39,866] {taskinstance.py:1376} INFO - 
--------------------------------------------------------------------------------
[2023-07-26 05:06:39,867] {taskinstance.py:1377} INFO - Starting attempt 1 of 1
[2023-07-26 05:06:39,868] {taskinstance.py:1378} INFO - 
--------------------------------------------------------------------------------
[2023-07-26 05:06:39,934] {taskinstance.py:1397} INFO - Executing <Task(PythonOperator): print_csv_table> on 2023-07-25 19:00:00+00:00
[2023-07-26 05:06:39,952] {standard_task_runner.py:52} INFO - Started process 1663 to run task
[2023-07-26 05:06:39,977] {standard_task_runner.py:79} INFO - Running: ['***', 'tasks', 'run', 'fetch_exchange_rates_dag', 'print_csv_table', 'scheduled__2023-07-25T19:00:00+00:00', '--job-id', '425', '--raw', '--subdir', 'DAGS_FOLDER/my_calc_rates.py', '--cfg-path', '/tmp/tmpl8uh20fe', '--error-file', '/tmp/tmpdoqr4dsp']
[2023-07-26 05:06:39,991] {standard_task_runner.py:80} INFO - Job 425: Subtask print_csv_table
[2023-07-26 05:06:40,176] {task_command.py:371} INFO - Running <TaskInstance: fetch_exchange_rates_dag.print_csv_table scheduled__2023-07-25T19:00:00+00:00 [running]> on host acb6bca32630
[2023-07-26 05:06:40,421] {taskinstance.py:1591} INFO - Exporting the following env vars:
AIRFLOW_CTX_DAG_OWNER=marina_z
AIRFLOW_CTX_DAG_ID=fetch_exchange_rates_dag
AIRFLOW_CTX_TASK_ID=print_csv_table
AIRFLOW_CTX_EXECUTION_DATE=2023-07-25T19:00:00+00:00
AIRFLOW_CTX_TRY_NUMBER=1
AIRFLOW_CTX_DAG_RUN_ID=scheduled__2023-07-25T19:00:00+00:00
[2023-07-26 05:06:40,454] {logging_mixin.py:115} INFO -   exchange_id  exchange_rate base_exchange        date
0         RUB     2622163.50           BTC  2023-07-26
1         RUB          99.60           EUR  2023-07-26
2         RUB          99.64           EUR  2023-07-26
3         RUB           0.64           JPY  2023-07-26
4         RUB          12.64           CNY  2023-07-26
[2023-07-26 05:06:40,455] {python.py:173} INFO - Done. Returned value was: None
[2023-07-26 05:06:40,503] {taskinstance.py:1420} INFO - Marking task as SUCCESS. dag_id=fetch_exchange_rates_dag, task_id=print_csv_table, execution_date=20230725T190000, start_date=20230726T050639, end_date=20230726T050640
[2023-07-26 05:06:40,596] {local_task_job.py:156} INFO - Task exited with return code 0
[2023-07-26 05:06:40,675] {local_task_job.py:273} INFO - 0 downstream tasks scheduled from follow-on schedule check
