[2023-07-26 04:18:40,011] {taskinstance.py:1179} INFO - Dependencies all met for <TaskInstance: fetch_exchange_rates_dag.fetch_exchange_rates_task scheduled__2023-07-26T03:40:00+00:00 [queued]>
[2023-07-26 04:18:40,041] {taskinstance.py:1179} INFO - Dependencies all met for <TaskInstance: fetch_exchange_rates_dag.fetch_exchange_rates_task scheduled__2023-07-26T03:40:00+00:00 [queued]>
[2023-07-26 04:18:40,042] {taskinstance.py:1376} INFO - 
--------------------------------------------------------------------------------
[2023-07-26 04:18:40,044] {taskinstance.py:1377} INFO - Starting attempt 1 of 1
[2023-07-26 04:18:40,045] {taskinstance.py:1378} INFO - 
--------------------------------------------------------------------------------
[2023-07-26 04:18:40,112] {taskinstance.py:1397} INFO - Executing <Task(PythonOperator): fetch_exchange_rates_task> on 2023-07-26 03:40:00+00:00
[2023-07-26 04:18:40,126] {standard_task_runner.py:52} INFO - Started process 7221 to run task
[2023-07-26 04:18:40,143] {standard_task_runner.py:79} INFO - Running: ['***', 'tasks', 'run', 'fetch_exchange_rates_dag', 'fetch_exchange_rates_task', 'scheduled__2023-07-26T03:40:00+00:00', '--job-id', '109', '--raw', '--subdir', 'DAGS_FOLDER/my_calc_rates.py', '--cfg-path', '/tmp/tmp880bijki', '--error-file', '/tmp/tmp3pk42qzn']
[2023-07-26 04:18:40,156] {standard_task_runner.py:80} INFO - Job 109: Subtask fetch_exchange_rates_task
[2023-07-26 04:18:40,295] {task_command.py:371} INFO - Running <TaskInstance: fetch_exchange_rates_dag.fetch_exchange_rates_task scheduled__2023-07-26T03:40:00+00:00 [running]> on host 6e11a261c833
[2023-07-26 04:18:40,467] {taskinstance.py:1591} INFO - Exporting the following env vars:
AIRFLOW_CTX_DAG_OWNER=marina_z
AIRFLOW_CTX_DAG_ID=fetch_exchange_rates_dag
AIRFLOW_CTX_TASK_ID=fetch_exchange_rates_task
AIRFLOW_CTX_EXECUTION_DATE=2023-07-26T03:40:00+00:00
AIRFLOW_CTX_TRY_NUMBER=1
AIRFLOW_CTX_DAG_RUN_ID=scheduled__2023-07-26T03:40:00+00:00
[2023-07-26 04:18:40,981] {logging_mixin.py:115} INFO - Save a new table exchange_latest_BTC.csv
[2023-07-26 04:18:40,982] {logging_mixin.py:115} INFO - Create a new table exchange_latest_BTC.csv
[2023-07-26 04:18:40,993] {logging_mixin.py:115} INFO - Insert into table exchange_latest_BTC.csv
[2023-07-26 04:18:41,385] {logging_mixin.py:115} INFO - Save a new table exchange_latest_EUR.csv
[2023-07-26 04:18:41,387] {logging_mixin.py:115} INFO - Create a new table exchange_latest_EUR.csv
[2023-07-26 04:18:41,408] {logging_mixin.py:115} INFO - Insert into table exchange_latest_EUR.csv
[2023-07-26 04:18:41,818] {logging_mixin.py:115} INFO - Save a new table exchange_latest_GBR.csv
[2023-07-26 04:18:41,822] {logging_mixin.py:115} INFO - Create a new table exchange_latest_GBR.csv
[2023-07-26 04:18:41,830] {logging_mixin.py:115} INFO - Insert into table exchange_latest_GBR.csv
[2023-07-26 04:18:41,848] {taskinstance.py:1909} ERROR - Task failed with exception
Traceback (most recent call last):
  File "/home/airflow/.local/lib/python3.7/site-packages/airflow/operators/python.py", line 171, in execute
    return_value = self.execute_callable()
  File "/home/airflow/.local/lib/python3.7/site-packages/airflow/operators/python.py", line 189, in execute_callable
    return self.python_callable(*self.op_args, **self.op_kwargs)
  File "/opt/airflow/dags/my_calc_rates.py", line 99, in fetch_exchange_rates
    cur.execute(copy_query)
psycopg2.errors.InvalidTextRepresentation: invalid input syntax for type numeric: "2023-07-26"
CONTEXT:  COPY exchange_rates_gbr, line 3, column exchange_rate: "2023-07-26"

[2023-07-26 04:18:41,874] {taskinstance.py:1420} INFO - Marking task as FAILED. dag_id=fetch_exchange_rates_dag, task_id=fetch_exchange_rates_task, execution_date=20230726T034000, start_date=20230726T041840, end_date=20230726T041841
[2023-07-26 04:18:41,893] {standard_task_runner.py:97} ERROR - Failed to execute job 109 for task fetch_exchange_rates_task (invalid input syntax for type numeric: "2023-07-26"
CONTEXT:  COPY exchange_rates_gbr, line 3, column exchange_rate: "2023-07-26"
; 7221)
[2023-07-26 04:18:41,940] {local_task_job.py:156} INFO - Task exited with return code 1
[2023-07-26 04:18:42,041] {local_task_job.py:273} INFO - 0 downstream tasks scheduled from follow-on schedule check
[2023-07-26 05:08:16,539] {taskinstance.py:1179} INFO - Dependencies all met for <TaskInstance: fetch_exchange_rates_dag.fetch_exchange_rates_task scheduled__2023-07-26T03:40:00+00:00 [queued]>
[2023-07-26 05:08:16,550] {taskinstance.py:1179} INFO - Dependencies all met for <TaskInstance: fetch_exchange_rates_dag.fetch_exchange_rates_task scheduled__2023-07-26T03:40:00+00:00 [queued]>
[2023-07-26 05:08:16,551] {taskinstance.py:1376} INFO - 
--------------------------------------------------------------------------------
[2023-07-26 05:08:16,552] {taskinstance.py:1377} INFO - Starting attempt 1 of 1
[2023-07-26 05:08:16,553] {taskinstance.py:1378} INFO - 
--------------------------------------------------------------------------------
[2023-07-26 05:08:16,569] {taskinstance.py:1397} INFO - Executing <Task(PythonOperator): fetch_exchange_rates_task> on 2023-07-26 03:40:00+00:00
[2023-07-26 05:08:16,577] {standard_task_runner.py:52} INFO - Started process 2312 to run task
[2023-07-26 05:08:16,581] {standard_task_runner.py:79} INFO - Running: ['***', 'tasks', 'run', 'fetch_exchange_rates_dag', 'fetch_exchange_rates_task', 'scheduled__2023-07-26T03:40:00+00:00', '--job-id', '611', '--raw', '--subdir', 'DAGS_FOLDER/my_calc_rates.py', '--cfg-path', '/tmp/tmpepj4nekx', '--error-file', '/tmp/tmptopc9xci']
[2023-07-26 05:08:16,583] {standard_task_runner.py:80} INFO - Job 611: Subtask fetch_exchange_rates_task
[2023-07-26 05:08:16,717] {task_command.py:371} INFO - Running <TaskInstance: fetch_exchange_rates_dag.fetch_exchange_rates_task scheduled__2023-07-26T03:40:00+00:00 [running]> on host acb6bca32630
[2023-07-26 05:08:16,815] {taskinstance.py:1591} INFO - Exporting the following env vars:
AIRFLOW_CTX_DAG_OWNER=marina_z
AIRFLOW_CTX_DAG_ID=fetch_exchange_rates_dag
AIRFLOW_CTX_TASK_ID=fetch_exchange_rates_task
AIRFLOW_CTX_EXECUTION_DATE=2023-07-26T03:40:00+00:00
AIRFLOW_CTX_TRY_NUMBER=1
AIRFLOW_CTX_DAG_RUN_ID=scheduled__2023-07-26T03:40:00+00:00
[2023-07-26 05:08:17,132] {logging_mixin.py:115} INFO - Save a new file exchange_latest_BTC.csv
[2023-07-26 05:08:17,133] {logging_mixin.py:115} INFO - Create a new table exchange_latest_BTC
[2023-07-26 05:08:17,139] {logging_mixin.py:115} INFO - Insert into table exchange_latest_BTC
[2023-07-26 05:08:17,541] {logging_mixin.py:115} INFO - Save a new file exchange_latest_EUR.csv
[2023-07-26 05:08:17,544] {logging_mixin.py:115} INFO - Create a new table exchange_latest_EUR
[2023-07-26 05:08:17,552] {logging_mixin.py:115} INFO - Insert into table exchange_latest_EUR
[2023-07-26 05:08:17,958] {logging_mixin.py:115} INFO - Save a new file exchange_latest_GBR.csv
[2023-07-26 05:08:17,961] {logging_mixin.py:115} INFO - Create a new table exchange_latest_GBR
[2023-07-26 05:08:17,976] {logging_mixin.py:115} INFO - Insert into table exchange_latest_GBR
[2023-07-26 05:08:18,311] {logging_mixin.py:115} INFO - Save a new file exchange_latest_JPY.csv
[2023-07-26 05:08:18,312] {logging_mixin.py:115} INFO - Create a new table exchange_latest_JPY
[2023-07-26 05:08:18,318] {logging_mixin.py:115} INFO - Insert into table exchange_latest_JPY
[2023-07-26 05:08:18,726] {logging_mixin.py:115} INFO - Save a new file exchange_latest_CNY.csv
[2023-07-26 05:08:18,747] {logging_mixin.py:115} INFO - Create a new table exchange_latest_CNY
[2023-07-26 05:08:18,756] {logging_mixin.py:115} INFO - Insert into table exchange_latest_CNY
[2023-07-26 05:08:18,775] {python.py:173} INFO - Done. Returned value was: None
[2023-07-26 05:08:18,804] {taskinstance.py:1420} INFO - Marking task as SUCCESS. dag_id=fetch_exchange_rates_dag, task_id=fetch_exchange_rates_task, execution_date=20230726T034000, start_date=20230726T050816, end_date=20230726T050818
[2023-07-26 05:08:18,918] {local_task_job.py:156} INFO - Task exited with return code 0
[2023-07-26 05:08:19,080] {local_task_job.py:273} INFO - 1 downstream tasks scheduled from follow-on schedule check
