[2023-07-25 23:15:11,484] {taskinstance.py:1179} INFO - Dependencies all met for <TaskInstance: fetch_exchange_rates_dag.fetch_exchange_rates_task manual__2023-07-25T23:15:10.599796+00:00 [queued]>
[2023-07-25 23:15:11,492] {taskinstance.py:1179} INFO - Dependencies all met for <TaskInstance: fetch_exchange_rates_dag.fetch_exchange_rates_task manual__2023-07-25T23:15:10.599796+00:00 [queued]>
[2023-07-25 23:15:11,493] {taskinstance.py:1376} INFO - 
--------------------------------------------------------------------------------
[2023-07-25 23:15:11,493] {taskinstance.py:1377} INFO - Starting attempt 1 of 1
[2023-07-25 23:15:11,494] {taskinstance.py:1378} INFO - 
--------------------------------------------------------------------------------
[2023-07-25 23:15:11,504] {taskinstance.py:1397} INFO - Executing <Task(PythonOperator): fetch_exchange_rates_task> on 2023-07-25 23:15:10.599796+00:00
[2023-07-25 23:15:11,508] {standard_task_runner.py:52} INFO - Started process 1002 to run task
[2023-07-25 23:15:11,511] {standard_task_runner.py:79} INFO - Running: ['***', 'tasks', 'run', 'fetch_exchange_rates_dag', 'fetch_exchange_rates_task', 'manual__2023-07-25T23:15:10.599796+00:00', '--job-id', '340', '--raw', '--subdir', 'DAGS_FOLDER/my_calc_rates.py', '--cfg-path', '/tmp/tmp09m1tqig', '--error-file', '/tmp/tmpkpun13y8']
[2023-07-25 23:15:11,513] {standard_task_runner.py:80} INFO - Job 340: Subtask fetch_exchange_rates_task
[2023-07-25 23:15:11,581] {task_command.py:371} INFO - Running <TaskInstance: fetch_exchange_rates_dag.fetch_exchange_rates_task manual__2023-07-25T23:15:10.599796+00:00 [running]> on host 661c8d62a693
[2023-07-25 23:15:11,652] {taskinstance.py:1591} INFO - Exporting the following env vars:
AIRFLOW_CTX_DAG_OWNER=marina_z
AIRFLOW_CTX_DAG_ID=fetch_exchange_rates_dag
AIRFLOW_CTX_TASK_ID=fetch_exchange_rates_task
AIRFLOW_CTX_EXECUTION_DATE=2023-07-25T23:15:10.599796+00:00
AIRFLOW_CTX_TRY_NUMBER=1
AIRFLOW_CTX_DAG_RUN_ID=manual__2023-07-25T23:15:10.599796+00:00
[2023-07-25 23:15:13,435] {python.py:173} INFO - Done. Returned value was: None
[2023-07-25 23:15:13,448] {taskinstance.py:1420} INFO - Marking task as SUCCESS. dag_id=fetch_exchange_rates_dag, task_id=fetch_exchange_rates_task, execution_date=20230725T231510, start_date=20230725T231511, end_date=20230725T231513
[2023-07-25 23:15:13,501] {local_task_job.py:156} INFO - Task exited with return code 0
[2023-07-25 23:15:13,524] {local_task_job.py:273} INFO - 0 downstream tasks scheduled from follow-on schedule check
