[2023-07-26 04:18:18,994] {taskinstance.py:1179} INFO - Dependencies all met for <TaskInstance: fetch_exchange_rates_dag.create_total_exchange_rates_table scheduled__2023-07-26T00:40:00+00:00 [queued]>
[2023-07-26 04:18:19,039] {taskinstance.py:1179} INFO - Dependencies all met for <TaskInstance: fetch_exchange_rates_dag.create_total_exchange_rates_table scheduled__2023-07-26T00:40:00+00:00 [queued]>
[2023-07-26 04:18:19,040] {taskinstance.py:1376} INFO - 
--------------------------------------------------------------------------------
[2023-07-26 04:18:19,040] {taskinstance.py:1377} INFO - Starting attempt 1 of 1
[2023-07-26 04:18:19,042] {taskinstance.py:1378} INFO - 
--------------------------------------------------------------------------------
[2023-07-26 04:18:19,123] {taskinstance.py:1397} INFO - Executing <Task(PythonOperator): create_total_exchange_rates_table> on 2023-07-26 00:40:00+00:00
[2023-07-26 04:18:19,148] {standard_task_runner.py:52} INFO - Started process 7072 to run task
[2023-07-26 04:18:19,177] {standard_task_runner.py:79} INFO - Running: ['***', 'tasks', 'run', 'fetch_exchange_rates_dag', 'create_total_exchange_rates_table', 'scheduled__2023-07-26T00:40:00+00:00', '--job-id', '61', '--raw', '--subdir', 'DAGS_FOLDER/my_calc_rates.py', '--cfg-path', '/tmp/tmpak_rqzb4', '--error-file', '/tmp/tmpyfcvgxr_']
[2023-07-26 04:18:19,181] {standard_task_runner.py:80} INFO - Job 61: Subtask create_total_exchange_rates_table
[2023-07-26 04:18:19,461] {task_command.py:371} INFO - Running <TaskInstance: fetch_exchange_rates_dag.create_total_exchange_rates_table scheduled__2023-07-26T00:40:00+00:00 [running]> on host 6e11a261c833
[2023-07-26 04:18:19,754] {taskinstance.py:1591} INFO - Exporting the following env vars:
AIRFLOW_CTX_DAG_OWNER=marina_z
AIRFLOW_CTX_DAG_ID=fetch_exchange_rates_dag
AIRFLOW_CTX_TASK_ID=create_total_exchange_rates_table
AIRFLOW_CTX_EXECUTION_DATE=2023-07-26T00:40:00+00:00
AIRFLOW_CTX_TRY_NUMBER=1
AIRFLOW_CTX_DAG_RUN_ID=scheduled__2023-07-26T00:40:00+00:00
[2023-07-26 04:18:19,758] {logging_mixin.py:115} INFO - The table total_exchange_rates is created and saved
[2023-07-26 04:18:19,792] {python.py:173} INFO - Done. Returned value was: None
[2023-07-26 04:18:19,857] {taskinstance.py:1420} INFO - Marking task as SUCCESS. dag_id=fetch_exchange_rates_dag, task_id=create_total_exchange_rates_table, execution_date=20230726T004000, start_date=20230726T041819, end_date=20230726T041819
[2023-07-26 04:18:19,906] {local_task_job.py:156} INFO - Task exited with return code 0
[2023-07-26 04:18:20,327] {local_task_job.py:273} INFO - 0 downstream tasks scheduled from follow-on schedule check
[2023-07-26 05:07:53,901] {taskinstance.py:1179} INFO - Dependencies all met for <TaskInstance: fetch_exchange_rates_dag.create_total_exchange_rates_table scheduled__2023-07-26T00:40:00+00:00 [queued]>
[2023-07-26 05:07:54,248] {taskinstance.py:1179} INFO - Dependencies all met for <TaskInstance: fetch_exchange_rates_dag.create_total_exchange_rates_table scheduled__2023-07-26T00:40:00+00:00 [queued]>
[2023-07-26 05:07:54,265] {taskinstance.py:1376} INFO - 
--------------------------------------------------------------------------------
[2023-07-26 05:07:54,280] {taskinstance.py:1377} INFO - Starting attempt 1 of 1
[2023-07-26 05:07:54,282] {taskinstance.py:1378} INFO - 
--------------------------------------------------------------------------------
[2023-07-26 05:07:54,573] {taskinstance.py:1397} INFO - Executing <Task(PythonOperator): create_total_exchange_rates_table> on 2023-07-26 00:40:00+00:00
[2023-07-26 05:07:54,609] {standard_task_runner.py:52} INFO - Started process 2169 to run task
[2023-07-26 05:07:54,634] {standard_task_runner.py:79} INFO - Running: ['***', 'tasks', 'run', 'fetch_exchange_rates_dag', 'create_total_exchange_rates_table', 'scheduled__2023-07-26T00:40:00+00:00', '--job-id', '565', '--raw', '--subdir', 'DAGS_FOLDER/my_calc_rates.py', '--cfg-path', '/tmp/tmp785l86g3', '--error-file', '/tmp/tmp2zshdq33']
[2023-07-26 05:07:54,642] {standard_task_runner.py:80} INFO - Job 565: Subtask create_total_exchange_rates_table
[2023-07-26 05:07:55,285] {task_command.py:371} INFO - Running <TaskInstance: fetch_exchange_rates_dag.create_total_exchange_rates_table scheduled__2023-07-26T00:40:00+00:00 [running]> on host acb6bca32630
[2023-07-26 05:07:55,851] {taskinstance.py:1591} INFO - Exporting the following env vars:
AIRFLOW_CTX_DAG_OWNER=marina_z
AIRFLOW_CTX_DAG_ID=fetch_exchange_rates_dag
AIRFLOW_CTX_TASK_ID=create_total_exchange_rates_table
AIRFLOW_CTX_EXECUTION_DATE=2023-07-26T00:40:00+00:00
AIRFLOW_CTX_TRY_NUMBER=1
AIRFLOW_CTX_DAG_RUN_ID=scheduled__2023-07-26T00:40:00+00:00
[2023-07-26 05:07:55,858] {logging_mixin.py:115} INFO - The table total_exchange_rates is created and saved
[2023-07-26 05:07:55,943] {python.py:173} INFO - Done. Returned value was: None
[2023-07-26 05:07:55,981] {taskinstance.py:1420} INFO - Marking task as SUCCESS. dag_id=fetch_exchange_rates_dag, task_id=create_total_exchange_rates_table, execution_date=20230726T004000, start_date=20230726T050753, end_date=20230726T050755
[2023-07-26 05:07:56,298] {local_task_job.py:156} INFO - Task exited with return code 0
[2023-07-26 05:07:56,465] {local_task_job.py:273} INFO - 1 downstream tasks scheduled from follow-on schedule check
