[2023-07-25 18:59:33,830] {taskinstance.py:1179} INFO - Dependencies all met for <TaskInstance: calc-rates.import_rates manual__2023-07-25T18:59:31.270662+00:00 [queued]>
[2023-07-25 18:59:33,840] {taskinstance.py:1179} INFO - Dependencies all met for <TaskInstance: calc-rates.import_rates manual__2023-07-25T18:59:31.270662+00:00 [queued]>
[2023-07-25 18:59:33,840] {taskinstance.py:1376} INFO - 
--------------------------------------------------------------------------------
[2023-07-25 18:59:33,841] {taskinstance.py:1377} INFO - Starting attempt 1 of 1
[2023-07-25 18:59:33,842] {taskinstance.py:1378} INFO - 
--------------------------------------------------------------------------------
[2023-07-25 18:59:33,855] {taskinstance.py:1397} INFO - Executing <Task(PythonOperator): import_rates> on 2023-07-25 18:59:31.270662+00:00
[2023-07-25 18:59:33,861] {standard_task_runner.py:52} INFO - Started process 3927 to run task
[2023-07-25 18:59:33,864] {standard_task_runner.py:79} INFO - Running: ['***', 'tasks', 'run', 'calc-rates', 'import_rates', 'manual__2023-07-25T18:59:31.270662+00:00', '--job-id', '7', '--raw', '--subdir', 'DAGS_FOLDER/calc_rates.py', '--cfg-path', '/tmp/tmprprai1c1', '--error-file', '/tmp/tmp6zsb59oo']
[2023-07-25 18:59:33,865] {standard_task_runner.py:80} INFO - Job 7: Subtask import_rates
[2023-07-25 18:59:33,936] {task_command.py:371} INFO - Running <TaskInstance: calc-rates.import_rates manual__2023-07-25T18:59:31.270662+00:00 [running]> on host 661c8d62a693
[2023-07-25 18:59:34,005] {taskinstance.py:1591} INFO - Exporting the following env vars:
AIRFLOW_CTX_DAG_OWNER=***
AIRFLOW_CTX_DAG_ID=calc-rates
AIRFLOW_CTX_TASK_ID=import_rates
AIRFLOW_CTX_EXECUTION_DATE=2023-07-25T18:59:31.270662+00:00
AIRFLOW_CTX_TRY_NUMBER=1
AIRFLOW_CTX_DAG_RUN_ID=manual__2023-07-25T18:59:31.270662+00:00
[2023-07-25 18:59:34,405] {python.py:173} INFO - Done. Returned value was: None
[2023-07-25 18:59:34,419] {taskinstance.py:1420} INFO - Marking task as SUCCESS. dag_id=calc-rates, task_id=import_rates, execution_date=20230725T185931, start_date=20230725T185933, end_date=20230725T185934
[2023-07-25 18:59:34,438] {local_task_job.py:156} INFO - Task exited with return code 0
[2023-07-25 18:59:34,477] {local_task_job.py:273} INFO - 1 downstream tasks scheduled from follow-on schedule check
