[2023-07-25 21:30:00,955] {taskinstance.py:1179} INFO - Dependencies all met for <TaskInstance: calc-rates.bash_task scheduled__2023-07-25T21:25:00+00:00 [queued]>
[2023-07-25 21:30:00,965] {taskinstance.py:1179} INFO - Dependencies all met for <TaskInstance: calc-rates.bash_task scheduled__2023-07-25T21:25:00+00:00 [queued]>
[2023-07-25 21:30:00,966] {taskinstance.py:1376} INFO - 
--------------------------------------------------------------------------------
[2023-07-25 21:30:00,967] {taskinstance.py:1377} INFO - Starting attempt 1 of 1
[2023-07-25 21:30:00,968] {taskinstance.py:1378} INFO - 
--------------------------------------------------------------------------------
[2023-07-25 21:30:00,981] {taskinstance.py:1397} INFO - Executing <Task(BashOperator): bash_task> on 2023-07-25 21:25:00+00:00
[2023-07-25 21:30:00,986] {standard_task_runner.py:52} INFO - Started process 11959 to run task
[2023-07-25 21:30:00,988] {standard_task_runner.py:79} INFO - Running: ['***', 'tasks', 'run', 'calc-rates', 'bash_task', 'scheduled__2023-07-25T21:25:00+00:00', '--job-id', '260', '--raw', '--subdir', 'DAGS_FOLDER/calc_rates.py', '--cfg-path', '/tmp/tmp4h4hjm6n', '--error-file', '/tmp/tmppycqsxjf']
[2023-07-25 21:30:00,989] {standard_task_runner.py:80} INFO - Job 260: Subtask bash_task
[2023-07-25 21:30:01,059] {task_command.py:371} INFO - Running <TaskInstance: calc-rates.bash_task scheduled__2023-07-25T21:25:00+00:00 [running]> on host 661c8d62a693
[2023-07-25 21:30:01,127] {taskinstance.py:1591} INFO - Exporting the following env vars:
AIRFLOW_CTX_DAG_OWNER=marina_z
AIRFLOW_CTX_DAG_ID=calc-rates
AIRFLOW_CTX_TASK_ID=bash_task
AIRFLOW_CTX_EXECUTION_DATE=2023-07-25T21:25:00+00:00
AIRFLOW_CTX_TRY_NUMBER=1
AIRFLOW_CTX_DAG_RUN_ID=scheduled__2023-07-25T21:25:00+00:00
[2023-07-25 21:30:01,129] {subprocess.py:62} INFO - Tmp dir root location: 
 /tmp
[2023-07-25 21:30:01,130] {subprocess.py:74} INFO - Running command: ['bash', '-c', "echo 'Hello, World!'"]
[2023-07-25 21:30:01,139] {subprocess.py:85} INFO - Output:
[2023-07-25 21:30:01,140] {subprocess.py:92} INFO - Hello, World!
[2023-07-25 21:30:01,140] {subprocess.py:96} INFO - Command exited with return code 0
[2023-07-25 21:30:01,169] {taskinstance.py:1420} INFO - Marking task as SUCCESS. dag_id=calc-rates, task_id=bash_task, execution_date=20230725T212500, start_date=20230725T213000, end_date=20230725T213001
[2023-07-25 21:30:01,201] {local_task_job.py:156} INFO - Task exited with return code 0
[2023-07-25 21:30:01,239] {local_task_job.py:273} INFO - 1 downstream tasks scheduled from follow-on schedule check
